[2024-06-16T07:55:02.045+0000] {processor.py:161} INFO - Started process (PID=50) to work on /home/airflow/.local/lib/python3.12/site-packages/airflow/example_dags/example_latest_only.py
[2024-06-16T07:55:02.055+0000] {processor.py:830} INFO - Processing file /home/airflow/.local/lib/python3.12/site-packages/airflow/example_dags/example_latest_only.py for tasks to queue
[2024-06-16T07:55:02.059+0000] {logging_mixin.py:188} INFO - [2024-06-16T07:55:02.058+0000] {dagbag.py:545} INFO - Filling up the DagBag from /home/airflow/.local/lib/python3.12/site-packages/airflow/example_dags/example_latest_only.py
[2024-06-16T07:55:02.073+0000] {processor.py:840} INFO - DAG(s) 'latest_only' retrieved from /home/airflow/.local/lib/python3.12/site-packages/airflow/example_dags/example_latest_only.py
[2024-06-16T07:55:02.091+0000] {logging_mixin.py:188} INFO - [2024-06-16T07:55:02.091+0000] {dag.py:3096} INFO - Sync 1 DAGs
[2024-06-16T07:55:02.133+0000] {logging_mixin.py:188} INFO - [2024-06-16T07:55:02.133+0000] {dag.py:3954} INFO - Setting next_dagrun for latest_only to 2024-06-16 00:00:00+00:00, run_after=2024-06-16 04:00:00+00:00
[2024-06-16T07:55:02.178+0000] {processor.py:183} INFO - Processing /home/airflow/.local/lib/python3.12/site-packages/airflow/example_dags/example_latest_only.py took 0.141 seconds
[2024-06-16T07:55:33.132+0000] {processor.py:161} INFO - Started process (PID=108) to work on /home/airflow/.local/lib/python3.12/site-packages/airflow/example_dags/example_latest_only.py
[2024-06-16T07:55:33.134+0000] {processor.py:830} INFO - Processing file /home/airflow/.local/lib/python3.12/site-packages/airflow/example_dags/example_latest_only.py for tasks to queue
[2024-06-16T07:55:33.138+0000] {logging_mixin.py:188} INFO - [2024-06-16T07:55:33.138+0000] {dagbag.py:545} INFO - Filling up the DagBag from /home/airflow/.local/lib/python3.12/site-packages/airflow/example_dags/example_latest_only.py
[2024-06-16T07:55:33.144+0000] {processor.py:840} INFO - DAG(s) 'latest_only' retrieved from /home/airflow/.local/lib/python3.12/site-packages/airflow/example_dags/example_latest_only.py
[2024-06-16T07:55:33.223+0000] {logging_mixin.py:188} INFO - [2024-06-16T07:55:33.223+0000] {dag.py:3096} INFO - Sync 1 DAGs
[2024-06-16T07:55:33.236+0000] {logging_mixin.py:188} INFO - [2024-06-16T07:55:33.235+0000] {dag.py:3954} INFO - Setting next_dagrun for latest_only to 2024-06-16 00:00:00+00:00, run_after=2024-06-16 04:00:00+00:00
[2024-06-16T07:55:33.368+0000] {processor.py:183} INFO - Processing /home/airflow/.local/lib/python3.12/site-packages/airflow/example_dags/example_latest_only.py took 0.239 seconds
[2024-06-16T07:56:03.751+0000] {processor.py:161} INFO - Started process (PID=167) to work on /home/airflow/.local/lib/python3.12/site-packages/airflow/example_dags/example_latest_only.py
[2024-06-16T07:56:03.751+0000] {processor.py:830} INFO - Processing file /home/airflow/.local/lib/python3.12/site-packages/airflow/example_dags/example_latest_only.py for tasks to queue
[2024-06-16T07:56:03.752+0000] {logging_mixin.py:188} INFO - [2024-06-16T07:56:03.752+0000] {dagbag.py:545} INFO - Filling up the DagBag from /home/airflow/.local/lib/python3.12/site-packages/airflow/example_dags/example_latest_only.py
[2024-06-16T07:56:03.755+0000] {processor.py:840} INFO - DAG(s) 'latest_only' retrieved from /home/airflow/.local/lib/python3.12/site-packages/airflow/example_dags/example_latest_only.py
[2024-06-16T07:56:03.770+0000] {logging_mixin.py:188} INFO - [2024-06-16T07:56:03.770+0000] {dag.py:3096} INFO - Sync 1 DAGs
[2024-06-16T07:56:03.781+0000] {logging_mixin.py:188} INFO - [2024-06-16T07:56:03.781+0000] {dag.py:3954} INFO - Setting next_dagrun for latest_only to 2024-06-16 00:00:00+00:00, run_after=2024-06-16 04:00:00+00:00
[2024-06-16T07:56:03.789+0000] {processor.py:183} INFO - Processing /home/airflow/.local/lib/python3.12/site-packages/airflow/example_dags/example_latest_only.py took 0.042 seconds
[2024-06-16T07:56:34.550+0000] {processor.py:161} INFO - Started process (PID=226) to work on /home/airflow/.local/lib/python3.12/site-packages/airflow/example_dags/example_latest_only.py
[2024-06-16T07:56:34.552+0000] {processor.py:830} INFO - Processing file /home/airflow/.local/lib/python3.12/site-packages/airflow/example_dags/example_latest_only.py for tasks to queue
[2024-06-16T07:56:34.553+0000] {logging_mixin.py:188} INFO - [2024-06-16T07:56:34.553+0000] {dagbag.py:545} INFO - Filling up the DagBag from /home/airflow/.local/lib/python3.12/site-packages/airflow/example_dags/example_latest_only.py
[2024-06-16T07:56:34.558+0000] {processor.py:840} INFO - DAG(s) 'latest_only' retrieved from /home/airflow/.local/lib/python3.12/site-packages/airflow/example_dags/example_latest_only.py
[2024-06-16T07:56:34.572+0000] {logging_mixin.py:188} INFO - [2024-06-16T07:56:34.572+0000] {dag.py:3096} INFO - Sync 1 DAGs
[2024-06-16T07:56:34.584+0000] {logging_mixin.py:188} INFO - [2024-06-16T07:56:34.584+0000] {dag.py:3954} INFO - Setting next_dagrun for latest_only to 2024-06-16 00:00:00+00:00, run_after=2024-06-16 04:00:00+00:00
[2024-06-16T07:56:34.593+0000] {processor.py:183} INFO - Processing /home/airflow/.local/lib/python3.12/site-packages/airflow/example_dags/example_latest_only.py took 0.047 seconds
[2024-06-16T07:57:05.186+0000] {processor.py:161} INFO - Started process (PID=285) to work on /home/airflow/.local/lib/python3.12/site-packages/airflow/example_dags/example_latest_only.py
[2024-06-16T07:57:05.187+0000] {processor.py:830} INFO - Processing file /home/airflow/.local/lib/python3.12/site-packages/airflow/example_dags/example_latest_only.py for tasks to queue
[2024-06-16T07:57:05.189+0000] {logging_mixin.py:188} INFO - [2024-06-16T07:57:05.188+0000] {dagbag.py:545} INFO - Filling up the DagBag from /home/airflow/.local/lib/python3.12/site-packages/airflow/example_dags/example_latest_only.py
[2024-06-16T07:57:05.191+0000] {processor.py:840} INFO - DAG(s) 'latest_only' retrieved from /home/airflow/.local/lib/python3.12/site-packages/airflow/example_dags/example_latest_only.py
[2024-06-16T07:57:05.203+0000] {logging_mixin.py:188} INFO - [2024-06-16T07:57:05.203+0000] {dag.py:3096} INFO - Sync 1 DAGs
[2024-06-16T07:57:05.214+0000] {logging_mixin.py:188} INFO - [2024-06-16T07:57:05.214+0000] {dag.py:3954} INFO - Setting next_dagrun for latest_only to 2024-06-16 00:00:00+00:00, run_after=2024-06-16 04:00:00+00:00
[2024-06-16T07:57:05.222+0000] {processor.py:183} INFO - Processing /home/airflow/.local/lib/python3.12/site-packages/airflow/example_dags/example_latest_only.py took 0.040 seconds
[2024-06-16T07:57:35.312+0000] {processor.py:161} INFO - Started process (PID=344) to work on /home/airflow/.local/lib/python3.12/site-packages/airflow/example_dags/example_latest_only.py
[2024-06-16T07:57:35.313+0000] {processor.py:830} INFO - Processing file /home/airflow/.local/lib/python3.12/site-packages/airflow/example_dags/example_latest_only.py for tasks to queue
[2024-06-16T07:57:35.315+0000] {logging_mixin.py:188} INFO - [2024-06-16T07:57:35.315+0000] {dagbag.py:545} INFO - Filling up the DagBag from /home/airflow/.local/lib/python3.12/site-packages/airflow/example_dags/example_latest_only.py
[2024-06-16T07:57:35.318+0000] {processor.py:840} INFO - DAG(s) 'latest_only' retrieved from /home/airflow/.local/lib/python3.12/site-packages/airflow/example_dags/example_latest_only.py
[2024-06-16T07:57:35.329+0000] {logging_mixin.py:188} INFO - [2024-06-16T07:57:35.329+0000] {dag.py:3096} INFO - Sync 1 DAGs
[2024-06-16T07:57:35.342+0000] {logging_mixin.py:188} INFO - [2024-06-16T07:57:35.342+0000] {dag.py:3954} INFO - Setting next_dagrun for latest_only to 2024-06-16 00:00:00+00:00, run_after=2024-06-16 04:00:00+00:00
[2024-06-16T07:57:35.352+0000] {processor.py:183} INFO - Processing /home/airflow/.local/lib/python3.12/site-packages/airflow/example_dags/example_latest_only.py took 0.043 seconds
[2024-06-16T07:58:06.283+0000] {processor.py:161} INFO - Started process (PID=403) to work on /home/airflow/.local/lib/python3.12/site-packages/airflow/example_dags/example_latest_only.py
[2024-06-16T07:58:06.284+0000] {processor.py:830} INFO - Processing file /home/airflow/.local/lib/python3.12/site-packages/airflow/example_dags/example_latest_only.py for tasks to queue
[2024-06-16T07:58:06.286+0000] {logging_mixin.py:188} INFO - [2024-06-16T07:58:06.286+0000] {dagbag.py:545} INFO - Filling up the DagBag from /home/airflow/.local/lib/python3.12/site-packages/airflow/example_dags/example_latest_only.py
[2024-06-16T07:58:06.290+0000] {processor.py:840} INFO - DAG(s) 'latest_only' retrieved from /home/airflow/.local/lib/python3.12/site-packages/airflow/example_dags/example_latest_only.py
[2024-06-16T07:58:06.405+0000] {logging_mixin.py:188} INFO - [2024-06-16T07:58:06.405+0000] {dag.py:3096} INFO - Sync 1 DAGs
[2024-06-16T07:58:06.415+0000] {logging_mixin.py:188} INFO - [2024-06-16T07:58:06.415+0000] {dag.py:3954} INFO - Setting next_dagrun for latest_only to 2024-06-16 00:00:00+00:00, run_after=2024-06-16 04:00:00+00:00
[2024-06-16T07:58:06.422+0000] {processor.py:183} INFO - Processing /home/airflow/.local/lib/python3.12/site-packages/airflow/example_dags/example_latest_only.py took 0.141 seconds
[2024-06-16T07:58:37.355+0000] {processor.py:161} INFO - Started process (PID=462) to work on /home/airflow/.local/lib/python3.12/site-packages/airflow/example_dags/example_latest_only.py
[2024-06-16T07:58:37.355+0000] {processor.py:830} INFO - Processing file /home/airflow/.local/lib/python3.12/site-packages/airflow/example_dags/example_latest_only.py for tasks to queue
[2024-06-16T07:58:37.357+0000] {logging_mixin.py:188} INFO - [2024-06-16T07:58:37.357+0000] {dagbag.py:545} INFO - Filling up the DagBag from /home/airflow/.local/lib/python3.12/site-packages/airflow/example_dags/example_latest_only.py
[2024-06-16T07:58:37.361+0000] {processor.py:840} INFO - DAG(s) 'latest_only' retrieved from /home/airflow/.local/lib/python3.12/site-packages/airflow/example_dags/example_latest_only.py
[2024-06-16T07:58:37.371+0000] {logging_mixin.py:188} INFO - [2024-06-16T07:58:37.371+0000] {dag.py:3096} INFO - Sync 1 DAGs
[2024-06-16T07:58:37.381+0000] {logging_mixin.py:188} INFO - [2024-06-16T07:58:37.381+0000] {dag.py:3954} INFO - Setting next_dagrun for latest_only to 2024-06-16 00:00:00+00:00, run_after=2024-06-16 04:00:00+00:00
[2024-06-16T07:58:37.388+0000] {processor.py:183} INFO - Processing /home/airflow/.local/lib/python3.12/site-packages/airflow/example_dags/example_latest_only.py took 0.037 seconds
[2024-06-16T07:59:07.696+0000] {processor.py:161} INFO - Started process (PID=521) to work on /home/airflow/.local/lib/python3.12/site-packages/airflow/example_dags/example_latest_only.py
[2024-06-16T07:59:07.697+0000] {processor.py:830} INFO - Processing file /home/airflow/.local/lib/python3.12/site-packages/airflow/example_dags/example_latest_only.py for tasks to queue
[2024-06-16T07:59:07.698+0000] {logging_mixin.py:188} INFO - [2024-06-16T07:59:07.697+0000] {dagbag.py:545} INFO - Filling up the DagBag from /home/airflow/.local/lib/python3.12/site-packages/airflow/example_dags/example_latest_only.py
[2024-06-16T07:59:07.701+0000] {processor.py:840} INFO - DAG(s) 'latest_only' retrieved from /home/airflow/.local/lib/python3.12/site-packages/airflow/example_dags/example_latest_only.py
[2024-06-16T07:59:07.711+0000] {logging_mixin.py:188} INFO - [2024-06-16T07:59:07.710+0000] {dag.py:3096} INFO - Sync 1 DAGs
[2024-06-16T07:59:07.721+0000] {logging_mixin.py:188} INFO - [2024-06-16T07:59:07.721+0000] {dag.py:3954} INFO - Setting next_dagrun for latest_only to 2024-06-16 00:00:00+00:00, run_after=2024-06-16 04:00:00+00:00
[2024-06-16T07:59:07.729+0000] {processor.py:183} INFO - Processing /home/airflow/.local/lib/python3.12/site-packages/airflow/example_dags/example_latest_only.py took 0.036 seconds
[2024-06-16T07:59:38.034+0000] {processor.py:161} INFO - Started process (PID=581) to work on /home/airflow/.local/lib/python3.12/site-packages/airflow/example_dags/example_latest_only.py
[2024-06-16T07:59:38.035+0000] {processor.py:830} INFO - Processing file /home/airflow/.local/lib/python3.12/site-packages/airflow/example_dags/example_latest_only.py for tasks to queue
[2024-06-16T07:59:38.036+0000] {logging_mixin.py:188} INFO - [2024-06-16T07:59:38.036+0000] {dagbag.py:545} INFO - Filling up the DagBag from /home/airflow/.local/lib/python3.12/site-packages/airflow/example_dags/example_latest_only.py
[2024-06-16T07:59:38.040+0000] {processor.py:840} INFO - DAG(s) 'latest_only' retrieved from /home/airflow/.local/lib/python3.12/site-packages/airflow/example_dags/example_latest_only.py
[2024-06-16T07:59:38.049+0000] {logging_mixin.py:188} INFO - [2024-06-16T07:59:38.049+0000] {dag.py:3096} INFO - Sync 1 DAGs
[2024-06-16T07:59:38.059+0000] {logging_mixin.py:188} INFO - [2024-06-16T07:59:38.059+0000] {dag.py:3954} INFO - Setting next_dagrun for latest_only to 2024-06-16 00:00:00+00:00, run_after=2024-06-16 04:00:00+00:00
[2024-06-16T07:59:38.067+0000] {processor.py:183} INFO - Processing /home/airflow/.local/lib/python3.12/site-packages/airflow/example_dags/example_latest_only.py took 0.036 seconds
[2024-06-16T08:00:08.313+0000] {processor.py:161} INFO - Started process (PID=640) to work on /home/airflow/.local/lib/python3.12/site-packages/airflow/example_dags/example_latest_only.py
[2024-06-16T08:00:08.314+0000] {processor.py:830} INFO - Processing file /home/airflow/.local/lib/python3.12/site-packages/airflow/example_dags/example_latest_only.py for tasks to queue
[2024-06-16T08:00:08.316+0000] {logging_mixin.py:188} INFO - [2024-06-16T08:00:08.316+0000] {dagbag.py:545} INFO - Filling up the DagBag from /home/airflow/.local/lib/python3.12/site-packages/airflow/example_dags/example_latest_only.py
[2024-06-16T08:00:08.319+0000] {processor.py:840} INFO - DAG(s) 'latest_only' retrieved from /home/airflow/.local/lib/python3.12/site-packages/airflow/example_dags/example_latest_only.py
[2024-06-16T08:00:08.329+0000] {logging_mixin.py:188} INFO - [2024-06-16T08:00:08.329+0000] {dag.py:3096} INFO - Sync 1 DAGs
[2024-06-16T08:00:08.339+0000] {logging_mixin.py:188} INFO - [2024-06-16T08:00:08.339+0000] {dag.py:3954} INFO - Setting next_dagrun for latest_only to 2024-06-16 04:00:00+00:00, run_after=2024-06-16 08:00:00+00:00
[2024-06-16T08:00:08.348+0000] {processor.py:183} INFO - Processing /home/airflow/.local/lib/python3.12/site-packages/airflow/example_dags/example_latest_only.py took 0.039 seconds
[2024-06-16T08:00:38.580+0000] {processor.py:161} INFO - Started process (PID=699) to work on /home/airflow/.local/lib/python3.12/site-packages/airflow/example_dags/example_latest_only.py
[2024-06-16T08:00:38.581+0000] {processor.py:830} INFO - Processing file /home/airflow/.local/lib/python3.12/site-packages/airflow/example_dags/example_latest_only.py for tasks to queue
[2024-06-16T08:00:38.582+0000] {logging_mixin.py:188} INFO - [2024-06-16T08:00:38.582+0000] {dagbag.py:545} INFO - Filling up the DagBag from /home/airflow/.local/lib/python3.12/site-packages/airflow/example_dags/example_latest_only.py
[2024-06-16T08:00:38.585+0000] {processor.py:840} INFO - DAG(s) 'latest_only' retrieved from /home/airflow/.local/lib/python3.12/site-packages/airflow/example_dags/example_latest_only.py
[2024-06-16T08:00:38.597+0000] {logging_mixin.py:188} INFO - [2024-06-16T08:00:38.596+0000] {dag.py:3096} INFO - Sync 1 DAGs
[2024-06-16T08:00:38.609+0000] {logging_mixin.py:188} INFO - [2024-06-16T08:00:38.609+0000] {dag.py:3954} INFO - Setting next_dagrun for latest_only to 2024-06-16 04:00:00+00:00, run_after=2024-06-16 08:00:00+00:00
[2024-06-16T08:00:38.622+0000] {processor.py:183} INFO - Processing /home/airflow/.local/lib/python3.12/site-packages/airflow/example_dags/example_latest_only.py took 0.045 seconds
[2024-06-16T08:01:08.997+0000] {processor.py:161} INFO - Started process (PID=758) to work on /home/airflow/.local/lib/python3.12/site-packages/airflow/example_dags/example_latest_only.py
[2024-06-16T08:01:08.998+0000] {processor.py:830} INFO - Processing file /home/airflow/.local/lib/python3.12/site-packages/airflow/example_dags/example_latest_only.py for tasks to queue
[2024-06-16T08:01:08.999+0000] {logging_mixin.py:188} INFO - [2024-06-16T08:01:08.998+0000] {dagbag.py:545} INFO - Filling up the DagBag from /home/airflow/.local/lib/python3.12/site-packages/airflow/example_dags/example_latest_only.py
[2024-06-16T08:01:09.002+0000] {processor.py:840} INFO - DAG(s) 'latest_only' retrieved from /home/airflow/.local/lib/python3.12/site-packages/airflow/example_dags/example_latest_only.py
[2024-06-16T08:01:09.017+0000] {logging_mixin.py:188} INFO - [2024-06-16T08:01:09.017+0000] {dag.py:3096} INFO - Sync 1 DAGs
[2024-06-16T08:01:09.030+0000] {logging_mixin.py:188} INFO - [2024-06-16T08:01:09.030+0000] {dag.py:3954} INFO - Setting next_dagrun for latest_only to 2024-06-16 04:00:00+00:00, run_after=2024-06-16 08:00:00+00:00
[2024-06-16T08:01:09.038+0000] {processor.py:183} INFO - Processing /home/airflow/.local/lib/python3.12/site-packages/airflow/example_dags/example_latest_only.py took 0.044 seconds
[2024-06-16T08:01:40.067+0000] {processor.py:161} INFO - Started process (PID=818) to work on /home/airflow/.local/lib/python3.12/site-packages/airflow/example_dags/example_latest_only.py
[2024-06-16T08:01:40.068+0000] {processor.py:830} INFO - Processing file /home/airflow/.local/lib/python3.12/site-packages/airflow/example_dags/example_latest_only.py for tasks to queue
[2024-06-16T08:01:40.069+0000] {logging_mixin.py:188} INFO - [2024-06-16T08:01:40.068+0000] {dagbag.py:545} INFO - Filling up the DagBag from /home/airflow/.local/lib/python3.12/site-packages/airflow/example_dags/example_latest_only.py
[2024-06-16T08:01:40.071+0000] {processor.py:840} INFO - DAG(s) 'latest_only' retrieved from /home/airflow/.local/lib/python3.12/site-packages/airflow/example_dags/example_latest_only.py
[2024-06-16T08:01:40.085+0000] {logging_mixin.py:188} INFO - [2024-06-16T08:01:40.084+0000] {dag.py:3096} INFO - Sync 1 DAGs
[2024-06-16T08:01:40.102+0000] {logging_mixin.py:188} INFO - [2024-06-16T08:01:40.102+0000] {dag.py:3954} INFO - Setting next_dagrun for latest_only to 2024-06-16 04:00:00+00:00, run_after=2024-06-16 08:00:00+00:00
[2024-06-16T08:01:40.113+0000] {processor.py:183} INFO - Processing /home/airflow/.local/lib/python3.12/site-packages/airflow/example_dags/example_latest_only.py took 0.052 seconds
[2024-06-16T08:02:24.074+0000] {processor.py:161} INFO - Started process (PID=49) to work on /home/airflow/.local/lib/python3.12/site-packages/airflow/example_dags/example_latest_only.py
[2024-06-16T08:02:24.076+0000] {processor.py:830} INFO - Processing file /home/airflow/.local/lib/python3.12/site-packages/airflow/example_dags/example_latest_only.py for tasks to queue
[2024-06-16T08:02:24.081+0000] {logging_mixin.py:188} INFO - [2024-06-16T08:02:24.080+0000] {dagbag.py:545} INFO - Filling up the DagBag from /home/airflow/.local/lib/python3.12/site-packages/airflow/example_dags/example_latest_only.py
[2024-06-16T08:02:24.088+0000] {processor.py:840} INFO - DAG(s) 'latest_only' retrieved from /home/airflow/.local/lib/python3.12/site-packages/airflow/example_dags/example_latest_only.py
[2024-06-16T08:02:24.130+0000] {logging_mixin.py:188} INFO - [2024-06-16T08:02:24.129+0000] {dag.py:3096} INFO - Sync 1 DAGs
[2024-06-16T08:02:24.174+0000] {logging_mixin.py:188} INFO - [2024-06-16T08:02:24.174+0000] {dag.py:3954} INFO - Setting next_dagrun for latest_only to 2024-06-16 04:00:00+00:00, run_after=2024-06-16 08:00:00+00:00
[2024-06-16T08:02:24.203+0000] {processor.py:183} INFO - Processing /home/airflow/.local/lib/python3.12/site-packages/airflow/example_dags/example_latest_only.py took 0.153 seconds
[2024-06-16T08:02:55.735+0000] {processor.py:161} INFO - Started process (PID=108) to work on /home/airflow/.local/lib/python3.12/site-packages/airflow/example_dags/example_latest_only.py
[2024-06-16T08:02:55.736+0000] {processor.py:830} INFO - Processing file /home/airflow/.local/lib/python3.12/site-packages/airflow/example_dags/example_latest_only.py for tasks to queue
[2024-06-16T08:02:55.737+0000] {logging_mixin.py:188} INFO - [2024-06-16T08:02:55.737+0000] {dagbag.py:545} INFO - Filling up the DagBag from /home/airflow/.local/lib/python3.12/site-packages/airflow/example_dags/example_latest_only.py
[2024-06-16T08:02:55.741+0000] {processor.py:840} INFO - DAG(s) 'latest_only' retrieved from /home/airflow/.local/lib/python3.12/site-packages/airflow/example_dags/example_latest_only.py
[2024-06-16T08:02:55.922+0000] {logging_mixin.py:188} INFO - [2024-06-16T08:02:55.922+0000] {dag.py:3096} INFO - Sync 1 DAGs
[2024-06-16T08:02:55.932+0000] {logging_mixin.py:188} INFO - [2024-06-16T08:02:55.932+0000] {dag.py:3954} INFO - Setting next_dagrun for latest_only to 2024-06-16 04:00:00+00:00, run_after=2024-06-16 08:00:00+00:00
[2024-06-16T08:02:55.941+0000] {processor.py:183} INFO - Processing /home/airflow/.local/lib/python3.12/site-packages/airflow/example_dags/example_latest_only.py took 0.210 seconds
[2024-06-16T08:03:25.995+0000] {processor.py:161} INFO - Started process (PID=167) to work on /home/airflow/.local/lib/python3.12/site-packages/airflow/example_dags/example_latest_only.py
[2024-06-16T08:03:25.996+0000] {processor.py:830} INFO - Processing file /home/airflow/.local/lib/python3.12/site-packages/airflow/example_dags/example_latest_only.py for tasks to queue
[2024-06-16T08:03:25.997+0000] {logging_mixin.py:188} INFO - [2024-06-16T08:03:25.997+0000] {dagbag.py:545} INFO - Filling up the DagBag from /home/airflow/.local/lib/python3.12/site-packages/airflow/example_dags/example_latest_only.py
[2024-06-16T08:03:25.999+0000] {processor.py:840} INFO - DAG(s) 'latest_only' retrieved from /home/airflow/.local/lib/python3.12/site-packages/airflow/example_dags/example_latest_only.py
[2024-06-16T08:03:26.011+0000] {logging_mixin.py:188} INFO - [2024-06-16T08:03:26.011+0000] {dag.py:3096} INFO - Sync 1 DAGs
[2024-06-16T08:03:26.021+0000] {logging_mixin.py:188} INFO - [2024-06-16T08:03:26.021+0000] {dag.py:3954} INFO - Setting next_dagrun for latest_only to 2024-06-16 04:00:00+00:00, run_after=2024-06-16 08:00:00+00:00
[2024-06-16T08:03:26.031+0000] {processor.py:183} INFO - Processing /home/airflow/.local/lib/python3.12/site-packages/airflow/example_dags/example_latest_only.py took 0.038 seconds
[2024-06-16T08:03:57.208+0000] {processor.py:161} INFO - Started process (PID=226) to work on /home/airflow/.local/lib/python3.12/site-packages/airflow/example_dags/example_latest_only.py
[2024-06-16T08:03:57.209+0000] {processor.py:830} INFO - Processing file /home/airflow/.local/lib/python3.12/site-packages/airflow/example_dags/example_latest_only.py for tasks to queue
[2024-06-16T08:03:57.210+0000] {logging_mixin.py:188} INFO - [2024-06-16T08:03:57.210+0000] {dagbag.py:545} INFO - Filling up the DagBag from /home/airflow/.local/lib/python3.12/site-packages/airflow/example_dags/example_latest_only.py
[2024-06-16T08:03:57.212+0000] {processor.py:840} INFO - DAG(s) 'latest_only' retrieved from /home/airflow/.local/lib/python3.12/site-packages/airflow/example_dags/example_latest_only.py
[2024-06-16T08:03:57.221+0000] {logging_mixin.py:188} INFO - [2024-06-16T08:03:57.221+0000] {dag.py:3096} INFO - Sync 1 DAGs
[2024-06-16T08:03:57.230+0000] {logging_mixin.py:188} INFO - [2024-06-16T08:03:57.230+0000] {dag.py:3954} INFO - Setting next_dagrun for latest_only to 2024-06-16 04:00:00+00:00, run_after=2024-06-16 08:00:00+00:00
[2024-06-16T08:03:57.237+0000] {processor.py:183} INFO - Processing /home/airflow/.local/lib/python3.12/site-packages/airflow/example_dags/example_latest_only.py took 0.031 seconds
[2024-06-16T08:04:28.692+0000] {processor.py:161} INFO - Started process (PID=285) to work on /home/airflow/.local/lib/python3.12/site-packages/airflow/example_dags/example_latest_only.py
[2024-06-16T08:04:28.693+0000] {processor.py:830} INFO - Processing file /home/airflow/.local/lib/python3.12/site-packages/airflow/example_dags/example_latest_only.py for tasks to queue
[2024-06-16T08:04:28.694+0000] {logging_mixin.py:188} INFO - [2024-06-16T08:04:28.694+0000] {dagbag.py:545} INFO - Filling up the DagBag from /home/airflow/.local/lib/python3.12/site-packages/airflow/example_dags/example_latest_only.py
[2024-06-16T08:04:28.696+0000] {processor.py:840} INFO - DAG(s) 'latest_only' retrieved from /home/airflow/.local/lib/python3.12/site-packages/airflow/example_dags/example_latest_only.py
[2024-06-16T08:04:28.823+0000] {logging_mixin.py:188} INFO - [2024-06-16T08:04:28.823+0000] {dag.py:3096} INFO - Sync 1 DAGs
[2024-06-16T08:04:28.837+0000] {logging_mixin.py:188} INFO - [2024-06-16T08:04:28.837+0000] {dag.py:3954} INFO - Setting next_dagrun for latest_only to 2024-06-16 04:00:00+00:00, run_after=2024-06-16 08:00:00+00:00
[2024-06-16T08:04:28.846+0000] {processor.py:183} INFO - Processing /home/airflow/.local/lib/python3.12/site-packages/airflow/example_dags/example_latest_only.py took 0.157 seconds
[2024-06-16T08:04:59.538+0000] {processor.py:161} INFO - Started process (PID=343) to work on /home/airflow/.local/lib/python3.12/site-packages/airflow/example_dags/example_latest_only.py
[2024-06-16T08:04:59.539+0000] {processor.py:830} INFO - Processing file /home/airflow/.local/lib/python3.12/site-packages/airflow/example_dags/example_latest_only.py for tasks to queue
[2024-06-16T08:04:59.541+0000] {logging_mixin.py:188} INFO - [2024-06-16T08:04:59.541+0000] {dagbag.py:545} INFO - Filling up the DagBag from /home/airflow/.local/lib/python3.12/site-packages/airflow/example_dags/example_latest_only.py
[2024-06-16T08:04:59.545+0000] {processor.py:840} INFO - DAG(s) 'latest_only' retrieved from /home/airflow/.local/lib/python3.12/site-packages/airflow/example_dags/example_latest_only.py
[2024-06-16T08:04:59.556+0000] {logging_mixin.py:188} INFO - [2024-06-16T08:04:59.555+0000] {dag.py:3096} INFO - Sync 1 DAGs
[2024-06-16T08:04:59.569+0000] {logging_mixin.py:188} INFO - [2024-06-16T08:04:59.568+0000] {dag.py:3954} INFO - Setting next_dagrun for latest_only to 2024-06-16 04:00:00+00:00, run_after=2024-06-16 08:00:00+00:00
[2024-06-16T08:04:59.577+0000] {processor.py:183} INFO - Processing /home/airflow/.local/lib/python3.12/site-packages/airflow/example_dags/example_latest_only.py took 0.042 seconds
[2024-06-16T08:05:29.822+0000] {processor.py:161} INFO - Started process (PID=402) to work on /home/airflow/.local/lib/python3.12/site-packages/airflow/example_dags/example_latest_only.py
[2024-06-16T08:05:29.823+0000] {processor.py:830} INFO - Processing file /home/airflow/.local/lib/python3.12/site-packages/airflow/example_dags/example_latest_only.py for tasks to queue
[2024-06-16T08:05:29.824+0000] {logging_mixin.py:188} INFO - [2024-06-16T08:05:29.824+0000] {dagbag.py:545} INFO - Filling up the DagBag from /home/airflow/.local/lib/python3.12/site-packages/airflow/example_dags/example_latest_only.py
[2024-06-16T08:05:29.827+0000] {processor.py:840} INFO - DAG(s) 'latest_only' retrieved from /home/airflow/.local/lib/python3.12/site-packages/airflow/example_dags/example_latest_only.py
[2024-06-16T08:05:29.839+0000] {logging_mixin.py:188} INFO - [2024-06-16T08:05:29.839+0000] {dag.py:3096} INFO - Sync 1 DAGs
[2024-06-16T08:05:29.852+0000] {logging_mixin.py:188} INFO - [2024-06-16T08:05:29.852+0000] {dag.py:3954} INFO - Setting next_dagrun for latest_only to 2024-06-16 04:00:00+00:00, run_after=2024-06-16 08:00:00+00:00
[2024-06-16T08:05:29.862+0000] {processor.py:183} INFO - Processing /home/airflow/.local/lib/python3.12/site-packages/airflow/example_dags/example_latest_only.py took 0.043 seconds
[2024-06-16T08:05:59.883+0000] {processor.py:161} INFO - Started process (PID=462) to work on /home/airflow/.local/lib/python3.12/site-packages/airflow/example_dags/example_latest_only.py
[2024-06-16T08:05:59.884+0000] {processor.py:830} INFO - Processing file /home/airflow/.local/lib/python3.12/site-packages/airflow/example_dags/example_latest_only.py for tasks to queue
[2024-06-16T08:05:59.885+0000] {logging_mixin.py:188} INFO - [2024-06-16T08:05:59.885+0000] {dagbag.py:545} INFO - Filling up the DagBag from /home/airflow/.local/lib/python3.12/site-packages/airflow/example_dags/example_latest_only.py
[2024-06-16T08:05:59.888+0000] {processor.py:840} INFO - DAG(s) 'latest_only' retrieved from /home/airflow/.local/lib/python3.12/site-packages/airflow/example_dags/example_latest_only.py
[2024-06-16T08:05:59.898+0000] {logging_mixin.py:188} INFO - [2024-06-16T08:05:59.898+0000] {dag.py:3096} INFO - Sync 1 DAGs
[2024-06-16T08:05:59.908+0000] {logging_mixin.py:188} INFO - [2024-06-16T08:05:59.907+0000] {dag.py:3954} INFO - Setting next_dagrun for latest_only to 2024-06-16 04:00:00+00:00, run_after=2024-06-16 08:00:00+00:00
[2024-06-16T08:05:59.916+0000] {processor.py:183} INFO - Processing /home/airflow/.local/lib/python3.12/site-packages/airflow/example_dags/example_latest_only.py took 0.035 seconds
[2024-06-16T08:06:30.503+0000] {processor.py:161} INFO - Started process (PID=521) to work on /home/airflow/.local/lib/python3.12/site-packages/airflow/example_dags/example_latest_only.py
[2024-06-16T08:06:30.503+0000] {processor.py:830} INFO - Processing file /home/airflow/.local/lib/python3.12/site-packages/airflow/example_dags/example_latest_only.py for tasks to queue
[2024-06-16T08:06:30.504+0000] {logging_mixin.py:188} INFO - [2024-06-16T08:06:30.504+0000] {dagbag.py:545} INFO - Filling up the DagBag from /home/airflow/.local/lib/python3.12/site-packages/airflow/example_dags/example_latest_only.py
[2024-06-16T08:06:30.506+0000] {processor.py:840} INFO - DAG(s) 'latest_only' retrieved from /home/airflow/.local/lib/python3.12/site-packages/airflow/example_dags/example_latest_only.py
[2024-06-16T08:06:30.516+0000] {logging_mixin.py:188} INFO - [2024-06-16T08:06:30.516+0000] {dag.py:3096} INFO - Sync 1 DAGs
[2024-06-16T08:06:30.525+0000] {logging_mixin.py:188} INFO - [2024-06-16T08:06:30.525+0000] {dag.py:3954} INFO - Setting next_dagrun for latest_only to 2024-06-16 04:00:00+00:00, run_after=2024-06-16 08:00:00+00:00
[2024-06-16T08:06:30.533+0000] {processor.py:183} INFO - Processing /home/airflow/.local/lib/python3.12/site-packages/airflow/example_dags/example_latest_only.py took 0.033 seconds
[2024-06-16T08:07:00.633+0000] {processor.py:161} INFO - Started process (PID=580) to work on /home/airflow/.local/lib/python3.12/site-packages/airflow/example_dags/example_latest_only.py
[2024-06-16T08:07:00.634+0000] {processor.py:830} INFO - Processing file /home/airflow/.local/lib/python3.12/site-packages/airflow/example_dags/example_latest_only.py for tasks to queue
[2024-06-16T08:07:00.635+0000] {logging_mixin.py:188} INFO - [2024-06-16T08:07:00.635+0000] {dagbag.py:545} INFO - Filling up the DagBag from /home/airflow/.local/lib/python3.12/site-packages/airflow/example_dags/example_latest_only.py
[2024-06-16T08:07:00.638+0000] {processor.py:840} INFO - DAG(s) 'latest_only' retrieved from /home/airflow/.local/lib/python3.12/site-packages/airflow/example_dags/example_latest_only.py
[2024-06-16T08:07:00.647+0000] {logging_mixin.py:188} INFO - [2024-06-16T08:07:00.647+0000] {dag.py:3096} INFO - Sync 1 DAGs
[2024-06-16T08:07:00.658+0000] {logging_mixin.py:188} INFO - [2024-06-16T08:07:00.658+0000] {dag.py:3954} INFO - Setting next_dagrun for latest_only to 2024-06-16 04:00:00+00:00, run_after=2024-06-16 08:00:00+00:00
[2024-06-16T08:07:00.667+0000] {processor.py:183} INFO - Processing /home/airflow/.local/lib/python3.12/site-packages/airflow/example_dags/example_latest_only.py took 0.037 seconds
[2024-06-16T08:07:31.711+0000] {processor.py:161} INFO - Started process (PID=639) to work on /home/airflow/.local/lib/python3.12/site-packages/airflow/example_dags/example_latest_only.py
[2024-06-16T08:07:31.715+0000] {processor.py:830} INFO - Processing file /home/airflow/.local/lib/python3.12/site-packages/airflow/example_dags/example_latest_only.py for tasks to queue
[2024-06-16T08:07:31.716+0000] {logging_mixin.py:188} INFO - [2024-06-16T08:07:31.716+0000] {dagbag.py:545} INFO - Filling up the DagBag from /home/airflow/.local/lib/python3.12/site-packages/airflow/example_dags/example_latest_only.py
[2024-06-16T08:07:31.718+0000] {processor.py:840} INFO - DAG(s) 'latest_only' retrieved from /home/airflow/.local/lib/python3.12/site-packages/airflow/example_dags/example_latest_only.py
[2024-06-16T08:07:31.729+0000] {logging_mixin.py:188} INFO - [2024-06-16T08:07:31.728+0000] {dag.py:3096} INFO - Sync 1 DAGs
[2024-06-16T08:07:31.738+0000] {logging_mixin.py:188} INFO - [2024-06-16T08:07:31.738+0000] {dag.py:3954} INFO - Setting next_dagrun for latest_only to 2024-06-16 04:00:00+00:00, run_after=2024-06-16 08:00:00+00:00
[2024-06-16T08:07:31.746+0000] {processor.py:183} INFO - Processing /home/airflow/.local/lib/python3.12/site-packages/airflow/example_dags/example_latest_only.py took 0.037 seconds
[2024-06-16T08:08:02.193+0000] {processor.py:161} INFO - Started process (PID=698) to work on /home/airflow/.local/lib/python3.12/site-packages/airflow/example_dags/example_latest_only.py
[2024-06-16T08:08:02.194+0000] {processor.py:830} INFO - Processing file /home/airflow/.local/lib/python3.12/site-packages/airflow/example_dags/example_latest_only.py for tasks to queue
[2024-06-16T08:08:02.196+0000] {logging_mixin.py:188} INFO - [2024-06-16T08:08:02.195+0000] {dagbag.py:545} INFO - Filling up the DagBag from /home/airflow/.local/lib/python3.12/site-packages/airflow/example_dags/example_latest_only.py
[2024-06-16T08:08:02.200+0000] {processor.py:840} INFO - DAG(s) 'latest_only' retrieved from /home/airflow/.local/lib/python3.12/site-packages/airflow/example_dags/example_latest_only.py
[2024-06-16T08:08:02.218+0000] {logging_mixin.py:188} INFO - [2024-06-16T08:08:02.218+0000] {dag.py:3096} INFO - Sync 1 DAGs
[2024-06-16T08:08:02.238+0000] {logging_mixin.py:188} INFO - [2024-06-16T08:08:02.238+0000] {dag.py:3954} INFO - Setting next_dagrun for latest_only to 2024-06-16 04:00:00+00:00, run_after=2024-06-16 08:00:00+00:00
[2024-06-16T08:08:02.257+0000] {processor.py:183} INFO - Processing /home/airflow/.local/lib/python3.12/site-packages/airflow/example_dags/example_latest_only.py took 0.067 seconds
[2024-06-16T08:08:32.899+0000] {processor.py:161} INFO - Started process (PID=757) to work on /home/airflow/.local/lib/python3.12/site-packages/airflow/example_dags/example_latest_only.py
[2024-06-16T08:08:32.900+0000] {processor.py:830} INFO - Processing file /home/airflow/.local/lib/python3.12/site-packages/airflow/example_dags/example_latest_only.py for tasks to queue
[2024-06-16T08:08:32.902+0000] {logging_mixin.py:188} INFO - [2024-06-16T08:08:32.901+0000] {dagbag.py:545} INFO - Filling up the DagBag from /home/airflow/.local/lib/python3.12/site-packages/airflow/example_dags/example_latest_only.py
[2024-06-16T08:08:32.905+0000] {processor.py:840} INFO - DAG(s) 'latest_only' retrieved from /home/airflow/.local/lib/python3.12/site-packages/airflow/example_dags/example_latest_only.py
[2024-06-16T08:08:32.918+0000] {logging_mixin.py:188} INFO - [2024-06-16T08:08:32.918+0000] {dag.py:3096} INFO - Sync 1 DAGs
[2024-06-16T08:08:32.940+0000] {logging_mixin.py:188} INFO - [2024-06-16T08:08:32.939+0000] {dag.py:3954} INFO - Setting next_dagrun for latest_only to 2024-06-16 04:00:00+00:00, run_after=2024-06-16 08:00:00+00:00
[2024-06-16T08:08:32.956+0000] {processor.py:183} INFO - Processing /home/airflow/.local/lib/python3.12/site-packages/airflow/example_dags/example_latest_only.py took 0.060 seconds
[2024-06-16T08:09:03.301+0000] {processor.py:161} INFO - Started process (PID=816) to work on /home/airflow/.local/lib/python3.12/site-packages/airflow/example_dags/example_latest_only.py
[2024-06-16T08:09:03.301+0000] {processor.py:830} INFO - Processing file /home/airflow/.local/lib/python3.12/site-packages/airflow/example_dags/example_latest_only.py for tasks to queue
[2024-06-16T08:09:03.302+0000] {logging_mixin.py:188} INFO - [2024-06-16T08:09:03.302+0000] {dagbag.py:545} INFO - Filling up the DagBag from /home/airflow/.local/lib/python3.12/site-packages/airflow/example_dags/example_latest_only.py
[2024-06-16T08:09:03.304+0000] {processor.py:840} INFO - DAG(s) 'latest_only' retrieved from /home/airflow/.local/lib/python3.12/site-packages/airflow/example_dags/example_latest_only.py
[2024-06-16T08:09:03.314+0000] {logging_mixin.py:188} INFO - [2024-06-16T08:09:03.314+0000] {dag.py:3096} INFO - Sync 1 DAGs
[2024-06-16T08:09:03.324+0000] {logging_mixin.py:188} INFO - [2024-06-16T08:09:03.324+0000] {dag.py:3954} INFO - Setting next_dagrun for latest_only to 2024-06-16 04:00:00+00:00, run_after=2024-06-16 08:00:00+00:00
[2024-06-16T08:09:03.332+0000] {processor.py:183} INFO - Processing /home/airflow/.local/lib/python3.12/site-packages/airflow/example_dags/example_latest_only.py took 0.035 seconds
[2024-06-16T08:09:34.071+0000] {processor.py:161} INFO - Started process (PID=875) to work on /home/airflow/.local/lib/python3.12/site-packages/airflow/example_dags/example_latest_only.py
[2024-06-16T08:09:34.071+0000] {processor.py:830} INFO - Processing file /home/airflow/.local/lib/python3.12/site-packages/airflow/example_dags/example_latest_only.py for tasks to queue
[2024-06-16T08:09:34.073+0000] {logging_mixin.py:188} INFO - [2024-06-16T08:09:34.072+0000] {dagbag.py:545} INFO - Filling up the DagBag from /home/airflow/.local/lib/python3.12/site-packages/airflow/example_dags/example_latest_only.py
[2024-06-16T08:09:34.075+0000] {processor.py:840} INFO - DAG(s) 'latest_only' retrieved from /home/airflow/.local/lib/python3.12/site-packages/airflow/example_dags/example_latest_only.py
[2024-06-16T08:09:34.085+0000] {logging_mixin.py:188} INFO - [2024-06-16T08:09:34.085+0000] {dag.py:3096} INFO - Sync 1 DAGs
[2024-06-16T08:09:34.100+0000] {logging_mixin.py:188} INFO - [2024-06-16T08:09:34.100+0000] {dag.py:3954} INFO - Setting next_dagrun for latest_only to 2024-06-16 04:00:00+00:00, run_after=2024-06-16 08:00:00+00:00
[2024-06-16T08:09:34.108+0000] {processor.py:183} INFO - Processing /home/airflow/.local/lib/python3.12/site-packages/airflow/example_dags/example_latest_only.py took 0.040 seconds
[2024-06-16T08:10:04.623+0000] {processor.py:161} INFO - Started process (PID=934) to work on /home/airflow/.local/lib/python3.12/site-packages/airflow/example_dags/example_latest_only.py
[2024-06-16T08:10:04.624+0000] {processor.py:830} INFO - Processing file /home/airflow/.local/lib/python3.12/site-packages/airflow/example_dags/example_latest_only.py for tasks to queue
[2024-06-16T08:10:04.625+0000] {logging_mixin.py:188} INFO - [2024-06-16T08:10:04.625+0000] {dagbag.py:545} INFO - Filling up the DagBag from /home/airflow/.local/lib/python3.12/site-packages/airflow/example_dags/example_latest_only.py
[2024-06-16T08:10:04.627+0000] {processor.py:840} INFO - DAG(s) 'latest_only' retrieved from /home/airflow/.local/lib/python3.12/site-packages/airflow/example_dags/example_latest_only.py
[2024-06-16T08:10:04.637+0000] {logging_mixin.py:188} INFO - [2024-06-16T08:10:04.637+0000] {dag.py:3096} INFO - Sync 1 DAGs
[2024-06-16T08:10:04.646+0000] {logging_mixin.py:188} INFO - [2024-06-16T08:10:04.646+0000] {dag.py:3954} INFO - Setting next_dagrun for latest_only to 2024-06-16 04:00:00+00:00, run_after=2024-06-16 08:00:00+00:00
[2024-06-16T08:10:04.654+0000] {processor.py:183} INFO - Processing /home/airflow/.local/lib/python3.12/site-packages/airflow/example_dags/example_latest_only.py took 0.034 seconds
[2024-06-16T08:10:35.137+0000] {processor.py:161} INFO - Started process (PID=993) to work on /home/airflow/.local/lib/python3.12/site-packages/airflow/example_dags/example_latest_only.py
[2024-06-16T08:10:35.138+0000] {processor.py:830} INFO - Processing file /home/airflow/.local/lib/python3.12/site-packages/airflow/example_dags/example_latest_only.py for tasks to queue
[2024-06-16T08:10:35.139+0000] {logging_mixin.py:188} INFO - [2024-06-16T08:10:35.139+0000] {dagbag.py:545} INFO - Filling up the DagBag from /home/airflow/.local/lib/python3.12/site-packages/airflow/example_dags/example_latest_only.py
[2024-06-16T08:10:35.141+0000] {processor.py:840} INFO - DAG(s) 'latest_only' retrieved from /home/airflow/.local/lib/python3.12/site-packages/airflow/example_dags/example_latest_only.py
[2024-06-16T08:10:35.151+0000] {logging_mixin.py:188} INFO - [2024-06-16T08:10:35.151+0000] {dag.py:3096} INFO - Sync 1 DAGs
[2024-06-16T08:10:35.161+0000] {logging_mixin.py:188} INFO - [2024-06-16T08:10:35.160+0000] {dag.py:3954} INFO - Setting next_dagrun for latest_only to 2024-06-16 04:00:00+00:00, run_after=2024-06-16 08:00:00+00:00
[2024-06-16T08:10:35.169+0000] {processor.py:183} INFO - Processing /home/airflow/.local/lib/python3.12/site-packages/airflow/example_dags/example_latest_only.py took 0.034 seconds
[2024-06-16T08:11:05.278+0000] {processor.py:161} INFO - Started process (PID=1052) to work on /home/airflow/.local/lib/python3.12/site-packages/airflow/example_dags/example_latest_only.py
[2024-06-16T08:11:05.279+0000] {processor.py:830} INFO - Processing file /home/airflow/.local/lib/python3.12/site-packages/airflow/example_dags/example_latest_only.py for tasks to queue
[2024-06-16T08:11:05.280+0000] {logging_mixin.py:188} INFO - [2024-06-16T08:11:05.280+0000] {dagbag.py:545} INFO - Filling up the DagBag from /home/airflow/.local/lib/python3.12/site-packages/airflow/example_dags/example_latest_only.py
[2024-06-16T08:11:05.283+0000] {processor.py:840} INFO - DAG(s) 'latest_only' retrieved from /home/airflow/.local/lib/python3.12/site-packages/airflow/example_dags/example_latest_only.py
[2024-06-16T08:11:05.293+0000] {logging_mixin.py:188} INFO - [2024-06-16T08:11:05.293+0000] {dag.py:3096} INFO - Sync 1 DAGs
[2024-06-16T08:11:05.303+0000] {logging_mixin.py:188} INFO - [2024-06-16T08:11:05.303+0000] {dag.py:3954} INFO - Setting next_dagrun for latest_only to 2024-06-16 04:00:00+00:00, run_after=2024-06-16 08:00:00+00:00
[2024-06-16T08:11:05.312+0000] {processor.py:183} INFO - Processing /home/airflow/.local/lib/python3.12/site-packages/airflow/example_dags/example_latest_only.py took 0.036 seconds
[2024-06-16T08:11:36.418+0000] {processor.py:161} INFO - Started process (PID=1111) to work on /home/airflow/.local/lib/python3.12/site-packages/airflow/example_dags/example_latest_only.py
[2024-06-16T08:11:36.419+0000] {processor.py:830} INFO - Processing file /home/airflow/.local/lib/python3.12/site-packages/airflow/example_dags/example_latest_only.py for tasks to queue
[2024-06-16T08:11:36.421+0000] {logging_mixin.py:188} INFO - [2024-06-16T08:11:36.420+0000] {dagbag.py:545} INFO - Filling up the DagBag from /home/airflow/.local/lib/python3.12/site-packages/airflow/example_dags/example_latest_only.py
[2024-06-16T08:11:36.424+0000] {processor.py:840} INFO - DAG(s) 'latest_only' retrieved from /home/airflow/.local/lib/python3.12/site-packages/airflow/example_dags/example_latest_only.py
[2024-06-16T08:11:36.442+0000] {logging_mixin.py:188} INFO - [2024-06-16T08:11:36.441+0000] {dag.py:3096} INFO - Sync 1 DAGs
[2024-06-16T08:11:36.469+0000] {logging_mixin.py:188} INFO - [2024-06-16T08:11:36.469+0000] {dag.py:3954} INFO - Setting next_dagrun for latest_only to 2024-06-16 04:00:00+00:00, run_after=2024-06-16 08:00:00+00:00
[2024-06-16T08:11:36.483+0000] {processor.py:183} INFO - Processing /home/airflow/.local/lib/python3.12/site-packages/airflow/example_dags/example_latest_only.py took 0.069 seconds
[2024-06-16T08:12:06.982+0000] {processor.py:161} INFO - Started process (PID=1170) to work on /home/airflow/.local/lib/python3.12/site-packages/airflow/example_dags/example_latest_only.py
[2024-06-16T08:12:06.983+0000] {processor.py:830} INFO - Processing file /home/airflow/.local/lib/python3.12/site-packages/airflow/example_dags/example_latest_only.py for tasks to queue
[2024-06-16T08:12:06.984+0000] {logging_mixin.py:188} INFO - [2024-06-16T08:12:06.984+0000] {dagbag.py:545} INFO - Filling up the DagBag from /home/airflow/.local/lib/python3.12/site-packages/airflow/example_dags/example_latest_only.py
[2024-06-16T08:12:06.986+0000] {processor.py:840} INFO - DAG(s) 'latest_only' retrieved from /home/airflow/.local/lib/python3.12/site-packages/airflow/example_dags/example_latest_only.py
[2024-06-16T08:12:06.996+0000] {logging_mixin.py:188} INFO - [2024-06-16T08:12:06.996+0000] {dag.py:3096} INFO - Sync 1 DAGs
[2024-06-16T08:12:07.006+0000] {logging_mixin.py:188} INFO - [2024-06-16T08:12:07.006+0000] {dag.py:3954} INFO - Setting next_dagrun for latest_only to 2024-06-16 04:00:00+00:00, run_after=2024-06-16 08:00:00+00:00
[2024-06-16T08:12:07.014+0000] {processor.py:183} INFO - Processing /home/airflow/.local/lib/python3.12/site-packages/airflow/example_dags/example_latest_only.py took 0.035 seconds
[2024-06-16T08:12:37.163+0000] {processor.py:161} INFO - Started process (PID=1228) to work on /home/airflow/.local/lib/python3.12/site-packages/airflow/example_dags/example_latest_only.py
[2024-06-16T08:12:37.163+0000] {processor.py:830} INFO - Processing file /home/airflow/.local/lib/python3.12/site-packages/airflow/example_dags/example_latest_only.py for tasks to queue
[2024-06-16T08:12:37.165+0000] {logging_mixin.py:188} INFO - [2024-06-16T08:12:37.165+0000] {dagbag.py:545} INFO - Filling up the DagBag from /home/airflow/.local/lib/python3.12/site-packages/airflow/example_dags/example_latest_only.py
[2024-06-16T08:12:37.168+0000] {processor.py:840} INFO - DAG(s) 'latest_only' retrieved from /home/airflow/.local/lib/python3.12/site-packages/airflow/example_dags/example_latest_only.py
[2024-06-16T08:12:37.178+0000] {logging_mixin.py:188} INFO - [2024-06-16T08:12:37.178+0000] {dag.py:3096} INFO - Sync 1 DAGs
[2024-06-16T08:12:37.188+0000] {logging_mixin.py:188} INFO - [2024-06-16T08:12:37.188+0000] {dag.py:3954} INFO - Setting next_dagrun for latest_only to 2024-06-16 04:00:00+00:00, run_after=2024-06-16 08:00:00+00:00
[2024-06-16T08:12:37.196+0000] {processor.py:183} INFO - Processing /home/airflow/.local/lib/python3.12/site-packages/airflow/example_dags/example_latest_only.py took 0.037 seconds
[2024-06-16T08:13:08.262+0000] {processor.py:161} INFO - Started process (PID=1287) to work on /home/airflow/.local/lib/python3.12/site-packages/airflow/example_dags/example_latest_only.py
[2024-06-16T08:13:08.264+0000] {processor.py:830} INFO - Processing file /home/airflow/.local/lib/python3.12/site-packages/airflow/example_dags/example_latest_only.py for tasks to queue
[2024-06-16T08:13:08.269+0000] {logging_mixin.py:188} INFO - [2024-06-16T08:13:08.269+0000] {dagbag.py:545} INFO - Filling up the DagBag from /home/airflow/.local/lib/python3.12/site-packages/airflow/example_dags/example_latest_only.py
[2024-06-16T08:13:08.273+0000] {processor.py:840} INFO - DAG(s) 'latest_only' retrieved from /home/airflow/.local/lib/python3.12/site-packages/airflow/example_dags/example_latest_only.py
[2024-06-16T08:13:08.285+0000] {logging_mixin.py:188} INFO - [2024-06-16T08:13:08.284+0000] {dag.py:3096} INFO - Sync 1 DAGs
[2024-06-16T08:13:08.299+0000] {logging_mixin.py:188} INFO - [2024-06-16T08:13:08.298+0000] {dag.py:3954} INFO - Setting next_dagrun for latest_only to 2024-06-16 04:00:00+00:00, run_after=2024-06-16 08:00:00+00:00
[2024-06-16T08:13:08.310+0000] {processor.py:183} INFO - Processing /home/airflow/.local/lib/python3.12/site-packages/airflow/example_dags/example_latest_only.py took 0.052 seconds
[2024-06-16T08:13:38.711+0000] {processor.py:161} INFO - Started process (PID=1346) to work on /home/airflow/.local/lib/python3.12/site-packages/airflow/example_dags/example_latest_only.py
[2024-06-16T08:13:38.712+0000] {processor.py:830} INFO - Processing file /home/airflow/.local/lib/python3.12/site-packages/airflow/example_dags/example_latest_only.py for tasks to queue
[2024-06-16T08:13:38.713+0000] {logging_mixin.py:188} INFO - [2024-06-16T08:13:38.713+0000] {dagbag.py:545} INFO - Filling up the DagBag from /home/airflow/.local/lib/python3.12/site-packages/airflow/example_dags/example_latest_only.py
[2024-06-16T08:13:38.715+0000] {processor.py:840} INFO - DAG(s) 'latest_only' retrieved from /home/airflow/.local/lib/python3.12/site-packages/airflow/example_dags/example_latest_only.py
[2024-06-16T08:13:38.726+0000] {logging_mixin.py:188} INFO - [2024-06-16T08:13:38.725+0000] {dag.py:3096} INFO - Sync 1 DAGs
[2024-06-16T08:13:38.735+0000] {logging_mixin.py:188} INFO - [2024-06-16T08:13:38.735+0000] {dag.py:3954} INFO - Setting next_dagrun for latest_only to 2024-06-16 04:00:00+00:00, run_after=2024-06-16 08:00:00+00:00
[2024-06-16T08:13:38.743+0000] {processor.py:183} INFO - Processing /home/airflow/.local/lib/python3.12/site-packages/airflow/example_dags/example_latest_only.py took 0.035 seconds
[2024-06-16T08:14:08.830+0000] {processor.py:161} INFO - Started process (PID=1405) to work on /home/airflow/.local/lib/python3.12/site-packages/airflow/example_dags/example_latest_only.py
[2024-06-16T08:14:08.830+0000] {processor.py:830} INFO - Processing file /home/airflow/.local/lib/python3.12/site-packages/airflow/example_dags/example_latest_only.py for tasks to queue
[2024-06-16T08:14:08.831+0000] {logging_mixin.py:188} INFO - [2024-06-16T08:14:08.831+0000] {dagbag.py:545} INFO - Filling up the DagBag from /home/airflow/.local/lib/python3.12/site-packages/airflow/example_dags/example_latest_only.py
[2024-06-16T08:14:08.834+0000] {processor.py:840} INFO - DAG(s) 'latest_only' retrieved from /home/airflow/.local/lib/python3.12/site-packages/airflow/example_dags/example_latest_only.py
[2024-06-16T08:14:08.844+0000] {logging_mixin.py:188} INFO - [2024-06-16T08:14:08.844+0000] {dag.py:3096} INFO - Sync 1 DAGs
[2024-06-16T08:14:08.855+0000] {logging_mixin.py:188} INFO - [2024-06-16T08:14:08.855+0000] {dag.py:3954} INFO - Setting next_dagrun for latest_only to 2024-06-16 04:00:00+00:00, run_after=2024-06-16 08:00:00+00:00
[2024-06-16T08:14:08.865+0000] {processor.py:183} INFO - Processing /home/airflow/.local/lib/python3.12/site-packages/airflow/example_dags/example_latest_only.py took 0.038 seconds
[2024-06-16T08:14:39.037+0000] {processor.py:161} INFO - Started process (PID=1464) to work on /home/airflow/.local/lib/python3.12/site-packages/airflow/example_dags/example_latest_only.py
[2024-06-16T08:14:39.038+0000] {processor.py:830} INFO - Processing file /home/airflow/.local/lib/python3.12/site-packages/airflow/example_dags/example_latest_only.py for tasks to queue
[2024-06-16T08:14:39.040+0000] {logging_mixin.py:188} INFO - [2024-06-16T08:14:39.040+0000] {dagbag.py:545} INFO - Filling up the DagBag from /home/airflow/.local/lib/python3.12/site-packages/airflow/example_dags/example_latest_only.py
[2024-06-16T08:14:39.045+0000] {processor.py:840} INFO - DAG(s) 'latest_only' retrieved from /home/airflow/.local/lib/python3.12/site-packages/airflow/example_dags/example_latest_only.py
[2024-06-16T08:14:39.062+0000] {logging_mixin.py:188} INFO - [2024-06-16T08:14:39.062+0000] {dag.py:3096} INFO - Sync 1 DAGs
[2024-06-16T08:14:39.077+0000] {logging_mixin.py:188} INFO - [2024-06-16T08:14:39.077+0000] {dag.py:3954} INFO - Setting next_dagrun for latest_only to 2024-06-16 04:00:00+00:00, run_after=2024-06-16 08:00:00+00:00
[2024-06-16T08:14:39.092+0000] {processor.py:183} INFO - Processing /home/airflow/.local/lib/python3.12/site-packages/airflow/example_dags/example_latest_only.py took 0.061 seconds
[2024-06-16T08:15:09.468+0000] {processor.py:161} INFO - Started process (PID=1523) to work on /home/airflow/.local/lib/python3.12/site-packages/airflow/example_dags/example_latest_only.py
[2024-06-16T08:15:09.469+0000] {processor.py:830} INFO - Processing file /home/airflow/.local/lib/python3.12/site-packages/airflow/example_dags/example_latest_only.py for tasks to queue
[2024-06-16T08:15:09.470+0000] {logging_mixin.py:188} INFO - [2024-06-16T08:15:09.470+0000] {dagbag.py:545} INFO - Filling up the DagBag from /home/airflow/.local/lib/python3.12/site-packages/airflow/example_dags/example_latest_only.py
[2024-06-16T08:15:09.472+0000] {processor.py:840} INFO - DAG(s) 'latest_only' retrieved from /home/airflow/.local/lib/python3.12/site-packages/airflow/example_dags/example_latest_only.py
[2024-06-16T08:15:09.489+0000] {logging_mixin.py:188} INFO - [2024-06-16T08:15:09.489+0000] {dag.py:3096} INFO - Sync 1 DAGs
[2024-06-16T08:15:09.501+0000] {logging_mixin.py:188} INFO - [2024-06-16T08:15:09.501+0000] {dag.py:3954} INFO - Setting next_dagrun for latest_only to 2024-06-16 04:00:00+00:00, run_after=2024-06-16 08:00:00+00:00
[2024-06-16T08:15:09.510+0000] {processor.py:183} INFO - Processing /home/airflow/.local/lib/python3.12/site-packages/airflow/example_dags/example_latest_only.py took 0.045 seconds
[2024-06-16T08:15:39.804+0000] {processor.py:161} INFO - Started process (PID=1582) to work on /home/airflow/.local/lib/python3.12/site-packages/airflow/example_dags/example_latest_only.py
[2024-06-16T08:15:39.805+0000] {processor.py:830} INFO - Processing file /home/airflow/.local/lib/python3.12/site-packages/airflow/example_dags/example_latest_only.py for tasks to queue
[2024-06-16T08:15:39.806+0000] {logging_mixin.py:188} INFO - [2024-06-16T08:15:39.806+0000] {dagbag.py:545} INFO - Filling up the DagBag from /home/airflow/.local/lib/python3.12/site-packages/airflow/example_dags/example_latest_only.py
[2024-06-16T08:15:39.809+0000] {processor.py:840} INFO - DAG(s) 'latest_only' retrieved from /home/airflow/.local/lib/python3.12/site-packages/airflow/example_dags/example_latest_only.py
[2024-06-16T08:15:39.819+0000] {logging_mixin.py:188} INFO - [2024-06-16T08:15:39.819+0000] {dag.py:3096} INFO - Sync 1 DAGs
[2024-06-16T08:15:39.829+0000] {logging_mixin.py:188} INFO - [2024-06-16T08:15:39.829+0000] {dag.py:3954} INFO - Setting next_dagrun for latest_only to 2024-06-16 04:00:00+00:00, run_after=2024-06-16 08:00:00+00:00
[2024-06-16T08:15:39.837+0000] {processor.py:183} INFO - Processing /home/airflow/.local/lib/python3.12/site-packages/airflow/example_dags/example_latest_only.py took 0.035 seconds
[2024-06-16T08:16:10.090+0000] {processor.py:161} INFO - Started process (PID=1641) to work on /home/airflow/.local/lib/python3.12/site-packages/airflow/example_dags/example_latest_only.py
[2024-06-16T08:16:10.091+0000] {processor.py:830} INFO - Processing file /home/airflow/.local/lib/python3.12/site-packages/airflow/example_dags/example_latest_only.py for tasks to queue
[2024-06-16T08:16:10.092+0000] {logging_mixin.py:188} INFO - [2024-06-16T08:16:10.092+0000] {dagbag.py:545} INFO - Filling up the DagBag from /home/airflow/.local/lib/python3.12/site-packages/airflow/example_dags/example_latest_only.py
[2024-06-16T08:16:10.094+0000] {processor.py:840} INFO - DAG(s) 'latest_only' retrieved from /home/airflow/.local/lib/python3.12/site-packages/airflow/example_dags/example_latest_only.py
[2024-06-16T08:16:10.108+0000] {logging_mixin.py:188} INFO - [2024-06-16T08:16:10.108+0000] {dag.py:3096} INFO - Sync 1 DAGs
[2024-06-16T08:16:10.120+0000] {logging_mixin.py:188} INFO - [2024-06-16T08:16:10.120+0000] {dag.py:3954} INFO - Setting next_dagrun for latest_only to 2024-06-16 04:00:00+00:00, run_after=2024-06-16 08:00:00+00:00
[2024-06-16T08:16:10.130+0000] {processor.py:183} INFO - Processing /home/airflow/.local/lib/python3.12/site-packages/airflow/example_dags/example_latest_only.py took 0.043 seconds
[2024-06-16T08:16:40.325+0000] {processor.py:161} INFO - Started process (PID=1700) to work on /home/airflow/.local/lib/python3.12/site-packages/airflow/example_dags/example_latest_only.py
[2024-06-16T08:16:40.326+0000] {processor.py:830} INFO - Processing file /home/airflow/.local/lib/python3.12/site-packages/airflow/example_dags/example_latest_only.py for tasks to queue
[2024-06-16T08:16:40.327+0000] {logging_mixin.py:188} INFO - [2024-06-16T08:16:40.327+0000] {dagbag.py:545} INFO - Filling up the DagBag from /home/airflow/.local/lib/python3.12/site-packages/airflow/example_dags/example_latest_only.py
[2024-06-16T08:16:40.329+0000] {processor.py:840} INFO - DAG(s) 'latest_only' retrieved from /home/airflow/.local/lib/python3.12/site-packages/airflow/example_dags/example_latest_only.py
[2024-06-16T08:16:40.340+0000] {logging_mixin.py:188} INFO - [2024-06-16T08:16:40.340+0000] {dag.py:3096} INFO - Sync 1 DAGs
[2024-06-16T08:16:40.349+0000] {logging_mixin.py:188} INFO - [2024-06-16T08:16:40.349+0000] {dag.py:3954} INFO - Setting next_dagrun for latest_only to 2024-06-16 04:00:00+00:00, run_after=2024-06-16 08:00:00+00:00
[2024-06-16T08:16:40.357+0000] {processor.py:183} INFO - Processing /home/airflow/.local/lib/python3.12/site-packages/airflow/example_dags/example_latest_only.py took 0.034 seconds
[2024-06-16T08:17:10.645+0000] {processor.py:161} INFO - Started process (PID=1759) to work on /home/airflow/.local/lib/python3.12/site-packages/airflow/example_dags/example_latest_only.py
[2024-06-16T08:17:10.645+0000] {processor.py:830} INFO - Processing file /home/airflow/.local/lib/python3.12/site-packages/airflow/example_dags/example_latest_only.py for tasks to queue
[2024-06-16T08:17:10.646+0000] {logging_mixin.py:188} INFO - [2024-06-16T08:17:10.646+0000] {dagbag.py:545} INFO - Filling up the DagBag from /home/airflow/.local/lib/python3.12/site-packages/airflow/example_dags/example_latest_only.py
[2024-06-16T08:17:10.649+0000] {processor.py:840} INFO - DAG(s) 'latest_only' retrieved from /home/airflow/.local/lib/python3.12/site-packages/airflow/example_dags/example_latest_only.py
[2024-06-16T08:17:10.658+0000] {logging_mixin.py:188} INFO - [2024-06-16T08:17:10.658+0000] {dag.py:3096} INFO - Sync 1 DAGs
[2024-06-16T08:17:10.668+0000] {logging_mixin.py:188} INFO - [2024-06-16T08:17:10.668+0000] {dag.py:3954} INFO - Setting next_dagrun for latest_only to 2024-06-16 04:00:00+00:00, run_after=2024-06-16 08:00:00+00:00
[2024-06-16T08:17:10.676+0000] {processor.py:183} INFO - Processing /home/airflow/.local/lib/python3.12/site-packages/airflow/example_dags/example_latest_only.py took 0.034 seconds
[2024-06-16T08:17:40.787+0000] {processor.py:161} INFO - Started process (PID=1818) to work on /home/airflow/.local/lib/python3.12/site-packages/airflow/example_dags/example_latest_only.py
[2024-06-16T08:17:40.789+0000] {processor.py:830} INFO - Processing file /home/airflow/.local/lib/python3.12/site-packages/airflow/example_dags/example_latest_only.py for tasks to queue
[2024-06-16T08:17:40.791+0000] {logging_mixin.py:188} INFO - [2024-06-16T08:17:40.790+0000] {dagbag.py:545} INFO - Filling up the DagBag from /home/airflow/.local/lib/python3.12/site-packages/airflow/example_dags/example_latest_only.py
[2024-06-16T08:17:40.794+0000] {processor.py:840} INFO - DAG(s) 'latest_only' retrieved from /home/airflow/.local/lib/python3.12/site-packages/airflow/example_dags/example_latest_only.py
[2024-06-16T08:17:40.807+0000] {logging_mixin.py:188} INFO - [2024-06-16T08:17:40.807+0000] {dag.py:3096} INFO - Sync 1 DAGs
[2024-06-16T08:17:40.823+0000] {logging_mixin.py:188} INFO - [2024-06-16T08:17:40.823+0000] {dag.py:3954} INFO - Setting next_dagrun for latest_only to 2024-06-16 04:00:00+00:00, run_after=2024-06-16 08:00:00+00:00
[2024-06-16T08:17:40.836+0000] {processor.py:183} INFO - Processing /home/airflow/.local/lib/python3.12/site-packages/airflow/example_dags/example_latest_only.py took 0.053 seconds
[2024-06-16T08:18:11.100+0000] {processor.py:161} INFO - Started process (PID=1877) to work on /home/airflow/.local/lib/python3.12/site-packages/airflow/example_dags/example_latest_only.py
[2024-06-16T08:18:11.100+0000] {processor.py:830} INFO - Processing file /home/airflow/.local/lib/python3.12/site-packages/airflow/example_dags/example_latest_only.py for tasks to queue
[2024-06-16T08:18:11.101+0000] {logging_mixin.py:188} INFO - [2024-06-16T08:18:11.101+0000] {dagbag.py:545} INFO - Filling up the DagBag from /home/airflow/.local/lib/python3.12/site-packages/airflow/example_dags/example_latest_only.py
[2024-06-16T08:18:11.104+0000] {processor.py:840} INFO - DAG(s) 'latest_only' retrieved from /home/airflow/.local/lib/python3.12/site-packages/airflow/example_dags/example_latest_only.py
[2024-06-16T08:18:11.114+0000] {logging_mixin.py:188} INFO - [2024-06-16T08:18:11.114+0000] {dag.py:3096} INFO - Sync 1 DAGs
[2024-06-16T08:18:11.124+0000] {logging_mixin.py:188} INFO - [2024-06-16T08:18:11.124+0000] {dag.py:3954} INFO - Setting next_dagrun for latest_only to 2024-06-16 04:00:00+00:00, run_after=2024-06-16 08:00:00+00:00
[2024-06-16T08:18:11.132+0000] {processor.py:183} INFO - Processing /home/airflow/.local/lib/python3.12/site-packages/airflow/example_dags/example_latest_only.py took 0.035 seconds
[2024-06-16T08:18:41.985+0000] {processor.py:161} INFO - Started process (PID=1936) to work on /home/airflow/.local/lib/python3.12/site-packages/airflow/example_dags/example_latest_only.py
[2024-06-16T08:18:41.985+0000] {processor.py:830} INFO - Processing file /home/airflow/.local/lib/python3.12/site-packages/airflow/example_dags/example_latest_only.py for tasks to queue
[2024-06-16T08:18:41.986+0000] {logging_mixin.py:188} INFO - [2024-06-16T08:18:41.986+0000] {dagbag.py:545} INFO - Filling up the DagBag from /home/airflow/.local/lib/python3.12/site-packages/airflow/example_dags/example_latest_only.py
[2024-06-16T08:18:41.988+0000] {processor.py:840} INFO - DAG(s) 'latest_only' retrieved from /home/airflow/.local/lib/python3.12/site-packages/airflow/example_dags/example_latest_only.py
[2024-06-16T08:18:41.998+0000] {logging_mixin.py:188} INFO - [2024-06-16T08:18:41.998+0000] {dag.py:3096} INFO - Sync 1 DAGs
[2024-06-16T08:18:42.009+0000] {logging_mixin.py:188} INFO - [2024-06-16T08:18:42.009+0000] {dag.py:3954} INFO - Setting next_dagrun for latest_only to 2024-06-16 04:00:00+00:00, run_after=2024-06-16 08:00:00+00:00
[2024-06-16T08:18:42.017+0000] {processor.py:183} INFO - Processing /home/airflow/.local/lib/python3.12/site-packages/airflow/example_dags/example_latest_only.py took 0.035 seconds
[2024-06-16T08:19:12.493+0000] {processor.py:161} INFO - Started process (PID=1995) to work on /home/airflow/.local/lib/python3.12/site-packages/airflow/example_dags/example_latest_only.py
[2024-06-16T08:19:12.493+0000] {processor.py:830} INFO - Processing file /home/airflow/.local/lib/python3.12/site-packages/airflow/example_dags/example_latest_only.py for tasks to queue
[2024-06-16T08:19:12.494+0000] {logging_mixin.py:188} INFO - [2024-06-16T08:19:12.494+0000] {dagbag.py:545} INFO - Filling up the DagBag from /home/airflow/.local/lib/python3.12/site-packages/airflow/example_dags/example_latest_only.py
[2024-06-16T08:19:12.497+0000] {processor.py:840} INFO - DAG(s) 'latest_only' retrieved from /home/airflow/.local/lib/python3.12/site-packages/airflow/example_dags/example_latest_only.py
[2024-06-16T08:19:12.507+0000] {logging_mixin.py:188} INFO - [2024-06-16T08:19:12.507+0000] {dag.py:3096} INFO - Sync 1 DAGs
[2024-06-16T08:19:12.517+0000] {logging_mixin.py:188} INFO - [2024-06-16T08:19:12.517+0000] {dag.py:3954} INFO - Setting next_dagrun for latest_only to 2024-06-16 04:00:00+00:00, run_after=2024-06-16 08:00:00+00:00
[2024-06-16T08:19:12.525+0000] {processor.py:183} INFO - Processing /home/airflow/.local/lib/python3.12/site-packages/airflow/example_dags/example_latest_only.py took 0.035 seconds
[2024-06-16T08:22:04.848+0000] {processor.py:161} INFO - Started process (PID=50) to work on /home/airflow/.local/lib/python3.12/site-packages/airflow/example_dags/example_latest_only.py
[2024-06-16T08:22:04.852+0000] {processor.py:830} INFO - Processing file /home/airflow/.local/lib/python3.12/site-packages/airflow/example_dags/example_latest_only.py for tasks to queue
[2024-06-16T08:22:04.855+0000] {logging_mixin.py:188} INFO - [2024-06-16T08:22:04.855+0000] {dagbag.py:545} INFO - Filling up the DagBag from /home/airflow/.local/lib/python3.12/site-packages/airflow/example_dags/example_latest_only.py
[2024-06-16T08:22:04.861+0000] {processor.py:840} INFO - DAG(s) 'latest_only' retrieved from /home/airflow/.local/lib/python3.12/site-packages/airflow/example_dags/example_latest_only.py
[2024-06-16T08:22:04.895+0000] {logging_mixin.py:188} INFO - [2024-06-16T08:22:04.895+0000] {dag.py:3096} INFO - Sync 1 DAGs
[2024-06-16T08:22:04.946+0000] {logging_mixin.py:188} INFO - [2024-06-16T08:22:04.946+0000] {dag.py:3954} INFO - Setting next_dagrun for latest_only to 2024-06-16 04:00:00+00:00, run_after=2024-06-16 08:00:00+00:00
[2024-06-16T08:22:04.980+0000] {processor.py:183} INFO - Processing /home/airflow/.local/lib/python3.12/site-packages/airflow/example_dags/example_latest_only.py took 0.138 seconds
[2024-06-16T08:22:39.723+0000] {processor.py:161} INFO - Started process (PID=109) to work on /home/airflow/.local/lib/python3.12/site-packages/airflow/example_dags/example_latest_only.py
[2024-06-16T08:22:39.725+0000] {processor.py:830} INFO - Processing file /home/airflow/.local/lib/python3.12/site-packages/airflow/example_dags/example_latest_only.py for tasks to queue
[2024-06-16T08:22:39.731+0000] {logging_mixin.py:188} INFO - [2024-06-16T08:22:39.730+0000] {dagbag.py:545} INFO - Filling up the DagBag from /home/airflow/.local/lib/python3.12/site-packages/airflow/example_dags/example_latest_only.py
[2024-06-16T08:22:39.738+0000] {processor.py:840} INFO - DAG(s) 'latest_only' retrieved from /home/airflow/.local/lib/python3.12/site-packages/airflow/example_dags/example_latest_only.py
[2024-06-16T08:22:39.978+0000] {logging_mixin.py:188} INFO - [2024-06-16T08:22:39.978+0000] {dag.py:3096} INFO - Sync 1 DAGs
[2024-06-16T08:22:39.994+0000] {logging_mixin.py:188} INFO - [2024-06-16T08:22:39.994+0000] {dag.py:3954} INFO - Setting next_dagrun for latest_only to 2024-06-16 04:00:00+00:00, run_after=2024-06-16 08:00:00+00:00
[2024-06-16T08:22:40.015+0000] {processor.py:183} INFO - Processing /home/airflow/.local/lib/python3.12/site-packages/airflow/example_dags/example_latest_only.py took 0.301 seconds
[2024-06-16T08:23:10.051+0000] {processor.py:161} INFO - Started process (PID=168) to work on /home/airflow/.local/lib/python3.12/site-packages/airflow/example_dags/example_latest_only.py
[2024-06-16T08:23:10.052+0000] {processor.py:830} INFO - Processing file /home/airflow/.local/lib/python3.12/site-packages/airflow/example_dags/example_latest_only.py for tasks to queue
[2024-06-16T08:23:10.054+0000] {logging_mixin.py:188} INFO - [2024-06-16T08:23:10.054+0000] {dagbag.py:545} INFO - Filling up the DagBag from /home/airflow/.local/lib/python3.12/site-packages/airflow/example_dags/example_latest_only.py
[2024-06-16T08:23:10.059+0000] {processor.py:840} INFO - DAG(s) 'latest_only' retrieved from /home/airflow/.local/lib/python3.12/site-packages/airflow/example_dags/example_latest_only.py
[2024-06-16T08:23:10.077+0000] {logging_mixin.py:188} INFO - [2024-06-16T08:23:10.077+0000] {dag.py:3096} INFO - Sync 1 DAGs
[2024-06-16T08:23:10.097+0000] {logging_mixin.py:188} INFO - [2024-06-16T08:23:10.097+0000] {dag.py:3954} INFO - Setting next_dagrun for latest_only to 2024-06-16 04:00:00+00:00, run_after=2024-06-16 08:00:00+00:00
[2024-06-16T08:23:10.111+0000] {processor.py:183} INFO - Processing /home/airflow/.local/lib/python3.12/site-packages/airflow/example_dags/example_latest_only.py took 0.064 seconds
[2024-06-16T08:25:59.870+0000] {processor.py:161} INFO - Started process (PID=49) to work on /home/airflow/.local/lib/python3.12/site-packages/airflow/example_dags/example_latest_only.py
[2024-06-16T08:25:59.874+0000] {processor.py:830} INFO - Processing file /home/airflow/.local/lib/python3.12/site-packages/airflow/example_dags/example_latest_only.py for tasks to queue
[2024-06-16T08:25:59.880+0000] {logging_mixin.py:188} INFO - [2024-06-16T08:25:59.879+0000] {dagbag.py:545} INFO - Filling up the DagBag from /home/airflow/.local/lib/python3.12/site-packages/airflow/example_dags/example_latest_only.py
[2024-06-16T08:25:59.906+0000] {processor.py:840} INFO - DAG(s) 'latest_only' retrieved from /home/airflow/.local/lib/python3.12/site-packages/airflow/example_dags/example_latest_only.py
[2024-06-16T08:25:59.939+0000] {logging_mixin.py:188} INFO - [2024-06-16T08:25:59.938+0000] {dag.py:3096} INFO - Sync 1 DAGs
[2024-06-16T08:25:59.978+0000] {logging_mixin.py:188} INFO - [2024-06-16T08:25:59.977+0000] {dag.py:3954} INFO - Setting next_dagrun for latest_only to 2024-06-16 04:00:00+00:00, run_after=2024-06-16 08:00:00+00:00
[2024-06-16T08:26:00.007+0000] {processor.py:183} INFO - Processing /home/airflow/.local/lib/python3.12/site-packages/airflow/example_dags/example_latest_only.py took 0.146 seconds
[2024-06-16T08:26:31.195+0000] {processor.py:161} INFO - Started process (PID=107) to work on /home/airflow/.local/lib/python3.12/site-packages/airflow/example_dags/example_latest_only.py
[2024-06-16T08:26:31.196+0000] {processor.py:830} INFO - Processing file /home/airflow/.local/lib/python3.12/site-packages/airflow/example_dags/example_latest_only.py for tasks to queue
[2024-06-16T08:26:31.197+0000] {logging_mixin.py:188} INFO - [2024-06-16T08:26:31.197+0000] {dagbag.py:545} INFO - Filling up the DagBag from /home/airflow/.local/lib/python3.12/site-packages/airflow/example_dags/example_latest_only.py
[2024-06-16T08:26:31.200+0000] {processor.py:840} INFO - DAG(s) 'latest_only' retrieved from /home/airflow/.local/lib/python3.12/site-packages/airflow/example_dags/example_latest_only.py
[2024-06-16T08:26:31.348+0000] {logging_mixin.py:188} INFO - [2024-06-16T08:26:31.347+0000] {dag.py:3096} INFO - Sync 1 DAGs
[2024-06-16T08:26:31.357+0000] {logging_mixin.py:188} INFO - [2024-06-16T08:26:31.357+0000] {dag.py:3954} INFO - Setting next_dagrun for latest_only to 2024-06-16 04:00:00+00:00, run_after=2024-06-16 08:00:00+00:00
[2024-06-16T08:26:31.367+0000] {processor.py:183} INFO - Processing /home/airflow/.local/lib/python3.12/site-packages/airflow/example_dags/example_latest_only.py took 0.176 seconds
[2024-06-16T08:27:01.392+0000] {processor.py:161} INFO - Started process (PID=166) to work on /home/airflow/.local/lib/python3.12/site-packages/airflow/example_dags/example_latest_only.py
[2024-06-16T08:27:01.394+0000] {processor.py:830} INFO - Processing file /home/airflow/.local/lib/python3.12/site-packages/airflow/example_dags/example_latest_only.py for tasks to queue
[2024-06-16T08:27:01.397+0000] {logging_mixin.py:188} INFO - [2024-06-16T08:27:01.396+0000] {dagbag.py:545} INFO - Filling up the DagBag from /home/airflow/.local/lib/python3.12/site-packages/airflow/example_dags/example_latest_only.py
[2024-06-16T08:27:01.401+0000] {processor.py:840} INFO - DAG(s) 'latest_only' retrieved from /home/airflow/.local/lib/python3.12/site-packages/airflow/example_dags/example_latest_only.py
[2024-06-16T08:27:01.417+0000] {logging_mixin.py:188} INFO - [2024-06-16T08:27:01.417+0000] {dag.py:3096} INFO - Sync 1 DAGs
[2024-06-16T08:27:01.429+0000] {logging_mixin.py:188} INFO - [2024-06-16T08:27:01.429+0000] {dag.py:3954} INFO - Setting next_dagrun for latest_only to 2024-06-16 04:00:00+00:00, run_after=2024-06-16 08:00:00+00:00
[2024-06-16T08:27:01.437+0000] {processor.py:183} INFO - Processing /home/airflow/.local/lib/python3.12/site-packages/airflow/example_dags/example_latest_only.py took 0.049 seconds
[2024-06-16T08:27:32.504+0000] {processor.py:161} INFO - Started process (PID=225) to work on /home/airflow/.local/lib/python3.12/site-packages/airflow/example_dags/example_latest_only.py
[2024-06-16T08:27:32.505+0000] {processor.py:830} INFO - Processing file /home/airflow/.local/lib/python3.12/site-packages/airflow/example_dags/example_latest_only.py for tasks to queue
[2024-06-16T08:27:32.506+0000] {logging_mixin.py:188} INFO - [2024-06-16T08:27:32.506+0000] {dagbag.py:545} INFO - Filling up the DagBag from /home/airflow/.local/lib/python3.12/site-packages/airflow/example_dags/example_latest_only.py
[2024-06-16T08:27:32.509+0000] {processor.py:840} INFO - DAG(s) 'latest_only' retrieved from /home/airflow/.local/lib/python3.12/site-packages/airflow/example_dags/example_latest_only.py
[2024-06-16T08:27:32.519+0000] {logging_mixin.py:188} INFO - [2024-06-16T08:27:32.518+0000] {dag.py:3096} INFO - Sync 1 DAGs
[2024-06-16T08:27:32.529+0000] {logging_mixin.py:188} INFO - [2024-06-16T08:27:32.529+0000] {dag.py:3954} INFO - Setting next_dagrun for latest_only to 2024-06-16 04:00:00+00:00, run_after=2024-06-16 08:00:00+00:00
[2024-06-16T08:27:32.539+0000] {processor.py:183} INFO - Processing /home/airflow/.local/lib/python3.12/site-packages/airflow/example_dags/example_latest_only.py took 0.037 seconds
[2024-06-16T08:28:02.877+0000] {processor.py:161} INFO - Started process (PID=284) to work on /home/airflow/.local/lib/python3.12/site-packages/airflow/example_dags/example_latest_only.py
[2024-06-16T08:28:02.878+0000] {processor.py:830} INFO - Processing file /home/airflow/.local/lib/python3.12/site-packages/airflow/example_dags/example_latest_only.py for tasks to queue
[2024-06-16T08:28:02.879+0000] {logging_mixin.py:188} INFO - [2024-06-16T08:28:02.878+0000] {dagbag.py:545} INFO - Filling up the DagBag from /home/airflow/.local/lib/python3.12/site-packages/airflow/example_dags/example_latest_only.py
[2024-06-16T08:28:02.882+0000] {processor.py:840} INFO - DAG(s) 'latest_only' retrieved from /home/airflow/.local/lib/python3.12/site-packages/airflow/example_dags/example_latest_only.py
[2024-06-16T08:28:02.892+0000] {logging_mixin.py:188} INFO - [2024-06-16T08:28:02.891+0000] {dag.py:3096} INFO - Sync 1 DAGs
[2024-06-16T08:28:02.902+0000] {logging_mixin.py:188} INFO - [2024-06-16T08:28:02.902+0000] {dag.py:3954} INFO - Setting next_dagrun for latest_only to 2024-06-16 04:00:00+00:00, run_after=2024-06-16 08:00:00+00:00
[2024-06-16T08:28:02.911+0000] {processor.py:183} INFO - Processing /home/airflow/.local/lib/python3.12/site-packages/airflow/example_dags/example_latest_only.py took 0.036 seconds
[2024-06-16T08:28:33.276+0000] {processor.py:161} INFO - Started process (PID=343) to work on /home/airflow/.local/lib/python3.12/site-packages/airflow/example_dags/example_latest_only.py
[2024-06-16T08:28:33.277+0000] {processor.py:830} INFO - Processing file /home/airflow/.local/lib/python3.12/site-packages/airflow/example_dags/example_latest_only.py for tasks to queue
[2024-06-16T08:28:33.278+0000] {logging_mixin.py:188} INFO - [2024-06-16T08:28:33.278+0000] {dagbag.py:545} INFO - Filling up the DagBag from /home/airflow/.local/lib/python3.12/site-packages/airflow/example_dags/example_latest_only.py
[2024-06-16T08:28:33.281+0000] {processor.py:840} INFO - DAG(s) 'latest_only' retrieved from /home/airflow/.local/lib/python3.12/site-packages/airflow/example_dags/example_latest_only.py
[2024-06-16T08:28:33.290+0000] {logging_mixin.py:188} INFO - [2024-06-16T08:28:33.290+0000] {dag.py:3096} INFO - Sync 1 DAGs
[2024-06-16T08:28:33.299+0000] {logging_mixin.py:188} INFO - [2024-06-16T08:28:33.299+0000] {dag.py:3954} INFO - Setting next_dagrun for latest_only to 2024-06-16 04:00:00+00:00, run_after=2024-06-16 08:00:00+00:00
[2024-06-16T08:28:33.306+0000] {processor.py:183} INFO - Processing /home/airflow/.local/lib/python3.12/site-packages/airflow/example_dags/example_latest_only.py took 0.033 seconds
[2024-06-16T08:29:03.562+0000] {processor.py:161} INFO - Started process (PID=402) to work on /home/airflow/.local/lib/python3.12/site-packages/airflow/example_dags/example_latest_only.py
[2024-06-16T08:29:03.563+0000] {processor.py:830} INFO - Processing file /home/airflow/.local/lib/python3.12/site-packages/airflow/example_dags/example_latest_only.py for tasks to queue
[2024-06-16T08:29:03.564+0000] {logging_mixin.py:188} INFO - [2024-06-16T08:29:03.563+0000] {dagbag.py:545} INFO - Filling up the DagBag from /home/airflow/.local/lib/python3.12/site-packages/airflow/example_dags/example_latest_only.py
[2024-06-16T08:29:03.566+0000] {processor.py:840} INFO - DAG(s) 'latest_only' retrieved from /home/airflow/.local/lib/python3.12/site-packages/airflow/example_dags/example_latest_only.py
[2024-06-16T08:29:03.576+0000] {logging_mixin.py:188} INFO - [2024-06-16T08:29:03.576+0000] {dag.py:3096} INFO - Sync 1 DAGs
[2024-06-16T08:29:03.587+0000] {logging_mixin.py:188} INFO - [2024-06-16T08:29:03.587+0000] {dag.py:3954} INFO - Setting next_dagrun for latest_only to 2024-06-16 04:00:00+00:00, run_after=2024-06-16 08:00:00+00:00
[2024-06-16T08:29:03.597+0000] {processor.py:183} INFO - Processing /home/airflow/.local/lib/python3.12/site-packages/airflow/example_dags/example_latest_only.py took 0.038 seconds
[2024-06-16T08:32:54.886+0000] {processor.py:161} INFO - Started process (PID=50) to work on /home/airflow/.local/lib/python3.12/site-packages/airflow/example_dags/example_latest_only.py
[2024-06-16T08:32:54.887+0000] {processor.py:830} INFO - Processing file /home/airflow/.local/lib/python3.12/site-packages/airflow/example_dags/example_latest_only.py for tasks to queue
[2024-06-16T08:32:54.889+0000] {logging_mixin.py:188} INFO - [2024-06-16T08:32:54.889+0000] {dagbag.py:545} INFO - Filling up the DagBag from /home/airflow/.local/lib/python3.12/site-packages/airflow/example_dags/example_latest_only.py
[2024-06-16T08:32:54.896+0000] {processor.py:840} INFO - DAG(s) 'latest_only' retrieved from /home/airflow/.local/lib/python3.12/site-packages/airflow/example_dags/example_latest_only.py
[2024-06-16T08:32:54.925+0000] {logging_mixin.py:188} INFO - [2024-06-16T08:32:54.924+0000] {dag.py:3096} INFO - Sync 1 DAGs
[2024-06-16T08:32:54.950+0000] {logging_mixin.py:188} INFO - [2024-06-16T08:32:54.950+0000] {dag.py:3954} INFO - Setting next_dagrun for latest_only to 2024-06-16 04:00:00+00:00, run_after=2024-06-16 08:00:00+00:00
[2024-06-16T08:32:54.966+0000] {processor.py:183} INFO - Processing /home/airflow/.local/lib/python3.12/site-packages/airflow/example_dags/example_latest_only.py took 0.084 seconds
[2024-06-16T08:33:25.967+0000] {processor.py:161} INFO - Started process (PID=108) to work on /home/airflow/.local/lib/python3.12/site-packages/airflow/example_dags/example_latest_only.py
[2024-06-16T08:33:25.968+0000] {processor.py:830} INFO - Processing file /home/airflow/.local/lib/python3.12/site-packages/airflow/example_dags/example_latest_only.py for tasks to queue
[2024-06-16T08:33:25.969+0000] {logging_mixin.py:188} INFO - [2024-06-16T08:33:25.968+0000] {dagbag.py:545} INFO - Filling up the DagBag from /home/airflow/.local/lib/python3.12/site-packages/airflow/example_dags/example_latest_only.py
[2024-06-16T08:33:25.972+0000] {processor.py:840} INFO - DAG(s) 'latest_only' retrieved from /home/airflow/.local/lib/python3.12/site-packages/airflow/example_dags/example_latest_only.py
[2024-06-16T08:33:26.134+0000] {logging_mixin.py:188} INFO - [2024-06-16T08:33:26.134+0000] {dag.py:3096} INFO - Sync 1 DAGs
[2024-06-16T08:33:26.142+0000] {logging_mixin.py:188} INFO - [2024-06-16T08:33:26.142+0000] {dag.py:3954} INFO - Setting next_dagrun for latest_only to 2024-06-16 04:00:00+00:00, run_after=2024-06-16 08:00:00+00:00
[2024-06-16T08:33:26.151+0000] {processor.py:183} INFO - Processing /home/airflow/.local/lib/python3.12/site-packages/airflow/example_dags/example_latest_only.py took 0.187 seconds
[2024-06-16T08:33:56.696+0000] {processor.py:161} INFO - Started process (PID=167) to work on /home/airflow/.local/lib/python3.12/site-packages/airflow/example_dags/example_latest_only.py
[2024-06-16T08:33:56.697+0000] {processor.py:830} INFO - Processing file /home/airflow/.local/lib/python3.12/site-packages/airflow/example_dags/example_latest_only.py for tasks to queue
[2024-06-16T08:33:56.698+0000] {logging_mixin.py:188} INFO - [2024-06-16T08:33:56.698+0000] {dagbag.py:545} INFO - Filling up the DagBag from /home/airflow/.local/lib/python3.12/site-packages/airflow/example_dags/example_latest_only.py
[2024-06-16T08:33:56.701+0000] {processor.py:840} INFO - DAG(s) 'latest_only' retrieved from /home/airflow/.local/lib/python3.12/site-packages/airflow/example_dags/example_latest_only.py
[2024-06-16T08:33:56.713+0000] {logging_mixin.py:188} INFO - [2024-06-16T08:33:56.713+0000] {dag.py:3096} INFO - Sync 1 DAGs
[2024-06-16T08:33:56.726+0000] {logging_mixin.py:188} INFO - [2024-06-16T08:33:56.726+0000] {dag.py:3954} INFO - Setting next_dagrun for latest_only to 2024-06-16 04:00:00+00:00, run_after=2024-06-16 08:00:00+00:00
[2024-06-16T08:33:56.735+0000] {processor.py:183} INFO - Processing /home/airflow/.local/lib/python3.12/site-packages/airflow/example_dags/example_latest_only.py took 0.042 seconds
[2024-06-16T08:34:27.214+0000] {processor.py:161} INFO - Started process (PID=226) to work on /home/airflow/.local/lib/python3.12/site-packages/airflow/example_dags/example_latest_only.py
[2024-06-16T08:34:27.215+0000] {processor.py:830} INFO - Processing file /home/airflow/.local/lib/python3.12/site-packages/airflow/example_dags/example_latest_only.py for tasks to queue
[2024-06-16T08:34:27.216+0000] {logging_mixin.py:188} INFO - [2024-06-16T08:34:27.215+0000] {dagbag.py:545} INFO - Filling up the DagBag from /home/airflow/.local/lib/python3.12/site-packages/airflow/example_dags/example_latest_only.py
[2024-06-16T08:34:27.218+0000] {processor.py:840} INFO - DAG(s) 'latest_only' retrieved from /home/airflow/.local/lib/python3.12/site-packages/airflow/example_dags/example_latest_only.py
[2024-06-16T08:34:27.228+0000] {logging_mixin.py:188} INFO - [2024-06-16T08:34:27.228+0000] {dag.py:3096} INFO - Sync 1 DAGs
[2024-06-16T08:34:27.238+0000] {logging_mixin.py:188} INFO - [2024-06-16T08:34:27.238+0000] {dag.py:3954} INFO - Setting next_dagrun for latest_only to 2024-06-16 04:00:00+00:00, run_after=2024-06-16 08:00:00+00:00
[2024-06-16T08:34:27.246+0000] {processor.py:183} INFO - Processing /home/airflow/.local/lib/python3.12/site-packages/airflow/example_dags/example_latest_only.py took 0.035 seconds
[2024-06-16T08:35:23.466+0000] {processor.py:161} INFO - Started process (PID=50) to work on /home/airflow/.local/lib/python3.12/site-packages/airflow/example_dags/example_latest_only.py
[2024-06-16T08:35:23.468+0000] {processor.py:830} INFO - Processing file /home/airflow/.local/lib/python3.12/site-packages/airflow/example_dags/example_latest_only.py for tasks to queue
[2024-06-16T08:35:23.478+0000] {logging_mixin.py:188} INFO - [2024-06-16T08:35:23.477+0000] {dagbag.py:545} INFO - Filling up the DagBag from /home/airflow/.local/lib/python3.12/site-packages/airflow/example_dags/example_latest_only.py
[2024-06-16T08:35:23.491+0000] {processor.py:840} INFO - DAG(s) 'latest_only' retrieved from /home/airflow/.local/lib/python3.12/site-packages/airflow/example_dags/example_latest_only.py
[2024-06-16T08:35:23.517+0000] {logging_mixin.py:188} INFO - [2024-06-16T08:35:23.517+0000] {dag.py:3096} INFO - Sync 1 DAGs
[2024-06-16T08:35:23.548+0000] {logging_mixin.py:188} INFO - [2024-06-16T08:35:23.547+0000] {dag.py:3954} INFO - Setting next_dagrun for latest_only to 2024-06-16 04:00:00+00:00, run_after=2024-06-16 08:00:00+00:00
[2024-06-16T08:35:23.566+0000] {processor.py:183} INFO - Processing /home/airflow/.local/lib/python3.12/site-packages/airflow/example_dags/example_latest_only.py took 0.106 seconds
[2024-06-16T08:35:54.882+0000] {processor.py:161} INFO - Started process (PID=108) to work on /home/airflow/.local/lib/python3.12/site-packages/airflow/example_dags/example_latest_only.py
[2024-06-16T08:35:54.882+0000] {processor.py:830} INFO - Processing file /home/airflow/.local/lib/python3.12/site-packages/airflow/example_dags/example_latest_only.py for tasks to queue
[2024-06-16T08:35:54.884+0000] {logging_mixin.py:188} INFO - [2024-06-16T08:35:54.883+0000] {dagbag.py:545} INFO - Filling up the DagBag from /home/airflow/.local/lib/python3.12/site-packages/airflow/example_dags/example_latest_only.py
[2024-06-16T08:35:54.886+0000] {processor.py:840} INFO - DAG(s) 'latest_only' retrieved from /home/airflow/.local/lib/python3.12/site-packages/airflow/example_dags/example_latest_only.py
[2024-06-16T08:35:55.028+0000] {logging_mixin.py:188} INFO - [2024-06-16T08:35:55.028+0000] {dag.py:3096} INFO - Sync 1 DAGs
[2024-06-16T08:35:55.037+0000] {logging_mixin.py:188} INFO - [2024-06-16T08:35:55.037+0000] {dag.py:3954} INFO - Setting next_dagrun for latest_only to 2024-06-16 04:00:00+00:00, run_after=2024-06-16 08:00:00+00:00
[2024-06-16T08:35:55.045+0000] {processor.py:183} INFO - Processing /home/airflow/.local/lib/python3.12/site-packages/airflow/example_dags/example_latest_only.py took 0.166 seconds
[2024-06-16T08:36:25.234+0000] {processor.py:161} INFO - Started process (PID=167) to work on /home/airflow/.local/lib/python3.12/site-packages/airflow/example_dags/example_latest_only.py
[2024-06-16T08:36:25.235+0000] {processor.py:830} INFO - Processing file /home/airflow/.local/lib/python3.12/site-packages/airflow/example_dags/example_latest_only.py for tasks to queue
[2024-06-16T08:36:25.236+0000] {logging_mixin.py:188} INFO - [2024-06-16T08:36:25.235+0000] {dagbag.py:545} INFO - Filling up the DagBag from /home/airflow/.local/lib/python3.12/site-packages/airflow/example_dags/example_latest_only.py
[2024-06-16T08:36:25.238+0000] {processor.py:840} INFO - DAG(s) 'latest_only' retrieved from /home/airflow/.local/lib/python3.12/site-packages/airflow/example_dags/example_latest_only.py
[2024-06-16T08:36:25.249+0000] {logging_mixin.py:188} INFO - [2024-06-16T08:36:25.249+0000] {dag.py:3096} INFO - Sync 1 DAGs
[2024-06-16T08:36:25.260+0000] {logging_mixin.py:188} INFO - [2024-06-16T08:36:25.260+0000] {dag.py:3954} INFO - Setting next_dagrun for latest_only to 2024-06-16 04:00:00+00:00, run_after=2024-06-16 08:00:00+00:00
[2024-06-16T08:36:25.269+0000] {processor.py:183} INFO - Processing /home/airflow/.local/lib/python3.12/site-packages/airflow/example_dags/example_latest_only.py took 0.037 seconds
[2024-06-16T08:36:56.265+0000] {processor.py:161} INFO - Started process (PID=226) to work on /home/airflow/.local/lib/python3.12/site-packages/airflow/example_dags/example_latest_only.py
[2024-06-16T08:36:56.266+0000] {processor.py:830} INFO - Processing file /home/airflow/.local/lib/python3.12/site-packages/airflow/example_dags/example_latest_only.py for tasks to queue
[2024-06-16T08:36:56.270+0000] {logging_mixin.py:188} INFO - [2024-06-16T08:36:56.269+0000] {dagbag.py:545} INFO - Filling up the DagBag from /home/airflow/.local/lib/python3.12/site-packages/airflow/example_dags/example_latest_only.py
[2024-06-16T08:36:56.274+0000] {processor.py:840} INFO - DAG(s) 'latest_only' retrieved from /home/airflow/.local/lib/python3.12/site-packages/airflow/example_dags/example_latest_only.py
[2024-06-16T08:36:56.465+0000] {logging_mixin.py:188} INFO - [2024-06-16T08:36:56.465+0000] {dag.py:3096} INFO - Sync 1 DAGs
[2024-06-16T08:36:56.476+0000] {logging_mixin.py:188} INFO - [2024-06-16T08:36:56.476+0000] {dag.py:3954} INFO - Setting next_dagrun for latest_only to 2024-06-16 04:00:00+00:00, run_after=2024-06-16 08:00:00+00:00
[2024-06-16T08:36:56.486+0000] {processor.py:183} INFO - Processing /home/airflow/.local/lib/python3.12/site-packages/airflow/example_dags/example_latest_only.py took 0.226 seconds
[2024-06-16T08:37:26.788+0000] {processor.py:161} INFO - Started process (PID=285) to work on /home/airflow/.local/lib/python3.12/site-packages/airflow/example_dags/example_latest_only.py
[2024-06-16T08:37:26.789+0000] {processor.py:830} INFO - Processing file /home/airflow/.local/lib/python3.12/site-packages/airflow/example_dags/example_latest_only.py for tasks to queue
[2024-06-16T08:37:26.790+0000] {logging_mixin.py:188} INFO - [2024-06-16T08:37:26.790+0000] {dagbag.py:545} INFO - Filling up the DagBag from /home/airflow/.local/lib/python3.12/site-packages/airflow/example_dags/example_latest_only.py
[2024-06-16T08:37:26.793+0000] {processor.py:840} INFO - DAG(s) 'latest_only' retrieved from /home/airflow/.local/lib/python3.12/site-packages/airflow/example_dags/example_latest_only.py
[2024-06-16T08:37:26.805+0000] {logging_mixin.py:188} INFO - [2024-06-16T08:37:26.805+0000] {dag.py:3096} INFO - Sync 1 DAGs
[2024-06-16T08:37:26.816+0000] {logging_mixin.py:188} INFO - [2024-06-16T08:37:26.816+0000] {dag.py:3954} INFO - Setting next_dagrun for latest_only to 2024-06-16 04:00:00+00:00, run_after=2024-06-16 08:00:00+00:00
[2024-06-16T08:37:26.824+0000] {processor.py:183} INFO - Processing /home/airflow/.local/lib/python3.12/site-packages/airflow/example_dags/example_latest_only.py took 0.038 seconds
