[2024-06-16T07:55:02.994+0000] {processor.py:161} INFO - Started process (PID=62) to work on /home/airflow/.local/lib/python3.12/site-packages/airflow/example_dags/example_task_group.py
[2024-06-16T07:55:02.996+0000] {processor.py:830} INFO - Processing file /home/airflow/.local/lib/python3.12/site-packages/airflow/example_dags/example_task_group.py for tasks to queue
[2024-06-16T07:55:02.999+0000] {logging_mixin.py:188} INFO - [2024-06-16T07:55:02.999+0000] {dagbag.py:545} INFO - Filling up the DagBag from /home/airflow/.local/lib/python3.12/site-packages/airflow/example_dags/example_task_group.py
[2024-06-16T07:55:03.020+0000] {processor.py:840} INFO - DAG(s) 'example_task_group' retrieved from /home/airflow/.local/lib/python3.12/site-packages/airflow/example_dags/example_task_group.py
[2024-06-16T07:55:03.042+0000] {logging_mixin.py:188} INFO - [2024-06-16T07:55:03.042+0000] {dag.py:3096} INFO - Sync 1 DAGs
[2024-06-16T07:55:03.083+0000] {logging_mixin.py:188} INFO - [2024-06-16T07:55:03.083+0000] {dag.py:3954} INFO - Setting next_dagrun for example_task_group to 2024-06-15 00:00:00+00:00, run_after=2024-06-16 00:00:00+00:00
[2024-06-16T07:55:03.121+0000] {processor.py:183} INFO - Processing /home/airflow/.local/lib/python3.12/site-packages/airflow/example_dags/example_task_group.py took 0.132 seconds
[2024-06-16T07:55:35.120+0000] {processor.py:161} INFO - Started process (PID=120) to work on /home/airflow/.local/lib/python3.12/site-packages/airflow/example_dags/example_task_group.py
[2024-06-16T07:55:35.122+0000] {processor.py:830} INFO - Processing file /home/airflow/.local/lib/python3.12/site-packages/airflow/example_dags/example_task_group.py for tasks to queue
[2024-06-16T07:55:35.124+0000] {logging_mixin.py:188} INFO - [2024-06-16T07:55:35.124+0000] {dagbag.py:545} INFO - Filling up the DagBag from /home/airflow/.local/lib/python3.12/site-packages/airflow/example_dags/example_task_group.py
[2024-06-16T07:55:35.134+0000] {processor.py:840} INFO - DAG(s) 'example_task_group' retrieved from /home/airflow/.local/lib/python3.12/site-packages/airflow/example_dags/example_task_group.py
[2024-06-16T07:55:35.225+0000] {logging_mixin.py:188} INFO - [2024-06-16T07:55:35.224+0000] {dag.py:3096} INFO - Sync 1 DAGs
[2024-06-16T07:55:35.246+0000] {logging_mixin.py:188} INFO - [2024-06-16T07:55:35.246+0000] {dag.py:3954} INFO - Setting next_dagrun for example_task_group to 2024-06-15 00:00:00+00:00, run_after=2024-06-16 00:00:00+00:00
[2024-06-16T07:55:35.360+0000] {processor.py:183} INFO - Processing /home/airflow/.local/lib/python3.12/site-packages/airflow/example_dags/example_task_group.py took 0.244 seconds
[2024-06-16T07:56:06.228+0000] {processor.py:161} INFO - Started process (PID=179) to work on /home/airflow/.local/lib/python3.12/site-packages/airflow/example_dags/example_task_group.py
[2024-06-16T07:56:06.230+0000] {processor.py:830} INFO - Processing file /home/airflow/.local/lib/python3.12/site-packages/airflow/example_dags/example_task_group.py for tasks to queue
[2024-06-16T07:56:06.233+0000] {logging_mixin.py:188} INFO - [2024-06-16T07:56:06.233+0000] {dagbag.py:545} INFO - Filling up the DagBag from /home/airflow/.local/lib/python3.12/site-packages/airflow/example_dags/example_task_group.py
[2024-06-16T07:56:06.245+0000] {processor.py:840} INFO - DAG(s) 'example_task_group' retrieved from /home/airflow/.local/lib/python3.12/site-packages/airflow/example_dags/example_task_group.py
[2024-06-16T07:56:06.265+0000] {logging_mixin.py:188} INFO - [2024-06-16T07:56:06.265+0000] {dag.py:3096} INFO - Sync 1 DAGs
[2024-06-16T07:56:06.279+0000] {logging_mixin.py:188} INFO - [2024-06-16T07:56:06.279+0000] {dag.py:3954} INFO - Setting next_dagrun for example_task_group to 2024-06-15 00:00:00+00:00, run_after=2024-06-16 00:00:00+00:00
[2024-06-16T07:56:06.289+0000] {processor.py:183} INFO - Processing /home/airflow/.local/lib/python3.12/site-packages/airflow/example_dags/example_task_group.py took 0.070 seconds
[2024-06-16T07:56:36.935+0000] {processor.py:161} INFO - Started process (PID=238) to work on /home/airflow/.local/lib/python3.12/site-packages/airflow/example_dags/example_task_group.py
[2024-06-16T07:56:36.937+0000] {processor.py:830} INFO - Processing file /home/airflow/.local/lib/python3.12/site-packages/airflow/example_dags/example_task_group.py for tasks to queue
[2024-06-16T07:56:36.939+0000] {logging_mixin.py:188} INFO - [2024-06-16T07:56:36.939+0000] {dagbag.py:545} INFO - Filling up the DagBag from /home/airflow/.local/lib/python3.12/site-packages/airflow/example_dags/example_task_group.py
[2024-06-16T07:56:36.948+0000] {processor.py:840} INFO - DAG(s) 'example_task_group' retrieved from /home/airflow/.local/lib/python3.12/site-packages/airflow/example_dags/example_task_group.py
[2024-06-16T07:56:36.965+0000] {logging_mixin.py:188} INFO - [2024-06-16T07:56:36.965+0000] {dag.py:3096} INFO - Sync 1 DAGs
[2024-06-16T07:56:36.980+0000] {logging_mixin.py:188} INFO - [2024-06-16T07:56:36.980+0000] {dag.py:3954} INFO - Setting next_dagrun for example_task_group to 2024-06-15 00:00:00+00:00, run_after=2024-06-16 00:00:00+00:00
[2024-06-16T07:56:36.991+0000] {processor.py:183} INFO - Processing /home/airflow/.local/lib/python3.12/site-packages/airflow/example_dags/example_task_group.py took 0.065 seconds
[2024-06-16T07:57:07.657+0000] {processor.py:161} INFO - Started process (PID=297) to work on /home/airflow/.local/lib/python3.12/site-packages/airflow/example_dags/example_task_group.py
[2024-06-16T07:57:07.658+0000] {processor.py:830} INFO - Processing file /home/airflow/.local/lib/python3.12/site-packages/airflow/example_dags/example_task_group.py for tasks to queue
[2024-06-16T07:57:07.659+0000] {logging_mixin.py:188} INFO - [2024-06-16T07:57:07.659+0000] {dagbag.py:545} INFO - Filling up the DagBag from /home/airflow/.local/lib/python3.12/site-packages/airflow/example_dags/example_task_group.py
[2024-06-16T07:57:07.664+0000] {processor.py:840} INFO - DAG(s) 'example_task_group' retrieved from /home/airflow/.local/lib/python3.12/site-packages/airflow/example_dags/example_task_group.py
[2024-06-16T07:57:07.678+0000] {logging_mixin.py:188} INFO - [2024-06-16T07:57:07.677+0000] {dag.py:3096} INFO - Sync 1 DAGs
[2024-06-16T07:57:07.690+0000] {logging_mixin.py:188} INFO - [2024-06-16T07:57:07.689+0000] {dag.py:3954} INFO - Setting next_dagrun for example_task_group to 2024-06-15 00:00:00+00:00, run_after=2024-06-16 00:00:00+00:00
[2024-06-16T07:57:07.703+0000] {processor.py:183} INFO - Processing /home/airflow/.local/lib/python3.12/site-packages/airflow/example_dags/example_task_group.py took 0.051 seconds
[2024-06-16T07:57:37.767+0000] {processor.py:161} INFO - Started process (PID=356) to work on /home/airflow/.local/lib/python3.12/site-packages/airflow/example_dags/example_task_group.py
[2024-06-16T07:57:37.767+0000] {processor.py:830} INFO - Processing file /home/airflow/.local/lib/python3.12/site-packages/airflow/example_dags/example_task_group.py for tasks to queue
[2024-06-16T07:57:37.768+0000] {logging_mixin.py:188} INFO - [2024-06-16T07:57:37.768+0000] {dagbag.py:545} INFO - Filling up the DagBag from /home/airflow/.local/lib/python3.12/site-packages/airflow/example_dags/example_task_group.py
[2024-06-16T07:57:37.773+0000] {processor.py:840} INFO - DAG(s) 'example_task_group' retrieved from /home/airflow/.local/lib/python3.12/site-packages/airflow/example_dags/example_task_group.py
[2024-06-16T07:57:37.786+0000] {logging_mixin.py:188} INFO - [2024-06-16T07:57:37.786+0000] {dag.py:3096} INFO - Sync 1 DAGs
[2024-06-16T07:57:37.801+0000] {logging_mixin.py:188} INFO - [2024-06-16T07:57:37.801+0000] {dag.py:3954} INFO - Setting next_dagrun for example_task_group to 2024-06-15 00:00:00+00:00, run_after=2024-06-16 00:00:00+00:00
[2024-06-16T07:57:37.817+0000] {processor.py:183} INFO - Processing /home/airflow/.local/lib/python3.12/site-packages/airflow/example_dags/example_task_group.py took 0.053 seconds
[2024-06-16T07:58:07.857+0000] {processor.py:161} INFO - Started process (PID=415) to work on /home/airflow/.local/lib/python3.12/site-packages/airflow/example_dags/example_task_group.py
[2024-06-16T07:58:07.859+0000] {processor.py:830} INFO - Processing file /home/airflow/.local/lib/python3.12/site-packages/airflow/example_dags/example_task_group.py for tasks to queue
[2024-06-16T07:58:07.861+0000] {logging_mixin.py:188} INFO - [2024-06-16T07:58:07.860+0000] {dagbag.py:545} INFO - Filling up the DagBag from /home/airflow/.local/lib/python3.12/site-packages/airflow/example_dags/example_task_group.py
[2024-06-16T07:58:07.868+0000] {processor.py:840} INFO - DAG(s) 'example_task_group' retrieved from /home/airflow/.local/lib/python3.12/site-packages/airflow/example_dags/example_task_group.py
[2024-06-16T07:58:07.885+0000] {logging_mixin.py:188} INFO - [2024-06-16T07:58:07.884+0000] {dag.py:3096} INFO - Sync 1 DAGs
[2024-06-16T07:58:07.899+0000] {logging_mixin.py:188} INFO - [2024-06-16T07:58:07.898+0000] {dag.py:3954} INFO - Setting next_dagrun for example_task_group to 2024-06-15 00:00:00+00:00, run_after=2024-06-16 00:00:00+00:00
[2024-06-16T07:58:07.909+0000] {processor.py:183} INFO - Processing /home/airflow/.local/lib/python3.12/site-packages/airflow/example_dags/example_task_group.py took 0.058 seconds
[2024-06-16T07:58:38.745+0000] {processor.py:161} INFO - Started process (PID=474) to work on /home/airflow/.local/lib/python3.12/site-packages/airflow/example_dags/example_task_group.py
[2024-06-16T07:58:38.745+0000] {processor.py:830} INFO - Processing file /home/airflow/.local/lib/python3.12/site-packages/airflow/example_dags/example_task_group.py for tasks to queue
[2024-06-16T07:58:38.748+0000] {logging_mixin.py:188} INFO - [2024-06-16T07:58:38.747+0000] {dagbag.py:545} INFO - Filling up the DagBag from /home/airflow/.local/lib/python3.12/site-packages/airflow/example_dags/example_task_group.py
[2024-06-16T07:58:38.764+0000] {processor.py:840} INFO - DAG(s) 'example_task_group' retrieved from /home/airflow/.local/lib/python3.12/site-packages/airflow/example_dags/example_task_group.py
[2024-06-16T07:58:38.786+0000] {logging_mixin.py:188} INFO - [2024-06-16T07:58:38.786+0000] {dag.py:3096} INFO - Sync 1 DAGs
[2024-06-16T07:58:38.802+0000] {logging_mixin.py:188} INFO - [2024-06-16T07:58:38.802+0000] {dag.py:3954} INFO - Setting next_dagrun for example_task_group to 2024-06-15 00:00:00+00:00, run_after=2024-06-16 00:00:00+00:00
[2024-06-16T07:58:38.820+0000] {processor.py:183} INFO - Processing /home/airflow/.local/lib/python3.12/site-packages/airflow/example_dags/example_task_group.py took 0.080 seconds
[2024-06-16T07:59:08.996+0000] {processor.py:161} INFO - Started process (PID=533) to work on /home/airflow/.local/lib/python3.12/site-packages/airflow/example_dags/example_task_group.py
[2024-06-16T07:59:08.997+0000] {processor.py:830} INFO - Processing file /home/airflow/.local/lib/python3.12/site-packages/airflow/example_dags/example_task_group.py for tasks to queue
[2024-06-16T07:59:08.999+0000] {logging_mixin.py:188} INFO - [2024-06-16T07:59:08.999+0000] {dagbag.py:545} INFO - Filling up the DagBag from /home/airflow/.local/lib/python3.12/site-packages/airflow/example_dags/example_task_group.py
[2024-06-16T07:59:09.008+0000] {processor.py:840} INFO - DAG(s) 'example_task_group' retrieved from /home/airflow/.local/lib/python3.12/site-packages/airflow/example_dags/example_task_group.py
[2024-06-16T07:59:09.024+0000] {logging_mixin.py:188} INFO - [2024-06-16T07:59:09.024+0000] {dag.py:3096} INFO - Sync 1 DAGs
[2024-06-16T07:59:09.037+0000] {logging_mixin.py:188} INFO - [2024-06-16T07:59:09.037+0000] {dag.py:3954} INFO - Setting next_dagrun for example_task_group to 2024-06-15 00:00:00+00:00, run_after=2024-06-16 00:00:00+00:00
[2024-06-16T07:59:09.047+0000] {processor.py:183} INFO - Processing /home/airflow/.local/lib/python3.12/site-packages/airflow/example_dags/example_task_group.py took 0.057 seconds
[2024-06-16T07:59:39.448+0000] {processor.py:161} INFO - Started process (PID=593) to work on /home/airflow/.local/lib/python3.12/site-packages/airflow/example_dags/example_task_group.py
[2024-06-16T07:59:39.449+0000] {processor.py:830} INFO - Processing file /home/airflow/.local/lib/python3.12/site-packages/airflow/example_dags/example_task_group.py for tasks to queue
[2024-06-16T07:59:39.456+0000] {logging_mixin.py:188} INFO - [2024-06-16T07:59:39.456+0000] {dagbag.py:545} INFO - Filling up the DagBag from /home/airflow/.local/lib/python3.12/site-packages/airflow/example_dags/example_task_group.py
[2024-06-16T07:59:39.461+0000] {processor.py:840} INFO - DAG(s) 'example_task_group' retrieved from /home/airflow/.local/lib/python3.12/site-packages/airflow/example_dags/example_task_group.py
[2024-06-16T07:59:39.474+0000] {logging_mixin.py:188} INFO - [2024-06-16T07:59:39.474+0000] {dag.py:3096} INFO - Sync 1 DAGs
[2024-06-16T07:59:39.488+0000] {logging_mixin.py:188} INFO - [2024-06-16T07:59:39.488+0000] {dag.py:3954} INFO - Setting next_dagrun for example_task_group to 2024-06-15 00:00:00+00:00, run_after=2024-06-16 00:00:00+00:00
[2024-06-16T07:59:39.500+0000] {processor.py:183} INFO - Processing /home/airflow/.local/lib/python3.12/site-packages/airflow/example_dags/example_task_group.py took 0.057 seconds
[2024-06-16T08:00:09.681+0000] {processor.py:161} INFO - Started process (PID=652) to work on /home/airflow/.local/lib/python3.12/site-packages/airflow/example_dags/example_task_group.py
[2024-06-16T08:00:09.683+0000] {processor.py:830} INFO - Processing file /home/airflow/.local/lib/python3.12/site-packages/airflow/example_dags/example_task_group.py for tasks to queue
[2024-06-16T08:00:09.685+0000] {logging_mixin.py:188} INFO - [2024-06-16T08:00:09.685+0000] {dagbag.py:545} INFO - Filling up the DagBag from /home/airflow/.local/lib/python3.12/site-packages/airflow/example_dags/example_task_group.py
[2024-06-16T08:00:09.692+0000] {processor.py:840} INFO - DAG(s) 'example_task_group' retrieved from /home/airflow/.local/lib/python3.12/site-packages/airflow/example_dags/example_task_group.py
[2024-06-16T08:00:09.710+0000] {logging_mixin.py:188} INFO - [2024-06-16T08:00:09.710+0000] {dag.py:3096} INFO - Sync 1 DAGs
[2024-06-16T08:00:09.723+0000] {logging_mixin.py:188} INFO - [2024-06-16T08:00:09.723+0000] {dag.py:3954} INFO - Setting next_dagrun for example_task_group to 2024-06-15 00:00:00+00:00, run_after=2024-06-16 00:00:00+00:00
[2024-06-16T08:00:09.732+0000] {processor.py:183} INFO - Processing /home/airflow/.local/lib/python3.12/site-packages/airflow/example_dags/example_task_group.py took 0.057 seconds
[2024-06-16T08:00:39.906+0000] {processor.py:161} INFO - Started process (PID=711) to work on /home/airflow/.local/lib/python3.12/site-packages/airflow/example_dags/example_task_group.py
[2024-06-16T08:00:39.907+0000] {processor.py:830} INFO - Processing file /home/airflow/.local/lib/python3.12/site-packages/airflow/example_dags/example_task_group.py for tasks to queue
[2024-06-16T08:00:39.909+0000] {logging_mixin.py:188} INFO - [2024-06-16T08:00:39.909+0000] {dagbag.py:545} INFO - Filling up the DagBag from /home/airflow/.local/lib/python3.12/site-packages/airflow/example_dags/example_task_group.py
[2024-06-16T08:00:39.916+0000] {processor.py:840} INFO - DAG(s) 'example_task_group' retrieved from /home/airflow/.local/lib/python3.12/site-packages/airflow/example_dags/example_task_group.py
[2024-06-16T08:00:39.934+0000] {logging_mixin.py:188} INFO - [2024-06-16T08:00:39.933+0000] {dag.py:3096} INFO - Sync 1 DAGs
[2024-06-16T08:00:39.947+0000] {logging_mixin.py:188} INFO - [2024-06-16T08:00:39.947+0000] {dag.py:3954} INFO - Setting next_dagrun for example_task_group to 2024-06-15 00:00:00+00:00, run_after=2024-06-16 00:00:00+00:00
[2024-06-16T08:00:39.956+0000] {processor.py:183} INFO - Processing /home/airflow/.local/lib/python3.12/site-packages/airflow/example_dags/example_task_group.py took 0.057 seconds
[2024-06-16T08:01:10.339+0000] {processor.py:161} INFO - Started process (PID=770) to work on /home/airflow/.local/lib/python3.12/site-packages/airflow/example_dags/example_task_group.py
[2024-06-16T08:01:10.340+0000] {processor.py:830} INFO - Processing file /home/airflow/.local/lib/python3.12/site-packages/airflow/example_dags/example_task_group.py for tasks to queue
[2024-06-16T08:01:10.343+0000] {logging_mixin.py:188} INFO - [2024-06-16T08:01:10.343+0000] {dagbag.py:545} INFO - Filling up the DagBag from /home/airflow/.local/lib/python3.12/site-packages/airflow/example_dags/example_task_group.py
[2024-06-16T08:01:10.353+0000] {processor.py:840} INFO - DAG(s) 'example_task_group' retrieved from /home/airflow/.local/lib/python3.12/site-packages/airflow/example_dags/example_task_group.py
[2024-06-16T08:01:10.372+0000] {logging_mixin.py:188} INFO - [2024-06-16T08:01:10.372+0000] {dag.py:3096} INFO - Sync 1 DAGs
[2024-06-16T08:01:10.391+0000] {logging_mixin.py:188} INFO - [2024-06-16T08:01:10.391+0000] {dag.py:3954} INFO - Setting next_dagrun for example_task_group to 2024-06-15 00:00:00+00:00, run_after=2024-06-16 00:00:00+00:00
[2024-06-16T08:01:10.402+0000] {processor.py:183} INFO - Processing /home/airflow/.local/lib/python3.12/site-packages/airflow/example_dags/example_task_group.py took 0.070 seconds
[2024-06-16T08:01:40.484+0000] {processor.py:161} INFO - Started process (PID=830) to work on /home/airflow/.local/lib/python3.12/site-packages/airflow/example_dags/example_task_group.py
[2024-06-16T08:01:40.485+0000] {processor.py:830} INFO - Processing file /home/airflow/.local/lib/python3.12/site-packages/airflow/example_dags/example_task_group.py for tasks to queue
[2024-06-16T08:01:40.486+0000] {logging_mixin.py:188} INFO - [2024-06-16T08:01:40.486+0000] {dagbag.py:545} INFO - Filling up the DagBag from /home/airflow/.local/lib/python3.12/site-packages/airflow/example_dags/example_task_group.py
[2024-06-16T08:01:40.490+0000] {processor.py:840} INFO - DAG(s) 'example_task_group' retrieved from /home/airflow/.local/lib/python3.12/site-packages/airflow/example_dags/example_task_group.py
[2024-06-16T08:01:40.503+0000] {logging_mixin.py:188} INFO - [2024-06-16T08:01:40.503+0000] {dag.py:3096} INFO - Sync 1 DAGs
[2024-06-16T08:01:40.514+0000] {logging_mixin.py:188} INFO - [2024-06-16T08:01:40.514+0000] {dag.py:3954} INFO - Setting next_dagrun for example_task_group to 2024-06-15 00:00:00+00:00, run_after=2024-06-16 00:00:00+00:00
[2024-06-16T08:01:40.524+0000] {processor.py:183} INFO - Processing /home/airflow/.local/lib/python3.12/site-packages/airflow/example_dags/example_task_group.py took 0.043 seconds
[2024-06-16T08:02:25.826+0000] {processor.py:161} INFO - Started process (PID=61) to work on /home/airflow/.local/lib/python3.12/site-packages/airflow/example_dags/example_task_group.py
[2024-06-16T08:02:25.830+0000] {processor.py:830} INFO - Processing file /home/airflow/.local/lib/python3.12/site-packages/airflow/example_dags/example_task_group.py for tasks to queue
[2024-06-16T08:02:25.844+0000] {logging_mixin.py:188} INFO - [2024-06-16T08:02:25.842+0000] {dagbag.py:545} INFO - Filling up the DagBag from /home/airflow/.local/lib/python3.12/site-packages/airflow/example_dags/example_task_group.py
[2024-06-16T08:02:25.866+0000] {processor.py:840} INFO - DAG(s) 'example_task_group' retrieved from /home/airflow/.local/lib/python3.12/site-packages/airflow/example_dags/example_task_group.py
[2024-06-16T08:02:25.885+0000] {logging_mixin.py:188} INFO - [2024-06-16T08:02:25.885+0000] {dag.py:3096} INFO - Sync 1 DAGs
[2024-06-16T08:02:25.906+0000] {logging_mixin.py:188} INFO - [2024-06-16T08:02:25.906+0000] {dag.py:3954} INFO - Setting next_dagrun for example_task_group to 2024-06-15 00:00:00+00:00, run_after=2024-06-16 00:00:00+00:00
[2024-06-16T08:02:25.921+0000] {processor.py:183} INFO - Processing /home/airflow/.local/lib/python3.12/site-packages/airflow/example_dags/example_task_group.py took 0.108 seconds
[2024-06-16T08:02:56.985+0000] {processor.py:161} INFO - Started process (PID=120) to work on /home/airflow/.local/lib/python3.12/site-packages/airflow/example_dags/example_task_group.py
[2024-06-16T08:02:56.986+0000] {processor.py:830} INFO - Processing file /home/airflow/.local/lib/python3.12/site-packages/airflow/example_dags/example_task_group.py for tasks to queue
[2024-06-16T08:02:56.987+0000] {logging_mixin.py:188} INFO - [2024-06-16T08:02:56.986+0000] {dagbag.py:545} INFO - Filling up the DagBag from /home/airflow/.local/lib/python3.12/site-packages/airflow/example_dags/example_task_group.py
[2024-06-16T08:02:56.992+0000] {processor.py:840} INFO - DAG(s) 'example_task_group' retrieved from /home/airflow/.local/lib/python3.12/site-packages/airflow/example_dags/example_task_group.py
[2024-06-16T08:02:57.121+0000] {logging_mixin.py:188} INFO - [2024-06-16T08:02:57.121+0000] {dag.py:3096} INFO - Sync 1 DAGs
[2024-06-16T08:02:57.129+0000] {logging_mixin.py:188} INFO - [2024-06-16T08:02:57.129+0000] {dag.py:3954} INFO - Setting next_dagrun for example_task_group to 2024-06-15 00:00:00+00:00, run_after=2024-06-16 00:00:00+00:00
[2024-06-16T08:02:57.137+0000] {processor.py:183} INFO - Processing /home/airflow/.local/lib/python3.12/site-packages/airflow/example_dags/example_task_group.py took 0.156 seconds
[2024-06-16T08:03:27.549+0000] {processor.py:161} INFO - Started process (PID=179) to work on /home/airflow/.local/lib/python3.12/site-packages/airflow/example_dags/example_task_group.py
[2024-06-16T08:03:27.550+0000] {processor.py:830} INFO - Processing file /home/airflow/.local/lib/python3.12/site-packages/airflow/example_dags/example_task_group.py for tasks to queue
[2024-06-16T08:03:27.552+0000] {logging_mixin.py:188} INFO - [2024-06-16T08:03:27.552+0000] {dagbag.py:545} INFO - Filling up the DagBag from /home/airflow/.local/lib/python3.12/site-packages/airflow/example_dags/example_task_group.py
[2024-06-16T08:03:27.556+0000] {processor.py:840} INFO - DAG(s) 'example_task_group' retrieved from /home/airflow/.local/lib/python3.12/site-packages/airflow/example_dags/example_task_group.py
[2024-06-16T08:03:27.568+0000] {logging_mixin.py:188} INFO - [2024-06-16T08:03:27.568+0000] {dag.py:3096} INFO - Sync 1 DAGs
[2024-06-16T08:03:27.579+0000] {logging_mixin.py:188} INFO - [2024-06-16T08:03:27.579+0000] {dag.py:3954} INFO - Setting next_dagrun for example_task_group to 2024-06-15 00:00:00+00:00, run_after=2024-06-16 00:00:00+00:00
[2024-06-16T08:03:27.588+0000] {processor.py:183} INFO - Processing /home/airflow/.local/lib/python3.12/site-packages/airflow/example_dags/example_task_group.py took 0.043 seconds
[2024-06-16T08:03:58.594+0000] {processor.py:161} INFO - Started process (PID=238) to work on /home/airflow/.local/lib/python3.12/site-packages/airflow/example_dags/example_task_group.py
[2024-06-16T08:03:58.595+0000] {processor.py:830} INFO - Processing file /home/airflow/.local/lib/python3.12/site-packages/airflow/example_dags/example_task_group.py for tasks to queue
[2024-06-16T08:03:58.596+0000] {logging_mixin.py:188} INFO - [2024-06-16T08:03:58.596+0000] {dagbag.py:545} INFO - Filling up the DagBag from /home/airflow/.local/lib/python3.12/site-packages/airflow/example_dags/example_task_group.py
[2024-06-16T08:03:58.600+0000] {processor.py:840} INFO - DAG(s) 'example_task_group' retrieved from /home/airflow/.local/lib/python3.12/site-packages/airflow/example_dags/example_task_group.py
[2024-06-16T08:03:58.610+0000] {logging_mixin.py:188} INFO - [2024-06-16T08:03:58.610+0000] {dag.py:3096} INFO - Sync 1 DAGs
[2024-06-16T08:03:58.620+0000] {logging_mixin.py:188} INFO - [2024-06-16T08:03:58.620+0000] {dag.py:3954} INFO - Setting next_dagrun for example_task_group to 2024-06-15 00:00:00+00:00, run_after=2024-06-16 00:00:00+00:00
[2024-06-16T08:03:58.629+0000] {processor.py:183} INFO - Processing /home/airflow/.local/lib/python3.12/site-packages/airflow/example_dags/example_task_group.py took 0.037 seconds
[2024-06-16T08:04:29.848+0000] {processor.py:161} INFO - Started process (PID=297) to work on /home/airflow/.local/lib/python3.12/site-packages/airflow/example_dags/example_task_group.py
[2024-06-16T08:04:29.849+0000] {processor.py:830} INFO - Processing file /home/airflow/.local/lib/python3.12/site-packages/airflow/example_dags/example_task_group.py for tasks to queue
[2024-06-16T08:04:29.851+0000] {logging_mixin.py:188} INFO - [2024-06-16T08:04:29.851+0000] {dagbag.py:545} INFO - Filling up the DagBag from /home/airflow/.local/lib/python3.12/site-packages/airflow/example_dags/example_task_group.py
[2024-06-16T08:04:29.856+0000] {processor.py:840} INFO - DAG(s) 'example_task_group' retrieved from /home/airflow/.local/lib/python3.12/site-packages/airflow/example_dags/example_task_group.py
[2024-06-16T08:04:29.963+0000] {logging_mixin.py:188} INFO - [2024-06-16T08:04:29.962+0000] {dag.py:3096} INFO - Sync 1 DAGs
[2024-06-16T08:04:29.973+0000] {logging_mixin.py:188} INFO - [2024-06-16T08:04:29.973+0000] {dag.py:3954} INFO - Setting next_dagrun for example_task_group to 2024-06-15 00:00:00+00:00, run_after=2024-06-16 00:00:00+00:00
[2024-06-16T08:04:29.981+0000] {processor.py:183} INFO - Processing /home/airflow/.local/lib/python3.12/site-packages/airflow/example_dags/example_task_group.py took 0.137 seconds
[2024-06-16T08:05:00.886+0000] {processor.py:161} INFO - Started process (PID=355) to work on /home/airflow/.local/lib/python3.12/site-packages/airflow/example_dags/example_task_group.py
[2024-06-16T08:05:00.887+0000] {processor.py:830} INFO - Processing file /home/airflow/.local/lib/python3.12/site-packages/airflow/example_dags/example_task_group.py for tasks to queue
[2024-06-16T08:05:00.889+0000] {logging_mixin.py:188} INFO - [2024-06-16T08:05:00.889+0000] {dagbag.py:545} INFO - Filling up the DagBag from /home/airflow/.local/lib/python3.12/site-packages/airflow/example_dags/example_task_group.py
[2024-06-16T08:05:00.893+0000] {processor.py:840} INFO - DAG(s) 'example_task_group' retrieved from /home/airflow/.local/lib/python3.12/site-packages/airflow/example_dags/example_task_group.py
[2024-06-16T08:05:00.904+0000] {logging_mixin.py:188} INFO - [2024-06-16T08:05:00.904+0000] {dag.py:3096} INFO - Sync 1 DAGs
[2024-06-16T08:05:00.914+0000] {logging_mixin.py:188} INFO - [2024-06-16T08:05:00.914+0000] {dag.py:3954} INFO - Setting next_dagrun for example_task_group to 2024-06-15 00:00:00+00:00, run_after=2024-06-16 00:00:00+00:00
[2024-06-16T08:05:00.924+0000] {processor.py:183} INFO - Processing /home/airflow/.local/lib/python3.12/site-packages/airflow/example_dags/example_task_group.py took 0.041 seconds
[2024-06-16T08:05:31.192+0000] {processor.py:161} INFO - Started process (PID=414) to work on /home/airflow/.local/lib/python3.12/site-packages/airflow/example_dags/example_task_group.py
[2024-06-16T08:05:31.193+0000] {processor.py:830} INFO - Processing file /home/airflow/.local/lib/python3.12/site-packages/airflow/example_dags/example_task_group.py for tasks to queue
[2024-06-16T08:05:31.194+0000] {logging_mixin.py:188} INFO - [2024-06-16T08:05:31.194+0000] {dagbag.py:545} INFO - Filling up the DagBag from /home/airflow/.local/lib/python3.12/site-packages/airflow/example_dags/example_task_group.py
[2024-06-16T08:05:31.199+0000] {processor.py:840} INFO - DAG(s) 'example_task_group' retrieved from /home/airflow/.local/lib/python3.12/site-packages/airflow/example_dags/example_task_group.py
[2024-06-16T08:05:31.209+0000] {logging_mixin.py:188} INFO - [2024-06-16T08:05:31.209+0000] {dag.py:3096} INFO - Sync 1 DAGs
[2024-06-16T08:05:31.227+0000] {logging_mixin.py:188} INFO - [2024-06-16T08:05:31.227+0000] {dag.py:3954} INFO - Setting next_dagrun for example_task_group to 2024-06-15 00:00:00+00:00, run_after=2024-06-16 00:00:00+00:00
[2024-06-16T08:05:31.236+0000] {processor.py:183} INFO - Processing /home/airflow/.local/lib/python3.12/site-packages/airflow/example_dags/example_task_group.py took 0.047 seconds
[2024-06-16T08:06:01.290+0000] {processor.py:161} INFO - Started process (PID=474) to work on /home/airflow/.local/lib/python3.12/site-packages/airflow/example_dags/example_task_group.py
[2024-06-16T08:06:01.291+0000] {processor.py:830} INFO - Processing file /home/airflow/.local/lib/python3.12/site-packages/airflow/example_dags/example_task_group.py for tasks to queue
[2024-06-16T08:06:01.292+0000] {logging_mixin.py:188} INFO - [2024-06-16T08:06:01.292+0000] {dagbag.py:545} INFO - Filling up the DagBag from /home/airflow/.local/lib/python3.12/site-packages/airflow/example_dags/example_task_group.py
[2024-06-16T08:06:01.297+0000] {processor.py:840} INFO - DAG(s) 'example_task_group' retrieved from /home/airflow/.local/lib/python3.12/site-packages/airflow/example_dags/example_task_group.py
[2024-06-16T08:06:01.310+0000] {logging_mixin.py:188} INFO - [2024-06-16T08:06:01.310+0000] {dag.py:3096} INFO - Sync 1 DAGs
[2024-06-16T08:06:01.321+0000] {logging_mixin.py:188} INFO - [2024-06-16T08:06:01.321+0000] {dag.py:3954} INFO - Setting next_dagrun for example_task_group to 2024-06-15 00:00:00+00:00, run_after=2024-06-16 00:00:00+00:00
[2024-06-16T08:06:01.330+0000] {processor.py:183} INFO - Processing /home/airflow/.local/lib/python3.12/site-packages/airflow/example_dags/example_task_group.py took 0.042 seconds
[2024-06-16T08:06:31.875+0000] {processor.py:161} INFO - Started process (PID=533) to work on /home/airflow/.local/lib/python3.12/site-packages/airflow/example_dags/example_task_group.py
[2024-06-16T08:06:31.876+0000] {processor.py:830} INFO - Processing file /home/airflow/.local/lib/python3.12/site-packages/airflow/example_dags/example_task_group.py for tasks to queue
[2024-06-16T08:06:31.877+0000] {logging_mixin.py:188} INFO - [2024-06-16T08:06:31.877+0000] {dagbag.py:545} INFO - Filling up the DagBag from /home/airflow/.local/lib/python3.12/site-packages/airflow/example_dags/example_task_group.py
[2024-06-16T08:06:31.881+0000] {processor.py:840} INFO - DAG(s) 'example_task_group' retrieved from /home/airflow/.local/lib/python3.12/site-packages/airflow/example_dags/example_task_group.py
[2024-06-16T08:06:31.892+0000] {logging_mixin.py:188} INFO - [2024-06-16T08:06:31.892+0000] {dag.py:3096} INFO - Sync 1 DAGs
[2024-06-16T08:06:31.901+0000] {logging_mixin.py:188} INFO - [2024-06-16T08:06:31.901+0000] {dag.py:3954} INFO - Setting next_dagrun for example_task_group to 2024-06-15 00:00:00+00:00, run_after=2024-06-16 00:00:00+00:00
[2024-06-16T08:06:31.908+0000] {processor.py:183} INFO - Processing /home/airflow/.local/lib/python3.12/site-packages/airflow/example_dags/example_task_group.py took 0.036 seconds
[2024-06-16T08:07:02.016+0000] {processor.py:161} INFO - Started process (PID=592) to work on /home/airflow/.local/lib/python3.12/site-packages/airflow/example_dags/example_task_group.py
[2024-06-16T08:07:02.017+0000] {processor.py:830} INFO - Processing file /home/airflow/.local/lib/python3.12/site-packages/airflow/example_dags/example_task_group.py for tasks to queue
[2024-06-16T08:07:02.018+0000] {logging_mixin.py:188} INFO - [2024-06-16T08:07:02.018+0000] {dagbag.py:545} INFO - Filling up the DagBag from /home/airflow/.local/lib/python3.12/site-packages/airflow/example_dags/example_task_group.py
[2024-06-16T08:07:02.022+0000] {processor.py:840} INFO - DAG(s) 'example_task_group' retrieved from /home/airflow/.local/lib/python3.12/site-packages/airflow/example_dags/example_task_group.py
[2024-06-16T08:07:02.033+0000] {logging_mixin.py:188} INFO - [2024-06-16T08:07:02.033+0000] {dag.py:3096} INFO - Sync 1 DAGs
[2024-06-16T08:07:02.042+0000] {logging_mixin.py:188} INFO - [2024-06-16T08:07:02.042+0000] {dag.py:3954} INFO - Setting next_dagrun for example_task_group to 2024-06-15 00:00:00+00:00, run_after=2024-06-16 00:00:00+00:00
[2024-06-16T08:07:02.050+0000] {processor.py:183} INFO - Processing /home/airflow/.local/lib/python3.12/site-packages/airflow/example_dags/example_task_group.py took 0.037 seconds
[2024-06-16T08:07:33.052+0000] {processor.py:161} INFO - Started process (PID=651) to work on /home/airflow/.local/lib/python3.12/site-packages/airflow/example_dags/example_task_group.py
[2024-06-16T08:07:33.052+0000] {processor.py:830} INFO - Processing file /home/airflow/.local/lib/python3.12/site-packages/airflow/example_dags/example_task_group.py for tasks to queue
[2024-06-16T08:07:33.054+0000] {logging_mixin.py:188} INFO - [2024-06-16T08:07:33.053+0000] {dagbag.py:545} INFO - Filling up the DagBag from /home/airflow/.local/lib/python3.12/site-packages/airflow/example_dags/example_task_group.py
[2024-06-16T08:07:33.058+0000] {processor.py:840} INFO - DAG(s) 'example_task_group' retrieved from /home/airflow/.local/lib/python3.12/site-packages/airflow/example_dags/example_task_group.py
[2024-06-16T08:07:33.067+0000] {logging_mixin.py:188} INFO - [2024-06-16T08:07:33.067+0000] {dag.py:3096} INFO - Sync 1 DAGs
[2024-06-16T08:07:33.076+0000] {logging_mixin.py:188} INFO - [2024-06-16T08:07:33.076+0000] {dag.py:3954} INFO - Setting next_dagrun for example_task_group to 2024-06-15 00:00:00+00:00, run_after=2024-06-16 00:00:00+00:00
[2024-06-16T08:07:33.083+0000] {processor.py:183} INFO - Processing /home/airflow/.local/lib/python3.12/site-packages/airflow/example_dags/example_task_group.py took 0.034 seconds
[2024-06-16T08:08:03.866+0000] {processor.py:161} INFO - Started process (PID=710) to work on /home/airflow/.local/lib/python3.12/site-packages/airflow/example_dags/example_task_group.py
[2024-06-16T08:08:03.866+0000] {processor.py:830} INFO - Processing file /home/airflow/.local/lib/python3.12/site-packages/airflow/example_dags/example_task_group.py for tasks to queue
[2024-06-16T08:08:03.867+0000] {logging_mixin.py:188} INFO - [2024-06-16T08:08:03.867+0000] {dagbag.py:545} INFO - Filling up the DagBag from /home/airflow/.local/lib/python3.12/site-packages/airflow/example_dags/example_task_group.py
[2024-06-16T08:08:03.871+0000] {processor.py:840} INFO - DAG(s) 'example_task_group' retrieved from /home/airflow/.local/lib/python3.12/site-packages/airflow/example_dags/example_task_group.py
[2024-06-16T08:08:03.881+0000] {logging_mixin.py:188} INFO - [2024-06-16T08:08:03.881+0000] {dag.py:3096} INFO - Sync 1 DAGs
[2024-06-16T08:08:03.890+0000] {logging_mixin.py:188} INFO - [2024-06-16T08:08:03.890+0000] {dag.py:3954} INFO - Setting next_dagrun for example_task_group to 2024-06-15 00:00:00+00:00, run_after=2024-06-16 00:00:00+00:00
[2024-06-16T08:08:03.898+0000] {processor.py:183} INFO - Processing /home/airflow/.local/lib/python3.12/site-packages/airflow/example_dags/example_task_group.py took 0.035 seconds
[2024-06-16T08:08:34.539+0000] {processor.py:161} INFO - Started process (PID=769) to work on /home/airflow/.local/lib/python3.12/site-packages/airflow/example_dags/example_task_group.py
[2024-06-16T08:08:34.539+0000] {processor.py:830} INFO - Processing file /home/airflow/.local/lib/python3.12/site-packages/airflow/example_dags/example_task_group.py for tasks to queue
[2024-06-16T08:08:34.541+0000] {logging_mixin.py:188} INFO - [2024-06-16T08:08:34.541+0000] {dagbag.py:545} INFO - Filling up the DagBag from /home/airflow/.local/lib/python3.12/site-packages/airflow/example_dags/example_task_group.py
[2024-06-16T08:08:34.545+0000] {processor.py:840} INFO - DAG(s) 'example_task_group' retrieved from /home/airflow/.local/lib/python3.12/site-packages/airflow/example_dags/example_task_group.py
[2024-06-16T08:08:34.555+0000] {logging_mixin.py:188} INFO - [2024-06-16T08:08:34.555+0000] {dag.py:3096} INFO - Sync 1 DAGs
[2024-06-16T08:08:34.569+0000] {logging_mixin.py:188} INFO - [2024-06-16T08:08:34.569+0000] {dag.py:3954} INFO - Setting next_dagrun for example_task_group to 2024-06-15 00:00:00+00:00, run_after=2024-06-16 00:00:00+00:00
[2024-06-16T08:08:34.577+0000] {processor.py:183} INFO - Processing /home/airflow/.local/lib/python3.12/site-packages/airflow/example_dags/example_task_group.py took 0.041 seconds
[2024-06-16T08:09:04.827+0000] {processor.py:161} INFO - Started process (PID=828) to work on /home/airflow/.local/lib/python3.12/site-packages/airflow/example_dags/example_task_group.py
[2024-06-16T08:09:04.831+0000] {processor.py:830} INFO - Processing file /home/airflow/.local/lib/python3.12/site-packages/airflow/example_dags/example_task_group.py for tasks to queue
[2024-06-16T08:09:04.835+0000] {logging_mixin.py:188} INFO - [2024-06-16T08:09:04.835+0000] {dagbag.py:545} INFO - Filling up the DagBag from /home/airflow/.local/lib/python3.12/site-packages/airflow/example_dags/example_task_group.py
[2024-06-16T08:09:04.851+0000] {processor.py:840} INFO - DAG(s) 'example_task_group' retrieved from /home/airflow/.local/lib/python3.12/site-packages/airflow/example_dags/example_task_group.py
[2024-06-16T08:09:04.866+0000] {logging_mixin.py:188} INFO - [2024-06-16T08:09:04.866+0000] {dag.py:3096} INFO - Sync 1 DAGs
[2024-06-16T08:09:04.880+0000] {logging_mixin.py:188} INFO - [2024-06-16T08:09:04.880+0000] {dag.py:3954} INFO - Setting next_dagrun for example_task_group to 2024-06-15 00:00:00+00:00, run_after=2024-06-16 00:00:00+00:00
[2024-06-16T08:09:04.892+0000] {processor.py:183} INFO - Processing /home/airflow/.local/lib/python3.12/site-packages/airflow/example_dags/example_task_group.py took 0.069 seconds
[2024-06-16T08:09:35.515+0000] {processor.py:161} INFO - Started process (PID=887) to work on /home/airflow/.local/lib/python3.12/site-packages/airflow/example_dags/example_task_group.py
[2024-06-16T08:09:35.516+0000] {processor.py:830} INFO - Processing file /home/airflow/.local/lib/python3.12/site-packages/airflow/example_dags/example_task_group.py for tasks to queue
[2024-06-16T08:09:35.518+0000] {logging_mixin.py:188} INFO - [2024-06-16T08:09:35.518+0000] {dagbag.py:545} INFO - Filling up the DagBag from /home/airflow/.local/lib/python3.12/site-packages/airflow/example_dags/example_task_group.py
[2024-06-16T08:09:35.523+0000] {processor.py:840} INFO - DAG(s) 'example_task_group' retrieved from /home/airflow/.local/lib/python3.12/site-packages/airflow/example_dags/example_task_group.py
[2024-06-16T08:09:35.538+0000] {logging_mixin.py:188} INFO - [2024-06-16T08:09:35.537+0000] {dag.py:3096} INFO - Sync 1 DAGs
[2024-06-16T08:09:35.566+0000] {logging_mixin.py:188} INFO - [2024-06-16T08:09:35.566+0000] {dag.py:3954} INFO - Setting next_dagrun for example_task_group to 2024-06-15 00:00:00+00:00, run_after=2024-06-16 00:00:00+00:00
[2024-06-16T08:09:35.580+0000] {processor.py:183} INFO - Processing /home/airflow/.local/lib/python3.12/site-packages/airflow/example_dags/example_task_group.py took 0.069 seconds
[2024-06-16T08:10:05.956+0000] {processor.py:161} INFO - Started process (PID=946) to work on /home/airflow/.local/lib/python3.12/site-packages/airflow/example_dags/example_task_group.py
[2024-06-16T08:10:05.959+0000] {processor.py:830} INFO - Processing file /home/airflow/.local/lib/python3.12/site-packages/airflow/example_dags/example_task_group.py for tasks to queue
[2024-06-16T08:10:05.961+0000] {logging_mixin.py:188} INFO - [2024-06-16T08:10:05.961+0000] {dagbag.py:545} INFO - Filling up the DagBag from /home/airflow/.local/lib/python3.12/site-packages/airflow/example_dags/example_task_group.py
[2024-06-16T08:10:05.967+0000] {processor.py:840} INFO - DAG(s) 'example_task_group' retrieved from /home/airflow/.local/lib/python3.12/site-packages/airflow/example_dags/example_task_group.py
[2024-06-16T08:10:05.980+0000] {logging_mixin.py:188} INFO - [2024-06-16T08:10:05.980+0000] {dag.py:3096} INFO - Sync 1 DAGs
[2024-06-16T08:10:05.992+0000] {logging_mixin.py:188} INFO - [2024-06-16T08:10:05.992+0000] {dag.py:3954} INFO - Setting next_dagrun for example_task_group to 2024-06-15 00:00:00+00:00, run_after=2024-06-16 00:00:00+00:00
[2024-06-16T08:10:06.000+0000] {processor.py:183} INFO - Processing /home/airflow/.local/lib/python3.12/site-packages/airflow/example_dags/example_task_group.py took 0.047 seconds
[2024-06-16T08:10:36.463+0000] {processor.py:161} INFO - Started process (PID=1005) to work on /home/airflow/.local/lib/python3.12/site-packages/airflow/example_dags/example_task_group.py
[2024-06-16T08:10:36.464+0000] {processor.py:830} INFO - Processing file /home/airflow/.local/lib/python3.12/site-packages/airflow/example_dags/example_task_group.py for tasks to queue
[2024-06-16T08:10:36.465+0000] {logging_mixin.py:188} INFO - [2024-06-16T08:10:36.465+0000] {dagbag.py:545} INFO - Filling up the DagBag from /home/airflow/.local/lib/python3.12/site-packages/airflow/example_dags/example_task_group.py
[2024-06-16T08:10:36.470+0000] {processor.py:840} INFO - DAG(s) 'example_task_group' retrieved from /home/airflow/.local/lib/python3.12/site-packages/airflow/example_dags/example_task_group.py
[2024-06-16T08:10:36.480+0000] {logging_mixin.py:188} INFO - [2024-06-16T08:10:36.480+0000] {dag.py:3096} INFO - Sync 1 DAGs
[2024-06-16T08:10:36.490+0000] {logging_mixin.py:188} INFO - [2024-06-16T08:10:36.490+0000] {dag.py:3954} INFO - Setting next_dagrun for example_task_group to 2024-06-15 00:00:00+00:00, run_after=2024-06-16 00:00:00+00:00
[2024-06-16T08:10:36.498+0000] {processor.py:183} INFO - Processing /home/airflow/.local/lib/python3.12/site-packages/airflow/example_dags/example_task_group.py took 0.037 seconds
[2024-06-16T08:11:06.608+0000] {processor.py:161} INFO - Started process (PID=1064) to work on /home/airflow/.local/lib/python3.12/site-packages/airflow/example_dags/example_task_group.py
[2024-06-16T08:11:06.611+0000] {processor.py:830} INFO - Processing file /home/airflow/.local/lib/python3.12/site-packages/airflow/example_dags/example_task_group.py for tasks to queue
[2024-06-16T08:11:06.613+0000] {logging_mixin.py:188} INFO - [2024-06-16T08:11:06.613+0000] {dagbag.py:545} INFO - Filling up the DagBag from /home/airflow/.local/lib/python3.12/site-packages/airflow/example_dags/example_task_group.py
[2024-06-16T08:11:06.617+0000] {processor.py:840} INFO - DAG(s) 'example_task_group' retrieved from /home/airflow/.local/lib/python3.12/site-packages/airflow/example_dags/example_task_group.py
[2024-06-16T08:11:06.629+0000] {logging_mixin.py:188} INFO - [2024-06-16T08:11:06.628+0000] {dag.py:3096} INFO - Sync 1 DAGs
[2024-06-16T08:11:06.640+0000] {logging_mixin.py:188} INFO - [2024-06-16T08:11:06.639+0000] {dag.py:3954} INFO - Setting next_dagrun for example_task_group to 2024-06-15 00:00:00+00:00, run_after=2024-06-16 00:00:00+00:00
[2024-06-16T08:11:06.647+0000] {processor.py:183} INFO - Processing /home/airflow/.local/lib/python3.12/site-packages/airflow/example_dags/example_task_group.py took 0.042 seconds
[2024-06-16T08:11:37.184+0000] {processor.py:161} INFO - Started process (PID=1123) to work on /home/airflow/.local/lib/python3.12/site-packages/airflow/example_dags/example_task_group.py
[2024-06-16T08:11:37.186+0000] {processor.py:830} INFO - Processing file /home/airflow/.local/lib/python3.12/site-packages/airflow/example_dags/example_task_group.py for tasks to queue
[2024-06-16T08:11:37.188+0000] {logging_mixin.py:188} INFO - [2024-06-16T08:11:37.187+0000] {dagbag.py:545} INFO - Filling up the DagBag from /home/airflow/.local/lib/python3.12/site-packages/airflow/example_dags/example_task_group.py
[2024-06-16T08:11:37.193+0000] {processor.py:840} INFO - DAG(s) 'example_task_group' retrieved from /home/airflow/.local/lib/python3.12/site-packages/airflow/example_dags/example_task_group.py
[2024-06-16T08:11:37.211+0000] {logging_mixin.py:188} INFO - [2024-06-16T08:11:37.210+0000] {dag.py:3096} INFO - Sync 1 DAGs
[2024-06-16T08:11:37.232+0000] {logging_mixin.py:188} INFO - [2024-06-16T08:11:37.232+0000] {dag.py:3954} INFO - Setting next_dagrun for example_task_group to 2024-06-15 00:00:00+00:00, run_after=2024-06-16 00:00:00+00:00
[2024-06-16T08:11:37.244+0000] {processor.py:183} INFO - Processing /home/airflow/.local/lib/python3.12/site-packages/airflow/example_dags/example_task_group.py took 0.063 seconds
[2024-06-16T08:12:07.306+0000] {processor.py:161} INFO - Started process (PID=1182) to work on /home/airflow/.local/lib/python3.12/site-packages/airflow/example_dags/example_task_group.py
[2024-06-16T08:12:07.306+0000] {processor.py:830} INFO - Processing file /home/airflow/.local/lib/python3.12/site-packages/airflow/example_dags/example_task_group.py for tasks to queue
[2024-06-16T08:12:07.307+0000] {logging_mixin.py:188} INFO - [2024-06-16T08:12:07.307+0000] {dagbag.py:545} INFO - Filling up the DagBag from /home/airflow/.local/lib/python3.12/site-packages/airflow/example_dags/example_task_group.py
[2024-06-16T08:12:07.311+0000] {processor.py:840} INFO - DAG(s) 'example_task_group' retrieved from /home/airflow/.local/lib/python3.12/site-packages/airflow/example_dags/example_task_group.py
[2024-06-16T08:12:07.324+0000] {logging_mixin.py:188} INFO - [2024-06-16T08:12:07.324+0000] {dag.py:3096} INFO - Sync 1 DAGs
[2024-06-16T08:12:07.343+0000] {logging_mixin.py:188} INFO - [2024-06-16T08:12:07.343+0000] {dag.py:3954} INFO - Setting next_dagrun for example_task_group to 2024-06-15 00:00:00+00:00, run_after=2024-06-16 00:00:00+00:00
[2024-06-16T08:12:07.353+0000] {processor.py:183} INFO - Processing /home/airflow/.local/lib/python3.12/site-packages/airflow/example_dags/example_task_group.py took 0.050 seconds
[2024-06-16T08:12:37.457+0000] {processor.py:161} INFO - Started process (PID=1240) to work on /home/airflow/.local/lib/python3.12/site-packages/airflow/example_dags/example_task_group.py
[2024-06-16T08:12:37.458+0000] {processor.py:830} INFO - Processing file /home/airflow/.local/lib/python3.12/site-packages/airflow/example_dags/example_task_group.py for tasks to queue
[2024-06-16T08:12:37.459+0000] {logging_mixin.py:188} INFO - [2024-06-16T08:12:37.459+0000] {dagbag.py:545} INFO - Filling up the DagBag from /home/airflow/.local/lib/python3.12/site-packages/airflow/example_dags/example_task_group.py
[2024-06-16T08:12:37.464+0000] {processor.py:840} INFO - DAG(s) 'example_task_group' retrieved from /home/airflow/.local/lib/python3.12/site-packages/airflow/example_dags/example_task_group.py
[2024-06-16T08:12:37.476+0000] {logging_mixin.py:188} INFO - [2024-06-16T08:12:37.476+0000] {dag.py:3096} INFO - Sync 1 DAGs
[2024-06-16T08:12:37.488+0000] {logging_mixin.py:188} INFO - [2024-06-16T08:12:37.487+0000] {dag.py:3954} INFO - Setting next_dagrun for example_task_group to 2024-06-15 00:00:00+00:00, run_after=2024-06-16 00:00:00+00:00
[2024-06-16T08:12:37.499+0000] {processor.py:183} INFO - Processing /home/airflow/.local/lib/python3.12/site-packages/airflow/example_dags/example_task_group.py took 0.046 seconds
[2024-06-16T08:13:08.717+0000] {processor.py:161} INFO - Started process (PID=1299) to work on /home/airflow/.local/lib/python3.12/site-packages/airflow/example_dags/example_task_group.py
[2024-06-16T08:13:08.717+0000] {processor.py:830} INFO - Processing file /home/airflow/.local/lib/python3.12/site-packages/airflow/example_dags/example_task_group.py for tasks to queue
[2024-06-16T08:13:08.718+0000] {logging_mixin.py:188} INFO - [2024-06-16T08:13:08.718+0000] {dagbag.py:545} INFO - Filling up the DagBag from /home/airflow/.local/lib/python3.12/site-packages/airflow/example_dags/example_task_group.py
[2024-06-16T08:13:08.722+0000] {processor.py:840} INFO - DAG(s) 'example_task_group' retrieved from /home/airflow/.local/lib/python3.12/site-packages/airflow/example_dags/example_task_group.py
[2024-06-16T08:13:08.733+0000] {logging_mixin.py:188} INFO - [2024-06-16T08:13:08.733+0000] {dag.py:3096} INFO - Sync 1 DAGs
[2024-06-16T08:13:08.744+0000] {logging_mixin.py:188} INFO - [2024-06-16T08:13:08.744+0000] {dag.py:3954} INFO - Setting next_dagrun for example_task_group to 2024-06-15 00:00:00+00:00, run_after=2024-06-16 00:00:00+00:00
[2024-06-16T08:13:08.753+0000] {processor.py:183} INFO - Processing /home/airflow/.local/lib/python3.12/site-packages/airflow/example_dags/example_task_group.py took 0.039 seconds
[2024-06-16T08:13:38.988+0000] {processor.py:161} INFO - Started process (PID=1358) to work on /home/airflow/.local/lib/python3.12/site-packages/airflow/example_dags/example_task_group.py
[2024-06-16T08:13:38.989+0000] {processor.py:830} INFO - Processing file /home/airflow/.local/lib/python3.12/site-packages/airflow/example_dags/example_task_group.py for tasks to queue
[2024-06-16T08:13:38.990+0000] {logging_mixin.py:188} INFO - [2024-06-16T08:13:38.990+0000] {dagbag.py:545} INFO - Filling up the DagBag from /home/airflow/.local/lib/python3.12/site-packages/airflow/example_dags/example_task_group.py
[2024-06-16T08:13:38.993+0000] {processor.py:840} INFO - DAG(s) 'example_task_group' retrieved from /home/airflow/.local/lib/python3.12/site-packages/airflow/example_dags/example_task_group.py
[2024-06-16T08:13:39.007+0000] {logging_mixin.py:188} INFO - [2024-06-16T08:13:39.007+0000] {dag.py:3096} INFO - Sync 1 DAGs
[2024-06-16T08:13:39.020+0000] {logging_mixin.py:188} INFO - [2024-06-16T08:13:39.020+0000] {dag.py:3954} INFO - Setting next_dagrun for example_task_group to 2024-06-15 00:00:00+00:00, run_after=2024-06-16 00:00:00+00:00
[2024-06-16T08:13:39.029+0000] {processor.py:183} INFO - Processing /home/airflow/.local/lib/python3.12/site-packages/airflow/example_dags/example_task_group.py took 0.043 seconds
[2024-06-16T08:14:09.114+0000] {processor.py:161} INFO - Started process (PID=1417) to work on /home/airflow/.local/lib/python3.12/site-packages/airflow/example_dags/example_task_group.py
[2024-06-16T08:14:09.114+0000] {processor.py:830} INFO - Processing file /home/airflow/.local/lib/python3.12/site-packages/airflow/example_dags/example_task_group.py for tasks to queue
[2024-06-16T08:14:09.115+0000] {logging_mixin.py:188} INFO - [2024-06-16T08:14:09.115+0000] {dagbag.py:545} INFO - Filling up the DagBag from /home/airflow/.local/lib/python3.12/site-packages/airflow/example_dags/example_task_group.py
[2024-06-16T08:14:09.119+0000] {processor.py:840} INFO - DAG(s) 'example_task_group' retrieved from /home/airflow/.local/lib/python3.12/site-packages/airflow/example_dags/example_task_group.py
[2024-06-16T08:14:09.130+0000] {logging_mixin.py:188} INFO - [2024-06-16T08:14:09.130+0000] {dag.py:3096} INFO - Sync 1 DAGs
[2024-06-16T08:14:09.141+0000] {logging_mixin.py:188} INFO - [2024-06-16T08:14:09.141+0000] {dag.py:3954} INFO - Setting next_dagrun for example_task_group to 2024-06-15 00:00:00+00:00, run_after=2024-06-16 00:00:00+00:00
[2024-06-16T08:14:09.150+0000] {processor.py:183} INFO - Processing /home/airflow/.local/lib/python3.12/site-packages/airflow/example_dags/example_task_group.py took 0.039 seconds
[2024-06-16T08:14:39.518+0000] {processor.py:161} INFO - Started process (PID=1476) to work on /home/airflow/.local/lib/python3.12/site-packages/airflow/example_dags/example_task_group.py
[2024-06-16T08:14:39.519+0000] {processor.py:830} INFO - Processing file /home/airflow/.local/lib/python3.12/site-packages/airflow/example_dags/example_task_group.py for tasks to queue
[2024-06-16T08:14:39.520+0000] {logging_mixin.py:188} INFO - [2024-06-16T08:14:39.520+0000] {dagbag.py:545} INFO - Filling up the DagBag from /home/airflow/.local/lib/python3.12/site-packages/airflow/example_dags/example_task_group.py
[2024-06-16T08:14:39.526+0000] {processor.py:840} INFO - DAG(s) 'example_task_group' retrieved from /home/airflow/.local/lib/python3.12/site-packages/airflow/example_dags/example_task_group.py
[2024-06-16T08:14:39.546+0000] {logging_mixin.py:188} INFO - [2024-06-16T08:14:39.546+0000] {dag.py:3096} INFO - Sync 1 DAGs
[2024-06-16T08:14:39.558+0000] {logging_mixin.py:188} INFO - [2024-06-16T08:14:39.558+0000] {dag.py:3954} INFO - Setting next_dagrun for example_task_group to 2024-06-15 00:00:00+00:00, run_after=2024-06-16 00:00:00+00:00
[2024-06-16T08:14:39.567+0000] {processor.py:183} INFO - Processing /home/airflow/.local/lib/python3.12/site-packages/airflow/example_dags/example_task_group.py took 0.052 seconds
[2024-06-16T08:15:09.789+0000] {processor.py:161} INFO - Started process (PID=1535) to work on /home/airflow/.local/lib/python3.12/site-packages/airflow/example_dags/example_task_group.py
[2024-06-16T08:15:09.790+0000] {processor.py:830} INFO - Processing file /home/airflow/.local/lib/python3.12/site-packages/airflow/example_dags/example_task_group.py for tasks to queue
[2024-06-16T08:15:09.791+0000] {logging_mixin.py:188} INFO - [2024-06-16T08:15:09.791+0000] {dagbag.py:545} INFO - Filling up the DagBag from /home/airflow/.local/lib/python3.12/site-packages/airflow/example_dags/example_task_group.py
[2024-06-16T08:15:09.796+0000] {processor.py:840} INFO - DAG(s) 'example_task_group' retrieved from /home/airflow/.local/lib/python3.12/site-packages/airflow/example_dags/example_task_group.py
[2024-06-16T08:15:09.813+0000] {logging_mixin.py:188} INFO - [2024-06-16T08:15:09.813+0000] {dag.py:3096} INFO - Sync 1 DAGs
[2024-06-16T08:15:09.828+0000] {logging_mixin.py:188} INFO - [2024-06-16T08:15:09.828+0000] {dag.py:3954} INFO - Setting next_dagrun for example_task_group to 2024-06-15 00:00:00+00:00, run_after=2024-06-16 00:00:00+00:00
[2024-06-16T08:15:09.837+0000] {processor.py:183} INFO - Processing /home/airflow/.local/lib/python3.12/site-packages/airflow/example_dags/example_task_group.py took 0.051 seconds
[2024-06-16T08:15:40.123+0000] {processor.py:161} INFO - Started process (PID=1594) to work on /home/airflow/.local/lib/python3.12/site-packages/airflow/example_dags/example_task_group.py
[2024-06-16T08:15:40.124+0000] {processor.py:830} INFO - Processing file /home/airflow/.local/lib/python3.12/site-packages/airflow/example_dags/example_task_group.py for tasks to queue
[2024-06-16T08:15:40.125+0000] {logging_mixin.py:188} INFO - [2024-06-16T08:15:40.125+0000] {dagbag.py:545} INFO - Filling up the DagBag from /home/airflow/.local/lib/python3.12/site-packages/airflow/example_dags/example_task_group.py
[2024-06-16T08:15:40.129+0000] {processor.py:840} INFO - DAG(s) 'example_task_group' retrieved from /home/airflow/.local/lib/python3.12/site-packages/airflow/example_dags/example_task_group.py
[2024-06-16T08:15:40.139+0000] {logging_mixin.py:188} INFO - [2024-06-16T08:15:40.139+0000] {dag.py:3096} INFO - Sync 1 DAGs
[2024-06-16T08:15:40.148+0000] {logging_mixin.py:188} INFO - [2024-06-16T08:15:40.148+0000] {dag.py:3954} INFO - Setting next_dagrun for example_task_group to 2024-06-15 00:00:00+00:00, run_after=2024-06-16 00:00:00+00:00
[2024-06-16T08:15:40.156+0000] {processor.py:183} INFO - Processing /home/airflow/.local/lib/python3.12/site-packages/airflow/example_dags/example_task_group.py took 0.035 seconds
[2024-06-16T08:16:10.442+0000] {processor.py:161} INFO - Started process (PID=1653) to work on /home/airflow/.local/lib/python3.12/site-packages/airflow/example_dags/example_task_group.py
[2024-06-16T08:16:10.443+0000] {processor.py:830} INFO - Processing file /home/airflow/.local/lib/python3.12/site-packages/airflow/example_dags/example_task_group.py for tasks to queue
[2024-06-16T08:16:10.444+0000] {logging_mixin.py:188} INFO - [2024-06-16T08:16:10.444+0000] {dagbag.py:545} INFO - Filling up the DagBag from /home/airflow/.local/lib/python3.12/site-packages/airflow/example_dags/example_task_group.py
[2024-06-16T08:16:10.448+0000] {processor.py:840} INFO - DAG(s) 'example_task_group' retrieved from /home/airflow/.local/lib/python3.12/site-packages/airflow/example_dags/example_task_group.py
[2024-06-16T08:16:10.458+0000] {logging_mixin.py:188} INFO - [2024-06-16T08:16:10.458+0000] {dag.py:3096} INFO - Sync 1 DAGs
[2024-06-16T08:16:10.468+0000] {logging_mixin.py:188} INFO - [2024-06-16T08:16:10.468+0000] {dag.py:3954} INFO - Setting next_dagrun for example_task_group to 2024-06-15 00:00:00+00:00, run_after=2024-06-16 00:00:00+00:00
[2024-06-16T08:16:10.476+0000] {processor.py:183} INFO - Processing /home/airflow/.local/lib/python3.12/site-packages/airflow/example_dags/example_task_group.py took 0.037 seconds
[2024-06-16T08:16:40.640+0000] {processor.py:161} INFO - Started process (PID=1712) to work on /home/airflow/.local/lib/python3.12/site-packages/airflow/example_dags/example_task_group.py
[2024-06-16T08:16:40.641+0000] {processor.py:830} INFO - Processing file /home/airflow/.local/lib/python3.12/site-packages/airflow/example_dags/example_task_group.py for tasks to queue
[2024-06-16T08:16:40.642+0000] {logging_mixin.py:188} INFO - [2024-06-16T08:16:40.641+0000] {dagbag.py:545} INFO - Filling up the DagBag from /home/airflow/.local/lib/python3.12/site-packages/airflow/example_dags/example_task_group.py
[2024-06-16T08:16:40.645+0000] {processor.py:840} INFO - DAG(s) 'example_task_group' retrieved from /home/airflow/.local/lib/python3.12/site-packages/airflow/example_dags/example_task_group.py
[2024-06-16T08:16:40.655+0000] {logging_mixin.py:188} INFO - [2024-06-16T08:16:40.654+0000] {dag.py:3096} INFO - Sync 1 DAGs
[2024-06-16T08:16:40.664+0000] {logging_mixin.py:188} INFO - [2024-06-16T08:16:40.664+0000] {dag.py:3954} INFO - Setting next_dagrun for example_task_group to 2024-06-15 00:00:00+00:00, run_after=2024-06-16 00:00:00+00:00
[2024-06-16T08:16:40.672+0000] {processor.py:183} INFO - Processing /home/airflow/.local/lib/python3.12/site-packages/airflow/example_dags/example_task_group.py took 0.035 seconds
[2024-06-16T08:17:10.961+0000] {processor.py:161} INFO - Started process (PID=1771) to work on /home/airflow/.local/lib/python3.12/site-packages/airflow/example_dags/example_task_group.py
[2024-06-16T08:17:10.961+0000] {processor.py:830} INFO - Processing file /home/airflow/.local/lib/python3.12/site-packages/airflow/example_dags/example_task_group.py for tasks to queue
[2024-06-16T08:17:10.962+0000] {logging_mixin.py:188} INFO - [2024-06-16T08:17:10.962+0000] {dagbag.py:545} INFO - Filling up the DagBag from /home/airflow/.local/lib/python3.12/site-packages/airflow/example_dags/example_task_group.py
[2024-06-16T08:17:10.966+0000] {processor.py:840} INFO - DAG(s) 'example_task_group' retrieved from /home/airflow/.local/lib/python3.12/site-packages/airflow/example_dags/example_task_group.py
[2024-06-16T08:17:10.977+0000] {logging_mixin.py:188} INFO - [2024-06-16T08:17:10.976+0000] {dag.py:3096} INFO - Sync 1 DAGs
[2024-06-16T08:17:10.986+0000] {logging_mixin.py:188} INFO - [2024-06-16T08:17:10.986+0000] {dag.py:3954} INFO - Setting next_dagrun for example_task_group to 2024-06-15 00:00:00+00:00, run_after=2024-06-16 00:00:00+00:00
[2024-06-16T08:17:10.994+0000] {processor.py:183} INFO - Processing /home/airflow/.local/lib/python3.12/site-packages/airflow/example_dags/example_task_group.py took 0.036 seconds
[2024-06-16T08:17:41.254+0000] {processor.py:161} INFO - Started process (PID=1830) to work on /home/airflow/.local/lib/python3.12/site-packages/airflow/example_dags/example_task_group.py
[2024-06-16T08:17:41.255+0000] {processor.py:830} INFO - Processing file /home/airflow/.local/lib/python3.12/site-packages/airflow/example_dags/example_task_group.py for tasks to queue
[2024-06-16T08:17:41.256+0000] {logging_mixin.py:188} INFO - [2024-06-16T08:17:41.256+0000] {dagbag.py:545} INFO - Filling up the DagBag from /home/airflow/.local/lib/python3.12/site-packages/airflow/example_dags/example_task_group.py
[2024-06-16T08:17:41.260+0000] {processor.py:840} INFO - DAG(s) 'example_task_group' retrieved from /home/airflow/.local/lib/python3.12/site-packages/airflow/example_dags/example_task_group.py
[2024-06-16T08:17:41.270+0000] {logging_mixin.py:188} INFO - [2024-06-16T08:17:41.270+0000] {dag.py:3096} INFO - Sync 1 DAGs
[2024-06-16T08:17:41.280+0000] {logging_mixin.py:188} INFO - [2024-06-16T08:17:41.280+0000] {dag.py:3954} INFO - Setting next_dagrun for example_task_group to 2024-06-15 00:00:00+00:00, run_after=2024-06-16 00:00:00+00:00
[2024-06-16T08:17:41.288+0000] {processor.py:183} INFO - Processing /home/airflow/.local/lib/python3.12/site-packages/airflow/example_dags/example_task_group.py took 0.036 seconds
[2024-06-16T08:18:11.379+0000] {processor.py:161} INFO - Started process (PID=1889) to work on /home/airflow/.local/lib/python3.12/site-packages/airflow/example_dags/example_task_group.py
[2024-06-16T08:18:11.379+0000] {processor.py:830} INFO - Processing file /home/airflow/.local/lib/python3.12/site-packages/airflow/example_dags/example_task_group.py for tasks to queue
[2024-06-16T08:18:11.380+0000] {logging_mixin.py:188} INFO - [2024-06-16T08:18:11.380+0000] {dagbag.py:545} INFO - Filling up the DagBag from /home/airflow/.local/lib/python3.12/site-packages/airflow/example_dags/example_task_group.py
[2024-06-16T08:18:11.384+0000] {processor.py:840} INFO - DAG(s) 'example_task_group' retrieved from /home/airflow/.local/lib/python3.12/site-packages/airflow/example_dags/example_task_group.py
[2024-06-16T08:18:11.394+0000] {logging_mixin.py:188} INFO - [2024-06-16T08:18:11.394+0000] {dag.py:3096} INFO - Sync 1 DAGs
[2024-06-16T08:18:11.405+0000] {logging_mixin.py:188} INFO - [2024-06-16T08:18:11.405+0000] {dag.py:3954} INFO - Setting next_dagrun for example_task_group to 2024-06-15 00:00:00+00:00, run_after=2024-06-16 00:00:00+00:00
[2024-06-16T08:18:11.414+0000] {processor.py:183} INFO - Processing /home/airflow/.local/lib/python3.12/site-packages/airflow/example_dags/example_task_group.py took 0.038 seconds
[2024-06-16T08:18:42.303+0000] {processor.py:161} INFO - Started process (PID=1948) to work on /home/airflow/.local/lib/python3.12/site-packages/airflow/example_dags/example_task_group.py
[2024-06-16T08:18:42.303+0000] {processor.py:830} INFO - Processing file /home/airflow/.local/lib/python3.12/site-packages/airflow/example_dags/example_task_group.py for tasks to queue
[2024-06-16T08:18:42.304+0000] {logging_mixin.py:188} INFO - [2024-06-16T08:18:42.304+0000] {dagbag.py:545} INFO - Filling up the DagBag from /home/airflow/.local/lib/python3.12/site-packages/airflow/example_dags/example_task_group.py
[2024-06-16T08:18:42.308+0000] {processor.py:840} INFO - DAG(s) 'example_task_group' retrieved from /home/airflow/.local/lib/python3.12/site-packages/airflow/example_dags/example_task_group.py
[2024-06-16T08:18:42.318+0000] {logging_mixin.py:188} INFO - [2024-06-16T08:18:42.318+0000] {dag.py:3096} INFO - Sync 1 DAGs
[2024-06-16T08:18:42.328+0000] {logging_mixin.py:188} INFO - [2024-06-16T08:18:42.328+0000] {dag.py:3954} INFO - Setting next_dagrun for example_task_group to 2024-06-15 00:00:00+00:00, run_after=2024-06-16 00:00:00+00:00
[2024-06-16T08:18:42.336+0000] {processor.py:183} INFO - Processing /home/airflow/.local/lib/python3.12/site-packages/airflow/example_dags/example_task_group.py took 0.036 seconds
[2024-06-16T08:19:12.791+0000] {processor.py:161} INFO - Started process (PID=2007) to work on /home/airflow/.local/lib/python3.12/site-packages/airflow/example_dags/example_task_group.py
[2024-06-16T08:19:12.792+0000] {processor.py:830} INFO - Processing file /home/airflow/.local/lib/python3.12/site-packages/airflow/example_dags/example_task_group.py for tasks to queue
[2024-06-16T08:19:12.793+0000] {logging_mixin.py:188} INFO - [2024-06-16T08:19:12.793+0000] {dagbag.py:545} INFO - Filling up the DagBag from /home/airflow/.local/lib/python3.12/site-packages/airflow/example_dags/example_task_group.py
[2024-06-16T08:19:12.797+0000] {processor.py:840} INFO - DAG(s) 'example_task_group' retrieved from /home/airflow/.local/lib/python3.12/site-packages/airflow/example_dags/example_task_group.py
[2024-06-16T08:19:12.809+0000] {logging_mixin.py:188} INFO - [2024-06-16T08:19:12.809+0000] {dag.py:3096} INFO - Sync 1 DAGs
[2024-06-16T08:19:12.821+0000] {logging_mixin.py:188} INFO - [2024-06-16T08:19:12.821+0000] {dag.py:3954} INFO - Setting next_dagrun for example_task_group to 2024-06-15 00:00:00+00:00, run_after=2024-06-16 00:00:00+00:00
[2024-06-16T08:19:12.833+0000] {processor.py:183} INFO - Processing /home/airflow/.local/lib/python3.12/site-packages/airflow/example_dags/example_task_group.py took 0.044 seconds
[2024-06-16T08:22:06.304+0000] {processor.py:161} INFO - Started process (PID=62) to work on /home/airflow/.local/lib/python3.12/site-packages/airflow/example_dags/example_task_group.py
[2024-06-16T08:22:06.306+0000] {processor.py:830} INFO - Processing file /home/airflow/.local/lib/python3.12/site-packages/airflow/example_dags/example_task_group.py for tasks to queue
[2024-06-16T08:22:06.317+0000] {logging_mixin.py:188} INFO - [2024-06-16T08:22:06.315+0000] {dagbag.py:545} INFO - Filling up the DagBag from /home/airflow/.local/lib/python3.12/site-packages/airflow/example_dags/example_task_group.py
[2024-06-16T08:22:06.335+0000] {processor.py:840} INFO - DAG(s) 'example_task_group' retrieved from /home/airflow/.local/lib/python3.12/site-packages/airflow/example_dags/example_task_group.py
[2024-06-16T08:22:06.349+0000] {logging_mixin.py:188} INFO - [2024-06-16T08:22:06.349+0000] {dag.py:3096} INFO - Sync 1 DAGs
[2024-06-16T08:22:06.370+0000] {logging_mixin.py:188} INFO - [2024-06-16T08:22:06.370+0000] {dag.py:3954} INFO - Setting next_dagrun for example_task_group to 2024-06-15 00:00:00+00:00, run_after=2024-06-16 00:00:00+00:00
[2024-06-16T08:22:06.396+0000] {processor.py:183} INFO - Processing /home/airflow/.local/lib/python3.12/site-packages/airflow/example_dags/example_task_group.py took 0.097 seconds
[2024-06-16T08:22:41.528+0000] {processor.py:161} INFO - Started process (PID=121) to work on /home/airflow/.local/lib/python3.12/site-packages/airflow/example_dags/example_task_group.py
[2024-06-16T08:22:41.529+0000] {processor.py:830} INFO - Processing file /home/airflow/.local/lib/python3.12/site-packages/airflow/example_dags/example_task_group.py for tasks to queue
[2024-06-16T08:22:41.530+0000] {logging_mixin.py:188} INFO - [2024-06-16T08:22:41.530+0000] {dagbag.py:545} INFO - Filling up the DagBag from /home/airflow/.local/lib/python3.12/site-packages/airflow/example_dags/example_task_group.py
[2024-06-16T08:22:41.534+0000] {processor.py:840} INFO - DAG(s) 'example_task_group' retrieved from /home/airflow/.local/lib/python3.12/site-packages/airflow/example_dags/example_task_group.py
[2024-06-16T08:22:41.681+0000] {logging_mixin.py:188} INFO - [2024-06-16T08:22:41.681+0000] {dag.py:3096} INFO - Sync 1 DAGs
[2024-06-16T08:22:41.696+0000] {logging_mixin.py:188} INFO - [2024-06-16T08:22:41.696+0000] {dag.py:3954} INFO - Setting next_dagrun for example_task_group to 2024-06-15 00:00:00+00:00, run_after=2024-06-16 00:00:00+00:00
[2024-06-16T08:22:41.712+0000] {processor.py:183} INFO - Processing /home/airflow/.local/lib/python3.12/site-packages/airflow/example_dags/example_task_group.py took 0.187 seconds
[2024-06-16T08:23:12.496+0000] {processor.py:161} INFO - Started process (PID=180) to work on /home/airflow/.local/lib/python3.12/site-packages/airflow/example_dags/example_task_group.py
[2024-06-16T08:23:12.497+0000] {processor.py:830} INFO - Processing file /home/airflow/.local/lib/python3.12/site-packages/airflow/example_dags/example_task_group.py for tasks to queue
[2024-06-16T08:23:12.498+0000] {logging_mixin.py:188} INFO - [2024-06-16T08:23:12.498+0000] {dagbag.py:545} INFO - Filling up the DagBag from /home/airflow/.local/lib/python3.12/site-packages/airflow/example_dags/example_task_group.py
[2024-06-16T08:23:12.512+0000] {processor.py:840} INFO - DAG(s) 'example_task_group' retrieved from /home/airflow/.local/lib/python3.12/site-packages/airflow/example_dags/example_task_group.py
[2024-06-16T08:23:12.553+0000] {logging_mixin.py:188} INFO - [2024-06-16T08:23:12.553+0000] {dag.py:3096} INFO - Sync 1 DAGs
[2024-06-16T08:23:12.572+0000] {logging_mixin.py:188} INFO - [2024-06-16T08:23:12.572+0000] {dag.py:3954} INFO - Setting next_dagrun for example_task_group to 2024-06-15 00:00:00+00:00, run_after=2024-06-16 00:00:00+00:00
[2024-06-16T08:23:12.583+0000] {processor.py:183} INFO - Processing /home/airflow/.local/lib/python3.12/site-packages/airflow/example_dags/example_task_group.py took 0.090 seconds
[2024-06-16T08:26:01.231+0000] {processor.py:161} INFO - Started process (PID=61) to work on /home/airflow/.local/lib/python3.12/site-packages/airflow/example_dags/example_task_group.py
[2024-06-16T08:26:01.233+0000] {processor.py:830} INFO - Processing file /home/airflow/.local/lib/python3.12/site-packages/airflow/example_dags/example_task_group.py for tasks to queue
[2024-06-16T08:26:01.243+0000] {logging_mixin.py:188} INFO - [2024-06-16T08:26:01.242+0000] {dagbag.py:545} INFO - Filling up the DagBag from /home/airflow/.local/lib/python3.12/site-packages/airflow/example_dags/example_task_group.py
[2024-06-16T08:26:01.255+0000] {processor.py:840} INFO - DAG(s) 'example_task_group' retrieved from /home/airflow/.local/lib/python3.12/site-packages/airflow/example_dags/example_task_group.py
[2024-06-16T08:26:01.276+0000] {logging_mixin.py:188} INFO - [2024-06-16T08:26:01.275+0000] {dag.py:3096} INFO - Sync 1 DAGs
[2024-06-16T08:26:01.307+0000] {logging_mixin.py:188} INFO - [2024-06-16T08:26:01.307+0000] {dag.py:3954} INFO - Setting next_dagrun for example_task_group to 2024-06-15 00:00:00+00:00, run_after=2024-06-16 00:00:00+00:00
[2024-06-16T08:26:01.357+0000] {processor.py:183} INFO - Processing /home/airflow/.local/lib/python3.12/site-packages/airflow/example_dags/example_task_group.py took 0.145 seconds
[2024-06-16T08:26:32.295+0000] {processor.py:161} INFO - Started process (PID=119) to work on /home/airflow/.local/lib/python3.12/site-packages/airflow/example_dags/example_task_group.py
[2024-06-16T08:26:32.296+0000] {processor.py:830} INFO - Processing file /home/airflow/.local/lib/python3.12/site-packages/airflow/example_dags/example_task_group.py for tasks to queue
[2024-06-16T08:26:32.297+0000] {logging_mixin.py:188} INFO - [2024-06-16T08:26:32.297+0000] {dagbag.py:545} INFO - Filling up the DagBag from /home/airflow/.local/lib/python3.12/site-packages/airflow/example_dags/example_task_group.py
[2024-06-16T08:26:32.302+0000] {processor.py:840} INFO - DAG(s) 'example_task_group' retrieved from /home/airflow/.local/lib/python3.12/site-packages/airflow/example_dags/example_task_group.py
[2024-06-16T08:26:32.461+0000] {logging_mixin.py:188} INFO - [2024-06-16T08:26:32.461+0000] {dag.py:3096} INFO - Sync 1 DAGs
[2024-06-16T08:26:32.469+0000] {logging_mixin.py:188} INFO - [2024-06-16T08:26:32.469+0000] {dag.py:3954} INFO - Setting next_dagrun for example_task_group to 2024-06-15 00:00:00+00:00, run_after=2024-06-16 00:00:00+00:00
[2024-06-16T08:26:32.477+0000] {processor.py:183} INFO - Processing /home/airflow/.local/lib/python3.12/site-packages/airflow/example_dags/example_task_group.py took 0.186 seconds
[2024-06-16T08:27:02.772+0000] {processor.py:161} INFO - Started process (PID=178) to work on /home/airflow/.local/lib/python3.12/site-packages/airflow/example_dags/example_task_group.py
[2024-06-16T08:27:02.773+0000] {processor.py:830} INFO - Processing file /home/airflow/.local/lib/python3.12/site-packages/airflow/example_dags/example_task_group.py for tasks to queue
[2024-06-16T08:27:02.774+0000] {logging_mixin.py:188} INFO - [2024-06-16T08:27:02.774+0000] {dagbag.py:545} INFO - Filling up the DagBag from /home/airflow/.local/lib/python3.12/site-packages/airflow/example_dags/example_task_group.py
[2024-06-16T08:27:02.777+0000] {processor.py:840} INFO - DAG(s) 'example_task_group' retrieved from /home/airflow/.local/lib/python3.12/site-packages/airflow/example_dags/example_task_group.py
[2024-06-16T08:27:02.788+0000] {logging_mixin.py:188} INFO - [2024-06-16T08:27:02.788+0000] {dag.py:3096} INFO - Sync 1 DAGs
[2024-06-16T08:27:02.798+0000] {logging_mixin.py:188} INFO - [2024-06-16T08:27:02.797+0000] {dag.py:3954} INFO - Setting next_dagrun for example_task_group to 2024-06-15 00:00:00+00:00, run_after=2024-06-16 00:00:00+00:00
[2024-06-16T08:27:02.806+0000] {processor.py:183} INFO - Processing /home/airflow/.local/lib/python3.12/site-packages/airflow/example_dags/example_task_group.py took 0.037 seconds
[2024-06-16T08:27:32.825+0000] {processor.py:161} INFO - Started process (PID=237) to work on /home/airflow/.local/lib/python3.12/site-packages/airflow/example_dags/example_task_group.py
[2024-06-16T08:27:32.826+0000] {processor.py:830} INFO - Processing file /home/airflow/.local/lib/python3.12/site-packages/airflow/example_dags/example_task_group.py for tasks to queue
[2024-06-16T08:27:32.827+0000] {logging_mixin.py:188} INFO - [2024-06-16T08:27:32.827+0000] {dagbag.py:545} INFO - Filling up the DagBag from /home/airflow/.local/lib/python3.12/site-packages/airflow/example_dags/example_task_group.py
[2024-06-16T08:27:32.831+0000] {processor.py:840} INFO - DAG(s) 'example_task_group' retrieved from /home/airflow/.local/lib/python3.12/site-packages/airflow/example_dags/example_task_group.py
[2024-06-16T08:27:32.841+0000] {logging_mixin.py:188} INFO - [2024-06-16T08:27:32.841+0000] {dag.py:3096} INFO - Sync 1 DAGs
[2024-06-16T08:27:32.850+0000] {logging_mixin.py:188} INFO - [2024-06-16T08:27:32.850+0000] {dag.py:3954} INFO - Setting next_dagrun for example_task_group to 2024-06-15 00:00:00+00:00, run_after=2024-06-16 00:00:00+00:00
[2024-06-16T08:27:32.858+0000] {processor.py:183} INFO - Processing /home/airflow/.local/lib/python3.12/site-packages/airflow/example_dags/example_task_group.py took 0.035 seconds
[2024-06-16T08:28:03.283+0000] {processor.py:161} INFO - Started process (PID=296) to work on /home/airflow/.local/lib/python3.12/site-packages/airflow/example_dags/example_task_group.py
[2024-06-16T08:28:03.284+0000] {processor.py:830} INFO - Processing file /home/airflow/.local/lib/python3.12/site-packages/airflow/example_dags/example_task_group.py for tasks to queue
[2024-06-16T08:28:03.286+0000] {logging_mixin.py:188} INFO - [2024-06-16T08:28:03.285+0000] {dagbag.py:545} INFO - Filling up the DagBag from /home/airflow/.local/lib/python3.12/site-packages/airflow/example_dags/example_task_group.py
[2024-06-16T08:28:03.291+0000] {processor.py:840} INFO - DAG(s) 'example_task_group' retrieved from /home/airflow/.local/lib/python3.12/site-packages/airflow/example_dags/example_task_group.py
[2024-06-16T08:28:03.306+0000] {logging_mixin.py:188} INFO - [2024-06-16T08:28:03.306+0000] {dag.py:3096} INFO - Sync 1 DAGs
[2024-06-16T08:28:03.317+0000] {logging_mixin.py:188} INFO - [2024-06-16T08:28:03.317+0000] {dag.py:3954} INFO - Setting next_dagrun for example_task_group to 2024-06-15 00:00:00+00:00, run_after=2024-06-16 00:00:00+00:00
[2024-06-16T08:28:03.325+0000] {processor.py:183} INFO - Processing /home/airflow/.local/lib/python3.12/site-packages/airflow/example_dags/example_task_group.py took 0.045 seconds
[2024-06-16T08:28:33.587+0000] {processor.py:161} INFO - Started process (PID=355) to work on /home/airflow/.local/lib/python3.12/site-packages/airflow/example_dags/example_task_group.py
[2024-06-16T08:28:33.587+0000] {processor.py:830} INFO - Processing file /home/airflow/.local/lib/python3.12/site-packages/airflow/example_dags/example_task_group.py for tasks to queue
[2024-06-16T08:28:33.588+0000] {logging_mixin.py:188} INFO - [2024-06-16T08:28:33.588+0000] {dagbag.py:545} INFO - Filling up the DagBag from /home/airflow/.local/lib/python3.12/site-packages/airflow/example_dags/example_task_group.py
[2024-06-16T08:28:33.593+0000] {processor.py:840} INFO - DAG(s) 'example_task_group' retrieved from /home/airflow/.local/lib/python3.12/site-packages/airflow/example_dags/example_task_group.py
[2024-06-16T08:28:33.603+0000] {logging_mixin.py:188} INFO - [2024-06-16T08:28:33.603+0000] {dag.py:3096} INFO - Sync 1 DAGs
[2024-06-16T08:28:33.613+0000] {logging_mixin.py:188} INFO - [2024-06-16T08:28:33.613+0000] {dag.py:3954} INFO - Setting next_dagrun for example_task_group to 2024-06-15 00:00:00+00:00, run_after=2024-06-16 00:00:00+00:00
[2024-06-16T08:28:33.621+0000] {processor.py:183} INFO - Processing /home/airflow/.local/lib/python3.12/site-packages/airflow/example_dags/example_task_group.py took 0.037 seconds
[2024-06-16T08:29:03.845+0000] {processor.py:161} INFO - Started process (PID=414) to work on /home/airflow/.local/lib/python3.12/site-packages/airflow/example_dags/example_task_group.py
[2024-06-16T08:29:03.846+0000] {processor.py:830} INFO - Processing file /home/airflow/.local/lib/python3.12/site-packages/airflow/example_dags/example_task_group.py for tasks to queue
[2024-06-16T08:29:03.847+0000] {logging_mixin.py:188} INFO - [2024-06-16T08:29:03.847+0000] {dagbag.py:545} INFO - Filling up the DagBag from /home/airflow/.local/lib/python3.12/site-packages/airflow/example_dags/example_task_group.py
[2024-06-16T08:29:03.851+0000] {processor.py:840} INFO - DAG(s) 'example_task_group' retrieved from /home/airflow/.local/lib/python3.12/site-packages/airflow/example_dags/example_task_group.py
[2024-06-16T08:29:03.861+0000] {logging_mixin.py:188} INFO - [2024-06-16T08:29:03.860+0000] {dag.py:3096} INFO - Sync 1 DAGs
[2024-06-16T08:29:03.870+0000] {logging_mixin.py:188} INFO - [2024-06-16T08:29:03.870+0000] {dag.py:3954} INFO - Setting next_dagrun for example_task_group to 2024-06-15 00:00:00+00:00, run_after=2024-06-16 00:00:00+00:00
[2024-06-16T08:29:03.878+0000] {processor.py:183} INFO - Processing /home/airflow/.local/lib/python3.12/site-packages/airflow/example_dags/example_task_group.py took 0.036 seconds
[2024-06-16T08:32:58.028+0000] {processor.py:161} INFO - Started process (PID=62) to work on /home/airflow/.local/lib/python3.12/site-packages/airflow/example_dags/example_task_group.py
[2024-06-16T08:32:58.029+0000] {processor.py:830} INFO - Processing file /home/airflow/.local/lib/python3.12/site-packages/airflow/example_dags/example_task_group.py for tasks to queue
[2024-06-16T08:32:58.031+0000] {logging_mixin.py:188} INFO - [2024-06-16T08:32:58.031+0000] {dagbag.py:545} INFO - Filling up the DagBag from /home/airflow/.local/lib/python3.12/site-packages/airflow/example_dags/example_task_group.py
[2024-06-16T08:32:58.041+0000] {processor.py:840} INFO - DAG(s) 'example_task_group' retrieved from /home/airflow/.local/lib/python3.12/site-packages/airflow/example_dags/example_task_group.py
[2024-06-16T08:32:58.053+0000] {logging_mixin.py:188} INFO - [2024-06-16T08:32:58.053+0000] {dag.py:3096} INFO - Sync 1 DAGs
[2024-06-16T08:32:58.075+0000] {logging_mixin.py:188} INFO - [2024-06-16T08:32:58.075+0000] {dag.py:3954} INFO - Setting next_dagrun for example_task_group to 2024-06-15 00:00:00+00:00, run_after=2024-06-16 00:00:00+00:00
[2024-06-16T08:32:58.087+0000] {processor.py:183} INFO - Processing /home/airflow/.local/lib/python3.12/site-packages/airflow/example_dags/example_task_group.py took 0.071 seconds
[2024-06-16T08:33:28.483+0000] {processor.py:161} INFO - Started process (PID=120) to work on /home/airflow/.local/lib/python3.12/site-packages/airflow/example_dags/example_task_group.py
[2024-06-16T08:33:28.484+0000] {processor.py:830} INFO - Processing file /home/airflow/.local/lib/python3.12/site-packages/airflow/example_dags/example_task_group.py for tasks to queue
[2024-06-16T08:33:28.486+0000] {logging_mixin.py:188} INFO - [2024-06-16T08:33:28.485+0000] {dagbag.py:545} INFO - Filling up the DagBag from /home/airflow/.local/lib/python3.12/site-packages/airflow/example_dags/example_task_group.py
[2024-06-16T08:33:28.490+0000] {processor.py:840} INFO - DAG(s) 'example_task_group' retrieved from /home/airflow/.local/lib/python3.12/site-packages/airflow/example_dags/example_task_group.py
[2024-06-16T08:33:28.628+0000] {logging_mixin.py:188} INFO - [2024-06-16T08:33:28.628+0000] {dag.py:3096} INFO - Sync 1 DAGs
[2024-06-16T08:33:28.637+0000] {logging_mixin.py:188} INFO - [2024-06-16T08:33:28.637+0000] {dag.py:3954} INFO - Setting next_dagrun for example_task_group to 2024-06-15 00:00:00+00:00, run_after=2024-06-16 00:00:00+00:00
[2024-06-16T08:33:28.648+0000] {processor.py:183} INFO - Processing /home/airflow/.local/lib/python3.12/site-packages/airflow/example_dags/example_task_group.py took 0.171 seconds
[2024-06-16T08:33:59.178+0000] {processor.py:161} INFO - Started process (PID=179) to work on /home/airflow/.local/lib/python3.12/site-packages/airflow/example_dags/example_task_group.py
[2024-06-16T08:33:59.179+0000] {processor.py:830} INFO - Processing file /home/airflow/.local/lib/python3.12/site-packages/airflow/example_dags/example_task_group.py for tasks to queue
[2024-06-16T08:33:59.180+0000] {logging_mixin.py:188} INFO - [2024-06-16T08:33:59.180+0000] {dagbag.py:545} INFO - Filling up the DagBag from /home/airflow/.local/lib/python3.12/site-packages/airflow/example_dags/example_task_group.py
[2024-06-16T08:33:59.183+0000] {processor.py:840} INFO - DAG(s) 'example_task_group' retrieved from /home/airflow/.local/lib/python3.12/site-packages/airflow/example_dags/example_task_group.py
[2024-06-16T08:33:59.195+0000] {logging_mixin.py:188} INFO - [2024-06-16T08:33:59.195+0000] {dag.py:3096} INFO - Sync 1 DAGs
[2024-06-16T08:33:59.205+0000] {logging_mixin.py:188} INFO - [2024-06-16T08:33:59.205+0000] {dag.py:3954} INFO - Setting next_dagrun for example_task_group to 2024-06-15 00:00:00+00:00, run_after=2024-06-16 00:00:00+00:00
[2024-06-16T08:33:59.213+0000] {processor.py:183} INFO - Processing /home/airflow/.local/lib/python3.12/site-packages/airflow/example_dags/example_task_group.py took 0.038 seconds
[2024-06-16T08:34:29.591+0000] {processor.py:161} INFO - Started process (PID=238) to work on /home/airflow/.local/lib/python3.12/site-packages/airflow/example_dags/example_task_group.py
[2024-06-16T08:34:29.592+0000] {processor.py:830} INFO - Processing file /home/airflow/.local/lib/python3.12/site-packages/airflow/example_dags/example_task_group.py for tasks to queue
[2024-06-16T08:34:29.593+0000] {logging_mixin.py:188} INFO - [2024-06-16T08:34:29.593+0000] {dagbag.py:545} INFO - Filling up the DagBag from /home/airflow/.local/lib/python3.12/site-packages/airflow/example_dags/example_task_group.py
[2024-06-16T08:34:29.597+0000] {processor.py:840} INFO - DAG(s) 'example_task_group' retrieved from /home/airflow/.local/lib/python3.12/site-packages/airflow/example_dags/example_task_group.py
[2024-06-16T08:34:29.608+0000] {logging_mixin.py:188} INFO - [2024-06-16T08:34:29.608+0000] {dag.py:3096} INFO - Sync 1 DAGs
[2024-06-16T08:34:29.619+0000] {logging_mixin.py:188} INFO - [2024-06-16T08:34:29.619+0000] {dag.py:3954} INFO - Setting next_dagrun for example_task_group to 2024-06-15 00:00:00+00:00, run_after=2024-06-16 00:00:00+00:00
[2024-06-16T08:34:29.627+0000] {processor.py:183} INFO - Processing /home/airflow/.local/lib/python3.12/site-packages/airflow/example_dags/example_task_group.py took 0.038 seconds
[2024-06-16T08:35:24.508+0000] {processor.py:161} INFO - Started process (PID=62) to work on /home/airflow/.local/lib/python3.12/site-packages/airflow/example_dags/example_task_group.py
[2024-06-16T08:35:24.509+0000] {processor.py:830} INFO - Processing file /home/airflow/.local/lib/python3.12/site-packages/airflow/example_dags/example_task_group.py for tasks to queue
[2024-06-16T08:35:24.512+0000] {logging_mixin.py:188} INFO - [2024-06-16T08:35:24.512+0000] {dagbag.py:545} INFO - Filling up the DagBag from /home/airflow/.local/lib/python3.12/site-packages/airflow/example_dags/example_task_group.py
[2024-06-16T08:35:24.552+0000] {processor.py:840} INFO - DAG(s) 'example_task_group' retrieved from /home/airflow/.local/lib/python3.12/site-packages/airflow/example_dags/example_task_group.py
[2024-06-16T08:35:24.601+0000] {logging_mixin.py:188} INFO - [2024-06-16T08:35:24.600+0000] {dag.py:3096} INFO - Sync 1 DAGs
[2024-06-16T08:35:24.649+0000] {logging_mixin.py:188} INFO - [2024-06-16T08:35:24.649+0000] {dag.py:3954} INFO - Setting next_dagrun for example_task_group to 2024-06-15 00:00:00+00:00, run_after=2024-06-16 00:00:00+00:00
[2024-06-16T08:35:24.688+0000] {processor.py:183} INFO - Processing /home/airflow/.local/lib/python3.12/site-packages/airflow/example_dags/example_task_group.py took 0.186 seconds
[2024-06-16T08:35:57.065+0000] {processor.py:161} INFO - Started process (PID=120) to work on /home/airflow/.local/lib/python3.12/site-packages/airflow/example_dags/example_task_group.py
[2024-06-16T08:35:57.066+0000] {processor.py:830} INFO - Processing file /home/airflow/.local/lib/python3.12/site-packages/airflow/example_dags/example_task_group.py for tasks to queue
[2024-06-16T08:35:57.067+0000] {logging_mixin.py:188} INFO - [2024-06-16T08:35:57.067+0000] {dagbag.py:545} INFO - Filling up the DagBag from /home/airflow/.local/lib/python3.12/site-packages/airflow/example_dags/example_task_group.py
[2024-06-16T08:35:57.074+0000] {processor.py:840} INFO - DAG(s) 'example_task_group' retrieved from /home/airflow/.local/lib/python3.12/site-packages/airflow/example_dags/example_task_group.py
[2024-06-16T08:35:57.266+0000] {logging_mixin.py:188} INFO - [2024-06-16T08:35:57.266+0000] {dag.py:3096} INFO - Sync 1 DAGs
[2024-06-16T08:35:57.274+0000] {logging_mixin.py:188} INFO - [2024-06-16T08:35:57.274+0000] {dag.py:3954} INFO - Setting next_dagrun for example_task_group to 2024-06-15 00:00:00+00:00, run_after=2024-06-16 00:00:00+00:00
[2024-06-16T08:35:57.283+0000] {processor.py:183} INFO - Processing /home/airflow/.local/lib/python3.12/site-packages/airflow/example_dags/example_task_group.py took 0.222 seconds
[2024-06-16T08:36:27.919+0000] {processor.py:161} INFO - Started process (PID=179) to work on /home/airflow/.local/lib/python3.12/site-packages/airflow/example_dags/example_task_group.py
[2024-06-16T08:36:27.920+0000] {processor.py:830} INFO - Processing file /home/airflow/.local/lib/python3.12/site-packages/airflow/example_dags/example_task_group.py for tasks to queue
[2024-06-16T08:36:27.921+0000] {logging_mixin.py:188} INFO - [2024-06-16T08:36:27.921+0000] {dagbag.py:545} INFO - Filling up the DagBag from /home/airflow/.local/lib/python3.12/site-packages/airflow/example_dags/example_task_group.py
[2024-06-16T08:36:27.925+0000] {processor.py:840} INFO - DAG(s) 'example_task_group' retrieved from /home/airflow/.local/lib/python3.12/site-packages/airflow/example_dags/example_task_group.py
[2024-06-16T08:36:27.935+0000] {logging_mixin.py:188} INFO - [2024-06-16T08:36:27.935+0000] {dag.py:3096} INFO - Sync 1 DAGs
[2024-06-16T08:36:27.945+0000] {logging_mixin.py:188} INFO - [2024-06-16T08:36:27.945+0000] {dag.py:3954} INFO - Setting next_dagrun for example_task_group to 2024-06-15 00:00:00+00:00, run_after=2024-06-16 00:00:00+00:00
[2024-06-16T08:36:27.953+0000] {processor.py:183} INFO - Processing /home/airflow/.local/lib/python3.12/site-packages/airflow/example_dags/example_task_group.py took 0.036 seconds
[2024-06-16T08:36:58.481+0000] {processor.py:161} INFO - Started process (PID=238) to work on /home/airflow/.local/lib/python3.12/site-packages/airflow/example_dags/example_task_group.py
[2024-06-16T08:36:58.482+0000] {processor.py:830} INFO - Processing file /home/airflow/.local/lib/python3.12/site-packages/airflow/example_dags/example_task_group.py for tasks to queue
[2024-06-16T08:36:58.483+0000] {logging_mixin.py:188} INFO - [2024-06-16T08:36:58.483+0000] {dagbag.py:545} INFO - Filling up the DagBag from /home/airflow/.local/lib/python3.12/site-packages/airflow/example_dags/example_task_group.py
[2024-06-16T08:36:58.487+0000] {processor.py:840} INFO - DAG(s) 'example_task_group' retrieved from /home/airflow/.local/lib/python3.12/site-packages/airflow/example_dags/example_task_group.py
[2024-06-16T08:36:58.498+0000] {logging_mixin.py:188} INFO - [2024-06-16T08:36:58.498+0000] {dag.py:3096} INFO - Sync 1 DAGs
[2024-06-16T08:36:58.510+0000] {logging_mixin.py:188} INFO - [2024-06-16T08:36:58.509+0000] {dag.py:3954} INFO - Setting next_dagrun for example_task_group to 2024-06-15 00:00:00+00:00, run_after=2024-06-16 00:00:00+00:00
[2024-06-16T08:36:58.518+0000] {processor.py:183} INFO - Processing /home/airflow/.local/lib/python3.12/site-packages/airflow/example_dags/example_task_group.py took 0.040 seconds
[2024-06-16T08:37:29.308+0000] {processor.py:161} INFO - Started process (PID=297) to work on /home/airflow/.local/lib/python3.12/site-packages/airflow/example_dags/example_task_group.py
[2024-06-16T08:37:29.308+0000] {processor.py:830} INFO - Processing file /home/airflow/.local/lib/python3.12/site-packages/airflow/example_dags/example_task_group.py for tasks to queue
[2024-06-16T08:37:29.309+0000] {logging_mixin.py:188} INFO - [2024-06-16T08:37:29.309+0000] {dagbag.py:545} INFO - Filling up the DagBag from /home/airflow/.local/lib/python3.12/site-packages/airflow/example_dags/example_task_group.py
[2024-06-16T08:37:29.315+0000] {processor.py:840} INFO - DAG(s) 'example_task_group' retrieved from /home/airflow/.local/lib/python3.12/site-packages/airflow/example_dags/example_task_group.py
[2024-06-16T08:37:29.331+0000] {logging_mixin.py:188} INFO - [2024-06-16T08:37:29.331+0000] {dag.py:3096} INFO - Sync 1 DAGs
[2024-06-16T08:37:29.343+0000] {logging_mixin.py:188} INFO - [2024-06-16T08:37:29.343+0000] {dag.py:3954} INFO - Setting next_dagrun for example_task_group to 2024-06-15 00:00:00+00:00, run_after=2024-06-16 00:00:00+00:00
[2024-06-16T08:37:29.351+0000] {processor.py:183} INFO - Processing /home/airflow/.local/lib/python3.12/site-packages/airflow/example_dags/example_task_group.py took 0.048 seconds
