[2024-06-16T07:55:03.938+0000] {processor.py:161} INFO - Started process (PID=72) to work on /home/airflow/.local/lib/python3.12/site-packages/airflow/example_dags/example_complex.py
[2024-06-16T07:55:03.940+0000] {processor.py:830} INFO - Processing file /home/airflow/.local/lib/python3.12/site-packages/airflow/example_dags/example_complex.py for tasks to queue
[2024-06-16T07:55:03.943+0000] {logging_mixin.py:188} INFO - [2024-06-16T07:55:03.943+0000] {dagbag.py:545} INFO - Filling up the DagBag from /home/airflow/.local/lib/python3.12/site-packages/airflow/example_dags/example_complex.py
[2024-06-16T07:55:03.963+0000] {processor.py:840} INFO - DAG(s) 'example_complex' retrieved from /home/airflow/.local/lib/python3.12/site-packages/airflow/example_dags/example_complex.py
[2024-06-16T07:55:03.996+0000] {logging_mixin.py:188} INFO - [2024-06-16T07:55:03.995+0000] {dag.py:3096} INFO - Sync 1 DAGs
[2024-06-16T07:55:04.053+0000] {logging_mixin.py:188} INFO - [2024-06-16T07:55:04.052+0000] {dag.py:3954} INFO - Setting next_dagrun for example_complex to None, run_after=None
[2024-06-16T07:55:04.107+0000] {processor.py:183} INFO - Processing /home/airflow/.local/lib/python3.12/site-packages/airflow/example_dags/example_complex.py took 0.177 seconds
[2024-06-16T07:55:36.446+0000] {processor.py:161} INFO - Started process (PID=130) to work on /home/airflow/.local/lib/python3.12/site-packages/airflow/example_dags/example_complex.py
[2024-06-16T07:55:36.447+0000] {processor.py:830} INFO - Processing file /home/airflow/.local/lib/python3.12/site-packages/airflow/example_dags/example_complex.py for tasks to queue
[2024-06-16T07:55:36.449+0000] {logging_mixin.py:188} INFO - [2024-06-16T07:55:36.449+0000] {dagbag.py:545} INFO - Filling up the DagBag from /home/airflow/.local/lib/python3.12/site-packages/airflow/example_dags/example_complex.py
[2024-06-16T07:55:36.458+0000] {processor.py:840} INFO - DAG(s) 'example_complex' retrieved from /home/airflow/.local/lib/python3.12/site-packages/airflow/example_dags/example_complex.py
[2024-06-16T07:55:36.553+0000] {logging_mixin.py:188} INFO - [2024-06-16T07:55:36.552+0000] {dag.py:3096} INFO - Sync 1 DAGs
[2024-06-16T07:55:36.730+0000] {logging_mixin.py:188} INFO - [2024-06-16T07:55:36.730+0000] {dag.py:3954} INFO - Setting next_dagrun for example_complex to None, run_after=None
[2024-06-16T07:55:36.747+0000] {processor.py:183} INFO - Processing /home/airflow/.local/lib/python3.12/site-packages/airflow/example_dags/example_complex.py took 0.305 seconds
[2024-06-16T07:56:06.796+0000] {processor.py:161} INFO - Started process (PID=188) to work on /home/airflow/.local/lib/python3.12/site-packages/airflow/example_dags/example_complex.py
[2024-06-16T07:56:06.797+0000] {processor.py:830} INFO - Processing file /home/airflow/.local/lib/python3.12/site-packages/airflow/example_dags/example_complex.py for tasks to queue
[2024-06-16T07:56:06.797+0000] {logging_mixin.py:188} INFO - [2024-06-16T07:56:06.797+0000] {dagbag.py:545} INFO - Filling up the DagBag from /home/airflow/.local/lib/python3.12/site-packages/airflow/example_dags/example_complex.py
[2024-06-16T07:56:06.802+0000] {processor.py:840} INFO - DAG(s) 'example_complex' retrieved from /home/airflow/.local/lib/python3.12/site-packages/airflow/example_dags/example_complex.py
[2024-06-16T07:56:06.818+0000] {logging_mixin.py:188} INFO - [2024-06-16T07:56:06.818+0000] {dag.py:3096} INFO - Sync 1 DAGs
[2024-06-16T07:56:06.824+0000] {logging_mixin.py:188} INFO - [2024-06-16T07:56:06.824+0000] {dag.py:3954} INFO - Setting next_dagrun for example_complex to None, run_after=None
[2024-06-16T07:56:06.832+0000] {processor.py:183} INFO - Processing /home/airflow/.local/lib/python3.12/site-packages/airflow/example_dags/example_complex.py took 0.039 seconds
[2024-06-16T07:56:37.154+0000] {processor.py:161} INFO - Started process (PID=247) to work on /home/airflow/.local/lib/python3.12/site-packages/airflow/example_dags/example_complex.py
[2024-06-16T07:56:37.155+0000] {processor.py:830} INFO - Processing file /home/airflow/.local/lib/python3.12/site-packages/airflow/example_dags/example_complex.py for tasks to queue
[2024-06-16T07:56:37.156+0000] {logging_mixin.py:188} INFO - [2024-06-16T07:56:37.156+0000] {dagbag.py:545} INFO - Filling up the DagBag from /home/airflow/.local/lib/python3.12/site-packages/airflow/example_dags/example_complex.py
[2024-06-16T07:56:37.161+0000] {processor.py:840} INFO - DAG(s) 'example_complex' retrieved from /home/airflow/.local/lib/python3.12/site-packages/airflow/example_dags/example_complex.py
[2024-06-16T07:56:37.175+0000] {logging_mixin.py:188} INFO - [2024-06-16T07:56:37.174+0000] {dag.py:3096} INFO - Sync 1 DAGs
[2024-06-16T07:56:37.180+0000] {logging_mixin.py:188} INFO - [2024-06-16T07:56:37.180+0000] {dag.py:3954} INFO - Setting next_dagrun for example_complex to None, run_after=None
[2024-06-16T07:56:37.188+0000] {processor.py:183} INFO - Processing /home/airflow/.local/lib/python3.12/site-packages/airflow/example_dags/example_complex.py took 0.037 seconds
[2024-06-16T07:57:07.882+0000] {processor.py:161} INFO - Started process (PID=306) to work on /home/airflow/.local/lib/python3.12/site-packages/airflow/example_dags/example_complex.py
[2024-06-16T07:57:07.882+0000] {processor.py:830} INFO - Processing file /home/airflow/.local/lib/python3.12/site-packages/airflow/example_dags/example_complex.py for tasks to queue
[2024-06-16T07:57:07.883+0000] {logging_mixin.py:188} INFO - [2024-06-16T07:57:07.883+0000] {dagbag.py:545} INFO - Filling up the DagBag from /home/airflow/.local/lib/python3.12/site-packages/airflow/example_dags/example_complex.py
[2024-06-16T07:57:07.889+0000] {processor.py:840} INFO - DAG(s) 'example_complex' retrieved from /home/airflow/.local/lib/python3.12/site-packages/airflow/example_dags/example_complex.py
[2024-06-16T07:57:07.904+0000] {logging_mixin.py:188} INFO - [2024-06-16T07:57:07.904+0000] {dag.py:3096} INFO - Sync 1 DAGs
[2024-06-16T07:57:07.910+0000] {logging_mixin.py:188} INFO - [2024-06-16T07:57:07.910+0000] {dag.py:3954} INFO - Setting next_dagrun for example_complex to None, run_after=None
[2024-06-16T07:57:07.918+0000] {processor.py:183} INFO - Processing /home/airflow/.local/lib/python3.12/site-packages/airflow/example_dags/example_complex.py took 0.040 seconds
[2024-06-16T07:57:38.006+0000] {processor.py:161} INFO - Started process (PID=365) to work on /home/airflow/.local/lib/python3.12/site-packages/airflow/example_dags/example_complex.py
[2024-06-16T07:57:38.007+0000] {processor.py:830} INFO - Processing file /home/airflow/.local/lib/python3.12/site-packages/airflow/example_dags/example_complex.py for tasks to queue
[2024-06-16T07:57:38.008+0000] {logging_mixin.py:188} INFO - [2024-06-16T07:57:38.008+0000] {dagbag.py:545} INFO - Filling up the DagBag from /home/airflow/.local/lib/python3.12/site-packages/airflow/example_dags/example_complex.py
[2024-06-16T07:57:38.013+0000] {processor.py:840} INFO - DAG(s) 'example_complex' retrieved from /home/airflow/.local/lib/python3.12/site-packages/airflow/example_dags/example_complex.py
[2024-06-16T07:57:38.025+0000] {logging_mixin.py:188} INFO - [2024-06-16T07:57:38.025+0000] {dag.py:3096} INFO - Sync 1 DAGs
[2024-06-16T07:57:38.031+0000] {logging_mixin.py:188} INFO - [2024-06-16T07:57:38.031+0000] {dag.py:3954} INFO - Setting next_dagrun for example_complex to None, run_after=None
[2024-06-16T07:57:38.038+0000] {processor.py:183} INFO - Processing /home/airflow/.local/lib/python3.12/site-packages/airflow/example_dags/example_complex.py took 0.035 seconds
[2024-06-16T07:58:08.567+0000] {processor.py:161} INFO - Started process (PID=424) to work on /home/airflow/.local/lib/python3.12/site-packages/airflow/example_dags/example_complex.py
[2024-06-16T07:58:08.568+0000] {processor.py:830} INFO - Processing file /home/airflow/.local/lib/python3.12/site-packages/airflow/example_dags/example_complex.py for tasks to queue
[2024-06-16T07:58:08.569+0000] {logging_mixin.py:188} INFO - [2024-06-16T07:58:08.569+0000] {dagbag.py:545} INFO - Filling up the DagBag from /home/airflow/.local/lib/python3.12/site-packages/airflow/example_dags/example_complex.py
[2024-06-16T07:58:08.574+0000] {processor.py:840} INFO - DAG(s) 'example_complex' retrieved from /home/airflow/.local/lib/python3.12/site-packages/airflow/example_dags/example_complex.py
[2024-06-16T07:58:08.587+0000] {logging_mixin.py:188} INFO - [2024-06-16T07:58:08.587+0000] {dag.py:3096} INFO - Sync 1 DAGs
[2024-06-16T07:58:08.592+0000] {logging_mixin.py:188} INFO - [2024-06-16T07:58:08.592+0000] {dag.py:3954} INFO - Setting next_dagrun for example_complex to None, run_after=None
[2024-06-16T07:58:08.600+0000] {processor.py:183} INFO - Processing /home/airflow/.local/lib/python3.12/site-packages/airflow/example_dags/example_complex.py took 0.035 seconds
[2024-06-16T07:58:39.054+0000] {processor.py:161} INFO - Started process (PID=483) to work on /home/airflow/.local/lib/python3.12/site-packages/airflow/example_dags/example_complex.py
[2024-06-16T07:58:39.055+0000] {processor.py:830} INFO - Processing file /home/airflow/.local/lib/python3.12/site-packages/airflow/example_dags/example_complex.py for tasks to queue
[2024-06-16T07:58:39.056+0000] {logging_mixin.py:188} INFO - [2024-06-16T07:58:39.056+0000] {dagbag.py:545} INFO - Filling up the DagBag from /home/airflow/.local/lib/python3.12/site-packages/airflow/example_dags/example_complex.py
[2024-06-16T07:58:39.061+0000] {processor.py:840} INFO - DAG(s) 'example_complex' retrieved from /home/airflow/.local/lib/python3.12/site-packages/airflow/example_dags/example_complex.py
[2024-06-16T07:58:39.074+0000] {logging_mixin.py:188} INFO - [2024-06-16T07:58:39.074+0000] {dag.py:3096} INFO - Sync 1 DAGs
[2024-06-16T07:58:39.079+0000] {logging_mixin.py:188} INFO - [2024-06-16T07:58:39.079+0000] {dag.py:3954} INFO - Setting next_dagrun for example_complex to None, run_after=None
[2024-06-16T07:58:39.087+0000] {processor.py:183} INFO - Processing /home/airflow/.local/lib/python3.12/site-packages/airflow/example_dags/example_complex.py took 0.035 seconds
[2024-06-16T07:59:09.324+0000] {processor.py:161} INFO - Started process (PID=542) to work on /home/airflow/.local/lib/python3.12/site-packages/airflow/example_dags/example_complex.py
[2024-06-16T07:59:09.325+0000] {processor.py:830} INFO - Processing file /home/airflow/.local/lib/python3.12/site-packages/airflow/example_dags/example_complex.py for tasks to queue
[2024-06-16T07:59:09.325+0000] {logging_mixin.py:188} INFO - [2024-06-16T07:59:09.325+0000] {dagbag.py:545} INFO - Filling up the DagBag from /home/airflow/.local/lib/python3.12/site-packages/airflow/example_dags/example_complex.py
[2024-06-16T07:59:09.331+0000] {processor.py:840} INFO - DAG(s) 'example_complex' retrieved from /home/airflow/.local/lib/python3.12/site-packages/airflow/example_dags/example_complex.py
[2024-06-16T07:59:09.344+0000] {logging_mixin.py:188} INFO - [2024-06-16T07:59:09.343+0000] {dag.py:3096} INFO - Sync 1 DAGs
[2024-06-16T07:59:09.349+0000] {logging_mixin.py:188} INFO - [2024-06-16T07:59:09.349+0000] {dag.py:3954} INFO - Setting next_dagrun for example_complex to None, run_after=None
[2024-06-16T07:59:09.357+0000] {processor.py:183} INFO - Processing /home/airflow/.local/lib/python3.12/site-packages/airflow/example_dags/example_complex.py took 0.035 seconds
[2024-06-16T07:59:39.800+0000] {processor.py:161} INFO - Started process (PID=602) to work on /home/airflow/.local/lib/python3.12/site-packages/airflow/example_dags/example_complex.py
[2024-06-16T07:59:39.801+0000] {processor.py:830} INFO - Processing file /home/airflow/.local/lib/python3.12/site-packages/airflow/example_dags/example_complex.py for tasks to queue
[2024-06-16T07:59:39.802+0000] {logging_mixin.py:188} INFO - [2024-06-16T07:59:39.802+0000] {dagbag.py:545} INFO - Filling up the DagBag from /home/airflow/.local/lib/python3.12/site-packages/airflow/example_dags/example_complex.py
[2024-06-16T07:59:39.807+0000] {processor.py:840} INFO - DAG(s) 'example_complex' retrieved from /home/airflow/.local/lib/python3.12/site-packages/airflow/example_dags/example_complex.py
[2024-06-16T07:59:39.823+0000] {logging_mixin.py:188} INFO - [2024-06-16T07:59:39.823+0000] {dag.py:3096} INFO - Sync 1 DAGs
[2024-06-16T07:59:39.829+0000] {logging_mixin.py:188} INFO - [2024-06-16T07:59:39.829+0000] {dag.py:3954} INFO - Setting next_dagrun for example_complex to None, run_after=None
[2024-06-16T07:59:39.842+0000] {processor.py:183} INFO - Processing /home/airflow/.local/lib/python3.12/site-packages/airflow/example_dags/example_complex.py took 0.045 seconds
[2024-06-16T08:00:09.933+0000] {processor.py:161} INFO - Started process (PID=661) to work on /home/airflow/.local/lib/python3.12/site-packages/airflow/example_dags/example_complex.py
[2024-06-16T08:00:09.934+0000] {processor.py:830} INFO - Processing file /home/airflow/.local/lib/python3.12/site-packages/airflow/example_dags/example_complex.py for tasks to queue
[2024-06-16T08:00:09.935+0000] {logging_mixin.py:188} INFO - [2024-06-16T08:00:09.935+0000] {dagbag.py:545} INFO - Filling up the DagBag from /home/airflow/.local/lib/python3.12/site-packages/airflow/example_dags/example_complex.py
[2024-06-16T08:00:09.940+0000] {processor.py:840} INFO - DAG(s) 'example_complex' retrieved from /home/airflow/.local/lib/python3.12/site-packages/airflow/example_dags/example_complex.py
[2024-06-16T08:00:09.959+0000] {logging_mixin.py:188} INFO - [2024-06-16T08:00:09.959+0000] {dag.py:3096} INFO - Sync 1 DAGs
[2024-06-16T08:00:09.965+0000] {logging_mixin.py:188} INFO - [2024-06-16T08:00:09.965+0000] {dag.py:3954} INFO - Setting next_dagrun for example_complex to None, run_after=None
[2024-06-16T08:00:09.973+0000] {processor.py:183} INFO - Processing /home/airflow/.local/lib/python3.12/site-packages/airflow/example_dags/example_complex.py took 0.043 seconds
[2024-06-16T08:00:40.241+0000] {processor.py:161} INFO - Started process (PID=720) to work on /home/airflow/.local/lib/python3.12/site-packages/airflow/example_dags/example_complex.py
[2024-06-16T08:00:40.241+0000] {processor.py:830} INFO - Processing file /home/airflow/.local/lib/python3.12/site-packages/airflow/example_dags/example_complex.py for tasks to queue
[2024-06-16T08:00:40.242+0000] {logging_mixin.py:188} INFO - [2024-06-16T08:00:40.242+0000] {dagbag.py:545} INFO - Filling up the DagBag from /home/airflow/.local/lib/python3.12/site-packages/airflow/example_dags/example_complex.py
[2024-06-16T08:00:40.247+0000] {processor.py:840} INFO - DAG(s) 'example_complex' retrieved from /home/airflow/.local/lib/python3.12/site-packages/airflow/example_dags/example_complex.py
[2024-06-16T08:00:40.264+0000] {logging_mixin.py:188} INFO - [2024-06-16T08:00:40.264+0000] {dag.py:3096} INFO - Sync 1 DAGs
[2024-06-16T08:00:40.270+0000] {logging_mixin.py:188} INFO - [2024-06-16T08:00:40.269+0000] {dag.py:3954} INFO - Setting next_dagrun for example_complex to None, run_after=None
[2024-06-16T08:00:40.278+0000] {processor.py:183} INFO - Processing /home/airflow/.local/lib/python3.12/site-packages/airflow/example_dags/example_complex.py took 0.040 seconds
[2024-06-16T08:01:10.632+0000] {processor.py:161} INFO - Started process (PID=779) to work on /home/airflow/.local/lib/python3.12/site-packages/airflow/example_dags/example_complex.py
[2024-06-16T08:01:10.633+0000] {processor.py:830} INFO - Processing file /home/airflow/.local/lib/python3.12/site-packages/airflow/example_dags/example_complex.py for tasks to queue
[2024-06-16T08:01:10.634+0000] {logging_mixin.py:188} INFO - [2024-06-16T08:01:10.634+0000] {dagbag.py:545} INFO - Filling up the DagBag from /home/airflow/.local/lib/python3.12/site-packages/airflow/example_dags/example_complex.py
[2024-06-16T08:01:10.639+0000] {processor.py:840} INFO - DAG(s) 'example_complex' retrieved from /home/airflow/.local/lib/python3.12/site-packages/airflow/example_dags/example_complex.py
[2024-06-16T08:01:10.652+0000] {logging_mixin.py:188} INFO - [2024-06-16T08:01:10.652+0000] {dag.py:3096} INFO - Sync 1 DAGs
[2024-06-16T08:01:10.657+0000] {logging_mixin.py:188} INFO - [2024-06-16T08:01:10.657+0000] {dag.py:3954} INFO - Setting next_dagrun for example_complex to None, run_after=None
[2024-06-16T08:01:10.665+0000] {processor.py:183} INFO - Processing /home/airflow/.local/lib/python3.12/site-packages/airflow/example_dags/example_complex.py took 0.035 seconds
[2024-06-16T08:01:40.719+0000] {processor.py:161} INFO - Started process (PID=839) to work on /home/airflow/.local/lib/python3.12/site-packages/airflow/example_dags/example_complex.py
[2024-06-16T08:01:40.719+0000] {processor.py:830} INFO - Processing file /home/airflow/.local/lib/python3.12/site-packages/airflow/example_dags/example_complex.py for tasks to queue
[2024-06-16T08:01:40.721+0000] {logging_mixin.py:188} INFO - [2024-06-16T08:01:40.721+0000] {dagbag.py:545} INFO - Filling up the DagBag from /home/airflow/.local/lib/python3.12/site-packages/airflow/example_dags/example_complex.py
[2024-06-16T08:01:40.726+0000] {processor.py:840} INFO - DAG(s) 'example_complex' retrieved from /home/airflow/.local/lib/python3.12/site-packages/airflow/example_dags/example_complex.py
[2024-06-16T08:01:40.745+0000] {logging_mixin.py:188} INFO - [2024-06-16T08:01:40.745+0000] {dag.py:3096} INFO - Sync 1 DAGs
[2024-06-16T08:01:40.750+0000] {logging_mixin.py:188} INFO - [2024-06-16T08:01:40.750+0000] {dag.py:3954} INFO - Setting next_dagrun for example_complex to None, run_after=None
[2024-06-16T08:01:40.759+0000] {processor.py:183} INFO - Processing /home/airflow/.local/lib/python3.12/site-packages/airflow/example_dags/example_complex.py took 0.043 seconds
[2024-06-16T08:02:26.314+0000] {processor.py:161} INFO - Started process (PID=71) to work on /home/airflow/.local/lib/python3.12/site-packages/airflow/example_dags/example_complex.py
[2024-06-16T08:02:26.315+0000] {processor.py:830} INFO - Processing file /home/airflow/.local/lib/python3.12/site-packages/airflow/example_dags/example_complex.py for tasks to queue
[2024-06-16T08:02:26.316+0000] {logging_mixin.py:188} INFO - [2024-06-16T08:02:26.316+0000] {dagbag.py:545} INFO - Filling up the DagBag from /home/airflow/.local/lib/python3.12/site-packages/airflow/example_dags/example_complex.py
[2024-06-16T08:02:26.322+0000] {processor.py:840} INFO - DAG(s) 'example_complex' retrieved from /home/airflow/.local/lib/python3.12/site-packages/airflow/example_dags/example_complex.py
[2024-06-16T08:02:26.338+0000] {logging_mixin.py:188} INFO - [2024-06-16T08:02:26.338+0000] {dag.py:3096} INFO - Sync 1 DAGs
[2024-06-16T08:02:26.356+0000] {logging_mixin.py:188} INFO - [2024-06-16T08:02:26.355+0000] {dag.py:3954} INFO - Setting next_dagrun for example_complex to None, run_after=None
[2024-06-16T08:02:26.443+0000] {processor.py:183} INFO - Processing /home/airflow/.local/lib/python3.12/site-packages/airflow/example_dags/example_complex.py took 0.132 seconds
[2024-06-16T08:02:57.930+0000] {processor.py:161} INFO - Started process (PID=129) to work on /home/airflow/.local/lib/python3.12/site-packages/airflow/example_dags/example_complex.py
[2024-06-16T08:02:57.930+0000] {processor.py:830} INFO - Processing file /home/airflow/.local/lib/python3.12/site-packages/airflow/example_dags/example_complex.py for tasks to queue
[2024-06-16T08:02:57.931+0000] {logging_mixin.py:188} INFO - [2024-06-16T08:02:57.931+0000] {dagbag.py:545} INFO - Filling up the DagBag from /home/airflow/.local/lib/python3.12/site-packages/airflow/example_dags/example_complex.py
[2024-06-16T08:02:57.936+0000] {processor.py:840} INFO - DAG(s) 'example_complex' retrieved from /home/airflow/.local/lib/python3.12/site-packages/airflow/example_dags/example_complex.py
[2024-06-16T08:02:58.083+0000] {logging_mixin.py:188} INFO - [2024-06-16T08:02:58.083+0000] {dag.py:3096} INFO - Sync 1 DAGs
[2024-06-16T08:02:58.088+0000] {logging_mixin.py:188} INFO - [2024-06-16T08:02:58.088+0000] {dag.py:3954} INFO - Setting next_dagrun for example_complex to None, run_after=None
[2024-06-16T08:02:58.097+0000] {processor.py:183} INFO - Processing /home/airflow/.local/lib/python3.12/site-packages/airflow/example_dags/example_complex.py took 0.170 seconds
[2024-06-16T08:03:28.921+0000] {processor.py:161} INFO - Started process (PID=189) to work on /home/airflow/.local/lib/python3.12/site-packages/airflow/example_dags/example_complex.py
[2024-06-16T08:03:28.922+0000] {processor.py:830} INFO - Processing file /home/airflow/.local/lib/python3.12/site-packages/airflow/example_dags/example_complex.py for tasks to queue
[2024-06-16T08:03:28.924+0000] {logging_mixin.py:188} INFO - [2024-06-16T08:03:28.923+0000] {dagbag.py:545} INFO - Filling up the DagBag from /home/airflow/.local/lib/python3.12/site-packages/airflow/example_dags/example_complex.py
[2024-06-16T08:03:28.932+0000] {processor.py:840} INFO - DAG(s) 'example_complex' retrieved from /home/airflow/.local/lib/python3.12/site-packages/airflow/example_dags/example_complex.py
[2024-06-16T08:03:28.971+0000] {logging_mixin.py:188} INFO - [2024-06-16T08:03:28.970+0000] {dag.py:3096} INFO - Sync 1 DAGs
[2024-06-16T08:03:28.982+0000] {logging_mixin.py:188} INFO - [2024-06-16T08:03:28.981+0000] {dag.py:3954} INFO - Setting next_dagrun for example_complex to None, run_after=None
[2024-06-16T08:03:28.995+0000] {processor.py:183} INFO - Processing /home/airflow/.local/lib/python3.12/site-packages/airflow/example_dags/example_complex.py took 0.078 seconds
[2024-06-16T08:03:59.956+0000] {processor.py:161} INFO - Started process (PID=248) to work on /home/airflow/.local/lib/python3.12/site-packages/airflow/example_dags/example_complex.py
[2024-06-16T08:03:59.957+0000] {processor.py:830} INFO - Processing file /home/airflow/.local/lib/python3.12/site-packages/airflow/example_dags/example_complex.py for tasks to queue
[2024-06-16T08:03:59.959+0000] {logging_mixin.py:188} INFO - [2024-06-16T08:03:59.959+0000] {dagbag.py:545} INFO - Filling up the DagBag from /home/airflow/.local/lib/python3.12/site-packages/airflow/example_dags/example_complex.py
[2024-06-16T08:03:59.969+0000] {processor.py:840} INFO - DAG(s) 'example_complex' retrieved from /home/airflow/.local/lib/python3.12/site-packages/airflow/example_dags/example_complex.py
[2024-06-16T08:04:00.007+0000] {logging_mixin.py:188} INFO - [2024-06-16T08:04:00.007+0000] {dag.py:3096} INFO - Sync 1 DAGs
[2024-06-16T08:04:00.018+0000] {logging_mixin.py:188} INFO - [2024-06-16T08:04:00.018+0000] {dag.py:3954} INFO - Setting next_dagrun for example_complex to None, run_after=None
[2024-06-16T08:04:00.040+0000] {processor.py:183} INFO - Processing /home/airflow/.local/lib/python3.12/site-packages/airflow/example_dags/example_complex.py took 0.087 seconds
[2024-06-16T08:04:30.963+0000] {processor.py:161} INFO - Started process (PID=307) to work on /home/airflow/.local/lib/python3.12/site-packages/airflow/example_dags/example_complex.py
[2024-06-16T08:04:30.964+0000] {processor.py:830} INFO - Processing file /home/airflow/.local/lib/python3.12/site-packages/airflow/example_dags/example_complex.py for tasks to queue
[2024-06-16T08:04:30.966+0000] {logging_mixin.py:188} INFO - [2024-06-16T08:04:30.965+0000] {dagbag.py:545} INFO - Filling up the DagBag from /home/airflow/.local/lib/python3.12/site-packages/airflow/example_dags/example_complex.py
[2024-06-16T08:04:30.971+0000] {processor.py:840} INFO - DAG(s) 'example_complex' retrieved from /home/airflow/.local/lib/python3.12/site-packages/airflow/example_dags/example_complex.py
[2024-06-16T08:04:30.986+0000] {logging_mixin.py:188} INFO - [2024-06-16T08:04:30.986+0000] {dag.py:3096} INFO - Sync 1 DAGs
[2024-06-16T08:04:30.992+0000] {logging_mixin.py:188} INFO - [2024-06-16T08:04:30.992+0000] {dag.py:3954} INFO - Setting next_dagrun for example_complex to None, run_after=None
[2024-06-16T08:04:31.000+0000] {processor.py:183} INFO - Processing /home/airflow/.local/lib/python3.12/site-packages/airflow/example_dags/example_complex.py took 0.041 seconds
[2024-06-16T08:05:01.283+0000] {processor.py:161} INFO - Started process (PID=365) to work on /home/airflow/.local/lib/python3.12/site-packages/airflow/example_dags/example_complex.py
[2024-06-16T08:05:01.283+0000] {processor.py:830} INFO - Processing file /home/airflow/.local/lib/python3.12/site-packages/airflow/example_dags/example_complex.py for tasks to queue
[2024-06-16T08:05:01.284+0000] {logging_mixin.py:188} INFO - [2024-06-16T08:05:01.284+0000] {dagbag.py:545} INFO - Filling up the DagBag from /home/airflow/.local/lib/python3.12/site-packages/airflow/example_dags/example_complex.py
[2024-06-16T08:05:01.289+0000] {processor.py:840} INFO - DAG(s) 'example_complex' retrieved from /home/airflow/.local/lib/python3.12/site-packages/airflow/example_dags/example_complex.py
[2024-06-16T08:05:01.303+0000] {logging_mixin.py:188} INFO - [2024-06-16T08:05:01.303+0000] {dag.py:3096} INFO - Sync 1 DAGs
[2024-06-16T08:05:01.308+0000] {logging_mixin.py:188} INFO - [2024-06-16T08:05:01.308+0000] {dag.py:3954} INFO - Setting next_dagrun for example_complex to None, run_after=None
[2024-06-16T08:05:01.316+0000] {processor.py:183} INFO - Processing /home/airflow/.local/lib/python3.12/site-packages/airflow/example_dags/example_complex.py took 0.036 seconds
[2024-06-16T08:05:31.485+0000] {processor.py:161} INFO - Started process (PID=424) to work on /home/airflow/.local/lib/python3.12/site-packages/airflow/example_dags/example_complex.py
[2024-06-16T08:05:31.486+0000] {processor.py:830} INFO - Processing file /home/airflow/.local/lib/python3.12/site-packages/airflow/example_dags/example_complex.py for tasks to queue
[2024-06-16T08:05:31.488+0000] {logging_mixin.py:188} INFO - [2024-06-16T08:05:31.487+0000] {dagbag.py:545} INFO - Filling up the DagBag from /home/airflow/.local/lib/python3.12/site-packages/airflow/example_dags/example_complex.py
[2024-06-16T08:05:31.493+0000] {processor.py:840} INFO - DAG(s) 'example_complex' retrieved from /home/airflow/.local/lib/python3.12/site-packages/airflow/example_dags/example_complex.py
[2024-06-16T08:05:31.509+0000] {logging_mixin.py:188} INFO - [2024-06-16T08:05:31.509+0000] {dag.py:3096} INFO - Sync 1 DAGs
[2024-06-16T08:05:31.519+0000] {logging_mixin.py:188} INFO - [2024-06-16T08:05:31.519+0000] {dag.py:3954} INFO - Setting next_dagrun for example_complex to None, run_after=None
[2024-06-16T08:05:31.532+0000] {processor.py:183} INFO - Processing /home/airflow/.local/lib/python3.12/site-packages/airflow/example_dags/example_complex.py took 0.051 seconds
[2024-06-16T08:06:01.565+0000] {processor.py:161} INFO - Started process (PID=483) to work on /home/airflow/.local/lib/python3.12/site-packages/airflow/example_dags/example_complex.py
[2024-06-16T08:06:01.565+0000] {processor.py:830} INFO - Processing file /home/airflow/.local/lib/python3.12/site-packages/airflow/example_dags/example_complex.py for tasks to queue
[2024-06-16T08:06:01.566+0000] {logging_mixin.py:188} INFO - [2024-06-16T08:06:01.566+0000] {dagbag.py:545} INFO - Filling up the DagBag from /home/airflow/.local/lib/python3.12/site-packages/airflow/example_dags/example_complex.py
[2024-06-16T08:06:01.571+0000] {processor.py:840} INFO - DAG(s) 'example_complex' retrieved from /home/airflow/.local/lib/python3.12/site-packages/airflow/example_dags/example_complex.py
[2024-06-16T08:06:01.584+0000] {logging_mixin.py:188} INFO - [2024-06-16T08:06:01.584+0000] {dag.py:3096} INFO - Sync 1 DAGs
[2024-06-16T08:06:01.589+0000] {logging_mixin.py:188} INFO - [2024-06-16T08:06:01.589+0000] {dag.py:3954} INFO - Setting next_dagrun for example_complex to None, run_after=None
[2024-06-16T08:06:01.597+0000] {processor.py:183} INFO - Processing /home/airflow/.local/lib/python3.12/site-packages/airflow/example_dags/example_complex.py took 0.034 seconds
[2024-06-16T08:06:32.258+0000] {processor.py:161} INFO - Started process (PID=543) to work on /home/airflow/.local/lib/python3.12/site-packages/airflow/example_dags/example_complex.py
[2024-06-16T08:06:32.258+0000] {processor.py:830} INFO - Processing file /home/airflow/.local/lib/python3.12/site-packages/airflow/example_dags/example_complex.py for tasks to queue
[2024-06-16T08:06:32.259+0000] {logging_mixin.py:188} INFO - [2024-06-16T08:06:32.259+0000] {dagbag.py:545} INFO - Filling up the DagBag from /home/airflow/.local/lib/python3.12/site-packages/airflow/example_dags/example_complex.py
[2024-06-16T08:06:32.264+0000] {processor.py:840} INFO - DAG(s) 'example_complex' retrieved from /home/airflow/.local/lib/python3.12/site-packages/airflow/example_dags/example_complex.py
[2024-06-16T08:06:32.278+0000] {logging_mixin.py:188} INFO - [2024-06-16T08:06:32.278+0000] {dag.py:3096} INFO - Sync 1 DAGs
[2024-06-16T08:06:32.285+0000] {logging_mixin.py:188} INFO - [2024-06-16T08:06:32.285+0000] {dag.py:3954} INFO - Setting next_dagrun for example_complex to None, run_after=None
[2024-06-16T08:06:32.295+0000] {processor.py:183} INFO - Processing /home/airflow/.local/lib/python3.12/site-packages/airflow/example_dags/example_complex.py took 0.040 seconds
[2024-06-16T08:07:03.297+0000] {processor.py:161} INFO - Started process (PID=602) to work on /home/airflow/.local/lib/python3.12/site-packages/airflow/example_dags/example_complex.py
[2024-06-16T08:07:03.297+0000] {processor.py:830} INFO - Processing file /home/airflow/.local/lib/python3.12/site-packages/airflow/example_dags/example_complex.py for tasks to queue
[2024-06-16T08:07:03.298+0000] {logging_mixin.py:188} INFO - [2024-06-16T08:07:03.298+0000] {dagbag.py:545} INFO - Filling up the DagBag from /home/airflow/.local/lib/python3.12/site-packages/airflow/example_dags/example_complex.py
[2024-06-16T08:07:03.303+0000] {processor.py:840} INFO - DAG(s) 'example_complex' retrieved from /home/airflow/.local/lib/python3.12/site-packages/airflow/example_dags/example_complex.py
[2024-06-16T08:07:03.319+0000] {logging_mixin.py:188} INFO - [2024-06-16T08:07:03.318+0000] {dag.py:3096} INFO - Sync 1 DAGs
[2024-06-16T08:07:03.325+0000] {logging_mixin.py:188} INFO - [2024-06-16T08:07:03.325+0000] {dag.py:3954} INFO - Setting next_dagrun for example_complex to None, run_after=None
[2024-06-16T08:07:03.335+0000] {processor.py:183} INFO - Processing /home/airflow/.local/lib/python3.12/site-packages/airflow/example_dags/example_complex.py took 0.042 seconds
[2024-06-16T08:07:34.360+0000] {processor.py:161} INFO - Started process (PID=661) to work on /home/airflow/.local/lib/python3.12/site-packages/airflow/example_dags/example_complex.py
[2024-06-16T08:07:34.361+0000] {processor.py:830} INFO - Processing file /home/airflow/.local/lib/python3.12/site-packages/airflow/example_dags/example_complex.py for tasks to queue
[2024-06-16T08:07:34.362+0000] {logging_mixin.py:188} INFO - [2024-06-16T08:07:34.362+0000] {dagbag.py:545} INFO - Filling up the DagBag from /home/airflow/.local/lib/python3.12/site-packages/airflow/example_dags/example_complex.py
[2024-06-16T08:07:34.367+0000] {processor.py:840} INFO - DAG(s) 'example_complex' retrieved from /home/airflow/.local/lib/python3.12/site-packages/airflow/example_dags/example_complex.py
[2024-06-16T08:07:34.385+0000] {logging_mixin.py:188} INFO - [2024-06-16T08:07:34.385+0000] {dag.py:3096} INFO - Sync 1 DAGs
[2024-06-16T08:07:34.391+0000] {logging_mixin.py:188} INFO - [2024-06-16T08:07:34.391+0000] {dag.py:3954} INFO - Setting next_dagrun for example_complex to None, run_after=None
[2024-06-16T08:07:34.400+0000] {processor.py:183} INFO - Processing /home/airflow/.local/lib/python3.12/site-packages/airflow/example_dags/example_complex.py took 0.043 seconds
[2024-06-16T08:08:05.205+0000] {processor.py:161} INFO - Started process (PID=720) to work on /home/airflow/.local/lib/python3.12/site-packages/airflow/example_dags/example_complex.py
[2024-06-16T08:08:05.205+0000] {processor.py:830} INFO - Processing file /home/airflow/.local/lib/python3.12/site-packages/airflow/example_dags/example_complex.py for tasks to queue
[2024-06-16T08:08:05.206+0000] {logging_mixin.py:188} INFO - [2024-06-16T08:08:05.206+0000] {dagbag.py:545} INFO - Filling up the DagBag from /home/airflow/.local/lib/python3.12/site-packages/airflow/example_dags/example_complex.py
[2024-06-16T08:08:05.212+0000] {processor.py:840} INFO - DAG(s) 'example_complex' retrieved from /home/airflow/.local/lib/python3.12/site-packages/airflow/example_dags/example_complex.py
[2024-06-16T08:08:05.228+0000] {logging_mixin.py:188} INFO - [2024-06-16T08:08:05.228+0000] {dag.py:3096} INFO - Sync 1 DAGs
[2024-06-16T08:08:05.237+0000] {logging_mixin.py:188} INFO - [2024-06-16T08:08:05.237+0000] {dag.py:3954} INFO - Setting next_dagrun for example_complex to None, run_after=None
[2024-06-16T08:08:05.250+0000] {processor.py:183} INFO - Processing /home/airflow/.local/lib/python3.12/site-packages/airflow/example_dags/example_complex.py took 0.048 seconds
[2024-06-16T08:08:35.987+0000] {processor.py:161} INFO - Started process (PID=779) to work on /home/airflow/.local/lib/python3.12/site-packages/airflow/example_dags/example_complex.py
[2024-06-16T08:08:35.988+0000] {processor.py:830} INFO - Processing file /home/airflow/.local/lib/python3.12/site-packages/airflow/example_dags/example_complex.py for tasks to queue
[2024-06-16T08:08:35.989+0000] {logging_mixin.py:188} INFO - [2024-06-16T08:08:35.989+0000] {dagbag.py:545} INFO - Filling up the DagBag from /home/airflow/.local/lib/python3.12/site-packages/airflow/example_dags/example_complex.py
[2024-06-16T08:08:35.998+0000] {processor.py:840} INFO - DAG(s) 'example_complex' retrieved from /home/airflow/.local/lib/python3.12/site-packages/airflow/example_dags/example_complex.py
[2024-06-16T08:08:36.043+0000] {logging_mixin.py:188} INFO - [2024-06-16T08:08:36.042+0000] {dag.py:3096} INFO - Sync 1 DAGs
[2024-06-16T08:08:36.052+0000] {logging_mixin.py:188} INFO - [2024-06-16T08:08:36.052+0000] {dag.py:3954} INFO - Setting next_dagrun for example_complex to None, run_after=None
[2024-06-16T08:08:36.064+0000] {processor.py:183} INFO - Processing /home/airflow/.local/lib/python3.12/site-packages/airflow/example_dags/example_complex.py took 0.080 seconds
[2024-06-16T08:09:06.433+0000] {processor.py:161} INFO - Started process (PID=838) to work on /home/airflow/.local/lib/python3.12/site-packages/airflow/example_dags/example_complex.py
[2024-06-16T08:09:06.436+0000] {processor.py:830} INFO - Processing file /home/airflow/.local/lib/python3.12/site-packages/airflow/example_dags/example_complex.py for tasks to queue
[2024-06-16T08:09:06.439+0000] {logging_mixin.py:188} INFO - [2024-06-16T08:09:06.439+0000] {dagbag.py:545} INFO - Filling up the DagBag from /home/airflow/.local/lib/python3.12/site-packages/airflow/example_dags/example_complex.py
[2024-06-16T08:09:06.450+0000] {processor.py:840} INFO - DAG(s) 'example_complex' retrieved from /home/airflow/.local/lib/python3.12/site-packages/airflow/example_dags/example_complex.py
[2024-06-16T08:09:06.490+0000] {logging_mixin.py:188} INFO - [2024-06-16T08:09:06.490+0000] {dag.py:3096} INFO - Sync 1 DAGs
[2024-06-16T08:09:06.500+0000] {logging_mixin.py:188} INFO - [2024-06-16T08:09:06.500+0000] {dag.py:3954} INFO - Setting next_dagrun for example_complex to None, run_after=None
[2024-06-16T08:09:06.524+0000] {processor.py:183} INFO - Processing /home/airflow/.local/lib/python3.12/site-packages/airflow/example_dags/example_complex.py took 0.104 seconds
[2024-06-16T08:09:37.138+0000] {processor.py:161} INFO - Started process (PID=897) to work on /home/airflow/.local/lib/python3.12/site-packages/airflow/example_dags/example_complex.py
[2024-06-16T08:09:37.140+0000] {processor.py:830} INFO - Processing file /home/airflow/.local/lib/python3.12/site-packages/airflow/example_dags/example_complex.py for tasks to queue
[2024-06-16T08:09:37.141+0000] {logging_mixin.py:188} INFO - [2024-06-16T08:09:37.141+0000] {dagbag.py:545} INFO - Filling up the DagBag from /home/airflow/.local/lib/python3.12/site-packages/airflow/example_dags/example_complex.py
[2024-06-16T08:09:37.147+0000] {processor.py:840} INFO - DAG(s) 'example_complex' retrieved from /home/airflow/.local/lib/python3.12/site-packages/airflow/example_dags/example_complex.py
[2024-06-16T08:09:37.166+0000] {logging_mixin.py:188} INFO - [2024-06-16T08:09:37.166+0000] {dag.py:3096} INFO - Sync 1 DAGs
[2024-06-16T08:09:37.173+0000] {logging_mixin.py:188} INFO - [2024-06-16T08:09:37.172+0000] {dag.py:3954} INFO - Setting next_dagrun for example_complex to None, run_after=None
[2024-06-16T08:09:37.183+0000] {processor.py:183} INFO - Processing /home/airflow/.local/lib/python3.12/site-packages/airflow/example_dags/example_complex.py took 0.048 seconds
[2024-06-16T08:10:07.267+0000] {processor.py:161} INFO - Started process (PID=955) to work on /home/airflow/.local/lib/python3.12/site-packages/airflow/example_dags/example_complex.py
[2024-06-16T08:10:07.269+0000] {processor.py:830} INFO - Processing file /home/airflow/.local/lib/python3.12/site-packages/airflow/example_dags/example_complex.py for tasks to queue
[2024-06-16T08:10:07.271+0000] {logging_mixin.py:188} INFO - [2024-06-16T08:10:07.270+0000] {dagbag.py:545} INFO - Filling up the DagBag from /home/airflow/.local/lib/python3.12/site-packages/airflow/example_dags/example_complex.py
[2024-06-16T08:10:07.279+0000] {processor.py:840} INFO - DAG(s) 'example_complex' retrieved from /home/airflow/.local/lib/python3.12/site-packages/airflow/example_dags/example_complex.py
[2024-06-16T08:10:07.301+0000] {logging_mixin.py:188} INFO - [2024-06-16T08:10:07.301+0000] {dag.py:3096} INFO - Sync 1 DAGs
[2024-06-16T08:10:07.310+0000] {logging_mixin.py:188} INFO - [2024-06-16T08:10:07.310+0000] {dag.py:3954} INFO - Setting next_dagrun for example_complex to None, run_after=None
[2024-06-16T08:10:07.321+0000] {processor.py:183} INFO - Processing /home/airflow/.local/lib/python3.12/site-packages/airflow/example_dags/example_complex.py took 0.069 seconds
[2024-06-16T08:10:37.744+0000] {processor.py:161} INFO - Started process (PID=1015) to work on /home/airflow/.local/lib/python3.12/site-packages/airflow/example_dags/example_complex.py
[2024-06-16T08:10:37.745+0000] {processor.py:830} INFO - Processing file /home/airflow/.local/lib/python3.12/site-packages/airflow/example_dags/example_complex.py for tasks to queue
[2024-06-16T08:10:37.746+0000] {logging_mixin.py:188} INFO - [2024-06-16T08:10:37.746+0000] {dagbag.py:545} INFO - Filling up the DagBag from /home/airflow/.local/lib/python3.12/site-packages/airflow/example_dags/example_complex.py
[2024-06-16T08:10:37.752+0000] {processor.py:840} INFO - DAG(s) 'example_complex' retrieved from /home/airflow/.local/lib/python3.12/site-packages/airflow/example_dags/example_complex.py
[2024-06-16T08:10:37.768+0000] {logging_mixin.py:188} INFO - [2024-06-16T08:10:37.767+0000] {dag.py:3096} INFO - Sync 1 DAGs
[2024-06-16T08:10:37.774+0000] {logging_mixin.py:188} INFO - [2024-06-16T08:10:37.774+0000] {dag.py:3954} INFO - Setting next_dagrun for example_complex to None, run_after=None
[2024-06-16T08:10:37.784+0000] {processor.py:183} INFO - Processing /home/airflow/.local/lib/python3.12/site-packages/airflow/example_dags/example_complex.py took 0.043 seconds
[2024-06-16T08:11:07.829+0000] {processor.py:161} INFO - Started process (PID=1073) to work on /home/airflow/.local/lib/python3.12/site-packages/airflow/example_dags/example_complex.py
[2024-06-16T08:11:07.831+0000] {processor.py:830} INFO - Processing file /home/airflow/.local/lib/python3.12/site-packages/airflow/example_dags/example_complex.py for tasks to queue
[2024-06-16T08:11:07.834+0000] {logging_mixin.py:188} INFO - [2024-06-16T08:11:07.833+0000] {dagbag.py:545} INFO - Filling up the DagBag from /home/airflow/.local/lib/python3.12/site-packages/airflow/example_dags/example_complex.py
[2024-06-16T08:11:07.842+0000] {processor.py:840} INFO - DAG(s) 'example_complex' retrieved from /home/airflow/.local/lib/python3.12/site-packages/airflow/example_dags/example_complex.py
[2024-06-16T08:11:07.861+0000] {logging_mixin.py:188} INFO - [2024-06-16T08:11:07.861+0000] {dag.py:3096} INFO - Sync 1 DAGs
[2024-06-16T08:11:07.867+0000] {logging_mixin.py:188} INFO - [2024-06-16T08:11:07.867+0000] {dag.py:3954} INFO - Setting next_dagrun for example_complex to None, run_after=None
[2024-06-16T08:11:07.876+0000] {processor.py:183} INFO - Processing /home/airflow/.local/lib/python3.12/site-packages/airflow/example_dags/example_complex.py took 0.053 seconds
[2024-06-16T08:11:38.573+0000] {processor.py:161} INFO - Started process (PID=1133) to work on /home/airflow/.local/lib/python3.12/site-packages/airflow/example_dags/example_complex.py
[2024-06-16T08:11:38.574+0000] {processor.py:830} INFO - Processing file /home/airflow/.local/lib/python3.12/site-packages/airflow/example_dags/example_complex.py for tasks to queue
[2024-06-16T08:11:38.576+0000] {logging_mixin.py:188} INFO - [2024-06-16T08:11:38.575+0000] {dagbag.py:545} INFO - Filling up the DagBag from /home/airflow/.local/lib/python3.12/site-packages/airflow/example_dags/example_complex.py
[2024-06-16T08:11:38.587+0000] {processor.py:840} INFO - DAG(s) 'example_complex' retrieved from /home/airflow/.local/lib/python3.12/site-packages/airflow/example_dags/example_complex.py
[2024-06-16T08:11:38.612+0000] {logging_mixin.py:188} INFO - [2024-06-16T08:11:38.612+0000] {dag.py:3096} INFO - Sync 1 DAGs
[2024-06-16T08:11:38.624+0000] {logging_mixin.py:188} INFO - [2024-06-16T08:11:38.623+0000] {dag.py:3954} INFO - Setting next_dagrun for example_complex to None, run_after=None
[2024-06-16T08:11:38.638+0000] {processor.py:183} INFO - Processing /home/airflow/.local/lib/python3.12/site-packages/airflow/example_dags/example_complex.py took 0.069 seconds
[2024-06-16T08:12:09.642+0000] {processor.py:161} INFO - Started process (PID=1192) to work on /home/airflow/.local/lib/python3.12/site-packages/airflow/example_dags/example_complex.py
[2024-06-16T08:12:09.644+0000] {processor.py:830} INFO - Processing file /home/airflow/.local/lib/python3.12/site-packages/airflow/example_dags/example_complex.py for tasks to queue
[2024-06-16T08:12:09.646+0000] {logging_mixin.py:188} INFO - [2024-06-16T08:12:09.646+0000] {dagbag.py:545} INFO - Filling up the DagBag from /home/airflow/.local/lib/python3.12/site-packages/airflow/example_dags/example_complex.py
[2024-06-16T08:12:09.657+0000] {processor.py:840} INFO - DAG(s) 'example_complex' retrieved from /home/airflow/.local/lib/python3.12/site-packages/airflow/example_dags/example_complex.py
[2024-06-16T08:12:09.679+0000] {logging_mixin.py:188} INFO - [2024-06-16T08:12:09.678+0000] {dag.py:3096} INFO - Sync 1 DAGs
[2024-06-16T08:12:09.690+0000] {logging_mixin.py:188} INFO - [2024-06-16T08:12:09.690+0000] {dag.py:3954} INFO - Setting next_dagrun for example_complex to None, run_after=None
[2024-06-16T08:12:09.702+0000] {processor.py:183} INFO - Processing /home/airflow/.local/lib/python3.12/site-packages/airflow/example_dags/example_complex.py took 0.065 seconds
[2024-06-16T08:12:40.727+0000] {processor.py:161} INFO - Started process (PID=1250) to work on /home/airflow/.local/lib/python3.12/site-packages/airflow/example_dags/example_complex.py
[2024-06-16T08:12:40.728+0000] {processor.py:830} INFO - Processing file /home/airflow/.local/lib/python3.12/site-packages/airflow/example_dags/example_complex.py for tasks to queue
[2024-06-16T08:12:40.730+0000] {logging_mixin.py:188} INFO - [2024-06-16T08:12:40.730+0000] {dagbag.py:545} INFO - Filling up the DagBag from /home/airflow/.local/lib/python3.12/site-packages/airflow/example_dags/example_complex.py
[2024-06-16T08:12:40.738+0000] {processor.py:840} INFO - DAG(s) 'example_complex' retrieved from /home/airflow/.local/lib/python3.12/site-packages/airflow/example_dags/example_complex.py
[2024-06-16T08:12:40.779+0000] {logging_mixin.py:188} INFO - [2024-06-16T08:12:40.779+0000] {dag.py:3096} INFO - Sync 1 DAGs
[2024-06-16T08:12:40.788+0000] {logging_mixin.py:188} INFO - [2024-06-16T08:12:40.788+0000] {dag.py:3954} INFO - Setting next_dagrun for example_complex to None, run_after=None
[2024-06-16T08:12:40.798+0000] {processor.py:183} INFO - Processing /home/airflow/.local/lib/python3.12/site-packages/airflow/example_dags/example_complex.py took 0.076 seconds
[2024-06-16T08:13:11.041+0000] {processor.py:161} INFO - Started process (PID=1309) to work on /home/airflow/.local/lib/python3.12/site-packages/airflow/example_dags/example_complex.py
[2024-06-16T08:13:11.042+0000] {processor.py:830} INFO - Processing file /home/airflow/.local/lib/python3.12/site-packages/airflow/example_dags/example_complex.py for tasks to queue
[2024-06-16T08:13:11.043+0000] {logging_mixin.py:188} INFO - [2024-06-16T08:13:11.043+0000] {dagbag.py:545} INFO - Filling up the DagBag from /home/airflow/.local/lib/python3.12/site-packages/airflow/example_dags/example_complex.py
[2024-06-16T08:13:11.051+0000] {processor.py:840} INFO - DAG(s) 'example_complex' retrieved from /home/airflow/.local/lib/python3.12/site-packages/airflow/example_dags/example_complex.py
[2024-06-16T08:13:11.095+0000] {logging_mixin.py:188} INFO - [2024-06-16T08:13:11.095+0000] {dag.py:3096} INFO - Sync 1 DAGs
[2024-06-16T08:13:11.105+0000] {logging_mixin.py:188} INFO - [2024-06-16T08:13:11.105+0000] {dag.py:3954} INFO - Setting next_dagrun for example_complex to None, run_after=None
[2024-06-16T08:13:11.117+0000] {processor.py:183} INFO - Processing /home/airflow/.local/lib/python3.12/site-packages/airflow/example_dags/example_complex.py took 0.080 seconds
[2024-06-16T08:13:41.336+0000] {processor.py:161} INFO - Started process (PID=1367) to work on /home/airflow/.local/lib/python3.12/site-packages/airflow/example_dags/example_complex.py
[2024-06-16T08:13:41.338+0000] {processor.py:830} INFO - Processing file /home/airflow/.local/lib/python3.12/site-packages/airflow/example_dags/example_complex.py for tasks to queue
[2024-06-16T08:13:41.340+0000] {logging_mixin.py:188} INFO - [2024-06-16T08:13:41.340+0000] {dagbag.py:545} INFO - Filling up the DagBag from /home/airflow/.local/lib/python3.12/site-packages/airflow/example_dags/example_complex.py
[2024-06-16T08:13:41.349+0000] {processor.py:840} INFO - DAG(s) 'example_complex' retrieved from /home/airflow/.local/lib/python3.12/site-packages/airflow/example_dags/example_complex.py
[2024-06-16T08:13:41.375+0000] {logging_mixin.py:188} INFO - [2024-06-16T08:13:41.375+0000] {dag.py:3096} INFO - Sync 1 DAGs
[2024-06-16T08:13:41.388+0000] {logging_mixin.py:188} INFO - [2024-06-16T08:13:41.387+0000] {dag.py:3954} INFO - Setting next_dagrun for example_complex to None, run_after=None
[2024-06-16T08:13:41.397+0000] {processor.py:183} INFO - Processing /home/airflow/.local/lib/python3.12/site-packages/airflow/example_dags/example_complex.py took 0.073 seconds
[2024-06-16T08:14:12.388+0000] {processor.py:161} INFO - Started process (PID=1427) to work on /home/airflow/.local/lib/python3.12/site-packages/airflow/example_dags/example_complex.py
[2024-06-16T08:14:12.389+0000] {processor.py:830} INFO - Processing file /home/airflow/.local/lib/python3.12/site-packages/airflow/example_dags/example_complex.py for tasks to queue
[2024-06-16T08:14:12.390+0000] {logging_mixin.py:188} INFO - [2024-06-16T08:14:12.390+0000] {dagbag.py:545} INFO - Filling up the DagBag from /home/airflow/.local/lib/python3.12/site-packages/airflow/example_dags/example_complex.py
[2024-06-16T08:14:12.398+0000] {processor.py:840} INFO - DAG(s) 'example_complex' retrieved from /home/airflow/.local/lib/python3.12/site-packages/airflow/example_dags/example_complex.py
[2024-06-16T08:14:12.423+0000] {logging_mixin.py:188} INFO - [2024-06-16T08:14:12.423+0000] {dag.py:3096} INFO - Sync 1 DAGs
[2024-06-16T08:14:12.438+0000] {logging_mixin.py:188} INFO - [2024-06-16T08:14:12.437+0000] {dag.py:3954} INFO - Setting next_dagrun for example_complex to None, run_after=None
[2024-06-16T08:14:12.456+0000] {processor.py:183} INFO - Processing /home/airflow/.local/lib/python3.12/site-packages/airflow/example_dags/example_complex.py took 0.076 seconds
[2024-06-16T08:14:42.852+0000] {processor.py:161} INFO - Started process (PID=1486) to work on /home/airflow/.local/lib/python3.12/site-packages/airflow/example_dags/example_complex.py
[2024-06-16T08:14:42.854+0000] {processor.py:830} INFO - Processing file /home/airflow/.local/lib/python3.12/site-packages/airflow/example_dags/example_complex.py for tasks to queue
[2024-06-16T08:14:42.856+0000] {logging_mixin.py:188} INFO - [2024-06-16T08:14:42.856+0000] {dagbag.py:545} INFO - Filling up the DagBag from /home/airflow/.local/lib/python3.12/site-packages/airflow/example_dags/example_complex.py
[2024-06-16T08:14:42.869+0000] {processor.py:840} INFO - DAG(s) 'example_complex' retrieved from /home/airflow/.local/lib/python3.12/site-packages/airflow/example_dags/example_complex.py
[2024-06-16T08:14:42.938+0000] {logging_mixin.py:188} INFO - [2024-06-16T08:14:42.938+0000] {dag.py:3096} INFO - Sync 1 DAGs
[2024-06-16T08:14:42.971+0000] {logging_mixin.py:188} INFO - [2024-06-16T08:14:42.971+0000] {dag.py:3954} INFO - Setting next_dagrun for example_complex to None, run_after=None
[2024-06-16T08:14:42.995+0000] {processor.py:183} INFO - Processing /home/airflow/.local/lib/python3.12/site-packages/airflow/example_dags/example_complex.py took 0.148 seconds
[2024-06-16T08:15:13.056+0000] {processor.py:161} INFO - Started process (PID=1544) to work on /home/airflow/.local/lib/python3.12/site-packages/airflow/example_dags/example_complex.py
[2024-06-16T08:15:13.057+0000] {processor.py:830} INFO - Processing file /home/airflow/.local/lib/python3.12/site-packages/airflow/example_dags/example_complex.py for tasks to queue
[2024-06-16T08:15:13.058+0000] {logging_mixin.py:188} INFO - [2024-06-16T08:15:13.058+0000] {dagbag.py:545} INFO - Filling up the DagBag from /home/airflow/.local/lib/python3.12/site-packages/airflow/example_dags/example_complex.py
[2024-06-16T08:15:13.064+0000] {processor.py:840} INFO - DAG(s) 'example_complex' retrieved from /home/airflow/.local/lib/python3.12/site-packages/airflow/example_dags/example_complex.py
[2024-06-16T08:15:13.079+0000] {logging_mixin.py:188} INFO - [2024-06-16T08:15:13.079+0000] {dag.py:3096} INFO - Sync 1 DAGs
[2024-06-16T08:15:13.086+0000] {logging_mixin.py:188} INFO - [2024-06-16T08:15:13.086+0000] {dag.py:3954} INFO - Setting next_dagrun for example_complex to None, run_after=None
[2024-06-16T08:15:13.096+0000] {processor.py:183} INFO - Processing /home/airflow/.local/lib/python3.12/site-packages/airflow/example_dags/example_complex.py took 0.044 seconds
[2024-06-16T08:15:43.447+0000] {processor.py:161} INFO - Started process (PID=1604) to work on /home/airflow/.local/lib/python3.12/site-packages/airflow/example_dags/example_complex.py
[2024-06-16T08:15:43.449+0000] {processor.py:830} INFO - Processing file /home/airflow/.local/lib/python3.12/site-packages/airflow/example_dags/example_complex.py for tasks to queue
[2024-06-16T08:15:43.451+0000] {logging_mixin.py:188} INFO - [2024-06-16T08:15:43.451+0000] {dagbag.py:545} INFO - Filling up the DagBag from /home/airflow/.local/lib/python3.12/site-packages/airflow/example_dags/example_complex.py
[2024-06-16T08:15:43.463+0000] {processor.py:840} INFO - DAG(s) 'example_complex' retrieved from /home/airflow/.local/lib/python3.12/site-packages/airflow/example_dags/example_complex.py
[2024-06-16T08:15:43.488+0000] {logging_mixin.py:188} INFO - [2024-06-16T08:15:43.488+0000] {dag.py:3096} INFO - Sync 1 DAGs
[2024-06-16T08:15:43.501+0000] {logging_mixin.py:188} INFO - [2024-06-16T08:15:43.501+0000] {dag.py:3954} INFO - Setting next_dagrun for example_complex to None, run_after=None
[2024-06-16T08:15:43.513+0000] {processor.py:183} INFO - Processing /home/airflow/.local/lib/python3.12/site-packages/airflow/example_dags/example_complex.py took 0.073 seconds
[2024-06-16T08:16:13.737+0000] {processor.py:161} INFO - Started process (PID=1663) to work on /home/airflow/.local/lib/python3.12/site-packages/airflow/example_dags/example_complex.py
[2024-06-16T08:16:13.740+0000] {processor.py:830} INFO - Processing file /home/airflow/.local/lib/python3.12/site-packages/airflow/example_dags/example_complex.py for tasks to queue
[2024-06-16T08:16:13.743+0000] {logging_mixin.py:188} INFO - [2024-06-16T08:16:13.743+0000] {dagbag.py:545} INFO - Filling up the DagBag from /home/airflow/.local/lib/python3.12/site-packages/airflow/example_dags/example_complex.py
[2024-06-16T08:16:13.767+0000] {processor.py:840} INFO - DAG(s) 'example_complex' retrieved from /home/airflow/.local/lib/python3.12/site-packages/airflow/example_dags/example_complex.py
[2024-06-16T08:16:13.790+0000] {logging_mixin.py:188} INFO - [2024-06-16T08:16:13.790+0000] {dag.py:3096} INFO - Sync 1 DAGs
[2024-06-16T08:16:13.801+0000] {logging_mixin.py:188} INFO - [2024-06-16T08:16:13.800+0000] {dag.py:3954} INFO - Setting next_dagrun for example_complex to None, run_after=None
[2024-06-16T08:16:13.812+0000] {processor.py:183} INFO - Processing /home/airflow/.local/lib/python3.12/site-packages/airflow/example_dags/example_complex.py took 0.092 seconds
[2024-06-16T08:16:44.025+0000] {processor.py:161} INFO - Started process (PID=1722) to work on /home/airflow/.local/lib/python3.12/site-packages/airflow/example_dags/example_complex.py
[2024-06-16T08:16:44.030+0000] {processor.py:830} INFO - Processing file /home/airflow/.local/lib/python3.12/site-packages/airflow/example_dags/example_complex.py for tasks to queue
[2024-06-16T08:16:44.033+0000] {logging_mixin.py:188} INFO - [2024-06-16T08:16:44.032+0000] {dagbag.py:545} INFO - Filling up the DagBag from /home/airflow/.local/lib/python3.12/site-packages/airflow/example_dags/example_complex.py
[2024-06-16T08:16:44.050+0000] {processor.py:840} INFO - DAG(s) 'example_complex' retrieved from /home/airflow/.local/lib/python3.12/site-packages/airflow/example_dags/example_complex.py
[2024-06-16T08:16:44.087+0000] {logging_mixin.py:188} INFO - [2024-06-16T08:16:44.087+0000] {dag.py:3096} INFO - Sync 1 DAGs
[2024-06-16T08:16:44.104+0000] {logging_mixin.py:188} INFO - [2024-06-16T08:16:44.103+0000] {dag.py:3954} INFO - Setting next_dagrun for example_complex to None, run_after=None
[2024-06-16T08:16:44.121+0000] {processor.py:183} INFO - Processing /home/airflow/.local/lib/python3.12/site-packages/airflow/example_dags/example_complex.py took 0.104 seconds
[2024-06-16T08:17:14.233+0000] {processor.py:161} INFO - Started process (PID=1780) to work on /home/airflow/.local/lib/python3.12/site-packages/airflow/example_dags/example_complex.py
[2024-06-16T08:17:14.236+0000] {processor.py:830} INFO - Processing file /home/airflow/.local/lib/python3.12/site-packages/airflow/example_dags/example_complex.py for tasks to queue
[2024-06-16T08:17:14.238+0000] {logging_mixin.py:188} INFO - [2024-06-16T08:17:14.238+0000] {dagbag.py:545} INFO - Filling up the DagBag from /home/airflow/.local/lib/python3.12/site-packages/airflow/example_dags/example_complex.py
[2024-06-16T08:17:14.247+0000] {processor.py:840} INFO - DAG(s) 'example_complex' retrieved from /home/airflow/.local/lib/python3.12/site-packages/airflow/example_dags/example_complex.py
[2024-06-16T08:17:14.268+0000] {logging_mixin.py:188} INFO - [2024-06-16T08:17:14.268+0000] {dag.py:3096} INFO - Sync 1 DAGs
[2024-06-16T08:17:14.275+0000] {logging_mixin.py:188} INFO - [2024-06-16T08:17:14.275+0000] {dag.py:3954} INFO - Setting next_dagrun for example_complex to None, run_after=None
[2024-06-16T08:17:14.284+0000] {processor.py:183} INFO - Processing /home/airflow/.local/lib/python3.12/site-packages/airflow/example_dags/example_complex.py took 0.057 seconds
[2024-06-16T08:17:44.545+0000] {processor.py:161} INFO - Started process (PID=1840) to work on /home/airflow/.local/lib/python3.12/site-packages/airflow/example_dags/example_complex.py
[2024-06-16T08:17:44.546+0000] {processor.py:830} INFO - Processing file /home/airflow/.local/lib/python3.12/site-packages/airflow/example_dags/example_complex.py for tasks to queue
[2024-06-16T08:17:44.547+0000] {logging_mixin.py:188} INFO - [2024-06-16T08:17:44.547+0000] {dagbag.py:545} INFO - Filling up the DagBag from /home/airflow/.local/lib/python3.12/site-packages/airflow/example_dags/example_complex.py
[2024-06-16T08:17:44.557+0000] {processor.py:840} INFO - DAG(s) 'example_complex' retrieved from /home/airflow/.local/lib/python3.12/site-packages/airflow/example_dags/example_complex.py
[2024-06-16T08:17:44.590+0000] {logging_mixin.py:188} INFO - [2024-06-16T08:17:44.589+0000] {dag.py:3096} INFO - Sync 1 DAGs
[2024-06-16T08:17:44.600+0000] {logging_mixin.py:188} INFO - [2024-06-16T08:17:44.600+0000] {dag.py:3954} INFO - Setting next_dagrun for example_complex to None, run_after=None
[2024-06-16T08:17:44.613+0000] {processor.py:183} INFO - Processing /home/airflow/.local/lib/python3.12/site-packages/airflow/example_dags/example_complex.py took 0.072 seconds
[2024-06-16T08:18:15.639+0000] {processor.py:161} INFO - Started process (PID=1899) to work on /home/airflow/.local/lib/python3.12/site-packages/airflow/example_dags/example_complex.py
[2024-06-16T08:18:15.641+0000] {processor.py:830} INFO - Processing file /home/airflow/.local/lib/python3.12/site-packages/airflow/example_dags/example_complex.py for tasks to queue
[2024-06-16T08:18:15.642+0000] {logging_mixin.py:188} INFO - [2024-06-16T08:18:15.642+0000] {dagbag.py:545} INFO - Filling up the DagBag from /home/airflow/.local/lib/python3.12/site-packages/airflow/example_dags/example_complex.py
[2024-06-16T08:18:15.651+0000] {processor.py:840} INFO - DAG(s) 'example_complex' retrieved from /home/airflow/.local/lib/python3.12/site-packages/airflow/example_dags/example_complex.py
[2024-06-16T08:18:15.670+0000] {logging_mixin.py:188} INFO - [2024-06-16T08:18:15.670+0000] {dag.py:3096} INFO - Sync 1 DAGs
[2024-06-16T08:18:15.677+0000] {logging_mixin.py:188} INFO - [2024-06-16T08:18:15.677+0000] {dag.py:3954} INFO - Setting next_dagrun for example_complex to None, run_after=None
[2024-06-16T08:18:15.686+0000] {processor.py:183} INFO - Processing /home/airflow/.local/lib/python3.12/site-packages/airflow/example_dags/example_complex.py took 0.053 seconds
[2024-06-16T08:18:46.619+0000] {processor.py:161} INFO - Started process (PID=1958) to work on /home/airflow/.local/lib/python3.12/site-packages/airflow/example_dags/example_complex.py
[2024-06-16T08:18:46.620+0000] {processor.py:830} INFO - Processing file /home/airflow/.local/lib/python3.12/site-packages/airflow/example_dags/example_complex.py for tasks to queue
[2024-06-16T08:18:46.623+0000] {logging_mixin.py:188} INFO - [2024-06-16T08:18:46.622+0000] {dagbag.py:545} INFO - Filling up the DagBag from /home/airflow/.local/lib/python3.12/site-packages/airflow/example_dags/example_complex.py
[2024-06-16T08:18:46.636+0000] {processor.py:840} INFO - DAG(s) 'example_complex' retrieved from /home/airflow/.local/lib/python3.12/site-packages/airflow/example_dags/example_complex.py
[2024-06-16T08:18:46.660+0000] {logging_mixin.py:188} INFO - [2024-06-16T08:18:46.659+0000] {dag.py:3096} INFO - Sync 1 DAGs
[2024-06-16T08:18:46.672+0000] {logging_mixin.py:188} INFO - [2024-06-16T08:18:46.672+0000] {dag.py:3954} INFO - Setting next_dagrun for example_complex to None, run_after=None
[2024-06-16T08:18:46.685+0000] {processor.py:183} INFO - Processing /home/airflow/.local/lib/python3.12/site-packages/airflow/example_dags/example_complex.py took 0.074 seconds
[2024-06-16T08:19:17.176+0000] {processor.py:161} INFO - Started process (PID=2017) to work on /home/airflow/.local/lib/python3.12/site-packages/airflow/example_dags/example_complex.py
[2024-06-16T08:19:17.178+0000] {processor.py:830} INFO - Processing file /home/airflow/.local/lib/python3.12/site-packages/airflow/example_dags/example_complex.py for tasks to queue
[2024-06-16T08:19:17.180+0000] {logging_mixin.py:188} INFO - [2024-06-16T08:19:17.180+0000] {dagbag.py:545} INFO - Filling up the DagBag from /home/airflow/.local/lib/python3.12/site-packages/airflow/example_dags/example_complex.py
[2024-06-16T08:19:17.192+0000] {processor.py:840} INFO - DAG(s) 'example_complex' retrieved from /home/airflow/.local/lib/python3.12/site-packages/airflow/example_dags/example_complex.py
[2024-06-16T08:19:17.216+0000] {logging_mixin.py:188} INFO - [2024-06-16T08:19:17.215+0000] {dag.py:3096} INFO - Sync 1 DAGs
[2024-06-16T08:19:17.226+0000] {logging_mixin.py:188} INFO - [2024-06-16T08:19:17.226+0000] {dag.py:3954} INFO - Setting next_dagrun for example_complex to None, run_after=None
[2024-06-16T08:19:17.237+0000] {processor.py:183} INFO - Processing /home/airflow/.local/lib/python3.12/site-packages/airflow/example_dags/example_complex.py took 0.068 seconds
[2024-06-16T08:22:06.847+0000] {processor.py:161} INFO - Started process (PID=72) to work on /home/airflow/.local/lib/python3.12/site-packages/airflow/example_dags/example_complex.py
[2024-06-16T08:22:06.848+0000] {processor.py:830} INFO - Processing file /home/airflow/.local/lib/python3.12/site-packages/airflow/example_dags/example_complex.py for tasks to queue
[2024-06-16T08:22:06.849+0000] {logging_mixin.py:188} INFO - [2024-06-16T08:22:06.849+0000] {dagbag.py:545} INFO - Filling up the DagBag from /home/airflow/.local/lib/python3.12/site-packages/airflow/example_dags/example_complex.py
[2024-06-16T08:22:06.855+0000] {processor.py:840} INFO - DAG(s) 'example_complex' retrieved from /home/airflow/.local/lib/python3.12/site-packages/airflow/example_dags/example_complex.py
[2024-06-16T08:22:06.864+0000] {logging_mixin.py:188} INFO - [2024-06-16T08:22:06.864+0000] {dag.py:3096} INFO - Sync 1 DAGs
[2024-06-16T08:22:06.890+0000] {logging_mixin.py:188} INFO - [2024-06-16T08:22:06.890+0000] {dag.py:3954} INFO - Setting next_dagrun for example_complex to None, run_after=None
[2024-06-16T08:22:06.922+0000] {processor.py:183} INFO - Processing /home/airflow/.local/lib/python3.12/site-packages/airflow/example_dags/example_complex.py took 0.079 seconds
[2024-06-16T08:22:42.939+0000] {processor.py:161} INFO - Started process (PID=131) to work on /home/airflow/.local/lib/python3.12/site-packages/airflow/example_dags/example_complex.py
[2024-06-16T08:22:42.940+0000] {processor.py:830} INFO - Processing file /home/airflow/.local/lib/python3.12/site-packages/airflow/example_dags/example_complex.py for tasks to queue
[2024-06-16T08:22:42.942+0000] {logging_mixin.py:188} INFO - [2024-06-16T08:22:42.942+0000] {dagbag.py:545} INFO - Filling up the DagBag from /home/airflow/.local/lib/python3.12/site-packages/airflow/example_dags/example_complex.py
[2024-06-16T08:22:42.949+0000] {processor.py:840} INFO - DAG(s) 'example_complex' retrieved from /home/airflow/.local/lib/python3.12/site-packages/airflow/example_dags/example_complex.py
[2024-06-16T08:22:43.152+0000] {logging_mixin.py:188} INFO - [2024-06-16T08:22:43.152+0000] {dag.py:3096} INFO - Sync 1 DAGs
[2024-06-16T08:22:43.163+0000] {logging_mixin.py:188} INFO - [2024-06-16T08:22:43.163+0000] {dag.py:3954} INFO - Setting next_dagrun for example_complex to None, run_after=None
[2024-06-16T08:22:43.174+0000] {processor.py:183} INFO - Processing /home/airflow/.local/lib/python3.12/site-packages/airflow/example_dags/example_complex.py took 0.239 seconds
[2024-06-16T08:23:13.870+0000] {processor.py:161} INFO - Started process (PID=190) to work on /home/airflow/.local/lib/python3.12/site-packages/airflow/example_dags/example_complex.py
[2024-06-16T08:23:13.871+0000] {processor.py:830} INFO - Processing file /home/airflow/.local/lib/python3.12/site-packages/airflow/example_dags/example_complex.py for tasks to queue
[2024-06-16T08:23:13.872+0000] {logging_mixin.py:188} INFO - [2024-06-16T08:23:13.872+0000] {dagbag.py:545} INFO - Filling up the DagBag from /home/airflow/.local/lib/python3.12/site-packages/airflow/example_dags/example_complex.py
[2024-06-16T08:23:13.878+0000] {processor.py:840} INFO - DAG(s) 'example_complex' retrieved from /home/airflow/.local/lib/python3.12/site-packages/airflow/example_dags/example_complex.py
[2024-06-16T08:23:13.896+0000] {logging_mixin.py:188} INFO - [2024-06-16T08:23:13.896+0000] {dag.py:3096} INFO - Sync 1 DAGs
[2024-06-16T08:23:13.905+0000] {logging_mixin.py:188} INFO - [2024-06-16T08:23:13.905+0000] {dag.py:3954} INFO - Setting next_dagrun for example_complex to None, run_after=None
[2024-06-16T08:23:13.924+0000] {processor.py:183} INFO - Processing /home/airflow/.local/lib/python3.12/site-packages/airflow/example_dags/example_complex.py took 0.056 seconds
[2024-06-16T08:26:02.137+0000] {processor.py:161} INFO - Started process (PID=71) to work on /home/airflow/.local/lib/python3.12/site-packages/airflow/example_dags/example_complex.py
[2024-06-16T08:26:02.140+0000] {processor.py:830} INFO - Processing file /home/airflow/.local/lib/python3.12/site-packages/airflow/example_dags/example_complex.py for tasks to queue
[2024-06-16T08:26:02.145+0000] {logging_mixin.py:188} INFO - [2024-06-16T08:26:02.144+0000] {dagbag.py:545} INFO - Filling up the DagBag from /home/airflow/.local/lib/python3.12/site-packages/airflow/example_dags/example_complex.py
[2024-06-16T08:26:02.182+0000] {processor.py:840} INFO - DAG(s) 'example_complex' retrieved from /home/airflow/.local/lib/python3.12/site-packages/airflow/example_dags/example_complex.py
[2024-06-16T08:26:02.245+0000] {logging_mixin.py:188} INFO - [2024-06-16T08:26:02.244+0000] {dag.py:3096} INFO - Sync 1 DAGs
[2024-06-16T08:26:02.293+0000] {logging_mixin.py:188} INFO - [2024-06-16T08:26:02.292+0000] {dag.py:3954} INFO - Setting next_dagrun for example_complex to None, run_after=None
[2024-06-16T08:26:02.379+0000] {processor.py:183} INFO - Processing /home/airflow/.local/lib/python3.12/site-packages/airflow/example_dags/example_complex.py took 0.253 seconds
[2024-06-16T08:26:33.224+0000] {processor.py:161} INFO - Started process (PID=129) to work on /home/airflow/.local/lib/python3.12/site-packages/airflow/example_dags/example_complex.py
[2024-06-16T08:26:33.224+0000] {processor.py:830} INFO - Processing file /home/airflow/.local/lib/python3.12/site-packages/airflow/example_dags/example_complex.py for tasks to queue
[2024-06-16T08:26:33.226+0000] {logging_mixin.py:188} INFO - [2024-06-16T08:26:33.225+0000] {dagbag.py:545} INFO - Filling up the DagBag from /home/airflow/.local/lib/python3.12/site-packages/airflow/example_dags/example_complex.py
[2024-06-16T08:26:33.231+0000] {processor.py:840} INFO - DAG(s) 'example_complex' retrieved from /home/airflow/.local/lib/python3.12/site-packages/airflow/example_dags/example_complex.py
[2024-06-16T08:26:33.517+0000] {logging_mixin.py:188} INFO - [2024-06-16T08:26:33.517+0000] {dag.py:3096} INFO - Sync 1 DAGs
[2024-06-16T08:26:33.523+0000] {logging_mixin.py:188} INFO - [2024-06-16T08:26:33.523+0000] {dag.py:3954} INFO - Setting next_dagrun for example_complex to None, run_after=None
[2024-06-16T08:26:33.533+0000] {processor.py:183} INFO - Processing /home/airflow/.local/lib/python3.12/site-packages/airflow/example_dags/example_complex.py took 0.312 seconds
[2024-06-16T08:27:04.164+0000] {processor.py:161} INFO - Started process (PID=188) to work on /home/airflow/.local/lib/python3.12/site-packages/airflow/example_dags/example_complex.py
[2024-06-16T08:27:04.166+0000] {processor.py:830} INFO - Processing file /home/airflow/.local/lib/python3.12/site-packages/airflow/example_dags/example_complex.py for tasks to queue
[2024-06-16T08:27:04.168+0000] {logging_mixin.py:188} INFO - [2024-06-16T08:27:04.168+0000] {dagbag.py:545} INFO - Filling up the DagBag from /home/airflow/.local/lib/python3.12/site-packages/airflow/example_dags/example_complex.py
[2024-06-16T08:27:04.175+0000] {processor.py:840} INFO - DAG(s) 'example_complex' retrieved from /home/airflow/.local/lib/python3.12/site-packages/airflow/example_dags/example_complex.py
[2024-06-16T08:27:04.193+0000] {logging_mixin.py:188} INFO - [2024-06-16T08:27:04.193+0000] {dag.py:3096} INFO - Sync 1 DAGs
[2024-06-16T08:27:04.201+0000] {logging_mixin.py:188} INFO - [2024-06-16T08:27:04.201+0000] {dag.py:3954} INFO - Setting next_dagrun for example_complex to None, run_after=None
[2024-06-16T08:27:04.212+0000] {processor.py:183} INFO - Processing /home/airflow/.local/lib/python3.12/site-packages/airflow/example_dags/example_complex.py took 0.053 seconds
[2024-06-16T08:27:35.207+0000] {processor.py:161} INFO - Started process (PID=247) to work on /home/airflow/.local/lib/python3.12/site-packages/airflow/example_dags/example_complex.py
[2024-06-16T08:27:35.208+0000] {processor.py:830} INFO - Processing file /home/airflow/.local/lib/python3.12/site-packages/airflow/example_dags/example_complex.py for tasks to queue
[2024-06-16T08:27:35.209+0000] {logging_mixin.py:188} INFO - [2024-06-16T08:27:35.208+0000] {dagbag.py:545} INFO - Filling up the DagBag from /home/airflow/.local/lib/python3.12/site-packages/airflow/example_dags/example_complex.py
[2024-06-16T08:27:35.214+0000] {processor.py:840} INFO - DAG(s) 'example_complex' retrieved from /home/airflow/.local/lib/python3.12/site-packages/airflow/example_dags/example_complex.py
[2024-06-16T08:27:35.229+0000] {logging_mixin.py:188} INFO - [2024-06-16T08:27:35.228+0000] {dag.py:3096} INFO - Sync 1 DAGs
[2024-06-16T08:27:35.235+0000] {logging_mixin.py:188} INFO - [2024-06-16T08:27:35.235+0000] {dag.py:3954} INFO - Setting next_dagrun for example_complex to None, run_after=None
[2024-06-16T08:27:35.245+0000] {processor.py:183} INFO - Processing /home/airflow/.local/lib/python3.12/site-packages/airflow/example_dags/example_complex.py took 0.041 seconds
[2024-06-16T08:28:05.684+0000] {processor.py:161} INFO - Started process (PID=306) to work on /home/airflow/.local/lib/python3.12/site-packages/airflow/example_dags/example_complex.py
[2024-06-16T08:28:05.685+0000] {processor.py:830} INFO - Processing file /home/airflow/.local/lib/python3.12/site-packages/airflow/example_dags/example_complex.py for tasks to queue
[2024-06-16T08:28:05.687+0000] {logging_mixin.py:188} INFO - [2024-06-16T08:28:05.686+0000] {dagbag.py:545} INFO - Filling up the DagBag from /home/airflow/.local/lib/python3.12/site-packages/airflow/example_dags/example_complex.py
[2024-06-16T08:28:05.698+0000] {processor.py:840} INFO - DAG(s) 'example_complex' retrieved from /home/airflow/.local/lib/python3.12/site-packages/airflow/example_dags/example_complex.py
[2024-06-16T08:28:05.732+0000] {logging_mixin.py:188} INFO - [2024-06-16T08:28:05.732+0000] {dag.py:3096} INFO - Sync 1 DAGs
[2024-06-16T08:28:05.756+0000] {logging_mixin.py:188} INFO - [2024-06-16T08:28:05.756+0000] {dag.py:3954} INFO - Setting next_dagrun for example_complex to None, run_after=None
[2024-06-16T08:28:05.781+0000] {processor.py:183} INFO - Processing /home/airflow/.local/lib/python3.12/site-packages/airflow/example_dags/example_complex.py took 0.105 seconds
[2024-06-16T08:28:36.017+0000] {processor.py:161} INFO - Started process (PID=365) to work on /home/airflow/.local/lib/python3.12/site-packages/airflow/example_dags/example_complex.py
[2024-06-16T08:28:36.017+0000] {processor.py:830} INFO - Processing file /home/airflow/.local/lib/python3.12/site-packages/airflow/example_dags/example_complex.py for tasks to queue
[2024-06-16T08:28:36.018+0000] {logging_mixin.py:188} INFO - [2024-06-16T08:28:36.018+0000] {dagbag.py:545} INFO - Filling up the DagBag from /home/airflow/.local/lib/python3.12/site-packages/airflow/example_dags/example_complex.py
[2024-06-16T08:28:36.023+0000] {processor.py:840} INFO - DAG(s) 'example_complex' retrieved from /home/airflow/.local/lib/python3.12/site-packages/airflow/example_dags/example_complex.py
[2024-06-16T08:28:36.037+0000] {logging_mixin.py:188} INFO - [2024-06-16T08:28:36.037+0000] {dag.py:3096} INFO - Sync 1 DAGs
[2024-06-16T08:28:36.043+0000] {logging_mixin.py:188} INFO - [2024-06-16T08:28:36.043+0000] {dag.py:3954} INFO - Setting next_dagrun for example_complex to None, run_after=None
[2024-06-16T08:28:36.051+0000] {processor.py:183} INFO - Processing /home/airflow/.local/lib/python3.12/site-packages/airflow/example_dags/example_complex.py took 0.037 seconds
[2024-06-16T08:29:06.198+0000] {processor.py:161} INFO - Started process (PID=424) to work on /home/airflow/.local/lib/python3.12/site-packages/airflow/example_dags/example_complex.py
[2024-06-16T08:29:06.198+0000] {processor.py:830} INFO - Processing file /home/airflow/.local/lib/python3.12/site-packages/airflow/example_dags/example_complex.py for tasks to queue
[2024-06-16T08:29:06.199+0000] {logging_mixin.py:188} INFO - [2024-06-16T08:29:06.199+0000] {dagbag.py:545} INFO - Filling up the DagBag from /home/airflow/.local/lib/python3.12/site-packages/airflow/example_dags/example_complex.py
[2024-06-16T08:29:06.204+0000] {processor.py:840} INFO - DAG(s) 'example_complex' retrieved from /home/airflow/.local/lib/python3.12/site-packages/airflow/example_dags/example_complex.py
[2024-06-16T08:29:06.219+0000] {logging_mixin.py:188} INFO - [2024-06-16T08:29:06.219+0000] {dag.py:3096} INFO - Sync 1 DAGs
[2024-06-16T08:29:06.225+0000] {logging_mixin.py:188} INFO - [2024-06-16T08:29:06.225+0000] {dag.py:3954} INFO - Setting next_dagrun for example_complex to None, run_after=None
[2024-06-16T08:29:06.234+0000] {processor.py:183} INFO - Processing /home/airflow/.local/lib/python3.12/site-packages/airflow/example_dags/example_complex.py took 0.039 seconds
[2024-06-16T08:32:58.510+0000] {processor.py:161} INFO - Started process (PID=72) to work on /home/airflow/.local/lib/python3.12/site-packages/airflow/example_dags/example_complex.py
[2024-06-16T08:32:58.510+0000] {processor.py:830} INFO - Processing file /home/airflow/.local/lib/python3.12/site-packages/airflow/example_dags/example_complex.py for tasks to queue
[2024-06-16T08:32:58.512+0000] {logging_mixin.py:188} INFO - [2024-06-16T08:32:58.512+0000] {dagbag.py:545} INFO - Filling up the DagBag from /home/airflow/.local/lib/python3.12/site-packages/airflow/example_dags/example_complex.py
[2024-06-16T08:32:58.519+0000] {processor.py:840} INFO - DAG(s) 'example_complex' retrieved from /home/airflow/.local/lib/python3.12/site-packages/airflow/example_dags/example_complex.py
[2024-06-16T08:32:58.529+0000] {logging_mixin.py:188} INFO - [2024-06-16T08:32:58.529+0000] {dag.py:3096} INFO - Sync 1 DAGs
[2024-06-16T08:32:58.543+0000] {logging_mixin.py:188} INFO - [2024-06-16T08:32:58.543+0000] {dag.py:3954} INFO - Setting next_dagrun for example_complex to None, run_after=None
[2024-06-16T08:32:58.574+0000] {processor.py:183} INFO - Processing /home/airflow/.local/lib/python3.12/site-packages/airflow/example_dags/example_complex.py took 0.068 seconds
[2024-06-16T08:33:29.584+0000] {processor.py:161} INFO - Started process (PID=130) to work on /home/airflow/.local/lib/python3.12/site-packages/airflow/example_dags/example_complex.py
[2024-06-16T08:33:29.585+0000] {processor.py:830} INFO - Processing file /home/airflow/.local/lib/python3.12/site-packages/airflow/example_dags/example_complex.py for tasks to queue
[2024-06-16T08:33:29.586+0000] {logging_mixin.py:188} INFO - [2024-06-16T08:33:29.586+0000] {dagbag.py:545} INFO - Filling up the DagBag from /home/airflow/.local/lib/python3.12/site-packages/airflow/example_dags/example_complex.py
[2024-06-16T08:33:29.591+0000] {processor.py:840} INFO - DAG(s) 'example_complex' retrieved from /home/airflow/.local/lib/python3.12/site-packages/airflow/example_dags/example_complex.py
[2024-06-16T08:33:29.732+0000] {logging_mixin.py:188} INFO - [2024-06-16T08:33:29.731+0000] {dag.py:3096} INFO - Sync 1 DAGs
[2024-06-16T08:33:29.738+0000] {logging_mixin.py:188} INFO - [2024-06-16T08:33:29.738+0000] {dag.py:3954} INFO - Setting next_dagrun for example_complex to None, run_after=None
[2024-06-16T08:33:29.821+0000] {processor.py:183} INFO - Processing /home/airflow/.local/lib/python3.12/site-packages/airflow/example_dags/example_complex.py took 0.238 seconds
[2024-06-16T08:34:00.552+0000] {processor.py:161} INFO - Started process (PID=189) to work on /home/airflow/.local/lib/python3.12/site-packages/airflow/example_dags/example_complex.py
[2024-06-16T08:34:00.554+0000] {processor.py:830} INFO - Processing file /home/airflow/.local/lib/python3.12/site-packages/airflow/example_dags/example_complex.py for tasks to queue
[2024-06-16T08:34:00.555+0000] {logging_mixin.py:188} INFO - [2024-06-16T08:34:00.555+0000] {dagbag.py:545} INFO - Filling up the DagBag from /home/airflow/.local/lib/python3.12/site-packages/airflow/example_dags/example_complex.py
[2024-06-16T08:34:00.564+0000] {processor.py:840} INFO - DAG(s) 'example_complex' retrieved from /home/airflow/.local/lib/python3.12/site-packages/airflow/example_dags/example_complex.py
[2024-06-16T08:34:00.583+0000] {logging_mixin.py:188} INFO - [2024-06-16T08:34:00.583+0000] {dag.py:3096} INFO - Sync 1 DAGs
[2024-06-16T08:34:00.594+0000] {logging_mixin.py:188} INFO - [2024-06-16T08:34:00.594+0000] {dag.py:3954} INFO - Setting next_dagrun for example_complex to None, run_after=None
[2024-06-16T08:34:00.606+0000] {processor.py:183} INFO - Processing /home/airflow/.local/lib/python3.12/site-packages/airflow/example_dags/example_complex.py took 0.057 seconds
[2024-06-16T08:34:30.824+0000] {processor.py:161} INFO - Started process (PID=247) to work on /home/airflow/.local/lib/python3.12/site-packages/airflow/example_dags/example_complex.py
[2024-06-16T08:34:30.826+0000] {processor.py:830} INFO - Processing file /home/airflow/.local/lib/python3.12/site-packages/airflow/example_dags/example_complex.py for tasks to queue
[2024-06-16T08:34:30.828+0000] {logging_mixin.py:188} INFO - [2024-06-16T08:34:30.828+0000] {dagbag.py:545} INFO - Filling up the DagBag from /home/airflow/.local/lib/python3.12/site-packages/airflow/example_dags/example_complex.py
[2024-06-16T08:34:30.840+0000] {processor.py:840} INFO - DAG(s) 'example_complex' retrieved from /home/airflow/.local/lib/python3.12/site-packages/airflow/example_dags/example_complex.py
[2024-06-16T08:34:30.859+0000] {logging_mixin.py:188} INFO - [2024-06-16T08:34:30.859+0000] {dag.py:3096} INFO - Sync 1 DAGs
[2024-06-16T08:34:30.866+0000] {logging_mixin.py:188} INFO - [2024-06-16T08:34:30.866+0000] {dag.py:3954} INFO - Setting next_dagrun for example_complex to None, run_after=None
[2024-06-16T08:34:30.875+0000] {processor.py:183} INFO - Processing /home/airflow/.local/lib/python3.12/site-packages/airflow/example_dags/example_complex.py took 0.057 seconds
[2024-06-16T08:35:25.873+0000] {processor.py:161} INFO - Started process (PID=72) to work on /home/airflow/.local/lib/python3.12/site-packages/airflow/example_dags/example_complex.py
[2024-06-16T08:35:25.877+0000] {processor.py:830} INFO - Processing file /home/airflow/.local/lib/python3.12/site-packages/airflow/example_dags/example_complex.py for tasks to queue
[2024-06-16T08:35:25.888+0000] {logging_mixin.py:188} INFO - [2024-06-16T08:35:25.887+0000] {dagbag.py:545} INFO - Filling up the DagBag from /home/airflow/.local/lib/python3.12/site-packages/airflow/example_dags/example_complex.py
[2024-06-16T08:35:25.911+0000] {processor.py:840} INFO - DAG(s) 'example_complex' retrieved from /home/airflow/.local/lib/python3.12/site-packages/airflow/example_dags/example_complex.py
[2024-06-16T08:35:25.987+0000] {logging_mixin.py:188} INFO - [2024-06-16T08:35:25.986+0000] {dag.py:3096} INFO - Sync 1 DAGs
[2024-06-16T08:35:26.038+0000] {logging_mixin.py:188} INFO - [2024-06-16T08:35:26.036+0000] {dag.py:3954} INFO - Setting next_dagrun for example_complex to None, run_after=None
[2024-06-16T08:35:26.116+0000] {processor.py:183} INFO - Processing /home/airflow/.local/lib/python3.12/site-packages/airflow/example_dags/example_complex.py took 0.258 seconds
[2024-06-16T08:35:58.216+0000] {processor.py:161} INFO - Started process (PID=130) to work on /home/airflow/.local/lib/python3.12/site-packages/airflow/example_dags/example_complex.py
[2024-06-16T08:35:58.217+0000] {processor.py:830} INFO - Processing file /home/airflow/.local/lib/python3.12/site-packages/airflow/example_dags/example_complex.py for tasks to queue
[2024-06-16T08:35:58.218+0000] {logging_mixin.py:188} INFO - [2024-06-16T08:35:58.218+0000] {dagbag.py:545} INFO - Filling up the DagBag from /home/airflow/.local/lib/python3.12/site-packages/airflow/example_dags/example_complex.py
[2024-06-16T08:35:58.223+0000] {processor.py:840} INFO - DAG(s) 'example_complex' retrieved from /home/airflow/.local/lib/python3.12/site-packages/airflow/example_dags/example_complex.py
[2024-06-16T08:35:58.375+0000] {logging_mixin.py:188} INFO - [2024-06-16T08:35:58.375+0000] {dag.py:3096} INFO - Sync 1 DAGs
[2024-06-16T08:35:58.381+0000] {logging_mixin.py:188} INFO - [2024-06-16T08:35:58.381+0000] {dag.py:3954} INFO - Setting next_dagrun for example_complex to None, run_after=None
[2024-06-16T08:35:58.391+0000] {processor.py:183} INFO - Processing /home/airflow/.local/lib/python3.12/site-packages/airflow/example_dags/example_complex.py took 0.181 seconds
[2024-06-16T08:36:29.305+0000] {processor.py:161} INFO - Started process (PID=189) to work on /home/airflow/.local/lib/python3.12/site-packages/airflow/example_dags/example_complex.py
[2024-06-16T08:36:29.307+0000] {processor.py:830} INFO - Processing file /home/airflow/.local/lib/python3.12/site-packages/airflow/example_dags/example_complex.py for tasks to queue
[2024-06-16T08:36:29.308+0000] {logging_mixin.py:188} INFO - [2024-06-16T08:36:29.308+0000] {dagbag.py:545} INFO - Filling up the DagBag from /home/airflow/.local/lib/python3.12/site-packages/airflow/example_dags/example_complex.py
[2024-06-16T08:36:29.315+0000] {processor.py:840} INFO - DAG(s) 'example_complex' retrieved from /home/airflow/.local/lib/python3.12/site-packages/airflow/example_dags/example_complex.py
[2024-06-16T08:36:29.363+0000] {logging_mixin.py:188} INFO - [2024-06-16T08:36:29.362+0000] {dag.py:3096} INFO - Sync 1 DAGs
[2024-06-16T08:36:29.377+0000] {logging_mixin.py:188} INFO - [2024-06-16T08:36:29.376+0000] {dag.py:3954} INFO - Setting next_dagrun for example_complex to None, run_after=None
[2024-06-16T08:36:29.389+0000] {processor.py:183} INFO - Processing /home/airflow/.local/lib/python3.12/site-packages/airflow/example_dags/example_complex.py took 0.088 seconds
[2024-06-16T08:36:59.903+0000] {processor.py:161} INFO - Started process (PID=248) to work on /home/airflow/.local/lib/python3.12/site-packages/airflow/example_dags/example_complex.py
[2024-06-16T08:36:59.904+0000] {processor.py:830} INFO - Processing file /home/airflow/.local/lib/python3.12/site-packages/airflow/example_dags/example_complex.py for tasks to queue
[2024-06-16T08:36:59.905+0000] {logging_mixin.py:188} INFO - [2024-06-16T08:36:59.905+0000] {dagbag.py:545} INFO - Filling up the DagBag from /home/airflow/.local/lib/python3.12/site-packages/airflow/example_dags/example_complex.py
[2024-06-16T08:36:59.911+0000] {processor.py:840} INFO - DAG(s) 'example_complex' retrieved from /home/airflow/.local/lib/python3.12/site-packages/airflow/example_dags/example_complex.py
[2024-06-16T08:36:59.930+0000] {logging_mixin.py:188} INFO - [2024-06-16T08:36:59.930+0000] {dag.py:3096} INFO - Sync 1 DAGs
[2024-06-16T08:36:59.940+0000] {logging_mixin.py:188} INFO - [2024-06-16T08:36:59.940+0000] {dag.py:3954} INFO - Setting next_dagrun for example_complex to None, run_after=None
[2024-06-16T08:36:59.951+0000] {processor.py:183} INFO - Processing /home/airflow/.local/lib/python3.12/site-packages/airflow/example_dags/example_complex.py took 0.050 seconds
[2024-06-16T08:37:30.653+0000] {processor.py:161} INFO - Started process (PID=307) to work on /home/airflow/.local/lib/python3.12/site-packages/airflow/example_dags/example_complex.py
[2024-06-16T08:37:30.654+0000] {processor.py:830} INFO - Processing file /home/airflow/.local/lib/python3.12/site-packages/airflow/example_dags/example_complex.py for tasks to queue
[2024-06-16T08:37:30.656+0000] {logging_mixin.py:188} INFO - [2024-06-16T08:37:30.656+0000] {dagbag.py:545} INFO - Filling up the DagBag from /home/airflow/.local/lib/python3.12/site-packages/airflow/example_dags/example_complex.py
[2024-06-16T08:37:30.663+0000] {processor.py:840} INFO - DAG(s) 'example_complex' retrieved from /home/airflow/.local/lib/python3.12/site-packages/airflow/example_dags/example_complex.py
[2024-06-16T08:37:30.681+0000] {logging_mixin.py:188} INFO - [2024-06-16T08:37:30.680+0000] {dag.py:3096} INFO - Sync 1 DAGs
[2024-06-16T08:37:30.689+0000] {logging_mixin.py:188} INFO - [2024-06-16T08:37:30.689+0000] {dag.py:3954} INFO - Setting next_dagrun for example_complex to None, run_after=None
[2024-06-16T08:37:30.699+0000] {processor.py:183} INFO - Processing /home/airflow/.local/lib/python3.12/site-packages/airflow/example_dags/example_complex.py took 0.050 seconds
[2024-06-16T09:01:43.496+0000] {processor.py:161} INFO - Started process (PID=72) to work on /home/airflow/.local/lib/python3.12/site-packages/airflow/example_dags/example_complex.py
[2024-06-16T09:01:43.503+0000] {processor.py:830} INFO - Processing file /home/airflow/.local/lib/python3.12/site-packages/airflow/example_dags/example_complex.py for tasks to queue
[2024-06-16T09:01:43.538+0000] {logging_mixin.py:188} INFO - [2024-06-16T09:01:43.531+0000] {dagbag.py:545} INFO - Filling up the DagBag from /home/airflow/.local/lib/python3.12/site-packages/airflow/example_dags/example_complex.py
[2024-06-16T09:01:43.652+0000] {processor.py:840} INFO - DAG(s) 'example_complex' retrieved from /home/airflow/.local/lib/python3.12/site-packages/airflow/example_dags/example_complex.py
[2024-06-16T09:01:43.753+0000] {logging_mixin.py:188} INFO - [2024-06-16T09:01:43.752+0000] {dag.py:3096} INFO - Sync 1 DAGs
[2024-06-16T09:01:43.811+0000] {logging_mixin.py:188} INFO - [2024-06-16T09:01:43.810+0000] {dag.py:3954} INFO - Setting next_dagrun for example_complex to None, run_after=None
[2024-06-16T09:01:43.888+0000] {processor.py:183} INFO - Processing /home/airflow/.local/lib/python3.12/site-packages/airflow/example_dags/example_complex.py took 0.425 seconds
[2024-06-16T09:02:18.630+0000] {processor.py:161} INFO - Started process (PID=130) to work on /home/airflow/.local/lib/python3.12/site-packages/airflow/example_dags/example_complex.py
[2024-06-16T09:02:18.633+0000] {processor.py:830} INFO - Processing file /home/airflow/.local/lib/python3.12/site-packages/airflow/example_dags/example_complex.py for tasks to queue
[2024-06-16T09:02:18.635+0000] {logging_mixin.py:188} INFO - [2024-06-16T09:02:18.635+0000] {dagbag.py:545} INFO - Filling up the DagBag from /home/airflow/.local/lib/python3.12/site-packages/airflow/example_dags/example_complex.py
[2024-06-16T09:02:18.643+0000] {processor.py:840} INFO - DAG(s) 'example_complex' retrieved from /home/airflow/.local/lib/python3.12/site-packages/airflow/example_dags/example_complex.py
[2024-06-16T09:02:19.069+0000] {logging_mixin.py:188} INFO - [2024-06-16T09:02:19.068+0000] {dag.py:3096} INFO - Sync 1 DAGs
[2024-06-16T09:02:19.104+0000] {logging_mixin.py:188} INFO - [2024-06-16T09:02:19.104+0000] {dag.py:3954} INFO - Setting next_dagrun for example_complex to None, run_after=None
[2024-06-16T09:02:19.153+0000] {processor.py:183} INFO - Processing /home/airflow/.local/lib/python3.12/site-packages/airflow/example_dags/example_complex.py took 0.526 seconds
[2024-06-16T09:03:29.775+0000] {processor.py:161} INFO - Started process (PID=72) to work on /home/airflow/.local/lib/python3.12/site-packages/airflow/example_dags/example_complex.py
[2024-06-16T09:03:29.778+0000] {processor.py:830} INFO - Processing file /home/airflow/.local/lib/python3.12/site-packages/airflow/example_dags/example_complex.py for tasks to queue
[2024-06-16T09:03:29.782+0000] {logging_mixin.py:188} INFO - [2024-06-16T09:03:29.781+0000] {dagbag.py:545} INFO - Filling up the DagBag from /home/airflow/.local/lib/python3.12/site-packages/airflow/example_dags/example_complex.py
[2024-06-16T09:03:29.801+0000] {processor.py:840} INFO - DAG(s) 'example_complex' retrieved from /home/airflow/.local/lib/python3.12/site-packages/airflow/example_dags/example_complex.py
[2024-06-16T09:03:29.819+0000] {logging_mixin.py:188} INFO - [2024-06-16T09:03:29.819+0000] {dag.py:3096} INFO - Sync 1 DAGs
[2024-06-16T09:03:29.853+0000] {logging_mixin.py:188} INFO - [2024-06-16T09:03:29.852+0000] {dag.py:3954} INFO - Setting next_dagrun for example_complex to None, run_after=None
[2024-06-16T09:03:29.893+0000] {processor.py:183} INFO - Processing /home/airflow/.local/lib/python3.12/site-packages/airflow/example_dags/example_complex.py took 0.128 seconds
[2024-06-16T09:04:00.210+0000] {processor.py:161} INFO - Started process (PID=130) to work on /home/airflow/.local/lib/python3.12/site-packages/airflow/example_dags/example_complex.py
[2024-06-16T09:04:00.211+0000] {processor.py:830} INFO - Processing file /home/airflow/.local/lib/python3.12/site-packages/airflow/example_dags/example_complex.py for tasks to queue
[2024-06-16T09:04:00.212+0000] {logging_mixin.py:188} INFO - [2024-06-16T09:04:00.212+0000] {dagbag.py:545} INFO - Filling up the DagBag from /home/airflow/.local/lib/python3.12/site-packages/airflow/example_dags/example_complex.py
[2024-06-16T09:04:00.219+0000] {processor.py:840} INFO - DAG(s) 'example_complex' retrieved from /home/airflow/.local/lib/python3.12/site-packages/airflow/example_dags/example_complex.py
[2024-06-16T09:04:00.356+0000] {logging_mixin.py:188} INFO - [2024-06-16T09:04:00.356+0000] {dag.py:3096} INFO - Sync 1 DAGs
[2024-06-16T09:04:00.360+0000] {logging_mixin.py:188} INFO - [2024-06-16T09:04:00.360+0000] {dag.py:3954} INFO - Setting next_dagrun for example_complex to None, run_after=None
[2024-06-16T09:04:00.370+0000] {processor.py:183} INFO - Processing /home/airflow/.local/lib/python3.12/site-packages/airflow/example_dags/example_complex.py took 0.163 seconds
[2024-06-16T09:04:31.280+0000] {processor.py:161} INFO - Started process (PID=190) to work on /home/airflow/.local/lib/python3.12/site-packages/airflow/example_dags/example_complex.py
[2024-06-16T09:04:31.281+0000] {processor.py:830} INFO - Processing file /home/airflow/.local/lib/python3.12/site-packages/airflow/example_dags/example_complex.py for tasks to queue
[2024-06-16T09:04:31.282+0000] {logging_mixin.py:188} INFO - [2024-06-16T09:04:31.282+0000] {dagbag.py:545} INFO - Filling up the DagBag from /home/airflow/.local/lib/python3.12/site-packages/airflow/example_dags/example_complex.py
[2024-06-16T09:04:31.291+0000] {processor.py:840} INFO - DAG(s) 'example_complex' retrieved from /home/airflow/.local/lib/python3.12/site-packages/airflow/example_dags/example_complex.py
[2024-06-16T09:04:31.323+0000] {logging_mixin.py:188} INFO - [2024-06-16T09:04:31.322+0000] {dag.py:3096} INFO - Sync 1 DAGs
[2024-06-16T09:04:31.333+0000] {logging_mixin.py:188} INFO - [2024-06-16T09:04:31.333+0000] {dag.py:3954} INFO - Setting next_dagrun for example_complex to None, run_after=None
[2024-06-16T09:04:31.352+0000] {processor.py:183} INFO - Processing /home/airflow/.local/lib/python3.12/site-packages/airflow/example_dags/example_complex.py took 0.076 seconds
[2024-06-16T09:05:01.930+0000] {processor.py:161} INFO - Started process (PID=249) to work on /home/airflow/.local/lib/python3.12/site-packages/airflow/example_dags/example_complex.py
[2024-06-16T09:05:01.931+0000] {processor.py:830} INFO - Processing file /home/airflow/.local/lib/python3.12/site-packages/airflow/example_dags/example_complex.py for tasks to queue
[2024-06-16T09:05:01.932+0000] {logging_mixin.py:188} INFO - [2024-06-16T09:05:01.932+0000] {dagbag.py:545} INFO - Filling up the DagBag from /home/airflow/.local/lib/python3.12/site-packages/airflow/example_dags/example_complex.py
[2024-06-16T09:05:01.937+0000] {processor.py:840} INFO - DAG(s) 'example_complex' retrieved from /home/airflow/.local/lib/python3.12/site-packages/airflow/example_dags/example_complex.py
[2024-06-16T09:05:01.952+0000] {logging_mixin.py:188} INFO - [2024-06-16T09:05:01.952+0000] {dag.py:3096} INFO - Sync 1 DAGs
[2024-06-16T09:05:01.958+0000] {logging_mixin.py:188} INFO - [2024-06-16T09:05:01.958+0000] {dag.py:3954} INFO - Setting next_dagrun for example_complex to None, run_after=None
[2024-06-16T09:05:01.967+0000] {processor.py:183} INFO - Processing /home/airflow/.local/lib/python3.12/site-packages/airflow/example_dags/example_complex.py took 0.039 seconds
[2024-06-16T09:05:54.399+0000] {processor.py:161} INFO - Started process (PID=72) to work on /home/airflow/.local/lib/python3.12/site-packages/airflow/example_dags/example_complex.py
[2024-06-16T09:05:54.402+0000] {processor.py:830} INFO - Processing file /home/airflow/.local/lib/python3.12/site-packages/airflow/example_dags/example_complex.py for tasks to queue
[2024-06-16T09:05:54.406+0000] {logging_mixin.py:188} INFO - [2024-06-16T09:05:54.405+0000] {dagbag.py:545} INFO - Filling up the DagBag from /home/airflow/.local/lib/python3.12/site-packages/airflow/example_dags/example_complex.py
[2024-06-16T09:05:54.436+0000] {processor.py:840} INFO - DAG(s) 'example_complex' retrieved from /home/airflow/.local/lib/python3.12/site-packages/airflow/example_dags/example_complex.py
[2024-06-16T09:05:54.542+0000] {logging_mixin.py:188} INFO - [2024-06-16T09:05:54.540+0000] {dag.py:3096} INFO - Sync 1 DAGs
[2024-06-16T09:05:54.612+0000] {logging_mixin.py:188} INFO - [2024-06-16T09:05:54.611+0000] {dag.py:3954} INFO - Setting next_dagrun for example_complex to None, run_after=None
[2024-06-16T09:05:54.681+0000] {processor.py:183} INFO - Processing /home/airflow/.local/lib/python3.12/site-packages/airflow/example_dags/example_complex.py took 0.295 seconds
[2024-06-16T09:06:26.778+0000] {processor.py:161} INFO - Started process (PID=131) to work on /home/airflow/.local/lib/python3.12/site-packages/airflow/example_dags/example_complex.py
[2024-06-16T09:06:26.779+0000] {processor.py:830} INFO - Processing file /home/airflow/.local/lib/python3.12/site-packages/airflow/example_dags/example_complex.py for tasks to queue
[2024-06-16T09:06:26.780+0000] {logging_mixin.py:188} INFO - [2024-06-16T09:06:26.780+0000] {dagbag.py:545} INFO - Filling up the DagBag from /home/airflow/.local/lib/python3.12/site-packages/airflow/example_dags/example_complex.py
[2024-06-16T09:06:26.786+0000] {processor.py:840} INFO - DAG(s) 'example_complex' retrieved from /home/airflow/.local/lib/python3.12/site-packages/airflow/example_dags/example_complex.py
[2024-06-16T09:06:26.932+0000] {logging_mixin.py:188} INFO - [2024-06-16T09:06:26.931+0000] {dag.py:3096} INFO - Sync 1 DAGs
[2024-06-16T09:06:26.939+0000] {logging_mixin.py:188} INFO - [2024-06-16T09:06:26.939+0000] {dag.py:3954} INFO - Setting next_dagrun for example_complex to None, run_after=None
[2024-06-16T09:06:26.952+0000] {processor.py:183} INFO - Processing /home/airflow/.local/lib/python3.12/site-packages/airflow/example_dags/example_complex.py took 0.176 seconds
[2024-06-16T09:06:57.990+0000] {processor.py:161} INFO - Started process (PID=189) to work on /home/airflow/.local/lib/python3.12/site-packages/airflow/example_dags/example_complex.py
[2024-06-16T09:06:57.991+0000] {processor.py:830} INFO - Processing file /home/airflow/.local/lib/python3.12/site-packages/airflow/example_dags/example_complex.py for tasks to queue
[2024-06-16T09:06:57.992+0000] {logging_mixin.py:188} INFO - [2024-06-16T09:06:57.991+0000] {dagbag.py:545} INFO - Filling up the DagBag from /home/airflow/.local/lib/python3.12/site-packages/airflow/example_dags/example_complex.py
[2024-06-16T09:06:57.997+0000] {processor.py:840} INFO - DAG(s) 'example_complex' retrieved from /home/airflow/.local/lib/python3.12/site-packages/airflow/example_dags/example_complex.py
[2024-06-16T09:06:58.019+0000] {logging_mixin.py:188} INFO - [2024-06-16T09:06:58.019+0000] {dag.py:3096} INFO - Sync 1 DAGs
[2024-06-16T09:06:58.026+0000] {logging_mixin.py:188} INFO - [2024-06-16T09:06:58.025+0000] {dag.py:3954} INFO - Setting next_dagrun for example_complex to None, run_after=None
[2024-06-16T09:06:58.035+0000] {processor.py:183} INFO - Processing /home/airflow/.local/lib/python3.12/site-packages/airflow/example_dags/example_complex.py took 0.048 seconds
[2024-06-16T09:07:29.070+0000] {processor.py:161} INFO - Started process (PID=247) to work on /home/airflow/.local/lib/python3.12/site-packages/airflow/example_dags/example_complex.py
[2024-06-16T09:07:29.071+0000] {processor.py:830} INFO - Processing file /home/airflow/.local/lib/python3.12/site-packages/airflow/example_dags/example_complex.py for tasks to queue
[2024-06-16T09:07:29.073+0000] {logging_mixin.py:188} INFO - [2024-06-16T09:07:29.072+0000] {dagbag.py:545} INFO - Filling up the DagBag from /home/airflow/.local/lib/python3.12/site-packages/airflow/example_dags/example_complex.py
[2024-06-16T09:07:29.080+0000] {processor.py:840} INFO - DAG(s) 'example_complex' retrieved from /home/airflow/.local/lib/python3.12/site-packages/airflow/example_dags/example_complex.py
[2024-06-16T09:07:29.103+0000] {logging_mixin.py:188} INFO - [2024-06-16T09:07:29.103+0000] {dag.py:3096} INFO - Sync 1 DAGs
[2024-06-16T09:07:29.116+0000] {logging_mixin.py:188} INFO - [2024-06-16T09:07:29.116+0000] {dag.py:3954} INFO - Setting next_dagrun for example_complex to None, run_after=None
[2024-06-16T09:07:29.130+0000] {processor.py:183} INFO - Processing /home/airflow/.local/lib/python3.12/site-packages/airflow/example_dags/example_complex.py took 0.063 seconds
[2024-06-16T09:07:59.309+0000] {processor.py:161} INFO - Started process (PID=306) to work on /home/airflow/.local/lib/python3.12/site-packages/airflow/example_dags/example_complex.py
[2024-06-16T09:07:59.310+0000] {processor.py:830} INFO - Processing file /home/airflow/.local/lib/python3.12/site-packages/airflow/example_dags/example_complex.py for tasks to queue
[2024-06-16T09:07:59.312+0000] {logging_mixin.py:188} INFO - [2024-06-16T09:07:59.312+0000] {dagbag.py:545} INFO - Filling up the DagBag from /home/airflow/.local/lib/python3.12/site-packages/airflow/example_dags/example_complex.py
[2024-06-16T09:07:59.318+0000] {processor.py:840} INFO - DAG(s) 'example_complex' retrieved from /home/airflow/.local/lib/python3.12/site-packages/airflow/example_dags/example_complex.py
[2024-06-16T09:07:59.334+0000] {logging_mixin.py:188} INFO - [2024-06-16T09:07:59.334+0000] {dag.py:3096} INFO - Sync 1 DAGs
[2024-06-16T09:07:59.341+0000] {logging_mixin.py:188} INFO - [2024-06-16T09:07:59.340+0000] {dag.py:3954} INFO - Setting next_dagrun for example_complex to None, run_after=None
[2024-06-16T09:07:59.349+0000] {processor.py:183} INFO - Processing /home/airflow/.local/lib/python3.12/site-packages/airflow/example_dags/example_complex.py took 0.043 seconds
