[2024-06-16T07:55:02.911+0000] {processor.py:161} INFO - Started process (PID=61) to work on /home/airflow/.local/lib/python3.12/site-packages/airflow/example_dags/example_task_group_decorator.py
[2024-06-16T07:55:02.913+0000] {processor.py:830} INFO - Processing file /home/airflow/.local/lib/python3.12/site-packages/airflow/example_dags/example_task_group_decorator.py for tasks to queue
[2024-06-16T07:55:02.916+0000] {logging_mixin.py:188} INFO - [2024-06-16T07:55:02.916+0000] {dagbag.py:545} INFO - Filling up the DagBag from /home/airflow/.local/lib/python3.12/site-packages/airflow/example_dags/example_task_group_decorator.py
[2024-06-16T07:55:02.929+0000] {processor.py:840} INFO - DAG(s) 'example_task_group_decorator' retrieved from /home/airflow/.local/lib/python3.12/site-packages/airflow/example_dags/example_task_group_decorator.py
[2024-06-16T07:55:02.940+0000] {logging_mixin.py:188} INFO - [2024-06-16T07:55:02.940+0000] {dag.py:3096} INFO - Sync 1 DAGs
[2024-06-16T07:55:02.968+0000] {logging_mixin.py:188} INFO - [2024-06-16T07:55:02.968+0000] {dag.py:3954} INFO - Setting next_dagrun for example_task_group_decorator to 2024-06-15 00:00:00+00:00, run_after=2024-06-16 00:00:00+00:00
[2024-06-16T07:55:02.983+0000] {processor.py:183} INFO - Processing /home/airflow/.local/lib/python3.12/site-packages/airflow/example_dags/example_task_group_decorator.py took 0.085 seconds
[2024-06-16T07:55:34.840+0000] {processor.py:161} INFO - Started process (PID=119) to work on /home/airflow/.local/lib/python3.12/site-packages/airflow/example_dags/example_task_group_decorator.py
[2024-06-16T07:55:34.842+0000] {processor.py:830} INFO - Processing file /home/airflow/.local/lib/python3.12/site-packages/airflow/example_dags/example_task_group_decorator.py for tasks to queue
[2024-06-16T07:55:34.843+0000] {logging_mixin.py:188} INFO - [2024-06-16T07:55:34.843+0000] {dagbag.py:545} INFO - Filling up the DagBag from /home/airflow/.local/lib/python3.12/site-packages/airflow/example_dags/example_task_group_decorator.py
[2024-06-16T07:55:34.855+0000] {processor.py:840} INFO - DAG(s) 'example_task_group_decorator' retrieved from /home/airflow/.local/lib/python3.12/site-packages/airflow/example_dags/example_task_group_decorator.py
[2024-06-16T07:55:34.915+0000] {logging_mixin.py:188} INFO - [2024-06-16T07:55:34.915+0000] {dag.py:3096} INFO - Sync 1 DAGs
[2024-06-16T07:55:35.096+0000] {logging_mixin.py:188} INFO - [2024-06-16T07:55:35.095+0000] {dag.py:3954} INFO - Setting next_dagrun for example_task_group_decorator to 2024-06-15 00:00:00+00:00, run_after=2024-06-16 00:00:00+00:00
[2024-06-16T07:55:35.115+0000] {processor.py:183} INFO - Processing /home/airflow/.local/lib/python3.12/site-packages/airflow/example_dags/example_task_group_decorator.py took 0.278 seconds
[2024-06-16T07:56:05.178+0000] {processor.py:161} INFO - Started process (PID=178) to work on /home/airflow/.local/lib/python3.12/site-packages/airflow/example_dags/example_task_group_decorator.py
[2024-06-16T07:56:05.179+0000] {processor.py:830} INFO - Processing file /home/airflow/.local/lib/python3.12/site-packages/airflow/example_dags/example_task_group_decorator.py for tasks to queue
[2024-06-16T07:56:05.181+0000] {logging_mixin.py:188} INFO - [2024-06-16T07:56:05.180+0000] {dagbag.py:545} INFO - Filling up the DagBag from /home/airflow/.local/lib/python3.12/site-packages/airflow/example_dags/example_task_group_decorator.py
[2024-06-16T07:56:05.191+0000] {processor.py:840} INFO - DAG(s) 'example_task_group_decorator' retrieved from /home/airflow/.local/lib/python3.12/site-packages/airflow/example_dags/example_task_group_decorator.py
[2024-06-16T07:56:05.204+0000] {logging_mixin.py:188} INFO - [2024-06-16T07:56:05.204+0000] {dag.py:3096} INFO - Sync 1 DAGs
[2024-06-16T07:56:05.216+0000] {logging_mixin.py:188} INFO - [2024-06-16T07:56:05.216+0000] {dag.py:3954} INFO - Setting next_dagrun for example_task_group_decorator to 2024-06-15 00:00:00+00:00, run_after=2024-06-16 00:00:00+00:00
[2024-06-16T07:56:05.229+0000] {processor.py:183} INFO - Processing /home/airflow/.local/lib/python3.12/site-packages/airflow/example_dags/example_task_group_decorator.py took 0.059 seconds
[2024-06-16T07:56:35.849+0000] {processor.py:161} INFO - Started process (PID=237) to work on /home/airflow/.local/lib/python3.12/site-packages/airflow/example_dags/example_task_group_decorator.py
[2024-06-16T07:56:35.849+0000] {processor.py:830} INFO - Processing file /home/airflow/.local/lib/python3.12/site-packages/airflow/example_dags/example_task_group_decorator.py for tasks to queue
[2024-06-16T07:56:35.850+0000] {logging_mixin.py:188} INFO - [2024-06-16T07:56:35.850+0000] {dagbag.py:545} INFO - Filling up the DagBag from /home/airflow/.local/lib/python3.12/site-packages/airflow/example_dags/example_task_group_decorator.py
[2024-06-16T07:56:35.857+0000] {processor.py:840} INFO - DAG(s) 'example_task_group_decorator' retrieved from /home/airflow/.local/lib/python3.12/site-packages/airflow/example_dags/example_task_group_decorator.py
[2024-06-16T07:56:35.869+0000] {logging_mixin.py:188} INFO - [2024-06-16T07:56:35.869+0000] {dag.py:3096} INFO - Sync 1 DAGs
[2024-06-16T07:56:35.879+0000] {logging_mixin.py:188} INFO - [2024-06-16T07:56:35.879+0000] {dag.py:3954} INFO - Setting next_dagrun for example_task_group_decorator to 2024-06-15 00:00:00+00:00, run_after=2024-06-16 00:00:00+00:00
[2024-06-16T07:56:35.888+0000] {processor.py:183} INFO - Processing /home/airflow/.local/lib/python3.12/site-packages/airflow/example_dags/example_task_group_decorator.py took 0.042 seconds
[2024-06-16T07:57:06.646+0000] {processor.py:161} INFO - Started process (PID=296) to work on /home/airflow/.local/lib/python3.12/site-packages/airflow/example_dags/example_task_group_decorator.py
[2024-06-16T07:57:06.649+0000] {processor.py:830} INFO - Processing file /home/airflow/.local/lib/python3.12/site-packages/airflow/example_dags/example_task_group_decorator.py for tasks to queue
[2024-06-16T07:57:06.653+0000] {logging_mixin.py:188} INFO - [2024-06-16T07:57:06.652+0000] {dagbag.py:545} INFO - Filling up the DagBag from /home/airflow/.local/lib/python3.12/site-packages/airflow/example_dags/example_task_group_decorator.py
[2024-06-16T07:57:06.679+0000] {processor.py:840} INFO - DAG(s) 'example_task_group_decorator' retrieved from /home/airflow/.local/lib/python3.12/site-packages/airflow/example_dags/example_task_group_decorator.py
[2024-06-16T07:57:06.703+0000] {logging_mixin.py:188} INFO - [2024-06-16T07:57:06.703+0000] {dag.py:3096} INFO - Sync 1 DAGs
[2024-06-16T07:57:06.718+0000] {logging_mixin.py:188} INFO - [2024-06-16T07:57:06.718+0000] {dag.py:3954} INFO - Setting next_dagrun for example_task_group_decorator to 2024-06-15 00:00:00+00:00, run_after=2024-06-16 00:00:00+00:00
[2024-06-16T07:57:06.728+0000] {processor.py:183} INFO - Processing /home/airflow/.local/lib/python3.12/site-packages/airflow/example_dags/example_task_group_decorator.py took 0.100 seconds
[2024-06-16T07:57:37.693+0000] {processor.py:161} INFO - Started process (PID=355) to work on /home/airflow/.local/lib/python3.12/site-packages/airflow/example_dags/example_task_group_decorator.py
[2024-06-16T07:57:37.695+0000] {processor.py:830} INFO - Processing file /home/airflow/.local/lib/python3.12/site-packages/airflow/example_dags/example_task_group_decorator.py for tasks to queue
[2024-06-16T07:57:37.698+0000] {logging_mixin.py:188} INFO - [2024-06-16T07:57:37.697+0000] {dagbag.py:545} INFO - Filling up the DagBag from /home/airflow/.local/lib/python3.12/site-packages/airflow/example_dags/example_task_group_decorator.py
[2024-06-16T07:57:37.712+0000] {processor.py:840} INFO - DAG(s) 'example_task_group_decorator' retrieved from /home/airflow/.local/lib/python3.12/site-packages/airflow/example_dags/example_task_group_decorator.py
[2024-06-16T07:57:37.731+0000] {logging_mixin.py:188} INFO - [2024-06-16T07:57:37.731+0000] {dag.py:3096} INFO - Sync 1 DAGs
[2024-06-16T07:57:37.744+0000] {logging_mixin.py:188} INFO - [2024-06-16T07:57:37.744+0000] {dag.py:3954} INFO - Setting next_dagrun for example_task_group_decorator to 2024-06-15 00:00:00+00:00, run_after=2024-06-16 00:00:00+00:00
[2024-06-16T07:57:37.754+0000] {processor.py:183} INFO - Processing /home/airflow/.local/lib/python3.12/site-packages/airflow/example_dags/example_task_group_decorator.py took 0.069 seconds
[2024-06-16T07:58:07.846+0000] {processor.py:161} INFO - Started process (PID=414) to work on /home/airflow/.local/lib/python3.12/site-packages/airflow/example_dags/example_task_group_decorator.py
[2024-06-16T07:58:07.849+0000] {processor.py:830} INFO - Processing file /home/airflow/.local/lib/python3.12/site-packages/airflow/example_dags/example_task_group_decorator.py for tasks to queue
[2024-06-16T07:58:07.851+0000] {logging_mixin.py:188} INFO - [2024-06-16T07:58:07.850+0000] {dagbag.py:545} INFO - Filling up the DagBag from /home/airflow/.local/lib/python3.12/site-packages/airflow/example_dags/example_task_group_decorator.py
[2024-06-16T07:58:07.867+0000] {processor.py:840} INFO - DAG(s) 'example_task_group_decorator' retrieved from /home/airflow/.local/lib/python3.12/site-packages/airflow/example_dags/example_task_group_decorator.py
[2024-06-16T07:58:07.886+0000] {logging_mixin.py:188} INFO - [2024-06-16T07:58:07.886+0000] {dag.py:3096} INFO - Sync 1 DAGs
[2024-06-16T07:58:07.899+0000] {logging_mixin.py:188} INFO - [2024-06-16T07:58:07.898+0000] {dag.py:3954} INFO - Setting next_dagrun for example_task_group_decorator to 2024-06-15 00:00:00+00:00, run_after=2024-06-16 00:00:00+00:00
[2024-06-16T07:58:07.909+0000] {processor.py:183} INFO - Processing /home/airflow/.local/lib/python3.12/site-packages/airflow/example_dags/example_task_group_decorator.py took 0.071 seconds
[2024-06-16T07:58:38.739+0000] {processor.py:161} INFO - Started process (PID=473) to work on /home/airflow/.local/lib/python3.12/site-packages/airflow/example_dags/example_task_group_decorator.py
[2024-06-16T07:58:38.741+0000] {processor.py:830} INFO - Processing file /home/airflow/.local/lib/python3.12/site-packages/airflow/example_dags/example_task_group_decorator.py for tasks to queue
[2024-06-16T07:58:38.744+0000] {logging_mixin.py:188} INFO - [2024-06-16T07:58:38.744+0000] {dagbag.py:545} INFO - Filling up the DagBag from /home/airflow/.local/lib/python3.12/site-packages/airflow/example_dags/example_task_group_decorator.py
[2024-06-16T07:58:38.767+0000] {processor.py:840} INFO - DAG(s) 'example_task_group_decorator' retrieved from /home/airflow/.local/lib/python3.12/site-packages/airflow/example_dags/example_task_group_decorator.py
[2024-06-16T07:58:38.786+0000] {logging_mixin.py:188} INFO - [2024-06-16T07:58:38.786+0000] {dag.py:3096} INFO - Sync 1 DAGs
[2024-06-16T07:58:38.802+0000] {logging_mixin.py:188} INFO - [2024-06-16T07:58:38.802+0000] {dag.py:3954} INFO - Setting next_dagrun for example_task_group_decorator to 2024-06-15 00:00:00+00:00, run_after=2024-06-16 00:00:00+00:00
[2024-06-16T07:58:38.820+0000] {processor.py:183} INFO - Processing /home/airflow/.local/lib/python3.12/site-packages/airflow/example_dags/example_task_group_decorator.py took 0.096 seconds
[2024-06-16T07:59:08.992+0000] {processor.py:161} INFO - Started process (PID=532) to work on /home/airflow/.local/lib/python3.12/site-packages/airflow/example_dags/example_task_group_decorator.py
[2024-06-16T07:59:08.995+0000] {processor.py:830} INFO - Processing file /home/airflow/.local/lib/python3.12/site-packages/airflow/example_dags/example_task_group_decorator.py for tasks to queue
[2024-06-16T07:59:08.997+0000] {logging_mixin.py:188} INFO - [2024-06-16T07:59:08.997+0000] {dagbag.py:545} INFO - Filling up the DagBag from /home/airflow/.local/lib/python3.12/site-packages/airflow/example_dags/example_task_group_decorator.py
[2024-06-16T07:59:09.013+0000] {processor.py:840} INFO - DAG(s) 'example_task_group_decorator' retrieved from /home/airflow/.local/lib/python3.12/site-packages/airflow/example_dags/example_task_group_decorator.py
[2024-06-16T07:59:09.028+0000] {logging_mixin.py:188} INFO - [2024-06-16T07:59:09.028+0000] {dag.py:3096} INFO - Sync 1 DAGs
[2024-06-16T07:59:09.039+0000] {logging_mixin.py:188} INFO - [2024-06-16T07:59:09.039+0000] {dag.py:3954} INFO - Setting next_dagrun for example_task_group_decorator to 2024-06-15 00:00:00+00:00, run_after=2024-06-16 00:00:00+00:00
[2024-06-16T07:59:09.049+0000] {processor.py:183} INFO - Processing /home/airflow/.local/lib/python3.12/site-packages/airflow/example_dags/example_task_group_decorator.py took 0.065 seconds
[2024-06-16T07:59:39.445+0000] {processor.py:161} INFO - Started process (PID=592) to work on /home/airflow/.local/lib/python3.12/site-packages/airflow/example_dags/example_task_group_decorator.py
[2024-06-16T07:59:39.446+0000] {processor.py:830} INFO - Processing file /home/airflow/.local/lib/python3.12/site-packages/airflow/example_dags/example_task_group_decorator.py for tasks to queue
[2024-06-16T07:59:39.448+0000] {logging_mixin.py:188} INFO - [2024-06-16T07:59:39.448+0000] {dagbag.py:545} INFO - Filling up the DagBag from /home/airflow/.local/lib/python3.12/site-packages/airflow/example_dags/example_task_group_decorator.py
[2024-06-16T07:59:39.463+0000] {processor.py:840} INFO - DAG(s) 'example_task_group_decorator' retrieved from /home/airflow/.local/lib/python3.12/site-packages/airflow/example_dags/example_task_group_decorator.py
[2024-06-16T07:59:39.477+0000] {logging_mixin.py:188} INFO - [2024-06-16T07:59:39.477+0000] {dag.py:3096} INFO - Sync 1 DAGs
[2024-06-16T07:59:39.491+0000] {logging_mixin.py:188} INFO - [2024-06-16T07:59:39.491+0000] {dag.py:3954} INFO - Setting next_dagrun for example_task_group_decorator to 2024-06-15 00:00:00+00:00, run_after=2024-06-16 00:00:00+00:00
[2024-06-16T07:59:39.504+0000] {processor.py:183} INFO - Processing /home/airflow/.local/lib/python3.12/site-packages/airflow/example_dags/example_task_group_decorator.py took 0.066 seconds
[2024-06-16T08:00:09.675+0000] {processor.py:161} INFO - Started process (PID=651) to work on /home/airflow/.local/lib/python3.12/site-packages/airflow/example_dags/example_task_group_decorator.py
[2024-06-16T08:00:09.678+0000] {processor.py:830} INFO - Processing file /home/airflow/.local/lib/python3.12/site-packages/airflow/example_dags/example_task_group_decorator.py for tasks to queue
[2024-06-16T08:00:09.681+0000] {logging_mixin.py:188} INFO - [2024-06-16T08:00:09.681+0000] {dagbag.py:545} INFO - Filling up the DagBag from /home/airflow/.local/lib/python3.12/site-packages/airflow/example_dags/example_task_group_decorator.py
[2024-06-16T08:00:09.696+0000] {processor.py:840} INFO - DAG(s) 'example_task_group_decorator' retrieved from /home/airflow/.local/lib/python3.12/site-packages/airflow/example_dags/example_task_group_decorator.py
[2024-06-16T08:00:09.712+0000] {logging_mixin.py:188} INFO - [2024-06-16T08:00:09.712+0000] {dag.py:3096} INFO - Sync 1 DAGs
[2024-06-16T08:00:09.724+0000] {logging_mixin.py:188} INFO - [2024-06-16T08:00:09.724+0000] {dag.py:3954} INFO - Setting next_dagrun for example_task_group_decorator to 2024-06-15 00:00:00+00:00, run_after=2024-06-16 00:00:00+00:00
[2024-06-16T08:00:09.732+0000] {processor.py:183} INFO - Processing /home/airflow/.local/lib/python3.12/site-packages/airflow/example_dags/example_task_group_decorator.py took 0.065 seconds
[2024-06-16T08:00:39.901+0000] {processor.py:161} INFO - Started process (PID=710) to work on /home/airflow/.local/lib/python3.12/site-packages/airflow/example_dags/example_task_group_decorator.py
[2024-06-16T08:00:39.904+0000] {processor.py:830} INFO - Processing file /home/airflow/.local/lib/python3.12/site-packages/airflow/example_dags/example_task_group_decorator.py for tasks to queue
[2024-06-16T08:00:39.906+0000] {logging_mixin.py:188} INFO - [2024-06-16T08:00:39.906+0000] {dagbag.py:545} INFO - Filling up the DagBag from /home/airflow/.local/lib/python3.12/site-packages/airflow/example_dags/example_task_group_decorator.py
[2024-06-16T08:00:39.921+0000] {processor.py:840} INFO - DAG(s) 'example_task_group_decorator' retrieved from /home/airflow/.local/lib/python3.12/site-packages/airflow/example_dags/example_task_group_decorator.py
[2024-06-16T08:00:39.938+0000] {logging_mixin.py:188} INFO - [2024-06-16T08:00:39.938+0000] {dag.py:3096} INFO - Sync 1 DAGs
[2024-06-16T08:00:39.949+0000] {logging_mixin.py:188} INFO - [2024-06-16T08:00:39.949+0000] {dag.py:3954} INFO - Setting next_dagrun for example_task_group_decorator to 2024-06-15 00:00:00+00:00, run_after=2024-06-16 00:00:00+00:00
[2024-06-16T08:00:39.958+0000] {processor.py:183} INFO - Processing /home/airflow/.local/lib/python3.12/site-packages/airflow/example_dags/example_task_group_decorator.py took 0.068 seconds
[2024-06-16T08:01:10.336+0000] {processor.py:161} INFO - Started process (PID=769) to work on /home/airflow/.local/lib/python3.12/site-packages/airflow/example_dags/example_task_group_decorator.py
[2024-06-16T08:01:10.337+0000] {processor.py:830} INFO - Processing file /home/airflow/.local/lib/python3.12/site-packages/airflow/example_dags/example_task_group_decorator.py for tasks to queue
[2024-06-16T08:01:10.342+0000] {logging_mixin.py:188} INFO - [2024-06-16T08:01:10.341+0000] {dagbag.py:545} INFO - Filling up the DagBag from /home/airflow/.local/lib/python3.12/site-packages/airflow/example_dags/example_task_group_decorator.py
[2024-06-16T08:01:10.359+0000] {processor.py:840} INFO - DAG(s) 'example_task_group_decorator' retrieved from /home/airflow/.local/lib/python3.12/site-packages/airflow/example_dags/example_task_group_decorator.py
[2024-06-16T08:01:10.377+0000] {logging_mixin.py:188} INFO - [2024-06-16T08:01:10.376+0000] {dag.py:3096} INFO - Sync 1 DAGs
[2024-06-16T08:01:10.392+0000] {logging_mixin.py:188} INFO - [2024-06-16T08:01:10.392+0000] {dag.py:3954} INFO - Setting next_dagrun for example_task_group_decorator to 2024-06-15 00:00:00+00:00, run_after=2024-06-16 00:00:00+00:00
[2024-06-16T08:01:10.402+0000] {processor.py:183} INFO - Processing /home/airflow/.local/lib/python3.12/site-packages/airflow/example_dags/example_task_group_decorator.py took 0.077 seconds
[2024-06-16T08:01:40.428+0000] {processor.py:161} INFO - Started process (PID=829) to work on /home/airflow/.local/lib/python3.12/site-packages/airflow/example_dags/example_task_group_decorator.py
[2024-06-16T08:01:40.430+0000] {processor.py:830} INFO - Processing file /home/airflow/.local/lib/python3.12/site-packages/airflow/example_dags/example_task_group_decorator.py for tasks to queue
[2024-06-16T08:01:40.431+0000] {logging_mixin.py:188} INFO - [2024-06-16T08:01:40.431+0000] {dagbag.py:545} INFO - Filling up the DagBag from /home/airflow/.local/lib/python3.12/site-packages/airflow/example_dags/example_task_group_decorator.py
[2024-06-16T08:01:40.445+0000] {processor.py:840} INFO - DAG(s) 'example_task_group_decorator' retrieved from /home/airflow/.local/lib/python3.12/site-packages/airflow/example_dags/example_task_group_decorator.py
[2024-06-16T08:01:40.465+0000] {logging_mixin.py:188} INFO - [2024-06-16T08:01:40.464+0000] {dag.py:3096} INFO - Sync 1 DAGs
[2024-06-16T08:01:40.480+0000] {logging_mixin.py:188} INFO - [2024-06-16T08:01:40.480+0000] {dag.py:3954} INFO - Setting next_dagrun for example_task_group_decorator to 2024-06-15 00:00:00+00:00, run_after=2024-06-16 00:00:00+00:00
[2024-06-16T08:01:40.490+0000] {processor.py:183} INFO - Processing /home/airflow/.local/lib/python3.12/site-packages/airflow/example_dags/example_task_group_decorator.py took 0.067 seconds
[2024-06-16T08:02:25.440+0000] {processor.py:161} INFO - Started process (PID=60) to work on /home/airflow/.local/lib/python3.12/site-packages/airflow/example_dags/example_task_group_decorator.py
[2024-06-16T08:02:25.446+0000] {processor.py:830} INFO - Processing file /home/airflow/.local/lib/python3.12/site-packages/airflow/example_dags/example_task_group_decorator.py for tasks to queue
[2024-06-16T08:02:25.454+0000] {logging_mixin.py:188} INFO - [2024-06-16T08:02:25.453+0000] {dagbag.py:545} INFO - Filling up the DagBag from /home/airflow/.local/lib/python3.12/site-packages/airflow/example_dags/example_task_group_decorator.py
[2024-06-16T08:02:25.503+0000] {processor.py:840} INFO - DAG(s) 'example_task_group_decorator' retrieved from /home/airflow/.local/lib/python3.12/site-packages/airflow/example_dags/example_task_group_decorator.py
[2024-06-16T08:02:25.528+0000] {logging_mixin.py:188} INFO - [2024-06-16T08:02:25.527+0000] {dag.py:3096} INFO - Sync 1 DAGs
[2024-06-16T08:02:25.608+0000] {logging_mixin.py:188} INFO - [2024-06-16T08:02:25.608+0000] {dag.py:3954} INFO - Setting next_dagrun for example_task_group_decorator to 2024-06-15 00:00:00+00:00, run_after=2024-06-16 00:00:00+00:00
[2024-06-16T08:02:25.701+0000] {processor.py:183} INFO - Processing /home/airflow/.local/lib/python3.12/site-packages/airflow/example_dags/example_task_group_decorator.py took 0.280 seconds
[2024-06-16T08:02:56.977+0000] {processor.py:161} INFO - Started process (PID=119) to work on /home/airflow/.local/lib/python3.12/site-packages/airflow/example_dags/example_task_group_decorator.py
[2024-06-16T08:02:56.978+0000] {processor.py:830} INFO - Processing file /home/airflow/.local/lib/python3.12/site-packages/airflow/example_dags/example_task_group_decorator.py for tasks to queue
[2024-06-16T08:02:56.980+0000] {logging_mixin.py:188} INFO - [2024-06-16T08:02:56.980+0000] {dagbag.py:545} INFO - Filling up the DagBag from /home/airflow/.local/lib/python3.12/site-packages/airflow/example_dags/example_task_group_decorator.py
[2024-06-16T08:02:56.989+0000] {processor.py:840} INFO - DAG(s) 'example_task_group_decorator' retrieved from /home/airflow/.local/lib/python3.12/site-packages/airflow/example_dags/example_task_group_decorator.py
[2024-06-16T08:02:57.123+0000] {logging_mixin.py:188} INFO - [2024-06-16T08:02:57.123+0000] {dag.py:3096} INFO - Sync 1 DAGs
[2024-06-16T08:02:57.130+0000] {logging_mixin.py:188} INFO - [2024-06-16T08:02:57.130+0000] {dag.py:3954} INFO - Setting next_dagrun for example_task_group_decorator to 2024-06-15 00:00:00+00:00, run_after=2024-06-16 00:00:00+00:00
[2024-06-16T08:02:57.138+0000] {processor.py:183} INFO - Processing /home/airflow/.local/lib/python3.12/site-packages/airflow/example_dags/example_task_group_decorator.py took 0.164 seconds
[2024-06-16T08:03:27.548+0000] {processor.py:161} INFO - Started process (PID=178) to work on /home/airflow/.local/lib/python3.12/site-packages/airflow/example_dags/example_task_group_decorator.py
[2024-06-16T08:03:27.549+0000] {processor.py:830} INFO - Processing file /home/airflow/.local/lib/python3.12/site-packages/airflow/example_dags/example_task_group_decorator.py for tasks to queue
[2024-06-16T08:03:27.551+0000] {logging_mixin.py:188} INFO - [2024-06-16T08:03:27.551+0000] {dagbag.py:545} INFO - Filling up the DagBag from /home/airflow/.local/lib/python3.12/site-packages/airflow/example_dags/example_task_group_decorator.py
[2024-06-16T08:03:27.558+0000] {processor.py:840} INFO - DAG(s) 'example_task_group_decorator' retrieved from /home/airflow/.local/lib/python3.12/site-packages/airflow/example_dags/example_task_group_decorator.py
[2024-06-16T08:03:27.572+0000] {logging_mixin.py:188} INFO - [2024-06-16T08:03:27.572+0000] {dag.py:3096} INFO - Sync 1 DAGs
[2024-06-16T08:03:27.584+0000] {logging_mixin.py:188} INFO - [2024-06-16T08:03:27.584+0000] {dag.py:3954} INFO - Setting next_dagrun for example_task_group_decorator to 2024-06-15 00:00:00+00:00, run_after=2024-06-16 00:00:00+00:00
[2024-06-16T08:03:27.593+0000] {processor.py:183} INFO - Processing /home/airflow/.local/lib/python3.12/site-packages/airflow/example_dags/example_task_group_decorator.py took 0.049 seconds
[2024-06-16T08:03:58.550+0000] {processor.py:161} INFO - Started process (PID=237) to work on /home/airflow/.local/lib/python3.12/site-packages/airflow/example_dags/example_task_group_decorator.py
[2024-06-16T08:03:58.551+0000] {processor.py:830} INFO - Processing file /home/airflow/.local/lib/python3.12/site-packages/airflow/example_dags/example_task_group_decorator.py for tasks to queue
[2024-06-16T08:03:58.552+0000] {logging_mixin.py:188} INFO - [2024-06-16T08:03:58.551+0000] {dagbag.py:545} INFO - Filling up the DagBag from /home/airflow/.local/lib/python3.12/site-packages/airflow/example_dags/example_task_group_decorator.py
[2024-06-16T08:03:58.558+0000] {processor.py:840} INFO - DAG(s) 'example_task_group_decorator' retrieved from /home/airflow/.local/lib/python3.12/site-packages/airflow/example_dags/example_task_group_decorator.py
[2024-06-16T08:03:58.570+0000] {logging_mixin.py:188} INFO - [2024-06-16T08:03:58.570+0000] {dag.py:3096} INFO - Sync 1 DAGs
[2024-06-16T08:03:58.580+0000] {logging_mixin.py:188} INFO - [2024-06-16T08:03:58.580+0000] {dag.py:3954} INFO - Setting next_dagrun for example_task_group_decorator to 2024-06-15 00:00:00+00:00, run_after=2024-06-16 00:00:00+00:00
[2024-06-16T08:03:58.588+0000] {processor.py:183} INFO - Processing /home/airflow/.local/lib/python3.12/site-packages/airflow/example_dags/example_task_group_decorator.py took 0.041 seconds
[2024-06-16T08:04:29.708+0000] {processor.py:161} INFO - Started process (PID=296) to work on /home/airflow/.local/lib/python3.12/site-packages/airflow/example_dags/example_task_group_decorator.py
[2024-06-16T08:04:29.709+0000] {processor.py:830} INFO - Processing file /home/airflow/.local/lib/python3.12/site-packages/airflow/example_dags/example_task_group_decorator.py for tasks to queue
[2024-06-16T08:04:29.710+0000] {logging_mixin.py:188} INFO - [2024-06-16T08:04:29.710+0000] {dagbag.py:545} INFO - Filling up the DagBag from /home/airflow/.local/lib/python3.12/site-packages/airflow/example_dags/example_task_group_decorator.py
[2024-06-16T08:04:29.716+0000] {processor.py:840} INFO - DAG(s) 'example_task_group_decorator' retrieved from /home/airflow/.local/lib/python3.12/site-packages/airflow/example_dags/example_task_group_decorator.py
[2024-06-16T08:04:29.815+0000] {logging_mixin.py:188} INFO - [2024-06-16T08:04:29.815+0000] {dag.py:3096} INFO - Sync 1 DAGs
[2024-06-16T08:04:29.825+0000] {logging_mixin.py:188} INFO - [2024-06-16T08:04:29.825+0000] {dag.py:3954} INFO - Setting next_dagrun for example_task_group_decorator to 2024-06-15 00:00:00+00:00, run_after=2024-06-16 00:00:00+00:00
[2024-06-16T08:04:29.839+0000] {processor.py:183} INFO - Processing /home/airflow/.local/lib/python3.12/site-packages/airflow/example_dags/example_task_group_decorator.py took 0.134 seconds
[2024-06-16T08:05:00.823+0000] {processor.py:161} INFO - Started process (PID=354) to work on /home/airflow/.local/lib/python3.12/site-packages/airflow/example_dags/example_task_group_decorator.py
[2024-06-16T08:05:00.824+0000] {processor.py:830} INFO - Processing file /home/airflow/.local/lib/python3.12/site-packages/airflow/example_dags/example_task_group_decorator.py for tasks to queue
[2024-06-16T08:05:00.827+0000] {logging_mixin.py:188} INFO - [2024-06-16T08:05:00.827+0000] {dagbag.py:545} INFO - Filling up the DagBag from /home/airflow/.local/lib/python3.12/site-packages/airflow/example_dags/example_task_group_decorator.py
[2024-06-16T08:05:00.842+0000] {processor.py:840} INFO - DAG(s) 'example_task_group_decorator' retrieved from /home/airflow/.local/lib/python3.12/site-packages/airflow/example_dags/example_task_group_decorator.py
[2024-06-16T08:05:00.859+0000] {logging_mixin.py:188} INFO - [2024-06-16T08:05:00.858+0000] {dag.py:3096} INFO - Sync 1 DAGs
[2024-06-16T08:05:00.871+0000] {logging_mixin.py:188} INFO - [2024-06-16T08:05:00.871+0000] {dag.py:3954} INFO - Setting next_dagrun for example_task_group_decorator to 2024-06-15 00:00:00+00:00, run_after=2024-06-16 00:00:00+00:00
[2024-06-16T08:05:00.880+0000] {processor.py:183} INFO - Processing /home/airflow/.local/lib/python3.12/site-packages/airflow/example_dags/example_task_group_decorator.py took 0.064 seconds
[2024-06-16T08:05:31.124+0000] {processor.py:161} INFO - Started process (PID=413) to work on /home/airflow/.local/lib/python3.12/site-packages/airflow/example_dags/example_task_group_decorator.py
[2024-06-16T08:05:31.126+0000] {processor.py:830} INFO - Processing file /home/airflow/.local/lib/python3.12/site-packages/airflow/example_dags/example_task_group_decorator.py for tasks to queue
[2024-06-16T08:05:31.128+0000] {logging_mixin.py:188} INFO - [2024-06-16T08:05:31.127+0000] {dagbag.py:545} INFO - Filling up the DagBag from /home/airflow/.local/lib/python3.12/site-packages/airflow/example_dags/example_task_group_decorator.py
[2024-06-16T08:05:31.142+0000] {processor.py:840} INFO - DAG(s) 'example_task_group_decorator' retrieved from /home/airflow/.local/lib/python3.12/site-packages/airflow/example_dags/example_task_group_decorator.py
[2024-06-16T08:05:31.163+0000] {logging_mixin.py:188} INFO - [2024-06-16T08:05:31.162+0000] {dag.py:3096} INFO - Sync 1 DAGs
[2024-06-16T08:05:31.178+0000] {logging_mixin.py:188} INFO - [2024-06-16T08:05:31.178+0000] {dag.py:3954} INFO - Setting next_dagrun for example_task_group_decorator to 2024-06-15 00:00:00+00:00, run_after=2024-06-16 00:00:00+00:00
[2024-06-16T08:05:31.188+0000] {processor.py:183} INFO - Processing /home/airflow/.local/lib/python3.12/site-packages/airflow/example_dags/example_task_group_decorator.py took 0.071 seconds
[2024-06-16T08:06:01.289+0000] {processor.py:161} INFO - Started process (PID=473) to work on /home/airflow/.local/lib/python3.12/site-packages/airflow/example_dags/example_task_group_decorator.py
[2024-06-16T08:06:01.291+0000] {processor.py:830} INFO - Processing file /home/airflow/.local/lib/python3.12/site-packages/airflow/example_dags/example_task_group_decorator.py for tasks to queue
[2024-06-16T08:06:01.293+0000] {logging_mixin.py:188} INFO - [2024-06-16T08:06:01.292+0000] {dagbag.py:545} INFO - Filling up the DagBag from /home/airflow/.local/lib/python3.12/site-packages/airflow/example_dags/example_task_group_decorator.py
[2024-06-16T08:06:01.303+0000] {processor.py:840} INFO - DAG(s) 'example_task_group_decorator' retrieved from /home/airflow/.local/lib/python3.12/site-packages/airflow/example_dags/example_task_group_decorator.py
[2024-06-16T08:06:01.316+0000] {logging_mixin.py:188} INFO - [2024-06-16T08:06:01.316+0000] {dag.py:3096} INFO - Sync 1 DAGs
[2024-06-16T08:06:01.326+0000] {logging_mixin.py:188} INFO - [2024-06-16T08:06:01.326+0000] {dag.py:3954} INFO - Setting next_dagrun for example_task_group_decorator to 2024-06-15 00:00:00+00:00, run_after=2024-06-16 00:00:00+00:00
[2024-06-16T08:06:01.338+0000] {processor.py:183} INFO - Processing /home/airflow/.local/lib/python3.12/site-packages/airflow/example_dags/example_task_group_decorator.py took 0.053 seconds
[2024-06-16T08:06:31.817+0000] {processor.py:161} INFO - Started process (PID=532) to work on /home/airflow/.local/lib/python3.12/site-packages/airflow/example_dags/example_task_group_decorator.py
[2024-06-16T08:06:31.818+0000] {processor.py:830} INFO - Processing file /home/airflow/.local/lib/python3.12/site-packages/airflow/example_dags/example_task_group_decorator.py for tasks to queue
[2024-06-16T08:06:31.820+0000] {logging_mixin.py:188} INFO - [2024-06-16T08:06:31.820+0000] {dagbag.py:545} INFO - Filling up the DagBag from /home/airflow/.local/lib/python3.12/site-packages/airflow/example_dags/example_task_group_decorator.py
[2024-06-16T08:06:31.832+0000] {processor.py:840} INFO - DAG(s) 'example_task_group_decorator' retrieved from /home/airflow/.local/lib/python3.12/site-packages/airflow/example_dags/example_task_group_decorator.py
[2024-06-16T08:06:31.848+0000] {logging_mixin.py:188} INFO - [2024-06-16T08:06:31.848+0000] {dag.py:3096} INFO - Sync 1 DAGs
[2024-06-16T08:06:31.859+0000] {logging_mixin.py:188} INFO - [2024-06-16T08:06:31.859+0000] {dag.py:3954} INFO - Setting next_dagrun for example_task_group_decorator to 2024-06-15 00:00:00+00:00, run_after=2024-06-16 00:00:00+00:00
[2024-06-16T08:06:31.867+0000] {processor.py:183} INFO - Processing /home/airflow/.local/lib/python3.12/site-packages/airflow/example_dags/example_task_group_decorator.py took 0.057 seconds
[2024-06-16T08:07:01.958+0000] {processor.py:161} INFO - Started process (PID=591) to work on /home/airflow/.local/lib/python3.12/site-packages/airflow/example_dags/example_task_group_decorator.py
[2024-06-16T08:07:01.959+0000] {processor.py:830} INFO - Processing file /home/airflow/.local/lib/python3.12/site-packages/airflow/example_dags/example_task_group_decorator.py for tasks to queue
[2024-06-16T08:07:01.961+0000] {logging_mixin.py:188} INFO - [2024-06-16T08:07:01.961+0000] {dagbag.py:545} INFO - Filling up the DagBag from /home/airflow/.local/lib/python3.12/site-packages/airflow/example_dags/example_task_group_decorator.py
[2024-06-16T08:07:01.973+0000] {processor.py:840} INFO - DAG(s) 'example_task_group_decorator' retrieved from /home/airflow/.local/lib/python3.12/site-packages/airflow/example_dags/example_task_group_decorator.py
[2024-06-16T08:07:01.988+0000] {logging_mixin.py:188} INFO - [2024-06-16T08:07:01.988+0000] {dag.py:3096} INFO - Sync 1 DAGs
[2024-06-16T08:07:02.003+0000] {logging_mixin.py:188} INFO - [2024-06-16T08:07:02.003+0000] {dag.py:3954} INFO - Setting next_dagrun for example_task_group_decorator to 2024-06-15 00:00:00+00:00, run_after=2024-06-16 00:00:00+00:00
[2024-06-16T08:07:02.012+0000] {processor.py:183} INFO - Processing /home/airflow/.local/lib/python3.12/site-packages/airflow/example_dags/example_task_group_decorator.py took 0.061 seconds
[2024-06-16T08:07:32.992+0000] {processor.py:161} INFO - Started process (PID=650) to work on /home/airflow/.local/lib/python3.12/site-packages/airflow/example_dags/example_task_group_decorator.py
[2024-06-16T08:07:32.993+0000] {processor.py:830} INFO - Processing file /home/airflow/.local/lib/python3.12/site-packages/airflow/example_dags/example_task_group_decorator.py for tasks to queue
[2024-06-16T08:07:32.995+0000] {logging_mixin.py:188} INFO - [2024-06-16T08:07:32.995+0000] {dagbag.py:545} INFO - Filling up the DagBag from /home/airflow/.local/lib/python3.12/site-packages/airflow/example_dags/example_task_group_decorator.py
[2024-06-16T08:07:33.011+0000] {processor.py:840} INFO - DAG(s) 'example_task_group_decorator' retrieved from /home/airflow/.local/lib/python3.12/site-packages/airflow/example_dags/example_task_group_decorator.py
[2024-06-16T08:07:33.025+0000] {logging_mixin.py:188} INFO - [2024-06-16T08:07:33.025+0000] {dag.py:3096} INFO - Sync 1 DAGs
[2024-06-16T08:07:33.035+0000] {logging_mixin.py:188} INFO - [2024-06-16T08:07:33.035+0000] {dag.py:3954} INFO - Setting next_dagrun for example_task_group_decorator to 2024-06-15 00:00:00+00:00, run_after=2024-06-16 00:00:00+00:00
[2024-06-16T08:07:33.044+0000] {processor.py:183} INFO - Processing /home/airflow/.local/lib/python3.12/site-packages/airflow/example_dags/example_task_group_decorator.py took 0.059 seconds
[2024-06-16T08:08:03.796+0000] {processor.py:161} INFO - Started process (PID=709) to work on /home/airflow/.local/lib/python3.12/site-packages/airflow/example_dags/example_task_group_decorator.py
[2024-06-16T08:08:03.797+0000] {processor.py:830} INFO - Processing file /home/airflow/.local/lib/python3.12/site-packages/airflow/example_dags/example_task_group_decorator.py for tasks to queue
[2024-06-16T08:08:03.799+0000] {logging_mixin.py:188} INFO - [2024-06-16T08:08:03.799+0000] {dagbag.py:545} INFO - Filling up the DagBag from /home/airflow/.local/lib/python3.12/site-packages/airflow/example_dags/example_task_group_decorator.py
[2024-06-16T08:08:03.811+0000] {processor.py:840} INFO - DAG(s) 'example_task_group_decorator' retrieved from /home/airflow/.local/lib/python3.12/site-packages/airflow/example_dags/example_task_group_decorator.py
[2024-06-16T08:08:03.835+0000] {logging_mixin.py:188} INFO - [2024-06-16T08:08:03.834+0000] {dag.py:3096} INFO - Sync 1 DAGs
[2024-06-16T08:08:03.847+0000] {logging_mixin.py:188} INFO - [2024-06-16T08:08:03.847+0000] {dag.py:3954} INFO - Setting next_dagrun for example_task_group_decorator to 2024-06-15 00:00:00+00:00, run_after=2024-06-16 00:00:00+00:00
[2024-06-16T08:08:03.857+0000] {processor.py:183} INFO - Processing /home/airflow/.local/lib/python3.12/site-packages/airflow/example_dags/example_task_group_decorator.py took 0.067 seconds
[2024-06-16T08:08:34.442+0000] {processor.py:161} INFO - Started process (PID=768) to work on /home/airflow/.local/lib/python3.12/site-packages/airflow/example_dags/example_task_group_decorator.py
[2024-06-16T08:08:34.444+0000] {processor.py:830} INFO - Processing file /home/airflow/.local/lib/python3.12/site-packages/airflow/example_dags/example_task_group_decorator.py for tasks to queue
[2024-06-16T08:08:34.448+0000] {logging_mixin.py:188} INFO - [2024-06-16T08:08:34.448+0000] {dagbag.py:545} INFO - Filling up the DagBag from /home/airflow/.local/lib/python3.12/site-packages/airflow/example_dags/example_task_group_decorator.py
[2024-06-16T08:08:34.467+0000] {processor.py:840} INFO - DAG(s) 'example_task_group_decorator' retrieved from /home/airflow/.local/lib/python3.12/site-packages/airflow/example_dags/example_task_group_decorator.py
[2024-06-16T08:08:34.485+0000] {logging_mixin.py:188} INFO - [2024-06-16T08:08:34.485+0000] {dag.py:3096} INFO - Sync 1 DAGs
[2024-06-16T08:08:34.516+0000] {logging_mixin.py:188} INFO - [2024-06-16T08:08:34.515+0000] {dag.py:3954} INFO - Setting next_dagrun for example_task_group_decorator to 2024-06-15 00:00:00+00:00, run_after=2024-06-16 00:00:00+00:00
[2024-06-16T08:08:34.527+0000] {processor.py:183} INFO - Processing /home/airflow/.local/lib/python3.12/site-packages/airflow/example_dags/example_task_group_decorator.py took 0.089 seconds
[2024-06-16T08:09:04.636+0000] {processor.py:161} INFO - Started process (PID=827) to work on /home/airflow/.local/lib/python3.12/site-packages/airflow/example_dags/example_task_group_decorator.py
[2024-06-16T08:09:04.643+0000] {processor.py:830} INFO - Processing file /home/airflow/.local/lib/python3.12/site-packages/airflow/example_dags/example_task_group_decorator.py for tasks to queue
[2024-06-16T08:09:04.651+0000] {logging_mixin.py:188} INFO - [2024-06-16T08:09:04.650+0000] {dagbag.py:545} INFO - Filling up the DagBag from /home/airflow/.local/lib/python3.12/site-packages/airflow/example_dags/example_task_group_decorator.py
[2024-06-16T08:09:04.678+0000] {processor.py:840} INFO - DAG(s) 'example_task_group_decorator' retrieved from /home/airflow/.local/lib/python3.12/site-packages/airflow/example_dags/example_task_group_decorator.py
[2024-06-16T08:09:04.722+0000] {logging_mixin.py:188} INFO - [2024-06-16T08:09:04.721+0000] {dag.py:3096} INFO - Sync 1 DAGs
[2024-06-16T08:09:04.761+0000] {logging_mixin.py:188} INFO - [2024-06-16T08:09:04.760+0000] {dag.py:3954} INFO - Setting next_dagrun for example_task_group_decorator to 2024-06-15 00:00:00+00:00, run_after=2024-06-16 00:00:00+00:00
[2024-06-16T08:09:04.797+0000] {processor.py:183} INFO - Processing /home/airflow/.local/lib/python3.12/site-packages/airflow/example_dags/example_task_group_decorator.py took 0.165 seconds
[2024-06-16T08:09:35.428+0000] {processor.py:161} INFO - Started process (PID=886) to work on /home/airflow/.local/lib/python3.12/site-packages/airflow/example_dags/example_task_group_decorator.py
[2024-06-16T08:09:35.429+0000] {processor.py:830} INFO - Processing file /home/airflow/.local/lib/python3.12/site-packages/airflow/example_dags/example_task_group_decorator.py for tasks to queue
[2024-06-16T08:09:35.431+0000] {logging_mixin.py:188} INFO - [2024-06-16T08:09:35.431+0000] {dagbag.py:545} INFO - Filling up the DagBag from /home/airflow/.local/lib/python3.12/site-packages/airflow/example_dags/example_task_group_decorator.py
[2024-06-16T08:09:35.451+0000] {processor.py:840} INFO - DAG(s) 'example_task_group_decorator' retrieved from /home/airflow/.local/lib/python3.12/site-packages/airflow/example_dags/example_task_group_decorator.py
[2024-06-16T08:09:35.470+0000] {logging_mixin.py:188} INFO - [2024-06-16T08:09:35.469+0000] {dag.py:3096} INFO - Sync 1 DAGs
[2024-06-16T08:09:35.491+0000] {logging_mixin.py:188} INFO - [2024-06-16T08:09:35.491+0000] {dag.py:3954} INFO - Setting next_dagrun for example_task_group_decorator to 2024-06-15 00:00:00+00:00, run_after=2024-06-16 00:00:00+00:00
[2024-06-16T08:09:35.508+0000] {processor.py:183} INFO - Processing /home/airflow/.local/lib/python3.12/site-packages/airflow/example_dags/example_task_group_decorator.py took 0.086 seconds
[2024-06-16T08:10:05.882+0000] {processor.py:161} INFO - Started process (PID=945) to work on /home/airflow/.local/lib/python3.12/site-packages/airflow/example_dags/example_task_group_decorator.py
[2024-06-16T08:10:05.886+0000] {processor.py:830} INFO - Processing file /home/airflow/.local/lib/python3.12/site-packages/airflow/example_dags/example_task_group_decorator.py for tasks to queue
[2024-06-16T08:10:05.888+0000] {logging_mixin.py:188} INFO - [2024-06-16T08:10:05.888+0000] {dagbag.py:545} INFO - Filling up the DagBag from /home/airflow/.local/lib/python3.12/site-packages/airflow/example_dags/example_task_group_decorator.py
[2024-06-16T08:10:05.907+0000] {processor.py:840} INFO - DAG(s) 'example_task_group_decorator' retrieved from /home/airflow/.local/lib/python3.12/site-packages/airflow/example_dags/example_task_group_decorator.py
[2024-06-16T08:10:05.925+0000] {logging_mixin.py:188} INFO - [2024-06-16T08:10:05.925+0000] {dag.py:3096} INFO - Sync 1 DAGs
[2024-06-16T08:10:05.939+0000] {logging_mixin.py:188} INFO - [2024-06-16T08:10:05.939+0000] {dag.py:3954} INFO - Setting next_dagrun for example_task_group_decorator to 2024-06-15 00:00:00+00:00, run_after=2024-06-16 00:00:00+00:00
[2024-06-16T08:10:05.949+0000] {processor.py:183} INFO - Processing /home/airflow/.local/lib/python3.12/site-packages/airflow/example_dags/example_task_group_decorator.py took 0.072 seconds
[2024-06-16T08:10:36.418+0000] {processor.py:161} INFO - Started process (PID=1004) to work on /home/airflow/.local/lib/python3.12/site-packages/airflow/example_dags/example_task_group_decorator.py
[2024-06-16T08:10:36.419+0000] {processor.py:830} INFO - Processing file /home/airflow/.local/lib/python3.12/site-packages/airflow/example_dags/example_task_group_decorator.py for tasks to queue
[2024-06-16T08:10:36.420+0000] {logging_mixin.py:188} INFO - [2024-06-16T08:10:36.420+0000] {dagbag.py:545} INFO - Filling up the DagBag from /home/airflow/.local/lib/python3.12/site-packages/airflow/example_dags/example_task_group_decorator.py
[2024-06-16T08:10:36.428+0000] {processor.py:840} INFO - DAG(s) 'example_task_group_decorator' retrieved from /home/airflow/.local/lib/python3.12/site-packages/airflow/example_dags/example_task_group_decorator.py
[2024-06-16T08:10:36.441+0000] {logging_mixin.py:188} INFO - [2024-06-16T08:10:36.441+0000] {dag.py:3096} INFO - Sync 1 DAGs
[2024-06-16T08:10:36.451+0000] {logging_mixin.py:188} INFO - [2024-06-16T08:10:36.451+0000] {dag.py:3954} INFO - Setting next_dagrun for example_task_group_decorator to 2024-06-15 00:00:00+00:00, run_after=2024-06-16 00:00:00+00:00
[2024-06-16T08:10:36.459+0000] {processor.py:183} INFO - Processing /home/airflow/.local/lib/python3.12/site-packages/airflow/example_dags/example_task_group_decorator.py took 0.046 seconds
[2024-06-16T08:11:06.547+0000] {processor.py:161} INFO - Started process (PID=1063) to work on /home/airflow/.local/lib/python3.12/site-packages/airflow/example_dags/example_task_group_decorator.py
[2024-06-16T08:11:06.549+0000] {processor.py:830} INFO - Processing file /home/airflow/.local/lib/python3.12/site-packages/airflow/example_dags/example_task_group_decorator.py for tasks to queue
[2024-06-16T08:11:06.551+0000] {logging_mixin.py:188} INFO - [2024-06-16T08:11:06.551+0000] {dagbag.py:545} INFO - Filling up the DagBag from /home/airflow/.local/lib/python3.12/site-packages/airflow/example_dags/example_task_group_decorator.py
[2024-06-16T08:11:06.564+0000] {processor.py:840} INFO - DAG(s) 'example_task_group_decorator' retrieved from /home/airflow/.local/lib/python3.12/site-packages/airflow/example_dags/example_task_group_decorator.py
[2024-06-16T08:11:06.582+0000] {logging_mixin.py:188} INFO - [2024-06-16T08:11:06.582+0000] {dag.py:3096} INFO - Sync 1 DAGs
[2024-06-16T08:11:06.593+0000] {logging_mixin.py:188} INFO - [2024-06-16T08:11:06.593+0000] {dag.py:3954} INFO - Setting next_dagrun for example_task_group_decorator to 2024-06-15 00:00:00+00:00, run_after=2024-06-16 00:00:00+00:00
[2024-06-16T08:11:06.602+0000] {processor.py:183} INFO - Processing /home/airflow/.local/lib/python3.12/site-packages/airflow/example_dags/example_task_group_decorator.py took 0.060 seconds
[2024-06-16T08:11:37.146+0000] {processor.py:161} INFO - Started process (PID=1122) to work on /home/airflow/.local/lib/python3.12/site-packages/airflow/example_dags/example_task_group_decorator.py
[2024-06-16T08:11:37.147+0000] {processor.py:830} INFO - Processing file /home/airflow/.local/lib/python3.12/site-packages/airflow/example_dags/example_task_group_decorator.py for tasks to queue
[2024-06-16T08:11:37.149+0000] {logging_mixin.py:188} INFO - [2024-06-16T08:11:37.148+0000] {dagbag.py:545} INFO - Filling up the DagBag from /home/airflow/.local/lib/python3.12/site-packages/airflow/example_dags/example_task_group_decorator.py
[2024-06-16T08:11:37.157+0000] {processor.py:840} INFO - DAG(s) 'example_task_group_decorator' retrieved from /home/airflow/.local/lib/python3.12/site-packages/airflow/example_dags/example_task_group_decorator.py
[2024-06-16T08:11:37.174+0000] {logging_mixin.py:188} INFO - [2024-06-16T08:11:37.174+0000] {dag.py:3096} INFO - Sync 1 DAGs
[2024-06-16T08:11:37.187+0000] {logging_mixin.py:188} INFO - [2024-06-16T08:11:37.187+0000] {dag.py:3954} INFO - Setting next_dagrun for example_task_group_decorator to 2024-06-15 00:00:00+00:00, run_after=2024-06-16 00:00:00+00:00
[2024-06-16T08:11:37.198+0000] {processor.py:183} INFO - Processing /home/airflow/.local/lib/python3.12/site-packages/airflow/example_dags/example_task_group_decorator.py took 0.055 seconds
[2024-06-16T08:12:07.300+0000] {processor.py:161} INFO - Started process (PID=1181) to work on /home/airflow/.local/lib/python3.12/site-packages/airflow/example_dags/example_task_group_decorator.py
[2024-06-16T08:12:07.301+0000] {processor.py:830} INFO - Processing file /home/airflow/.local/lib/python3.12/site-packages/airflow/example_dags/example_task_group_decorator.py for tasks to queue
[2024-06-16T08:12:07.302+0000] {logging_mixin.py:188} INFO - [2024-06-16T08:12:07.302+0000] {dagbag.py:545} INFO - Filling up the DagBag from /home/airflow/.local/lib/python3.12/site-packages/airflow/example_dags/example_task_group_decorator.py
[2024-06-16T08:12:07.309+0000] {processor.py:840} INFO - DAG(s) 'example_task_group_decorator' retrieved from /home/airflow/.local/lib/python3.12/site-packages/airflow/example_dags/example_task_group_decorator.py
[2024-06-16T08:12:07.324+0000] {logging_mixin.py:188} INFO - [2024-06-16T08:12:07.324+0000] {dag.py:3096} INFO - Sync 1 DAGs
[2024-06-16T08:12:07.343+0000] {logging_mixin.py:188} INFO - [2024-06-16T08:12:07.343+0000] {dag.py:3954} INFO - Setting next_dagrun for example_task_group_decorator to 2024-06-15 00:00:00+00:00, run_after=2024-06-16 00:00:00+00:00
[2024-06-16T08:12:07.353+0000] {processor.py:183} INFO - Processing /home/airflow/.local/lib/python3.12/site-packages/airflow/example_dags/example_task_group_decorator.py took 0.055 seconds
[2024-06-16T08:12:37.438+0000] {processor.py:161} INFO - Started process (PID=1239) to work on /home/airflow/.local/lib/python3.12/site-packages/airflow/example_dags/example_task_group_decorator.py
[2024-06-16T08:12:37.438+0000] {processor.py:830} INFO - Processing file /home/airflow/.local/lib/python3.12/site-packages/airflow/example_dags/example_task_group_decorator.py for tasks to queue
[2024-06-16T08:12:37.439+0000] {logging_mixin.py:188} INFO - [2024-06-16T08:12:37.439+0000] {dagbag.py:545} INFO - Filling up the DagBag from /home/airflow/.local/lib/python3.12/site-packages/airflow/example_dags/example_task_group_decorator.py
[2024-06-16T08:12:37.446+0000] {processor.py:840} INFO - DAG(s) 'example_task_group_decorator' retrieved from /home/airflow/.local/lib/python3.12/site-packages/airflow/example_dags/example_task_group_decorator.py
[2024-06-16T08:12:37.463+0000] {logging_mixin.py:188} INFO - [2024-06-16T08:12:37.463+0000] {dag.py:3096} INFO - Sync 1 DAGs
[2024-06-16T08:12:37.475+0000] {logging_mixin.py:188} INFO - [2024-06-16T08:12:37.475+0000] {dag.py:3954} INFO - Setting next_dagrun for example_task_group_decorator to 2024-06-15 00:00:00+00:00, run_after=2024-06-16 00:00:00+00:00
[2024-06-16T08:12:37.483+0000] {processor.py:183} INFO - Processing /home/airflow/.local/lib/python3.12/site-packages/airflow/example_dags/example_task_group_decorator.py took 0.048 seconds
[2024-06-16T08:13:08.700+0000] {processor.py:161} INFO - Started process (PID=1298) to work on /home/airflow/.local/lib/python3.12/site-packages/airflow/example_dags/example_task_group_decorator.py
[2024-06-16T08:13:08.700+0000] {processor.py:830} INFO - Processing file /home/airflow/.local/lib/python3.12/site-packages/airflow/example_dags/example_task_group_decorator.py for tasks to queue
[2024-06-16T08:13:08.702+0000] {logging_mixin.py:188} INFO - [2024-06-16T08:13:08.701+0000] {dagbag.py:545} INFO - Filling up the DagBag from /home/airflow/.local/lib/python3.12/site-packages/airflow/example_dags/example_task_group_decorator.py
[2024-06-16T08:13:08.709+0000] {processor.py:840} INFO - DAG(s) 'example_task_group_decorator' retrieved from /home/airflow/.local/lib/python3.12/site-packages/airflow/example_dags/example_task_group_decorator.py
[2024-06-16T08:13:08.722+0000] {logging_mixin.py:188} INFO - [2024-06-16T08:13:08.722+0000] {dag.py:3096} INFO - Sync 1 DAGs
[2024-06-16T08:13:08.732+0000] {logging_mixin.py:188} INFO - [2024-06-16T08:13:08.732+0000] {dag.py:3954} INFO - Setting next_dagrun for example_task_group_decorator to 2024-06-15 00:00:00+00:00, run_after=2024-06-16 00:00:00+00:00
[2024-06-16T08:13:08.741+0000] {processor.py:183} INFO - Processing /home/airflow/.local/lib/python3.12/site-packages/airflow/example_dags/example_task_group_decorator.py took 0.044 seconds
[2024-06-16T08:13:38.961+0000] {processor.py:161} INFO - Started process (PID=1357) to work on /home/airflow/.local/lib/python3.12/site-packages/airflow/example_dags/example_task_group_decorator.py
[2024-06-16T08:13:38.961+0000] {processor.py:830} INFO - Processing file /home/airflow/.local/lib/python3.12/site-packages/airflow/example_dags/example_task_group_decorator.py for tasks to queue
[2024-06-16T08:13:38.962+0000] {logging_mixin.py:188} INFO - [2024-06-16T08:13:38.962+0000] {dagbag.py:545} INFO - Filling up the DagBag from /home/airflow/.local/lib/python3.12/site-packages/airflow/example_dags/example_task_group_decorator.py
[2024-06-16T08:13:38.969+0000] {processor.py:840} INFO - DAG(s) 'example_task_group_decorator' retrieved from /home/airflow/.local/lib/python3.12/site-packages/airflow/example_dags/example_task_group_decorator.py
[2024-06-16T08:13:38.981+0000] {logging_mixin.py:188} INFO - [2024-06-16T08:13:38.981+0000] {dag.py:3096} INFO - Sync 1 DAGs
[2024-06-16T08:13:38.991+0000] {logging_mixin.py:188} INFO - [2024-06-16T08:13:38.991+0000] {dag.py:3954} INFO - Setting next_dagrun for example_task_group_decorator to 2024-06-15 00:00:00+00:00, run_after=2024-06-16 00:00:00+00:00
[2024-06-16T08:13:38.999+0000] {processor.py:183} INFO - Processing /home/airflow/.local/lib/python3.12/site-packages/airflow/example_dags/example_task_group_decorator.py took 0.041 seconds
[2024-06-16T08:14:09.080+0000] {processor.py:161} INFO - Started process (PID=1416) to work on /home/airflow/.local/lib/python3.12/site-packages/airflow/example_dags/example_task_group_decorator.py
[2024-06-16T08:14:09.081+0000] {processor.py:830} INFO - Processing file /home/airflow/.local/lib/python3.12/site-packages/airflow/example_dags/example_task_group_decorator.py for tasks to queue
[2024-06-16T08:14:09.082+0000] {logging_mixin.py:188} INFO - [2024-06-16T08:14:09.082+0000] {dagbag.py:545} INFO - Filling up the DagBag from /home/airflow/.local/lib/python3.12/site-packages/airflow/example_dags/example_task_group_decorator.py
[2024-06-16T08:14:09.089+0000] {processor.py:840} INFO - DAG(s) 'example_task_group_decorator' retrieved from /home/airflow/.local/lib/python3.12/site-packages/airflow/example_dags/example_task_group_decorator.py
[2024-06-16T08:14:09.102+0000] {logging_mixin.py:188} INFO - [2024-06-16T08:14:09.102+0000] {dag.py:3096} INFO - Sync 1 DAGs
[2024-06-16T08:14:09.113+0000] {logging_mixin.py:188} INFO - [2024-06-16T08:14:09.113+0000] {dag.py:3954} INFO - Setting next_dagrun for example_task_group_decorator to 2024-06-15 00:00:00+00:00, run_after=2024-06-16 00:00:00+00:00
[2024-06-16T08:14:09.122+0000] {processor.py:183} INFO - Processing /home/airflow/.local/lib/python3.12/site-packages/airflow/example_dags/example_task_group_decorator.py took 0.045 seconds
[2024-06-16T08:14:39.380+0000] {processor.py:161} INFO - Started process (PID=1475) to work on /home/airflow/.local/lib/python3.12/site-packages/airflow/example_dags/example_task_group_decorator.py
[2024-06-16T08:14:39.381+0000] {processor.py:830} INFO - Processing file /home/airflow/.local/lib/python3.12/site-packages/airflow/example_dags/example_task_group_decorator.py for tasks to queue
[2024-06-16T08:14:39.383+0000] {logging_mixin.py:188} INFO - [2024-06-16T08:14:39.383+0000] {dagbag.py:545} INFO - Filling up the DagBag from /home/airflow/.local/lib/python3.12/site-packages/airflow/example_dags/example_task_group_decorator.py
[2024-06-16T08:14:39.439+0000] {processor.py:840} INFO - DAG(s) 'example_task_group_decorator' retrieved from /home/airflow/.local/lib/python3.12/site-packages/airflow/example_dags/example_task_group_decorator.py
[2024-06-16T08:14:39.488+0000] {logging_mixin.py:188} INFO - [2024-06-16T08:14:39.487+0000] {dag.py:3096} INFO - Sync 1 DAGs
[2024-06-16T08:14:39.509+0000] {logging_mixin.py:188} INFO - [2024-06-16T08:14:39.508+0000] {dag.py:3954} INFO - Setting next_dagrun for example_task_group_decorator to 2024-06-15 00:00:00+00:00, run_after=2024-06-16 00:00:00+00:00
[2024-06-16T08:14:39.520+0000] {processor.py:183} INFO - Processing /home/airflow/.local/lib/python3.12/site-packages/airflow/example_dags/example_task_group_decorator.py took 0.145 seconds
[2024-06-16T08:15:09.756+0000] {processor.py:161} INFO - Started process (PID=1534) to work on /home/airflow/.local/lib/python3.12/site-packages/airflow/example_dags/example_task_group_decorator.py
[2024-06-16T08:15:09.757+0000] {processor.py:830} INFO - Processing file /home/airflow/.local/lib/python3.12/site-packages/airflow/example_dags/example_task_group_decorator.py for tasks to queue
[2024-06-16T08:15:09.757+0000] {logging_mixin.py:188} INFO - [2024-06-16T08:15:09.757+0000] {dagbag.py:545} INFO - Filling up the DagBag from /home/airflow/.local/lib/python3.12/site-packages/airflow/example_dags/example_task_group_decorator.py
[2024-06-16T08:15:09.764+0000] {processor.py:840} INFO - DAG(s) 'example_task_group_decorator' retrieved from /home/airflow/.local/lib/python3.12/site-packages/airflow/example_dags/example_task_group_decorator.py
[2024-06-16T08:15:09.775+0000] {logging_mixin.py:188} INFO - [2024-06-16T08:15:09.775+0000] {dag.py:3096} INFO - Sync 1 DAGs
[2024-06-16T08:15:09.785+0000] {logging_mixin.py:188} INFO - [2024-06-16T08:15:09.785+0000] {dag.py:3954} INFO - Setting next_dagrun for example_task_group_decorator to 2024-06-15 00:00:00+00:00, run_after=2024-06-16 00:00:00+00:00
[2024-06-16T08:15:09.794+0000] {processor.py:183} INFO - Processing /home/airflow/.local/lib/python3.12/site-packages/airflow/example_dags/example_task_group_decorator.py took 0.041 seconds
[2024-06-16T08:15:40.121+0000] {processor.py:161} INFO - Started process (PID=1593) to work on /home/airflow/.local/lib/python3.12/site-packages/airflow/example_dags/example_task_group_decorator.py
[2024-06-16T08:15:40.122+0000] {processor.py:830} INFO - Processing file /home/airflow/.local/lib/python3.12/site-packages/airflow/example_dags/example_task_group_decorator.py for tasks to queue
[2024-06-16T08:15:40.123+0000] {logging_mixin.py:188} INFO - [2024-06-16T08:15:40.123+0000] {dagbag.py:545} INFO - Filling up the DagBag from /home/airflow/.local/lib/python3.12/site-packages/airflow/example_dags/example_task_group_decorator.py
[2024-06-16T08:15:40.130+0000] {processor.py:840} INFO - DAG(s) 'example_task_group_decorator' retrieved from /home/airflow/.local/lib/python3.12/site-packages/airflow/example_dags/example_task_group_decorator.py
[2024-06-16T08:15:40.140+0000] {logging_mixin.py:188} INFO - [2024-06-16T08:15:40.140+0000] {dag.py:3096} INFO - Sync 1 DAGs
[2024-06-16T08:15:40.149+0000] {logging_mixin.py:188} INFO - [2024-06-16T08:15:40.149+0000] {dag.py:3954} INFO - Setting next_dagrun for example_task_group_decorator to 2024-06-15 00:00:00+00:00, run_after=2024-06-16 00:00:00+00:00
[2024-06-16T08:15:40.156+0000] {processor.py:183} INFO - Processing /home/airflow/.local/lib/python3.12/site-packages/airflow/example_dags/example_task_group_decorator.py took 0.038 seconds
[2024-06-16T08:16:10.437+0000] {processor.py:161} INFO - Started process (PID=1652) to work on /home/airflow/.local/lib/python3.12/site-packages/airflow/example_dags/example_task_group_decorator.py
[2024-06-16T08:16:10.438+0000] {processor.py:830} INFO - Processing file /home/airflow/.local/lib/python3.12/site-packages/airflow/example_dags/example_task_group_decorator.py for tasks to queue
[2024-06-16T08:16:10.439+0000] {logging_mixin.py:188} INFO - [2024-06-16T08:16:10.438+0000] {dagbag.py:545} INFO - Filling up the DagBag from /home/airflow/.local/lib/python3.12/site-packages/airflow/example_dags/example_task_group_decorator.py
[2024-06-16T08:16:10.446+0000] {processor.py:840} INFO - DAG(s) 'example_task_group_decorator' retrieved from /home/airflow/.local/lib/python3.12/site-packages/airflow/example_dags/example_task_group_decorator.py
[2024-06-16T08:16:10.458+0000] {logging_mixin.py:188} INFO - [2024-06-16T08:16:10.458+0000] {dag.py:3096} INFO - Sync 1 DAGs
[2024-06-16T08:16:10.468+0000] {logging_mixin.py:188} INFO - [2024-06-16T08:16:10.468+0000] {dag.py:3954} INFO - Setting next_dagrun for example_task_group_decorator to 2024-06-15 00:00:00+00:00, run_after=2024-06-16 00:00:00+00:00
[2024-06-16T08:16:10.476+0000] {processor.py:183} INFO - Processing /home/airflow/.local/lib/python3.12/site-packages/airflow/example_dags/example_task_group_decorator.py took 0.042 seconds
[2024-06-16T08:16:40.635+0000] {processor.py:161} INFO - Started process (PID=1711) to work on /home/airflow/.local/lib/python3.12/site-packages/airflow/example_dags/example_task_group_decorator.py
[2024-06-16T08:16:40.636+0000] {processor.py:830} INFO - Processing file /home/airflow/.local/lib/python3.12/site-packages/airflow/example_dags/example_task_group_decorator.py for tasks to queue
[2024-06-16T08:16:40.637+0000] {logging_mixin.py:188} INFO - [2024-06-16T08:16:40.636+0000] {dagbag.py:545} INFO - Filling up the DagBag from /home/airflow/.local/lib/python3.12/site-packages/airflow/example_dags/example_task_group_decorator.py
[2024-06-16T08:16:40.643+0000] {processor.py:840} INFO - DAG(s) 'example_task_group_decorator' retrieved from /home/airflow/.local/lib/python3.12/site-packages/airflow/example_dags/example_task_group_decorator.py
[2024-06-16T08:16:40.655+0000] {logging_mixin.py:188} INFO - [2024-06-16T08:16:40.655+0000] {dag.py:3096} INFO - Sync 1 DAGs
[2024-06-16T08:16:40.664+0000] {logging_mixin.py:188} INFO - [2024-06-16T08:16:40.664+0000] {dag.py:3954} INFO - Setting next_dagrun for example_task_group_decorator to 2024-06-15 00:00:00+00:00, run_after=2024-06-16 00:00:00+00:00
[2024-06-16T08:16:40.672+0000] {processor.py:183} INFO - Processing /home/airflow/.local/lib/python3.12/site-packages/airflow/example_dags/example_task_group_decorator.py took 0.040 seconds
[2024-06-16T08:17:10.917+0000] {processor.py:161} INFO - Started process (PID=1770) to work on /home/airflow/.local/lib/python3.12/site-packages/airflow/example_dags/example_task_group_decorator.py
[2024-06-16T08:17:10.918+0000] {processor.py:830} INFO - Processing file /home/airflow/.local/lib/python3.12/site-packages/airflow/example_dags/example_task_group_decorator.py for tasks to queue
[2024-06-16T08:17:10.919+0000] {logging_mixin.py:188} INFO - [2024-06-16T08:17:10.919+0000] {dagbag.py:545} INFO - Filling up the DagBag from /home/airflow/.local/lib/python3.12/site-packages/airflow/example_dags/example_task_group_decorator.py
[2024-06-16T08:17:10.926+0000] {processor.py:840} INFO - DAG(s) 'example_task_group_decorator' retrieved from /home/airflow/.local/lib/python3.12/site-packages/airflow/example_dags/example_task_group_decorator.py
[2024-06-16T08:17:10.937+0000] {logging_mixin.py:188} INFO - [2024-06-16T08:17:10.937+0000] {dag.py:3096} INFO - Sync 1 DAGs
[2024-06-16T08:17:10.946+0000] {logging_mixin.py:188} INFO - [2024-06-16T08:17:10.946+0000] {dag.py:3954} INFO - Setting next_dagrun for example_task_group_decorator to 2024-06-15 00:00:00+00:00, run_after=2024-06-16 00:00:00+00:00
[2024-06-16T08:17:10.954+0000] {processor.py:183} INFO - Processing /home/airflow/.local/lib/python3.12/site-packages/airflow/example_dags/example_task_group_decorator.py took 0.040 seconds
[2024-06-16T08:17:41.254+0000] {processor.py:161} INFO - Started process (PID=1829) to work on /home/airflow/.local/lib/python3.12/site-packages/airflow/example_dags/example_task_group_decorator.py
[2024-06-16T08:17:41.255+0000] {processor.py:830} INFO - Processing file /home/airflow/.local/lib/python3.12/site-packages/airflow/example_dags/example_task_group_decorator.py for tasks to queue
[2024-06-16T08:17:41.256+0000] {logging_mixin.py:188} INFO - [2024-06-16T08:17:41.255+0000] {dagbag.py:545} INFO - Filling up the DagBag from /home/airflow/.local/lib/python3.12/site-packages/airflow/example_dags/example_task_group_decorator.py
[2024-06-16T08:17:41.263+0000] {processor.py:840} INFO - DAG(s) 'example_task_group_decorator' retrieved from /home/airflow/.local/lib/python3.12/site-packages/airflow/example_dags/example_task_group_decorator.py
[2024-06-16T08:17:41.276+0000] {logging_mixin.py:188} INFO - [2024-06-16T08:17:41.276+0000] {dag.py:3096} INFO - Sync 1 DAGs
[2024-06-16T08:17:41.285+0000] {logging_mixin.py:188} INFO - [2024-06-16T08:17:41.285+0000] {dag.py:3954} INFO - Setting next_dagrun for example_task_group_decorator to 2024-06-15 00:00:00+00:00, run_after=2024-06-16 00:00:00+00:00
[2024-06-16T08:17:41.293+0000] {processor.py:183} INFO - Processing /home/airflow/.local/lib/python3.12/site-packages/airflow/example_dags/example_task_group_decorator.py took 0.042 seconds
[2024-06-16T08:18:11.355+0000] {processor.py:161} INFO - Started process (PID=1888) to work on /home/airflow/.local/lib/python3.12/site-packages/airflow/example_dags/example_task_group_decorator.py
[2024-06-16T08:18:11.356+0000] {processor.py:830} INFO - Processing file /home/airflow/.local/lib/python3.12/site-packages/airflow/example_dags/example_task_group_decorator.py for tasks to queue
[2024-06-16T08:18:11.357+0000] {logging_mixin.py:188} INFO - [2024-06-16T08:18:11.357+0000] {dagbag.py:545} INFO - Filling up the DagBag from /home/airflow/.local/lib/python3.12/site-packages/airflow/example_dags/example_task_group_decorator.py
[2024-06-16T08:18:11.363+0000] {processor.py:840} INFO - DAG(s) 'example_task_group_decorator' retrieved from /home/airflow/.local/lib/python3.12/site-packages/airflow/example_dags/example_task_group_decorator.py
[2024-06-16T08:18:11.376+0000] {logging_mixin.py:188} INFO - [2024-06-16T08:18:11.376+0000] {dag.py:3096} INFO - Sync 1 DAGs
[2024-06-16T08:18:11.387+0000] {logging_mixin.py:188} INFO - [2024-06-16T08:18:11.387+0000] {dag.py:3954} INFO - Setting next_dagrun for example_task_group_decorator to 2024-06-15 00:00:00+00:00, run_after=2024-06-16 00:00:00+00:00
[2024-06-16T08:18:11.395+0000] {processor.py:183} INFO - Processing /home/airflow/.local/lib/python3.12/site-packages/airflow/example_dags/example_task_group_decorator.py took 0.043 seconds
[2024-06-16T08:18:42.301+0000] {processor.py:161} INFO - Started process (PID=1947) to work on /home/airflow/.local/lib/python3.12/site-packages/airflow/example_dags/example_task_group_decorator.py
[2024-06-16T08:18:42.301+0000] {processor.py:830} INFO - Processing file /home/airflow/.local/lib/python3.12/site-packages/airflow/example_dags/example_task_group_decorator.py for tasks to queue
[2024-06-16T08:18:42.302+0000] {logging_mixin.py:188} INFO - [2024-06-16T08:18:42.302+0000] {dagbag.py:545} INFO - Filling up the DagBag from /home/airflow/.local/lib/python3.12/site-packages/airflow/example_dags/example_task_group_decorator.py
[2024-06-16T08:18:42.309+0000] {processor.py:840} INFO - DAG(s) 'example_task_group_decorator' retrieved from /home/airflow/.local/lib/python3.12/site-packages/airflow/example_dags/example_task_group_decorator.py
[2024-06-16T08:18:42.319+0000] {logging_mixin.py:188} INFO - [2024-06-16T08:18:42.319+0000] {dag.py:3096} INFO - Sync 1 DAGs
[2024-06-16T08:18:42.329+0000] {logging_mixin.py:188} INFO - [2024-06-16T08:18:42.328+0000] {dag.py:3954} INFO - Setting next_dagrun for example_task_group_decorator to 2024-06-15 00:00:00+00:00, run_after=2024-06-16 00:00:00+00:00
[2024-06-16T08:18:42.336+0000] {processor.py:183} INFO - Processing /home/airflow/.local/lib/python3.12/site-packages/airflow/example_dags/example_task_group_decorator.py took 0.038 seconds
[2024-06-16T08:19:12.766+0000] {processor.py:161} INFO - Started process (PID=2006) to work on /home/airflow/.local/lib/python3.12/site-packages/airflow/example_dags/example_task_group_decorator.py
[2024-06-16T08:19:12.767+0000] {processor.py:830} INFO - Processing file /home/airflow/.local/lib/python3.12/site-packages/airflow/example_dags/example_task_group_decorator.py for tasks to queue
[2024-06-16T08:19:12.768+0000] {logging_mixin.py:188} INFO - [2024-06-16T08:19:12.768+0000] {dagbag.py:545} INFO - Filling up the DagBag from /home/airflow/.local/lib/python3.12/site-packages/airflow/example_dags/example_task_group_decorator.py
[2024-06-16T08:19:12.775+0000] {processor.py:840} INFO - DAG(s) 'example_task_group_decorator' retrieved from /home/airflow/.local/lib/python3.12/site-packages/airflow/example_dags/example_task_group_decorator.py
[2024-06-16T08:19:12.788+0000] {logging_mixin.py:188} INFO - [2024-06-16T08:19:12.788+0000] {dag.py:3096} INFO - Sync 1 DAGs
[2024-06-16T08:19:12.800+0000] {logging_mixin.py:188} INFO - [2024-06-16T08:19:12.800+0000] {dag.py:3954} INFO - Setting next_dagrun for example_task_group_decorator to 2024-06-15 00:00:00+00:00, run_after=2024-06-16 00:00:00+00:00
[2024-06-16T08:19:12.810+0000] {processor.py:183} INFO - Processing /home/airflow/.local/lib/python3.12/site-packages/airflow/example_dags/example_task_group_decorator.py took 0.046 seconds
[2024-06-16T08:22:05.950+0000] {processor.py:161} INFO - Started process (PID=61) to work on /home/airflow/.local/lib/python3.12/site-packages/airflow/example_dags/example_task_group_decorator.py
[2024-06-16T08:22:05.953+0000] {processor.py:830} INFO - Processing file /home/airflow/.local/lib/python3.12/site-packages/airflow/example_dags/example_task_group_decorator.py for tasks to queue
[2024-06-16T08:22:05.960+0000] {logging_mixin.py:188} INFO - [2024-06-16T08:22:05.959+0000] {dagbag.py:545} INFO - Filling up the DagBag from /home/airflow/.local/lib/python3.12/site-packages/airflow/example_dags/example_task_group_decorator.py
[2024-06-16T08:22:05.999+0000] {processor.py:840} INFO - DAG(s) 'example_task_group_decorator' retrieved from /home/airflow/.local/lib/python3.12/site-packages/airflow/example_dags/example_task_group_decorator.py
[2024-06-16T08:22:06.088+0000] {logging_mixin.py:188} INFO - [2024-06-16T08:22:06.088+0000] {dag.py:3096} INFO - Sync 1 DAGs
[2024-06-16T08:22:06.190+0000] {logging_mixin.py:188} INFO - [2024-06-16T08:22:06.190+0000] {dag.py:3954} INFO - Setting next_dagrun for example_task_group_decorator to 2024-06-15 00:00:00+00:00, run_after=2024-06-16 00:00:00+00:00
[2024-06-16T08:22:06.278+0000] {processor.py:183} INFO - Processing /home/airflow/.local/lib/python3.12/site-packages/airflow/example_dags/example_task_group_decorator.py took 0.352 seconds
[2024-06-16T08:22:41.337+0000] {processor.py:161} INFO - Started process (PID=120) to work on /home/airflow/.local/lib/python3.12/site-packages/airflow/example_dags/example_task_group_decorator.py
[2024-06-16T08:22:41.338+0000] {processor.py:830} INFO - Processing file /home/airflow/.local/lib/python3.12/site-packages/airflow/example_dags/example_task_group_decorator.py for tasks to queue
[2024-06-16T08:22:41.339+0000] {logging_mixin.py:188} INFO - [2024-06-16T08:22:41.339+0000] {dagbag.py:545} INFO - Filling up the DagBag from /home/airflow/.local/lib/python3.12/site-packages/airflow/example_dags/example_task_group_decorator.py
[2024-06-16T08:22:41.346+0000] {processor.py:840} INFO - DAG(s) 'example_task_group_decorator' retrieved from /home/airflow/.local/lib/python3.12/site-packages/airflow/example_dags/example_task_group_decorator.py
[2024-06-16T08:22:41.500+0000] {logging_mixin.py:188} INFO - [2024-06-16T08:22:41.500+0000] {dag.py:3096} INFO - Sync 1 DAGs
[2024-06-16T08:22:41.509+0000] {logging_mixin.py:188} INFO - [2024-06-16T08:22:41.509+0000] {dag.py:3954} INFO - Setting next_dagrun for example_task_group_decorator to 2024-06-15 00:00:00+00:00, run_after=2024-06-16 00:00:00+00:00
[2024-06-16T08:22:41.518+0000] {processor.py:183} INFO - Processing /home/airflow/.local/lib/python3.12/site-packages/airflow/example_dags/example_task_group_decorator.py took 0.183 seconds
[2024-06-16T08:23:12.434+0000] {processor.py:161} INFO - Started process (PID=179) to work on /home/airflow/.local/lib/python3.12/site-packages/airflow/example_dags/example_task_group_decorator.py
[2024-06-16T08:23:12.436+0000] {processor.py:830} INFO - Processing file /home/airflow/.local/lib/python3.12/site-packages/airflow/example_dags/example_task_group_decorator.py for tasks to queue
[2024-06-16T08:23:12.438+0000] {logging_mixin.py:188} INFO - [2024-06-16T08:23:12.438+0000] {dagbag.py:545} INFO - Filling up the DagBag from /home/airflow/.local/lib/python3.12/site-packages/airflow/example_dags/example_task_group_decorator.py
[2024-06-16T08:23:12.451+0000] {processor.py:840} INFO - DAG(s) 'example_task_group_decorator' retrieved from /home/airflow/.local/lib/python3.12/site-packages/airflow/example_dags/example_task_group_decorator.py
[2024-06-16T08:23:12.469+0000] {logging_mixin.py:188} INFO - [2024-06-16T08:23:12.469+0000] {dag.py:3096} INFO - Sync 1 DAGs
[2024-06-16T08:23:12.482+0000] {logging_mixin.py:188} INFO - [2024-06-16T08:23:12.482+0000] {dag.py:3954} INFO - Setting next_dagrun for example_task_group_decorator to 2024-06-15 00:00:00+00:00, run_after=2024-06-16 00:00:00+00:00
[2024-06-16T08:23:12.492+0000] {processor.py:183} INFO - Processing /home/airflow/.local/lib/python3.12/site-packages/airflow/example_dags/example_task_group_decorator.py took 0.064 seconds
[2024-06-16T08:26:01.007+0000] {processor.py:161} INFO - Started process (PID=60) to work on /home/airflow/.local/lib/python3.12/site-packages/airflow/example_dags/example_task_group_decorator.py
[2024-06-16T08:26:01.013+0000] {processor.py:830} INFO - Processing file /home/airflow/.local/lib/python3.12/site-packages/airflow/example_dags/example_task_group_decorator.py for tasks to queue
[2024-06-16T08:26:01.021+0000] {logging_mixin.py:188} INFO - [2024-06-16T08:26:01.020+0000] {dagbag.py:545} INFO - Filling up the DagBag from /home/airflow/.local/lib/python3.12/site-packages/airflow/example_dags/example_task_group_decorator.py
[2024-06-16T08:26:01.055+0000] {processor.py:840} INFO - DAG(s) 'example_task_group_decorator' retrieved from /home/airflow/.local/lib/python3.12/site-packages/airflow/example_dags/example_task_group_decorator.py
[2024-06-16T08:26:01.088+0000] {logging_mixin.py:188} INFO - [2024-06-16T08:26:01.087+0000] {dag.py:3096} INFO - Sync 1 DAGs
[2024-06-16T08:26:01.147+0000] {logging_mixin.py:188} INFO - [2024-06-16T08:26:01.147+0000] {dag.py:3954} INFO - Setting next_dagrun for example_task_group_decorator to 2024-06-15 00:00:00+00:00, run_after=2024-06-16 00:00:00+00:00
[2024-06-16T08:26:01.187+0000] {processor.py:183} INFO - Processing /home/airflow/.local/lib/python3.12/site-packages/airflow/example_dags/example_task_group_decorator.py took 0.195 seconds
[2024-06-16T08:26:32.234+0000] {processor.py:161} INFO - Started process (PID=118) to work on /home/airflow/.local/lib/python3.12/site-packages/airflow/example_dags/example_task_group_decorator.py
[2024-06-16T08:26:32.235+0000] {processor.py:830} INFO - Processing file /home/airflow/.local/lib/python3.12/site-packages/airflow/example_dags/example_task_group_decorator.py for tasks to queue
[2024-06-16T08:26:32.237+0000] {logging_mixin.py:188} INFO - [2024-06-16T08:26:32.237+0000] {dagbag.py:545} INFO - Filling up the DagBag from /home/airflow/.local/lib/python3.12/site-packages/airflow/example_dags/example_task_group_decorator.py
[2024-06-16T08:26:32.247+0000] {processor.py:840} INFO - DAG(s) 'example_task_group_decorator' retrieved from /home/airflow/.local/lib/python3.12/site-packages/airflow/example_dags/example_task_group_decorator.py
[2024-06-16T08:26:32.402+0000] {logging_mixin.py:188} INFO - [2024-06-16T08:26:32.402+0000] {dag.py:3096} INFO - Sync 1 DAGs
[2024-06-16T08:26:32.411+0000] {logging_mixin.py:188} INFO - [2024-06-16T08:26:32.411+0000] {dag.py:3954} INFO - Setting next_dagrun for example_task_group_decorator to 2024-06-15 00:00:00+00:00, run_after=2024-06-16 00:00:00+00:00
[2024-06-16T08:26:32.422+0000] {processor.py:183} INFO - Processing /home/airflow/.local/lib/python3.12/site-packages/airflow/example_dags/example_task_group_decorator.py took 0.191 seconds
[2024-06-16T08:27:02.771+0000] {processor.py:161} INFO - Started process (PID=177) to work on /home/airflow/.local/lib/python3.12/site-packages/airflow/example_dags/example_task_group_decorator.py
[2024-06-16T08:27:02.771+0000] {processor.py:830} INFO - Processing file /home/airflow/.local/lib/python3.12/site-packages/airflow/example_dags/example_task_group_decorator.py for tasks to queue
[2024-06-16T08:27:02.772+0000] {logging_mixin.py:188} INFO - [2024-06-16T08:27:02.772+0000] {dagbag.py:545} INFO - Filling up the DagBag from /home/airflow/.local/lib/python3.12/site-packages/airflow/example_dags/example_task_group_decorator.py
[2024-06-16T08:27:02.779+0000] {processor.py:840} INFO - DAG(s) 'example_task_group_decorator' retrieved from /home/airflow/.local/lib/python3.12/site-packages/airflow/example_dags/example_task_group_decorator.py
[2024-06-16T08:27:02.789+0000] {logging_mixin.py:188} INFO - [2024-06-16T08:27:02.789+0000] {dag.py:3096} INFO - Sync 1 DAGs
[2024-06-16T08:27:02.798+0000] {logging_mixin.py:188} INFO - [2024-06-16T08:27:02.798+0000] {dag.py:3954} INFO - Setting next_dagrun for example_task_group_decorator to 2024-06-15 00:00:00+00:00, run_after=2024-06-16 00:00:00+00:00
[2024-06-16T08:27:02.806+0000] {processor.py:183} INFO - Processing /home/airflow/.local/lib/python3.12/site-packages/airflow/example_dags/example_task_group_decorator.py took 0.039 seconds
[2024-06-16T08:27:32.825+0000] {processor.py:161} INFO - Started process (PID=236) to work on /home/airflow/.local/lib/python3.12/site-packages/airflow/example_dags/example_task_group_decorator.py
[2024-06-16T08:27:32.826+0000] {processor.py:830} INFO - Processing file /home/airflow/.local/lib/python3.12/site-packages/airflow/example_dags/example_task_group_decorator.py for tasks to queue
[2024-06-16T08:27:32.827+0000] {logging_mixin.py:188} INFO - [2024-06-16T08:27:32.827+0000] {dagbag.py:545} INFO - Filling up the DagBag from /home/airflow/.local/lib/python3.12/site-packages/airflow/example_dags/example_task_group_decorator.py
[2024-06-16T08:27:32.834+0000] {processor.py:840} INFO - DAG(s) 'example_task_group_decorator' retrieved from /home/airflow/.local/lib/python3.12/site-packages/airflow/example_dags/example_task_group_decorator.py
[2024-06-16T08:27:32.844+0000] {logging_mixin.py:188} INFO - [2024-06-16T08:27:32.844+0000] {dag.py:3096} INFO - Sync 1 DAGs
[2024-06-16T08:27:32.853+0000] {logging_mixin.py:188} INFO - [2024-06-16T08:27:32.853+0000] {dag.py:3954} INFO - Setting next_dagrun for example_task_group_decorator to 2024-06-15 00:00:00+00:00, run_after=2024-06-16 00:00:00+00:00
[2024-06-16T08:27:32.860+0000] {processor.py:183} INFO - Processing /home/airflow/.local/lib/python3.12/site-packages/airflow/example_dags/example_task_group_decorator.py took 0.038 seconds
[2024-06-16T08:28:03.193+0000] {processor.py:161} INFO - Started process (PID=295) to work on /home/airflow/.local/lib/python3.12/site-packages/airflow/example_dags/example_task_group_decorator.py
[2024-06-16T08:28:03.194+0000] {processor.py:830} INFO - Processing file /home/airflow/.local/lib/python3.12/site-packages/airflow/example_dags/example_task_group_decorator.py for tasks to queue
[2024-06-16T08:28:03.195+0000] {logging_mixin.py:188} INFO - [2024-06-16T08:28:03.195+0000] {dagbag.py:545} INFO - Filling up the DagBag from /home/airflow/.local/lib/python3.12/site-packages/airflow/example_dags/example_task_group_decorator.py
[2024-06-16T08:28:03.211+0000] {processor.py:840} INFO - DAG(s) 'example_task_group_decorator' retrieved from /home/airflow/.local/lib/python3.12/site-packages/airflow/example_dags/example_task_group_decorator.py
[2024-06-16T08:28:03.237+0000] {logging_mixin.py:188} INFO - [2024-06-16T08:28:03.236+0000] {dag.py:3096} INFO - Sync 1 DAGs
[2024-06-16T08:28:03.258+0000] {logging_mixin.py:188} INFO - [2024-06-16T08:28:03.257+0000] {dag.py:3954} INFO - Setting next_dagrun for example_task_group_decorator to 2024-06-15 00:00:00+00:00, run_after=2024-06-16 00:00:00+00:00
[2024-06-16T08:28:03.274+0000] {processor.py:183} INFO - Processing /home/airflow/.local/lib/python3.12/site-packages/airflow/example_dags/example_task_group_decorator.py took 0.086 seconds
[2024-06-16T08:28:33.543+0000] {processor.py:161} INFO - Started process (PID=354) to work on /home/airflow/.local/lib/python3.12/site-packages/airflow/example_dags/example_task_group_decorator.py
[2024-06-16T08:28:33.544+0000] {processor.py:830} INFO - Processing file /home/airflow/.local/lib/python3.12/site-packages/airflow/example_dags/example_task_group_decorator.py for tasks to queue
[2024-06-16T08:28:33.545+0000] {logging_mixin.py:188} INFO - [2024-06-16T08:28:33.545+0000] {dagbag.py:545} INFO - Filling up the DagBag from /home/airflow/.local/lib/python3.12/site-packages/airflow/example_dags/example_task_group_decorator.py
[2024-06-16T08:28:33.553+0000] {processor.py:840} INFO - DAG(s) 'example_task_group_decorator' retrieved from /home/airflow/.local/lib/python3.12/site-packages/airflow/example_dags/example_task_group_decorator.py
[2024-06-16T08:28:33.564+0000] {logging_mixin.py:188} INFO - [2024-06-16T08:28:33.564+0000] {dag.py:3096} INFO - Sync 1 DAGs
[2024-06-16T08:28:33.574+0000] {logging_mixin.py:188} INFO - [2024-06-16T08:28:33.574+0000] {dag.py:3954} INFO - Setting next_dagrun for example_task_group_decorator to 2024-06-15 00:00:00+00:00, run_after=2024-06-16 00:00:00+00:00
[2024-06-16T08:28:33.582+0000] {processor.py:183} INFO - Processing /home/airflow/.local/lib/python3.12/site-packages/airflow/example_dags/example_task_group_decorator.py took 0.041 seconds
[2024-06-16T08:29:03.834+0000] {processor.py:161} INFO - Started process (PID=413) to work on /home/airflow/.local/lib/python3.12/site-packages/airflow/example_dags/example_task_group_decorator.py
[2024-06-16T08:29:03.835+0000] {processor.py:830} INFO - Processing file /home/airflow/.local/lib/python3.12/site-packages/airflow/example_dags/example_task_group_decorator.py for tasks to queue
[2024-06-16T08:29:03.836+0000] {logging_mixin.py:188} INFO - [2024-06-16T08:29:03.836+0000] {dagbag.py:545} INFO - Filling up the DagBag from /home/airflow/.local/lib/python3.12/site-packages/airflow/example_dags/example_task_group_decorator.py
[2024-06-16T08:29:03.843+0000] {processor.py:840} INFO - DAG(s) 'example_task_group_decorator' retrieved from /home/airflow/.local/lib/python3.12/site-packages/airflow/example_dags/example_task_group_decorator.py
[2024-06-16T08:29:03.855+0000] {logging_mixin.py:188} INFO - [2024-06-16T08:29:03.855+0000] {dag.py:3096} INFO - Sync 1 DAGs
[2024-06-16T08:29:03.865+0000] {logging_mixin.py:188} INFO - [2024-06-16T08:29:03.865+0000] {dag.py:3954} INFO - Setting next_dagrun for example_task_group_decorator to 2024-06-15 00:00:00+00:00, run_after=2024-06-16 00:00:00+00:00
[2024-06-16T08:29:03.872+0000] {processor.py:183} INFO - Processing /home/airflow/.local/lib/python3.12/site-packages/airflow/example_dags/example_task_group_decorator.py took 0.040 seconds
[2024-06-16T08:32:57.907+0000] {processor.py:161} INFO - Started process (PID=61) to work on /home/airflow/.local/lib/python3.12/site-packages/airflow/example_dags/example_task_group_decorator.py
[2024-06-16T08:32:57.909+0000] {processor.py:830} INFO - Processing file /home/airflow/.local/lib/python3.12/site-packages/airflow/example_dags/example_task_group_decorator.py for tasks to queue
[2024-06-16T08:32:57.912+0000] {logging_mixin.py:188} INFO - [2024-06-16T08:32:57.912+0000] {dagbag.py:545} INFO - Filling up the DagBag from /home/airflow/.local/lib/python3.12/site-packages/airflow/example_dags/example_task_group_decorator.py
[2024-06-16T08:32:57.940+0000] {processor.py:840} INFO - DAG(s) 'example_task_group_decorator' retrieved from /home/airflow/.local/lib/python3.12/site-packages/airflow/example_dags/example_task_group_decorator.py
[2024-06-16T08:32:57.978+0000] {logging_mixin.py:188} INFO - [2024-06-16T08:32:57.977+0000] {dag.py:3096} INFO - Sync 1 DAGs
[2024-06-16T08:32:58.035+0000] {logging_mixin.py:188} INFO - [2024-06-16T08:32:58.034+0000] {dag.py:3954} INFO - Setting next_dagrun for example_task_group_decorator to 2024-06-15 00:00:00+00:00, run_after=2024-06-16 00:00:00+00:00
[2024-06-16T08:32:58.054+0000] {processor.py:183} INFO - Processing /home/airflow/.local/lib/python3.12/site-packages/airflow/example_dags/example_task_group_decorator.py took 0.155 seconds
[2024-06-16T08:33:28.319+0000] {processor.py:161} INFO - Started process (PID=119) to work on /home/airflow/.local/lib/python3.12/site-packages/airflow/example_dags/example_task_group_decorator.py
[2024-06-16T08:33:28.320+0000] {processor.py:830} INFO - Processing file /home/airflow/.local/lib/python3.12/site-packages/airflow/example_dags/example_task_group_decorator.py for tasks to queue
[2024-06-16T08:33:28.322+0000] {logging_mixin.py:188} INFO - [2024-06-16T08:33:28.322+0000] {dagbag.py:545} INFO - Filling up the DagBag from /home/airflow/.local/lib/python3.12/site-packages/airflow/example_dags/example_task_group_decorator.py
[2024-06-16T08:33:28.331+0000] {processor.py:840} INFO - DAG(s) 'example_task_group_decorator' retrieved from /home/airflow/.local/lib/python3.12/site-packages/airflow/example_dags/example_task_group_decorator.py
[2024-06-16T08:33:28.507+0000] {logging_mixin.py:188} INFO - [2024-06-16T08:33:28.507+0000] {dag.py:3096} INFO - Sync 1 DAGs
[2024-06-16T08:33:28.515+0000] {logging_mixin.py:188} INFO - [2024-06-16T08:33:28.515+0000] {dag.py:3954} INFO - Setting next_dagrun for example_task_group_decorator to 2024-06-15 00:00:00+00:00, run_after=2024-06-16 00:00:00+00:00
[2024-06-16T08:33:28.524+0000] {processor.py:183} INFO - Processing /home/airflow/.local/lib/python3.12/site-packages/airflow/example_dags/example_task_group_decorator.py took 0.209 seconds
[2024-06-16T08:33:59.177+0000] {processor.py:161} INFO - Started process (PID=178) to work on /home/airflow/.local/lib/python3.12/site-packages/airflow/example_dags/example_task_group_decorator.py
[2024-06-16T08:33:59.178+0000] {processor.py:830} INFO - Processing file /home/airflow/.local/lib/python3.12/site-packages/airflow/example_dags/example_task_group_decorator.py for tasks to queue
[2024-06-16T08:33:59.179+0000] {logging_mixin.py:188} INFO - [2024-06-16T08:33:59.179+0000] {dagbag.py:545} INFO - Filling up the DagBag from /home/airflow/.local/lib/python3.12/site-packages/airflow/example_dags/example_task_group_decorator.py
[2024-06-16T08:33:59.186+0000] {processor.py:840} INFO - DAG(s) 'example_task_group_decorator' retrieved from /home/airflow/.local/lib/python3.12/site-packages/airflow/example_dags/example_task_group_decorator.py
[2024-06-16T08:33:59.198+0000] {logging_mixin.py:188} INFO - [2024-06-16T08:33:59.198+0000] {dag.py:3096} INFO - Sync 1 DAGs
[2024-06-16T08:33:59.208+0000] {logging_mixin.py:188} INFO - [2024-06-16T08:33:59.208+0000] {dag.py:3954} INFO - Setting next_dagrun for example_task_group_decorator to 2024-06-15 00:00:00+00:00, run_after=2024-06-16 00:00:00+00:00
[2024-06-16T08:33:59.216+0000] {processor.py:183} INFO - Processing /home/airflow/.local/lib/python3.12/site-packages/airflow/example_dags/example_task_group_decorator.py took 0.042 seconds
[2024-06-16T08:34:29.543+0000] {processor.py:161} INFO - Started process (PID=237) to work on /home/airflow/.local/lib/python3.12/site-packages/airflow/example_dags/example_task_group_decorator.py
[2024-06-16T08:34:29.545+0000] {processor.py:830} INFO - Processing file /home/airflow/.local/lib/python3.12/site-packages/airflow/example_dags/example_task_group_decorator.py for tasks to queue
[2024-06-16T08:34:29.547+0000] {logging_mixin.py:188} INFO - [2024-06-16T08:34:29.546+0000] {dagbag.py:545} INFO - Filling up the DagBag from /home/airflow/.local/lib/python3.12/site-packages/airflow/example_dags/example_task_group_decorator.py
[2024-06-16T08:34:29.554+0000] {processor.py:840} INFO - DAG(s) 'example_task_group_decorator' retrieved from /home/airflow/.local/lib/python3.12/site-packages/airflow/example_dags/example_task_group_decorator.py
[2024-06-16T08:34:29.571+0000] {logging_mixin.py:188} INFO - [2024-06-16T08:34:29.571+0000] {dag.py:3096} INFO - Sync 1 DAGs
[2024-06-16T08:34:29.583+0000] {logging_mixin.py:188} INFO - [2024-06-16T08:34:29.582+0000] {dag.py:3954} INFO - Setting next_dagrun for example_task_group_decorator to 2024-06-15 00:00:00+00:00, run_after=2024-06-16 00:00:00+00:00
[2024-06-16T08:34:29.591+0000] {processor.py:183} INFO - Processing /home/airflow/.local/lib/python3.12/site-packages/airflow/example_dags/example_task_group_decorator.py took 0.052 seconds
[2024-06-16T08:35:24.486+0000] {processor.py:161} INFO - Started process (PID=61) to work on /home/airflow/.local/lib/python3.12/site-packages/airflow/example_dags/example_task_group_decorator.py
[2024-06-16T08:35:24.488+0000] {processor.py:830} INFO - Processing file /home/airflow/.local/lib/python3.12/site-packages/airflow/example_dags/example_task_group_decorator.py for tasks to queue
[2024-06-16T08:35:24.491+0000] {logging_mixin.py:188} INFO - [2024-06-16T08:35:24.491+0000] {dagbag.py:545} INFO - Filling up the DagBag from /home/airflow/.local/lib/python3.12/site-packages/airflow/example_dags/example_task_group_decorator.py
[2024-06-16T08:35:24.506+0000] {processor.py:840} INFO - DAG(s) 'example_task_group_decorator' retrieved from /home/airflow/.local/lib/python3.12/site-packages/airflow/example_dags/example_task_group_decorator.py
[2024-06-16T08:35:24.545+0000] {logging_mixin.py:188} INFO - [2024-06-16T08:35:24.544+0000] {dag.py:3096} INFO - Sync 1 DAGs
[2024-06-16T08:35:24.606+0000] {logging_mixin.py:188} INFO - [2024-06-16T08:35:24.606+0000] {dag.py:3954} INFO - Setting next_dagrun for example_task_group_decorator to 2024-06-15 00:00:00+00:00, run_after=2024-06-16 00:00:00+00:00
[2024-06-16T08:35:24.648+0000] {processor.py:183} INFO - Processing /home/airflow/.local/lib/python3.12/site-packages/airflow/example_dags/example_task_group_decorator.py took 0.169 seconds
[2024-06-16T08:35:56.928+0000] {processor.py:161} INFO - Started process (PID=119) to work on /home/airflow/.local/lib/python3.12/site-packages/airflow/example_dags/example_task_group_decorator.py
[2024-06-16T08:35:56.929+0000] {processor.py:830} INFO - Processing file /home/airflow/.local/lib/python3.12/site-packages/airflow/example_dags/example_task_group_decorator.py for tasks to queue
[2024-06-16T08:35:56.931+0000] {logging_mixin.py:188} INFO - [2024-06-16T08:35:56.930+0000] {dagbag.py:545} INFO - Filling up the DagBag from /home/airflow/.local/lib/python3.12/site-packages/airflow/example_dags/example_task_group_decorator.py
[2024-06-16T08:35:56.942+0000] {processor.py:840} INFO - DAG(s) 'example_task_group_decorator' retrieved from /home/airflow/.local/lib/python3.12/site-packages/airflow/example_dags/example_task_group_decorator.py
[2024-06-16T08:35:57.186+0000] {logging_mixin.py:188} INFO - [2024-06-16T08:35:57.186+0000] {dag.py:3096} INFO - Sync 1 DAGs
[2024-06-16T08:35:57.201+0000] {logging_mixin.py:188} INFO - [2024-06-16T08:35:57.201+0000] {dag.py:3954} INFO - Setting next_dagrun for example_task_group_decorator to 2024-06-15 00:00:00+00:00, run_after=2024-06-16 00:00:00+00:00
[2024-06-16T08:35:57.213+0000] {processor.py:183} INFO - Processing /home/airflow/.local/lib/python3.12/site-packages/airflow/example_dags/example_task_group_decorator.py took 0.290 seconds
[2024-06-16T08:36:27.913+0000] {processor.py:161} INFO - Started process (PID=178) to work on /home/airflow/.local/lib/python3.12/site-packages/airflow/example_dags/example_task_group_decorator.py
[2024-06-16T08:36:27.915+0000] {processor.py:830} INFO - Processing file /home/airflow/.local/lib/python3.12/site-packages/airflow/example_dags/example_task_group_decorator.py for tasks to queue
[2024-06-16T08:36:27.916+0000] {logging_mixin.py:188} INFO - [2024-06-16T08:36:27.916+0000] {dagbag.py:545} INFO - Filling up the DagBag from /home/airflow/.local/lib/python3.12/site-packages/airflow/example_dags/example_task_group_decorator.py
[2024-06-16T08:36:27.923+0000] {processor.py:840} INFO - DAG(s) 'example_task_group_decorator' retrieved from /home/airflow/.local/lib/python3.12/site-packages/airflow/example_dags/example_task_group_decorator.py
[2024-06-16T08:36:27.935+0000] {logging_mixin.py:188} INFO - [2024-06-16T08:36:27.935+0000] {dag.py:3096} INFO - Sync 1 DAGs
[2024-06-16T08:36:27.945+0000] {logging_mixin.py:188} INFO - [2024-06-16T08:36:27.945+0000] {dag.py:3954} INFO - Setting next_dagrun for example_task_group_decorator to 2024-06-15 00:00:00+00:00, run_after=2024-06-16 00:00:00+00:00
[2024-06-16T08:36:27.953+0000] {processor.py:183} INFO - Processing /home/airflow/.local/lib/python3.12/site-packages/airflow/example_dags/example_task_group_decorator.py took 0.044 seconds
[2024-06-16T08:36:58.375+0000] {processor.py:161} INFO - Started process (PID=237) to work on /home/airflow/.local/lib/python3.12/site-packages/airflow/example_dags/example_task_group_decorator.py
[2024-06-16T08:36:58.377+0000] {processor.py:830} INFO - Processing file /home/airflow/.local/lib/python3.12/site-packages/airflow/example_dags/example_task_group_decorator.py for tasks to queue
[2024-06-16T08:36:58.379+0000] {logging_mixin.py:188} INFO - [2024-06-16T08:36:58.379+0000] {dagbag.py:545} INFO - Filling up the DagBag from /home/airflow/.local/lib/python3.12/site-packages/airflow/example_dags/example_task_group_decorator.py
[2024-06-16T08:36:58.399+0000] {processor.py:840} INFO - DAG(s) 'example_task_group_decorator' retrieved from /home/airflow/.local/lib/python3.12/site-packages/airflow/example_dags/example_task_group_decorator.py
[2024-06-16T08:36:58.418+0000] {logging_mixin.py:188} INFO - [2024-06-16T08:36:58.418+0000] {dag.py:3096} INFO - Sync 1 DAGs
[2024-06-16T08:36:58.446+0000] {logging_mixin.py:188} INFO - [2024-06-16T08:36:58.445+0000] {dag.py:3954} INFO - Setting next_dagrun for example_task_group_decorator to 2024-06-15 00:00:00+00:00, run_after=2024-06-16 00:00:00+00:00
[2024-06-16T08:36:58.461+0000] {processor.py:183} INFO - Processing /home/airflow/.local/lib/python3.12/site-packages/airflow/example_dags/example_task_group_decorator.py took 0.101 seconds
[2024-06-16T08:37:29.304+0000] {processor.py:161} INFO - Started process (PID=296) to work on /home/airflow/.local/lib/python3.12/site-packages/airflow/example_dags/example_task_group_decorator.py
[2024-06-16T08:37:29.304+0000] {processor.py:830} INFO - Processing file /home/airflow/.local/lib/python3.12/site-packages/airflow/example_dags/example_task_group_decorator.py for tasks to queue
[2024-06-16T08:37:29.306+0000] {logging_mixin.py:188} INFO - [2024-06-16T08:37:29.306+0000] {dagbag.py:545} INFO - Filling up the DagBag from /home/airflow/.local/lib/python3.12/site-packages/airflow/example_dags/example_task_group_decorator.py
[2024-06-16T08:37:29.321+0000] {processor.py:840} INFO - DAG(s) 'example_task_group_decorator' retrieved from /home/airflow/.local/lib/python3.12/site-packages/airflow/example_dags/example_task_group_decorator.py
[2024-06-16T08:37:29.335+0000] {logging_mixin.py:188} INFO - [2024-06-16T08:37:29.335+0000] {dag.py:3096} INFO - Sync 1 DAGs
[2024-06-16T08:37:29.345+0000] {logging_mixin.py:188} INFO - [2024-06-16T08:37:29.345+0000] {dag.py:3954} INFO - Setting next_dagrun for example_task_group_decorator to 2024-06-15 00:00:00+00:00, run_after=2024-06-16 00:00:00+00:00
[2024-06-16T08:37:29.354+0000] {processor.py:183} INFO - Processing /home/airflow/.local/lib/python3.12/site-packages/airflow/example_dags/example_task_group_decorator.py took 0.054 seconds
