[2024-06-16T07:55:00.870+0000] {processor.py:161} INFO - Started process (PID=40) to work on /home/airflow/.local/lib/python3.12/site-packages/airflow/example_dags/example_setup_teardown.py
[2024-06-16T07:55:00.872+0000] {processor.py:830} INFO - Processing file /home/airflow/.local/lib/python3.12/site-packages/airflow/example_dags/example_setup_teardown.py for tasks to queue
[2024-06-16T07:55:00.876+0000] {logging_mixin.py:188} INFO - [2024-06-16T07:55:00.875+0000] {dagbag.py:545} INFO - Filling up the DagBag from /home/airflow/.local/lib/python3.12/site-packages/airflow/example_dags/example_setup_teardown.py
[2024-06-16T07:55:00.892+0000] {processor.py:840} INFO - DAG(s) 'example_setup_teardown' retrieved from /home/airflow/.local/lib/python3.12/site-packages/airflow/example_dags/example_setup_teardown.py
[2024-06-16T07:55:00.923+0000] {logging_mixin.py:188} INFO - [2024-06-16T07:55:00.923+0000] {dag.py:3096} INFO - Sync 1 DAGs
[2024-06-16T07:55:00.974+0000] {logging_mixin.py:188} INFO - [2024-06-16T07:55:00.974+0000] {dag.py:3954} INFO - Setting next_dagrun for example_setup_teardown to 2024-06-15 00:00:00+00:00, run_after=2024-06-16 00:00:00+00:00
[2024-06-16T07:55:01.043+0000] {processor.py:183} INFO - Processing /home/airflow/.local/lib/python3.12/site-packages/airflow/example_dags/example_setup_teardown.py took 0.178 seconds
[2024-06-16T07:55:31.613+0000] {processor.py:161} INFO - Started process (PID=98) to work on /home/airflow/.local/lib/python3.12/site-packages/airflow/example_dags/example_setup_teardown.py
[2024-06-16T07:55:31.615+0000] {processor.py:830} INFO - Processing file /home/airflow/.local/lib/python3.12/site-packages/airflow/example_dags/example_setup_teardown.py for tasks to queue
[2024-06-16T07:55:31.616+0000] {logging_mixin.py:188} INFO - [2024-06-16T07:55:31.616+0000] {dagbag.py:545} INFO - Filling up the DagBag from /home/airflow/.local/lib/python3.12/site-packages/airflow/example_dags/example_setup_teardown.py
[2024-06-16T07:55:31.622+0000] {processor.py:840} INFO - DAG(s) 'example_setup_teardown' retrieved from /home/airflow/.local/lib/python3.12/site-packages/airflow/example_dags/example_setup_teardown.py
[2024-06-16T07:55:31.686+0000] {logging_mixin.py:188} INFO - [2024-06-16T07:55:31.686+0000] {dag.py:3096} INFO - Sync 1 DAGs
[2024-06-16T07:55:31.699+0000] {logging_mixin.py:188} INFO - [2024-06-16T07:55:31.699+0000] {dag.py:3954} INFO - Setting next_dagrun for example_setup_teardown to 2024-06-15 00:00:00+00:00, run_after=2024-06-16 00:00:00+00:00
[2024-06-16T07:55:31.722+0000] {processor.py:183} INFO - Processing /home/airflow/.local/lib/python3.12/site-packages/airflow/example_dags/example_setup_teardown.py took 0.113 seconds
[2024-06-16T07:56:02.422+0000] {processor.py:161} INFO - Started process (PID=157) to work on /home/airflow/.local/lib/python3.12/site-packages/airflow/example_dags/example_setup_teardown.py
[2024-06-16T07:56:02.422+0000] {processor.py:830} INFO - Processing file /home/airflow/.local/lib/python3.12/site-packages/airflow/example_dags/example_setup_teardown.py for tasks to queue
[2024-06-16T07:56:02.424+0000] {logging_mixin.py:188} INFO - [2024-06-16T07:56:02.423+0000] {dagbag.py:545} INFO - Filling up the DagBag from /home/airflow/.local/lib/python3.12/site-packages/airflow/example_dags/example_setup_teardown.py
[2024-06-16T07:56:02.427+0000] {processor.py:840} INFO - DAG(s) 'example_setup_teardown' retrieved from /home/airflow/.local/lib/python3.12/site-packages/airflow/example_dags/example_setup_teardown.py
[2024-06-16T07:56:02.438+0000] {logging_mixin.py:188} INFO - [2024-06-16T07:56:02.438+0000] {dag.py:3096} INFO - Sync 1 DAGs
[2024-06-16T07:56:02.449+0000] {logging_mixin.py:188} INFO - [2024-06-16T07:56:02.448+0000] {dag.py:3954} INFO - Setting next_dagrun for example_setup_teardown to 2024-06-15 00:00:00+00:00, run_after=2024-06-16 00:00:00+00:00
[2024-06-16T07:56:02.457+0000] {processor.py:183} INFO - Processing /home/airflow/.local/lib/python3.12/site-packages/airflow/example_dags/example_setup_teardown.py took 0.038 seconds
[2024-06-16T07:56:33.213+0000] {processor.py:161} INFO - Started process (PID=216) to work on /home/airflow/.local/lib/python3.12/site-packages/airflow/example_dags/example_setup_teardown.py
[2024-06-16T07:56:33.214+0000] {processor.py:830} INFO - Processing file /home/airflow/.local/lib/python3.12/site-packages/airflow/example_dags/example_setup_teardown.py for tasks to queue
[2024-06-16T07:56:33.215+0000] {logging_mixin.py:188} INFO - [2024-06-16T07:56:33.215+0000] {dagbag.py:545} INFO - Filling up the DagBag from /home/airflow/.local/lib/python3.12/site-packages/airflow/example_dags/example_setup_teardown.py
[2024-06-16T07:56:33.219+0000] {processor.py:840} INFO - DAG(s) 'example_setup_teardown' retrieved from /home/airflow/.local/lib/python3.12/site-packages/airflow/example_dags/example_setup_teardown.py
[2024-06-16T07:56:33.229+0000] {logging_mixin.py:188} INFO - [2024-06-16T07:56:33.229+0000] {dag.py:3096} INFO - Sync 1 DAGs
[2024-06-16T07:56:33.240+0000] {logging_mixin.py:188} INFO - [2024-06-16T07:56:33.240+0000] {dag.py:3954} INFO - Setting next_dagrun for example_setup_teardown to 2024-06-15 00:00:00+00:00, run_after=2024-06-16 00:00:00+00:00
[2024-06-16T07:56:33.249+0000] {processor.py:183} INFO - Processing /home/airflow/.local/lib/python3.12/site-packages/airflow/example_dags/example_setup_teardown.py took 0.039 seconds
[2024-06-16T07:57:03.810+0000] {processor.py:161} INFO - Started process (PID=275) to work on /home/airflow/.local/lib/python3.12/site-packages/airflow/example_dags/example_setup_teardown.py
[2024-06-16T07:57:03.812+0000] {processor.py:830} INFO - Processing file /home/airflow/.local/lib/python3.12/site-packages/airflow/example_dags/example_setup_teardown.py for tasks to queue
[2024-06-16T07:57:03.813+0000] {logging_mixin.py:188} INFO - [2024-06-16T07:57:03.813+0000] {dagbag.py:545} INFO - Filling up the DagBag from /home/airflow/.local/lib/python3.12/site-packages/airflow/example_dags/example_setup_teardown.py
[2024-06-16T07:57:03.817+0000] {processor.py:840} INFO - DAG(s) 'example_setup_teardown' retrieved from /home/airflow/.local/lib/python3.12/site-packages/airflow/example_dags/example_setup_teardown.py
[2024-06-16T07:57:03.827+0000] {logging_mixin.py:188} INFO - [2024-06-16T07:57:03.827+0000] {dag.py:3096} INFO - Sync 1 DAGs
[2024-06-16T07:57:03.837+0000] {logging_mixin.py:188} INFO - [2024-06-16T07:57:03.836+0000] {dag.py:3954} INFO - Setting next_dagrun for example_setup_teardown to 2024-06-15 00:00:00+00:00, run_after=2024-06-16 00:00:00+00:00
[2024-06-16T07:57:03.847+0000] {processor.py:183} INFO - Processing /home/airflow/.local/lib/python3.12/site-packages/airflow/example_dags/example_setup_teardown.py took 0.039 seconds
[2024-06-16T07:57:34.811+0000] {processor.py:161} INFO - Started process (PID=334) to work on /home/airflow/.local/lib/python3.12/site-packages/airflow/example_dags/example_setup_teardown.py
[2024-06-16T07:57:34.812+0000] {processor.py:830} INFO - Processing file /home/airflow/.local/lib/python3.12/site-packages/airflow/example_dags/example_setup_teardown.py for tasks to queue
[2024-06-16T07:57:34.813+0000] {logging_mixin.py:188} INFO - [2024-06-16T07:57:34.813+0000] {dagbag.py:545} INFO - Filling up the DagBag from /home/airflow/.local/lib/python3.12/site-packages/airflow/example_dags/example_setup_teardown.py
[2024-06-16T07:57:34.818+0000] {processor.py:840} INFO - DAG(s) 'example_setup_teardown' retrieved from /home/airflow/.local/lib/python3.12/site-packages/airflow/example_dags/example_setup_teardown.py
[2024-06-16T07:57:34.833+0000] {logging_mixin.py:188} INFO - [2024-06-16T07:57:34.833+0000] {dag.py:3096} INFO - Sync 1 DAGs
[2024-06-16T07:57:34.948+0000] {logging_mixin.py:188} INFO - [2024-06-16T07:57:34.948+0000] {dag.py:3954} INFO - Setting next_dagrun for example_setup_teardown to 2024-06-15 00:00:00+00:00, run_after=2024-06-16 00:00:00+00:00
[2024-06-16T07:57:34.956+0000] {processor.py:183} INFO - Processing /home/airflow/.local/lib/python3.12/site-packages/airflow/example_dags/example_setup_teardown.py took 0.149 seconds
[2024-06-16T07:58:05.491+0000] {processor.py:161} INFO - Started process (PID=393) to work on /home/airflow/.local/lib/python3.12/site-packages/airflow/example_dags/example_setup_teardown.py
[2024-06-16T07:58:05.498+0000] {processor.py:830} INFO - Processing file /home/airflow/.local/lib/python3.12/site-packages/airflow/example_dags/example_setup_teardown.py for tasks to queue
[2024-06-16T07:58:05.508+0000] {logging_mixin.py:188} INFO - [2024-06-16T07:58:05.507+0000] {dagbag.py:545} INFO - Filling up the DagBag from /home/airflow/.local/lib/python3.12/site-packages/airflow/example_dags/example_setup_teardown.py
[2024-06-16T07:58:05.534+0000] {processor.py:840} INFO - DAG(s) 'example_setup_teardown' retrieved from /home/airflow/.local/lib/python3.12/site-packages/airflow/example_dags/example_setup_teardown.py
[2024-06-16T07:58:05.550+0000] {logging_mixin.py:188} INFO - [2024-06-16T07:58:05.550+0000] {dag.py:3096} INFO - Sync 1 DAGs
[2024-06-16T07:58:05.666+0000] {logging_mixin.py:188} INFO - [2024-06-16T07:58:05.666+0000] {dag.py:3954} INFO - Setting next_dagrun for example_setup_teardown to 2024-06-15 00:00:00+00:00, run_after=2024-06-16 00:00:00+00:00
[2024-06-16T07:58:05.674+0000] {processor.py:183} INFO - Processing /home/airflow/.local/lib/python3.12/site-packages/airflow/example_dags/example_setup_teardown.py took 0.188 seconds
[2024-06-16T07:58:36.010+0000] {processor.py:161} INFO - Started process (PID=452) to work on /home/airflow/.local/lib/python3.12/site-packages/airflow/example_dags/example_setup_teardown.py
[2024-06-16T07:58:36.011+0000] {processor.py:830} INFO - Processing file /home/airflow/.local/lib/python3.12/site-packages/airflow/example_dags/example_setup_teardown.py for tasks to queue
[2024-06-16T07:58:36.012+0000] {logging_mixin.py:188} INFO - [2024-06-16T07:58:36.012+0000] {dagbag.py:545} INFO - Filling up the DagBag from /home/airflow/.local/lib/python3.12/site-packages/airflow/example_dags/example_setup_teardown.py
[2024-06-16T07:58:36.016+0000] {processor.py:840} INFO - DAG(s) 'example_setup_teardown' retrieved from /home/airflow/.local/lib/python3.12/site-packages/airflow/example_dags/example_setup_teardown.py
[2024-06-16T07:58:36.026+0000] {logging_mixin.py:188} INFO - [2024-06-16T07:58:36.026+0000] {dag.py:3096} INFO - Sync 1 DAGs
[2024-06-16T07:58:36.039+0000] {logging_mixin.py:188} INFO - [2024-06-16T07:58:36.039+0000] {dag.py:3954} INFO - Setting next_dagrun for example_setup_teardown to 2024-06-15 00:00:00+00:00, run_after=2024-06-16 00:00:00+00:00
[2024-06-16T07:58:36.053+0000] {processor.py:183} INFO - Processing /home/airflow/.local/lib/python3.12/site-packages/airflow/example_dags/example_setup_teardown.py took 0.046 seconds
[2024-06-16T07:59:06.276+0000] {processor.py:161} INFO - Started process (PID=511) to work on /home/airflow/.local/lib/python3.12/site-packages/airflow/example_dags/example_setup_teardown.py
[2024-06-16T07:59:06.278+0000] {processor.py:830} INFO - Processing file /home/airflow/.local/lib/python3.12/site-packages/airflow/example_dags/example_setup_teardown.py for tasks to queue
[2024-06-16T07:59:06.279+0000] {logging_mixin.py:188} INFO - [2024-06-16T07:59:06.279+0000] {dagbag.py:545} INFO - Filling up the DagBag from /home/airflow/.local/lib/python3.12/site-packages/airflow/example_dags/example_setup_teardown.py
[2024-06-16T07:59:06.284+0000] {processor.py:840} INFO - DAG(s) 'example_setup_teardown' retrieved from /home/airflow/.local/lib/python3.12/site-packages/airflow/example_dags/example_setup_teardown.py
[2024-06-16T07:59:06.297+0000] {logging_mixin.py:188} INFO - [2024-06-16T07:59:06.297+0000] {dag.py:3096} INFO - Sync 1 DAGs
[2024-06-16T07:59:06.313+0000] {logging_mixin.py:188} INFO - [2024-06-16T07:59:06.313+0000] {dag.py:3954} INFO - Setting next_dagrun for example_setup_teardown to 2024-06-15 00:00:00+00:00, run_after=2024-06-16 00:00:00+00:00
[2024-06-16T07:59:06.326+0000] {processor.py:183} INFO - Processing /home/airflow/.local/lib/python3.12/site-packages/airflow/example_dags/example_setup_teardown.py took 0.054 seconds
[2024-06-16T07:59:36.641+0000] {processor.py:161} INFO - Started process (PID=571) to work on /home/airflow/.local/lib/python3.12/site-packages/airflow/example_dags/example_setup_teardown.py
[2024-06-16T07:59:36.642+0000] {processor.py:830} INFO - Processing file /home/airflow/.local/lib/python3.12/site-packages/airflow/example_dags/example_setup_teardown.py for tasks to queue
[2024-06-16T07:59:36.643+0000] {logging_mixin.py:188} INFO - [2024-06-16T07:59:36.643+0000] {dagbag.py:545} INFO - Filling up the DagBag from /home/airflow/.local/lib/python3.12/site-packages/airflow/example_dags/example_setup_teardown.py
[2024-06-16T07:59:36.647+0000] {processor.py:840} INFO - DAG(s) 'example_setup_teardown' retrieved from /home/airflow/.local/lib/python3.12/site-packages/airflow/example_dags/example_setup_teardown.py
[2024-06-16T07:59:36.657+0000] {logging_mixin.py:188} INFO - [2024-06-16T07:59:36.657+0000] {dag.py:3096} INFO - Sync 1 DAGs
[2024-06-16T07:59:36.668+0000] {logging_mixin.py:188} INFO - [2024-06-16T07:59:36.668+0000] {dag.py:3954} INFO - Setting next_dagrun for example_setup_teardown to 2024-06-15 00:00:00+00:00, run_after=2024-06-16 00:00:00+00:00
[2024-06-16T07:59:36.677+0000] {processor.py:183} INFO - Processing /home/airflow/.local/lib/python3.12/site-packages/airflow/example_dags/example_setup_teardown.py took 0.038 seconds
[2024-06-16T08:00:06.989+0000] {processor.py:161} INFO - Started process (PID=630) to work on /home/airflow/.local/lib/python3.12/site-packages/airflow/example_dags/example_setup_teardown.py
[2024-06-16T08:00:06.991+0000] {processor.py:830} INFO - Processing file /home/airflow/.local/lib/python3.12/site-packages/airflow/example_dags/example_setup_teardown.py for tasks to queue
[2024-06-16T08:00:06.992+0000] {logging_mixin.py:188} INFO - [2024-06-16T08:00:06.992+0000] {dagbag.py:545} INFO - Filling up the DagBag from /home/airflow/.local/lib/python3.12/site-packages/airflow/example_dags/example_setup_teardown.py
[2024-06-16T08:00:06.998+0000] {processor.py:840} INFO - DAG(s) 'example_setup_teardown' retrieved from /home/airflow/.local/lib/python3.12/site-packages/airflow/example_dags/example_setup_teardown.py
[2024-06-16T08:00:07.011+0000] {logging_mixin.py:188} INFO - [2024-06-16T08:00:07.011+0000] {dag.py:3096} INFO - Sync 1 DAGs
[2024-06-16T08:00:07.022+0000] {logging_mixin.py:188} INFO - [2024-06-16T08:00:07.022+0000] {dag.py:3954} INFO - Setting next_dagrun for example_setup_teardown to 2024-06-15 00:00:00+00:00, run_after=2024-06-16 00:00:00+00:00
[2024-06-16T08:00:07.031+0000] {processor.py:183} INFO - Processing /home/airflow/.local/lib/python3.12/site-packages/airflow/example_dags/example_setup_teardown.py took 0.048 seconds
[2024-06-16T08:00:37.232+0000] {processor.py:161} INFO - Started process (PID=689) to work on /home/airflow/.local/lib/python3.12/site-packages/airflow/example_dags/example_setup_teardown.py
[2024-06-16T08:00:37.232+0000] {processor.py:830} INFO - Processing file /home/airflow/.local/lib/python3.12/site-packages/airflow/example_dags/example_setup_teardown.py for tasks to queue
[2024-06-16T08:00:37.233+0000] {logging_mixin.py:188} INFO - [2024-06-16T08:00:37.233+0000] {dagbag.py:545} INFO - Filling up the DagBag from /home/airflow/.local/lib/python3.12/site-packages/airflow/example_dags/example_setup_teardown.py
[2024-06-16T08:00:37.237+0000] {processor.py:840} INFO - DAG(s) 'example_setup_teardown' retrieved from /home/airflow/.local/lib/python3.12/site-packages/airflow/example_dags/example_setup_teardown.py
[2024-06-16T08:00:37.246+0000] {logging_mixin.py:188} INFO - [2024-06-16T08:00:37.246+0000] {dag.py:3096} INFO - Sync 1 DAGs
[2024-06-16T08:00:37.255+0000] {logging_mixin.py:188} INFO - [2024-06-16T08:00:37.255+0000] {dag.py:3954} INFO - Setting next_dagrun for example_setup_teardown to 2024-06-15 00:00:00+00:00, run_after=2024-06-16 00:00:00+00:00
[2024-06-16T08:00:37.262+0000] {processor.py:183} INFO - Processing /home/airflow/.local/lib/python3.12/site-packages/airflow/example_dags/example_setup_teardown.py took 0.033 seconds
[2024-06-16T08:01:07.611+0000] {processor.py:161} INFO - Started process (PID=748) to work on /home/airflow/.local/lib/python3.12/site-packages/airflow/example_dags/example_setup_teardown.py
[2024-06-16T08:01:07.612+0000] {processor.py:830} INFO - Processing file /home/airflow/.local/lib/python3.12/site-packages/airflow/example_dags/example_setup_teardown.py for tasks to queue
[2024-06-16T08:01:07.613+0000] {logging_mixin.py:188} INFO - [2024-06-16T08:01:07.613+0000] {dagbag.py:545} INFO - Filling up the DagBag from /home/airflow/.local/lib/python3.12/site-packages/airflow/example_dags/example_setup_teardown.py
[2024-06-16T08:01:07.619+0000] {processor.py:840} INFO - DAG(s) 'example_setup_teardown' retrieved from /home/airflow/.local/lib/python3.12/site-packages/airflow/example_dags/example_setup_teardown.py
[2024-06-16T08:01:07.636+0000] {logging_mixin.py:188} INFO - [2024-06-16T08:01:07.636+0000] {dag.py:3096} INFO - Sync 1 DAGs
[2024-06-16T08:01:07.647+0000] {logging_mixin.py:188} INFO - [2024-06-16T08:01:07.647+0000] {dag.py:3954} INFO - Setting next_dagrun for example_setup_teardown to 2024-06-15 00:00:00+00:00, run_after=2024-06-16 00:00:00+00:00
[2024-06-16T08:01:07.655+0000] {processor.py:183} INFO - Processing /home/airflow/.local/lib/python3.12/site-packages/airflow/example_dags/example_setup_teardown.py took 0.047 seconds
[2024-06-16T08:01:38.243+0000] {processor.py:161} INFO - Started process (PID=807) to work on /home/airflow/.local/lib/python3.12/site-packages/airflow/example_dags/example_setup_teardown.py
[2024-06-16T08:01:38.244+0000] {processor.py:830} INFO - Processing file /home/airflow/.local/lib/python3.12/site-packages/airflow/example_dags/example_setup_teardown.py for tasks to queue
[2024-06-16T08:01:38.246+0000] {logging_mixin.py:188} INFO - [2024-06-16T08:01:38.246+0000] {dagbag.py:545} INFO - Filling up the DagBag from /home/airflow/.local/lib/python3.12/site-packages/airflow/example_dags/example_setup_teardown.py
[2024-06-16T08:01:38.257+0000] {processor.py:840} INFO - DAG(s) 'example_setup_teardown' retrieved from /home/airflow/.local/lib/python3.12/site-packages/airflow/example_dags/example_setup_teardown.py
[2024-06-16T08:01:38.284+0000] {logging_mixin.py:188} INFO - [2024-06-16T08:01:38.284+0000] {dag.py:3096} INFO - Sync 1 DAGs
[2024-06-16T08:01:38.309+0000] {logging_mixin.py:188} INFO - [2024-06-16T08:01:38.309+0000] {dag.py:3954} INFO - Setting next_dagrun for example_setup_teardown to 2024-06-15 00:00:00+00:00, run_after=2024-06-16 00:00:00+00:00
[2024-06-16T08:01:38.328+0000] {processor.py:183} INFO - Processing /home/airflow/.local/lib/python3.12/site-packages/airflow/example_dags/example_setup_teardown.py took 0.089 seconds
[2024-06-16T08:02:23.416+0000] {processor.py:161} INFO - Started process (PID=39) to work on /home/airflow/.local/lib/python3.12/site-packages/airflow/example_dags/example_setup_teardown.py
[2024-06-16T08:02:23.419+0000] {processor.py:830} INFO - Processing file /home/airflow/.local/lib/python3.12/site-packages/airflow/example_dags/example_setup_teardown.py for tasks to queue
[2024-06-16T08:02:23.424+0000] {logging_mixin.py:188} INFO - [2024-06-16T08:02:23.424+0000] {dagbag.py:545} INFO - Filling up the DagBag from /home/airflow/.local/lib/python3.12/site-packages/airflow/example_dags/example_setup_teardown.py
[2024-06-16T08:02:23.444+0000] {processor.py:840} INFO - DAG(s) 'example_setup_teardown' retrieved from /home/airflow/.local/lib/python3.12/site-packages/airflow/example_dags/example_setup_teardown.py
[2024-06-16T08:02:23.460+0000] {logging_mixin.py:188} INFO - [2024-06-16T08:02:23.460+0000] {dag.py:3096} INFO - Sync 1 DAGs
[2024-06-16T08:02:23.481+0000] {logging_mixin.py:188} INFO - [2024-06-16T08:02:23.481+0000] {dag.py:3954} INFO - Setting next_dagrun for example_setup_teardown to 2024-06-15 00:00:00+00:00, run_after=2024-06-16 00:00:00+00:00
[2024-06-16T08:02:23.501+0000] {processor.py:183} INFO - Processing /home/airflow/.local/lib/python3.12/site-packages/airflow/example_dags/example_setup_teardown.py took 0.103 seconds
[2024-06-16T08:02:54.546+0000] {processor.py:161} INFO - Started process (PID=98) to work on /home/airflow/.local/lib/python3.12/site-packages/airflow/example_dags/example_setup_teardown.py
[2024-06-16T08:02:54.547+0000] {processor.py:830} INFO - Processing file /home/airflow/.local/lib/python3.12/site-packages/airflow/example_dags/example_setup_teardown.py for tasks to queue
[2024-06-16T08:02:54.549+0000] {logging_mixin.py:188} INFO - [2024-06-16T08:02:54.548+0000] {dagbag.py:545} INFO - Filling up the DagBag from /home/airflow/.local/lib/python3.12/site-packages/airflow/example_dags/example_setup_teardown.py
[2024-06-16T08:02:54.552+0000] {processor.py:840} INFO - DAG(s) 'example_setup_teardown' retrieved from /home/airflow/.local/lib/python3.12/site-packages/airflow/example_dags/example_setup_teardown.py
[2024-06-16T08:02:54.687+0000] {logging_mixin.py:188} INFO - [2024-06-16T08:02:54.687+0000] {dag.py:3096} INFO - Sync 1 DAGs
[2024-06-16T08:02:54.701+0000] {logging_mixin.py:188} INFO - [2024-06-16T08:02:54.701+0000] {dag.py:3954} INFO - Setting next_dagrun for example_setup_teardown to 2024-06-15 00:00:00+00:00, run_after=2024-06-16 00:00:00+00:00
[2024-06-16T08:02:54.712+0000] {processor.py:183} INFO - Processing /home/airflow/.local/lib/python3.12/site-packages/airflow/example_dags/example_setup_teardown.py took 0.172 seconds
[2024-06-16T08:03:25.706+0000] {processor.py:161} INFO - Started process (PID=157) to work on /home/airflow/.local/lib/python3.12/site-packages/airflow/example_dags/example_setup_teardown.py
[2024-06-16T08:03:25.707+0000] {processor.py:830} INFO - Processing file /home/airflow/.local/lib/python3.12/site-packages/airflow/example_dags/example_setup_teardown.py for tasks to queue
[2024-06-16T08:03:25.709+0000] {logging_mixin.py:188} INFO - [2024-06-16T08:03:25.708+0000] {dagbag.py:545} INFO - Filling up the DagBag from /home/airflow/.local/lib/python3.12/site-packages/airflow/example_dags/example_setup_teardown.py
[2024-06-16T08:03:25.713+0000] {processor.py:840} INFO - DAG(s) 'example_setup_teardown' retrieved from /home/airflow/.local/lib/python3.12/site-packages/airflow/example_dags/example_setup_teardown.py
[2024-06-16T08:03:25.726+0000] {logging_mixin.py:188} INFO - [2024-06-16T08:03:25.726+0000] {dag.py:3096} INFO - Sync 1 DAGs
[2024-06-16T08:03:25.737+0000] {logging_mixin.py:188} INFO - [2024-06-16T08:03:25.737+0000] {dag.py:3954} INFO - Setting next_dagrun for example_setup_teardown to 2024-06-15 00:00:00+00:00, run_after=2024-06-16 00:00:00+00:00
[2024-06-16T08:03:25.745+0000] {processor.py:183} INFO - Processing /home/airflow/.local/lib/python3.12/site-packages/airflow/example_dags/example_setup_teardown.py took 0.043 seconds
[2024-06-16T08:03:56.618+0000] {processor.py:161} INFO - Started process (PID=216) to work on /home/airflow/.local/lib/python3.12/site-packages/airflow/example_dags/example_setup_teardown.py
[2024-06-16T08:03:56.622+0000] {processor.py:830} INFO - Processing file /home/airflow/.local/lib/python3.12/site-packages/airflow/example_dags/example_setup_teardown.py for tasks to queue
[2024-06-16T08:03:56.626+0000] {logging_mixin.py:188} INFO - [2024-06-16T08:03:56.626+0000] {dagbag.py:545} INFO - Filling up the DagBag from /home/airflow/.local/lib/python3.12/site-packages/airflow/example_dags/example_setup_teardown.py
[2024-06-16T08:03:56.638+0000] {processor.py:840} INFO - DAG(s) 'example_setup_teardown' retrieved from /home/airflow/.local/lib/python3.12/site-packages/airflow/example_dags/example_setup_teardown.py
[2024-06-16T08:03:56.655+0000] {logging_mixin.py:188} INFO - [2024-06-16T08:03:56.655+0000] {dag.py:3096} INFO - Sync 1 DAGs
[2024-06-16T08:03:56.797+0000] {logging_mixin.py:188} INFO - [2024-06-16T08:03:56.797+0000] {dag.py:3954} INFO - Setting next_dagrun for example_setup_teardown to 2024-06-15 00:00:00+00:00, run_after=2024-06-16 00:00:00+00:00
[2024-06-16T08:03:56.807+0000] {processor.py:183} INFO - Processing /home/airflow/.local/lib/python3.12/site-packages/airflow/example_dags/example_setup_teardown.py took 0.203 seconds
[2024-06-16T08:04:27.684+0000] {processor.py:161} INFO - Started process (PID=275) to work on /home/airflow/.local/lib/python3.12/site-packages/airflow/example_dags/example_setup_teardown.py
[2024-06-16T08:04:27.686+0000] {processor.py:830} INFO - Processing file /home/airflow/.local/lib/python3.12/site-packages/airflow/example_dags/example_setup_teardown.py for tasks to queue
[2024-06-16T08:04:27.689+0000] {logging_mixin.py:188} INFO - [2024-06-16T08:04:27.689+0000] {dagbag.py:545} INFO - Filling up the DagBag from /home/airflow/.local/lib/python3.12/site-packages/airflow/example_dags/example_setup_teardown.py
[2024-06-16T08:04:27.701+0000] {processor.py:840} INFO - DAG(s) 'example_setup_teardown' retrieved from /home/airflow/.local/lib/python3.12/site-packages/airflow/example_dags/example_setup_teardown.py
[2024-06-16T08:04:27.725+0000] {logging_mixin.py:188} INFO - [2024-06-16T08:04:27.725+0000] {dag.py:3096} INFO - Sync 1 DAGs
[2024-06-16T08:04:27.740+0000] {logging_mixin.py:188} INFO - [2024-06-16T08:04:27.739+0000] {dag.py:3954} INFO - Setting next_dagrun for example_setup_teardown to 2024-06-15 00:00:00+00:00, run_after=2024-06-16 00:00:00+00:00
[2024-06-16T08:04:27.975+0000] {processor.py:183} INFO - Processing /home/airflow/.local/lib/python3.12/site-packages/airflow/example_dags/example_setup_teardown.py took 0.300 seconds
[2024-06-16T08:04:58.086+0000] {processor.py:161} INFO - Started process (PID=333) to work on /home/airflow/.local/lib/python3.12/site-packages/airflow/example_dags/example_setup_teardown.py
[2024-06-16T08:04:58.090+0000] {processor.py:830} INFO - Processing file /home/airflow/.local/lib/python3.12/site-packages/airflow/example_dags/example_setup_teardown.py for tasks to queue
[2024-06-16T08:04:58.093+0000] {logging_mixin.py:188} INFO - [2024-06-16T08:04:58.092+0000] {dagbag.py:545} INFO - Filling up the DagBag from /home/airflow/.local/lib/python3.12/site-packages/airflow/example_dags/example_setup_teardown.py
[2024-06-16T08:04:58.102+0000] {processor.py:840} INFO - DAG(s) 'example_setup_teardown' retrieved from /home/airflow/.local/lib/python3.12/site-packages/airflow/example_dags/example_setup_teardown.py
[2024-06-16T08:04:58.126+0000] {logging_mixin.py:188} INFO - [2024-06-16T08:04:58.126+0000] {dag.py:3096} INFO - Sync 1 DAGs
[2024-06-16T08:04:58.140+0000] {logging_mixin.py:188} INFO - [2024-06-16T08:04:58.139+0000] {dag.py:3954} INFO - Setting next_dagrun for example_setup_teardown to 2024-06-15 00:00:00+00:00, run_after=2024-06-16 00:00:00+00:00
[2024-06-16T08:04:58.149+0000] {processor.py:183} INFO - Processing /home/airflow/.local/lib/python3.12/site-packages/airflow/example_dags/example_setup_teardown.py took 0.072 seconds
[2024-06-16T08:05:28.411+0000] {processor.py:161} INFO - Started process (PID=392) to work on /home/airflow/.local/lib/python3.12/site-packages/airflow/example_dags/example_setup_teardown.py
[2024-06-16T08:05:28.415+0000] {processor.py:830} INFO - Processing file /home/airflow/.local/lib/python3.12/site-packages/airflow/example_dags/example_setup_teardown.py for tasks to queue
[2024-06-16T08:05:28.418+0000] {logging_mixin.py:188} INFO - [2024-06-16T08:05:28.418+0000] {dagbag.py:545} INFO - Filling up the DagBag from /home/airflow/.local/lib/python3.12/site-packages/airflow/example_dags/example_setup_teardown.py
[2024-06-16T08:05:28.423+0000] {processor.py:840} INFO - DAG(s) 'example_setup_teardown' retrieved from /home/airflow/.local/lib/python3.12/site-packages/airflow/example_dags/example_setup_teardown.py
[2024-06-16T08:05:28.445+0000] {logging_mixin.py:188} INFO - [2024-06-16T08:05:28.445+0000] {dag.py:3096} INFO - Sync 1 DAGs
[2024-06-16T08:05:28.460+0000] {logging_mixin.py:188} INFO - [2024-06-16T08:05:28.460+0000] {dag.py:3954} INFO - Setting next_dagrun for example_setup_teardown to 2024-06-15 00:00:00+00:00, run_after=2024-06-16 00:00:00+00:00
[2024-06-16T08:05:28.475+0000] {processor.py:183} INFO - Processing /home/airflow/.local/lib/python3.12/site-packages/airflow/example_dags/example_setup_teardown.py took 0.068 seconds
[2024-06-16T08:05:58.553+0000] {processor.py:161} INFO - Started process (PID=452) to work on /home/airflow/.local/lib/python3.12/site-packages/airflow/example_dags/example_setup_teardown.py
[2024-06-16T08:05:58.555+0000] {processor.py:830} INFO - Processing file /home/airflow/.local/lib/python3.12/site-packages/airflow/example_dags/example_setup_teardown.py for tasks to queue
[2024-06-16T08:05:58.557+0000] {logging_mixin.py:188} INFO - [2024-06-16T08:05:58.556+0000] {dagbag.py:545} INFO - Filling up the DagBag from /home/airflow/.local/lib/python3.12/site-packages/airflow/example_dags/example_setup_teardown.py
[2024-06-16T08:05:58.562+0000] {processor.py:840} INFO - DAG(s) 'example_setup_teardown' retrieved from /home/airflow/.local/lib/python3.12/site-packages/airflow/example_dags/example_setup_teardown.py
[2024-06-16T08:05:58.576+0000] {logging_mixin.py:188} INFO - [2024-06-16T08:05:58.576+0000] {dag.py:3096} INFO - Sync 1 DAGs
[2024-06-16T08:05:58.587+0000] {logging_mixin.py:188} INFO - [2024-06-16T08:05:58.587+0000] {dag.py:3954} INFO - Setting next_dagrun for example_setup_teardown to 2024-06-15 00:00:00+00:00, run_after=2024-06-16 00:00:00+00:00
[2024-06-16T08:05:58.597+0000] {processor.py:183} INFO - Processing /home/airflow/.local/lib/python3.12/site-packages/airflow/example_dags/example_setup_teardown.py took 0.049 seconds
[2024-06-16T08:06:29.127+0000] {processor.py:161} INFO - Started process (PID=511) to work on /home/airflow/.local/lib/python3.12/site-packages/airflow/example_dags/example_setup_teardown.py
[2024-06-16T08:06:29.129+0000] {processor.py:830} INFO - Processing file /home/airflow/.local/lib/python3.12/site-packages/airflow/example_dags/example_setup_teardown.py for tasks to queue
[2024-06-16T08:06:29.135+0000] {logging_mixin.py:188} INFO - [2024-06-16T08:06:29.132+0000] {dagbag.py:545} INFO - Filling up the DagBag from /home/airflow/.local/lib/python3.12/site-packages/airflow/example_dags/example_setup_teardown.py
[2024-06-16T08:06:29.158+0000] {processor.py:840} INFO - DAG(s) 'example_setup_teardown' retrieved from /home/airflow/.local/lib/python3.12/site-packages/airflow/example_dags/example_setup_teardown.py
[2024-06-16T08:06:29.189+0000] {logging_mixin.py:188} INFO - [2024-06-16T08:06:29.189+0000] {dag.py:3096} INFO - Sync 1 DAGs
[2024-06-16T08:06:29.204+0000] {logging_mixin.py:188} INFO - [2024-06-16T08:06:29.204+0000] {dag.py:3954} INFO - Setting next_dagrun for example_setup_teardown to 2024-06-15 00:00:00+00:00, run_after=2024-06-16 00:00:00+00:00
[2024-06-16T08:06:29.219+0000] {processor.py:183} INFO - Processing /home/airflow/.local/lib/python3.12/site-packages/airflow/example_dags/example_setup_teardown.py took 0.103 seconds
[2024-06-16T08:06:59.234+0000] {processor.py:161} INFO - Started process (PID=570) to work on /home/airflow/.local/lib/python3.12/site-packages/airflow/example_dags/example_setup_teardown.py
[2024-06-16T08:06:59.235+0000] {processor.py:830} INFO - Processing file /home/airflow/.local/lib/python3.12/site-packages/airflow/example_dags/example_setup_teardown.py for tasks to queue
[2024-06-16T08:06:59.236+0000] {logging_mixin.py:188} INFO - [2024-06-16T08:06:59.235+0000] {dagbag.py:545} INFO - Filling up the DagBag from /home/airflow/.local/lib/python3.12/site-packages/airflow/example_dags/example_setup_teardown.py
[2024-06-16T08:06:59.239+0000] {processor.py:840} INFO - DAG(s) 'example_setup_teardown' retrieved from /home/airflow/.local/lib/python3.12/site-packages/airflow/example_dags/example_setup_teardown.py
[2024-06-16T08:06:59.250+0000] {logging_mixin.py:188} INFO - [2024-06-16T08:06:59.250+0000] {dag.py:3096} INFO - Sync 1 DAGs
[2024-06-16T08:06:59.261+0000] {logging_mixin.py:188} INFO - [2024-06-16T08:06:59.261+0000] {dag.py:3954} INFO - Setting next_dagrun for example_setup_teardown to 2024-06-15 00:00:00+00:00, run_after=2024-06-16 00:00:00+00:00
[2024-06-16T08:06:59.275+0000] {processor.py:183} INFO - Processing /home/airflow/.local/lib/python3.12/site-packages/airflow/example_dags/example_setup_teardown.py took 0.044 seconds
[2024-06-16T08:07:29.330+0000] {processor.py:161} INFO - Started process (PID=629) to work on /home/airflow/.local/lib/python3.12/site-packages/airflow/example_dags/example_setup_teardown.py
[2024-06-16T08:07:29.331+0000] {processor.py:830} INFO - Processing file /home/airflow/.local/lib/python3.12/site-packages/airflow/example_dags/example_setup_teardown.py for tasks to queue
[2024-06-16T08:07:29.333+0000] {logging_mixin.py:188} INFO - [2024-06-16T08:07:29.332+0000] {dagbag.py:545} INFO - Filling up the DagBag from /home/airflow/.local/lib/python3.12/site-packages/airflow/example_dags/example_setup_teardown.py
[2024-06-16T08:07:29.337+0000] {processor.py:840} INFO - DAG(s) 'example_setup_teardown' retrieved from /home/airflow/.local/lib/python3.12/site-packages/airflow/example_dags/example_setup_teardown.py
[2024-06-16T08:07:29.349+0000] {logging_mixin.py:188} INFO - [2024-06-16T08:07:29.349+0000] {dag.py:3096} INFO - Sync 1 DAGs
[2024-06-16T08:07:29.362+0000] {logging_mixin.py:188} INFO - [2024-06-16T08:07:29.362+0000] {dag.py:3954} INFO - Setting next_dagrun for example_setup_teardown to 2024-06-15 00:00:00+00:00, run_after=2024-06-16 00:00:00+00:00
[2024-06-16T08:07:29.372+0000] {processor.py:183} INFO - Processing /home/airflow/.local/lib/python3.12/site-packages/airflow/example_dags/example_setup_teardown.py took 0.045 seconds
[2024-06-16T08:07:59.638+0000] {processor.py:161} INFO - Started process (PID=688) to work on /home/airflow/.local/lib/python3.12/site-packages/airflow/example_dags/example_setup_teardown.py
[2024-06-16T08:07:59.638+0000] {processor.py:830} INFO - Processing file /home/airflow/.local/lib/python3.12/site-packages/airflow/example_dags/example_setup_teardown.py for tasks to queue
[2024-06-16T08:07:59.640+0000] {logging_mixin.py:188} INFO - [2024-06-16T08:07:59.640+0000] {dagbag.py:545} INFO - Filling up the DagBag from /home/airflow/.local/lib/python3.12/site-packages/airflow/example_dags/example_setup_teardown.py
[2024-06-16T08:07:59.644+0000] {processor.py:840} INFO - DAG(s) 'example_setup_teardown' retrieved from /home/airflow/.local/lib/python3.12/site-packages/airflow/example_dags/example_setup_teardown.py
[2024-06-16T08:07:59.657+0000] {logging_mixin.py:188} INFO - [2024-06-16T08:07:59.656+0000] {dag.py:3096} INFO - Sync 1 DAGs
[2024-06-16T08:07:59.673+0000] {logging_mixin.py:188} INFO - [2024-06-16T08:07:59.673+0000] {dag.py:3954} INFO - Setting next_dagrun for example_setup_teardown to 2024-06-15 00:00:00+00:00, run_after=2024-06-16 00:00:00+00:00
[2024-06-16T08:07:59.684+0000] {processor.py:183} INFO - Processing /home/airflow/.local/lib/python3.12/site-packages/airflow/example_dags/example_setup_teardown.py took 0.050 seconds
[2024-06-16T08:08:30.416+0000] {processor.py:161} INFO - Started process (PID=747) to work on /home/airflow/.local/lib/python3.12/site-packages/airflow/example_dags/example_setup_teardown.py
[2024-06-16T08:08:30.417+0000] {processor.py:830} INFO - Processing file /home/airflow/.local/lib/python3.12/site-packages/airflow/example_dags/example_setup_teardown.py for tasks to queue
[2024-06-16T08:08:30.421+0000] {logging_mixin.py:188} INFO - [2024-06-16T08:08:30.421+0000] {dagbag.py:545} INFO - Filling up the DagBag from /home/airflow/.local/lib/python3.12/site-packages/airflow/example_dags/example_setup_teardown.py
[2024-06-16T08:08:30.431+0000] {processor.py:840} INFO - DAG(s) 'example_setup_teardown' retrieved from /home/airflow/.local/lib/python3.12/site-packages/airflow/example_dags/example_setup_teardown.py
[2024-06-16T08:08:30.478+0000] {logging_mixin.py:188} INFO - [2024-06-16T08:08:30.478+0000] {dag.py:3096} INFO - Sync 1 DAGs
[2024-06-16T08:08:30.498+0000] {logging_mixin.py:188} INFO - [2024-06-16T08:08:30.498+0000] {dag.py:3954} INFO - Setting next_dagrun for example_setup_teardown to 2024-06-15 00:00:00+00:00, run_after=2024-06-16 00:00:00+00:00
[2024-06-16T08:08:30.509+0000] {processor.py:183} INFO - Processing /home/airflow/.local/lib/python3.12/site-packages/airflow/example_dags/example_setup_teardown.py took 0.104 seconds
[2024-06-16T08:09:00.911+0000] {processor.py:161} INFO - Started process (PID=806) to work on /home/airflow/.local/lib/python3.12/site-packages/airflow/example_dags/example_setup_teardown.py
[2024-06-16T08:09:00.912+0000] {processor.py:830} INFO - Processing file /home/airflow/.local/lib/python3.12/site-packages/airflow/example_dags/example_setup_teardown.py for tasks to queue
[2024-06-16T08:09:00.914+0000] {logging_mixin.py:188} INFO - [2024-06-16T08:09:00.914+0000] {dagbag.py:545} INFO - Filling up the DagBag from /home/airflow/.local/lib/python3.12/site-packages/airflow/example_dags/example_setup_teardown.py
[2024-06-16T08:09:00.922+0000] {processor.py:840} INFO - DAG(s) 'example_setup_teardown' retrieved from /home/airflow/.local/lib/python3.12/site-packages/airflow/example_dags/example_setup_teardown.py
[2024-06-16T08:09:00.948+0000] {logging_mixin.py:188} INFO - [2024-06-16T08:09:00.948+0000] {dag.py:3096} INFO - Sync 1 DAGs
[2024-06-16T08:09:00.964+0000] {logging_mixin.py:188} INFO - [2024-06-16T08:09:00.964+0000] {dag.py:3954} INFO - Setting next_dagrun for example_setup_teardown to 2024-06-15 00:00:00+00:00, run_after=2024-06-16 00:00:00+00:00
[2024-06-16T08:09:00.973+0000] {processor.py:183} INFO - Processing /home/airflow/.local/lib/python3.12/site-packages/airflow/example_dags/example_setup_teardown.py took 0.068 seconds
[2024-06-16T08:09:31.651+0000] {processor.py:161} INFO - Started process (PID=865) to work on /home/airflow/.local/lib/python3.12/site-packages/airflow/example_dags/example_setup_teardown.py
[2024-06-16T08:09:31.654+0000] {processor.py:830} INFO - Processing file /home/airflow/.local/lib/python3.12/site-packages/airflow/example_dags/example_setup_teardown.py for tasks to queue
[2024-06-16T08:09:31.657+0000] {logging_mixin.py:188} INFO - [2024-06-16T08:09:31.657+0000] {dagbag.py:545} INFO - Filling up the DagBag from /home/airflow/.local/lib/python3.12/site-packages/airflow/example_dags/example_setup_teardown.py
[2024-06-16T08:09:31.664+0000] {processor.py:840} INFO - DAG(s) 'example_setup_teardown' retrieved from /home/airflow/.local/lib/python3.12/site-packages/airflow/example_dags/example_setup_teardown.py
[2024-06-16T08:09:31.686+0000] {logging_mixin.py:188} INFO - [2024-06-16T08:09:31.686+0000] {dag.py:3096} INFO - Sync 1 DAGs
[2024-06-16T08:09:31.706+0000] {logging_mixin.py:188} INFO - [2024-06-16T08:09:31.705+0000] {dag.py:3954} INFO - Setting next_dagrun for example_setup_teardown to 2024-06-15 00:00:00+00:00, run_after=2024-06-16 00:00:00+00:00
[2024-06-16T08:09:31.718+0000] {processor.py:183} INFO - Processing /home/airflow/.local/lib/python3.12/site-packages/airflow/example_dags/example_setup_teardown.py took 0.074 seconds
[2024-06-16T08:10:02.272+0000] {processor.py:161} INFO - Started process (PID=924) to work on /home/airflow/.local/lib/python3.12/site-packages/airflow/example_dags/example_setup_teardown.py
[2024-06-16T08:10:02.274+0000] {processor.py:830} INFO - Processing file /home/airflow/.local/lib/python3.12/site-packages/airflow/example_dags/example_setup_teardown.py for tasks to queue
[2024-06-16T08:10:02.276+0000] {logging_mixin.py:188} INFO - [2024-06-16T08:10:02.276+0000] {dagbag.py:545} INFO - Filling up the DagBag from /home/airflow/.local/lib/python3.12/site-packages/airflow/example_dags/example_setup_teardown.py
[2024-06-16T08:10:02.283+0000] {processor.py:840} INFO - DAG(s) 'example_setup_teardown' retrieved from /home/airflow/.local/lib/python3.12/site-packages/airflow/example_dags/example_setup_teardown.py
[2024-06-16T08:10:02.301+0000] {logging_mixin.py:188} INFO - [2024-06-16T08:10:02.301+0000] {dag.py:3096} INFO - Sync 1 DAGs
[2024-06-16T08:10:02.314+0000] {logging_mixin.py:188} INFO - [2024-06-16T08:10:02.314+0000] {dag.py:3954} INFO - Setting next_dagrun for example_setup_teardown to 2024-06-15 00:00:00+00:00, run_after=2024-06-16 00:00:00+00:00
[2024-06-16T08:10:02.323+0000] {processor.py:183} INFO - Processing /home/airflow/.local/lib/python3.12/site-packages/airflow/example_dags/example_setup_teardown.py took 0.058 seconds
[2024-06-16T08:10:32.670+0000] {processor.py:161} INFO - Started process (PID=983) to work on /home/airflow/.local/lib/python3.12/site-packages/airflow/example_dags/example_setup_teardown.py
[2024-06-16T08:10:32.671+0000] {processor.py:830} INFO - Processing file /home/airflow/.local/lib/python3.12/site-packages/airflow/example_dags/example_setup_teardown.py for tasks to queue
[2024-06-16T08:10:32.674+0000] {logging_mixin.py:188} INFO - [2024-06-16T08:10:32.674+0000] {dagbag.py:545} INFO - Filling up the DagBag from /home/airflow/.local/lib/python3.12/site-packages/airflow/example_dags/example_setup_teardown.py
[2024-06-16T08:10:32.682+0000] {processor.py:840} INFO - DAG(s) 'example_setup_teardown' retrieved from /home/airflow/.local/lib/python3.12/site-packages/airflow/example_dags/example_setup_teardown.py
[2024-06-16T08:10:32.702+0000] {logging_mixin.py:188} INFO - [2024-06-16T08:10:32.702+0000] {dag.py:3096} INFO - Sync 1 DAGs
[2024-06-16T08:10:32.718+0000] {logging_mixin.py:188} INFO - [2024-06-16T08:10:32.718+0000] {dag.py:3954} INFO - Setting next_dagrun for example_setup_teardown to 2024-06-15 00:00:00+00:00, run_after=2024-06-16 00:00:00+00:00
[2024-06-16T08:10:32.727+0000] {processor.py:183} INFO - Processing /home/airflow/.local/lib/python3.12/site-packages/airflow/example_dags/example_setup_teardown.py took 0.066 seconds
[2024-06-16T08:11:02.947+0000] {processor.py:161} INFO - Started process (PID=1042) to work on /home/airflow/.local/lib/python3.12/site-packages/airflow/example_dags/example_setup_teardown.py
[2024-06-16T08:11:02.949+0000] {processor.py:830} INFO - Processing file /home/airflow/.local/lib/python3.12/site-packages/airflow/example_dags/example_setup_teardown.py for tasks to queue
[2024-06-16T08:11:02.952+0000] {logging_mixin.py:188} INFO - [2024-06-16T08:11:02.951+0000] {dagbag.py:545} INFO - Filling up the DagBag from /home/airflow/.local/lib/python3.12/site-packages/airflow/example_dags/example_setup_teardown.py
[2024-06-16T08:11:02.960+0000] {processor.py:840} INFO - DAG(s) 'example_setup_teardown' retrieved from /home/airflow/.local/lib/python3.12/site-packages/airflow/example_dags/example_setup_teardown.py
[2024-06-16T08:11:02.977+0000] {logging_mixin.py:188} INFO - [2024-06-16T08:11:02.976+0000] {dag.py:3096} INFO - Sync 1 DAGs
[2024-06-16T08:11:02.990+0000] {logging_mixin.py:188} INFO - [2024-06-16T08:11:02.990+0000] {dag.py:3954} INFO - Setting next_dagrun for example_setup_teardown to 2024-06-15 00:00:00+00:00, run_after=2024-06-16 00:00:00+00:00
[2024-06-16T08:11:02.999+0000] {processor.py:183} INFO - Processing /home/airflow/.local/lib/python3.12/site-packages/airflow/example_dags/example_setup_teardown.py took 0.060 seconds
[2024-06-16T08:11:33.845+0000] {processor.py:161} INFO - Started process (PID=1101) to work on /home/airflow/.local/lib/python3.12/site-packages/airflow/example_dags/example_setup_teardown.py
[2024-06-16T08:11:33.847+0000] {processor.py:830} INFO - Processing file /home/airflow/.local/lib/python3.12/site-packages/airflow/example_dags/example_setup_teardown.py for tasks to queue
[2024-06-16T08:11:33.850+0000] {logging_mixin.py:188} INFO - [2024-06-16T08:11:33.849+0000] {dagbag.py:545} INFO - Filling up the DagBag from /home/airflow/.local/lib/python3.12/site-packages/airflow/example_dags/example_setup_teardown.py
[2024-06-16T08:11:33.858+0000] {processor.py:840} INFO - DAG(s) 'example_setup_teardown' retrieved from /home/airflow/.local/lib/python3.12/site-packages/airflow/example_dags/example_setup_teardown.py
[2024-06-16T08:11:33.878+0000] {logging_mixin.py:188} INFO - [2024-06-16T08:11:33.878+0000] {dag.py:3096} INFO - Sync 1 DAGs
[2024-06-16T08:11:33.893+0000] {logging_mixin.py:188} INFO - [2024-06-16T08:11:33.892+0000] {dag.py:3954} INFO - Setting next_dagrun for example_setup_teardown to 2024-06-15 00:00:00+00:00, run_after=2024-06-16 00:00:00+00:00
[2024-06-16T08:11:33.901+0000] {processor.py:183} INFO - Processing /home/airflow/.local/lib/python3.12/site-packages/airflow/example_dags/example_setup_teardown.py took 0.065 seconds
[2024-06-16T08:12:04.631+0000] {processor.py:161} INFO - Started process (PID=1160) to work on /home/airflow/.local/lib/python3.12/site-packages/airflow/example_dags/example_setup_teardown.py
[2024-06-16T08:12:04.634+0000] {processor.py:830} INFO - Processing file /home/airflow/.local/lib/python3.12/site-packages/airflow/example_dags/example_setup_teardown.py for tasks to queue
[2024-06-16T08:12:04.636+0000] {logging_mixin.py:188} INFO - [2024-06-16T08:12:04.636+0000] {dagbag.py:545} INFO - Filling up the DagBag from /home/airflow/.local/lib/python3.12/site-packages/airflow/example_dags/example_setup_teardown.py
[2024-06-16T08:12:04.645+0000] {processor.py:840} INFO - DAG(s) 'example_setup_teardown' retrieved from /home/airflow/.local/lib/python3.12/site-packages/airflow/example_dags/example_setup_teardown.py
[2024-06-16T08:12:04.666+0000] {logging_mixin.py:188} INFO - [2024-06-16T08:12:04.666+0000] {dag.py:3096} INFO - Sync 1 DAGs
[2024-06-16T08:12:04.678+0000] {logging_mixin.py:188} INFO - [2024-06-16T08:12:04.678+0000] {dag.py:3954} INFO - Setting next_dagrun for example_setup_teardown to 2024-06-15 00:00:00+00:00, run_after=2024-06-16 00:00:00+00:00
[2024-06-16T08:12:04.688+0000] {processor.py:183} INFO - Processing /home/airflow/.local/lib/python3.12/site-packages/airflow/example_dags/example_setup_teardown.py took 0.065 seconds
[2024-06-16T08:12:34.810+0000] {processor.py:161} INFO - Started process (PID=1218) to work on /home/airflow/.local/lib/python3.12/site-packages/airflow/example_dags/example_setup_teardown.py
[2024-06-16T08:12:34.812+0000] {processor.py:830} INFO - Processing file /home/airflow/.local/lib/python3.12/site-packages/airflow/example_dags/example_setup_teardown.py for tasks to queue
[2024-06-16T08:12:34.813+0000] {logging_mixin.py:188} INFO - [2024-06-16T08:12:34.813+0000] {dagbag.py:545} INFO - Filling up the DagBag from /home/airflow/.local/lib/python3.12/site-packages/airflow/example_dags/example_setup_teardown.py
[2024-06-16T08:12:34.818+0000] {processor.py:840} INFO - DAG(s) 'example_setup_teardown' retrieved from /home/airflow/.local/lib/python3.12/site-packages/airflow/example_dags/example_setup_teardown.py
[2024-06-16T08:12:34.830+0000] {logging_mixin.py:188} INFO - [2024-06-16T08:12:34.830+0000] {dag.py:3096} INFO - Sync 1 DAGs
[2024-06-16T08:12:34.841+0000] {logging_mixin.py:188} INFO - [2024-06-16T08:12:34.841+0000] {dag.py:3954} INFO - Setting next_dagrun for example_setup_teardown to 2024-06-15 00:00:00+00:00, run_after=2024-06-16 00:00:00+00:00
[2024-06-16T08:12:34.849+0000] {processor.py:183} INFO - Processing /home/airflow/.local/lib/python3.12/site-packages/airflow/example_dags/example_setup_teardown.py took 0.044 seconds
[2024-06-16T08:13:05.687+0000] {processor.py:161} INFO - Started process (PID=1277) to work on /home/airflow/.local/lib/python3.12/site-packages/airflow/example_dags/example_setup_teardown.py
[2024-06-16T08:13:05.689+0000] {processor.py:830} INFO - Processing file /home/airflow/.local/lib/python3.12/site-packages/airflow/example_dags/example_setup_teardown.py for tasks to queue
[2024-06-16T08:13:05.691+0000] {logging_mixin.py:188} INFO - [2024-06-16T08:13:05.691+0000] {dagbag.py:545} INFO - Filling up the DagBag from /home/airflow/.local/lib/python3.12/site-packages/airflow/example_dags/example_setup_teardown.py
[2024-06-16T08:13:05.698+0000] {processor.py:840} INFO - DAG(s) 'example_setup_teardown' retrieved from /home/airflow/.local/lib/python3.12/site-packages/airflow/example_dags/example_setup_teardown.py
[2024-06-16T08:13:05.714+0000] {logging_mixin.py:188} INFO - [2024-06-16T08:13:05.714+0000] {dag.py:3096} INFO - Sync 1 DAGs
[2024-06-16T08:13:05.723+0000] {logging_mixin.py:188} INFO - [2024-06-16T08:13:05.723+0000] {dag.py:3954} INFO - Setting next_dagrun for example_setup_teardown to 2024-06-15 00:00:00+00:00, run_after=2024-06-16 00:00:00+00:00
[2024-06-16T08:13:05.731+0000] {processor.py:183} INFO - Processing /home/airflow/.local/lib/python3.12/site-packages/airflow/example_dags/example_setup_teardown.py took 0.049 seconds
[2024-06-16T08:13:36.181+0000] {processor.py:161} INFO - Started process (PID=1336) to work on /home/airflow/.local/lib/python3.12/site-packages/airflow/example_dags/example_setup_teardown.py
[2024-06-16T08:13:36.183+0000] {processor.py:830} INFO - Processing file /home/airflow/.local/lib/python3.12/site-packages/airflow/example_dags/example_setup_teardown.py for tasks to queue
[2024-06-16T08:13:36.186+0000] {logging_mixin.py:188} INFO - [2024-06-16T08:13:36.185+0000] {dagbag.py:545} INFO - Filling up the DagBag from /home/airflow/.local/lib/python3.12/site-packages/airflow/example_dags/example_setup_teardown.py
[2024-06-16T08:13:36.193+0000] {processor.py:840} INFO - DAG(s) 'example_setup_teardown' retrieved from /home/airflow/.local/lib/python3.12/site-packages/airflow/example_dags/example_setup_teardown.py
[2024-06-16T08:13:36.210+0000] {logging_mixin.py:188} INFO - [2024-06-16T08:13:36.209+0000] {dag.py:3096} INFO - Sync 1 DAGs
[2024-06-16T08:13:36.221+0000] {logging_mixin.py:188} INFO - [2024-06-16T08:13:36.221+0000] {dag.py:3954} INFO - Setting next_dagrun for example_setup_teardown to 2024-06-15 00:00:00+00:00, run_after=2024-06-16 00:00:00+00:00
[2024-06-16T08:13:36.230+0000] {processor.py:183} INFO - Processing /home/airflow/.local/lib/python3.12/site-packages/airflow/example_dags/example_setup_teardown.py took 0.055 seconds
[2024-06-16T08:14:06.416+0000] {processor.py:161} INFO - Started process (PID=1395) to work on /home/airflow/.local/lib/python3.12/site-packages/airflow/example_dags/example_setup_teardown.py
[2024-06-16T08:14:06.418+0000] {processor.py:830} INFO - Processing file /home/airflow/.local/lib/python3.12/site-packages/airflow/example_dags/example_setup_teardown.py for tasks to queue
[2024-06-16T08:14:06.420+0000] {logging_mixin.py:188} INFO - [2024-06-16T08:14:06.420+0000] {dagbag.py:545} INFO - Filling up the DagBag from /home/airflow/.local/lib/python3.12/site-packages/airflow/example_dags/example_setup_teardown.py
[2024-06-16T08:14:06.427+0000] {processor.py:840} INFO - DAG(s) 'example_setup_teardown' retrieved from /home/airflow/.local/lib/python3.12/site-packages/airflow/example_dags/example_setup_teardown.py
[2024-06-16T08:14:06.446+0000] {logging_mixin.py:188} INFO - [2024-06-16T08:14:06.446+0000] {dag.py:3096} INFO - Sync 1 DAGs
[2024-06-16T08:14:06.458+0000] {logging_mixin.py:188} INFO - [2024-06-16T08:14:06.458+0000] {dag.py:3954} INFO - Setting next_dagrun for example_setup_teardown to 2024-06-15 00:00:00+00:00, run_after=2024-06-16 00:00:00+00:00
[2024-06-16T08:14:06.466+0000] {processor.py:183} INFO - Processing /home/airflow/.local/lib/python3.12/site-packages/airflow/example_dags/example_setup_teardown.py took 0.059 seconds
[2024-06-16T08:14:36.593+0000] {processor.py:161} INFO - Started process (PID=1454) to work on /home/airflow/.local/lib/python3.12/site-packages/airflow/example_dags/example_setup_teardown.py
[2024-06-16T08:14:36.597+0000] {processor.py:830} INFO - Processing file /home/airflow/.local/lib/python3.12/site-packages/airflow/example_dags/example_setup_teardown.py for tasks to queue
[2024-06-16T08:14:36.601+0000] {logging_mixin.py:188} INFO - [2024-06-16T08:14:36.600+0000] {dagbag.py:545} INFO - Filling up the DagBag from /home/airflow/.local/lib/python3.12/site-packages/airflow/example_dags/example_setup_teardown.py
[2024-06-16T08:14:36.610+0000] {processor.py:840} INFO - DAG(s) 'example_setup_teardown' retrieved from /home/airflow/.local/lib/python3.12/site-packages/airflow/example_dags/example_setup_teardown.py
[2024-06-16T08:14:36.628+0000] {logging_mixin.py:188} INFO - [2024-06-16T08:14:36.627+0000] {dag.py:3096} INFO - Sync 1 DAGs
[2024-06-16T08:14:36.640+0000] {logging_mixin.py:188} INFO - [2024-06-16T08:14:36.640+0000] {dag.py:3954} INFO - Setting next_dagrun for example_setup_teardown to 2024-06-15 00:00:00+00:00, run_after=2024-06-16 00:00:00+00:00
[2024-06-16T08:14:36.649+0000] {processor.py:183} INFO - Processing /home/airflow/.local/lib/python3.12/site-packages/airflow/example_dags/example_setup_teardown.py took 0.065 seconds
[2024-06-16T08:15:07.105+0000] {processor.py:161} INFO - Started process (PID=1513) to work on /home/airflow/.local/lib/python3.12/site-packages/airflow/example_dags/example_setup_teardown.py
[2024-06-16T08:15:07.109+0000] {processor.py:830} INFO - Processing file /home/airflow/.local/lib/python3.12/site-packages/airflow/example_dags/example_setup_teardown.py for tasks to queue
[2024-06-16T08:15:07.111+0000] {logging_mixin.py:188} INFO - [2024-06-16T08:15:07.111+0000] {dagbag.py:545} INFO - Filling up the DagBag from /home/airflow/.local/lib/python3.12/site-packages/airflow/example_dags/example_setup_teardown.py
[2024-06-16T08:15:07.119+0000] {processor.py:840} INFO - DAG(s) 'example_setup_teardown' retrieved from /home/airflow/.local/lib/python3.12/site-packages/airflow/example_dags/example_setup_teardown.py
[2024-06-16T08:15:07.138+0000] {logging_mixin.py:188} INFO - [2024-06-16T08:15:07.138+0000] {dag.py:3096} INFO - Sync 1 DAGs
[2024-06-16T08:15:07.151+0000] {logging_mixin.py:188} INFO - [2024-06-16T08:15:07.151+0000] {dag.py:3954} INFO - Setting next_dagrun for example_setup_teardown to 2024-06-15 00:00:00+00:00, run_after=2024-06-16 00:00:00+00:00
[2024-06-16T08:15:07.159+0000] {processor.py:183} INFO - Processing /home/airflow/.local/lib/python3.12/site-packages/airflow/example_dags/example_setup_teardown.py took 0.061 seconds
[2024-06-16T08:15:37.418+0000] {processor.py:161} INFO - Started process (PID=1572) to work on /home/airflow/.local/lib/python3.12/site-packages/airflow/example_dags/example_setup_teardown.py
[2024-06-16T08:15:37.422+0000] {processor.py:830} INFO - Processing file /home/airflow/.local/lib/python3.12/site-packages/airflow/example_dags/example_setup_teardown.py for tasks to queue
[2024-06-16T08:15:37.425+0000] {logging_mixin.py:188} INFO - [2024-06-16T08:15:37.424+0000] {dagbag.py:545} INFO - Filling up the DagBag from /home/airflow/.local/lib/python3.12/site-packages/airflow/example_dags/example_setup_teardown.py
[2024-06-16T08:15:37.433+0000] {processor.py:840} INFO - DAG(s) 'example_setup_teardown' retrieved from /home/airflow/.local/lib/python3.12/site-packages/airflow/example_dags/example_setup_teardown.py
[2024-06-16T08:15:37.452+0000] {logging_mixin.py:188} INFO - [2024-06-16T08:15:37.451+0000] {dag.py:3096} INFO - Sync 1 DAGs
[2024-06-16T08:15:37.468+0000] {logging_mixin.py:188} INFO - [2024-06-16T08:15:37.468+0000] {dag.py:3954} INFO - Setting next_dagrun for example_setup_teardown to 2024-06-15 00:00:00+00:00, run_after=2024-06-16 00:00:00+00:00
[2024-06-16T08:15:37.482+0000] {processor.py:183} INFO - Processing /home/airflow/.local/lib/python3.12/site-packages/airflow/example_dags/example_setup_teardown.py took 0.072 seconds
[2024-06-16T08:16:07.757+0000] {processor.py:161} INFO - Started process (PID=1631) to work on /home/airflow/.local/lib/python3.12/site-packages/airflow/example_dags/example_setup_teardown.py
[2024-06-16T08:16:07.759+0000] {processor.py:830} INFO - Processing file /home/airflow/.local/lib/python3.12/site-packages/airflow/example_dags/example_setup_teardown.py for tasks to queue
[2024-06-16T08:16:07.761+0000] {logging_mixin.py:188} INFO - [2024-06-16T08:16:07.760+0000] {dagbag.py:545} INFO - Filling up the DagBag from /home/airflow/.local/lib/python3.12/site-packages/airflow/example_dags/example_setup_teardown.py
[2024-06-16T08:16:07.768+0000] {processor.py:840} INFO - DAG(s) 'example_setup_teardown' retrieved from /home/airflow/.local/lib/python3.12/site-packages/airflow/example_dags/example_setup_teardown.py
[2024-06-16T08:16:07.784+0000] {logging_mixin.py:188} INFO - [2024-06-16T08:16:07.784+0000] {dag.py:3096} INFO - Sync 1 DAGs
[2024-06-16T08:16:07.797+0000] {logging_mixin.py:188} INFO - [2024-06-16T08:16:07.797+0000] {dag.py:3954} INFO - Setting next_dagrun for example_setup_teardown to 2024-06-15 00:00:00+00:00, run_after=2024-06-16 00:00:00+00:00
[2024-06-16T08:16:07.804+0000] {processor.py:183} INFO - Processing /home/airflow/.local/lib/python3.12/site-packages/airflow/example_dags/example_setup_teardown.py took 0.053 seconds
[2024-06-16T08:16:37.976+0000] {processor.py:161} INFO - Started process (PID=1690) to work on /home/airflow/.local/lib/python3.12/site-packages/airflow/example_dags/example_setup_teardown.py
[2024-06-16T08:16:37.978+0000] {processor.py:830} INFO - Processing file /home/airflow/.local/lib/python3.12/site-packages/airflow/example_dags/example_setup_teardown.py for tasks to queue
[2024-06-16T08:16:37.980+0000] {logging_mixin.py:188} INFO - [2024-06-16T08:16:37.980+0000] {dagbag.py:545} INFO - Filling up the DagBag from /home/airflow/.local/lib/python3.12/site-packages/airflow/example_dags/example_setup_teardown.py
[2024-06-16T08:16:37.987+0000] {processor.py:840} INFO - DAG(s) 'example_setup_teardown' retrieved from /home/airflow/.local/lib/python3.12/site-packages/airflow/example_dags/example_setup_teardown.py
[2024-06-16T08:16:38.001+0000] {logging_mixin.py:188} INFO - [2024-06-16T08:16:38.001+0000] {dag.py:3096} INFO - Sync 1 DAGs
[2024-06-16T08:16:38.013+0000] {logging_mixin.py:188} INFO - [2024-06-16T08:16:38.013+0000] {dag.py:3954} INFO - Setting next_dagrun for example_setup_teardown to 2024-06-15 00:00:00+00:00, run_after=2024-06-16 00:00:00+00:00
[2024-06-16T08:16:38.022+0000] {processor.py:183} INFO - Processing /home/airflow/.local/lib/python3.12/site-packages/airflow/example_dags/example_setup_teardown.py took 0.053 seconds
[2024-06-16T08:17:08.313+0000] {processor.py:161} INFO - Started process (PID=1749) to work on /home/airflow/.local/lib/python3.12/site-packages/airflow/example_dags/example_setup_teardown.py
[2024-06-16T08:17:08.316+0000] {processor.py:830} INFO - Processing file /home/airflow/.local/lib/python3.12/site-packages/airflow/example_dags/example_setup_teardown.py for tasks to queue
[2024-06-16T08:17:08.318+0000] {logging_mixin.py:188} INFO - [2024-06-16T08:17:08.318+0000] {dagbag.py:545} INFO - Filling up the DagBag from /home/airflow/.local/lib/python3.12/site-packages/airflow/example_dags/example_setup_teardown.py
[2024-06-16T08:17:08.326+0000] {processor.py:840} INFO - DAG(s) 'example_setup_teardown' retrieved from /home/airflow/.local/lib/python3.12/site-packages/airflow/example_dags/example_setup_teardown.py
[2024-06-16T08:17:08.347+0000] {logging_mixin.py:188} INFO - [2024-06-16T08:17:08.346+0000] {dag.py:3096} INFO - Sync 1 DAGs
[2024-06-16T08:17:08.360+0000] {logging_mixin.py:188} INFO - [2024-06-16T08:17:08.360+0000] {dag.py:3954} INFO - Setting next_dagrun for example_setup_teardown to 2024-06-15 00:00:00+00:00, run_after=2024-06-16 00:00:00+00:00
[2024-06-16T08:17:08.370+0000] {processor.py:183} INFO - Processing /home/airflow/.local/lib/python3.12/site-packages/airflow/example_dags/example_setup_teardown.py took 0.065 seconds
[2024-06-16T08:17:38.390+0000] {processor.py:161} INFO - Started process (PID=1808) to work on /home/airflow/.local/lib/python3.12/site-packages/airflow/example_dags/example_setup_teardown.py
[2024-06-16T08:17:38.390+0000] {processor.py:830} INFO - Processing file /home/airflow/.local/lib/python3.12/site-packages/airflow/example_dags/example_setup_teardown.py for tasks to queue
[2024-06-16T08:17:38.391+0000] {logging_mixin.py:188} INFO - [2024-06-16T08:17:38.391+0000] {dagbag.py:545} INFO - Filling up the DagBag from /home/airflow/.local/lib/python3.12/site-packages/airflow/example_dags/example_setup_teardown.py
[2024-06-16T08:17:38.395+0000] {processor.py:840} INFO - DAG(s) 'example_setup_teardown' retrieved from /home/airflow/.local/lib/python3.12/site-packages/airflow/example_dags/example_setup_teardown.py
[2024-06-16T08:17:38.404+0000] {logging_mixin.py:188} INFO - [2024-06-16T08:17:38.404+0000] {dag.py:3096} INFO - Sync 1 DAGs
[2024-06-16T08:17:38.414+0000] {logging_mixin.py:188} INFO - [2024-06-16T08:17:38.414+0000] {dag.py:3954} INFO - Setting next_dagrun for example_setup_teardown to 2024-06-15 00:00:00+00:00, run_after=2024-06-16 00:00:00+00:00
[2024-06-16T08:17:38.422+0000] {processor.py:183} INFO - Processing /home/airflow/.local/lib/python3.12/site-packages/airflow/example_dags/example_setup_teardown.py took 0.035 seconds
[2024-06-16T08:18:08.791+0000] {processor.py:161} INFO - Started process (PID=1867) to work on /home/airflow/.local/lib/python3.12/site-packages/airflow/example_dags/example_setup_teardown.py
[2024-06-16T08:18:08.791+0000] {processor.py:830} INFO - Processing file /home/airflow/.local/lib/python3.12/site-packages/airflow/example_dags/example_setup_teardown.py for tasks to queue
[2024-06-16T08:18:08.792+0000] {logging_mixin.py:188} INFO - [2024-06-16T08:18:08.792+0000] {dagbag.py:545} INFO - Filling up the DagBag from /home/airflow/.local/lib/python3.12/site-packages/airflow/example_dags/example_setup_teardown.py
[2024-06-16T08:18:08.796+0000] {processor.py:840} INFO - DAG(s) 'example_setup_teardown' retrieved from /home/airflow/.local/lib/python3.12/site-packages/airflow/example_dags/example_setup_teardown.py
[2024-06-16T08:18:08.805+0000] {logging_mixin.py:188} INFO - [2024-06-16T08:18:08.805+0000] {dag.py:3096} INFO - Sync 1 DAGs
[2024-06-16T08:18:08.814+0000] {logging_mixin.py:188} INFO - [2024-06-16T08:18:08.814+0000] {dag.py:3954} INFO - Setting next_dagrun for example_setup_teardown to 2024-06-15 00:00:00+00:00, run_after=2024-06-16 00:00:00+00:00
[2024-06-16T08:18:08.821+0000] {processor.py:183} INFO - Processing /home/airflow/.local/lib/python3.12/site-packages/airflow/example_dags/example_setup_teardown.py took 0.033 seconds
[2024-06-16T08:18:39.655+0000] {processor.py:161} INFO - Started process (PID=1926) to work on /home/airflow/.local/lib/python3.12/site-packages/airflow/example_dags/example_setup_teardown.py
[2024-06-16T08:18:39.656+0000] {processor.py:830} INFO - Processing file /home/airflow/.local/lib/python3.12/site-packages/airflow/example_dags/example_setup_teardown.py for tasks to queue
[2024-06-16T08:18:39.657+0000] {logging_mixin.py:188} INFO - [2024-06-16T08:18:39.657+0000] {dagbag.py:545} INFO - Filling up the DagBag from /home/airflow/.local/lib/python3.12/site-packages/airflow/example_dags/example_setup_teardown.py
[2024-06-16T08:18:39.661+0000] {processor.py:840} INFO - DAG(s) 'example_setup_teardown' retrieved from /home/airflow/.local/lib/python3.12/site-packages/airflow/example_dags/example_setup_teardown.py
[2024-06-16T08:18:39.670+0000] {logging_mixin.py:188} INFO - [2024-06-16T08:18:39.670+0000] {dag.py:3096} INFO - Sync 1 DAGs
[2024-06-16T08:18:39.680+0000] {logging_mixin.py:188} INFO - [2024-06-16T08:18:39.680+0000] {dag.py:3954} INFO - Setting next_dagrun for example_setup_teardown to 2024-06-15 00:00:00+00:00, run_after=2024-06-16 00:00:00+00:00
[2024-06-16T08:18:39.687+0000] {processor.py:183} INFO - Processing /home/airflow/.local/lib/python3.12/site-packages/airflow/example_dags/example_setup_teardown.py took 0.034 seconds
[2024-06-16T08:19:09.912+0000] {processor.py:161} INFO - Started process (PID=1985) to work on /home/airflow/.local/lib/python3.12/site-packages/airflow/example_dags/example_setup_teardown.py
[2024-06-16T08:19:09.913+0000] {processor.py:830} INFO - Processing file /home/airflow/.local/lib/python3.12/site-packages/airflow/example_dags/example_setup_teardown.py for tasks to queue
[2024-06-16T08:19:09.914+0000] {logging_mixin.py:188} INFO - [2024-06-16T08:19:09.913+0000] {dagbag.py:545} INFO - Filling up the DagBag from /home/airflow/.local/lib/python3.12/site-packages/airflow/example_dags/example_setup_teardown.py
[2024-06-16T08:19:09.917+0000] {processor.py:840} INFO - DAG(s) 'example_setup_teardown' retrieved from /home/airflow/.local/lib/python3.12/site-packages/airflow/example_dags/example_setup_teardown.py
[2024-06-16T08:19:09.927+0000] {logging_mixin.py:188} INFO - [2024-06-16T08:19:09.927+0000] {dag.py:3096} INFO - Sync 1 DAGs
[2024-06-16T08:19:09.937+0000] {logging_mixin.py:188} INFO - [2024-06-16T08:19:09.937+0000] {dag.py:3954} INFO - Setting next_dagrun for example_setup_teardown to 2024-06-15 00:00:00+00:00, run_after=2024-06-16 00:00:00+00:00
[2024-06-16T08:19:09.944+0000] {processor.py:183} INFO - Processing /home/airflow/.local/lib/python3.12/site-packages/airflow/example_dags/example_setup_teardown.py took 0.036 seconds
[2024-06-16T08:22:03.989+0000] {processor.py:161} INFO - Started process (PID=40) to work on /home/airflow/.local/lib/python3.12/site-packages/airflow/example_dags/example_setup_teardown.py
[2024-06-16T08:22:03.990+0000] {processor.py:830} INFO - Processing file /home/airflow/.local/lib/python3.12/site-packages/airflow/example_dags/example_setup_teardown.py for tasks to queue
[2024-06-16T08:22:03.992+0000] {logging_mixin.py:188} INFO - [2024-06-16T08:22:03.992+0000] {dagbag.py:545} INFO - Filling up the DagBag from /home/airflow/.local/lib/python3.12/site-packages/airflow/example_dags/example_setup_teardown.py
[2024-06-16T08:22:03.996+0000] {processor.py:840} INFO - DAG(s) 'example_setup_teardown' retrieved from /home/airflow/.local/lib/python3.12/site-packages/airflow/example_dags/example_setup_teardown.py
[2024-06-16T08:22:04.009+0000] {logging_mixin.py:188} INFO - [2024-06-16T08:22:04.009+0000] {dag.py:3096} INFO - Sync 1 DAGs
[2024-06-16T08:22:04.042+0000] {logging_mixin.py:188} INFO - [2024-06-16T08:22:04.042+0000] {dag.py:3954} INFO - Setting next_dagrun for example_setup_teardown to 2024-06-15 00:00:00+00:00, run_after=2024-06-16 00:00:00+00:00
[2024-06-16T08:22:04.076+0000] {processor.py:183} INFO - Processing /home/airflow/.local/lib/python3.12/site-packages/airflow/example_dags/example_setup_teardown.py took 0.090 seconds
[2024-06-16T08:22:37.593+0000] {processor.py:161} INFO - Started process (PID=99) to work on /home/airflow/.local/lib/python3.12/site-packages/airflow/example_dags/example_setup_teardown.py
[2024-06-16T08:22:37.598+0000] {processor.py:830} INFO - Processing file /home/airflow/.local/lib/python3.12/site-packages/airflow/example_dags/example_setup_teardown.py for tasks to queue
[2024-06-16T08:22:37.607+0000] {logging_mixin.py:188} INFO - [2024-06-16T08:22:37.605+0000] {dagbag.py:545} INFO - Filling up the DagBag from /home/airflow/.local/lib/python3.12/site-packages/airflow/example_dags/example_setup_teardown.py
[2024-06-16T08:22:37.621+0000] {processor.py:840} INFO - DAG(s) 'example_setup_teardown' retrieved from /home/airflow/.local/lib/python3.12/site-packages/airflow/example_dags/example_setup_teardown.py
[2024-06-16T08:22:37.864+0000] {logging_mixin.py:188} INFO - [2024-06-16T08:22:37.864+0000] {dag.py:3096} INFO - Sync 1 DAGs
[2024-06-16T08:22:37.878+0000] {logging_mixin.py:188} INFO - [2024-06-16T08:22:37.877+0000] {dag.py:3954} INFO - Setting next_dagrun for example_setup_teardown to 2024-06-15 00:00:00+00:00, run_after=2024-06-16 00:00:00+00:00
[2024-06-16T08:22:37.912+0000] {processor.py:183} INFO - Processing /home/airflow/.local/lib/python3.12/site-packages/airflow/example_dags/example_setup_teardown.py took 0.332 seconds
[2024-06-16T08:23:08.494+0000] {processor.py:161} INFO - Started process (PID=158) to work on /home/airflow/.local/lib/python3.12/site-packages/airflow/example_dags/example_setup_teardown.py
[2024-06-16T08:23:08.495+0000] {processor.py:830} INFO - Processing file /home/airflow/.local/lib/python3.12/site-packages/airflow/example_dags/example_setup_teardown.py for tasks to queue
[2024-06-16T08:23:08.496+0000] {logging_mixin.py:188} INFO - [2024-06-16T08:23:08.496+0000] {dagbag.py:545} INFO - Filling up the DagBag from /home/airflow/.local/lib/python3.12/site-packages/airflow/example_dags/example_setup_teardown.py
[2024-06-16T08:23:08.500+0000] {processor.py:840} INFO - DAG(s) 'example_setup_teardown' retrieved from /home/airflow/.local/lib/python3.12/site-packages/airflow/example_dags/example_setup_teardown.py
[2024-06-16T08:23:08.512+0000] {logging_mixin.py:188} INFO - [2024-06-16T08:23:08.512+0000] {dag.py:3096} INFO - Sync 1 DAGs
[2024-06-16T08:23:08.525+0000] {logging_mixin.py:188} INFO - [2024-06-16T08:23:08.525+0000] {dag.py:3954} INFO - Setting next_dagrun for example_setup_teardown to 2024-06-15 00:00:00+00:00, run_after=2024-06-16 00:00:00+00:00
[2024-06-16T08:23:08.539+0000] {processor.py:183} INFO - Processing /home/airflow/.local/lib/python3.12/site-packages/airflow/example_dags/example_setup_teardown.py took 0.048 seconds
[2024-06-16T08:25:59.077+0000] {processor.py:161} INFO - Started process (PID=39) to work on /home/airflow/.local/lib/python3.12/site-packages/airflow/example_dags/example_setup_teardown.py
[2024-06-16T08:25:59.079+0000] {processor.py:830} INFO - Processing file /home/airflow/.local/lib/python3.12/site-packages/airflow/example_dags/example_setup_teardown.py for tasks to queue
[2024-06-16T08:25:59.081+0000] {logging_mixin.py:188} INFO - [2024-06-16T08:25:59.081+0000] {dagbag.py:545} INFO - Filling up the DagBag from /home/airflow/.local/lib/python3.12/site-packages/airflow/example_dags/example_setup_teardown.py
[2024-06-16T08:25:59.091+0000] {processor.py:840} INFO - DAG(s) 'example_setup_teardown' retrieved from /home/airflow/.local/lib/python3.12/site-packages/airflow/example_dags/example_setup_teardown.py
[2024-06-16T08:25:59.128+0000] {logging_mixin.py:188} INFO - [2024-06-16T08:25:59.127+0000] {dag.py:3096} INFO - Sync 1 DAGs
[2024-06-16T08:25:59.165+0000] {logging_mixin.py:188} INFO - [2024-06-16T08:25:59.164+0000] {dag.py:3954} INFO - Setting next_dagrun for example_setup_teardown to 2024-06-15 00:00:00+00:00, run_after=2024-06-16 00:00:00+00:00
[2024-06-16T08:25:59.219+0000] {processor.py:183} INFO - Processing /home/airflow/.local/lib/python3.12/site-packages/airflow/example_dags/example_setup_teardown.py took 0.149 seconds
[2024-06-16T08:26:30.251+0000] {processor.py:161} INFO - Started process (PID=97) to work on /home/airflow/.local/lib/python3.12/site-packages/airflow/example_dags/example_setup_teardown.py
[2024-06-16T08:26:30.252+0000] {processor.py:830} INFO - Processing file /home/airflow/.local/lib/python3.12/site-packages/airflow/example_dags/example_setup_teardown.py for tasks to queue
[2024-06-16T08:26:30.253+0000] {logging_mixin.py:188} INFO - [2024-06-16T08:26:30.253+0000] {dagbag.py:545} INFO - Filling up the DagBag from /home/airflow/.local/lib/python3.12/site-packages/airflow/example_dags/example_setup_teardown.py
[2024-06-16T08:26:30.257+0000] {processor.py:840} INFO - DAG(s) 'example_setup_teardown' retrieved from /home/airflow/.local/lib/python3.12/site-packages/airflow/example_dags/example_setup_teardown.py
[2024-06-16T08:26:30.381+0000] {logging_mixin.py:188} INFO - [2024-06-16T08:26:30.380+0000] {dag.py:3096} INFO - Sync 1 DAGs
[2024-06-16T08:26:30.389+0000] {logging_mixin.py:188} INFO - [2024-06-16T08:26:30.389+0000] {dag.py:3954} INFO - Setting next_dagrun for example_setup_teardown to 2024-06-15 00:00:00+00:00, run_after=2024-06-16 00:00:00+00:00
[2024-06-16T08:26:30.396+0000] {processor.py:183} INFO - Processing /home/airflow/.local/lib/python3.12/site-packages/airflow/example_dags/example_setup_teardown.py took 0.147 seconds
[2024-06-16T08:27:01.080+0000] {processor.py:161} INFO - Started process (PID=156) to work on /home/airflow/.local/lib/python3.12/site-packages/airflow/example_dags/example_setup_teardown.py
[2024-06-16T08:27:01.081+0000] {processor.py:830} INFO - Processing file /home/airflow/.local/lib/python3.12/site-packages/airflow/example_dags/example_setup_teardown.py for tasks to queue
[2024-06-16T08:27:01.082+0000] {logging_mixin.py:188} INFO - [2024-06-16T08:27:01.082+0000] {dagbag.py:545} INFO - Filling up the DagBag from /home/airflow/.local/lib/python3.12/site-packages/airflow/example_dags/example_setup_teardown.py
[2024-06-16T08:27:01.087+0000] {processor.py:840} INFO - DAG(s) 'example_setup_teardown' retrieved from /home/airflow/.local/lib/python3.12/site-packages/airflow/example_dags/example_setup_teardown.py
[2024-06-16T08:27:01.101+0000] {logging_mixin.py:188} INFO - [2024-06-16T08:27:01.101+0000] {dag.py:3096} INFO - Sync 1 DAGs
[2024-06-16T08:27:01.115+0000] {logging_mixin.py:188} INFO - [2024-06-16T08:27:01.115+0000] {dag.py:3954} INFO - Setting next_dagrun for example_setup_teardown to 2024-06-15 00:00:00+00:00, run_after=2024-06-16 00:00:00+00:00
[2024-06-16T08:27:01.124+0000] {processor.py:183} INFO - Processing /home/airflow/.local/lib/python3.12/site-packages/airflow/example_dags/example_setup_teardown.py took 0.048 seconds
[2024-06-16T08:27:31.971+0000] {processor.py:161} INFO - Started process (PID=215) to work on /home/airflow/.local/lib/python3.12/site-packages/airflow/example_dags/example_setup_teardown.py
[2024-06-16T08:27:31.971+0000] {processor.py:830} INFO - Processing file /home/airflow/.local/lib/python3.12/site-packages/airflow/example_dags/example_setup_teardown.py for tasks to queue
[2024-06-16T08:27:31.972+0000] {logging_mixin.py:188} INFO - [2024-06-16T08:27:31.972+0000] {dagbag.py:545} INFO - Filling up the DagBag from /home/airflow/.local/lib/python3.12/site-packages/airflow/example_dags/example_setup_teardown.py
[2024-06-16T08:27:31.977+0000] {processor.py:840} INFO - DAG(s) 'example_setup_teardown' retrieved from /home/airflow/.local/lib/python3.12/site-packages/airflow/example_dags/example_setup_teardown.py
[2024-06-16T08:27:32.080+0000] {logging_mixin.py:188} INFO - [2024-06-16T08:27:32.080+0000] {dag.py:3096} INFO - Sync 1 DAGs
[2024-06-16T08:27:32.089+0000] {logging_mixin.py:188} INFO - [2024-06-16T08:27:32.089+0000] {dag.py:3954} INFO - Setting next_dagrun for example_setup_teardown to 2024-06-15 00:00:00+00:00, run_after=2024-06-16 00:00:00+00:00
[2024-06-16T08:27:32.101+0000] {processor.py:183} INFO - Processing /home/airflow/.local/lib/python3.12/site-packages/airflow/example_dags/example_setup_teardown.py took 0.133 seconds
[2024-06-16T08:28:02.479+0000] {processor.py:161} INFO - Started process (PID=274) to work on /home/airflow/.local/lib/python3.12/site-packages/airflow/example_dags/example_setup_teardown.py
[2024-06-16T08:28:02.479+0000] {processor.py:830} INFO - Processing file /home/airflow/.local/lib/python3.12/site-packages/airflow/example_dags/example_setup_teardown.py for tasks to queue
[2024-06-16T08:28:02.480+0000] {logging_mixin.py:188} INFO - [2024-06-16T08:28:02.480+0000] {dagbag.py:545} INFO - Filling up the DagBag from /home/airflow/.local/lib/python3.12/site-packages/airflow/example_dags/example_setup_teardown.py
[2024-06-16T08:28:02.484+0000] {processor.py:840} INFO - DAG(s) 'example_setup_teardown' retrieved from /home/airflow/.local/lib/python3.12/site-packages/airflow/example_dags/example_setup_teardown.py
[2024-06-16T08:28:02.494+0000] {logging_mixin.py:188} INFO - [2024-06-16T08:28:02.494+0000] {dag.py:3096} INFO - Sync 1 DAGs
[2024-06-16T08:28:02.505+0000] {logging_mixin.py:188} INFO - [2024-06-16T08:28:02.505+0000] {dag.py:3954} INFO - Setting next_dagrun for example_setup_teardown to 2024-06-15 00:00:00+00:00, run_after=2024-06-16 00:00:00+00:00
[2024-06-16T08:28:02.512+0000] {processor.py:183} INFO - Processing /home/airflow/.local/lib/python3.12/site-packages/airflow/example_dags/example_setup_teardown.py took 0.036 seconds
[2024-06-16T08:28:32.968+0000] {processor.py:161} INFO - Started process (PID=333) to work on /home/airflow/.local/lib/python3.12/site-packages/airflow/example_dags/example_setup_teardown.py
[2024-06-16T08:28:32.968+0000] {processor.py:830} INFO - Processing file /home/airflow/.local/lib/python3.12/site-packages/airflow/example_dags/example_setup_teardown.py for tasks to queue
[2024-06-16T08:28:32.969+0000] {logging_mixin.py:188} INFO - [2024-06-16T08:28:32.969+0000] {dagbag.py:545} INFO - Filling up the DagBag from /home/airflow/.local/lib/python3.12/site-packages/airflow/example_dags/example_setup_teardown.py
[2024-06-16T08:28:32.973+0000] {processor.py:840} INFO - DAG(s) 'example_setup_teardown' retrieved from /home/airflow/.local/lib/python3.12/site-packages/airflow/example_dags/example_setup_teardown.py
[2024-06-16T08:28:32.982+0000] {logging_mixin.py:188} INFO - [2024-06-16T08:28:32.981+0000] {dag.py:3096} INFO - Sync 1 DAGs
[2024-06-16T08:28:32.991+0000] {logging_mixin.py:188} INFO - [2024-06-16T08:28:32.991+0000] {dag.py:3954} INFO - Setting next_dagrun for example_setup_teardown to 2024-06-15 00:00:00+00:00, run_after=2024-06-16 00:00:00+00:00
[2024-06-16T08:28:32.999+0000] {processor.py:183} INFO - Processing /home/airflow/.local/lib/python3.12/site-packages/airflow/example_dags/example_setup_teardown.py took 0.034 seconds
[2024-06-16T08:29:03.282+0000] {processor.py:161} INFO - Started process (PID=392) to work on /home/airflow/.local/lib/python3.12/site-packages/airflow/example_dags/example_setup_teardown.py
[2024-06-16T08:29:03.282+0000] {processor.py:830} INFO - Processing file /home/airflow/.local/lib/python3.12/site-packages/airflow/example_dags/example_setup_teardown.py for tasks to queue
[2024-06-16T08:29:03.283+0000] {logging_mixin.py:188} INFO - [2024-06-16T08:29:03.283+0000] {dagbag.py:545} INFO - Filling up the DagBag from /home/airflow/.local/lib/python3.12/site-packages/airflow/example_dags/example_setup_teardown.py
[2024-06-16T08:29:03.286+0000] {processor.py:840} INFO - DAG(s) 'example_setup_teardown' retrieved from /home/airflow/.local/lib/python3.12/site-packages/airflow/example_dags/example_setup_teardown.py
[2024-06-16T08:29:03.299+0000] {logging_mixin.py:188} INFO - [2024-06-16T08:29:03.299+0000] {dag.py:3096} INFO - Sync 1 DAGs
[2024-06-16T08:29:03.312+0000] {logging_mixin.py:188} INFO - [2024-06-16T08:29:03.312+0000] {dag.py:3954} INFO - Setting next_dagrun for example_setup_teardown to 2024-06-15 00:00:00+00:00, run_after=2024-06-16 00:00:00+00:00
[2024-06-16T08:29:03.323+0000] {processor.py:183} INFO - Processing /home/airflow/.local/lib/python3.12/site-packages/airflow/example_dags/example_setup_teardown.py took 0.044 seconds
[2024-06-16T08:32:54.014+0000] {processor.py:161} INFO - Started process (PID=40) to work on /home/airflow/.local/lib/python3.12/site-packages/airflow/example_dags/example_setup_teardown.py
[2024-06-16T08:32:54.015+0000] {processor.py:830} INFO - Processing file /home/airflow/.local/lib/python3.12/site-packages/airflow/example_dags/example_setup_teardown.py for tasks to queue
[2024-06-16T08:32:54.018+0000] {logging_mixin.py:188} INFO - [2024-06-16T08:32:54.018+0000] {dagbag.py:545} INFO - Filling up the DagBag from /home/airflow/.local/lib/python3.12/site-packages/airflow/example_dags/example_setup_teardown.py
[2024-06-16T08:32:54.030+0000] {processor.py:840} INFO - DAG(s) 'example_setup_teardown' retrieved from /home/airflow/.local/lib/python3.12/site-packages/airflow/example_dags/example_setup_teardown.py
[2024-06-16T08:32:54.051+0000] {logging_mixin.py:188} INFO - [2024-06-16T08:32:54.050+0000] {dag.py:3096} INFO - Sync 1 DAGs
[2024-06-16T08:32:54.099+0000] {logging_mixin.py:188} INFO - [2024-06-16T08:32:54.099+0000] {dag.py:3954} INFO - Setting next_dagrun for example_setup_teardown to 2024-06-15 00:00:00+00:00, run_after=2024-06-16 00:00:00+00:00
[2024-06-16T08:32:54.117+0000] {processor.py:183} INFO - Processing /home/airflow/.local/lib/python3.12/site-packages/airflow/example_dags/example_setup_teardown.py took 0.111 seconds
[2024-06-16T08:33:25.008+0000] {processor.py:161} INFO - Started process (PID=98) to work on /home/airflow/.local/lib/python3.12/site-packages/airflow/example_dags/example_setup_teardown.py
[2024-06-16T08:33:25.009+0000] {processor.py:830} INFO - Processing file /home/airflow/.local/lib/python3.12/site-packages/airflow/example_dags/example_setup_teardown.py for tasks to queue
[2024-06-16T08:33:25.010+0000] {logging_mixin.py:188} INFO - [2024-06-16T08:33:25.010+0000] {dagbag.py:545} INFO - Filling up the DagBag from /home/airflow/.local/lib/python3.12/site-packages/airflow/example_dags/example_setup_teardown.py
[2024-06-16T08:33:25.014+0000] {processor.py:840} INFO - DAG(s) 'example_setup_teardown' retrieved from /home/airflow/.local/lib/python3.12/site-packages/airflow/example_dags/example_setup_teardown.py
[2024-06-16T08:33:25.129+0000] {logging_mixin.py:188} INFO - [2024-06-16T08:33:25.128+0000] {dag.py:3096} INFO - Sync 1 DAGs
[2024-06-16T08:33:25.136+0000] {logging_mixin.py:188} INFO - [2024-06-16T08:33:25.136+0000] {dag.py:3954} INFO - Setting next_dagrun for example_setup_teardown to 2024-06-15 00:00:00+00:00, run_after=2024-06-16 00:00:00+00:00
[2024-06-16T08:33:25.143+0000] {processor.py:183} INFO - Processing /home/airflow/.local/lib/python3.12/site-packages/airflow/example_dags/example_setup_teardown.py took 0.137 seconds
[2024-06-16T08:33:55.298+0000] {processor.py:161} INFO - Started process (PID=157) to work on /home/airflow/.local/lib/python3.12/site-packages/airflow/example_dags/example_setup_teardown.py
[2024-06-16T08:33:55.299+0000] {processor.py:830} INFO - Processing file /home/airflow/.local/lib/python3.12/site-packages/airflow/example_dags/example_setup_teardown.py for tasks to queue
[2024-06-16T08:33:55.299+0000] {logging_mixin.py:188} INFO - [2024-06-16T08:33:55.299+0000] {dagbag.py:545} INFO - Filling up the DagBag from /home/airflow/.local/lib/python3.12/site-packages/airflow/example_dags/example_setup_teardown.py
[2024-06-16T08:33:55.304+0000] {processor.py:840} INFO - DAG(s) 'example_setup_teardown' retrieved from /home/airflow/.local/lib/python3.12/site-packages/airflow/example_dags/example_setup_teardown.py
[2024-06-16T08:33:55.312+0000] {logging_mixin.py:188} INFO - [2024-06-16T08:33:55.312+0000] {dag.py:3096} INFO - Sync 1 DAGs
[2024-06-16T08:33:55.321+0000] {logging_mixin.py:188} INFO - [2024-06-16T08:33:55.321+0000] {dag.py:3954} INFO - Setting next_dagrun for example_setup_teardown to 2024-06-15 00:00:00+00:00, run_after=2024-06-16 00:00:00+00:00
[2024-06-16T08:33:55.329+0000] {processor.py:183} INFO - Processing /home/airflow/.local/lib/python3.12/site-packages/airflow/example_dags/example_setup_teardown.py took 0.033 seconds
[2024-06-16T08:34:26.428+0000] {processor.py:161} INFO - Started process (PID=216) to work on /home/airflow/.local/lib/python3.12/site-packages/airflow/example_dags/example_setup_teardown.py
[2024-06-16T08:34:26.429+0000] {processor.py:830} INFO - Processing file /home/airflow/.local/lib/python3.12/site-packages/airflow/example_dags/example_setup_teardown.py for tasks to queue
[2024-06-16T08:34:26.432+0000] {logging_mixin.py:188} INFO - [2024-06-16T08:34:26.431+0000] {dagbag.py:545} INFO - Filling up the DagBag from /home/airflow/.local/lib/python3.12/site-packages/airflow/example_dags/example_setup_teardown.py
[2024-06-16T08:34:26.438+0000] {processor.py:840} INFO - DAG(s) 'example_setup_teardown' retrieved from /home/airflow/.local/lib/python3.12/site-packages/airflow/example_dags/example_setup_teardown.py
[2024-06-16T08:34:26.455+0000] {logging_mixin.py:188} INFO - [2024-06-16T08:34:26.454+0000] {dag.py:3096} INFO - Sync 1 DAGs
[2024-06-16T08:34:26.562+0000] {logging_mixin.py:188} INFO - [2024-06-16T08:34:26.562+0000] {dag.py:3954} INFO - Setting next_dagrun for example_setup_teardown to 2024-06-15 00:00:00+00:00, run_after=2024-06-16 00:00:00+00:00
[2024-06-16T08:34:26.574+0000] {processor.py:183} INFO - Processing /home/airflow/.local/lib/python3.12/site-packages/airflow/example_dags/example_setup_teardown.py took 0.152 seconds
[2024-06-16T08:35:22.825+0000] {processor.py:161} INFO - Started process (PID=40) to work on /home/airflow/.local/lib/python3.12/site-packages/airflow/example_dags/example_setup_teardown.py
[2024-06-16T08:35:22.828+0000] {processor.py:830} INFO - Processing file /home/airflow/.local/lib/python3.12/site-packages/airflow/example_dags/example_setup_teardown.py for tasks to queue
[2024-06-16T08:35:22.830+0000] {logging_mixin.py:188} INFO - [2024-06-16T08:35:22.830+0000] {dagbag.py:545} INFO - Filling up the DagBag from /home/airflow/.local/lib/python3.12/site-packages/airflow/example_dags/example_setup_teardown.py
[2024-06-16T08:35:22.837+0000] {processor.py:840} INFO - DAG(s) 'example_setup_teardown' retrieved from /home/airflow/.local/lib/python3.12/site-packages/airflow/example_dags/example_setup_teardown.py
[2024-06-16T08:35:22.859+0000] {logging_mixin.py:188} INFO - [2024-06-16T08:35:22.859+0000] {dag.py:3096} INFO - Sync 1 DAGs
[2024-06-16T08:35:22.884+0000] {logging_mixin.py:188} INFO - [2024-06-16T08:35:22.884+0000] {dag.py:3954} INFO - Setting next_dagrun for example_setup_teardown to 2024-06-15 00:00:00+00:00, run_after=2024-06-16 00:00:00+00:00
[2024-06-16T08:35:22.904+0000] {processor.py:183} INFO - Processing /home/airflow/.local/lib/python3.12/site-packages/airflow/example_dags/example_setup_teardown.py took 0.086 seconds
[2024-06-16T08:35:53.832+0000] {processor.py:161} INFO - Started process (PID=98) to work on /home/airflow/.local/lib/python3.12/site-packages/airflow/example_dags/example_setup_teardown.py
[2024-06-16T08:35:53.833+0000] {processor.py:830} INFO - Processing file /home/airflow/.local/lib/python3.12/site-packages/airflow/example_dags/example_setup_teardown.py for tasks to queue
[2024-06-16T08:35:53.834+0000] {logging_mixin.py:188} INFO - [2024-06-16T08:35:53.834+0000] {dagbag.py:545} INFO - Filling up the DagBag from /home/airflow/.local/lib/python3.12/site-packages/airflow/example_dags/example_setup_teardown.py
[2024-06-16T08:35:53.838+0000] {processor.py:840} INFO - DAG(s) 'example_setup_teardown' retrieved from /home/airflow/.local/lib/python3.12/site-packages/airflow/example_dags/example_setup_teardown.py
[2024-06-16T08:35:53.965+0000] {logging_mixin.py:188} INFO - [2024-06-16T08:35:53.964+0000] {dag.py:3096} INFO - Sync 1 DAGs
[2024-06-16T08:35:53.972+0000] {logging_mixin.py:188} INFO - [2024-06-16T08:35:53.972+0000] {dag.py:3954} INFO - Setting next_dagrun for example_setup_teardown to 2024-06-15 00:00:00+00:00, run_after=2024-06-16 00:00:00+00:00
[2024-06-16T08:35:53.980+0000] {processor.py:183} INFO - Processing /home/airflow/.local/lib/python3.12/site-packages/airflow/example_dags/example_setup_teardown.py took 0.150 seconds
[2024-06-16T08:36:24.942+0000] {processor.py:161} INFO - Started process (PID=157) to work on /home/airflow/.local/lib/python3.12/site-packages/airflow/example_dags/example_setup_teardown.py
[2024-06-16T08:36:24.946+0000] {processor.py:830} INFO - Processing file /home/airflow/.local/lib/python3.12/site-packages/airflow/example_dags/example_setup_teardown.py for tasks to queue
[2024-06-16T08:36:24.948+0000] {logging_mixin.py:188} INFO - [2024-06-16T08:36:24.948+0000] {dagbag.py:545} INFO - Filling up the DagBag from /home/airflow/.local/lib/python3.12/site-packages/airflow/example_dags/example_setup_teardown.py
[2024-06-16T08:36:24.956+0000] {processor.py:840} INFO - DAG(s) 'example_setup_teardown' retrieved from /home/airflow/.local/lib/python3.12/site-packages/airflow/example_dags/example_setup_teardown.py
[2024-06-16T08:36:24.973+0000] {logging_mixin.py:188} INFO - [2024-06-16T08:36:24.973+0000] {dag.py:3096} INFO - Sync 1 DAGs
[2024-06-16T08:36:24.986+0000] {logging_mixin.py:188} INFO - [2024-06-16T08:36:24.985+0000] {dag.py:3954} INFO - Setting next_dagrun for example_setup_teardown to 2024-06-15 00:00:00+00:00, run_after=2024-06-16 00:00:00+00:00
[2024-06-16T08:36:24.994+0000] {processor.py:183} INFO - Processing /home/airflow/.local/lib/python3.12/site-packages/airflow/example_dags/example_setup_teardown.py took 0.066 seconds
[2024-06-16T08:36:55.449+0000] {processor.py:161} INFO - Started process (PID=216) to work on /home/airflow/.local/lib/python3.12/site-packages/airflow/example_dags/example_setup_teardown.py
[2024-06-16T08:36:55.450+0000] {processor.py:830} INFO - Processing file /home/airflow/.local/lib/python3.12/site-packages/airflow/example_dags/example_setup_teardown.py for tasks to queue
[2024-06-16T08:36:55.451+0000] {logging_mixin.py:188} INFO - [2024-06-16T08:36:55.451+0000] {dagbag.py:545} INFO - Filling up the DagBag from /home/airflow/.local/lib/python3.12/site-packages/airflow/example_dags/example_setup_teardown.py
[2024-06-16T08:36:55.455+0000] {processor.py:840} INFO - DAG(s) 'example_setup_teardown' retrieved from /home/airflow/.local/lib/python3.12/site-packages/airflow/example_dags/example_setup_teardown.py
[2024-06-16T08:36:55.475+0000] {logging_mixin.py:188} INFO - [2024-06-16T08:36:55.475+0000] {dag.py:3096} INFO - Sync 1 DAGs
[2024-06-16T08:36:55.578+0000] {logging_mixin.py:188} INFO - [2024-06-16T08:36:55.577+0000] {dag.py:3954} INFO - Setting next_dagrun for example_setup_teardown to 2024-06-15 00:00:00+00:00, run_after=2024-06-16 00:00:00+00:00
[2024-06-16T08:36:55.586+0000] {processor.py:183} INFO - Processing /home/airflow/.local/lib/python3.12/site-packages/airflow/example_dags/example_setup_teardown.py took 0.140 seconds
[2024-06-16T08:37:26.447+0000] {processor.py:161} INFO - Started process (PID=275) to work on /home/airflow/.local/lib/python3.12/site-packages/airflow/example_dags/example_setup_teardown.py
[2024-06-16T08:37:26.451+0000] {processor.py:830} INFO - Processing file /home/airflow/.local/lib/python3.12/site-packages/airflow/example_dags/example_setup_teardown.py for tasks to queue
[2024-06-16T08:37:26.454+0000] {logging_mixin.py:188} INFO - [2024-06-16T08:37:26.453+0000] {dagbag.py:545} INFO - Filling up the DagBag from /home/airflow/.local/lib/python3.12/site-packages/airflow/example_dags/example_setup_teardown.py
[2024-06-16T08:37:26.468+0000] {processor.py:840} INFO - DAG(s) 'example_setup_teardown' retrieved from /home/airflow/.local/lib/python3.12/site-packages/airflow/example_dags/example_setup_teardown.py
[2024-06-16T08:37:26.491+0000] {logging_mixin.py:188} INFO - [2024-06-16T08:37:26.490+0000] {dag.py:3096} INFO - Sync 1 DAGs
[2024-06-16T08:37:26.511+0000] {logging_mixin.py:188} INFO - [2024-06-16T08:37:26.511+0000] {dag.py:3954} INFO - Setting next_dagrun for example_setup_teardown to 2024-06-15 00:00:00+00:00, run_after=2024-06-16 00:00:00+00:00
[2024-06-16T08:37:26.520+0000] {processor.py:183} INFO - Processing /home/airflow/.local/lib/python3.12/site-packages/airflow/example_dags/example_setup_teardown.py took 0.081 seconds
