[2024-06-16T07:55:03.518+0000] {processor.py:161} INFO - Started process (PID=67) to work on /home/airflow/.local/lib/python3.12/site-packages/airflow/example_dags/example_params_trigger_ui.py
[2024-06-16T07:55:03.528+0000] {processor.py:830} INFO - Processing file /home/airflow/.local/lib/python3.12/site-packages/airflow/example_dags/example_params_trigger_ui.py for tasks to queue
[2024-06-16T07:55:03.539+0000] {logging_mixin.py:188} INFO - [2024-06-16T07:55:03.539+0000] {dagbag.py:545} INFO - Filling up the DagBag from /home/airflow/.local/lib/python3.12/site-packages/airflow/example_dags/example_params_trigger_ui.py
[2024-06-16T07:55:03.557+0000] {processor.py:840} INFO - DAG(s) 'example_params_trigger_ui' retrieved from /home/airflow/.local/lib/python3.12/site-packages/airflow/example_dags/example_params_trigger_ui.py
[2024-06-16T07:55:03.581+0000] {logging_mixin.py:188} INFO - [2024-06-16T07:55:03.581+0000] {dag.py:3096} INFO - Sync 1 DAGs
[2024-06-16T07:55:03.631+0000] {logging_mixin.py:188} INFO - [2024-06-16T07:55:03.630+0000] {dag.py:3954} INFO - Setting next_dagrun for example_params_trigger_ui to None, run_after=None
[2024-06-16T07:55:03.654+0000] {processor.py:183} INFO - Processing /home/airflow/.local/lib/python3.12/site-packages/airflow/example_dags/example_params_trigger_ui.py took 0.145 seconds
[2024-06-16T07:55:35.906+0000] {processor.py:161} INFO - Started process (PID=125) to work on /home/airflow/.local/lib/python3.12/site-packages/airflow/example_dags/example_params_trigger_ui.py
[2024-06-16T07:55:35.907+0000] {processor.py:830} INFO - Processing file /home/airflow/.local/lib/python3.12/site-packages/airflow/example_dags/example_params_trigger_ui.py for tasks to queue
[2024-06-16T07:55:35.909+0000] {logging_mixin.py:188} INFO - [2024-06-16T07:55:35.908+0000] {dagbag.py:545} INFO - Filling up the DagBag from /home/airflow/.local/lib/python3.12/site-packages/airflow/example_dags/example_params_trigger_ui.py
[2024-06-16T07:55:35.927+0000] {processor.py:840} INFO - DAG(s) 'example_params_trigger_ui' retrieved from /home/airflow/.local/lib/python3.12/site-packages/airflow/example_dags/example_params_trigger_ui.py
[2024-06-16T07:55:35.993+0000] {logging_mixin.py:188} INFO - [2024-06-16T07:55:35.993+0000] {dag.py:3096} INFO - Sync 1 DAGs
[2024-06-16T07:55:36.085+0000] {logging_mixin.py:188} INFO - [2024-06-16T07:55:36.085+0000] {dag.py:3954} INFO - Setting next_dagrun for example_params_trigger_ui to None, run_after=None
[2024-06-16T07:55:36.094+0000] {processor.py:183} INFO - Processing /home/airflow/.local/lib/python3.12/site-packages/airflow/example_dags/example_params_trigger_ui.py took 0.192 seconds
[2024-06-16T07:56:06.356+0000] {processor.py:161} INFO - Started process (PID=184) to work on /home/airflow/.local/lib/python3.12/site-packages/airflow/example_dags/example_params_trigger_ui.py
[2024-06-16T07:56:06.356+0000] {processor.py:830} INFO - Processing file /home/airflow/.local/lib/python3.12/site-packages/airflow/example_dags/example_params_trigger_ui.py for tasks to queue
[2024-06-16T07:56:06.357+0000] {logging_mixin.py:188} INFO - [2024-06-16T07:56:06.357+0000] {dagbag.py:545} INFO - Filling up the DagBag from /home/airflow/.local/lib/python3.12/site-packages/airflow/example_dags/example_params_trigger_ui.py
[2024-06-16T07:56:06.365+0000] {processor.py:840} INFO - DAG(s) 'example_params_trigger_ui' retrieved from /home/airflow/.local/lib/python3.12/site-packages/airflow/example_dags/example_params_trigger_ui.py
[2024-06-16T07:56:06.384+0000] {logging_mixin.py:188} INFO - [2024-06-16T07:56:06.384+0000] {dag.py:3096} INFO - Sync 1 DAGs
[2024-06-16T07:56:06.625+0000] {logging_mixin.py:188} INFO - [2024-06-16T07:56:06.625+0000] {dag.py:3954} INFO - Setting next_dagrun for example_params_trigger_ui to None, run_after=None
[2024-06-16T07:56:06.638+0000] {processor.py:183} INFO - Processing /home/airflow/.local/lib/python3.12/site-packages/airflow/example_dags/example_params_trigger_ui.py took 0.285 seconds
[2024-06-16T07:56:37.050+0000] {processor.py:161} INFO - Started process (PID=243) to work on /home/airflow/.local/lib/python3.12/site-packages/airflow/example_dags/example_params_trigger_ui.py
[2024-06-16T07:56:37.051+0000] {processor.py:830} INFO - Processing file /home/airflow/.local/lib/python3.12/site-packages/airflow/example_dags/example_params_trigger_ui.py for tasks to queue
[2024-06-16T07:56:37.052+0000] {logging_mixin.py:188} INFO - [2024-06-16T07:56:37.052+0000] {dagbag.py:545} INFO - Filling up the DagBag from /home/airflow/.local/lib/python3.12/site-packages/airflow/example_dags/example_params_trigger_ui.py
[2024-06-16T07:56:37.059+0000] {processor.py:840} INFO - DAG(s) 'example_params_trigger_ui' retrieved from /home/airflow/.local/lib/python3.12/site-packages/airflow/example_dags/example_params_trigger_ui.py
[2024-06-16T07:56:37.080+0000] {logging_mixin.py:188} INFO - [2024-06-16T07:56:37.080+0000] {dag.py:3096} INFO - Sync 1 DAGs
[2024-06-16T07:56:37.087+0000] {logging_mixin.py:188} INFO - [2024-06-16T07:56:37.087+0000] {dag.py:3954} INFO - Setting next_dagrun for example_params_trigger_ui to None, run_after=None
[2024-06-16T07:56:37.096+0000] {processor.py:183} INFO - Processing /home/airflow/.local/lib/python3.12/site-packages/airflow/example_dags/example_params_trigger_ui.py took 0.048 seconds
[2024-06-16T07:57:07.776+0000] {processor.py:161} INFO - Started process (PID=302) to work on /home/airflow/.local/lib/python3.12/site-packages/airflow/example_dags/example_params_trigger_ui.py
[2024-06-16T07:57:07.776+0000] {processor.py:830} INFO - Processing file /home/airflow/.local/lib/python3.12/site-packages/airflow/example_dags/example_params_trigger_ui.py for tasks to queue
[2024-06-16T07:57:07.777+0000] {logging_mixin.py:188} INFO - [2024-06-16T07:57:07.777+0000] {dagbag.py:545} INFO - Filling up the DagBag from /home/airflow/.local/lib/python3.12/site-packages/airflow/example_dags/example_params_trigger_ui.py
[2024-06-16T07:57:07.785+0000] {processor.py:840} INFO - DAG(s) 'example_params_trigger_ui' retrieved from /home/airflow/.local/lib/python3.12/site-packages/airflow/example_dags/example_params_trigger_ui.py
[2024-06-16T07:57:07.805+0000] {logging_mixin.py:188} INFO - [2024-06-16T07:57:07.805+0000] {dag.py:3096} INFO - Sync 1 DAGs
[2024-06-16T07:57:07.812+0000] {logging_mixin.py:188} INFO - [2024-06-16T07:57:07.812+0000] {dag.py:3954} INFO - Setting next_dagrun for example_params_trigger_ui to None, run_after=None
[2024-06-16T07:57:07.821+0000] {processor.py:183} INFO - Processing /home/airflow/.local/lib/python3.12/site-packages/airflow/example_dags/example_params_trigger_ui.py took 0.048 seconds
[2024-06-16T07:57:37.915+0000] {processor.py:161} INFO - Started process (PID=361) to work on /home/airflow/.local/lib/python3.12/site-packages/airflow/example_dags/example_params_trigger_ui.py
[2024-06-16T07:57:37.915+0000] {processor.py:830} INFO - Processing file /home/airflow/.local/lib/python3.12/site-packages/airflow/example_dags/example_params_trigger_ui.py for tasks to queue
[2024-06-16T07:57:37.916+0000] {logging_mixin.py:188} INFO - [2024-06-16T07:57:37.916+0000] {dagbag.py:545} INFO - Filling up the DagBag from /home/airflow/.local/lib/python3.12/site-packages/airflow/example_dags/example_params_trigger_ui.py
[2024-06-16T07:57:37.924+0000] {processor.py:840} INFO - DAG(s) 'example_params_trigger_ui' retrieved from /home/airflow/.local/lib/python3.12/site-packages/airflow/example_dags/example_params_trigger_ui.py
[2024-06-16T07:57:37.944+0000] {logging_mixin.py:188} INFO - [2024-06-16T07:57:37.943+0000] {dag.py:3096} INFO - Sync 1 DAGs
[2024-06-16T07:57:37.951+0000] {logging_mixin.py:188} INFO - [2024-06-16T07:57:37.951+0000] {dag.py:3954} INFO - Setting next_dagrun for example_params_trigger_ui to None, run_after=None
[2024-06-16T07:57:37.960+0000] {processor.py:183} INFO - Processing /home/airflow/.local/lib/python3.12/site-packages/airflow/example_dags/example_params_trigger_ui.py took 0.048 seconds
[2024-06-16T07:58:08.471+0000] {processor.py:161} INFO - Started process (PID=421) to work on /home/airflow/.local/lib/python3.12/site-packages/airflow/example_dags/example_params_trigger_ui.py
[2024-06-16T07:58:08.472+0000] {processor.py:830} INFO - Processing file /home/airflow/.local/lib/python3.12/site-packages/airflow/example_dags/example_params_trigger_ui.py for tasks to queue
[2024-06-16T07:58:08.473+0000] {logging_mixin.py:188} INFO - [2024-06-16T07:58:08.473+0000] {dagbag.py:545} INFO - Filling up the DagBag from /home/airflow/.local/lib/python3.12/site-packages/airflow/example_dags/example_params_trigger_ui.py
[2024-06-16T07:58:08.480+0000] {processor.py:840} INFO - DAG(s) 'example_params_trigger_ui' retrieved from /home/airflow/.local/lib/python3.12/site-packages/airflow/example_dags/example_params_trigger_ui.py
[2024-06-16T07:58:08.498+0000] {logging_mixin.py:188} INFO - [2024-06-16T07:58:08.498+0000] {dag.py:3096} INFO - Sync 1 DAGs
[2024-06-16T07:58:08.508+0000] {logging_mixin.py:188} INFO - [2024-06-16T07:58:08.507+0000] {dag.py:3954} INFO - Setting next_dagrun for example_params_trigger_ui to None, run_after=None
[2024-06-16T07:58:08.518+0000] {processor.py:183} INFO - Processing /home/airflow/.local/lib/python3.12/site-packages/airflow/example_dags/example_params_trigger_ui.py took 0.050 seconds
[2024-06-16T07:58:38.941+0000] {processor.py:161} INFO - Started process (PID=479) to work on /home/airflow/.local/lib/python3.12/site-packages/airflow/example_dags/example_params_trigger_ui.py
[2024-06-16T07:58:38.942+0000] {processor.py:830} INFO - Processing file /home/airflow/.local/lib/python3.12/site-packages/airflow/example_dags/example_params_trigger_ui.py for tasks to queue
[2024-06-16T07:58:38.946+0000] {logging_mixin.py:188} INFO - [2024-06-16T07:58:38.945+0000] {dagbag.py:545} INFO - Filling up the DagBag from /home/airflow/.local/lib/python3.12/site-packages/airflow/example_dags/example_params_trigger_ui.py
[2024-06-16T07:58:38.959+0000] {processor.py:840} INFO - DAG(s) 'example_params_trigger_ui' retrieved from /home/airflow/.local/lib/python3.12/site-packages/airflow/example_dags/example_params_trigger_ui.py
[2024-06-16T07:58:38.981+0000] {logging_mixin.py:188} INFO - [2024-06-16T07:58:38.981+0000] {dag.py:3096} INFO - Sync 1 DAGs
[2024-06-16T07:58:38.988+0000] {logging_mixin.py:188} INFO - [2024-06-16T07:58:38.988+0000] {dag.py:3954} INFO - Setting next_dagrun for example_params_trigger_ui to None, run_after=None
[2024-06-16T07:58:38.997+0000] {processor.py:183} INFO - Processing /home/airflow/.local/lib/python3.12/site-packages/airflow/example_dags/example_params_trigger_ui.py took 0.063 seconds
[2024-06-16T07:59:09.232+0000] {processor.py:161} INFO - Started process (PID=538) to work on /home/airflow/.local/lib/python3.12/site-packages/airflow/example_dags/example_params_trigger_ui.py
[2024-06-16T07:59:09.233+0000] {processor.py:830} INFO - Processing file /home/airflow/.local/lib/python3.12/site-packages/airflow/example_dags/example_params_trigger_ui.py for tasks to queue
[2024-06-16T07:59:09.234+0000] {logging_mixin.py:188} INFO - [2024-06-16T07:59:09.234+0000] {dagbag.py:545} INFO - Filling up the DagBag from /home/airflow/.local/lib/python3.12/site-packages/airflow/example_dags/example_params_trigger_ui.py
[2024-06-16T07:59:09.241+0000] {processor.py:840} INFO - DAG(s) 'example_params_trigger_ui' retrieved from /home/airflow/.local/lib/python3.12/site-packages/airflow/example_dags/example_params_trigger_ui.py
[2024-06-16T07:59:09.260+0000] {logging_mixin.py:188} INFO - [2024-06-16T07:59:09.259+0000] {dag.py:3096} INFO - Sync 1 DAGs
[2024-06-16T07:59:09.266+0000] {logging_mixin.py:188} INFO - [2024-06-16T07:59:09.266+0000] {dag.py:3954} INFO - Setting next_dagrun for example_params_trigger_ui to None, run_after=None
[2024-06-16T07:59:09.275+0000] {processor.py:183} INFO - Processing /home/airflow/.local/lib/python3.12/site-packages/airflow/example_dags/example_params_trigger_ui.py took 0.045 seconds
[2024-06-16T07:59:39.685+0000] {processor.py:161} INFO - Started process (PID=598) to work on /home/airflow/.local/lib/python3.12/site-packages/airflow/example_dags/example_params_trigger_ui.py
[2024-06-16T07:59:39.685+0000] {processor.py:830} INFO - Processing file /home/airflow/.local/lib/python3.12/site-packages/airflow/example_dags/example_params_trigger_ui.py for tasks to queue
[2024-06-16T07:59:39.687+0000] {logging_mixin.py:188} INFO - [2024-06-16T07:59:39.686+0000] {dagbag.py:545} INFO - Filling up the DagBag from /home/airflow/.local/lib/python3.12/site-packages/airflow/example_dags/example_params_trigger_ui.py
[2024-06-16T07:59:39.694+0000] {processor.py:840} INFO - DAG(s) 'example_params_trigger_ui' retrieved from /home/airflow/.local/lib/python3.12/site-packages/airflow/example_dags/example_params_trigger_ui.py
[2024-06-16T07:59:39.721+0000] {logging_mixin.py:188} INFO - [2024-06-16T07:59:39.720+0000] {dag.py:3096} INFO - Sync 1 DAGs
[2024-06-16T07:59:39.730+0000] {logging_mixin.py:188} INFO - [2024-06-16T07:59:39.730+0000] {dag.py:3954} INFO - Setting next_dagrun for example_params_trigger_ui to None, run_after=None
[2024-06-16T07:59:39.743+0000] {processor.py:183} INFO - Processing /home/airflow/.local/lib/python3.12/site-packages/airflow/example_dags/example_params_trigger_ui.py took 0.061 seconds
[2024-06-16T08:00:09.830+0000] {processor.py:161} INFO - Started process (PID=657) to work on /home/airflow/.local/lib/python3.12/site-packages/airflow/example_dags/example_params_trigger_ui.py
[2024-06-16T08:00:09.831+0000] {processor.py:830} INFO - Processing file /home/airflow/.local/lib/python3.12/site-packages/airflow/example_dags/example_params_trigger_ui.py for tasks to queue
[2024-06-16T08:00:09.832+0000] {logging_mixin.py:188} INFO - [2024-06-16T08:00:09.832+0000] {dagbag.py:545} INFO - Filling up the DagBag from /home/airflow/.local/lib/python3.12/site-packages/airflow/example_dags/example_params_trigger_ui.py
[2024-06-16T08:00:09.839+0000] {processor.py:840} INFO - DAG(s) 'example_params_trigger_ui' retrieved from /home/airflow/.local/lib/python3.12/site-packages/airflow/example_dags/example_params_trigger_ui.py
[2024-06-16T08:00:09.857+0000] {logging_mixin.py:188} INFO - [2024-06-16T08:00:09.857+0000] {dag.py:3096} INFO - Sync 1 DAGs
[2024-06-16T08:00:09.864+0000] {logging_mixin.py:188} INFO - [2024-06-16T08:00:09.863+0000] {dag.py:3954} INFO - Setting next_dagrun for example_params_trigger_ui to None, run_after=None
[2024-06-16T08:00:09.872+0000] {processor.py:183} INFO - Processing /home/airflow/.local/lib/python3.12/site-packages/airflow/example_dags/example_params_trigger_ui.py took 0.045 seconds
[2024-06-16T08:00:40.112+0000] {processor.py:161} INFO - Started process (PID=716) to work on /home/airflow/.local/lib/python3.12/site-packages/airflow/example_dags/example_params_trigger_ui.py
[2024-06-16T08:00:40.113+0000] {processor.py:830} INFO - Processing file /home/airflow/.local/lib/python3.12/site-packages/airflow/example_dags/example_params_trigger_ui.py for tasks to queue
[2024-06-16T08:00:40.115+0000] {logging_mixin.py:188} INFO - [2024-06-16T08:00:40.115+0000] {dagbag.py:545} INFO - Filling up the DagBag from /home/airflow/.local/lib/python3.12/site-packages/airflow/example_dags/example_params_trigger_ui.py
[2024-06-16T08:00:40.130+0000] {processor.py:840} INFO - DAG(s) 'example_params_trigger_ui' retrieved from /home/airflow/.local/lib/python3.12/site-packages/airflow/example_dags/example_params_trigger_ui.py
[2024-06-16T08:00:40.165+0000] {logging_mixin.py:188} INFO - [2024-06-16T08:00:40.165+0000] {dag.py:3096} INFO - Sync 1 DAGs
[2024-06-16T08:00:40.175+0000] {logging_mixin.py:188} INFO - [2024-06-16T08:00:40.175+0000] {dag.py:3954} INFO - Setting next_dagrun for example_params_trigger_ui to None, run_after=None
[2024-06-16T08:00:40.188+0000] {processor.py:183} INFO - Processing /home/airflow/.local/lib/python3.12/site-packages/airflow/example_dags/example_params_trigger_ui.py took 0.081 seconds
[2024-06-16T08:01:10.540+0000] {processor.py:161} INFO - Started process (PID=775) to work on /home/airflow/.local/lib/python3.12/site-packages/airflow/example_dags/example_params_trigger_ui.py
[2024-06-16T08:01:10.540+0000] {processor.py:830} INFO - Processing file /home/airflow/.local/lib/python3.12/site-packages/airflow/example_dags/example_params_trigger_ui.py for tasks to queue
[2024-06-16T08:01:10.542+0000] {logging_mixin.py:188} INFO - [2024-06-16T08:01:10.542+0000] {dagbag.py:545} INFO - Filling up the DagBag from /home/airflow/.local/lib/python3.12/site-packages/airflow/example_dags/example_params_trigger_ui.py
[2024-06-16T08:01:10.549+0000] {processor.py:840} INFO - DAG(s) 'example_params_trigger_ui' retrieved from /home/airflow/.local/lib/python3.12/site-packages/airflow/example_dags/example_params_trigger_ui.py
[2024-06-16T08:01:10.567+0000] {logging_mixin.py:188} INFO - [2024-06-16T08:01:10.567+0000] {dag.py:3096} INFO - Sync 1 DAGs
[2024-06-16T08:01:10.573+0000] {logging_mixin.py:188} INFO - [2024-06-16T08:01:10.573+0000] {dag.py:3954} INFO - Setting next_dagrun for example_params_trigger_ui to None, run_after=None
[2024-06-16T08:01:10.581+0000] {processor.py:183} INFO - Processing /home/airflow/.local/lib/python3.12/site-packages/airflow/example_dags/example_params_trigger_ui.py took 0.045 seconds
[2024-06-16T08:01:40.598+0000] {processor.py:161} INFO - Started process (PID=835) to work on /home/airflow/.local/lib/python3.12/site-packages/airflow/example_dags/example_params_trigger_ui.py
[2024-06-16T08:01:40.598+0000] {processor.py:830} INFO - Processing file /home/airflow/.local/lib/python3.12/site-packages/airflow/example_dags/example_params_trigger_ui.py for tasks to queue
[2024-06-16T08:01:40.599+0000] {logging_mixin.py:188} INFO - [2024-06-16T08:01:40.599+0000] {dagbag.py:545} INFO - Filling up the DagBag from /home/airflow/.local/lib/python3.12/site-packages/airflow/example_dags/example_params_trigger_ui.py
[2024-06-16T08:01:40.607+0000] {processor.py:840} INFO - DAG(s) 'example_params_trigger_ui' retrieved from /home/airflow/.local/lib/python3.12/site-packages/airflow/example_dags/example_params_trigger_ui.py
[2024-06-16T08:01:40.628+0000] {logging_mixin.py:188} INFO - [2024-06-16T08:01:40.628+0000] {dag.py:3096} INFO - Sync 1 DAGs
[2024-06-16T08:01:40.636+0000] {logging_mixin.py:188} INFO - [2024-06-16T08:01:40.636+0000] {dag.py:3954} INFO - Setting next_dagrun for example_params_trigger_ui to None, run_after=None
[2024-06-16T08:01:40.646+0000] {processor.py:183} INFO - Processing /home/airflow/.local/lib/python3.12/site-packages/airflow/example_dags/example_params_trigger_ui.py took 0.051 seconds
[2024-06-16T08:02:26.087+0000] {processor.py:161} INFO - Started process (PID=66) to work on /home/airflow/.local/lib/python3.12/site-packages/airflow/example_dags/example_params_trigger_ui.py
[2024-06-16T08:02:26.090+0000] {processor.py:830} INFO - Processing file /home/airflow/.local/lib/python3.12/site-packages/airflow/example_dags/example_params_trigger_ui.py for tasks to queue
[2024-06-16T08:02:26.096+0000] {logging_mixin.py:188} INFO - [2024-06-16T08:02:26.094+0000] {dagbag.py:545} INFO - Filling up the DagBag from /home/airflow/.local/lib/python3.12/site-packages/airflow/example_dags/example_params_trigger_ui.py
[2024-06-16T08:02:26.133+0000] {processor.py:840} INFO - DAG(s) 'example_params_trigger_ui' retrieved from /home/airflow/.local/lib/python3.12/site-packages/airflow/example_dags/example_params_trigger_ui.py
[2024-06-16T08:02:26.155+0000] {logging_mixin.py:188} INFO - [2024-06-16T08:02:26.154+0000] {dag.py:3096} INFO - Sync 1 DAGs
[2024-06-16T08:02:26.164+0000] {logging_mixin.py:188} INFO - [2024-06-16T08:02:26.164+0000] {dag.py:3954} INFO - Setting next_dagrun for example_params_trigger_ui to None, run_after=None
[2024-06-16T08:02:26.178+0000] {processor.py:183} INFO - Processing /home/airflow/.local/lib/python3.12/site-packages/airflow/example_dags/example_params_trigger_ui.py took 0.101 seconds
[2024-06-16T08:02:57.610+0000] {processor.py:161} INFO - Started process (PID=125) to work on /home/airflow/.local/lib/python3.12/site-packages/airflow/example_dags/example_params_trigger_ui.py
[2024-06-16T08:02:57.611+0000] {processor.py:830} INFO - Processing file /home/airflow/.local/lib/python3.12/site-packages/airflow/example_dags/example_params_trigger_ui.py for tasks to queue
[2024-06-16T08:02:57.612+0000] {logging_mixin.py:188} INFO - [2024-06-16T08:02:57.611+0000] {dagbag.py:545} INFO - Filling up the DagBag from /home/airflow/.local/lib/python3.12/site-packages/airflow/example_dags/example_params_trigger_ui.py
[2024-06-16T08:02:57.619+0000] {processor.py:840} INFO - DAG(s) 'example_params_trigger_ui' retrieved from /home/airflow/.local/lib/python3.12/site-packages/airflow/example_dags/example_params_trigger_ui.py
[2024-06-16T08:02:57.755+0000] {logging_mixin.py:188} INFO - [2024-06-16T08:02:57.755+0000] {dag.py:3096} INFO - Sync 1 DAGs
[2024-06-16T08:02:57.759+0000] {logging_mixin.py:188} INFO - [2024-06-16T08:02:57.759+0000] {dag.py:3954} INFO - Setting next_dagrun for example_params_trigger_ui to None, run_after=None
[2024-06-16T08:02:57.768+0000] {processor.py:183} INFO - Processing /home/airflow/.local/lib/python3.12/site-packages/airflow/example_dags/example_params_trigger_ui.py took 0.161 seconds
[2024-06-16T08:03:28.736+0000] {processor.py:161} INFO - Started process (PID=184) to work on /home/airflow/.local/lib/python3.12/site-packages/airflow/example_dags/example_params_trigger_ui.py
[2024-06-16T08:03:28.738+0000] {processor.py:830} INFO - Processing file /home/airflow/.local/lib/python3.12/site-packages/airflow/example_dags/example_params_trigger_ui.py for tasks to queue
[2024-06-16T08:03:28.741+0000] {logging_mixin.py:188} INFO - [2024-06-16T08:03:28.741+0000] {dagbag.py:545} INFO - Filling up the DagBag from /home/airflow/.local/lib/python3.12/site-packages/airflow/example_dags/example_params_trigger_ui.py
[2024-06-16T08:03:28.757+0000] {processor.py:840} INFO - DAG(s) 'example_params_trigger_ui' retrieved from /home/airflow/.local/lib/python3.12/site-packages/airflow/example_dags/example_params_trigger_ui.py
[2024-06-16T08:03:28.786+0000] {logging_mixin.py:188} INFO - [2024-06-16T08:03:28.786+0000] {dag.py:3096} INFO - Sync 1 DAGs
[2024-06-16T08:03:28.793+0000] {logging_mixin.py:188} INFO - [2024-06-16T08:03:28.793+0000] {dag.py:3954} INFO - Setting next_dagrun for example_params_trigger_ui to None, run_after=None
[2024-06-16T08:03:28.802+0000] {processor.py:183} INFO - Processing /home/airflow/.local/lib/python3.12/site-packages/airflow/example_dags/example_params_trigger_ui.py took 0.076 seconds
[2024-06-16T08:03:59.756+0000] {processor.py:161} INFO - Started process (PID=243) to work on /home/airflow/.local/lib/python3.12/site-packages/airflow/example_dags/example_params_trigger_ui.py
[2024-06-16T08:03:59.758+0000] {processor.py:830} INFO - Processing file /home/airflow/.local/lib/python3.12/site-packages/airflow/example_dags/example_params_trigger_ui.py for tasks to queue
[2024-06-16T08:03:59.760+0000] {logging_mixin.py:188} INFO - [2024-06-16T08:03:59.760+0000] {dagbag.py:545} INFO - Filling up the DagBag from /home/airflow/.local/lib/python3.12/site-packages/airflow/example_dags/example_params_trigger_ui.py
[2024-06-16T08:03:59.773+0000] {processor.py:840} INFO - DAG(s) 'example_params_trigger_ui' retrieved from /home/airflow/.local/lib/python3.12/site-packages/airflow/example_dags/example_params_trigger_ui.py
[2024-06-16T08:03:59.808+0000] {logging_mixin.py:188} INFO - [2024-06-16T08:03:59.807+0000] {dag.py:3096} INFO - Sync 1 DAGs
[2024-06-16T08:03:59.819+0000] {logging_mixin.py:188} INFO - [2024-06-16T08:03:59.818+0000] {dag.py:3954} INFO - Setting next_dagrun for example_params_trigger_ui to None, run_after=None
[2024-06-16T08:03:59.831+0000] {processor.py:183} INFO - Processing /home/airflow/.local/lib/python3.12/site-packages/airflow/example_dags/example_params_trigger_ui.py took 0.083 seconds
[2024-06-16T08:04:30.254+0000] {processor.py:161} INFO - Started process (PID=302) to work on /home/airflow/.local/lib/python3.12/site-packages/airflow/example_dags/example_params_trigger_ui.py
[2024-06-16T08:04:30.255+0000] {processor.py:830} INFO - Processing file /home/airflow/.local/lib/python3.12/site-packages/airflow/example_dags/example_params_trigger_ui.py for tasks to queue
[2024-06-16T08:04:30.256+0000] {logging_mixin.py:188} INFO - [2024-06-16T08:04:30.256+0000] {dagbag.py:545} INFO - Filling up the DagBag from /home/airflow/.local/lib/python3.12/site-packages/airflow/example_dags/example_params_trigger_ui.py
[2024-06-16T08:04:30.346+0000] {processor.py:840} INFO - DAG(s) 'example_params_trigger_ui' retrieved from /home/airflow/.local/lib/python3.12/site-packages/airflow/example_dags/example_params_trigger_ui.py
[2024-06-16T08:04:30.362+0000] {logging_mixin.py:188} INFO - [2024-06-16T08:04:30.361+0000] {dag.py:3096} INFO - Sync 1 DAGs
[2024-06-16T08:04:30.395+0000] {logging_mixin.py:188} INFO - [2024-06-16T08:04:30.386+0000] {dag.py:3954} INFO - Setting next_dagrun for example_params_trigger_ui to None, run_after=None
[2024-06-16T08:04:30.463+0000] {processor.py:183} INFO - Processing /home/airflow/.local/lib/python3.12/site-packages/airflow/example_dags/example_params_trigger_ui.py took 0.212 seconds
[2024-06-16T08:05:01.030+0000] {processor.py:161} INFO - Started process (PID=360) to work on /home/airflow/.local/lib/python3.12/site-packages/airflow/example_dags/example_params_trigger_ui.py
[2024-06-16T08:05:01.031+0000] {processor.py:830} INFO - Processing file /home/airflow/.local/lib/python3.12/site-packages/airflow/example_dags/example_params_trigger_ui.py for tasks to queue
[2024-06-16T08:05:01.032+0000] {logging_mixin.py:188} INFO - [2024-06-16T08:05:01.032+0000] {dagbag.py:545} INFO - Filling up the DagBag from /home/airflow/.local/lib/python3.12/site-packages/airflow/example_dags/example_params_trigger_ui.py
[2024-06-16T08:05:01.039+0000] {processor.py:840} INFO - DAG(s) 'example_params_trigger_ui' retrieved from /home/airflow/.local/lib/python3.12/site-packages/airflow/example_dags/example_params_trigger_ui.py
[2024-06-16T08:05:01.056+0000] {logging_mixin.py:188} INFO - [2024-06-16T08:05:01.056+0000] {dag.py:3096} INFO - Sync 1 DAGs
[2024-06-16T08:05:01.061+0000] {logging_mixin.py:188} INFO - [2024-06-16T08:05:01.061+0000] {dag.py:3954} INFO - Setting next_dagrun for example_params_trigger_ui to None, run_after=None
[2024-06-16T08:05:01.069+0000] {processor.py:183} INFO - Processing /home/airflow/.local/lib/python3.12/site-packages/airflow/example_dags/example_params_trigger_ui.py took 0.042 seconds
[2024-06-16T08:05:31.335+0000] {processor.py:161} INFO - Started process (PID=419) to work on /home/airflow/.local/lib/python3.12/site-packages/airflow/example_dags/example_params_trigger_ui.py
[2024-06-16T08:05:31.336+0000] {processor.py:830} INFO - Processing file /home/airflow/.local/lib/python3.12/site-packages/airflow/example_dags/example_params_trigger_ui.py for tasks to queue
[2024-06-16T08:05:31.337+0000] {logging_mixin.py:188} INFO - [2024-06-16T08:05:31.337+0000] {dagbag.py:545} INFO - Filling up the DagBag from /home/airflow/.local/lib/python3.12/site-packages/airflow/example_dags/example_params_trigger_ui.py
[2024-06-16T08:05:31.344+0000] {processor.py:840} INFO - DAG(s) 'example_params_trigger_ui' retrieved from /home/airflow/.local/lib/python3.12/site-packages/airflow/example_dags/example_params_trigger_ui.py
[2024-06-16T08:05:31.363+0000] {logging_mixin.py:188} INFO - [2024-06-16T08:05:31.363+0000] {dag.py:3096} INFO - Sync 1 DAGs
[2024-06-16T08:05:31.369+0000] {logging_mixin.py:188} INFO - [2024-06-16T08:05:31.369+0000] {dag.py:3954} INFO - Setting next_dagrun for example_params_trigger_ui to None, run_after=None
[2024-06-16T08:05:31.378+0000] {processor.py:183} INFO - Processing /home/airflow/.local/lib/python3.12/site-packages/airflow/example_dags/example_params_trigger_ui.py took 0.045 seconds
[2024-06-16T08:06:01.443+0000] {processor.py:161} INFO - Started process (PID=479) to work on /home/airflow/.local/lib/python3.12/site-packages/airflow/example_dags/example_params_trigger_ui.py
[2024-06-16T08:06:01.444+0000] {processor.py:830} INFO - Processing file /home/airflow/.local/lib/python3.12/site-packages/airflow/example_dags/example_params_trigger_ui.py for tasks to queue
[2024-06-16T08:06:01.445+0000] {logging_mixin.py:188} INFO - [2024-06-16T08:06:01.444+0000] {dagbag.py:545} INFO - Filling up the DagBag from /home/airflow/.local/lib/python3.12/site-packages/airflow/example_dags/example_params_trigger_ui.py
[2024-06-16T08:06:01.451+0000] {processor.py:840} INFO - DAG(s) 'example_params_trigger_ui' retrieved from /home/airflow/.local/lib/python3.12/site-packages/airflow/example_dags/example_params_trigger_ui.py
[2024-06-16T08:06:01.468+0000] {logging_mixin.py:188} INFO - [2024-06-16T08:06:01.468+0000] {dag.py:3096} INFO - Sync 1 DAGs
[2024-06-16T08:06:01.474+0000] {logging_mixin.py:188} INFO - [2024-06-16T08:06:01.474+0000] {dag.py:3954} INFO - Setting next_dagrun for example_params_trigger_ui to None, run_after=None
[2024-06-16T08:06:01.483+0000] {processor.py:183} INFO - Processing /home/airflow/.local/lib/python3.12/site-packages/airflow/example_dags/example_params_trigger_ui.py took 0.043 seconds
[2024-06-16T08:06:32.003+0000] {processor.py:161} INFO - Started process (PID=538) to work on /home/airflow/.local/lib/python3.12/site-packages/airflow/example_dags/example_params_trigger_ui.py
[2024-06-16T08:06:32.004+0000] {processor.py:830} INFO - Processing file /home/airflow/.local/lib/python3.12/site-packages/airflow/example_dags/example_params_trigger_ui.py for tasks to queue
[2024-06-16T08:06:32.005+0000] {logging_mixin.py:188} INFO - [2024-06-16T08:06:32.005+0000] {dagbag.py:545} INFO - Filling up the DagBag from /home/airflow/.local/lib/python3.12/site-packages/airflow/example_dags/example_params_trigger_ui.py
[2024-06-16T08:06:32.011+0000] {processor.py:840} INFO - DAG(s) 'example_params_trigger_ui' retrieved from /home/airflow/.local/lib/python3.12/site-packages/airflow/example_dags/example_params_trigger_ui.py
[2024-06-16T08:06:32.028+0000] {logging_mixin.py:188} INFO - [2024-06-16T08:06:32.028+0000] {dag.py:3096} INFO - Sync 1 DAGs
[2024-06-16T08:06:32.033+0000] {logging_mixin.py:188} INFO - [2024-06-16T08:06:32.033+0000] {dag.py:3954} INFO - Setting next_dagrun for example_params_trigger_ui to None, run_after=None
[2024-06-16T08:06:32.040+0000] {processor.py:183} INFO - Processing /home/airflow/.local/lib/python3.12/site-packages/airflow/example_dags/example_params_trigger_ui.py took 0.040 seconds
[2024-06-16T08:07:02.142+0000] {processor.py:161} INFO - Started process (PID=597) to work on /home/airflow/.local/lib/python3.12/site-packages/airflow/example_dags/example_params_trigger_ui.py
[2024-06-16T08:07:02.143+0000] {processor.py:830} INFO - Processing file /home/airflow/.local/lib/python3.12/site-packages/airflow/example_dags/example_params_trigger_ui.py for tasks to queue
[2024-06-16T08:07:02.144+0000] {logging_mixin.py:188} INFO - [2024-06-16T08:07:02.144+0000] {dagbag.py:545} INFO - Filling up the DagBag from /home/airflow/.local/lib/python3.12/site-packages/airflow/example_dags/example_params_trigger_ui.py
[2024-06-16T08:07:02.151+0000] {processor.py:840} INFO - DAG(s) 'example_params_trigger_ui' retrieved from /home/airflow/.local/lib/python3.12/site-packages/airflow/example_dags/example_params_trigger_ui.py
[2024-06-16T08:07:02.170+0000] {logging_mixin.py:188} INFO - [2024-06-16T08:07:02.170+0000] {dag.py:3096} INFO - Sync 1 DAGs
[2024-06-16T08:07:02.176+0000] {logging_mixin.py:188} INFO - [2024-06-16T08:07:02.176+0000] {dag.py:3954} INFO - Setting next_dagrun for example_params_trigger_ui to None, run_after=None
[2024-06-16T08:07:02.185+0000] {processor.py:183} INFO - Processing /home/airflow/.local/lib/python3.12/site-packages/airflow/example_dags/example_params_trigger_ui.py took 0.045 seconds
[2024-06-16T08:07:33.177+0000] {processor.py:161} INFO - Started process (PID=656) to work on /home/airflow/.local/lib/python3.12/site-packages/airflow/example_dags/example_params_trigger_ui.py
[2024-06-16T08:07:33.177+0000] {processor.py:830} INFO - Processing file /home/airflow/.local/lib/python3.12/site-packages/airflow/example_dags/example_params_trigger_ui.py for tasks to queue
[2024-06-16T08:07:33.178+0000] {logging_mixin.py:188} INFO - [2024-06-16T08:07:33.178+0000] {dagbag.py:545} INFO - Filling up the DagBag from /home/airflow/.local/lib/python3.12/site-packages/airflow/example_dags/example_params_trigger_ui.py
[2024-06-16T08:07:33.185+0000] {processor.py:840} INFO - DAG(s) 'example_params_trigger_ui' retrieved from /home/airflow/.local/lib/python3.12/site-packages/airflow/example_dags/example_params_trigger_ui.py
[2024-06-16T08:07:33.202+0000] {logging_mixin.py:188} INFO - [2024-06-16T08:07:33.202+0000] {dag.py:3096} INFO - Sync 1 DAGs
[2024-06-16T08:07:33.208+0000] {logging_mixin.py:188} INFO - [2024-06-16T08:07:33.208+0000] {dag.py:3954} INFO - Setting next_dagrun for example_params_trigger_ui to None, run_after=None
[2024-06-16T08:07:33.216+0000] {processor.py:183} INFO - Processing /home/airflow/.local/lib/python3.12/site-packages/airflow/example_dags/example_params_trigger_ui.py took 0.042 seconds
[2024-06-16T08:08:03.991+0000] {processor.py:161} INFO - Started process (PID=715) to work on /home/airflow/.local/lib/python3.12/site-packages/airflow/example_dags/example_params_trigger_ui.py
[2024-06-16T08:08:03.992+0000] {processor.py:830} INFO - Processing file /home/airflow/.local/lib/python3.12/site-packages/airflow/example_dags/example_params_trigger_ui.py for tasks to queue
[2024-06-16T08:08:03.993+0000] {logging_mixin.py:188} INFO - [2024-06-16T08:08:03.993+0000] {dagbag.py:545} INFO - Filling up the DagBag from /home/airflow/.local/lib/python3.12/site-packages/airflow/example_dags/example_params_trigger_ui.py
[2024-06-16T08:08:04.000+0000] {processor.py:840} INFO - DAG(s) 'example_params_trigger_ui' retrieved from /home/airflow/.local/lib/python3.12/site-packages/airflow/example_dags/example_params_trigger_ui.py
[2024-06-16T08:08:04.018+0000] {logging_mixin.py:188} INFO - [2024-06-16T08:08:04.018+0000] {dag.py:3096} INFO - Sync 1 DAGs
[2024-06-16T08:08:04.025+0000] {logging_mixin.py:188} INFO - [2024-06-16T08:08:04.024+0000] {dag.py:3954} INFO - Setting next_dagrun for example_params_trigger_ui to None, run_after=None
[2024-06-16T08:08:04.033+0000] {processor.py:183} INFO - Processing /home/airflow/.local/lib/python3.12/site-packages/airflow/example_dags/example_params_trigger_ui.py took 0.044 seconds
[2024-06-16T08:08:34.733+0000] {processor.py:161} INFO - Started process (PID=774) to work on /home/airflow/.local/lib/python3.12/site-packages/airflow/example_dags/example_params_trigger_ui.py
[2024-06-16T08:08:34.734+0000] {processor.py:830} INFO - Processing file /home/airflow/.local/lib/python3.12/site-packages/airflow/example_dags/example_params_trigger_ui.py for tasks to queue
[2024-06-16T08:08:34.736+0000] {logging_mixin.py:188} INFO - [2024-06-16T08:08:34.735+0000] {dagbag.py:545} INFO - Filling up the DagBag from /home/airflow/.local/lib/python3.12/site-packages/airflow/example_dags/example_params_trigger_ui.py
[2024-06-16T08:08:34.744+0000] {processor.py:840} INFO - DAG(s) 'example_params_trigger_ui' retrieved from /home/airflow/.local/lib/python3.12/site-packages/airflow/example_dags/example_params_trigger_ui.py
[2024-06-16T08:08:34.764+0000] {logging_mixin.py:188} INFO - [2024-06-16T08:08:34.764+0000] {dag.py:3096} INFO - Sync 1 DAGs
[2024-06-16T08:08:34.771+0000] {logging_mixin.py:188} INFO - [2024-06-16T08:08:34.771+0000] {dag.py:3954} INFO - Setting next_dagrun for example_params_trigger_ui to None, run_after=None
[2024-06-16T08:08:34.781+0000] {processor.py:183} INFO - Processing /home/airflow/.local/lib/python3.12/site-packages/airflow/example_dags/example_params_trigger_ui.py took 0.051 seconds
[2024-06-16T08:09:05.099+0000] {processor.py:161} INFO - Started process (PID=833) to work on /home/airflow/.local/lib/python3.12/site-packages/airflow/example_dags/example_params_trigger_ui.py
[2024-06-16T08:09:05.100+0000] {processor.py:830} INFO - Processing file /home/airflow/.local/lib/python3.12/site-packages/airflow/example_dags/example_params_trigger_ui.py for tasks to queue
[2024-06-16T08:09:05.102+0000] {logging_mixin.py:188} INFO - [2024-06-16T08:09:05.102+0000] {dagbag.py:545} INFO - Filling up the DagBag from /home/airflow/.local/lib/python3.12/site-packages/airflow/example_dags/example_params_trigger_ui.py
[2024-06-16T08:09:05.113+0000] {processor.py:840} INFO - DAG(s) 'example_params_trigger_ui' retrieved from /home/airflow/.local/lib/python3.12/site-packages/airflow/example_dags/example_params_trigger_ui.py
[2024-06-16T08:09:05.136+0000] {logging_mixin.py:188} INFO - [2024-06-16T08:09:05.136+0000] {dag.py:3096} INFO - Sync 1 DAGs
[2024-06-16T08:09:05.144+0000] {logging_mixin.py:188} INFO - [2024-06-16T08:09:05.144+0000] {dag.py:3954} INFO - Setting next_dagrun for example_params_trigger_ui to None, run_after=None
[2024-06-16T08:09:05.170+0000] {processor.py:183} INFO - Processing /home/airflow/.local/lib/python3.12/site-packages/airflow/example_dags/example_params_trigger_ui.py took 0.076 seconds
[2024-06-16T08:09:35.799+0000] {processor.py:161} INFO - Started process (PID=892) to work on /home/airflow/.local/lib/python3.12/site-packages/airflow/example_dags/example_params_trigger_ui.py
[2024-06-16T08:09:35.800+0000] {processor.py:830} INFO - Processing file /home/airflow/.local/lib/python3.12/site-packages/airflow/example_dags/example_params_trigger_ui.py for tasks to queue
[2024-06-16T08:09:35.801+0000] {logging_mixin.py:188} INFO - [2024-06-16T08:09:35.801+0000] {dagbag.py:545} INFO - Filling up the DagBag from /home/airflow/.local/lib/python3.12/site-packages/airflow/example_dags/example_params_trigger_ui.py
[2024-06-16T08:09:35.809+0000] {processor.py:840} INFO - DAG(s) 'example_params_trigger_ui' retrieved from /home/airflow/.local/lib/python3.12/site-packages/airflow/example_dags/example_params_trigger_ui.py
[2024-06-16T08:09:35.835+0000] {logging_mixin.py:188} INFO - [2024-06-16T08:09:35.834+0000] {dag.py:3096} INFO - Sync 1 DAGs
[2024-06-16T08:09:35.846+0000] {logging_mixin.py:188} INFO - [2024-06-16T08:09:35.846+0000] {dag.py:3954} INFO - Setting next_dagrun for example_params_trigger_ui to None, run_after=None
[2024-06-16T08:09:35.857+0000] {processor.py:183} INFO - Processing /home/airflow/.local/lib/python3.12/site-packages/airflow/example_dags/example_params_trigger_ui.py took 0.061 seconds
[2024-06-16T08:10:06.157+0000] {processor.py:161} INFO - Started process (PID=951) to work on /home/airflow/.local/lib/python3.12/site-packages/airflow/example_dags/example_params_trigger_ui.py
[2024-06-16T08:10:06.161+0000] {processor.py:830} INFO - Processing file /home/airflow/.local/lib/python3.12/site-packages/airflow/example_dags/example_params_trigger_ui.py for tasks to queue
[2024-06-16T08:10:06.165+0000] {logging_mixin.py:188} INFO - [2024-06-16T08:10:06.165+0000] {dagbag.py:545} INFO - Filling up the DagBag from /home/airflow/.local/lib/python3.12/site-packages/airflow/example_dags/example_params_trigger_ui.py
[2024-06-16T08:10:06.177+0000] {processor.py:840} INFO - DAG(s) 'example_params_trigger_ui' retrieved from /home/airflow/.local/lib/python3.12/site-packages/airflow/example_dags/example_params_trigger_ui.py
[2024-06-16T08:10:06.206+0000] {logging_mixin.py:188} INFO - [2024-06-16T08:10:06.206+0000] {dag.py:3096} INFO - Sync 1 DAGs
[2024-06-16T08:10:06.214+0000] {logging_mixin.py:188} INFO - [2024-06-16T08:10:06.214+0000] {dag.py:3954} INFO - Setting next_dagrun for example_params_trigger_ui to None, run_after=None
[2024-06-16T08:10:06.225+0000] {processor.py:183} INFO - Processing /home/airflow/.local/lib/python3.12/site-packages/airflow/example_dags/example_params_trigger_ui.py took 0.071 seconds
[2024-06-16T08:10:36.590+0000] {processor.py:161} INFO - Started process (PID=1010) to work on /home/airflow/.local/lib/python3.12/site-packages/airflow/example_dags/example_params_trigger_ui.py
[2024-06-16T08:10:36.590+0000] {processor.py:830} INFO - Processing file /home/airflow/.local/lib/python3.12/site-packages/airflow/example_dags/example_params_trigger_ui.py for tasks to queue
[2024-06-16T08:10:36.591+0000] {logging_mixin.py:188} INFO - [2024-06-16T08:10:36.591+0000] {dagbag.py:545} INFO - Filling up the DagBag from /home/airflow/.local/lib/python3.12/site-packages/airflow/example_dags/example_params_trigger_ui.py
[2024-06-16T08:10:36.599+0000] {processor.py:840} INFO - DAG(s) 'example_params_trigger_ui' retrieved from /home/airflow/.local/lib/python3.12/site-packages/airflow/example_dags/example_params_trigger_ui.py
[2024-06-16T08:10:36.616+0000] {logging_mixin.py:188} INFO - [2024-06-16T08:10:36.616+0000] {dag.py:3096} INFO - Sync 1 DAGs
[2024-06-16T08:10:36.621+0000] {logging_mixin.py:188} INFO - [2024-06-16T08:10:36.621+0000] {dag.py:3954} INFO - Setting next_dagrun for example_params_trigger_ui to None, run_after=None
[2024-06-16T08:10:36.629+0000] {processor.py:183} INFO - Processing /home/airflow/.local/lib/python3.12/site-packages/airflow/example_dags/example_params_trigger_ui.py took 0.042 seconds
[2024-06-16T08:11:06.740+0000] {processor.py:161} INFO - Started process (PID=1069) to work on /home/airflow/.local/lib/python3.12/site-packages/airflow/example_dags/example_params_trigger_ui.py
[2024-06-16T08:11:06.744+0000] {processor.py:830} INFO - Processing file /home/airflow/.local/lib/python3.12/site-packages/airflow/example_dags/example_params_trigger_ui.py for tasks to queue
[2024-06-16T08:11:06.745+0000] {logging_mixin.py:188} INFO - [2024-06-16T08:11:06.745+0000] {dagbag.py:545} INFO - Filling up the DagBag from /home/airflow/.local/lib/python3.12/site-packages/airflow/example_dags/example_params_trigger_ui.py
[2024-06-16T08:11:06.751+0000] {processor.py:840} INFO - DAG(s) 'example_params_trigger_ui' retrieved from /home/airflow/.local/lib/python3.12/site-packages/airflow/example_dags/example_params_trigger_ui.py
[2024-06-16T08:11:06.769+0000] {logging_mixin.py:188} INFO - [2024-06-16T08:11:06.769+0000] {dag.py:3096} INFO - Sync 1 DAGs
[2024-06-16T08:11:06.775+0000] {logging_mixin.py:188} INFO - [2024-06-16T08:11:06.775+0000] {dag.py:3954} INFO - Setting next_dagrun for example_params_trigger_ui to None, run_after=None
[2024-06-16T08:11:06.782+0000] {processor.py:183} INFO - Processing /home/airflow/.local/lib/python3.12/site-packages/airflow/example_dags/example_params_trigger_ui.py took 0.046 seconds
[2024-06-16T08:11:37.354+0000] {processor.py:161} INFO - Started process (PID=1128) to work on /home/airflow/.local/lib/python3.12/site-packages/airflow/example_dags/example_params_trigger_ui.py
[2024-06-16T08:11:37.355+0000] {processor.py:830} INFO - Processing file /home/airflow/.local/lib/python3.12/site-packages/airflow/example_dags/example_params_trigger_ui.py for tasks to queue
[2024-06-16T08:11:37.357+0000] {logging_mixin.py:188} INFO - [2024-06-16T08:11:37.356+0000] {dagbag.py:545} INFO - Filling up the DagBag from /home/airflow/.local/lib/python3.12/site-packages/airflow/example_dags/example_params_trigger_ui.py
[2024-06-16T08:11:37.366+0000] {processor.py:840} INFO - DAG(s) 'example_params_trigger_ui' retrieved from /home/airflow/.local/lib/python3.12/site-packages/airflow/example_dags/example_params_trigger_ui.py
[2024-06-16T08:11:37.389+0000] {logging_mixin.py:188} INFO - [2024-06-16T08:11:37.389+0000] {dag.py:3096} INFO - Sync 1 DAGs
[2024-06-16T08:11:37.396+0000] {logging_mixin.py:188} INFO - [2024-06-16T08:11:37.396+0000] {dag.py:3954} INFO - Setting next_dagrun for example_params_trigger_ui to None, run_after=None
[2024-06-16T08:11:37.406+0000] {processor.py:183} INFO - Processing /home/airflow/.local/lib/python3.12/site-packages/airflow/example_dags/example_params_trigger_ui.py took 0.058 seconds
[2024-06-16T08:12:07.502+0000] {processor.py:161} INFO - Started process (PID=1187) to work on /home/airflow/.local/lib/python3.12/site-packages/airflow/example_dags/example_params_trigger_ui.py
[2024-06-16T08:12:07.502+0000] {processor.py:830} INFO - Processing file /home/airflow/.local/lib/python3.12/site-packages/airflow/example_dags/example_params_trigger_ui.py for tasks to queue
[2024-06-16T08:12:07.503+0000] {logging_mixin.py:188} INFO - [2024-06-16T08:12:07.503+0000] {dagbag.py:545} INFO - Filling up the DagBag from /home/airflow/.local/lib/python3.12/site-packages/airflow/example_dags/example_params_trigger_ui.py
[2024-06-16T08:12:07.511+0000] {processor.py:840} INFO - DAG(s) 'example_params_trigger_ui' retrieved from /home/airflow/.local/lib/python3.12/site-packages/airflow/example_dags/example_params_trigger_ui.py
[2024-06-16T08:12:07.531+0000] {logging_mixin.py:188} INFO - [2024-06-16T08:12:07.531+0000] {dag.py:3096} INFO - Sync 1 DAGs
[2024-06-16T08:12:07.539+0000] {logging_mixin.py:188} INFO - [2024-06-16T08:12:07.539+0000] {dag.py:3954} INFO - Setting next_dagrun for example_params_trigger_ui to None, run_after=None
[2024-06-16T08:12:07.548+0000] {processor.py:183} INFO - Processing /home/airflow/.local/lib/python3.12/site-packages/airflow/example_dags/example_params_trigger_ui.py took 0.050 seconds
[2024-06-16T08:12:37.606+0000] {processor.py:161} INFO - Started process (PID=1246) to work on /home/airflow/.local/lib/python3.12/site-packages/airflow/example_dags/example_params_trigger_ui.py
[2024-06-16T08:12:37.606+0000] {processor.py:830} INFO - Processing file /home/airflow/.local/lib/python3.12/site-packages/airflow/example_dags/example_params_trigger_ui.py for tasks to queue
[2024-06-16T08:12:37.607+0000] {logging_mixin.py:188} INFO - [2024-06-16T08:12:37.607+0000] {dagbag.py:545} INFO - Filling up the DagBag from /home/airflow/.local/lib/python3.12/site-packages/airflow/example_dags/example_params_trigger_ui.py
[2024-06-16T08:12:37.614+0000] {processor.py:840} INFO - DAG(s) 'example_params_trigger_ui' retrieved from /home/airflow/.local/lib/python3.12/site-packages/airflow/example_dags/example_params_trigger_ui.py
[2024-06-16T08:12:37.633+0000] {logging_mixin.py:188} INFO - [2024-06-16T08:12:37.633+0000] {dag.py:3096} INFO - Sync 1 DAGs
[2024-06-16T08:12:37.640+0000] {logging_mixin.py:188} INFO - [2024-06-16T08:12:37.639+0000] {dag.py:3954} INFO - Setting next_dagrun for example_params_trigger_ui to None, run_after=None
[2024-06-16T08:12:37.648+0000] {processor.py:183} INFO - Processing /home/airflow/.local/lib/python3.12/site-packages/airflow/example_dags/example_params_trigger_ui.py took 0.045 seconds
[2024-06-16T08:13:08.852+0000] {processor.py:161} INFO - Started process (PID=1304) to work on /home/airflow/.local/lib/python3.12/site-packages/airflow/example_dags/example_params_trigger_ui.py
[2024-06-16T08:13:08.853+0000] {processor.py:830} INFO - Processing file /home/airflow/.local/lib/python3.12/site-packages/airflow/example_dags/example_params_trigger_ui.py for tasks to queue
[2024-06-16T08:13:08.854+0000] {logging_mixin.py:188} INFO - [2024-06-16T08:13:08.854+0000] {dagbag.py:545} INFO - Filling up the DagBag from /home/airflow/.local/lib/python3.12/site-packages/airflow/example_dags/example_params_trigger_ui.py
[2024-06-16T08:13:08.863+0000] {processor.py:840} INFO - DAG(s) 'example_params_trigger_ui' retrieved from /home/airflow/.local/lib/python3.12/site-packages/airflow/example_dags/example_params_trigger_ui.py
[2024-06-16T08:13:08.882+0000] {logging_mixin.py:188} INFO - [2024-06-16T08:13:08.882+0000] {dag.py:3096} INFO - Sync 1 DAGs
[2024-06-16T08:13:08.888+0000] {logging_mixin.py:188} INFO - [2024-06-16T08:13:08.888+0000] {dag.py:3954} INFO - Setting next_dagrun for example_params_trigger_ui to None, run_after=None
[2024-06-16T08:13:08.896+0000] {processor.py:183} INFO - Processing /home/airflow/.local/lib/python3.12/site-packages/airflow/example_dags/example_params_trigger_ui.py took 0.049 seconds
[2024-06-16T08:13:39.105+0000] {processor.py:161} INFO - Started process (PID=1363) to work on /home/airflow/.local/lib/python3.12/site-packages/airflow/example_dags/example_params_trigger_ui.py
[2024-06-16T08:13:39.106+0000] {processor.py:830} INFO - Processing file /home/airflow/.local/lib/python3.12/site-packages/airflow/example_dags/example_params_trigger_ui.py for tasks to queue
[2024-06-16T08:13:39.107+0000] {logging_mixin.py:188} INFO - [2024-06-16T08:13:39.106+0000] {dagbag.py:545} INFO - Filling up the DagBag from /home/airflow/.local/lib/python3.12/site-packages/airflow/example_dags/example_params_trigger_ui.py
[2024-06-16T08:13:39.114+0000] {processor.py:840} INFO - DAG(s) 'example_params_trigger_ui' retrieved from /home/airflow/.local/lib/python3.12/site-packages/airflow/example_dags/example_params_trigger_ui.py
[2024-06-16T08:13:39.132+0000] {logging_mixin.py:188} INFO - [2024-06-16T08:13:39.132+0000] {dag.py:3096} INFO - Sync 1 DAGs
[2024-06-16T08:13:39.138+0000] {logging_mixin.py:188} INFO - [2024-06-16T08:13:39.138+0000] {dag.py:3954} INFO - Setting next_dagrun for example_params_trigger_ui to None, run_after=None
[2024-06-16T08:13:39.147+0000] {processor.py:183} INFO - Processing /home/airflow/.local/lib/python3.12/site-packages/airflow/example_dags/example_params_trigger_ui.py took 0.045 seconds
[2024-06-16T08:14:09.224+0000] {processor.py:161} INFO - Started process (PID=1422) to work on /home/airflow/.local/lib/python3.12/site-packages/airflow/example_dags/example_params_trigger_ui.py
[2024-06-16T08:14:09.225+0000] {processor.py:830} INFO - Processing file /home/airflow/.local/lib/python3.12/site-packages/airflow/example_dags/example_params_trigger_ui.py for tasks to queue
[2024-06-16T08:14:09.226+0000] {logging_mixin.py:188} INFO - [2024-06-16T08:14:09.226+0000] {dagbag.py:545} INFO - Filling up the DagBag from /home/airflow/.local/lib/python3.12/site-packages/airflow/example_dags/example_params_trigger_ui.py
[2024-06-16T08:14:09.233+0000] {processor.py:840} INFO - DAG(s) 'example_params_trigger_ui' retrieved from /home/airflow/.local/lib/python3.12/site-packages/airflow/example_dags/example_params_trigger_ui.py
[2024-06-16T08:14:09.253+0000] {logging_mixin.py:188} INFO - [2024-06-16T08:14:09.252+0000] {dag.py:3096} INFO - Sync 1 DAGs
[2024-06-16T08:14:09.259+0000] {logging_mixin.py:188} INFO - [2024-06-16T08:14:09.259+0000] {dag.py:3954} INFO - Setting next_dagrun for example_params_trigger_ui to None, run_after=None
[2024-06-16T08:14:09.267+0000] {processor.py:183} INFO - Processing /home/airflow/.local/lib/python3.12/site-packages/airflow/example_dags/example_params_trigger_ui.py took 0.046 seconds
[2024-06-16T08:14:39.637+0000] {processor.py:161} INFO - Started process (PID=1481) to work on /home/airflow/.local/lib/python3.12/site-packages/airflow/example_dags/example_params_trigger_ui.py
[2024-06-16T08:14:39.638+0000] {processor.py:830} INFO - Processing file /home/airflow/.local/lib/python3.12/site-packages/airflow/example_dags/example_params_trigger_ui.py for tasks to queue
[2024-06-16T08:14:39.639+0000] {logging_mixin.py:188} INFO - [2024-06-16T08:14:39.639+0000] {dagbag.py:545} INFO - Filling up the DagBag from /home/airflow/.local/lib/python3.12/site-packages/airflow/example_dags/example_params_trigger_ui.py
[2024-06-16T08:14:39.646+0000] {processor.py:840} INFO - DAG(s) 'example_params_trigger_ui' retrieved from /home/airflow/.local/lib/python3.12/site-packages/airflow/example_dags/example_params_trigger_ui.py
[2024-06-16T08:14:39.666+0000] {logging_mixin.py:188} INFO - [2024-06-16T08:14:39.665+0000] {dag.py:3096} INFO - Sync 1 DAGs
[2024-06-16T08:14:39.672+0000] {logging_mixin.py:188} INFO - [2024-06-16T08:14:39.672+0000] {dag.py:3954} INFO - Setting next_dagrun for example_params_trigger_ui to None, run_after=None
[2024-06-16T08:14:39.694+0000] {processor.py:183} INFO - Processing /home/airflow/.local/lib/python3.12/site-packages/airflow/example_dags/example_params_trigger_ui.py took 0.060 seconds
[2024-06-16T08:15:09.912+0000] {processor.py:161} INFO - Started process (PID=1540) to work on /home/airflow/.local/lib/python3.12/site-packages/airflow/example_dags/example_params_trigger_ui.py
[2024-06-16T08:15:09.913+0000] {processor.py:830} INFO - Processing file /home/airflow/.local/lib/python3.12/site-packages/airflow/example_dags/example_params_trigger_ui.py for tasks to queue
[2024-06-16T08:15:09.914+0000] {logging_mixin.py:188} INFO - [2024-06-16T08:15:09.914+0000] {dagbag.py:545} INFO - Filling up the DagBag from /home/airflow/.local/lib/python3.12/site-packages/airflow/example_dags/example_params_trigger_ui.py
[2024-06-16T08:15:09.921+0000] {processor.py:840} INFO - DAG(s) 'example_params_trigger_ui' retrieved from /home/airflow/.local/lib/python3.12/site-packages/airflow/example_dags/example_params_trigger_ui.py
[2024-06-16T08:15:09.940+0000] {logging_mixin.py:188} INFO - [2024-06-16T08:15:09.940+0000] {dag.py:3096} INFO - Sync 1 DAGs
[2024-06-16T08:15:09.946+0000] {logging_mixin.py:188} INFO - [2024-06-16T08:15:09.946+0000] {dag.py:3954} INFO - Setting next_dagrun for example_params_trigger_ui to None, run_after=None
[2024-06-16T08:15:09.955+0000] {processor.py:183} INFO - Processing /home/airflow/.local/lib/python3.12/site-packages/airflow/example_dags/example_params_trigger_ui.py took 0.046 seconds
[2024-06-16T08:15:40.288+0000] {processor.py:161} INFO - Started process (PID=1599) to work on /home/airflow/.local/lib/python3.12/site-packages/airflow/example_dags/example_params_trigger_ui.py
[2024-06-16T08:15:40.288+0000] {processor.py:830} INFO - Processing file /home/airflow/.local/lib/python3.12/site-packages/airflow/example_dags/example_params_trigger_ui.py for tasks to queue
[2024-06-16T08:15:40.289+0000] {logging_mixin.py:188} INFO - [2024-06-16T08:15:40.289+0000] {dagbag.py:545} INFO - Filling up the DagBag from /home/airflow/.local/lib/python3.12/site-packages/airflow/example_dags/example_params_trigger_ui.py
[2024-06-16T08:15:40.296+0000] {processor.py:840} INFO - DAG(s) 'example_params_trigger_ui' retrieved from /home/airflow/.local/lib/python3.12/site-packages/airflow/example_dags/example_params_trigger_ui.py
[2024-06-16T08:15:40.313+0000] {logging_mixin.py:188} INFO - [2024-06-16T08:15:40.313+0000] {dag.py:3096} INFO - Sync 1 DAGs
[2024-06-16T08:15:40.318+0000] {logging_mixin.py:188} INFO - [2024-06-16T08:15:40.318+0000] {dag.py:3954} INFO - Setting next_dagrun for example_params_trigger_ui to None, run_after=None
[2024-06-16T08:15:40.325+0000] {processor.py:183} INFO - Processing /home/airflow/.local/lib/python3.12/site-packages/airflow/example_dags/example_params_trigger_ui.py took 0.040 seconds
[2024-06-16T08:16:10.575+0000] {processor.py:161} INFO - Started process (PID=1658) to work on /home/airflow/.local/lib/python3.12/site-packages/airflow/example_dags/example_params_trigger_ui.py
[2024-06-16T08:16:10.575+0000] {processor.py:830} INFO - Processing file /home/airflow/.local/lib/python3.12/site-packages/airflow/example_dags/example_params_trigger_ui.py for tasks to queue
[2024-06-16T08:16:10.576+0000] {logging_mixin.py:188} INFO - [2024-06-16T08:16:10.576+0000] {dagbag.py:545} INFO - Filling up the DagBag from /home/airflow/.local/lib/python3.12/site-packages/airflow/example_dags/example_params_trigger_ui.py
[2024-06-16T08:16:10.583+0000] {processor.py:840} INFO - DAG(s) 'example_params_trigger_ui' retrieved from /home/airflow/.local/lib/python3.12/site-packages/airflow/example_dags/example_params_trigger_ui.py
[2024-06-16T08:16:10.607+0000] {logging_mixin.py:188} INFO - [2024-06-16T08:16:10.607+0000] {dag.py:3096} INFO - Sync 1 DAGs
[2024-06-16T08:16:10.614+0000] {logging_mixin.py:188} INFO - [2024-06-16T08:16:10.614+0000] {dag.py:3954} INFO - Setting next_dagrun for example_params_trigger_ui to None, run_after=None
[2024-06-16T08:16:10.622+0000] {processor.py:183} INFO - Processing /home/airflow/.local/lib/python3.12/site-packages/airflow/example_dags/example_params_trigger_ui.py took 0.050 seconds
[2024-06-16T08:16:40.800+0000] {processor.py:161} INFO - Started process (PID=1717) to work on /home/airflow/.local/lib/python3.12/site-packages/airflow/example_dags/example_params_trigger_ui.py
[2024-06-16T08:16:40.801+0000] {processor.py:830} INFO - Processing file /home/airflow/.local/lib/python3.12/site-packages/airflow/example_dags/example_params_trigger_ui.py for tasks to queue
[2024-06-16T08:16:40.802+0000] {logging_mixin.py:188} INFO - [2024-06-16T08:16:40.802+0000] {dagbag.py:545} INFO - Filling up the DagBag from /home/airflow/.local/lib/python3.12/site-packages/airflow/example_dags/example_params_trigger_ui.py
[2024-06-16T08:16:40.809+0000] {processor.py:840} INFO - DAG(s) 'example_params_trigger_ui' retrieved from /home/airflow/.local/lib/python3.12/site-packages/airflow/example_dags/example_params_trigger_ui.py
[2024-06-16T08:16:40.826+0000] {logging_mixin.py:188} INFO - [2024-06-16T08:16:40.826+0000] {dag.py:3096} INFO - Sync 1 DAGs
[2024-06-16T08:16:40.831+0000] {logging_mixin.py:188} INFO - [2024-06-16T08:16:40.831+0000] {dag.py:3954} INFO - Setting next_dagrun for example_params_trigger_ui to None, run_after=None
[2024-06-16T08:16:40.840+0000] {processor.py:183} INFO - Processing /home/airflow/.local/lib/python3.12/site-packages/airflow/example_dags/example_params_trigger_ui.py took 0.042 seconds
[2024-06-16T08:17:11.086+0000] {processor.py:161} INFO - Started process (PID=1776) to work on /home/airflow/.local/lib/python3.12/site-packages/airflow/example_dags/example_params_trigger_ui.py
[2024-06-16T08:17:11.087+0000] {processor.py:830} INFO - Processing file /home/airflow/.local/lib/python3.12/site-packages/airflow/example_dags/example_params_trigger_ui.py for tasks to queue
[2024-06-16T08:17:11.088+0000] {logging_mixin.py:188} INFO - [2024-06-16T08:17:11.088+0000] {dagbag.py:545} INFO - Filling up the DagBag from /home/airflow/.local/lib/python3.12/site-packages/airflow/example_dags/example_params_trigger_ui.py
[2024-06-16T08:17:11.095+0000] {processor.py:840} INFO - DAG(s) 'example_params_trigger_ui' retrieved from /home/airflow/.local/lib/python3.12/site-packages/airflow/example_dags/example_params_trigger_ui.py
[2024-06-16T08:17:11.112+0000] {logging_mixin.py:188} INFO - [2024-06-16T08:17:11.112+0000] {dag.py:3096} INFO - Sync 1 DAGs
[2024-06-16T08:17:11.117+0000] {logging_mixin.py:188} INFO - [2024-06-16T08:17:11.117+0000] {dag.py:3954} INFO - Setting next_dagrun for example_params_trigger_ui to None, run_after=None
[2024-06-16T08:17:11.126+0000] {processor.py:183} INFO - Processing /home/airflow/.local/lib/python3.12/site-packages/airflow/example_dags/example_params_trigger_ui.py took 0.042 seconds
[2024-06-16T08:17:41.404+0000] {processor.py:161} INFO - Started process (PID=1835) to work on /home/airflow/.local/lib/python3.12/site-packages/airflow/example_dags/example_params_trigger_ui.py
[2024-06-16T08:17:41.405+0000] {processor.py:830} INFO - Processing file /home/airflow/.local/lib/python3.12/site-packages/airflow/example_dags/example_params_trigger_ui.py for tasks to queue
[2024-06-16T08:17:41.406+0000] {logging_mixin.py:188} INFO - [2024-06-16T08:17:41.406+0000] {dagbag.py:545} INFO - Filling up the DagBag from /home/airflow/.local/lib/python3.12/site-packages/airflow/example_dags/example_params_trigger_ui.py
[2024-06-16T08:17:41.413+0000] {processor.py:840} INFO - DAG(s) 'example_params_trigger_ui' retrieved from /home/airflow/.local/lib/python3.12/site-packages/airflow/example_dags/example_params_trigger_ui.py
[2024-06-16T08:17:41.431+0000] {logging_mixin.py:188} INFO - [2024-06-16T08:17:41.431+0000] {dag.py:3096} INFO - Sync 1 DAGs
[2024-06-16T08:17:41.437+0000] {logging_mixin.py:188} INFO - [2024-06-16T08:17:41.437+0000] {dag.py:3954} INFO - Setting next_dagrun for example_params_trigger_ui to None, run_after=None
[2024-06-16T08:17:41.445+0000] {processor.py:183} INFO - Processing /home/airflow/.local/lib/python3.12/site-packages/airflow/example_dags/example_params_trigger_ui.py took 0.045 seconds
[2024-06-16T08:18:11.495+0000] {processor.py:161} INFO - Started process (PID=1894) to work on /home/airflow/.local/lib/python3.12/site-packages/airflow/example_dags/example_params_trigger_ui.py
[2024-06-16T08:18:11.495+0000] {processor.py:830} INFO - Processing file /home/airflow/.local/lib/python3.12/site-packages/airflow/example_dags/example_params_trigger_ui.py for tasks to queue
[2024-06-16T08:18:11.496+0000] {logging_mixin.py:188} INFO - [2024-06-16T08:18:11.496+0000] {dagbag.py:545} INFO - Filling up the DagBag from /home/airflow/.local/lib/python3.12/site-packages/airflow/example_dags/example_params_trigger_ui.py
[2024-06-16T08:18:11.503+0000] {processor.py:840} INFO - DAG(s) 'example_params_trigger_ui' retrieved from /home/airflow/.local/lib/python3.12/site-packages/airflow/example_dags/example_params_trigger_ui.py
[2024-06-16T08:18:11.522+0000] {logging_mixin.py:188} INFO - [2024-06-16T08:18:11.522+0000] {dag.py:3096} INFO - Sync 1 DAGs
[2024-06-16T08:18:11.528+0000] {logging_mixin.py:188} INFO - [2024-06-16T08:18:11.528+0000] {dag.py:3954} INFO - Setting next_dagrun for example_params_trigger_ui to None, run_after=None
[2024-06-16T08:18:11.536+0000] {processor.py:183} INFO - Processing /home/airflow/.local/lib/python3.12/site-packages/airflow/example_dags/example_params_trigger_ui.py took 0.044 seconds
[2024-06-16T08:18:42.432+0000] {processor.py:161} INFO - Started process (PID=1953) to work on /home/airflow/.local/lib/python3.12/site-packages/airflow/example_dags/example_params_trigger_ui.py
[2024-06-16T08:18:42.433+0000] {processor.py:830} INFO - Processing file /home/airflow/.local/lib/python3.12/site-packages/airflow/example_dags/example_params_trigger_ui.py for tasks to queue
[2024-06-16T08:18:42.434+0000] {logging_mixin.py:188} INFO - [2024-06-16T08:18:42.433+0000] {dagbag.py:545} INFO - Filling up the DagBag from /home/airflow/.local/lib/python3.12/site-packages/airflow/example_dags/example_params_trigger_ui.py
[2024-06-16T08:18:42.440+0000] {processor.py:840} INFO - DAG(s) 'example_params_trigger_ui' retrieved from /home/airflow/.local/lib/python3.12/site-packages/airflow/example_dags/example_params_trigger_ui.py
[2024-06-16T08:18:42.457+0000] {logging_mixin.py:188} INFO - [2024-06-16T08:18:42.457+0000] {dag.py:3096} INFO - Sync 1 DAGs
[2024-06-16T08:18:42.463+0000] {logging_mixin.py:188} INFO - [2024-06-16T08:18:42.463+0000] {dag.py:3954} INFO - Setting next_dagrun for example_params_trigger_ui to None, run_after=None
[2024-06-16T08:18:42.472+0000] {processor.py:183} INFO - Processing /home/airflow/.local/lib/python3.12/site-packages/airflow/example_dags/example_params_trigger_ui.py took 0.042 seconds
[2024-06-16T08:19:12.980+0000] {processor.py:161} INFO - Started process (PID=2012) to work on /home/airflow/.local/lib/python3.12/site-packages/airflow/example_dags/example_params_trigger_ui.py
[2024-06-16T08:19:12.980+0000] {processor.py:830} INFO - Processing file /home/airflow/.local/lib/python3.12/site-packages/airflow/example_dags/example_params_trigger_ui.py for tasks to queue
[2024-06-16T08:19:12.981+0000] {logging_mixin.py:188} INFO - [2024-06-16T08:19:12.981+0000] {dagbag.py:545} INFO - Filling up the DagBag from /home/airflow/.local/lib/python3.12/site-packages/airflow/example_dags/example_params_trigger_ui.py
[2024-06-16T08:19:12.989+0000] {processor.py:840} INFO - DAG(s) 'example_params_trigger_ui' retrieved from /home/airflow/.local/lib/python3.12/site-packages/airflow/example_dags/example_params_trigger_ui.py
[2024-06-16T08:19:13.012+0000] {logging_mixin.py:188} INFO - [2024-06-16T08:19:13.012+0000] {dag.py:3096} INFO - Sync 1 DAGs
[2024-06-16T08:19:13.020+0000] {logging_mixin.py:188} INFO - [2024-06-16T08:19:13.020+0000] {dag.py:3954} INFO - Setting next_dagrun for example_params_trigger_ui to None, run_after=None
[2024-06-16T08:19:13.029+0000] {processor.py:183} INFO - Processing /home/airflow/.local/lib/python3.12/site-packages/airflow/example_dags/example_params_trigger_ui.py took 0.052 seconds
[2024-06-16T08:22:06.573+0000] {processor.py:161} INFO - Started process (PID=67) to work on /home/airflow/.local/lib/python3.12/site-packages/airflow/example_dags/example_params_trigger_ui.py
[2024-06-16T08:22:06.575+0000] {processor.py:830} INFO - Processing file /home/airflow/.local/lib/python3.12/site-packages/airflow/example_dags/example_params_trigger_ui.py for tasks to queue
[2024-06-16T08:22:06.577+0000] {logging_mixin.py:188} INFO - [2024-06-16T08:22:06.577+0000] {dagbag.py:545} INFO - Filling up the DagBag from /home/airflow/.local/lib/python3.12/site-packages/airflow/example_dags/example_params_trigger_ui.py
[2024-06-16T08:22:06.589+0000] {processor.py:840} INFO - DAG(s) 'example_params_trigger_ui' retrieved from /home/airflow/.local/lib/python3.12/site-packages/airflow/example_dags/example_params_trigger_ui.py
[2024-06-16T08:22:06.597+0000] {logging_mixin.py:188} INFO - [2024-06-16T08:22:06.597+0000] {dag.py:3096} INFO - Sync 1 DAGs
[2024-06-16T08:22:06.619+0000] {logging_mixin.py:188} INFO - [2024-06-16T08:22:06.619+0000] {dag.py:3954} INFO - Setting next_dagrun for example_params_trigger_ui to None, run_after=None
[2024-06-16T08:22:06.647+0000] {processor.py:183} INFO - Processing /home/airflow/.local/lib/python3.12/site-packages/airflow/example_dags/example_params_trigger_ui.py took 0.079 seconds
[2024-06-16T08:22:42.065+0000] {processor.py:161} INFO - Started process (PID=126) to work on /home/airflow/.local/lib/python3.12/site-packages/airflow/example_dags/example_params_trigger_ui.py
[2024-06-16T08:22:42.066+0000] {processor.py:830} INFO - Processing file /home/airflow/.local/lib/python3.12/site-packages/airflow/example_dags/example_params_trigger_ui.py for tasks to queue
[2024-06-16T08:22:42.067+0000] {logging_mixin.py:188} INFO - [2024-06-16T08:22:42.067+0000] {dagbag.py:545} INFO - Filling up the DagBag from /home/airflow/.local/lib/python3.12/site-packages/airflow/example_dags/example_params_trigger_ui.py
[2024-06-16T08:22:42.074+0000] {processor.py:840} INFO - DAG(s) 'example_params_trigger_ui' retrieved from /home/airflow/.local/lib/python3.12/site-packages/airflow/example_dags/example_params_trigger_ui.py
[2024-06-16T08:22:42.198+0000] {logging_mixin.py:188} INFO - [2024-06-16T08:22:42.198+0000] {dag.py:3096} INFO - Sync 1 DAGs
[2024-06-16T08:22:42.202+0000] {logging_mixin.py:188} INFO - [2024-06-16T08:22:42.202+0000] {dag.py:3954} INFO - Setting next_dagrun for example_params_trigger_ui to None, run_after=None
[2024-06-16T08:22:42.210+0000] {processor.py:183} INFO - Processing /home/airflow/.local/lib/python3.12/site-packages/airflow/example_dags/example_params_trigger_ui.py took 0.148 seconds
[2024-06-16T08:23:12.688+0000] {processor.py:161} INFO - Started process (PID=185) to work on /home/airflow/.local/lib/python3.12/site-packages/airflow/example_dags/example_params_trigger_ui.py
[2024-06-16T08:23:12.688+0000] {processor.py:830} INFO - Processing file /home/airflow/.local/lib/python3.12/site-packages/airflow/example_dags/example_params_trigger_ui.py for tasks to queue
[2024-06-16T08:23:12.689+0000] {logging_mixin.py:188} INFO - [2024-06-16T08:23:12.689+0000] {dagbag.py:545} INFO - Filling up the DagBag from /home/airflow/.local/lib/python3.12/site-packages/airflow/example_dags/example_params_trigger_ui.py
[2024-06-16T08:23:12.696+0000] {processor.py:840} INFO - DAG(s) 'example_params_trigger_ui' retrieved from /home/airflow/.local/lib/python3.12/site-packages/airflow/example_dags/example_params_trigger_ui.py
[2024-06-16T08:23:12.713+0000] {logging_mixin.py:188} INFO - [2024-06-16T08:23:12.713+0000] {dag.py:3096} INFO - Sync 1 DAGs
[2024-06-16T08:23:12.718+0000] {logging_mixin.py:188} INFO - [2024-06-16T08:23:12.718+0000] {dag.py:3954} INFO - Setting next_dagrun for example_params_trigger_ui to None, run_after=None
[2024-06-16T08:23:12.726+0000] {processor.py:183} INFO - Processing /home/airflow/.local/lib/python3.12/site-packages/airflow/example_dags/example_params_trigger_ui.py took 0.040 seconds
[2024-06-16T08:26:01.639+0000] {processor.py:161} INFO - Started process (PID=66) to work on /home/airflow/.local/lib/python3.12/site-packages/airflow/example_dags/example_params_trigger_ui.py
[2024-06-16T08:26:01.643+0000] {processor.py:830} INFO - Processing file /home/airflow/.local/lib/python3.12/site-packages/airflow/example_dags/example_params_trigger_ui.py for tasks to queue
[2024-06-16T08:26:01.647+0000] {logging_mixin.py:188} INFO - [2024-06-16T08:26:01.646+0000] {dagbag.py:545} INFO - Filling up the DagBag from /home/airflow/.local/lib/python3.12/site-packages/airflow/example_dags/example_params_trigger_ui.py
[2024-06-16T08:26:01.663+0000] {processor.py:840} INFO - DAG(s) 'example_params_trigger_ui' retrieved from /home/airflow/.local/lib/python3.12/site-packages/airflow/example_dags/example_params_trigger_ui.py
[2024-06-16T08:26:01.685+0000] {logging_mixin.py:188} INFO - [2024-06-16T08:26:01.685+0000] {dag.py:3096} INFO - Sync 1 DAGs
[2024-06-16T08:26:01.700+0000] {logging_mixin.py:188} INFO - [2024-06-16T08:26:01.699+0000] {dag.py:3954} INFO - Setting next_dagrun for example_params_trigger_ui to None, run_after=None
[2024-06-16T08:26:01.723+0000] {processor.py:183} INFO - Processing /home/airflow/.local/lib/python3.12/site-packages/airflow/example_dags/example_params_trigger_ui.py took 0.099 seconds
[2024-06-16T08:26:32.821+0000] {processor.py:161} INFO - Started process (PID=124) to work on /home/airflow/.local/lib/python3.12/site-packages/airflow/example_dags/example_params_trigger_ui.py
[2024-06-16T08:26:32.822+0000] {processor.py:830} INFO - Processing file /home/airflow/.local/lib/python3.12/site-packages/airflow/example_dags/example_params_trigger_ui.py for tasks to queue
[2024-06-16T08:26:32.823+0000] {logging_mixin.py:188} INFO - [2024-06-16T08:26:32.822+0000] {dagbag.py:545} INFO - Filling up the DagBag from /home/airflow/.local/lib/python3.12/site-packages/airflow/example_dags/example_params_trigger_ui.py
[2024-06-16T08:26:32.829+0000] {processor.py:840} INFO - DAG(s) 'example_params_trigger_ui' retrieved from /home/airflow/.local/lib/python3.12/site-packages/airflow/example_dags/example_params_trigger_ui.py
[2024-06-16T08:26:32.974+0000] {logging_mixin.py:188} INFO - [2024-06-16T08:26:32.973+0000] {dag.py:3096} INFO - Sync 1 DAGs
[2024-06-16T08:26:32.979+0000] {logging_mixin.py:188} INFO - [2024-06-16T08:26:32.978+0000] {dag.py:3954} INFO - Setting next_dagrun for example_params_trigger_ui to None, run_after=None
[2024-06-16T08:26:32.988+0000] {processor.py:183} INFO - Processing /home/airflow/.local/lib/python3.12/site-packages/airflow/example_dags/example_params_trigger_ui.py took 0.170 seconds
[2024-06-16T08:27:03.988+0000] {processor.py:161} INFO - Started process (PID=183) to work on /home/airflow/.local/lib/python3.12/site-packages/airflow/example_dags/example_params_trigger_ui.py
[2024-06-16T08:27:03.990+0000] {processor.py:830} INFO - Processing file /home/airflow/.local/lib/python3.12/site-packages/airflow/example_dags/example_params_trigger_ui.py for tasks to queue
[2024-06-16T08:27:03.992+0000] {logging_mixin.py:188} INFO - [2024-06-16T08:27:03.992+0000] {dagbag.py:545} INFO - Filling up the DagBag from /home/airflow/.local/lib/python3.12/site-packages/airflow/example_dags/example_params_trigger_ui.py
[2024-06-16T08:27:04.009+0000] {processor.py:840} INFO - DAG(s) 'example_params_trigger_ui' retrieved from /home/airflow/.local/lib/python3.12/site-packages/airflow/example_dags/example_params_trigger_ui.py
[2024-06-16T08:27:04.032+0000] {logging_mixin.py:188} INFO - [2024-06-16T08:27:04.032+0000] {dag.py:3096} INFO - Sync 1 DAGs
[2024-06-16T08:27:04.038+0000] {logging_mixin.py:188} INFO - [2024-06-16T08:27:04.038+0000] {dag.py:3954} INFO - Setting next_dagrun for example_params_trigger_ui to None, run_after=None
[2024-06-16T08:27:04.046+0000] {processor.py:183} INFO - Processing /home/airflow/.local/lib/python3.12/site-packages/airflow/example_dags/example_params_trigger_ui.py took 0.069 seconds
[2024-06-16T08:27:35.046+0000] {processor.py:161} INFO - Started process (PID=242) to work on /home/airflow/.local/lib/python3.12/site-packages/airflow/example_dags/example_params_trigger_ui.py
[2024-06-16T08:27:35.048+0000] {processor.py:830} INFO - Processing file /home/airflow/.local/lib/python3.12/site-packages/airflow/example_dags/example_params_trigger_ui.py for tasks to queue
[2024-06-16T08:27:35.050+0000] {logging_mixin.py:188} INFO - [2024-06-16T08:27:35.050+0000] {dagbag.py:545} INFO - Filling up the DagBag from /home/airflow/.local/lib/python3.12/site-packages/airflow/example_dags/example_params_trigger_ui.py
[2024-06-16T08:27:35.064+0000] {processor.py:840} INFO - DAG(s) 'example_params_trigger_ui' retrieved from /home/airflow/.local/lib/python3.12/site-packages/airflow/example_dags/example_params_trigger_ui.py
[2024-06-16T08:27:35.091+0000] {logging_mixin.py:188} INFO - [2024-06-16T08:27:35.091+0000] {dag.py:3096} INFO - Sync 1 DAGs
[2024-06-16T08:27:35.098+0000] {logging_mixin.py:188} INFO - [2024-06-16T08:27:35.098+0000] {dag.py:3954} INFO - Setting next_dagrun for example_params_trigger_ui to None, run_after=None
[2024-06-16T08:27:35.110+0000] {processor.py:183} INFO - Processing /home/airflow/.local/lib/python3.12/site-packages/airflow/example_dags/example_params_trigger_ui.py took 0.072 seconds
[2024-06-16T08:28:05.451+0000] {processor.py:161} INFO - Started process (PID=301) to work on /home/airflow/.local/lib/python3.12/site-packages/airflow/example_dags/example_params_trigger_ui.py
[2024-06-16T08:28:05.454+0000] {processor.py:830} INFO - Processing file /home/airflow/.local/lib/python3.12/site-packages/airflow/example_dags/example_params_trigger_ui.py for tasks to queue
[2024-06-16T08:28:05.458+0000] {logging_mixin.py:188} INFO - [2024-06-16T08:28:05.457+0000] {dagbag.py:545} INFO - Filling up the DagBag from /home/airflow/.local/lib/python3.12/site-packages/airflow/example_dags/example_params_trigger_ui.py
[2024-06-16T08:28:05.487+0000] {processor.py:840} INFO - DAG(s) 'example_params_trigger_ui' retrieved from /home/airflow/.local/lib/python3.12/site-packages/airflow/example_dags/example_params_trigger_ui.py
[2024-06-16T08:28:05.521+0000] {logging_mixin.py:188} INFO - [2024-06-16T08:28:05.520+0000] {dag.py:3096} INFO - Sync 1 DAGs
[2024-06-16T08:28:05.533+0000] {logging_mixin.py:188} INFO - [2024-06-16T08:28:05.533+0000] {dag.py:3954} INFO - Setting next_dagrun for example_params_trigger_ui to None, run_after=None
[2024-06-16T08:28:05.547+0000] {processor.py:183} INFO - Processing /home/airflow/.local/lib/python3.12/site-packages/airflow/example_dags/example_params_trigger_ui.py took 0.107 seconds
[2024-06-16T08:28:35.751+0000] {processor.py:161} INFO - Started process (PID=360) to work on /home/airflow/.local/lib/python3.12/site-packages/airflow/example_dags/example_params_trigger_ui.py
[2024-06-16T08:28:35.753+0000] {processor.py:830} INFO - Processing file /home/airflow/.local/lib/python3.12/site-packages/airflow/example_dags/example_params_trigger_ui.py for tasks to queue
[2024-06-16T08:28:35.756+0000] {logging_mixin.py:188} INFO - [2024-06-16T08:28:35.755+0000] {dagbag.py:545} INFO - Filling up the DagBag from /home/airflow/.local/lib/python3.12/site-packages/airflow/example_dags/example_params_trigger_ui.py
[2024-06-16T08:28:35.771+0000] {processor.py:840} INFO - DAG(s) 'example_params_trigger_ui' retrieved from /home/airflow/.local/lib/python3.12/site-packages/airflow/example_dags/example_params_trigger_ui.py
[2024-06-16T08:28:35.813+0000] {logging_mixin.py:188} INFO - [2024-06-16T08:28:35.813+0000] {dag.py:3096} INFO - Sync 1 DAGs
[2024-06-16T08:28:35.824+0000] {logging_mixin.py:188} INFO - [2024-06-16T08:28:35.824+0000] {dag.py:3954} INFO - Setting next_dagrun for example_params_trigger_ui to None, run_after=None
[2024-06-16T08:28:35.837+0000] {processor.py:183} INFO - Processing /home/airflow/.local/lib/python3.12/site-packages/airflow/example_dags/example_params_trigger_ui.py took 0.095 seconds
[2024-06-16T08:29:06.023+0000] {processor.py:161} INFO - Started process (PID=419) to work on /home/airflow/.local/lib/python3.12/site-packages/airflow/example_dags/example_params_trigger_ui.py
[2024-06-16T08:29:06.026+0000] {processor.py:830} INFO - Processing file /home/airflow/.local/lib/python3.12/site-packages/airflow/example_dags/example_params_trigger_ui.py for tasks to queue
[2024-06-16T08:29:06.028+0000] {logging_mixin.py:188} INFO - [2024-06-16T08:29:06.028+0000] {dagbag.py:545} INFO - Filling up the DagBag from /home/airflow/.local/lib/python3.12/site-packages/airflow/example_dags/example_params_trigger_ui.py
[2024-06-16T08:29:06.043+0000] {processor.py:840} INFO - DAG(s) 'example_params_trigger_ui' retrieved from /home/airflow/.local/lib/python3.12/site-packages/airflow/example_dags/example_params_trigger_ui.py
[2024-06-16T08:29:06.084+0000] {logging_mixin.py:188} INFO - [2024-06-16T08:29:06.083+0000] {dag.py:3096} INFO - Sync 1 DAGs
[2024-06-16T08:29:06.090+0000] {logging_mixin.py:188} INFO - [2024-06-16T08:29:06.090+0000] {dag.py:3954} INFO - Setting next_dagrun for example_params_trigger_ui to None, run_after=None
[2024-06-16T08:29:06.100+0000] {processor.py:183} INFO - Processing /home/airflow/.local/lib/python3.12/site-packages/airflow/example_dags/example_params_trigger_ui.py took 0.091 seconds
[2024-06-16T08:32:58.191+0000] {processor.py:161} INFO - Started process (PID=67) to work on /home/airflow/.local/lib/python3.12/site-packages/airflow/example_dags/example_params_trigger_ui.py
[2024-06-16T08:32:58.193+0000] {processor.py:830} INFO - Processing file /home/airflow/.local/lib/python3.12/site-packages/airflow/example_dags/example_params_trigger_ui.py for tasks to queue
[2024-06-16T08:32:58.196+0000] {logging_mixin.py:188} INFO - [2024-06-16T08:32:58.195+0000] {dagbag.py:545} INFO - Filling up the DagBag from /home/airflow/.local/lib/python3.12/site-packages/airflow/example_dags/example_params_trigger_ui.py
[2024-06-16T08:32:58.214+0000] {processor.py:840} INFO - DAG(s) 'example_params_trigger_ui' retrieved from /home/airflow/.local/lib/python3.12/site-packages/airflow/example_dags/example_params_trigger_ui.py
[2024-06-16T08:32:58.226+0000] {logging_mixin.py:188} INFO - [2024-06-16T08:32:58.226+0000] {dag.py:3096} INFO - Sync 1 DAGs
[2024-06-16T08:32:58.235+0000] {logging_mixin.py:188} INFO - [2024-06-16T08:32:58.235+0000] {dag.py:3954} INFO - Setting next_dagrun for example_params_trigger_ui to None, run_after=None
[2024-06-16T08:32:58.246+0000] {processor.py:183} INFO - Processing /home/airflow/.local/lib/python3.12/site-packages/airflow/example_dags/example_params_trigger_ui.py took 0.058 seconds
[2024-06-16T08:33:28.949+0000] {processor.py:161} INFO - Started process (PID=125) to work on /home/airflow/.local/lib/python3.12/site-packages/airflow/example_dags/example_params_trigger_ui.py
[2024-06-16T08:33:28.952+0000] {processor.py:830} INFO - Processing file /home/airflow/.local/lib/python3.12/site-packages/airflow/example_dags/example_params_trigger_ui.py for tasks to queue
[2024-06-16T08:33:28.956+0000] {logging_mixin.py:188} INFO - [2024-06-16T08:33:28.955+0000] {dagbag.py:545} INFO - Filling up the DagBag from /home/airflow/.local/lib/python3.12/site-packages/airflow/example_dags/example_params_trigger_ui.py
[2024-06-16T08:33:28.966+0000] {processor.py:840} INFO - DAG(s) 'example_params_trigger_ui' retrieved from /home/airflow/.local/lib/python3.12/site-packages/airflow/example_dags/example_params_trigger_ui.py
[2024-06-16T08:33:29.159+0000] {logging_mixin.py:188} INFO - [2024-06-16T08:33:29.158+0000] {dag.py:3096} INFO - Sync 1 DAGs
[2024-06-16T08:33:29.165+0000] {logging_mixin.py:188} INFO - [2024-06-16T08:33:29.165+0000] {dag.py:3954} INFO - Setting next_dagrun for example_params_trigger_ui to None, run_after=None
[2024-06-16T08:33:29.175+0000] {processor.py:183} INFO - Processing /home/airflow/.local/lib/python3.12/site-packages/airflow/example_dags/example_params_trigger_ui.py took 0.229 seconds
[2024-06-16T08:33:59.345+0000] {processor.py:161} INFO - Started process (PID=184) to work on /home/airflow/.local/lib/python3.12/site-packages/airflow/example_dags/example_params_trigger_ui.py
[2024-06-16T08:33:59.346+0000] {processor.py:830} INFO - Processing file /home/airflow/.local/lib/python3.12/site-packages/airflow/example_dags/example_params_trigger_ui.py for tasks to queue
[2024-06-16T08:33:59.347+0000] {logging_mixin.py:188} INFO - [2024-06-16T08:33:59.347+0000] {dagbag.py:545} INFO - Filling up the DagBag from /home/airflow/.local/lib/python3.12/site-packages/airflow/example_dags/example_params_trigger_ui.py
[2024-06-16T08:33:59.357+0000] {processor.py:840} INFO - DAG(s) 'example_params_trigger_ui' retrieved from /home/airflow/.local/lib/python3.12/site-packages/airflow/example_dags/example_params_trigger_ui.py
[2024-06-16T08:33:59.376+0000] {logging_mixin.py:188} INFO - [2024-06-16T08:33:59.376+0000] {dag.py:3096} INFO - Sync 1 DAGs
[2024-06-16T08:33:59.382+0000] {logging_mixin.py:188} INFO - [2024-06-16T08:33:59.382+0000] {dag.py:3954} INFO - Setting next_dagrun for example_params_trigger_ui to None, run_after=None
[2024-06-16T08:33:59.390+0000] {processor.py:183} INFO - Processing /home/airflow/.local/lib/python3.12/site-packages/airflow/example_dags/example_params_trigger_ui.py took 0.048 seconds
[2024-06-16T08:34:29.695+0000] {processor.py:161} INFO - Started process (PID=243) to work on /home/airflow/.local/lib/python3.12/site-packages/airflow/example_dags/example_params_trigger_ui.py
[2024-06-16T08:34:29.696+0000] {processor.py:830} INFO - Processing file /home/airflow/.local/lib/python3.12/site-packages/airflow/example_dags/example_params_trigger_ui.py for tasks to queue
[2024-06-16T08:34:29.697+0000] {logging_mixin.py:188} INFO - [2024-06-16T08:34:29.697+0000] {dagbag.py:545} INFO - Filling up the DagBag from /home/airflow/.local/lib/python3.12/site-packages/airflow/example_dags/example_params_trigger_ui.py
[2024-06-16T08:34:29.704+0000] {processor.py:840} INFO - DAG(s) 'example_params_trigger_ui' retrieved from /home/airflow/.local/lib/python3.12/site-packages/airflow/example_dags/example_params_trigger_ui.py
[2024-06-16T08:34:29.723+0000] {logging_mixin.py:188} INFO - [2024-06-16T08:34:29.723+0000] {dag.py:3096} INFO - Sync 1 DAGs
[2024-06-16T08:34:29.730+0000] {logging_mixin.py:188} INFO - [2024-06-16T08:34:29.729+0000] {dag.py:3954} INFO - Setting next_dagrun for example_params_trigger_ui to None, run_after=None
[2024-06-16T08:34:29.739+0000] {processor.py:183} INFO - Processing /home/airflow/.local/lib/python3.12/site-packages/airflow/example_dags/example_params_trigger_ui.py took 0.046 seconds
[2024-06-16T08:35:24.985+0000] {processor.py:161} INFO - Started process (PID=67) to work on /home/airflow/.local/lib/python3.12/site-packages/airflow/example_dags/example_params_trigger_ui.py
[2024-06-16T08:35:24.988+0000] {processor.py:830} INFO - Processing file /home/airflow/.local/lib/python3.12/site-packages/airflow/example_dags/example_params_trigger_ui.py for tasks to queue
[2024-06-16T08:35:24.993+0000] {logging_mixin.py:188} INFO - [2024-06-16T08:35:24.993+0000] {dagbag.py:545} INFO - Filling up the DagBag from /home/airflow/.local/lib/python3.12/site-packages/airflow/example_dags/example_params_trigger_ui.py
[2024-06-16T08:35:25.023+0000] {processor.py:840} INFO - DAG(s) 'example_params_trigger_ui' retrieved from /home/airflow/.local/lib/python3.12/site-packages/airflow/example_dags/example_params_trigger_ui.py
[2024-06-16T08:35:25.058+0000] {logging_mixin.py:188} INFO - [2024-06-16T08:35:25.057+0000] {dag.py:3096} INFO - Sync 1 DAGs
[2024-06-16T08:35:25.079+0000] {logging_mixin.py:188} INFO - [2024-06-16T08:35:25.079+0000] {dag.py:3954} INFO - Setting next_dagrun for example_params_trigger_ui to None, run_after=None
[2024-06-16T08:35:25.122+0000] {processor.py:183} INFO - Processing /home/airflow/.local/lib/python3.12/site-packages/airflow/example_dags/example_params_trigger_ui.py took 0.141 seconds
[2024-06-16T08:35:57.695+0000] {processor.py:161} INFO - Started process (PID=125) to work on /home/airflow/.local/lib/python3.12/site-packages/airflow/example_dags/example_params_trigger_ui.py
[2024-06-16T08:35:57.696+0000] {processor.py:830} INFO - Processing file /home/airflow/.local/lib/python3.12/site-packages/airflow/example_dags/example_params_trigger_ui.py for tasks to queue
[2024-06-16T08:35:57.697+0000] {logging_mixin.py:188} INFO - [2024-06-16T08:35:57.697+0000] {dagbag.py:545} INFO - Filling up the DagBag from /home/airflow/.local/lib/python3.12/site-packages/airflow/example_dags/example_params_trigger_ui.py
[2024-06-16T08:35:57.707+0000] {processor.py:840} INFO - DAG(s) 'example_params_trigger_ui' retrieved from /home/airflow/.local/lib/python3.12/site-packages/airflow/example_dags/example_params_trigger_ui.py
[2024-06-16T08:35:57.865+0000] {logging_mixin.py:188} INFO - [2024-06-16T08:35:57.864+0000] {dag.py:3096} INFO - Sync 1 DAGs
[2024-06-16T08:35:57.870+0000] {logging_mixin.py:188} INFO - [2024-06-16T08:35:57.870+0000] {dag.py:3954} INFO - Setting next_dagrun for example_params_trigger_ui to None, run_after=None
[2024-06-16T08:35:57.881+0000] {processor.py:183} INFO - Processing /home/airflow/.local/lib/python3.12/site-packages/airflow/example_dags/example_params_trigger_ui.py took 0.189 seconds
[2024-06-16T08:36:28.086+0000] {processor.py:161} INFO - Started process (PID=184) to work on /home/airflow/.local/lib/python3.12/site-packages/airflow/example_dags/example_params_trigger_ui.py
[2024-06-16T08:36:28.087+0000] {processor.py:830} INFO - Processing file /home/airflow/.local/lib/python3.12/site-packages/airflow/example_dags/example_params_trigger_ui.py for tasks to queue
[2024-06-16T08:36:28.088+0000] {logging_mixin.py:188} INFO - [2024-06-16T08:36:28.088+0000] {dagbag.py:545} INFO - Filling up the DagBag from /home/airflow/.local/lib/python3.12/site-packages/airflow/example_dags/example_params_trigger_ui.py
[2024-06-16T08:36:28.095+0000] {processor.py:840} INFO - DAG(s) 'example_params_trigger_ui' retrieved from /home/airflow/.local/lib/python3.12/site-packages/airflow/example_dags/example_params_trigger_ui.py
[2024-06-16T08:36:28.113+0000] {logging_mixin.py:188} INFO - [2024-06-16T08:36:28.112+0000] {dag.py:3096} INFO - Sync 1 DAGs
[2024-06-16T08:36:28.119+0000] {logging_mixin.py:188} INFO - [2024-06-16T08:36:28.118+0000] {dag.py:3954} INFO - Setting next_dagrun for example_params_trigger_ui to None, run_after=None
[2024-06-16T08:36:28.127+0000] {processor.py:183} INFO - Processing /home/airflow/.local/lib/python3.12/site-packages/airflow/example_dags/example_params_trigger_ui.py took 0.044 seconds
[2024-06-16T08:36:58.743+0000] {processor.py:161} INFO - Started process (PID=243) to work on /home/airflow/.local/lib/python3.12/site-packages/airflow/example_dags/example_params_trigger_ui.py
[2024-06-16T08:36:58.744+0000] {processor.py:830} INFO - Processing file /home/airflow/.local/lib/python3.12/site-packages/airflow/example_dags/example_params_trigger_ui.py for tasks to queue
[2024-06-16T08:36:58.745+0000] {logging_mixin.py:188} INFO - [2024-06-16T08:36:58.745+0000] {dagbag.py:545} INFO - Filling up the DagBag from /home/airflow/.local/lib/python3.12/site-packages/airflow/example_dags/example_params_trigger_ui.py
[2024-06-16T08:36:58.751+0000] {processor.py:840} INFO - DAG(s) 'example_params_trigger_ui' retrieved from /home/airflow/.local/lib/python3.12/site-packages/airflow/example_dags/example_params_trigger_ui.py
[2024-06-16T08:36:58.770+0000] {logging_mixin.py:188} INFO - [2024-06-16T08:36:58.770+0000] {dag.py:3096} INFO - Sync 1 DAGs
[2024-06-16T08:36:58.775+0000] {logging_mixin.py:188} INFO - [2024-06-16T08:36:58.775+0000] {dag.py:3954} INFO - Setting next_dagrun for example_params_trigger_ui to None, run_after=None
[2024-06-16T08:36:58.783+0000] {processor.py:183} INFO - Processing /home/airflow/.local/lib/python3.12/site-packages/airflow/example_dags/example_params_trigger_ui.py took 0.042 seconds
[2024-06-16T08:37:29.503+0000] {processor.py:161} INFO - Started process (PID=302) to work on /home/airflow/.local/lib/python3.12/site-packages/airflow/example_dags/example_params_trigger_ui.py
[2024-06-16T08:37:29.504+0000] {processor.py:830} INFO - Processing file /home/airflow/.local/lib/python3.12/site-packages/airflow/example_dags/example_params_trigger_ui.py for tasks to queue
[2024-06-16T08:37:29.506+0000] {logging_mixin.py:188} INFO - [2024-06-16T08:37:29.505+0000] {dagbag.py:545} INFO - Filling up the DagBag from /home/airflow/.local/lib/python3.12/site-packages/airflow/example_dags/example_params_trigger_ui.py
[2024-06-16T08:37:29.524+0000] {processor.py:840} INFO - DAG(s) 'example_params_trigger_ui' retrieved from /home/airflow/.local/lib/python3.12/site-packages/airflow/example_dags/example_params_trigger_ui.py
[2024-06-16T08:37:29.545+0000] {logging_mixin.py:188} INFO - [2024-06-16T08:37:29.544+0000] {dag.py:3096} INFO - Sync 1 DAGs
[2024-06-16T08:37:29.551+0000] {logging_mixin.py:188} INFO - [2024-06-16T08:37:29.551+0000] {dag.py:3954} INFO - Setting next_dagrun for example_params_trigger_ui to None, run_after=None
[2024-06-16T08:37:29.561+0000] {processor.py:183} INFO - Processing /home/airflow/.local/lib/python3.12/site-packages/airflow/example_dags/example_params_trigger_ui.py took 0.062 seconds
