[2024-06-16T07:55:00.728+0000] {processor.py:161} INFO - Started process (PID=38) to work on /home/airflow/.local/lib/python3.12/site-packages/airflow/example_dags/example_sensors.py
[2024-06-16T07:55:00.731+0000] {processor.py:830} INFO - Processing file /home/airflow/.local/lib/python3.12/site-packages/airflow/example_dags/example_sensors.py for tasks to queue
[2024-06-16T07:55:00.734+0000] {logging_mixin.py:188} INFO - [2024-06-16T07:55:00.733+0000] {dagbag.py:545} INFO - Filling up the DagBag from /home/airflow/.local/lib/python3.12/site-packages/airflow/example_dags/example_sensors.py
[2024-06-16T07:55:00.761+0000] {processor.py:840} INFO - DAG(s) 'example_sensors' retrieved from /home/airflow/.local/lib/python3.12/site-packages/airflow/example_dags/example_sensors.py
[2024-06-16T07:55:00.782+0000] {logging_mixin.py:188} INFO - [2024-06-16T07:55:00.782+0000] {dag.py:3096} INFO - Sync 1 DAGs
[2024-06-16T07:55:00.798+0000] {logging_mixin.py:188} INFO - [2024-06-16T07:55:00.798+0000] {dag.py:3954} INFO - Setting next_dagrun for example_sensors to None, run_after=None
[2024-06-16T07:55:00.841+0000] {processor.py:183} INFO - Processing /home/airflow/.local/lib/python3.12/site-packages/airflow/example_dags/example_sensors.py took 0.122 seconds
[2024-06-16T07:55:31.476+0000] {processor.py:161} INFO - Started process (PID=96) to work on /home/airflow/.local/lib/python3.12/site-packages/airflow/example_dags/example_sensors.py
[2024-06-16T07:55:31.478+0000] {processor.py:830} INFO - Processing file /home/airflow/.local/lib/python3.12/site-packages/airflow/example_dags/example_sensors.py for tasks to queue
[2024-06-16T07:55:31.480+0000] {logging_mixin.py:188} INFO - [2024-06-16T07:55:31.480+0000] {dagbag.py:545} INFO - Filling up the DagBag from /home/airflow/.local/lib/python3.12/site-packages/airflow/example_dags/example_sensors.py
[2024-06-16T07:55:31.493+0000] {processor.py:840} INFO - DAG(s) 'example_sensors' retrieved from /home/airflow/.local/lib/python3.12/site-packages/airflow/example_dags/example_sensors.py
[2024-06-16T07:55:31.550+0000] {logging_mixin.py:188} INFO - [2024-06-16T07:55:31.550+0000] {dag.py:3096} INFO - Sync 1 DAGs
[2024-06-16T07:55:31.555+0000] {logging_mixin.py:188} INFO - [2024-06-16T07:55:31.555+0000] {dag.py:3954} INFO - Setting next_dagrun for example_sensors to None, run_after=None
[2024-06-16T07:55:31.583+0000] {processor.py:183} INFO - Processing /home/airflow/.local/lib/python3.12/site-packages/airflow/example_dags/example_sensors.py took 0.113 seconds
[2024-06-16T07:56:02.365+0000] {processor.py:161} INFO - Started process (PID=155) to work on /home/airflow/.local/lib/python3.12/site-packages/airflow/example_dags/example_sensors.py
[2024-06-16T07:56:02.366+0000] {processor.py:830} INFO - Processing file /home/airflow/.local/lib/python3.12/site-packages/airflow/example_dags/example_sensors.py for tasks to queue
[2024-06-16T07:56:02.368+0000] {logging_mixin.py:188} INFO - [2024-06-16T07:56:02.368+0000] {dagbag.py:545} INFO - Filling up the DagBag from /home/airflow/.local/lib/python3.12/site-packages/airflow/example_dags/example_sensors.py
[2024-06-16T07:56:02.378+0000] {processor.py:840} INFO - DAG(s) 'example_sensors' retrieved from /home/airflow/.local/lib/python3.12/site-packages/airflow/example_dags/example_sensors.py
[2024-06-16T07:56:02.395+0000] {logging_mixin.py:188} INFO - [2024-06-16T07:56:02.394+0000] {dag.py:3096} INFO - Sync 1 DAGs
[2024-06-16T07:56:02.401+0000] {logging_mixin.py:188} INFO - [2024-06-16T07:56:02.401+0000] {dag.py:3954} INFO - Setting next_dagrun for example_sensors to None, run_after=None
[2024-06-16T07:56:02.410+0000] {processor.py:183} INFO - Processing /home/airflow/.local/lib/python3.12/site-packages/airflow/example_dags/example_sensors.py took 0.050 seconds
[2024-06-16T07:56:33.167+0000] {processor.py:161} INFO - Started process (PID=214) to work on /home/airflow/.local/lib/python3.12/site-packages/airflow/example_dags/example_sensors.py
[2024-06-16T07:56:33.167+0000] {processor.py:830} INFO - Processing file /home/airflow/.local/lib/python3.12/site-packages/airflow/example_dags/example_sensors.py for tasks to queue
[2024-06-16T07:56:33.168+0000] {logging_mixin.py:188} INFO - [2024-06-16T07:56:33.168+0000] {dagbag.py:545} INFO - Filling up the DagBag from /home/airflow/.local/lib/python3.12/site-packages/airflow/example_dags/example_sensors.py
[2024-06-16T07:56:33.173+0000] {processor.py:840} INFO - DAG(s) 'example_sensors' retrieved from /home/airflow/.local/lib/python3.12/site-packages/airflow/example_dags/example_sensors.py
[2024-06-16T07:56:33.186+0000] {logging_mixin.py:188} INFO - [2024-06-16T07:56:33.185+0000] {dag.py:3096} INFO - Sync 1 DAGs
[2024-06-16T07:56:33.192+0000] {logging_mixin.py:188} INFO - [2024-06-16T07:56:33.192+0000] {dag.py:3954} INFO - Setting next_dagrun for example_sensors to None, run_after=None
[2024-06-16T07:56:33.201+0000] {processor.py:183} INFO - Processing /home/airflow/.local/lib/python3.12/site-packages/airflow/example_dags/example_sensors.py took 0.037 seconds
[2024-06-16T07:57:03.765+0000] {processor.py:161} INFO - Started process (PID=273) to work on /home/airflow/.local/lib/python3.12/site-packages/airflow/example_dags/example_sensors.py
[2024-06-16T07:57:03.766+0000] {processor.py:830} INFO - Processing file /home/airflow/.local/lib/python3.12/site-packages/airflow/example_dags/example_sensors.py for tasks to queue
[2024-06-16T07:57:03.767+0000] {logging_mixin.py:188} INFO - [2024-06-16T07:57:03.767+0000] {dagbag.py:545} INFO - Filling up the DagBag from /home/airflow/.local/lib/python3.12/site-packages/airflow/example_dags/example_sensors.py
[2024-06-16T07:57:03.771+0000] {processor.py:840} INFO - DAG(s) 'example_sensors' retrieved from /home/airflow/.local/lib/python3.12/site-packages/airflow/example_dags/example_sensors.py
[2024-06-16T07:57:03.783+0000] {logging_mixin.py:188} INFO - [2024-06-16T07:57:03.782+0000] {dag.py:3096} INFO - Sync 1 DAGs
[2024-06-16T07:57:03.788+0000] {logging_mixin.py:188} INFO - [2024-06-16T07:57:03.788+0000] {dag.py:3954} INFO - Setting next_dagrun for example_sensors to None, run_after=None
[2024-06-16T07:57:03.796+0000] {processor.py:183} INFO - Processing /home/airflow/.local/lib/python3.12/site-packages/airflow/example_dags/example_sensors.py took 0.033 seconds
[2024-06-16T07:57:34.662+0000] {processor.py:161} INFO - Started process (PID=332) to work on /home/airflow/.local/lib/python3.12/site-packages/airflow/example_dags/example_sensors.py
[2024-06-16T07:57:34.662+0000] {processor.py:830} INFO - Processing file /home/airflow/.local/lib/python3.12/site-packages/airflow/example_dags/example_sensors.py for tasks to queue
[2024-06-16T07:57:34.663+0000] {logging_mixin.py:188} INFO - [2024-06-16T07:57:34.663+0000] {dagbag.py:545} INFO - Filling up the DagBag from /home/airflow/.local/lib/python3.12/site-packages/airflow/example_dags/example_sensors.py
[2024-06-16T07:57:34.668+0000] {processor.py:840} INFO - DAG(s) 'example_sensors' retrieved from /home/airflow/.local/lib/python3.12/site-packages/airflow/example_dags/example_sensors.py
[2024-06-16T07:57:34.683+0000] {logging_mixin.py:188} INFO - [2024-06-16T07:57:34.683+0000] {dag.py:3096} INFO - Sync 1 DAGs
[2024-06-16T07:57:34.783+0000] {logging_mixin.py:188} INFO - [2024-06-16T07:57:34.783+0000] {dag.py:3954} INFO - Setting next_dagrun for example_sensors to None, run_after=None
[2024-06-16T07:57:34.792+0000] {processor.py:183} INFO - Processing /home/airflow/.local/lib/python3.12/site-packages/airflow/example_dags/example_sensors.py took 0.134 seconds
[2024-06-16T07:58:05.174+0000] {processor.py:161} INFO - Started process (PID=391) to work on /home/airflow/.local/lib/python3.12/site-packages/airflow/example_dags/example_sensors.py
[2024-06-16T07:58:05.175+0000] {processor.py:830} INFO - Processing file /home/airflow/.local/lib/python3.12/site-packages/airflow/example_dags/example_sensors.py for tasks to queue
[2024-06-16T07:58:05.176+0000] {logging_mixin.py:188} INFO - [2024-06-16T07:58:05.175+0000] {dagbag.py:545} INFO - Filling up the DagBag from /home/airflow/.local/lib/python3.12/site-packages/airflow/example_dags/example_sensors.py
[2024-06-16T07:58:05.180+0000] {processor.py:840} INFO - DAG(s) 'example_sensors' retrieved from /home/airflow/.local/lib/python3.12/site-packages/airflow/example_dags/example_sensors.py
[2024-06-16T07:58:05.194+0000] {logging_mixin.py:188} INFO - [2024-06-16T07:58:05.194+0000] {dag.py:3096} INFO - Sync 1 DAGs
[2024-06-16T07:58:05.316+0000] {logging_mixin.py:188} INFO - [2024-06-16T07:58:05.316+0000] {dag.py:3954} INFO - Setting next_dagrun for example_sensors to None, run_after=None
[2024-06-16T07:58:05.326+0000] {processor.py:183} INFO - Processing /home/airflow/.local/lib/python3.12/site-packages/airflow/example_dags/example_sensors.py took 0.155 seconds
[2024-06-16T07:58:35.962+0000] {processor.py:161} INFO - Started process (PID=450) to work on /home/airflow/.local/lib/python3.12/site-packages/airflow/example_dags/example_sensors.py
[2024-06-16T07:58:35.963+0000] {processor.py:830} INFO - Processing file /home/airflow/.local/lib/python3.12/site-packages/airflow/example_dags/example_sensors.py for tasks to queue
[2024-06-16T07:58:35.964+0000] {logging_mixin.py:188} INFO - [2024-06-16T07:58:35.964+0000] {dagbag.py:545} INFO - Filling up the DagBag from /home/airflow/.local/lib/python3.12/site-packages/airflow/example_dags/example_sensors.py
[2024-06-16T07:58:35.969+0000] {processor.py:840} INFO - DAG(s) 'example_sensors' retrieved from /home/airflow/.local/lib/python3.12/site-packages/airflow/example_dags/example_sensors.py
[2024-06-16T07:58:35.982+0000] {logging_mixin.py:188} INFO - [2024-06-16T07:58:35.982+0000] {dag.py:3096} INFO - Sync 1 DAGs
[2024-06-16T07:58:35.988+0000] {logging_mixin.py:188} INFO - [2024-06-16T07:58:35.988+0000] {dag.py:3954} INFO - Setting next_dagrun for example_sensors to None, run_after=None
[2024-06-16T07:58:35.997+0000] {processor.py:183} INFO - Processing /home/airflow/.local/lib/python3.12/site-packages/airflow/example_dags/example_sensors.py took 0.038 seconds
[2024-06-16T07:59:06.225+0000] {processor.py:161} INFO - Started process (PID=509) to work on /home/airflow/.local/lib/python3.12/site-packages/airflow/example_dags/example_sensors.py
[2024-06-16T07:59:06.226+0000] {processor.py:830} INFO - Processing file /home/airflow/.local/lib/python3.12/site-packages/airflow/example_dags/example_sensors.py for tasks to queue
[2024-06-16T07:59:06.227+0000] {logging_mixin.py:188} INFO - [2024-06-16T07:59:06.227+0000] {dagbag.py:545} INFO - Filling up the DagBag from /home/airflow/.local/lib/python3.12/site-packages/airflow/example_dags/example_sensors.py
[2024-06-16T07:59:06.231+0000] {processor.py:840} INFO - DAG(s) 'example_sensors' retrieved from /home/airflow/.local/lib/python3.12/site-packages/airflow/example_dags/example_sensors.py
[2024-06-16T07:59:06.243+0000] {logging_mixin.py:188} INFO - [2024-06-16T07:59:06.243+0000] {dag.py:3096} INFO - Sync 1 DAGs
[2024-06-16T07:59:06.248+0000] {logging_mixin.py:188} INFO - [2024-06-16T07:59:06.248+0000] {dag.py:3954} INFO - Setting next_dagrun for example_sensors to None, run_after=None
[2024-06-16T07:59:06.257+0000] {processor.py:183} INFO - Processing /home/airflow/.local/lib/python3.12/site-packages/airflow/example_dags/example_sensors.py took 0.034 seconds
[2024-06-16T07:59:36.586+0000] {processor.py:161} INFO - Started process (PID=569) to work on /home/airflow/.local/lib/python3.12/site-packages/airflow/example_dags/example_sensors.py
[2024-06-16T07:59:36.586+0000] {processor.py:830} INFO - Processing file /home/airflow/.local/lib/python3.12/site-packages/airflow/example_dags/example_sensors.py for tasks to queue
[2024-06-16T07:59:36.587+0000] {logging_mixin.py:188} INFO - [2024-06-16T07:59:36.587+0000] {dagbag.py:545} INFO - Filling up the DagBag from /home/airflow/.local/lib/python3.12/site-packages/airflow/example_dags/example_sensors.py
[2024-06-16T07:59:36.592+0000] {processor.py:840} INFO - DAG(s) 'example_sensors' retrieved from /home/airflow/.local/lib/python3.12/site-packages/airflow/example_dags/example_sensors.py
[2024-06-16T07:59:36.608+0000] {logging_mixin.py:188} INFO - [2024-06-16T07:59:36.608+0000] {dag.py:3096} INFO - Sync 1 DAGs
[2024-06-16T07:59:36.618+0000] {logging_mixin.py:188} INFO - [2024-06-16T07:59:36.618+0000] {dag.py:3954} INFO - Setting next_dagrun for example_sensors to None, run_after=None
[2024-06-16T07:59:36.628+0000] {processor.py:183} INFO - Processing /home/airflow/.local/lib/python3.12/site-packages/airflow/example_dags/example_sensors.py took 0.046 seconds
[2024-06-16T08:00:06.939+0000] {processor.py:161} INFO - Started process (PID=628) to work on /home/airflow/.local/lib/python3.12/site-packages/airflow/example_dags/example_sensors.py
[2024-06-16T08:00:06.940+0000] {processor.py:830} INFO - Processing file /home/airflow/.local/lib/python3.12/site-packages/airflow/example_dags/example_sensors.py for tasks to queue
[2024-06-16T08:00:06.941+0000] {logging_mixin.py:188} INFO - [2024-06-16T08:00:06.941+0000] {dagbag.py:545} INFO - Filling up the DagBag from /home/airflow/.local/lib/python3.12/site-packages/airflow/example_dags/example_sensors.py
[2024-06-16T08:00:06.946+0000] {processor.py:840} INFO - DAG(s) 'example_sensors' retrieved from /home/airflow/.local/lib/python3.12/site-packages/airflow/example_dags/example_sensors.py
[2024-06-16T08:00:06.958+0000] {logging_mixin.py:188} INFO - [2024-06-16T08:00:06.958+0000] {dag.py:3096} INFO - Sync 1 DAGs
[2024-06-16T08:00:06.964+0000] {logging_mixin.py:188} INFO - [2024-06-16T08:00:06.964+0000] {dag.py:3954} INFO - Setting next_dagrun for example_sensors to None, run_after=None
[2024-06-16T08:00:06.973+0000] {processor.py:183} INFO - Processing /home/airflow/.local/lib/python3.12/site-packages/airflow/example_dags/example_sensors.py took 0.036 seconds
[2024-06-16T08:00:37.191+0000] {processor.py:161} INFO - Started process (PID=687) to work on /home/airflow/.local/lib/python3.12/site-packages/airflow/example_dags/example_sensors.py
[2024-06-16T08:00:37.191+0000] {processor.py:830} INFO - Processing file /home/airflow/.local/lib/python3.12/site-packages/airflow/example_dags/example_sensors.py for tasks to queue
[2024-06-16T08:00:37.192+0000] {logging_mixin.py:188} INFO - [2024-06-16T08:00:37.192+0000] {dagbag.py:545} INFO - Filling up the DagBag from /home/airflow/.local/lib/python3.12/site-packages/airflow/example_dags/example_sensors.py
[2024-06-16T08:00:37.197+0000] {processor.py:840} INFO - DAG(s) 'example_sensors' retrieved from /home/airflow/.local/lib/python3.12/site-packages/airflow/example_dags/example_sensors.py
[2024-06-16T08:00:37.209+0000] {logging_mixin.py:188} INFO - [2024-06-16T08:00:37.209+0000] {dag.py:3096} INFO - Sync 1 DAGs
[2024-06-16T08:00:37.214+0000] {logging_mixin.py:188} INFO - [2024-06-16T08:00:37.214+0000] {dag.py:3954} INFO - Setting next_dagrun for example_sensors to None, run_after=None
[2024-06-16T08:00:37.222+0000] {processor.py:183} INFO - Processing /home/airflow/.local/lib/python3.12/site-packages/airflow/example_dags/example_sensors.py took 0.034 seconds
[2024-06-16T08:01:07.567+0000] {processor.py:161} INFO - Started process (PID=747) to work on /home/airflow/.local/lib/python3.12/site-packages/airflow/example_dags/example_sensors.py
[2024-06-16T08:01:07.568+0000] {processor.py:830} INFO - Processing file /home/airflow/.local/lib/python3.12/site-packages/airflow/example_dags/example_sensors.py for tasks to queue
[2024-06-16T08:01:07.569+0000] {logging_mixin.py:188} INFO - [2024-06-16T08:01:07.569+0000] {dagbag.py:545} INFO - Filling up the DagBag from /home/airflow/.local/lib/python3.12/site-packages/airflow/example_dags/example_sensors.py
[2024-06-16T08:01:07.573+0000] {processor.py:840} INFO - DAG(s) 'example_sensors' retrieved from /home/airflow/.local/lib/python3.12/site-packages/airflow/example_dags/example_sensors.py
[2024-06-16T08:01:07.586+0000] {logging_mixin.py:188} INFO - [2024-06-16T08:01:07.585+0000] {dag.py:3096} INFO - Sync 1 DAGs
[2024-06-16T08:01:07.591+0000] {logging_mixin.py:188} INFO - [2024-06-16T08:01:07.591+0000] {dag.py:3954} INFO - Setting next_dagrun for example_sensors to None, run_after=None
[2024-06-16T08:01:07.599+0000] {processor.py:183} INFO - Processing /home/airflow/.local/lib/python3.12/site-packages/airflow/example_dags/example_sensors.py took 0.035 seconds
[2024-06-16T08:01:38.066+0000] {processor.py:161} INFO - Started process (PID=805) to work on /home/airflow/.local/lib/python3.12/site-packages/airflow/example_dags/example_sensors.py
[2024-06-16T08:01:38.067+0000] {processor.py:830} INFO - Processing file /home/airflow/.local/lib/python3.12/site-packages/airflow/example_dags/example_sensors.py for tasks to queue
[2024-06-16T08:01:38.069+0000] {logging_mixin.py:188} INFO - [2024-06-16T08:01:38.069+0000] {dagbag.py:545} INFO - Filling up the DagBag from /home/airflow/.local/lib/python3.12/site-packages/airflow/example_dags/example_sensors.py
[2024-06-16T08:01:38.077+0000] {processor.py:840} INFO - DAG(s) 'example_sensors' retrieved from /home/airflow/.local/lib/python3.12/site-packages/airflow/example_dags/example_sensors.py
[2024-06-16T08:01:38.094+0000] {logging_mixin.py:188} INFO - [2024-06-16T08:01:38.094+0000] {dag.py:3096} INFO - Sync 1 DAGs
[2024-06-16T08:01:38.103+0000] {logging_mixin.py:188} INFO - [2024-06-16T08:01:38.103+0000] {dag.py:3954} INFO - Setting next_dagrun for example_sensors to None, run_after=None
[2024-06-16T08:01:38.126+0000] {processor.py:183} INFO - Processing /home/airflow/.local/lib/python3.12/site-packages/airflow/example_dags/example_sensors.py took 0.064 seconds
[2024-06-16T08:02:23.303+0000] {processor.py:161} INFO - Started process (PID=37) to work on /home/airflow/.local/lib/python3.12/site-packages/airflow/example_dags/example_sensors.py
[2024-06-16T08:02:23.305+0000] {processor.py:830} INFO - Processing file /home/airflow/.local/lib/python3.12/site-packages/airflow/example_dags/example_sensors.py for tasks to queue
[2024-06-16T08:02:23.308+0000] {logging_mixin.py:188} INFO - [2024-06-16T08:02:23.308+0000] {dagbag.py:545} INFO - Filling up the DagBag from /home/airflow/.local/lib/python3.12/site-packages/airflow/example_dags/example_sensors.py
[2024-06-16T08:02:23.321+0000] {processor.py:840} INFO - DAG(s) 'example_sensors' retrieved from /home/airflow/.local/lib/python3.12/site-packages/airflow/example_dags/example_sensors.py
[2024-06-16T08:02:23.342+0000] {logging_mixin.py:188} INFO - [2024-06-16T08:02:23.342+0000] {dag.py:3096} INFO - Sync 1 DAGs
[2024-06-16T08:02:23.352+0000] {logging_mixin.py:188} INFO - [2024-06-16T08:02:23.352+0000] {dag.py:3954} INFO - Setting next_dagrun for example_sensors to None, run_after=None
[2024-06-16T08:02:23.369+0000] {processor.py:183} INFO - Processing /home/airflow/.local/lib/python3.12/site-packages/airflow/example_dags/example_sensors.py took 0.072 seconds
[2024-06-16T08:02:54.358+0000] {processor.py:161} INFO - Started process (PID=96) to work on /home/airflow/.local/lib/python3.12/site-packages/airflow/example_dags/example_sensors.py
[2024-06-16T08:02:54.359+0000] {processor.py:830} INFO - Processing file /home/airflow/.local/lib/python3.12/site-packages/airflow/example_dags/example_sensors.py for tasks to queue
[2024-06-16T08:02:54.360+0000] {logging_mixin.py:188} INFO - [2024-06-16T08:02:54.360+0000] {dagbag.py:545} INFO - Filling up the DagBag from /home/airflow/.local/lib/python3.12/site-packages/airflow/example_dags/example_sensors.py
[2024-06-16T08:02:54.366+0000] {processor.py:840} INFO - DAG(s) 'example_sensors' retrieved from /home/airflow/.local/lib/python3.12/site-packages/airflow/example_dags/example_sensors.py
[2024-06-16T08:02:54.508+0000] {logging_mixin.py:188} INFO - [2024-06-16T08:02:54.508+0000] {dag.py:3096} INFO - Sync 1 DAGs
[2024-06-16T08:02:54.512+0000] {logging_mixin.py:188} INFO - [2024-06-16T08:02:54.512+0000] {dag.py:3954} INFO - Setting next_dagrun for example_sensors to None, run_after=None
[2024-06-16T08:02:54.523+0000] {processor.py:183} INFO - Processing /home/airflow/.local/lib/python3.12/site-packages/airflow/example_dags/example_sensors.py took 0.168 seconds
[2024-06-16T08:03:24.611+0000] {processor.py:161} INFO - Started process (PID=155) to work on /home/airflow/.local/lib/python3.12/site-packages/airflow/example_dags/example_sensors.py
[2024-06-16T08:03:24.612+0000] {processor.py:830} INFO - Processing file /home/airflow/.local/lib/python3.12/site-packages/airflow/example_dags/example_sensors.py for tasks to queue
[2024-06-16T08:03:24.613+0000] {logging_mixin.py:188} INFO - [2024-06-16T08:03:24.613+0000] {dagbag.py:545} INFO - Filling up the DagBag from /home/airflow/.local/lib/python3.12/site-packages/airflow/example_dags/example_sensors.py
[2024-06-16T08:03:24.620+0000] {processor.py:840} INFO - DAG(s) 'example_sensors' retrieved from /home/airflow/.local/lib/python3.12/site-packages/airflow/example_dags/example_sensors.py
[2024-06-16T08:03:24.641+0000] {logging_mixin.py:188} INFO - [2024-06-16T08:03:24.641+0000] {dag.py:3096} INFO - Sync 1 DAGs
[2024-06-16T08:03:24.649+0000] {logging_mixin.py:188} INFO - [2024-06-16T08:03:24.648+0000] {dag.py:3954} INFO - Setting next_dagrun for example_sensors to None, run_after=None
[2024-06-16T08:03:24.658+0000] {processor.py:183} INFO - Processing /home/airflow/.local/lib/python3.12/site-packages/airflow/example_dags/example_sensors.py took 0.051 seconds
[2024-06-16T08:03:55.427+0000] {processor.py:161} INFO - Started process (PID=214) to work on /home/airflow/.local/lib/python3.12/site-packages/airflow/example_dags/example_sensors.py
[2024-06-16T08:03:55.427+0000] {processor.py:830} INFO - Processing file /home/airflow/.local/lib/python3.12/site-packages/airflow/example_dags/example_sensors.py for tasks to queue
[2024-06-16T08:03:55.428+0000] {logging_mixin.py:188} INFO - [2024-06-16T08:03:55.428+0000] {dagbag.py:545} INFO - Filling up the DagBag from /home/airflow/.local/lib/python3.12/site-packages/airflow/example_dags/example_sensors.py
[2024-06-16T08:03:55.433+0000] {processor.py:840} INFO - DAG(s) 'example_sensors' retrieved from /home/airflow/.local/lib/python3.12/site-packages/airflow/example_dags/example_sensors.py
[2024-06-16T08:03:55.448+0000] {logging_mixin.py:188} INFO - [2024-06-16T08:03:55.448+0000] {dag.py:3096} INFO - Sync 1 DAGs
[2024-06-16T08:03:55.551+0000] {logging_mixin.py:188} INFO - [2024-06-16T08:03:55.550+0000] {dag.py:3954} INFO - Setting next_dagrun for example_sensors to None, run_after=None
[2024-06-16T08:03:55.559+0000] {processor.py:183} INFO - Processing /home/airflow/.local/lib/python3.12/site-packages/airflow/example_dags/example_sensors.py took 0.135 seconds
[2024-06-16T08:04:26.467+0000] {processor.py:161} INFO - Started process (PID=273) to work on /home/airflow/.local/lib/python3.12/site-packages/airflow/example_dags/example_sensors.py
[2024-06-16T08:04:26.469+0000] {processor.py:830} INFO - Processing file /home/airflow/.local/lib/python3.12/site-packages/airflow/example_dags/example_sensors.py for tasks to queue
[2024-06-16T08:04:26.471+0000] {logging_mixin.py:188} INFO - [2024-06-16T08:04:26.470+0000] {dagbag.py:545} INFO - Filling up the DagBag from /home/airflow/.local/lib/python3.12/site-packages/airflow/example_dags/example_sensors.py
[2024-06-16T08:04:26.476+0000] {processor.py:840} INFO - DAG(s) 'example_sensors' retrieved from /home/airflow/.local/lib/python3.12/site-packages/airflow/example_dags/example_sensors.py
[2024-06-16T08:04:26.493+0000] {logging_mixin.py:188} INFO - [2024-06-16T08:04:26.493+0000] {dag.py:3096} INFO - Sync 1 DAGs
[2024-06-16T08:04:26.501+0000] {logging_mixin.py:188} INFO - [2024-06-16T08:04:26.501+0000] {dag.py:3954} INFO - Setting next_dagrun for example_sensors to None, run_after=None
[2024-06-16T08:04:26.625+0000] {processor.py:183} INFO - Processing /home/airflow/.local/lib/python3.12/site-packages/airflow/example_dags/example_sensors.py took 0.164 seconds
[2024-06-16T08:04:56.997+0000] {processor.py:161} INFO - Started process (PID=331) to work on /home/airflow/.local/lib/python3.12/site-packages/airflow/example_dags/example_sensors.py
[2024-06-16T08:04:56.998+0000] {processor.py:830} INFO - Processing file /home/airflow/.local/lib/python3.12/site-packages/airflow/example_dags/example_sensors.py for tasks to queue
[2024-06-16T08:04:56.999+0000] {logging_mixin.py:188} INFO - [2024-06-16T08:04:56.999+0000] {dagbag.py:545} INFO - Filling up the DagBag from /home/airflow/.local/lib/python3.12/site-packages/airflow/example_dags/example_sensors.py
[2024-06-16T08:04:57.004+0000] {processor.py:840} INFO - DAG(s) 'example_sensors' retrieved from /home/airflow/.local/lib/python3.12/site-packages/airflow/example_dags/example_sensors.py
[2024-06-16T08:04:57.017+0000] {logging_mixin.py:188} INFO - [2024-06-16T08:04:57.017+0000] {dag.py:3096} INFO - Sync 1 DAGs
[2024-06-16T08:04:57.023+0000] {logging_mixin.py:188} INFO - [2024-06-16T08:04:57.023+0000] {dag.py:3954} INFO - Setting next_dagrun for example_sensors to None, run_after=None
[2024-06-16T08:04:57.034+0000] {processor.py:183} INFO - Processing /home/airflow/.local/lib/python3.12/site-packages/airflow/example_dags/example_sensors.py took 0.040 seconds
[2024-06-16T08:05:27.309+0000] {processor.py:161} INFO - Started process (PID=390) to work on /home/airflow/.local/lib/python3.12/site-packages/airflow/example_dags/example_sensors.py
[2024-06-16T08:05:27.310+0000] {processor.py:830} INFO - Processing file /home/airflow/.local/lib/python3.12/site-packages/airflow/example_dags/example_sensors.py for tasks to queue
[2024-06-16T08:05:27.312+0000] {logging_mixin.py:188} INFO - [2024-06-16T08:05:27.311+0000] {dagbag.py:545} INFO - Filling up the DagBag from /home/airflow/.local/lib/python3.12/site-packages/airflow/example_dags/example_sensors.py
[2024-06-16T08:05:27.320+0000] {processor.py:840} INFO - DAG(s) 'example_sensors' retrieved from /home/airflow/.local/lib/python3.12/site-packages/airflow/example_dags/example_sensors.py
[2024-06-16T08:05:27.334+0000] {logging_mixin.py:188} INFO - [2024-06-16T08:05:27.334+0000] {dag.py:3096} INFO - Sync 1 DAGs
[2024-06-16T08:05:27.340+0000] {logging_mixin.py:188} INFO - [2024-06-16T08:05:27.340+0000] {dag.py:3954} INFO - Setting next_dagrun for example_sensors to None, run_after=None
[2024-06-16T08:05:27.349+0000] {processor.py:183} INFO - Processing /home/airflow/.local/lib/python3.12/site-packages/airflow/example_dags/example_sensors.py took 0.042 seconds
[2024-06-16T08:05:57.490+0000] {processor.py:161} INFO - Started process (PID=450) to work on /home/airflow/.local/lib/python3.12/site-packages/airflow/example_dags/example_sensors.py
[2024-06-16T08:05:57.491+0000] {processor.py:830} INFO - Processing file /home/airflow/.local/lib/python3.12/site-packages/airflow/example_dags/example_sensors.py for tasks to queue
[2024-06-16T08:05:57.492+0000] {logging_mixin.py:188} INFO - [2024-06-16T08:05:57.492+0000] {dagbag.py:545} INFO - Filling up the DagBag from /home/airflow/.local/lib/python3.12/site-packages/airflow/example_dags/example_sensors.py
[2024-06-16T08:05:57.497+0000] {processor.py:840} INFO - DAG(s) 'example_sensors' retrieved from /home/airflow/.local/lib/python3.12/site-packages/airflow/example_dags/example_sensors.py
[2024-06-16T08:05:57.508+0000] {logging_mixin.py:188} INFO - [2024-06-16T08:05:57.508+0000] {dag.py:3096} INFO - Sync 1 DAGs
[2024-06-16T08:05:57.514+0000] {logging_mixin.py:188} INFO - [2024-06-16T08:05:57.514+0000] {dag.py:3954} INFO - Setting next_dagrun for example_sensors to None, run_after=None
[2024-06-16T08:05:57.522+0000] {processor.py:183} INFO - Processing /home/airflow/.local/lib/python3.12/site-packages/airflow/example_dags/example_sensors.py took 0.034 seconds
[2024-06-16T08:06:28.022+0000] {processor.py:161} INFO - Started process (PID=509) to work on /home/airflow/.local/lib/python3.12/site-packages/airflow/example_dags/example_sensors.py
[2024-06-16T08:06:28.023+0000] {processor.py:830} INFO - Processing file /home/airflow/.local/lib/python3.12/site-packages/airflow/example_dags/example_sensors.py for tasks to queue
[2024-06-16T08:06:28.024+0000] {logging_mixin.py:188} INFO - [2024-06-16T08:06:28.024+0000] {dagbag.py:545} INFO - Filling up the DagBag from /home/airflow/.local/lib/python3.12/site-packages/airflow/example_dags/example_sensors.py
[2024-06-16T08:06:28.029+0000] {processor.py:840} INFO - DAG(s) 'example_sensors' retrieved from /home/airflow/.local/lib/python3.12/site-packages/airflow/example_dags/example_sensors.py
[2024-06-16T08:06:28.044+0000] {logging_mixin.py:188} INFO - [2024-06-16T08:06:28.043+0000] {dag.py:3096} INFO - Sync 1 DAGs
[2024-06-16T08:06:28.051+0000] {logging_mixin.py:188} INFO - [2024-06-16T08:06:28.051+0000] {dag.py:3954} INFO - Setting next_dagrun for example_sensors to None, run_after=None
[2024-06-16T08:06:28.062+0000] {processor.py:183} INFO - Processing /home/airflow/.local/lib/python3.12/site-packages/airflow/example_dags/example_sensors.py took 0.043 seconds
[2024-06-16T08:06:58.144+0000] {processor.py:161} INFO - Started process (PID=568) to work on /home/airflow/.local/lib/python3.12/site-packages/airflow/example_dags/example_sensors.py
[2024-06-16T08:06:58.144+0000] {processor.py:830} INFO - Processing file /home/airflow/.local/lib/python3.12/site-packages/airflow/example_dags/example_sensors.py for tasks to queue
[2024-06-16T08:06:58.145+0000] {logging_mixin.py:188} INFO - [2024-06-16T08:06:58.145+0000] {dagbag.py:545} INFO - Filling up the DagBag from /home/airflow/.local/lib/python3.12/site-packages/airflow/example_dags/example_sensors.py
[2024-06-16T08:06:58.150+0000] {processor.py:840} INFO - DAG(s) 'example_sensors' retrieved from /home/airflow/.local/lib/python3.12/site-packages/airflow/example_dags/example_sensors.py
[2024-06-16T08:06:58.163+0000] {logging_mixin.py:188} INFO - [2024-06-16T08:06:58.163+0000] {dag.py:3096} INFO - Sync 1 DAGs
[2024-06-16T08:06:58.170+0000] {logging_mixin.py:188} INFO - [2024-06-16T08:06:58.170+0000] {dag.py:3954} INFO - Setting next_dagrun for example_sensors to None, run_after=None
[2024-06-16T08:06:58.180+0000] {processor.py:183} INFO - Processing /home/airflow/.local/lib/python3.12/site-packages/airflow/example_dags/example_sensors.py took 0.039 seconds
[2024-06-16T08:07:28.271+0000] {processor.py:161} INFO - Started process (PID=627) to work on /home/airflow/.local/lib/python3.12/site-packages/airflow/example_dags/example_sensors.py
[2024-06-16T08:07:28.272+0000] {processor.py:830} INFO - Processing file /home/airflow/.local/lib/python3.12/site-packages/airflow/example_dags/example_sensors.py for tasks to queue
[2024-06-16T08:07:28.273+0000] {logging_mixin.py:188} INFO - [2024-06-16T08:07:28.273+0000] {dagbag.py:545} INFO - Filling up the DagBag from /home/airflow/.local/lib/python3.12/site-packages/airflow/example_dags/example_sensors.py
[2024-06-16T08:07:28.277+0000] {processor.py:840} INFO - DAG(s) 'example_sensors' retrieved from /home/airflow/.local/lib/python3.12/site-packages/airflow/example_dags/example_sensors.py
[2024-06-16T08:07:28.289+0000] {logging_mixin.py:188} INFO - [2024-06-16T08:07:28.288+0000] {dag.py:3096} INFO - Sync 1 DAGs
[2024-06-16T08:07:28.296+0000] {logging_mixin.py:188} INFO - [2024-06-16T08:07:28.295+0000] {dag.py:3954} INFO - Setting next_dagrun for example_sensors to None, run_after=None
[2024-06-16T08:07:28.306+0000] {processor.py:183} INFO - Processing /home/airflow/.local/lib/python3.12/site-packages/airflow/example_dags/example_sensors.py took 0.037 seconds
[2024-06-16T08:07:58.575+0000] {processor.py:161} INFO - Started process (PID=686) to work on /home/airflow/.local/lib/python3.12/site-packages/airflow/example_dags/example_sensors.py
[2024-06-16T08:07:58.577+0000] {processor.py:830} INFO - Processing file /home/airflow/.local/lib/python3.12/site-packages/airflow/example_dags/example_sensors.py for tasks to queue
[2024-06-16T08:07:58.578+0000] {logging_mixin.py:188} INFO - [2024-06-16T08:07:58.578+0000] {dagbag.py:545} INFO - Filling up the DagBag from /home/airflow/.local/lib/python3.12/site-packages/airflow/example_dags/example_sensors.py
[2024-06-16T08:07:58.584+0000] {processor.py:840} INFO - DAG(s) 'example_sensors' retrieved from /home/airflow/.local/lib/python3.12/site-packages/airflow/example_dags/example_sensors.py
[2024-06-16T08:07:58.599+0000] {logging_mixin.py:188} INFO - [2024-06-16T08:07:58.599+0000] {dag.py:3096} INFO - Sync 1 DAGs
[2024-06-16T08:07:58.607+0000] {logging_mixin.py:188} INFO - [2024-06-16T08:07:58.607+0000] {dag.py:3954} INFO - Setting next_dagrun for example_sensors to None, run_after=None
[2024-06-16T08:07:58.617+0000] {processor.py:183} INFO - Processing /home/airflow/.local/lib/python3.12/site-packages/airflow/example_dags/example_sensors.py took 0.046 seconds
[2024-06-16T08:08:29.287+0000] {processor.py:161} INFO - Started process (PID=745) to work on /home/airflow/.local/lib/python3.12/site-packages/airflow/example_dags/example_sensors.py
[2024-06-16T08:08:29.287+0000] {processor.py:830} INFO - Processing file /home/airflow/.local/lib/python3.12/site-packages/airflow/example_dags/example_sensors.py for tasks to queue
[2024-06-16T08:08:29.288+0000] {logging_mixin.py:188} INFO - [2024-06-16T08:08:29.288+0000] {dagbag.py:545} INFO - Filling up the DagBag from /home/airflow/.local/lib/python3.12/site-packages/airflow/example_dags/example_sensors.py
[2024-06-16T08:08:29.293+0000] {processor.py:840} INFO - DAG(s) 'example_sensors' retrieved from /home/airflow/.local/lib/python3.12/site-packages/airflow/example_dags/example_sensors.py
[2024-06-16T08:08:29.304+0000] {logging_mixin.py:188} INFO - [2024-06-16T08:08:29.304+0000] {dag.py:3096} INFO - Sync 1 DAGs
[2024-06-16T08:08:29.310+0000] {logging_mixin.py:188} INFO - [2024-06-16T08:08:29.310+0000] {dag.py:3954} INFO - Setting next_dagrun for example_sensors to None, run_after=None
[2024-06-16T08:08:29.320+0000] {processor.py:183} INFO - Processing /home/airflow/.local/lib/python3.12/site-packages/airflow/example_dags/example_sensors.py took 0.036 seconds
[2024-06-16T08:08:59.822+0000] {processor.py:161} INFO - Started process (PID=804) to work on /home/airflow/.local/lib/python3.12/site-packages/airflow/example_dags/example_sensors.py
[2024-06-16T08:08:59.823+0000] {processor.py:830} INFO - Processing file /home/airflow/.local/lib/python3.12/site-packages/airflow/example_dags/example_sensors.py for tasks to queue
[2024-06-16T08:08:59.824+0000] {logging_mixin.py:188} INFO - [2024-06-16T08:08:59.824+0000] {dagbag.py:545} INFO - Filling up the DagBag from /home/airflow/.local/lib/python3.12/site-packages/airflow/example_dags/example_sensors.py
[2024-06-16T08:08:59.831+0000] {processor.py:840} INFO - DAG(s) 'example_sensors' retrieved from /home/airflow/.local/lib/python3.12/site-packages/airflow/example_dags/example_sensors.py
[2024-06-16T08:08:59.845+0000] {logging_mixin.py:188} INFO - [2024-06-16T08:08:59.844+0000] {dag.py:3096} INFO - Sync 1 DAGs
[2024-06-16T08:08:59.851+0000] {logging_mixin.py:188} INFO - [2024-06-16T08:08:59.851+0000] {dag.py:3954} INFO - Setting next_dagrun for example_sensors to None, run_after=None
[2024-06-16T08:08:59.860+0000] {processor.py:183} INFO - Processing /home/airflow/.local/lib/python3.12/site-packages/airflow/example_dags/example_sensors.py took 0.041 seconds
[2024-06-16T08:09:30.567+0000] {processor.py:161} INFO - Started process (PID=863) to work on /home/airflow/.local/lib/python3.12/site-packages/airflow/example_dags/example_sensors.py
[2024-06-16T08:09:30.568+0000] {processor.py:830} INFO - Processing file /home/airflow/.local/lib/python3.12/site-packages/airflow/example_dags/example_sensors.py for tasks to queue
[2024-06-16T08:09:30.569+0000] {logging_mixin.py:188} INFO - [2024-06-16T08:09:30.569+0000] {dagbag.py:545} INFO - Filling up the DagBag from /home/airflow/.local/lib/python3.12/site-packages/airflow/example_dags/example_sensors.py
[2024-06-16T08:09:30.574+0000] {processor.py:840} INFO - DAG(s) 'example_sensors' retrieved from /home/airflow/.local/lib/python3.12/site-packages/airflow/example_dags/example_sensors.py
[2024-06-16T08:09:30.591+0000] {logging_mixin.py:188} INFO - [2024-06-16T08:09:30.590+0000] {dag.py:3096} INFO - Sync 1 DAGs
[2024-06-16T08:09:30.597+0000] {logging_mixin.py:188} INFO - [2024-06-16T08:09:30.597+0000] {dag.py:3954} INFO - Setting next_dagrun for example_sensors to None, run_after=None
[2024-06-16T08:09:30.607+0000] {processor.py:183} INFO - Processing /home/airflow/.local/lib/python3.12/site-packages/airflow/example_dags/example_sensors.py took 0.042 seconds
[2024-06-16T08:10:01.188+0000] {processor.py:161} INFO - Started process (PID=922) to work on /home/airflow/.local/lib/python3.12/site-packages/airflow/example_dags/example_sensors.py
[2024-06-16T08:10:01.188+0000] {processor.py:830} INFO - Processing file /home/airflow/.local/lib/python3.12/site-packages/airflow/example_dags/example_sensors.py for tasks to queue
[2024-06-16T08:10:01.189+0000] {logging_mixin.py:188} INFO - [2024-06-16T08:10:01.189+0000] {dagbag.py:545} INFO - Filling up the DagBag from /home/airflow/.local/lib/python3.12/site-packages/airflow/example_dags/example_sensors.py
[2024-06-16T08:10:01.194+0000] {processor.py:840} INFO - DAG(s) 'example_sensors' retrieved from /home/airflow/.local/lib/python3.12/site-packages/airflow/example_dags/example_sensors.py
[2024-06-16T08:10:01.208+0000] {logging_mixin.py:188} INFO - [2024-06-16T08:10:01.208+0000] {dag.py:3096} INFO - Sync 1 DAGs
[2024-06-16T08:10:01.214+0000] {logging_mixin.py:188} INFO - [2024-06-16T08:10:01.214+0000] {dag.py:3954} INFO - Setting next_dagrun for example_sensors to None, run_after=None
[2024-06-16T08:10:01.221+0000] {processor.py:183} INFO - Processing /home/airflow/.local/lib/python3.12/site-packages/airflow/example_dags/example_sensors.py took 0.037 seconds
[2024-06-16T08:10:31.633+0000] {processor.py:161} INFO - Started process (PID=981) to work on /home/airflow/.local/lib/python3.12/site-packages/airflow/example_dags/example_sensors.py
[2024-06-16T08:10:31.633+0000] {processor.py:830} INFO - Processing file /home/airflow/.local/lib/python3.12/site-packages/airflow/example_dags/example_sensors.py for tasks to queue
[2024-06-16T08:10:31.635+0000] {logging_mixin.py:188} INFO - [2024-06-16T08:10:31.635+0000] {dagbag.py:545} INFO - Filling up the DagBag from /home/airflow/.local/lib/python3.12/site-packages/airflow/example_dags/example_sensors.py
[2024-06-16T08:10:31.639+0000] {processor.py:840} INFO - DAG(s) 'example_sensors' retrieved from /home/airflow/.local/lib/python3.12/site-packages/airflow/example_dags/example_sensors.py
[2024-06-16T08:10:31.651+0000] {logging_mixin.py:188} INFO - [2024-06-16T08:10:31.651+0000] {dag.py:3096} INFO - Sync 1 DAGs
[2024-06-16T08:10:31.657+0000] {logging_mixin.py:188} INFO - [2024-06-16T08:10:31.657+0000] {dag.py:3954} INFO - Setting next_dagrun for example_sensors to None, run_after=None
[2024-06-16T08:10:31.665+0000] {processor.py:183} INFO - Processing /home/airflow/.local/lib/python3.12/site-packages/airflow/example_dags/example_sensors.py took 0.035 seconds
[2024-06-16T08:11:01.859+0000] {processor.py:161} INFO - Started process (PID=1040) to work on /home/airflow/.local/lib/python3.12/site-packages/airflow/example_dags/example_sensors.py
[2024-06-16T08:11:01.860+0000] {processor.py:830} INFO - Processing file /home/airflow/.local/lib/python3.12/site-packages/airflow/example_dags/example_sensors.py for tasks to queue
[2024-06-16T08:11:01.863+0000] {logging_mixin.py:188} INFO - [2024-06-16T08:11:01.863+0000] {dagbag.py:545} INFO - Filling up the DagBag from /home/airflow/.local/lib/python3.12/site-packages/airflow/example_dags/example_sensors.py
[2024-06-16T08:11:01.868+0000] {processor.py:840} INFO - DAG(s) 'example_sensors' retrieved from /home/airflow/.local/lib/python3.12/site-packages/airflow/example_dags/example_sensors.py
[2024-06-16T08:11:01.880+0000] {logging_mixin.py:188} INFO - [2024-06-16T08:11:01.880+0000] {dag.py:3096} INFO - Sync 1 DAGs
[2024-06-16T08:11:01.887+0000] {logging_mixin.py:188} INFO - [2024-06-16T08:11:01.887+0000] {dag.py:3954} INFO - Setting next_dagrun for example_sensors to None, run_after=None
[2024-06-16T08:11:01.895+0000] {processor.py:183} INFO - Processing /home/airflow/.local/lib/python3.12/site-packages/airflow/example_dags/example_sensors.py took 0.039 seconds
[2024-06-16T08:11:32.763+0000] {processor.py:161} INFO - Started process (PID=1099) to work on /home/airflow/.local/lib/python3.12/site-packages/airflow/example_dags/example_sensors.py
[2024-06-16T08:11:32.763+0000] {processor.py:830} INFO - Processing file /home/airflow/.local/lib/python3.12/site-packages/airflow/example_dags/example_sensors.py for tasks to queue
[2024-06-16T08:11:32.764+0000] {logging_mixin.py:188} INFO - [2024-06-16T08:11:32.764+0000] {dagbag.py:545} INFO - Filling up the DagBag from /home/airflow/.local/lib/python3.12/site-packages/airflow/example_dags/example_sensors.py
[2024-06-16T08:11:32.769+0000] {processor.py:840} INFO - DAG(s) 'example_sensors' retrieved from /home/airflow/.local/lib/python3.12/site-packages/airflow/example_dags/example_sensors.py
[2024-06-16T08:11:32.780+0000] {logging_mixin.py:188} INFO - [2024-06-16T08:11:32.780+0000] {dag.py:3096} INFO - Sync 1 DAGs
[2024-06-16T08:11:32.785+0000] {logging_mixin.py:188} INFO - [2024-06-16T08:11:32.785+0000] {dag.py:3954} INFO - Setting next_dagrun for example_sensors to None, run_after=None
[2024-06-16T08:11:32.793+0000] {processor.py:183} INFO - Processing /home/airflow/.local/lib/python3.12/site-packages/airflow/example_dags/example_sensors.py took 0.033 seconds
[2024-06-16T08:12:03.544+0000] {processor.py:161} INFO - Started process (PID=1158) to work on /home/airflow/.local/lib/python3.12/site-packages/airflow/example_dags/example_sensors.py
[2024-06-16T08:12:03.545+0000] {processor.py:830} INFO - Processing file /home/airflow/.local/lib/python3.12/site-packages/airflow/example_dags/example_sensors.py for tasks to queue
[2024-06-16T08:12:03.546+0000] {logging_mixin.py:188} INFO - [2024-06-16T08:12:03.546+0000] {dagbag.py:545} INFO - Filling up the DagBag from /home/airflow/.local/lib/python3.12/site-packages/airflow/example_dags/example_sensors.py
[2024-06-16T08:12:03.550+0000] {processor.py:840} INFO - DAG(s) 'example_sensors' retrieved from /home/airflow/.local/lib/python3.12/site-packages/airflow/example_dags/example_sensors.py
[2024-06-16T08:12:03.562+0000] {logging_mixin.py:188} INFO - [2024-06-16T08:12:03.562+0000] {dag.py:3096} INFO - Sync 1 DAGs
[2024-06-16T08:12:03.567+0000] {logging_mixin.py:188} INFO - [2024-06-16T08:12:03.567+0000] {dag.py:3954} INFO - Setting next_dagrun for example_sensors to None, run_after=None
[2024-06-16T08:12:03.575+0000] {processor.py:183} INFO - Processing /home/airflow/.local/lib/python3.12/site-packages/airflow/example_dags/example_sensors.py took 0.034 seconds
[2024-06-16T08:12:33.756+0000] {processor.py:161} INFO - Started process (PID=1216) to work on /home/airflow/.local/lib/python3.12/site-packages/airflow/example_dags/example_sensors.py
[2024-06-16T08:12:33.757+0000] {processor.py:830} INFO - Processing file /home/airflow/.local/lib/python3.12/site-packages/airflow/example_dags/example_sensors.py for tasks to queue
[2024-06-16T08:12:33.757+0000] {logging_mixin.py:188} INFO - [2024-06-16T08:12:33.757+0000] {dagbag.py:545} INFO - Filling up the DagBag from /home/airflow/.local/lib/python3.12/site-packages/airflow/example_dags/example_sensors.py
[2024-06-16T08:12:33.762+0000] {processor.py:840} INFO - DAG(s) 'example_sensors' retrieved from /home/airflow/.local/lib/python3.12/site-packages/airflow/example_dags/example_sensors.py
[2024-06-16T08:12:33.774+0000] {logging_mixin.py:188} INFO - [2024-06-16T08:12:33.773+0000] {dag.py:3096} INFO - Sync 1 DAGs
[2024-06-16T08:12:33.779+0000] {logging_mixin.py:188} INFO - [2024-06-16T08:12:33.779+0000] {dag.py:3954} INFO - Setting next_dagrun for example_sensors to None, run_after=None
[2024-06-16T08:12:33.787+0000] {processor.py:183} INFO - Processing /home/airflow/.local/lib/python3.12/site-packages/airflow/example_dags/example_sensors.py took 0.034 seconds
[2024-06-16T08:13:04.623+0000] {processor.py:161} INFO - Started process (PID=1275) to work on /home/airflow/.local/lib/python3.12/site-packages/airflow/example_dags/example_sensors.py
[2024-06-16T08:13:04.623+0000] {processor.py:830} INFO - Processing file /home/airflow/.local/lib/python3.12/site-packages/airflow/example_dags/example_sensors.py for tasks to queue
[2024-06-16T08:13:04.624+0000] {logging_mixin.py:188} INFO - [2024-06-16T08:13:04.624+0000] {dagbag.py:545} INFO - Filling up the DagBag from /home/airflow/.local/lib/python3.12/site-packages/airflow/example_dags/example_sensors.py
[2024-06-16T08:13:04.629+0000] {processor.py:840} INFO - DAG(s) 'example_sensors' retrieved from /home/airflow/.local/lib/python3.12/site-packages/airflow/example_dags/example_sensors.py
[2024-06-16T08:13:04.641+0000] {logging_mixin.py:188} INFO - [2024-06-16T08:13:04.641+0000] {dag.py:3096} INFO - Sync 1 DAGs
[2024-06-16T08:13:04.646+0000] {logging_mixin.py:188} INFO - [2024-06-16T08:13:04.646+0000] {dag.py:3954} INFO - Setting next_dagrun for example_sensors to None, run_after=None
[2024-06-16T08:13:04.654+0000] {processor.py:183} INFO - Processing /home/airflow/.local/lib/python3.12/site-packages/airflow/example_dags/example_sensors.py took 0.034 seconds
[2024-06-16T08:13:35.109+0000] {processor.py:161} INFO - Started process (PID=1334) to work on /home/airflow/.local/lib/python3.12/site-packages/airflow/example_dags/example_sensors.py
[2024-06-16T08:13:35.109+0000] {processor.py:830} INFO - Processing file /home/airflow/.local/lib/python3.12/site-packages/airflow/example_dags/example_sensors.py for tasks to queue
[2024-06-16T08:13:35.110+0000] {logging_mixin.py:188} INFO - [2024-06-16T08:13:35.110+0000] {dagbag.py:545} INFO - Filling up the DagBag from /home/airflow/.local/lib/python3.12/site-packages/airflow/example_dags/example_sensors.py
[2024-06-16T08:13:35.115+0000] {processor.py:840} INFO - DAG(s) 'example_sensors' retrieved from /home/airflow/.local/lib/python3.12/site-packages/airflow/example_dags/example_sensors.py
[2024-06-16T08:13:35.127+0000] {logging_mixin.py:188} INFO - [2024-06-16T08:13:35.126+0000] {dag.py:3096} INFO - Sync 1 DAGs
[2024-06-16T08:13:35.132+0000] {logging_mixin.py:188} INFO - [2024-06-16T08:13:35.132+0000] {dag.py:3954} INFO - Setting next_dagrun for example_sensors to None, run_after=None
[2024-06-16T08:13:35.139+0000] {processor.py:183} INFO - Processing /home/airflow/.local/lib/python3.12/site-packages/airflow/example_dags/example_sensors.py took 0.033 seconds
[2024-06-16T08:14:05.331+0000] {processor.py:161} INFO - Started process (PID=1393) to work on /home/airflow/.local/lib/python3.12/site-packages/airflow/example_dags/example_sensors.py
[2024-06-16T08:14:05.331+0000] {processor.py:830} INFO - Processing file /home/airflow/.local/lib/python3.12/site-packages/airflow/example_dags/example_sensors.py for tasks to queue
[2024-06-16T08:14:05.332+0000] {logging_mixin.py:188} INFO - [2024-06-16T08:14:05.332+0000] {dagbag.py:545} INFO - Filling up the DagBag from /home/airflow/.local/lib/python3.12/site-packages/airflow/example_dags/example_sensors.py
[2024-06-16T08:14:05.337+0000] {processor.py:840} INFO - DAG(s) 'example_sensors' retrieved from /home/airflow/.local/lib/python3.12/site-packages/airflow/example_dags/example_sensors.py
[2024-06-16T08:14:05.349+0000] {logging_mixin.py:188} INFO - [2024-06-16T08:14:05.349+0000] {dag.py:3096} INFO - Sync 1 DAGs
[2024-06-16T08:14:05.355+0000] {logging_mixin.py:188} INFO - [2024-06-16T08:14:05.355+0000] {dag.py:3954} INFO - Setting next_dagrun for example_sensors to None, run_after=None
[2024-06-16T08:14:05.363+0000] {processor.py:183} INFO - Processing /home/airflow/.local/lib/python3.12/site-packages/airflow/example_dags/example_sensors.py took 0.036 seconds
[2024-06-16T08:14:35.546+0000] {processor.py:161} INFO - Started process (PID=1452) to work on /home/airflow/.local/lib/python3.12/site-packages/airflow/example_dags/example_sensors.py
[2024-06-16T08:14:35.547+0000] {processor.py:830} INFO - Processing file /home/airflow/.local/lib/python3.12/site-packages/airflow/example_dags/example_sensors.py for tasks to queue
[2024-06-16T08:14:35.548+0000] {logging_mixin.py:188} INFO - [2024-06-16T08:14:35.548+0000] {dagbag.py:545} INFO - Filling up the DagBag from /home/airflow/.local/lib/python3.12/site-packages/airflow/example_dags/example_sensors.py
[2024-06-16T08:14:35.553+0000] {processor.py:840} INFO - DAG(s) 'example_sensors' retrieved from /home/airflow/.local/lib/python3.12/site-packages/airflow/example_dags/example_sensors.py
[2024-06-16T08:14:35.564+0000] {logging_mixin.py:188} INFO - [2024-06-16T08:14:35.564+0000] {dag.py:3096} INFO - Sync 1 DAGs
[2024-06-16T08:14:35.569+0000] {logging_mixin.py:188} INFO - [2024-06-16T08:14:35.569+0000] {dag.py:3954} INFO - Setting next_dagrun for example_sensors to None, run_after=None
[2024-06-16T08:14:35.577+0000] {processor.py:183} INFO - Processing /home/airflow/.local/lib/python3.12/site-packages/airflow/example_dags/example_sensors.py took 0.034 seconds
[2024-06-16T08:15:06.053+0000] {processor.py:161} INFO - Started process (PID=1511) to work on /home/airflow/.local/lib/python3.12/site-packages/airflow/example_dags/example_sensors.py
[2024-06-16T08:15:06.054+0000] {processor.py:830} INFO - Processing file /home/airflow/.local/lib/python3.12/site-packages/airflow/example_dags/example_sensors.py for tasks to queue
[2024-06-16T08:15:06.055+0000] {logging_mixin.py:188} INFO - [2024-06-16T08:15:06.055+0000] {dagbag.py:545} INFO - Filling up the DagBag from /home/airflow/.local/lib/python3.12/site-packages/airflow/example_dags/example_sensors.py
[2024-06-16T08:15:06.060+0000] {processor.py:840} INFO - DAG(s) 'example_sensors' retrieved from /home/airflow/.local/lib/python3.12/site-packages/airflow/example_dags/example_sensors.py
[2024-06-16T08:15:06.072+0000] {logging_mixin.py:188} INFO - [2024-06-16T08:15:06.072+0000] {dag.py:3096} INFO - Sync 1 DAGs
[2024-06-16T08:15:06.078+0000] {logging_mixin.py:188} INFO - [2024-06-16T08:15:06.078+0000] {dag.py:3954} INFO - Setting next_dagrun for example_sensors to None, run_after=None
[2024-06-16T08:15:06.086+0000] {processor.py:183} INFO - Processing /home/airflow/.local/lib/python3.12/site-packages/airflow/example_dags/example_sensors.py took 0.036 seconds
[2024-06-16T08:15:36.341+0000] {processor.py:161} INFO - Started process (PID=1570) to work on /home/airflow/.local/lib/python3.12/site-packages/airflow/example_dags/example_sensors.py
[2024-06-16T08:15:36.342+0000] {processor.py:830} INFO - Processing file /home/airflow/.local/lib/python3.12/site-packages/airflow/example_dags/example_sensors.py for tasks to queue
[2024-06-16T08:15:36.343+0000] {logging_mixin.py:188} INFO - [2024-06-16T08:15:36.343+0000] {dagbag.py:545} INFO - Filling up the DagBag from /home/airflow/.local/lib/python3.12/site-packages/airflow/example_dags/example_sensors.py
[2024-06-16T08:15:36.348+0000] {processor.py:840} INFO - DAG(s) 'example_sensors' retrieved from /home/airflow/.local/lib/python3.12/site-packages/airflow/example_dags/example_sensors.py
[2024-06-16T08:15:36.359+0000] {logging_mixin.py:188} INFO - [2024-06-16T08:15:36.359+0000] {dag.py:3096} INFO - Sync 1 DAGs
[2024-06-16T08:15:36.364+0000] {logging_mixin.py:188} INFO - [2024-06-16T08:15:36.364+0000] {dag.py:3954} INFO - Setting next_dagrun for example_sensors to None, run_after=None
[2024-06-16T08:15:36.372+0000] {processor.py:183} INFO - Processing /home/airflow/.local/lib/python3.12/site-packages/airflow/example_dags/example_sensors.py took 0.033 seconds
[2024-06-16T08:16:06.729+0000] {processor.py:161} INFO - Started process (PID=1629) to work on /home/airflow/.local/lib/python3.12/site-packages/airflow/example_dags/example_sensors.py
[2024-06-16T08:16:06.730+0000] {processor.py:830} INFO - Processing file /home/airflow/.local/lib/python3.12/site-packages/airflow/example_dags/example_sensors.py for tasks to queue
[2024-06-16T08:16:06.731+0000] {logging_mixin.py:188} INFO - [2024-06-16T08:16:06.731+0000] {dagbag.py:545} INFO - Filling up the DagBag from /home/airflow/.local/lib/python3.12/site-packages/airflow/example_dags/example_sensors.py
[2024-06-16T08:16:06.736+0000] {processor.py:840} INFO - DAG(s) 'example_sensors' retrieved from /home/airflow/.local/lib/python3.12/site-packages/airflow/example_dags/example_sensors.py
[2024-06-16T08:16:06.751+0000] {logging_mixin.py:188} INFO - [2024-06-16T08:16:06.751+0000] {dag.py:3096} INFO - Sync 1 DAGs
[2024-06-16T08:16:06.757+0000] {logging_mixin.py:188} INFO - [2024-06-16T08:16:06.757+0000] {dag.py:3954} INFO - Setting next_dagrun for example_sensors to None, run_after=None
[2024-06-16T08:16:06.766+0000] {processor.py:183} INFO - Processing /home/airflow/.local/lib/python3.12/site-packages/airflow/example_dags/example_sensors.py took 0.039 seconds
[2024-06-16T08:16:36.894+0000] {processor.py:161} INFO - Started process (PID=1688) to work on /home/airflow/.local/lib/python3.12/site-packages/airflow/example_dags/example_sensors.py
[2024-06-16T08:16:36.894+0000] {processor.py:830} INFO - Processing file /home/airflow/.local/lib/python3.12/site-packages/airflow/example_dags/example_sensors.py for tasks to queue
[2024-06-16T08:16:36.896+0000] {logging_mixin.py:188} INFO - [2024-06-16T08:16:36.895+0000] {dagbag.py:545} INFO - Filling up the DagBag from /home/airflow/.local/lib/python3.12/site-packages/airflow/example_dags/example_sensors.py
[2024-06-16T08:16:36.900+0000] {processor.py:840} INFO - DAG(s) 'example_sensors' retrieved from /home/airflow/.local/lib/python3.12/site-packages/airflow/example_dags/example_sensors.py
[2024-06-16T08:16:36.917+0000] {logging_mixin.py:188} INFO - [2024-06-16T08:16:36.917+0000] {dag.py:3096} INFO - Sync 1 DAGs
[2024-06-16T08:16:36.925+0000] {logging_mixin.py:188} INFO - [2024-06-16T08:16:36.925+0000] {dag.py:3954} INFO - Setting next_dagrun for example_sensors to None, run_after=None
[2024-06-16T08:16:36.937+0000] {processor.py:183} INFO - Processing /home/airflow/.local/lib/python3.12/site-packages/airflow/example_dags/example_sensors.py took 0.046 seconds
[2024-06-16T08:17:07.238+0000] {processor.py:161} INFO - Started process (PID=1747) to work on /home/airflow/.local/lib/python3.12/site-packages/airflow/example_dags/example_sensors.py
[2024-06-16T08:17:07.238+0000] {processor.py:830} INFO - Processing file /home/airflow/.local/lib/python3.12/site-packages/airflow/example_dags/example_sensors.py for tasks to queue
[2024-06-16T08:17:07.239+0000] {logging_mixin.py:188} INFO - [2024-06-16T08:17:07.239+0000] {dagbag.py:545} INFO - Filling up the DagBag from /home/airflow/.local/lib/python3.12/site-packages/airflow/example_dags/example_sensors.py
[2024-06-16T08:17:07.244+0000] {processor.py:840} INFO - DAG(s) 'example_sensors' retrieved from /home/airflow/.local/lib/python3.12/site-packages/airflow/example_dags/example_sensors.py
[2024-06-16T08:17:07.256+0000] {logging_mixin.py:188} INFO - [2024-06-16T08:17:07.255+0000] {dag.py:3096} INFO - Sync 1 DAGs
[2024-06-16T08:17:07.262+0000] {logging_mixin.py:188} INFO - [2024-06-16T08:17:07.262+0000] {dag.py:3954} INFO - Setting next_dagrun for example_sensors to None, run_after=None
[2024-06-16T08:17:07.271+0000] {processor.py:183} INFO - Processing /home/airflow/.local/lib/python3.12/site-packages/airflow/example_dags/example_sensors.py took 0.037 seconds
[2024-06-16T08:17:38.344+0000] {processor.py:161} INFO - Started process (PID=1806) to work on /home/airflow/.local/lib/python3.12/site-packages/airflow/example_dags/example_sensors.py
[2024-06-16T08:17:38.344+0000] {processor.py:830} INFO - Processing file /home/airflow/.local/lib/python3.12/site-packages/airflow/example_dags/example_sensors.py for tasks to queue
[2024-06-16T08:17:38.345+0000] {logging_mixin.py:188} INFO - [2024-06-16T08:17:38.345+0000] {dagbag.py:545} INFO - Filling up the DagBag from /home/airflow/.local/lib/python3.12/site-packages/airflow/example_dags/example_sensors.py
[2024-06-16T08:17:38.350+0000] {processor.py:840} INFO - DAG(s) 'example_sensors' retrieved from /home/airflow/.local/lib/python3.12/site-packages/airflow/example_dags/example_sensors.py
[2024-06-16T08:17:38.361+0000] {logging_mixin.py:188} INFO - [2024-06-16T08:17:38.361+0000] {dag.py:3096} INFO - Sync 1 DAGs
[2024-06-16T08:17:38.367+0000] {logging_mixin.py:188} INFO - [2024-06-16T08:17:38.367+0000] {dag.py:3954} INFO - Setting next_dagrun for example_sensors to None, run_after=None
[2024-06-16T08:17:38.376+0000] {processor.py:183} INFO - Processing /home/airflow/.local/lib/python3.12/site-packages/airflow/example_dags/example_sensors.py took 0.035 seconds
[2024-06-16T08:18:08.745+0000] {processor.py:161} INFO - Started process (PID=1865) to work on /home/airflow/.local/lib/python3.12/site-packages/airflow/example_dags/example_sensors.py
[2024-06-16T08:18:08.746+0000] {processor.py:830} INFO - Processing file /home/airflow/.local/lib/python3.12/site-packages/airflow/example_dags/example_sensors.py for tasks to queue
[2024-06-16T08:18:08.747+0000] {logging_mixin.py:188} INFO - [2024-06-16T08:18:08.747+0000] {dagbag.py:545} INFO - Filling up the DagBag from /home/airflow/.local/lib/python3.12/site-packages/airflow/example_dags/example_sensors.py
[2024-06-16T08:18:08.752+0000] {processor.py:840} INFO - DAG(s) 'example_sensors' retrieved from /home/airflow/.local/lib/python3.12/site-packages/airflow/example_dags/example_sensors.py
[2024-06-16T08:18:08.764+0000] {logging_mixin.py:188} INFO - [2024-06-16T08:18:08.764+0000] {dag.py:3096} INFO - Sync 1 DAGs
[2024-06-16T08:18:08.770+0000] {logging_mixin.py:188} INFO - [2024-06-16T08:18:08.770+0000] {dag.py:3954} INFO - Setting next_dagrun for example_sensors to None, run_after=None
[2024-06-16T08:18:08.779+0000] {processor.py:183} INFO - Processing /home/airflow/.local/lib/python3.12/site-packages/airflow/example_dags/example_sensors.py took 0.037 seconds
[2024-06-16T08:18:39.612+0000] {processor.py:161} INFO - Started process (PID=1924) to work on /home/airflow/.local/lib/python3.12/site-packages/airflow/example_dags/example_sensors.py
[2024-06-16T08:18:39.613+0000] {processor.py:830} INFO - Processing file /home/airflow/.local/lib/python3.12/site-packages/airflow/example_dags/example_sensors.py for tasks to queue
[2024-06-16T08:18:39.613+0000] {logging_mixin.py:188} INFO - [2024-06-16T08:18:39.613+0000] {dagbag.py:545} INFO - Filling up the DagBag from /home/airflow/.local/lib/python3.12/site-packages/airflow/example_dags/example_sensors.py
[2024-06-16T08:18:39.618+0000] {processor.py:840} INFO - DAG(s) 'example_sensors' retrieved from /home/airflow/.local/lib/python3.12/site-packages/airflow/example_dags/example_sensors.py
[2024-06-16T08:18:39.629+0000] {logging_mixin.py:188} INFO - [2024-06-16T08:18:39.629+0000] {dag.py:3096} INFO - Sync 1 DAGs
[2024-06-16T08:18:39.635+0000] {logging_mixin.py:188} INFO - [2024-06-16T08:18:39.635+0000] {dag.py:3954} INFO - Setting next_dagrun for example_sensors to None, run_after=None
[2024-06-16T08:18:39.644+0000] {processor.py:183} INFO - Processing /home/airflow/.local/lib/python3.12/site-packages/airflow/example_dags/example_sensors.py took 0.035 seconds
[2024-06-16T08:19:09.865+0000] {processor.py:161} INFO - Started process (PID=1983) to work on /home/airflow/.local/lib/python3.12/site-packages/airflow/example_dags/example_sensors.py
[2024-06-16T08:19:09.866+0000] {processor.py:830} INFO - Processing file /home/airflow/.local/lib/python3.12/site-packages/airflow/example_dags/example_sensors.py for tasks to queue
[2024-06-16T08:19:09.867+0000] {logging_mixin.py:188} INFO - [2024-06-16T08:19:09.866+0000] {dagbag.py:545} INFO - Filling up the DagBag from /home/airflow/.local/lib/python3.12/site-packages/airflow/example_dags/example_sensors.py
[2024-06-16T08:19:09.871+0000] {processor.py:840} INFO - DAG(s) 'example_sensors' retrieved from /home/airflow/.local/lib/python3.12/site-packages/airflow/example_dags/example_sensors.py
[2024-06-16T08:19:09.884+0000] {logging_mixin.py:188} INFO - [2024-06-16T08:19:09.884+0000] {dag.py:3096} INFO - Sync 1 DAGs
[2024-06-16T08:19:09.889+0000] {logging_mixin.py:188} INFO - [2024-06-16T08:19:09.889+0000] {dag.py:3954} INFO - Setting next_dagrun for example_sensors to None, run_after=None
[2024-06-16T08:19:09.899+0000] {processor.py:183} INFO - Processing /home/airflow/.local/lib/python3.12/site-packages/airflow/example_dags/example_sensors.py took 0.036 seconds
[2024-06-16T08:22:03.897+0000] {processor.py:161} INFO - Started process (PID=38) to work on /home/airflow/.local/lib/python3.12/site-packages/airflow/example_dags/example_sensors.py
[2024-06-16T08:22:03.901+0000] {processor.py:830} INFO - Processing file /home/airflow/.local/lib/python3.12/site-packages/airflow/example_dags/example_sensors.py for tasks to queue
[2024-06-16T08:22:03.908+0000] {logging_mixin.py:188} INFO - [2024-06-16T08:22:03.907+0000] {dagbag.py:545} INFO - Filling up the DagBag from /home/airflow/.local/lib/python3.12/site-packages/airflow/example_dags/example_sensors.py
[2024-06-16T08:22:03.920+0000] {processor.py:840} INFO - DAG(s) 'example_sensors' retrieved from /home/airflow/.local/lib/python3.12/site-packages/airflow/example_dags/example_sensors.py
[2024-06-16T08:22:03.935+0000] {logging_mixin.py:188} INFO - [2024-06-16T08:22:03.935+0000] {dag.py:3096} INFO - Sync 1 DAGs
[2024-06-16T08:22:03.956+0000] {logging_mixin.py:188} INFO - [2024-06-16T08:22:03.956+0000] {dag.py:3954} INFO - Setting next_dagrun for example_sensors to None, run_after=None
[2024-06-16T08:22:03.975+0000] {processor.py:183} INFO - Processing /home/airflow/.local/lib/python3.12/site-packages/airflow/example_dags/example_sensors.py took 0.096 seconds
[2024-06-16T08:22:36.983+0000] {processor.py:161} INFO - Started process (PID=97) to work on /home/airflow/.local/lib/python3.12/site-packages/airflow/example_dags/example_sensors.py
[2024-06-16T08:22:36.985+0000] {processor.py:830} INFO - Processing file /home/airflow/.local/lib/python3.12/site-packages/airflow/example_dags/example_sensors.py for tasks to queue
[2024-06-16T08:22:36.987+0000] {logging_mixin.py:188} INFO - [2024-06-16T08:22:36.987+0000] {dagbag.py:545} INFO - Filling up the DagBag from /home/airflow/.local/lib/python3.12/site-packages/airflow/example_dags/example_sensors.py
[2024-06-16T08:22:36.994+0000] {processor.py:840} INFO - DAG(s) 'example_sensors' retrieved from /home/airflow/.local/lib/python3.12/site-packages/airflow/example_dags/example_sensors.py
[2024-06-16T08:22:37.498+0000] {logging_mixin.py:188} INFO - [2024-06-16T08:22:37.498+0000] {dag.py:3096} INFO - Sync 1 DAGs
[2024-06-16T08:22:37.515+0000] {logging_mixin.py:188} INFO - [2024-06-16T08:22:37.515+0000] {dag.py:3954} INFO - Setting next_dagrun for example_sensors to None, run_after=None
[2024-06-16T08:22:37.547+0000] {processor.py:183} INFO - Processing /home/airflow/.local/lib/python3.12/site-packages/airflow/example_dags/example_sensors.py took 0.568 seconds
[2024-06-16T08:23:08.392+0000] {processor.py:161} INFO - Started process (PID=156) to work on /home/airflow/.local/lib/python3.12/site-packages/airflow/example_dags/example_sensors.py
[2024-06-16T08:23:08.396+0000] {processor.py:830} INFO - Processing file /home/airflow/.local/lib/python3.12/site-packages/airflow/example_dags/example_sensors.py for tasks to queue
[2024-06-16T08:23:08.398+0000] {logging_mixin.py:188} INFO - [2024-06-16T08:23:08.398+0000] {dagbag.py:545} INFO - Filling up the DagBag from /home/airflow/.local/lib/python3.12/site-packages/airflow/example_dags/example_sensors.py
[2024-06-16T08:23:08.413+0000] {processor.py:840} INFO - DAG(s) 'example_sensors' retrieved from /home/airflow/.local/lib/python3.12/site-packages/airflow/example_dags/example_sensors.py
[2024-06-16T08:23:08.448+0000] {logging_mixin.py:188} INFO - [2024-06-16T08:23:08.448+0000] {dag.py:3096} INFO - Sync 1 DAGs
[2024-06-16T08:23:08.462+0000] {logging_mixin.py:188} INFO - [2024-06-16T08:23:08.462+0000] {dag.py:3954} INFO - Setting next_dagrun for example_sensors to None, run_after=None
[2024-06-16T08:23:08.477+0000] {processor.py:183} INFO - Processing /home/airflow/.local/lib/python3.12/site-packages/airflow/example_dags/example_sensors.py took 0.098 seconds
[2024-06-16T08:25:58.945+0000] {processor.py:161} INFO - Started process (PID=37) to work on /home/airflow/.local/lib/python3.12/site-packages/airflow/example_dags/example_sensors.py
[2024-06-16T08:25:58.947+0000] {processor.py:830} INFO - Processing file /home/airflow/.local/lib/python3.12/site-packages/airflow/example_dags/example_sensors.py for tasks to queue
[2024-06-16T08:25:58.949+0000] {logging_mixin.py:188} INFO - [2024-06-16T08:25:58.948+0000] {dagbag.py:545} INFO - Filling up the DagBag from /home/airflow/.local/lib/python3.12/site-packages/airflow/example_dags/example_sensors.py
[2024-06-16T08:25:58.955+0000] {processor.py:840} INFO - DAG(s) 'example_sensors' retrieved from /home/airflow/.local/lib/python3.12/site-packages/airflow/example_dags/example_sensors.py
[2024-06-16T08:25:58.973+0000] {logging_mixin.py:188} INFO - [2024-06-16T08:25:58.973+0000] {dag.py:3096} INFO - Sync 1 DAGs
[2024-06-16T08:25:58.995+0000] {logging_mixin.py:188} INFO - [2024-06-16T08:25:58.995+0000] {dag.py:3954} INFO - Setting next_dagrun for example_sensors to None, run_after=None
[2024-06-16T08:25:59.034+0000] {processor.py:183} INFO - Processing /home/airflow/.local/lib/python3.12/site-packages/airflow/example_dags/example_sensors.py took 0.093 seconds
[2024-06-16T08:26:30.093+0000] {processor.py:161} INFO - Started process (PID=95) to work on /home/airflow/.local/lib/python3.12/site-packages/airflow/example_dags/example_sensors.py
[2024-06-16T08:26:30.094+0000] {processor.py:830} INFO - Processing file /home/airflow/.local/lib/python3.12/site-packages/airflow/example_dags/example_sensors.py for tasks to queue
[2024-06-16T08:26:30.095+0000] {logging_mixin.py:188} INFO - [2024-06-16T08:26:30.095+0000] {dagbag.py:545} INFO - Filling up the DagBag from /home/airflow/.local/lib/python3.12/site-packages/airflow/example_dags/example_sensors.py
[2024-06-16T08:26:30.099+0000] {processor.py:840} INFO - DAG(s) 'example_sensors' retrieved from /home/airflow/.local/lib/python3.12/site-packages/airflow/example_dags/example_sensors.py
[2024-06-16T08:26:30.227+0000] {logging_mixin.py:188} INFO - [2024-06-16T08:26:30.227+0000] {dag.py:3096} INFO - Sync 1 DAGs
[2024-06-16T08:26:30.231+0000] {logging_mixin.py:188} INFO - [2024-06-16T08:26:30.231+0000] {dag.py:3954} INFO - Setting next_dagrun for example_sensors to None, run_after=None
[2024-06-16T08:26:30.238+0000] {processor.py:183} INFO - Processing /home/airflow/.local/lib/python3.12/site-packages/airflow/example_dags/example_sensors.py took 0.148 seconds
[2024-06-16T08:27:01.034+0000] {processor.py:161} INFO - Started process (PID=154) to work on /home/airflow/.local/lib/python3.12/site-packages/airflow/example_dags/example_sensors.py
[2024-06-16T08:27:01.035+0000] {processor.py:830} INFO - Processing file /home/airflow/.local/lib/python3.12/site-packages/airflow/example_dags/example_sensors.py for tasks to queue
[2024-06-16T08:27:01.036+0000] {logging_mixin.py:188} INFO - [2024-06-16T08:27:01.036+0000] {dagbag.py:545} INFO - Filling up the DagBag from /home/airflow/.local/lib/python3.12/site-packages/airflow/example_dags/example_sensors.py
[2024-06-16T08:27:01.041+0000] {processor.py:840} INFO - DAG(s) 'example_sensors' retrieved from /home/airflow/.local/lib/python3.12/site-packages/airflow/example_dags/example_sensors.py
[2024-06-16T08:27:01.054+0000] {logging_mixin.py:188} INFO - [2024-06-16T08:27:01.054+0000] {dag.py:3096} INFO - Sync 1 DAGs
[2024-06-16T08:27:01.060+0000] {logging_mixin.py:188} INFO - [2024-06-16T08:27:01.060+0000] {dag.py:3954} INFO - Setting next_dagrun for example_sensors to None, run_after=None
[2024-06-16T08:27:01.068+0000] {processor.py:183} INFO - Processing /home/airflow/.local/lib/python3.12/site-packages/airflow/example_dags/example_sensors.py took 0.037 seconds
[2024-06-16T08:27:31.812+0000] {processor.py:161} INFO - Started process (PID=213) to work on /home/airflow/.local/lib/python3.12/site-packages/airflow/example_dags/example_sensors.py
[2024-06-16T08:27:31.814+0000] {processor.py:830} INFO - Processing file /home/airflow/.local/lib/python3.12/site-packages/airflow/example_dags/example_sensors.py for tasks to queue
[2024-06-16T08:27:31.816+0000] {logging_mixin.py:188} INFO - [2024-06-16T08:27:31.815+0000] {dagbag.py:545} INFO - Filling up the DagBag from /home/airflow/.local/lib/python3.12/site-packages/airflow/example_dags/example_sensors.py
[2024-06-16T08:27:31.827+0000] {processor.py:840} INFO - DAG(s) 'example_sensors' retrieved from /home/airflow/.local/lib/python3.12/site-packages/airflow/example_dags/example_sensors.py
[2024-06-16T08:27:31.943+0000] {logging_mixin.py:188} INFO - [2024-06-16T08:27:31.943+0000] {dag.py:3096} INFO - Sync 1 DAGs
[2024-06-16T08:27:31.948+0000] {logging_mixin.py:188} INFO - [2024-06-16T08:27:31.948+0000] {dag.py:3954} INFO - Setting next_dagrun for example_sensors to None, run_after=None
[2024-06-16T08:27:31.955+0000] {processor.py:183} INFO - Processing /home/airflow/.local/lib/python3.12/site-packages/airflow/example_dags/example_sensors.py took 0.147 seconds
[2024-06-16T08:28:02.426+0000] {processor.py:161} INFO - Started process (PID=272) to work on /home/airflow/.local/lib/python3.12/site-packages/airflow/example_dags/example_sensors.py
[2024-06-16T08:28:02.427+0000] {processor.py:830} INFO - Processing file /home/airflow/.local/lib/python3.12/site-packages/airflow/example_dags/example_sensors.py for tasks to queue
[2024-06-16T08:28:02.429+0000] {logging_mixin.py:188} INFO - [2024-06-16T08:28:02.429+0000] {dagbag.py:545} INFO - Filling up the DagBag from /home/airflow/.local/lib/python3.12/site-packages/airflow/example_dags/example_sensors.py
[2024-06-16T08:28:02.440+0000] {processor.py:840} INFO - DAG(s) 'example_sensors' retrieved from /home/airflow/.local/lib/python3.12/site-packages/airflow/example_dags/example_sensors.py
[2024-06-16T08:28:02.453+0000] {logging_mixin.py:188} INFO - [2024-06-16T08:28:02.453+0000] {dag.py:3096} INFO - Sync 1 DAGs
[2024-06-16T08:28:02.460+0000] {logging_mixin.py:188} INFO - [2024-06-16T08:28:02.460+0000] {dag.py:3954} INFO - Setting next_dagrun for example_sensors to None, run_after=None
[2024-06-16T08:28:02.468+0000] {processor.py:183} INFO - Processing /home/airflow/.local/lib/python3.12/site-packages/airflow/example_dags/example_sensors.py took 0.045 seconds
[2024-06-16T08:28:32.924+0000] {processor.py:161} INFO - Started process (PID=331) to work on /home/airflow/.local/lib/python3.12/site-packages/airflow/example_dags/example_sensors.py
[2024-06-16T08:28:32.925+0000] {processor.py:830} INFO - Processing file /home/airflow/.local/lib/python3.12/site-packages/airflow/example_dags/example_sensors.py for tasks to queue
[2024-06-16T08:28:32.926+0000] {logging_mixin.py:188} INFO - [2024-06-16T08:28:32.926+0000] {dagbag.py:545} INFO - Filling up the DagBag from /home/airflow/.local/lib/python3.12/site-packages/airflow/example_dags/example_sensors.py
[2024-06-16T08:28:32.930+0000] {processor.py:840} INFO - DAG(s) 'example_sensors' retrieved from /home/airflow/.local/lib/python3.12/site-packages/airflow/example_dags/example_sensors.py
[2024-06-16T08:28:32.942+0000] {logging_mixin.py:188} INFO - [2024-06-16T08:28:32.942+0000] {dag.py:3096} INFO - Sync 1 DAGs
[2024-06-16T08:28:32.948+0000] {logging_mixin.py:188} INFO - [2024-06-16T08:28:32.948+0000] {dag.py:3954} INFO - Setting next_dagrun for example_sensors to None, run_after=None
[2024-06-16T08:28:32.955+0000] {processor.py:183} INFO - Processing /home/airflow/.local/lib/python3.12/site-packages/airflow/example_dags/example_sensors.py took 0.034 seconds
[2024-06-16T08:29:03.239+0000] {processor.py:161} INFO - Started process (PID=390) to work on /home/airflow/.local/lib/python3.12/site-packages/airflow/example_dags/example_sensors.py
[2024-06-16T08:29:03.240+0000] {processor.py:830} INFO - Processing file /home/airflow/.local/lib/python3.12/site-packages/airflow/example_dags/example_sensors.py for tasks to queue
[2024-06-16T08:29:03.241+0000] {logging_mixin.py:188} INFO - [2024-06-16T08:29:03.241+0000] {dagbag.py:545} INFO - Filling up the DagBag from /home/airflow/.local/lib/python3.12/site-packages/airflow/example_dags/example_sensors.py
[2024-06-16T08:29:03.245+0000] {processor.py:840} INFO - DAG(s) 'example_sensors' retrieved from /home/airflow/.local/lib/python3.12/site-packages/airflow/example_dags/example_sensors.py
[2024-06-16T08:29:03.256+0000] {logging_mixin.py:188} INFO - [2024-06-16T08:29:03.256+0000] {dag.py:3096} INFO - Sync 1 DAGs
[2024-06-16T08:29:03.261+0000] {logging_mixin.py:188} INFO - [2024-06-16T08:29:03.261+0000] {dag.py:3954} INFO - Setting next_dagrun for example_sensors to None, run_after=None
[2024-06-16T08:29:03.269+0000] {processor.py:183} INFO - Processing /home/airflow/.local/lib/python3.12/site-packages/airflow/example_dags/example_sensors.py took 0.032 seconds
[2024-06-16T08:32:53.816+0000] {processor.py:161} INFO - Started process (PID=38) to work on /home/airflow/.local/lib/python3.12/site-packages/airflow/example_dags/example_sensors.py
[2024-06-16T08:32:53.818+0000] {processor.py:830} INFO - Processing file /home/airflow/.local/lib/python3.12/site-packages/airflow/example_dags/example_sensors.py for tasks to queue
[2024-06-16T08:32:53.821+0000] {logging_mixin.py:188} INFO - [2024-06-16T08:32:53.821+0000] {dagbag.py:545} INFO - Filling up the DagBag from /home/airflow/.local/lib/python3.12/site-packages/airflow/example_dags/example_sensors.py
[2024-06-16T08:32:53.828+0000] {processor.py:840} INFO - DAG(s) 'example_sensors' retrieved from /home/airflow/.local/lib/python3.12/site-packages/airflow/example_dags/example_sensors.py
[2024-06-16T08:32:53.850+0000] {logging_mixin.py:188} INFO - [2024-06-16T08:32:53.850+0000] {dag.py:3096} INFO - Sync 1 DAGs
[2024-06-16T08:32:53.885+0000] {logging_mixin.py:188} INFO - [2024-06-16T08:32:53.885+0000] {dag.py:3954} INFO - Setting next_dagrun for example_sensors to None, run_after=None
[2024-06-16T08:32:53.935+0000] {processor.py:183} INFO - Processing /home/airflow/.local/lib/python3.12/site-packages/airflow/example_dags/example_sensors.py took 0.123 seconds
[2024-06-16T08:33:24.851+0000] {processor.py:161} INFO - Started process (PID=96) to work on /home/airflow/.local/lib/python3.12/site-packages/airflow/example_dags/example_sensors.py
[2024-06-16T08:33:24.853+0000] {processor.py:830} INFO - Processing file /home/airflow/.local/lib/python3.12/site-packages/airflow/example_dags/example_sensors.py for tasks to queue
[2024-06-16T08:33:24.854+0000] {logging_mixin.py:188} INFO - [2024-06-16T08:33:24.854+0000] {dagbag.py:545} INFO - Filling up the DagBag from /home/airflow/.local/lib/python3.12/site-packages/airflow/example_dags/example_sensors.py
[2024-06-16T08:33:24.859+0000] {processor.py:840} INFO - DAG(s) 'example_sensors' retrieved from /home/airflow/.local/lib/python3.12/site-packages/airflow/example_dags/example_sensors.py
[2024-06-16T08:33:24.985+0000] {logging_mixin.py:188} INFO - [2024-06-16T08:33:24.984+0000] {dag.py:3096} INFO - Sync 1 DAGs
[2024-06-16T08:33:24.988+0000] {logging_mixin.py:188} INFO - [2024-06-16T08:33:24.988+0000] {dag.py:3954} INFO - Setting next_dagrun for example_sensors to None, run_after=None
[2024-06-16T08:33:24.996+0000] {processor.py:183} INFO - Processing /home/airflow/.local/lib/python3.12/site-packages/airflow/example_dags/example_sensors.py took 0.147 seconds
[2024-06-16T08:33:55.253+0000] {processor.py:161} INFO - Started process (PID=155) to work on /home/airflow/.local/lib/python3.12/site-packages/airflow/example_dags/example_sensors.py
[2024-06-16T08:33:55.254+0000] {processor.py:830} INFO - Processing file /home/airflow/.local/lib/python3.12/site-packages/airflow/example_dags/example_sensors.py for tasks to queue
[2024-06-16T08:33:55.255+0000] {logging_mixin.py:188} INFO - [2024-06-16T08:33:55.255+0000] {dagbag.py:545} INFO - Filling up the DagBag from /home/airflow/.local/lib/python3.12/site-packages/airflow/example_dags/example_sensors.py
[2024-06-16T08:33:55.260+0000] {processor.py:840} INFO - DAG(s) 'example_sensors' retrieved from /home/airflow/.local/lib/python3.12/site-packages/airflow/example_dags/example_sensors.py
[2024-06-16T08:33:55.272+0000] {logging_mixin.py:188} INFO - [2024-06-16T08:33:55.272+0000] {dag.py:3096} INFO - Sync 1 DAGs
[2024-06-16T08:33:55.278+0000] {logging_mixin.py:188} INFO - [2024-06-16T08:33:55.278+0000] {dag.py:3954} INFO - Setting next_dagrun for example_sensors to None, run_after=None
[2024-06-16T08:33:55.287+0000] {processor.py:183} INFO - Processing /home/airflow/.local/lib/python3.12/site-packages/airflow/example_dags/example_sensors.py took 0.036 seconds
[2024-06-16T08:34:26.141+0000] {processor.py:161} INFO - Started process (PID=214) to work on /home/airflow/.local/lib/python3.12/site-packages/airflow/example_dags/example_sensors.py
[2024-06-16T08:34:26.142+0000] {processor.py:830} INFO - Processing file /home/airflow/.local/lib/python3.12/site-packages/airflow/example_dags/example_sensors.py for tasks to queue
[2024-06-16T08:34:26.143+0000] {logging_mixin.py:188} INFO - [2024-06-16T08:34:26.143+0000] {dagbag.py:545} INFO - Filling up the DagBag from /home/airflow/.local/lib/python3.12/site-packages/airflow/example_dags/example_sensors.py
[2024-06-16T08:34:26.148+0000] {processor.py:840} INFO - DAG(s) 'example_sensors' retrieved from /home/airflow/.local/lib/python3.12/site-packages/airflow/example_dags/example_sensors.py
[2024-06-16T08:34:26.162+0000] {logging_mixin.py:188} INFO - [2024-06-16T08:34:26.161+0000] {dag.py:3096} INFO - Sync 1 DAGs
[2024-06-16T08:34:26.277+0000] {logging_mixin.py:188} INFO - [2024-06-16T08:34:26.277+0000] {dag.py:3954} INFO - Setting next_dagrun for example_sensors to None, run_after=None
[2024-06-16T08:34:26.399+0000] {processor.py:183} INFO - Processing /home/airflow/.local/lib/python3.12/site-packages/airflow/example_dags/example_sensors.py took 0.260 seconds
[2024-06-16T08:35:22.718+0000] {processor.py:161} INFO - Started process (PID=38) to work on /home/airflow/.local/lib/python3.12/site-packages/airflow/example_dags/example_sensors.py
[2024-06-16T08:35:22.720+0000] {processor.py:830} INFO - Processing file /home/airflow/.local/lib/python3.12/site-packages/airflow/example_dags/example_sensors.py for tasks to queue
[2024-06-16T08:35:22.723+0000] {logging_mixin.py:188} INFO - [2024-06-16T08:35:22.723+0000] {dagbag.py:545} INFO - Filling up the DagBag from /home/airflow/.local/lib/python3.12/site-packages/airflow/example_dags/example_sensors.py
[2024-06-16T08:35:22.732+0000] {processor.py:840} INFO - DAG(s) 'example_sensors' retrieved from /home/airflow/.local/lib/python3.12/site-packages/airflow/example_dags/example_sensors.py
[2024-06-16T08:35:22.757+0000] {logging_mixin.py:188} INFO - [2024-06-16T08:35:22.757+0000] {dag.py:3096} INFO - Sync 1 DAGs
[2024-06-16T08:35:22.769+0000] {logging_mixin.py:188} INFO - [2024-06-16T08:35:22.769+0000] {dag.py:3954} INFO - Setting next_dagrun for example_sensors to None, run_after=None
[2024-06-16T08:35:22.790+0000] {processor.py:183} INFO - Processing /home/airflow/.local/lib/python3.12/site-packages/airflow/example_dags/example_sensors.py took 0.078 seconds
[2024-06-16T08:35:53.526+0000] {processor.py:161} INFO - Started process (PID=96) to work on /home/airflow/.local/lib/python3.12/site-packages/airflow/example_dags/example_sensors.py
[2024-06-16T08:35:53.527+0000] {processor.py:830} INFO - Processing file /home/airflow/.local/lib/python3.12/site-packages/airflow/example_dags/example_sensors.py for tasks to queue
[2024-06-16T08:35:53.528+0000] {logging_mixin.py:188} INFO - [2024-06-16T08:35:53.528+0000] {dagbag.py:545} INFO - Filling up the DagBag from /home/airflow/.local/lib/python3.12/site-packages/airflow/example_dags/example_sensors.py
[2024-06-16T08:35:53.532+0000] {processor.py:840} INFO - DAG(s) 'example_sensors' retrieved from /home/airflow/.local/lib/python3.12/site-packages/airflow/example_dags/example_sensors.py
[2024-06-16T08:35:53.656+0000] {logging_mixin.py:188} INFO - [2024-06-16T08:35:53.656+0000] {dag.py:3096} INFO - Sync 1 DAGs
[2024-06-16T08:35:53.661+0000] {logging_mixin.py:188} INFO - [2024-06-16T08:35:53.661+0000] {dag.py:3954} INFO - Setting next_dagrun for example_sensors to None, run_after=None
[2024-06-16T08:35:53.671+0000] {processor.py:183} INFO - Processing /home/airflow/.local/lib/python3.12/site-packages/airflow/example_dags/example_sensors.py took 0.148 seconds
[2024-06-16T08:36:23.847+0000] {processor.py:161} INFO - Started process (PID=155) to work on /home/airflow/.local/lib/python3.12/site-packages/airflow/example_dags/example_sensors.py
[2024-06-16T08:36:23.848+0000] {processor.py:830} INFO - Processing file /home/airflow/.local/lib/python3.12/site-packages/airflow/example_dags/example_sensors.py for tasks to queue
[2024-06-16T08:36:23.849+0000] {logging_mixin.py:188} INFO - [2024-06-16T08:36:23.849+0000] {dagbag.py:545} INFO - Filling up the DagBag from /home/airflow/.local/lib/python3.12/site-packages/airflow/example_dags/example_sensors.py
[2024-06-16T08:36:23.854+0000] {processor.py:840} INFO - DAG(s) 'example_sensors' retrieved from /home/airflow/.local/lib/python3.12/site-packages/airflow/example_dags/example_sensors.py
[2024-06-16T08:36:23.866+0000] {logging_mixin.py:188} INFO - [2024-06-16T08:36:23.866+0000] {dag.py:3096} INFO - Sync 1 DAGs
[2024-06-16T08:36:23.874+0000] {logging_mixin.py:188} INFO - [2024-06-16T08:36:23.873+0000] {dag.py:3954} INFO - Setting next_dagrun for example_sensors to None, run_after=None
[2024-06-16T08:36:23.885+0000] {processor.py:183} INFO - Processing /home/airflow/.local/lib/python3.12/site-packages/airflow/example_dags/example_sensors.py took 0.041 seconds
[2024-06-16T08:36:55.096+0000] {processor.py:161} INFO - Started process (PID=214) to work on /home/airflow/.local/lib/python3.12/site-packages/airflow/example_dags/example_sensors.py
[2024-06-16T08:36:55.097+0000] {processor.py:830} INFO - Processing file /home/airflow/.local/lib/python3.12/site-packages/airflow/example_dags/example_sensors.py for tasks to queue
[2024-06-16T08:36:55.101+0000] {logging_mixin.py:188} INFO - [2024-06-16T08:36:55.100+0000] {dagbag.py:545} INFO - Filling up the DagBag from /home/airflow/.local/lib/python3.12/site-packages/airflow/example_dags/example_sensors.py
[2024-06-16T08:36:55.112+0000] {processor.py:840} INFO - DAG(s) 'example_sensors' retrieved from /home/airflow/.local/lib/python3.12/site-packages/airflow/example_dags/example_sensors.py
[2024-06-16T08:36:55.141+0000] {logging_mixin.py:188} INFO - [2024-06-16T08:36:55.141+0000] {dag.py:3096} INFO - Sync 1 DAGs
[2024-06-16T08:36:55.250+0000] {logging_mixin.py:188} INFO - [2024-06-16T08:36:55.249+0000] {dag.py:3954} INFO - Setting next_dagrun for example_sensors to None, run_after=None
[2024-06-16T08:36:55.262+0000] {processor.py:183} INFO - Processing /home/airflow/.local/lib/python3.12/site-packages/airflow/example_dags/example_sensors.py took 0.170 seconds
[2024-06-16T08:37:26.233+0000] {processor.py:161} INFO - Started process (PID=273) to work on /home/airflow/.local/lib/python3.12/site-packages/airflow/example_dags/example_sensors.py
[2024-06-16T08:37:26.235+0000] {processor.py:830} INFO - Processing file /home/airflow/.local/lib/python3.12/site-packages/airflow/example_dags/example_sensors.py for tasks to queue
[2024-06-16T08:37:26.238+0000] {logging_mixin.py:188} INFO - [2024-06-16T08:37:26.238+0000] {dagbag.py:545} INFO - Filling up the DagBag from /home/airflow/.local/lib/python3.12/site-packages/airflow/example_dags/example_sensors.py
[2024-06-16T08:37:26.249+0000] {processor.py:840} INFO - DAG(s) 'example_sensors' retrieved from /home/airflow/.local/lib/python3.12/site-packages/airflow/example_dags/example_sensors.py
[2024-06-16T08:37:26.278+0000] {logging_mixin.py:188} INFO - [2024-06-16T08:37:26.277+0000] {dag.py:3096} INFO - Sync 1 DAGs
[2024-06-16T08:37:26.363+0000] {logging_mixin.py:188} INFO - [2024-06-16T08:37:26.362+0000] {dag.py:3954} INFO - Setting next_dagrun for example_sensors to None, run_after=None
[2024-06-16T08:37:26.385+0000] {processor.py:183} INFO - Processing /home/airflow/.local/lib/python3.12/site-packages/airflow/example_dags/example_sensors.py took 0.163 seconds
