[2024-06-16T07:55:01.322+0000] {processor.py:161} INFO - Started process (PID=44) to work on /home/airflow/.local/lib/python3.12/site-packages/airflow/example_dags/example_nested_branch_dag.py
[2024-06-16T07:55:01.323+0000] {processor.py:830} INFO - Processing file /home/airflow/.local/lib/python3.12/site-packages/airflow/example_dags/example_nested_branch_dag.py for tasks to queue
[2024-06-16T07:55:01.325+0000] {logging_mixin.py:188} INFO - [2024-06-16T07:55:01.325+0000] {dagbag.py:545} INFO - Filling up the DagBag from /home/airflow/.local/lib/python3.12/site-packages/airflow/example_dags/example_nested_branch_dag.py
[2024-06-16T07:55:01.335+0000] {processor.py:840} INFO - DAG(s) 'example_nested_branch_dag' retrieved from /home/airflow/.local/lib/python3.12/site-packages/airflow/example_dags/example_nested_branch_dag.py
[2024-06-16T07:55:01.384+0000] {logging_mixin.py:188} INFO - [2024-06-16T07:55:01.384+0000] {dag.py:3096} INFO - Sync 1 DAGs
[2024-06-16T07:55:01.460+0000] {logging_mixin.py:188} INFO - [2024-06-16T07:55:01.454+0000] {dag.py:3954} INFO - Setting next_dagrun for example_nested_branch_dag to 2024-06-15 00:00:00+00:00, run_after=2024-06-16 00:00:00+00:00
[2024-06-16T07:55:01.556+0000] {processor.py:183} INFO - Processing /home/airflow/.local/lib/python3.12/site-packages/airflow/example_dags/example_nested_branch_dag.py took 0.240 seconds
[2024-06-16T07:55:32.055+0000] {processor.py:161} INFO - Started process (PID=102) to work on /home/airflow/.local/lib/python3.12/site-packages/airflow/example_dags/example_nested_branch_dag.py
[2024-06-16T07:55:32.056+0000] {processor.py:830} INFO - Processing file /home/airflow/.local/lib/python3.12/site-packages/airflow/example_dags/example_nested_branch_dag.py for tasks to queue
[2024-06-16T07:55:32.058+0000] {logging_mixin.py:188} INFO - [2024-06-16T07:55:32.058+0000] {dagbag.py:545} INFO - Filling up the DagBag from /home/airflow/.local/lib/python3.12/site-packages/airflow/example_dags/example_nested_branch_dag.py
[2024-06-16T07:55:32.068+0000] {processor.py:840} INFO - DAG(s) 'example_nested_branch_dag' retrieved from /home/airflow/.local/lib/python3.12/site-packages/airflow/example_dags/example_nested_branch_dag.py
[2024-06-16T07:55:32.163+0000] {logging_mixin.py:188} INFO - [2024-06-16T07:55:32.162+0000] {dag.py:3096} INFO - Sync 1 DAGs
[2024-06-16T07:55:32.185+0000] {logging_mixin.py:188} INFO - [2024-06-16T07:55:32.185+0000] {dag.py:3954} INFO - Setting next_dagrun for example_nested_branch_dag to 2024-06-15 00:00:00+00:00, run_after=2024-06-16 00:00:00+00:00
[2024-06-16T07:55:32.205+0000] {processor.py:183} INFO - Processing /home/airflow/.local/lib/python3.12/site-packages/airflow/example_dags/example_nested_branch_dag.py took 0.157 seconds
[2024-06-16T07:56:02.528+0000] {processor.py:161} INFO - Started process (PID=161) to work on /home/airflow/.local/lib/python3.12/site-packages/airflow/example_dags/example_nested_branch_dag.py
[2024-06-16T07:56:02.529+0000] {processor.py:830} INFO - Processing file /home/airflow/.local/lib/python3.12/site-packages/airflow/example_dags/example_nested_branch_dag.py for tasks to queue
[2024-06-16T07:56:02.530+0000] {logging_mixin.py:188} INFO - [2024-06-16T07:56:02.530+0000] {dagbag.py:545} INFO - Filling up the DagBag from /home/airflow/.local/lib/python3.12/site-packages/airflow/example_dags/example_nested_branch_dag.py
[2024-06-16T07:56:02.535+0000] {processor.py:840} INFO - DAG(s) 'example_nested_branch_dag' retrieved from /home/airflow/.local/lib/python3.12/site-packages/airflow/example_dags/example_nested_branch_dag.py
[2024-06-16T07:56:02.546+0000] {logging_mixin.py:188} INFO - [2024-06-16T07:56:02.546+0000] {dag.py:3096} INFO - Sync 1 DAGs
[2024-06-16T07:56:02.556+0000] {logging_mixin.py:188} INFO - [2024-06-16T07:56:02.556+0000] {dag.py:3954} INFO - Setting next_dagrun for example_nested_branch_dag to 2024-06-15 00:00:00+00:00, run_after=2024-06-16 00:00:00+00:00
[2024-06-16T07:56:02.565+0000] {processor.py:183} INFO - Processing /home/airflow/.local/lib/python3.12/site-packages/airflow/example_dags/example_nested_branch_dag.py took 0.040 seconds
[2024-06-16T07:56:33.331+0000] {processor.py:161} INFO - Started process (PID=220) to work on /home/airflow/.local/lib/python3.12/site-packages/airflow/example_dags/example_nested_branch_dag.py
[2024-06-16T07:56:33.331+0000] {processor.py:830} INFO - Processing file /home/airflow/.local/lib/python3.12/site-packages/airflow/example_dags/example_nested_branch_dag.py for tasks to queue
[2024-06-16T07:56:33.332+0000] {logging_mixin.py:188} INFO - [2024-06-16T07:56:33.332+0000] {dagbag.py:545} INFO - Filling up the DagBag from /home/airflow/.local/lib/python3.12/site-packages/airflow/example_dags/example_nested_branch_dag.py
[2024-06-16T07:56:33.337+0000] {processor.py:840} INFO - DAG(s) 'example_nested_branch_dag' retrieved from /home/airflow/.local/lib/python3.12/site-packages/airflow/example_dags/example_nested_branch_dag.py
[2024-06-16T07:56:33.348+0000] {logging_mixin.py:188} INFO - [2024-06-16T07:56:33.348+0000] {dag.py:3096} INFO - Sync 1 DAGs
[2024-06-16T07:56:33.358+0000] {logging_mixin.py:188} INFO - [2024-06-16T07:56:33.358+0000] {dag.py:3954} INFO - Setting next_dagrun for example_nested_branch_dag to 2024-06-15 00:00:00+00:00, run_after=2024-06-16 00:00:00+00:00
[2024-06-16T07:56:33.367+0000] {processor.py:183} INFO - Processing /home/airflow/.local/lib/python3.12/site-packages/airflow/example_dags/example_nested_branch_dag.py took 0.039 seconds
[2024-06-16T07:57:03.925+0000] {processor.py:161} INFO - Started process (PID=279) to work on /home/airflow/.local/lib/python3.12/site-packages/airflow/example_dags/example_nested_branch_dag.py
[2024-06-16T07:57:03.926+0000] {processor.py:830} INFO - Processing file /home/airflow/.local/lib/python3.12/site-packages/airflow/example_dags/example_nested_branch_dag.py for tasks to queue
[2024-06-16T07:57:03.927+0000] {logging_mixin.py:188} INFO - [2024-06-16T07:57:03.927+0000] {dagbag.py:545} INFO - Filling up the DagBag from /home/airflow/.local/lib/python3.12/site-packages/airflow/example_dags/example_nested_branch_dag.py
[2024-06-16T07:57:03.932+0000] {processor.py:840} INFO - DAG(s) 'example_nested_branch_dag' retrieved from /home/airflow/.local/lib/python3.12/site-packages/airflow/example_dags/example_nested_branch_dag.py
[2024-06-16T07:57:03.942+0000] {logging_mixin.py:188} INFO - [2024-06-16T07:57:03.942+0000] {dag.py:3096} INFO - Sync 1 DAGs
[2024-06-16T07:57:03.952+0000] {logging_mixin.py:188} INFO - [2024-06-16T07:57:03.952+0000] {dag.py:3954} INFO - Setting next_dagrun for example_nested_branch_dag to 2024-06-15 00:00:00+00:00, run_after=2024-06-16 00:00:00+00:00
[2024-06-16T07:57:03.961+0000] {processor.py:183} INFO - Processing /home/airflow/.local/lib/python3.12/site-packages/airflow/example_dags/example_nested_branch_dag.py took 0.038 seconds
[2024-06-16T07:57:35.148+0000] {processor.py:161} INFO - Started process (PID=338) to work on /home/airflow/.local/lib/python3.12/site-packages/airflow/example_dags/example_nested_branch_dag.py
[2024-06-16T07:57:35.149+0000] {processor.py:830} INFO - Processing file /home/airflow/.local/lib/python3.12/site-packages/airflow/example_dags/example_nested_branch_dag.py for tasks to queue
[2024-06-16T07:57:35.152+0000] {logging_mixin.py:188} INFO - [2024-06-16T07:57:35.152+0000] {dagbag.py:545} INFO - Filling up the DagBag from /home/airflow/.local/lib/python3.12/site-packages/airflow/example_dags/example_nested_branch_dag.py
[2024-06-16T07:57:35.158+0000] {processor.py:840} INFO - DAG(s) 'example_nested_branch_dag' retrieved from /home/airflow/.local/lib/python3.12/site-packages/airflow/example_dags/example_nested_branch_dag.py
[2024-06-16T07:57:35.169+0000] {logging_mixin.py:188} INFO - [2024-06-16T07:57:35.169+0000] {dag.py:3096} INFO - Sync 1 DAGs
[2024-06-16T07:57:35.180+0000] {logging_mixin.py:188} INFO - [2024-06-16T07:57:35.180+0000] {dag.py:3954} INFO - Setting next_dagrun for example_nested_branch_dag to 2024-06-15 00:00:00+00:00, run_after=2024-06-16 00:00:00+00:00
[2024-06-16T07:57:35.189+0000] {processor.py:183} INFO - Processing /home/airflow/.local/lib/python3.12/site-packages/airflow/example_dags/example_nested_branch_dag.py took 0.044 seconds
[2024-06-16T07:58:05.836+0000] {processor.py:161} INFO - Started process (PID=397) to work on /home/airflow/.local/lib/python3.12/site-packages/airflow/example_dags/example_nested_branch_dag.py
[2024-06-16T07:58:05.837+0000] {processor.py:830} INFO - Processing file /home/airflow/.local/lib/python3.12/site-packages/airflow/example_dags/example_nested_branch_dag.py for tasks to queue
[2024-06-16T07:58:05.838+0000] {logging_mixin.py:188} INFO - [2024-06-16T07:58:05.838+0000] {dagbag.py:545} INFO - Filling up the DagBag from /home/airflow/.local/lib/python3.12/site-packages/airflow/example_dags/example_nested_branch_dag.py
[2024-06-16T07:58:05.843+0000] {processor.py:840} INFO - DAG(s) 'example_nested_branch_dag' retrieved from /home/airflow/.local/lib/python3.12/site-packages/airflow/example_dags/example_nested_branch_dag.py
[2024-06-16T07:58:05.855+0000] {logging_mixin.py:188} INFO - [2024-06-16T07:58:05.855+0000] {dag.py:3096} INFO - Sync 1 DAGs
[2024-06-16T07:58:05.956+0000] {logging_mixin.py:188} INFO - [2024-06-16T07:58:05.956+0000] {dag.py:3954} INFO - Setting next_dagrun for example_nested_branch_dag to 2024-06-15 00:00:00+00:00, run_after=2024-06-16 00:00:00+00:00
[2024-06-16T07:58:05.965+0000] {processor.py:183} INFO - Processing /home/airflow/.local/lib/python3.12/site-packages/airflow/example_dags/example_nested_branch_dag.py took 0.131 seconds
[2024-06-16T07:58:36.134+0000] {processor.py:161} INFO - Started process (PID=456) to work on /home/airflow/.local/lib/python3.12/site-packages/airflow/example_dags/example_nested_branch_dag.py
[2024-06-16T07:58:36.135+0000] {processor.py:830} INFO - Processing file /home/airflow/.local/lib/python3.12/site-packages/airflow/example_dags/example_nested_branch_dag.py for tasks to queue
[2024-06-16T07:58:36.136+0000] {logging_mixin.py:188} INFO - [2024-06-16T07:58:36.136+0000] {dagbag.py:545} INFO - Filling up the DagBag from /home/airflow/.local/lib/python3.12/site-packages/airflow/example_dags/example_nested_branch_dag.py
[2024-06-16T07:58:36.141+0000] {processor.py:840} INFO - DAG(s) 'example_nested_branch_dag' retrieved from /home/airflow/.local/lib/python3.12/site-packages/airflow/example_dags/example_nested_branch_dag.py
[2024-06-16T07:58:36.152+0000] {logging_mixin.py:188} INFO - [2024-06-16T07:58:36.152+0000] {dag.py:3096} INFO - Sync 1 DAGs
[2024-06-16T07:58:36.163+0000] {logging_mixin.py:188} INFO - [2024-06-16T07:58:36.163+0000] {dag.py:3954} INFO - Setting next_dagrun for example_nested_branch_dag to 2024-06-15 00:00:00+00:00, run_after=2024-06-16 00:00:00+00:00
[2024-06-16T07:58:36.172+0000] {processor.py:183} INFO - Processing /home/airflow/.local/lib/python3.12/site-packages/airflow/example_dags/example_nested_branch_dag.py took 0.040 seconds
[2024-06-16T07:59:06.416+0000] {processor.py:161} INFO - Started process (PID=515) to work on /home/airflow/.local/lib/python3.12/site-packages/airflow/example_dags/example_nested_branch_dag.py
[2024-06-16T07:59:06.417+0000] {processor.py:830} INFO - Processing file /home/airflow/.local/lib/python3.12/site-packages/airflow/example_dags/example_nested_branch_dag.py for tasks to queue
[2024-06-16T07:59:06.419+0000] {logging_mixin.py:188} INFO - [2024-06-16T07:59:06.419+0000] {dagbag.py:545} INFO - Filling up the DagBag from /home/airflow/.local/lib/python3.12/site-packages/airflow/example_dags/example_nested_branch_dag.py
[2024-06-16T07:59:06.424+0000] {processor.py:840} INFO - DAG(s) 'example_nested_branch_dag' retrieved from /home/airflow/.local/lib/python3.12/site-packages/airflow/example_dags/example_nested_branch_dag.py
[2024-06-16T07:59:06.436+0000] {logging_mixin.py:188} INFO - [2024-06-16T07:59:06.436+0000] {dag.py:3096} INFO - Sync 1 DAGs
[2024-06-16T07:59:06.451+0000] {logging_mixin.py:188} INFO - [2024-06-16T07:59:06.451+0000] {dag.py:3954} INFO - Setting next_dagrun for example_nested_branch_dag to 2024-06-15 00:00:00+00:00, run_after=2024-06-16 00:00:00+00:00
[2024-06-16T07:59:06.461+0000] {processor.py:183} INFO - Processing /home/airflow/.local/lib/python3.12/site-packages/airflow/example_dags/example_nested_branch_dag.py took 0.048 seconds
[2024-06-16T07:59:36.757+0000] {processor.py:161} INFO - Started process (PID=575) to work on /home/airflow/.local/lib/python3.12/site-packages/airflow/example_dags/example_nested_branch_dag.py
[2024-06-16T07:59:36.758+0000] {processor.py:830} INFO - Processing file /home/airflow/.local/lib/python3.12/site-packages/airflow/example_dags/example_nested_branch_dag.py for tasks to queue
[2024-06-16T07:59:36.760+0000] {logging_mixin.py:188} INFO - [2024-06-16T07:59:36.759+0000] {dagbag.py:545} INFO - Filling up the DagBag from /home/airflow/.local/lib/python3.12/site-packages/airflow/example_dags/example_nested_branch_dag.py
[2024-06-16T07:59:36.768+0000] {processor.py:840} INFO - DAG(s) 'example_nested_branch_dag' retrieved from /home/airflow/.local/lib/python3.12/site-packages/airflow/example_dags/example_nested_branch_dag.py
[2024-06-16T07:59:36.783+0000] {logging_mixin.py:188} INFO - [2024-06-16T07:59:36.783+0000] {dag.py:3096} INFO - Sync 1 DAGs
[2024-06-16T07:59:36.799+0000] {logging_mixin.py:188} INFO - [2024-06-16T07:59:36.799+0000] {dag.py:3954} INFO - Setting next_dagrun for example_nested_branch_dag to 2024-06-15 00:00:00+00:00, run_after=2024-06-16 00:00:00+00:00
[2024-06-16T07:59:36.812+0000] {processor.py:183} INFO - Processing /home/airflow/.local/lib/python3.12/site-packages/airflow/example_dags/example_nested_branch_dag.py took 0.058 seconds
[2024-06-16T08:00:07.111+0000] {processor.py:161} INFO - Started process (PID=634) to work on /home/airflow/.local/lib/python3.12/site-packages/airflow/example_dags/example_nested_branch_dag.py
[2024-06-16T08:00:07.112+0000] {processor.py:830} INFO - Processing file /home/airflow/.local/lib/python3.12/site-packages/airflow/example_dags/example_nested_branch_dag.py for tasks to queue
[2024-06-16T08:00:07.113+0000] {logging_mixin.py:188} INFO - [2024-06-16T08:00:07.113+0000] {dagbag.py:545} INFO - Filling up the DagBag from /home/airflow/.local/lib/python3.12/site-packages/airflow/example_dags/example_nested_branch_dag.py
[2024-06-16T08:00:07.118+0000] {processor.py:840} INFO - DAG(s) 'example_nested_branch_dag' retrieved from /home/airflow/.local/lib/python3.12/site-packages/airflow/example_dags/example_nested_branch_dag.py
[2024-06-16T08:00:07.129+0000] {logging_mixin.py:188} INFO - [2024-06-16T08:00:07.129+0000] {dag.py:3096} INFO - Sync 1 DAGs
[2024-06-16T08:00:07.140+0000] {logging_mixin.py:188} INFO - [2024-06-16T08:00:07.140+0000] {dag.py:3954} INFO - Setting next_dagrun for example_nested_branch_dag to 2024-06-15 00:00:00+00:00, run_after=2024-06-16 00:00:00+00:00
[2024-06-16T08:00:07.149+0000] {processor.py:183} INFO - Processing /home/airflow/.local/lib/python3.12/site-packages/airflow/example_dags/example_nested_branch_dag.py took 0.040 seconds
[2024-06-16T08:00:37.349+0000] {processor.py:161} INFO - Started process (PID=693) to work on /home/airflow/.local/lib/python3.12/site-packages/airflow/example_dags/example_nested_branch_dag.py
[2024-06-16T08:00:37.350+0000] {processor.py:830} INFO - Processing file /home/airflow/.local/lib/python3.12/site-packages/airflow/example_dags/example_nested_branch_dag.py for tasks to queue
[2024-06-16T08:00:37.351+0000] {logging_mixin.py:188} INFO - [2024-06-16T08:00:37.351+0000] {dagbag.py:545} INFO - Filling up the DagBag from /home/airflow/.local/lib/python3.12/site-packages/airflow/example_dags/example_nested_branch_dag.py
[2024-06-16T08:00:37.362+0000] {processor.py:840} INFO - DAG(s) 'example_nested_branch_dag' retrieved from /home/airflow/.local/lib/python3.12/site-packages/airflow/example_dags/example_nested_branch_dag.py
[2024-06-16T08:00:37.387+0000] {logging_mixin.py:188} INFO - [2024-06-16T08:00:37.387+0000] {dag.py:3096} INFO - Sync 1 DAGs
[2024-06-16T08:00:37.407+0000] {logging_mixin.py:188} INFO - [2024-06-16T08:00:37.407+0000] {dag.py:3954} INFO - Setting next_dagrun for example_nested_branch_dag to 2024-06-15 00:00:00+00:00, run_after=2024-06-16 00:00:00+00:00
[2024-06-16T08:00:37.420+0000] {processor.py:183} INFO - Processing /home/airflow/.local/lib/python3.12/site-packages/airflow/example_dags/example_nested_branch_dag.py took 0.074 seconds
[2024-06-16T08:01:07.732+0000] {processor.py:161} INFO - Started process (PID=752) to work on /home/airflow/.local/lib/python3.12/site-packages/airflow/example_dags/example_nested_branch_dag.py
[2024-06-16T08:01:07.732+0000] {processor.py:830} INFO - Processing file /home/airflow/.local/lib/python3.12/site-packages/airflow/example_dags/example_nested_branch_dag.py for tasks to queue
[2024-06-16T08:01:07.733+0000] {logging_mixin.py:188} INFO - [2024-06-16T08:01:07.733+0000] {dagbag.py:545} INFO - Filling up the DagBag from /home/airflow/.local/lib/python3.12/site-packages/airflow/example_dags/example_nested_branch_dag.py
[2024-06-16T08:01:07.739+0000] {processor.py:840} INFO - DAG(s) 'example_nested_branch_dag' retrieved from /home/airflow/.local/lib/python3.12/site-packages/airflow/example_dags/example_nested_branch_dag.py
[2024-06-16T08:01:07.756+0000] {logging_mixin.py:188} INFO - [2024-06-16T08:01:07.755+0000] {dag.py:3096} INFO - Sync 1 DAGs
[2024-06-16T08:01:07.777+0000] {logging_mixin.py:188} INFO - [2024-06-16T08:01:07.777+0000] {dag.py:3954} INFO - Setting next_dagrun for example_nested_branch_dag to 2024-06-15 00:00:00+00:00, run_after=2024-06-16 00:00:00+00:00
[2024-06-16T08:01:07.789+0000] {processor.py:183} INFO - Processing /home/airflow/.local/lib/python3.12/site-packages/airflow/example_dags/example_nested_branch_dag.py took 0.060 seconds
[2024-06-16T08:01:38.592+0000] {processor.py:161} INFO - Started process (PID=811) to work on /home/airflow/.local/lib/python3.12/site-packages/airflow/example_dags/example_nested_branch_dag.py
[2024-06-16T08:01:38.593+0000] {processor.py:830} INFO - Processing file /home/airflow/.local/lib/python3.12/site-packages/airflow/example_dags/example_nested_branch_dag.py for tasks to queue
[2024-06-16T08:01:38.594+0000] {logging_mixin.py:188} INFO - [2024-06-16T08:01:38.594+0000] {dagbag.py:545} INFO - Filling up the DagBag from /home/airflow/.local/lib/python3.12/site-packages/airflow/example_dags/example_nested_branch_dag.py
[2024-06-16T08:01:38.606+0000] {processor.py:840} INFO - DAG(s) 'example_nested_branch_dag' retrieved from /home/airflow/.local/lib/python3.12/site-packages/airflow/example_dags/example_nested_branch_dag.py
[2024-06-16T08:01:38.649+0000] {logging_mixin.py:188} INFO - [2024-06-16T08:01:38.649+0000] {dag.py:3096} INFO - Sync 1 DAGs
[2024-06-16T08:01:38.671+0000] {logging_mixin.py:188} INFO - [2024-06-16T08:01:38.671+0000] {dag.py:3954} INFO - Setting next_dagrun for example_nested_branch_dag to 2024-06-15 00:00:00+00:00, run_after=2024-06-16 00:00:00+00:00
[2024-06-16T08:01:38.688+0000] {processor.py:183} INFO - Processing /home/airflow/.local/lib/python3.12/site-packages/airflow/example_dags/example_nested_branch_dag.py took 0.102 seconds
[2024-06-16T08:02:23.688+0000] {processor.py:161} INFO - Started process (PID=43) to work on /home/airflow/.local/lib/python3.12/site-packages/airflow/example_dags/example_nested_branch_dag.py
[2024-06-16T08:02:23.690+0000] {processor.py:830} INFO - Processing file /home/airflow/.local/lib/python3.12/site-packages/airflow/example_dags/example_nested_branch_dag.py for tasks to queue
[2024-06-16T08:02:23.691+0000] {logging_mixin.py:188} INFO - [2024-06-16T08:02:23.691+0000] {dagbag.py:545} INFO - Filling up the DagBag from /home/airflow/.local/lib/python3.12/site-packages/airflow/example_dags/example_nested_branch_dag.py
[2024-06-16T08:02:23.701+0000] {processor.py:840} INFO - DAG(s) 'example_nested_branch_dag' retrieved from /home/airflow/.local/lib/python3.12/site-packages/airflow/example_dags/example_nested_branch_dag.py
[2024-06-16T08:02:23.732+0000] {logging_mixin.py:188} INFO - [2024-06-16T08:02:23.732+0000] {dag.py:3096} INFO - Sync 1 DAGs
[2024-06-16T08:02:23.758+0000] {logging_mixin.py:188} INFO - [2024-06-16T08:02:23.758+0000] {dag.py:3954} INFO - Setting next_dagrun for example_nested_branch_dag to 2024-06-15 00:00:00+00:00, run_after=2024-06-16 00:00:00+00:00
[2024-06-16T08:02:23.787+0000] {processor.py:183} INFO - Processing /home/airflow/.local/lib/python3.12/site-packages/airflow/example_dags/example_nested_branch_dag.py took 0.104 seconds
[2024-06-16T08:02:55.050+0000] {processor.py:161} INFO - Started process (PID=102) to work on /home/airflow/.local/lib/python3.12/site-packages/airflow/example_dags/example_nested_branch_dag.py
[2024-06-16T08:02:55.051+0000] {processor.py:830} INFO - Processing file /home/airflow/.local/lib/python3.12/site-packages/airflow/example_dags/example_nested_branch_dag.py for tasks to queue
[2024-06-16T08:02:55.052+0000] {logging_mixin.py:188} INFO - [2024-06-16T08:02:55.051+0000] {dagbag.py:545} INFO - Filling up the DagBag from /home/airflow/.local/lib/python3.12/site-packages/airflow/example_dags/example_nested_branch_dag.py
[2024-06-16T08:02:55.057+0000] {processor.py:840} INFO - DAG(s) 'example_nested_branch_dag' retrieved from /home/airflow/.local/lib/python3.12/site-packages/airflow/example_dags/example_nested_branch_dag.py
[2024-06-16T08:02:55.226+0000] {logging_mixin.py:188} INFO - [2024-06-16T08:02:55.226+0000] {dag.py:3096} INFO - Sync 1 DAGs
[2024-06-16T08:02:55.240+0000] {logging_mixin.py:188} INFO - [2024-06-16T08:02:55.239+0000] {dag.py:3954} INFO - Setting next_dagrun for example_nested_branch_dag to 2024-06-15 00:00:00+00:00, run_after=2024-06-16 00:00:00+00:00
[2024-06-16T08:02:55.248+0000] {processor.py:183} INFO - Processing /home/airflow/.local/lib/python3.12/site-packages/airflow/example_dags/example_nested_branch_dag.py took 0.201 seconds
[2024-06-16T08:03:25.825+0000] {processor.py:161} INFO - Started process (PID=161) to work on /home/airflow/.local/lib/python3.12/site-packages/airflow/example_dags/example_nested_branch_dag.py
[2024-06-16T08:03:25.826+0000] {processor.py:830} INFO - Processing file /home/airflow/.local/lib/python3.12/site-packages/airflow/example_dags/example_nested_branch_dag.py for tasks to queue
[2024-06-16T08:03:25.828+0000] {logging_mixin.py:188} INFO - [2024-06-16T08:03:25.828+0000] {dagbag.py:545} INFO - Filling up the DagBag from /home/airflow/.local/lib/python3.12/site-packages/airflow/example_dags/example_nested_branch_dag.py
[2024-06-16T08:03:25.833+0000] {processor.py:840} INFO - DAG(s) 'example_nested_branch_dag' retrieved from /home/airflow/.local/lib/python3.12/site-packages/airflow/example_dags/example_nested_branch_dag.py
[2024-06-16T08:03:25.845+0000] {logging_mixin.py:188} INFO - [2024-06-16T08:03:25.845+0000] {dag.py:3096} INFO - Sync 1 DAGs
[2024-06-16T08:03:25.856+0000] {logging_mixin.py:188} INFO - [2024-06-16T08:03:25.856+0000] {dag.py:3954} INFO - Setting next_dagrun for example_nested_branch_dag to 2024-06-15 00:00:00+00:00, run_after=2024-06-16 00:00:00+00:00
[2024-06-16T08:03:25.866+0000] {processor.py:183} INFO - Processing /home/airflow/.local/lib/python3.12/site-packages/airflow/example_dags/example_nested_branch_dag.py took 0.045 seconds
[2024-06-16T08:03:56.985+0000] {processor.py:161} INFO - Started process (PID=220) to work on /home/airflow/.local/lib/python3.12/site-packages/airflow/example_dags/example_nested_branch_dag.py
[2024-06-16T08:03:56.986+0000] {processor.py:830} INFO - Processing file /home/airflow/.local/lib/python3.12/site-packages/airflow/example_dags/example_nested_branch_dag.py for tasks to queue
[2024-06-16T08:03:56.987+0000] {logging_mixin.py:188} INFO - [2024-06-16T08:03:56.987+0000] {dagbag.py:545} INFO - Filling up the DagBag from /home/airflow/.local/lib/python3.12/site-packages/airflow/example_dags/example_nested_branch_dag.py
[2024-06-16T08:03:56.992+0000] {processor.py:840} INFO - DAG(s) 'example_nested_branch_dag' retrieved from /home/airflow/.local/lib/python3.12/site-packages/airflow/example_dags/example_nested_branch_dag.py
[2024-06-16T08:03:57.091+0000] {logging_mixin.py:188} INFO - [2024-06-16T08:03:57.091+0000] {dag.py:3096} INFO - Sync 1 DAGs
[2024-06-16T08:03:57.100+0000] {logging_mixin.py:188} INFO - [2024-06-16T08:03:57.100+0000] {dag.py:3954} INFO - Setting next_dagrun for example_nested_branch_dag to 2024-06-15 00:00:00+00:00, run_after=2024-06-16 00:00:00+00:00
[2024-06-16T08:03:57.107+0000] {processor.py:183} INFO - Processing /home/airflow/.local/lib/python3.12/site-packages/airflow/example_dags/example_nested_branch_dag.py took 0.125 seconds
[2024-06-16T08:04:28.148+0000] {processor.py:161} INFO - Started process (PID=279) to work on /home/airflow/.local/lib/python3.12/site-packages/airflow/example_dags/example_nested_branch_dag.py
[2024-06-16T08:04:28.149+0000] {processor.py:830} INFO - Processing file /home/airflow/.local/lib/python3.12/site-packages/airflow/example_dags/example_nested_branch_dag.py for tasks to queue
[2024-06-16T08:04:28.150+0000] {logging_mixin.py:188} INFO - [2024-06-16T08:04:28.150+0000] {dagbag.py:545} INFO - Filling up the DagBag from /home/airflow/.local/lib/python3.12/site-packages/airflow/example_dags/example_nested_branch_dag.py
[2024-06-16T08:04:28.156+0000] {processor.py:840} INFO - DAG(s) 'example_nested_branch_dag' retrieved from /home/airflow/.local/lib/python3.12/site-packages/airflow/example_dags/example_nested_branch_dag.py
[2024-06-16T08:04:28.168+0000] {logging_mixin.py:188} INFO - [2024-06-16T08:04:28.167+0000] {dag.py:3096} INFO - Sync 1 DAGs
[2024-06-16T08:04:28.308+0000] {logging_mixin.py:188} INFO - [2024-06-16T08:04:28.307+0000] {dag.py:3954} INFO - Setting next_dagrun for example_nested_branch_dag to 2024-06-15 00:00:00+00:00, run_after=2024-06-16 00:00:00+00:00
[2024-06-16T08:04:28.319+0000] {processor.py:183} INFO - Processing /home/airflow/.local/lib/python3.12/site-packages/airflow/example_dags/example_nested_branch_dag.py took 0.174 seconds
[2024-06-16T08:04:59.268+0000] {processor.py:161} INFO - Started process (PID=337) to work on /home/airflow/.local/lib/python3.12/site-packages/airflow/example_dags/example_nested_branch_dag.py
[2024-06-16T08:04:59.271+0000] {processor.py:830} INFO - Processing file /home/airflow/.local/lib/python3.12/site-packages/airflow/example_dags/example_nested_branch_dag.py for tasks to queue
[2024-06-16T08:04:59.275+0000] {logging_mixin.py:188} INFO - [2024-06-16T08:04:59.274+0000] {dagbag.py:545} INFO - Filling up the DagBag from /home/airflow/.local/lib/python3.12/site-packages/airflow/example_dags/example_nested_branch_dag.py
[2024-06-16T08:04:59.291+0000] {processor.py:840} INFO - DAG(s) 'example_nested_branch_dag' retrieved from /home/airflow/.local/lib/python3.12/site-packages/airflow/example_dags/example_nested_branch_dag.py
[2024-06-16T08:04:59.313+0000] {logging_mixin.py:188} INFO - [2024-06-16T08:04:59.313+0000] {dag.py:3096} INFO - Sync 1 DAGs
[2024-06-16T08:04:59.330+0000] {logging_mixin.py:188} INFO - [2024-06-16T08:04:59.329+0000] {dag.py:3954} INFO - Setting next_dagrun for example_nested_branch_dag to 2024-06-15 00:00:00+00:00, run_after=2024-06-16 00:00:00+00:00
[2024-06-16T08:04:59.340+0000] {processor.py:183} INFO - Processing /home/airflow/.local/lib/python3.12/site-packages/airflow/example_dags/example_nested_branch_dag.py took 0.088 seconds
[2024-06-16T08:05:29.606+0000] {processor.py:161} INFO - Started process (PID=396) to work on /home/airflow/.local/lib/python3.12/site-packages/airflow/example_dags/example_nested_branch_dag.py
[2024-06-16T08:05:29.608+0000] {processor.py:830} INFO - Processing file /home/airflow/.local/lib/python3.12/site-packages/airflow/example_dags/example_nested_branch_dag.py for tasks to queue
[2024-06-16T08:05:29.611+0000] {logging_mixin.py:188} INFO - [2024-06-16T08:05:29.610+0000] {dagbag.py:545} INFO - Filling up the DagBag from /home/airflow/.local/lib/python3.12/site-packages/airflow/example_dags/example_nested_branch_dag.py
[2024-06-16T08:05:29.623+0000] {processor.py:840} INFO - DAG(s) 'example_nested_branch_dag' retrieved from /home/airflow/.local/lib/python3.12/site-packages/airflow/example_dags/example_nested_branch_dag.py
[2024-06-16T08:05:29.639+0000] {logging_mixin.py:188} INFO - [2024-06-16T08:05:29.639+0000] {dag.py:3096} INFO - Sync 1 DAGs
[2024-06-16T08:05:29.651+0000] {logging_mixin.py:188} INFO - [2024-06-16T08:05:29.650+0000] {dag.py:3954} INFO - Setting next_dagrun for example_nested_branch_dag to 2024-06-15 00:00:00+00:00, run_after=2024-06-16 00:00:00+00:00
[2024-06-16T08:05:29.659+0000] {processor.py:183} INFO - Processing /home/airflow/.local/lib/python3.12/site-packages/airflow/example_dags/example_nested_branch_dag.py took 0.064 seconds
[2024-06-16T08:05:59.710+0000] {processor.py:161} INFO - Started process (PID=456) to work on /home/airflow/.local/lib/python3.12/site-packages/airflow/example_dags/example_nested_branch_dag.py
[2024-06-16T08:05:59.711+0000] {processor.py:830} INFO - Processing file /home/airflow/.local/lib/python3.12/site-packages/airflow/example_dags/example_nested_branch_dag.py for tasks to queue
[2024-06-16T08:05:59.713+0000] {logging_mixin.py:188} INFO - [2024-06-16T08:05:59.713+0000] {dagbag.py:545} INFO - Filling up the DagBag from /home/airflow/.local/lib/python3.12/site-packages/airflow/example_dags/example_nested_branch_dag.py
[2024-06-16T08:05:59.723+0000] {processor.py:840} INFO - DAG(s) 'example_nested_branch_dag' retrieved from /home/airflow/.local/lib/python3.12/site-packages/airflow/example_dags/example_nested_branch_dag.py
[2024-06-16T08:05:59.742+0000] {logging_mixin.py:188} INFO - [2024-06-16T08:05:59.742+0000] {dag.py:3096} INFO - Sync 1 DAGs
[2024-06-16T08:05:59.755+0000] {logging_mixin.py:188} INFO - [2024-06-16T08:05:59.755+0000] {dag.py:3954} INFO - Setting next_dagrun for example_nested_branch_dag to 2024-06-15 00:00:00+00:00, run_after=2024-06-16 00:00:00+00:00
[2024-06-16T08:05:59.764+0000] {processor.py:183} INFO - Processing /home/airflow/.local/lib/python3.12/site-packages/airflow/example_dags/example_nested_branch_dag.py took 0.061 seconds
[2024-06-16T08:06:30.330+0000] {processor.py:161} INFO - Started process (PID=515) to work on /home/airflow/.local/lib/python3.12/site-packages/airflow/example_dags/example_nested_branch_dag.py
[2024-06-16T08:06:30.333+0000] {processor.py:830} INFO - Processing file /home/airflow/.local/lib/python3.12/site-packages/airflow/example_dags/example_nested_branch_dag.py for tasks to queue
[2024-06-16T08:06:30.335+0000] {logging_mixin.py:188} INFO - [2024-06-16T08:06:30.335+0000] {dagbag.py:545} INFO - Filling up the DagBag from /home/airflow/.local/lib/python3.12/site-packages/airflow/example_dags/example_nested_branch_dag.py
[2024-06-16T08:06:30.346+0000] {processor.py:840} INFO - DAG(s) 'example_nested_branch_dag' retrieved from /home/airflow/.local/lib/python3.12/site-packages/airflow/example_dags/example_nested_branch_dag.py
[2024-06-16T08:06:30.365+0000] {logging_mixin.py:188} INFO - [2024-06-16T08:06:30.365+0000] {dag.py:3096} INFO - Sync 1 DAGs
[2024-06-16T08:06:30.379+0000] {logging_mixin.py:188} INFO - [2024-06-16T08:06:30.379+0000] {dag.py:3954} INFO - Setting next_dagrun for example_nested_branch_dag to 2024-06-15 00:00:00+00:00, run_after=2024-06-16 00:00:00+00:00
[2024-06-16T08:06:30.389+0000] {processor.py:183} INFO - Processing /home/airflow/.local/lib/python3.12/site-packages/airflow/example_dags/example_nested_branch_dag.py took 0.069 seconds
[2024-06-16T08:07:00.468+0000] {processor.py:161} INFO - Started process (PID=574) to work on /home/airflow/.local/lib/python3.12/site-packages/airflow/example_dags/example_nested_branch_dag.py
[2024-06-16T08:07:00.470+0000] {processor.py:830} INFO - Processing file /home/airflow/.local/lib/python3.12/site-packages/airflow/example_dags/example_nested_branch_dag.py for tasks to queue
[2024-06-16T08:07:00.472+0000] {logging_mixin.py:188} INFO - [2024-06-16T08:07:00.472+0000] {dagbag.py:545} INFO - Filling up the DagBag from /home/airflow/.local/lib/python3.12/site-packages/airflow/example_dags/example_nested_branch_dag.py
[2024-06-16T08:07:00.482+0000] {processor.py:840} INFO - DAG(s) 'example_nested_branch_dag' retrieved from /home/airflow/.local/lib/python3.12/site-packages/airflow/example_dags/example_nested_branch_dag.py
[2024-06-16T08:07:00.501+0000] {logging_mixin.py:188} INFO - [2024-06-16T08:07:00.501+0000] {dag.py:3096} INFO - Sync 1 DAGs
[2024-06-16T08:07:00.516+0000] {logging_mixin.py:188} INFO - [2024-06-16T08:07:00.516+0000] {dag.py:3954} INFO - Setting next_dagrun for example_nested_branch_dag to 2024-06-15 00:00:00+00:00, run_after=2024-06-16 00:00:00+00:00
[2024-06-16T08:07:00.526+0000] {processor.py:183} INFO - Processing /home/airflow/.local/lib/python3.12/site-packages/airflow/example_dags/example_nested_branch_dag.py took 0.067 seconds
[2024-06-16T08:07:31.537+0000] {processor.py:161} INFO - Started process (PID=633) to work on /home/airflow/.local/lib/python3.12/site-packages/airflow/example_dags/example_nested_branch_dag.py
[2024-06-16T08:07:31.538+0000] {processor.py:830} INFO - Processing file /home/airflow/.local/lib/python3.12/site-packages/airflow/example_dags/example_nested_branch_dag.py for tasks to queue
[2024-06-16T08:07:31.541+0000] {logging_mixin.py:188} INFO - [2024-06-16T08:07:31.540+0000] {dagbag.py:545} INFO - Filling up the DagBag from /home/airflow/.local/lib/python3.12/site-packages/airflow/example_dags/example_nested_branch_dag.py
[2024-06-16T08:07:31.550+0000] {processor.py:840} INFO - DAG(s) 'example_nested_branch_dag' retrieved from /home/airflow/.local/lib/python3.12/site-packages/airflow/example_dags/example_nested_branch_dag.py
[2024-06-16T08:07:31.568+0000] {logging_mixin.py:188} INFO - [2024-06-16T08:07:31.567+0000] {dag.py:3096} INFO - Sync 1 DAGs
[2024-06-16T08:07:31.583+0000] {logging_mixin.py:188} INFO - [2024-06-16T08:07:31.583+0000] {dag.py:3954} INFO - Setting next_dagrun for example_nested_branch_dag to 2024-06-15 00:00:00+00:00, run_after=2024-06-16 00:00:00+00:00
[2024-06-16T08:07:31.593+0000] {processor.py:183} INFO - Processing /home/airflow/.local/lib/python3.12/site-packages/airflow/example_dags/example_nested_branch_dag.py took 0.064 seconds
[2024-06-16T08:08:01.824+0000] {processor.py:161} INFO - Started process (PID=692) to work on /home/airflow/.local/lib/python3.12/site-packages/airflow/example_dags/example_nested_branch_dag.py
[2024-06-16T08:08:01.832+0000] {processor.py:830} INFO - Processing file /home/airflow/.local/lib/python3.12/site-packages/airflow/example_dags/example_nested_branch_dag.py for tasks to queue
[2024-06-16T08:08:01.835+0000] {logging_mixin.py:188} INFO - [2024-06-16T08:08:01.834+0000] {dagbag.py:545} INFO - Filling up the DagBag from /home/airflow/.local/lib/python3.12/site-packages/airflow/example_dags/example_nested_branch_dag.py
[2024-06-16T08:08:01.851+0000] {processor.py:840} INFO - DAG(s) 'example_nested_branch_dag' retrieved from /home/airflow/.local/lib/python3.12/site-packages/airflow/example_dags/example_nested_branch_dag.py
[2024-06-16T08:08:01.891+0000] {logging_mixin.py:188} INFO - [2024-06-16T08:08:01.891+0000] {dag.py:3096} INFO - Sync 1 DAGs
[2024-06-16T08:08:01.916+0000] {logging_mixin.py:188} INFO - [2024-06-16T08:08:01.915+0000] {dag.py:3954} INFO - Setting next_dagrun for example_nested_branch_dag to 2024-06-15 00:00:00+00:00, run_after=2024-06-16 00:00:00+00:00
[2024-06-16T08:08:01.930+0000] {processor.py:183} INFO - Processing /home/airflow/.local/lib/python3.12/site-packages/airflow/example_dags/example_nested_branch_dag.py took 0.118 seconds
[2024-06-16T08:08:32.596+0000] {processor.py:161} INFO - Started process (PID=751) to work on /home/airflow/.local/lib/python3.12/site-packages/airflow/example_dags/example_nested_branch_dag.py
[2024-06-16T08:08:32.600+0000] {processor.py:830} INFO - Processing file /home/airflow/.local/lib/python3.12/site-packages/airflow/example_dags/example_nested_branch_dag.py for tasks to queue
[2024-06-16T08:08:32.603+0000] {logging_mixin.py:188} INFO - [2024-06-16T08:08:32.603+0000] {dagbag.py:545} INFO - Filling up the DagBag from /home/airflow/.local/lib/python3.12/site-packages/airflow/example_dags/example_nested_branch_dag.py
[2024-06-16T08:08:32.635+0000] {processor.py:840} INFO - DAG(s) 'example_nested_branch_dag' retrieved from /home/airflow/.local/lib/python3.12/site-packages/airflow/example_dags/example_nested_branch_dag.py
[2024-06-16T08:08:32.677+0000] {logging_mixin.py:188} INFO - [2024-06-16T08:08:32.677+0000] {dag.py:3096} INFO - Sync 1 DAGs
[2024-06-16T08:08:32.724+0000] {logging_mixin.py:188} INFO - [2024-06-16T08:08:32.724+0000] {dag.py:3954} INFO - Setting next_dagrun for example_nested_branch_dag to 2024-06-15 00:00:00+00:00, run_after=2024-06-16 00:00:00+00:00
[2024-06-16T08:08:32.738+0000] {processor.py:183} INFO - Processing /home/airflow/.local/lib/python3.12/site-packages/airflow/example_dags/example_nested_branch_dag.py took 0.150 seconds
[2024-06-16T08:09:03.114+0000] {processor.py:161} INFO - Started process (PID=810) to work on /home/airflow/.local/lib/python3.12/site-packages/airflow/example_dags/example_nested_branch_dag.py
[2024-06-16T08:09:03.116+0000] {processor.py:830} INFO - Processing file /home/airflow/.local/lib/python3.12/site-packages/airflow/example_dags/example_nested_branch_dag.py for tasks to queue
[2024-06-16T08:09:03.119+0000] {logging_mixin.py:188} INFO - [2024-06-16T08:09:03.118+0000] {dagbag.py:545} INFO - Filling up the DagBag from /home/airflow/.local/lib/python3.12/site-packages/airflow/example_dags/example_nested_branch_dag.py
[2024-06-16T08:09:03.129+0000] {processor.py:840} INFO - DAG(s) 'example_nested_branch_dag' retrieved from /home/airflow/.local/lib/python3.12/site-packages/airflow/example_dags/example_nested_branch_dag.py
[2024-06-16T08:09:03.153+0000] {logging_mixin.py:188} INFO - [2024-06-16T08:09:03.153+0000] {dag.py:3096} INFO - Sync 1 DAGs
[2024-06-16T08:09:03.169+0000] {logging_mixin.py:188} INFO - [2024-06-16T08:09:03.168+0000] {dag.py:3954} INFO - Setting next_dagrun for example_nested_branch_dag to 2024-06-15 00:00:00+00:00, run_after=2024-06-16 00:00:00+00:00
[2024-06-16T08:09:03.179+0000] {processor.py:183} INFO - Processing /home/airflow/.local/lib/python3.12/site-packages/airflow/example_dags/example_nested_branch_dag.py took 0.073 seconds
[2024-06-16T08:09:33.891+0000] {processor.py:161} INFO - Started process (PID=869) to work on /home/airflow/.local/lib/python3.12/site-packages/airflow/example_dags/example_nested_branch_dag.py
[2024-06-16T08:09:33.894+0000] {processor.py:830} INFO - Processing file /home/airflow/.local/lib/python3.12/site-packages/airflow/example_dags/example_nested_branch_dag.py for tasks to queue
[2024-06-16T08:09:33.896+0000] {logging_mixin.py:188} INFO - [2024-06-16T08:09:33.896+0000] {dagbag.py:545} INFO - Filling up the DagBag from /home/airflow/.local/lib/python3.12/site-packages/airflow/example_dags/example_nested_branch_dag.py
[2024-06-16T08:09:33.908+0000] {processor.py:840} INFO - DAG(s) 'example_nested_branch_dag' retrieved from /home/airflow/.local/lib/python3.12/site-packages/airflow/example_dags/example_nested_branch_dag.py
[2024-06-16T08:09:33.927+0000] {logging_mixin.py:188} INFO - [2024-06-16T08:09:33.927+0000] {dag.py:3096} INFO - Sync 1 DAGs
[2024-06-16T08:09:33.944+0000] {logging_mixin.py:188} INFO - [2024-06-16T08:09:33.944+0000] {dag.py:3954} INFO - Setting next_dagrun for example_nested_branch_dag to 2024-06-15 00:00:00+00:00, run_after=2024-06-16 00:00:00+00:00
[2024-06-16T08:09:33.955+0000] {processor.py:183} INFO - Processing /home/airflow/.local/lib/python3.12/site-packages/airflow/example_dags/example_nested_branch_dag.py took 0.074 seconds
[2024-06-16T08:10:04.456+0000] {processor.py:161} INFO - Started process (PID=928) to work on /home/airflow/.local/lib/python3.12/site-packages/airflow/example_dags/example_nested_branch_dag.py
[2024-06-16T08:10:04.459+0000] {processor.py:830} INFO - Processing file /home/airflow/.local/lib/python3.12/site-packages/airflow/example_dags/example_nested_branch_dag.py for tasks to queue
[2024-06-16T08:10:04.461+0000] {logging_mixin.py:188} INFO - [2024-06-16T08:10:04.460+0000] {dagbag.py:545} INFO - Filling up the DagBag from /home/airflow/.local/lib/python3.12/site-packages/airflow/example_dags/example_nested_branch_dag.py
[2024-06-16T08:10:04.471+0000] {processor.py:840} INFO - DAG(s) 'example_nested_branch_dag' retrieved from /home/airflow/.local/lib/python3.12/site-packages/airflow/example_dags/example_nested_branch_dag.py
[2024-06-16T08:10:04.491+0000] {logging_mixin.py:188} INFO - [2024-06-16T08:10:04.491+0000] {dag.py:3096} INFO - Sync 1 DAGs
[2024-06-16T08:10:04.504+0000] {logging_mixin.py:188} INFO - [2024-06-16T08:10:04.504+0000] {dag.py:3954} INFO - Setting next_dagrun for example_nested_branch_dag to 2024-06-15 00:00:00+00:00, run_after=2024-06-16 00:00:00+00:00
[2024-06-16T08:10:04.513+0000] {processor.py:183} INFO - Processing /home/airflow/.local/lib/python3.12/site-packages/airflow/example_dags/example_nested_branch_dag.py took 0.065 seconds
[2024-06-16T08:10:34.946+0000] {processor.py:161} INFO - Started process (PID=987) to work on /home/airflow/.local/lib/python3.12/site-packages/airflow/example_dags/example_nested_branch_dag.py
[2024-06-16T08:10:34.950+0000] {processor.py:830} INFO - Processing file /home/airflow/.local/lib/python3.12/site-packages/airflow/example_dags/example_nested_branch_dag.py for tasks to queue
[2024-06-16T08:10:34.953+0000] {logging_mixin.py:188} INFO - [2024-06-16T08:10:34.953+0000] {dagbag.py:545} INFO - Filling up the DagBag from /home/airflow/.local/lib/python3.12/site-packages/airflow/example_dags/example_nested_branch_dag.py
[2024-06-16T08:10:34.965+0000] {processor.py:840} INFO - DAG(s) 'example_nested_branch_dag' retrieved from /home/airflow/.local/lib/python3.12/site-packages/airflow/example_dags/example_nested_branch_dag.py
[2024-06-16T08:10:34.982+0000] {logging_mixin.py:188} INFO - [2024-06-16T08:10:34.982+0000] {dag.py:3096} INFO - Sync 1 DAGs
[2024-06-16T08:10:34.996+0000] {logging_mixin.py:188} INFO - [2024-06-16T08:10:34.996+0000] {dag.py:3954} INFO - Setting next_dagrun for example_nested_branch_dag to 2024-06-15 00:00:00+00:00, run_after=2024-06-16 00:00:00+00:00
[2024-06-16T08:10:35.012+0000] {processor.py:183} INFO - Processing /home/airflow/.local/lib/python3.12/site-packages/airflow/example_dags/example_nested_branch_dag.py took 0.077 seconds
[2024-06-16T08:11:05.112+0000] {processor.py:161} INFO - Started process (PID=1046) to work on /home/airflow/.local/lib/python3.12/site-packages/airflow/example_dags/example_nested_branch_dag.py
[2024-06-16T08:11:05.114+0000] {processor.py:830} INFO - Processing file /home/airflow/.local/lib/python3.12/site-packages/airflow/example_dags/example_nested_branch_dag.py for tasks to queue
[2024-06-16T08:11:05.116+0000] {logging_mixin.py:188} INFO - [2024-06-16T08:11:05.116+0000] {dagbag.py:545} INFO - Filling up the DagBag from /home/airflow/.local/lib/python3.12/site-packages/airflow/example_dags/example_nested_branch_dag.py
[2024-06-16T08:11:05.126+0000] {processor.py:840} INFO - DAG(s) 'example_nested_branch_dag' retrieved from /home/airflow/.local/lib/python3.12/site-packages/airflow/example_dags/example_nested_branch_dag.py
[2024-06-16T08:11:05.144+0000] {logging_mixin.py:188} INFO - [2024-06-16T08:11:05.144+0000] {dag.py:3096} INFO - Sync 1 DAGs
[2024-06-16T08:11:05.158+0000] {logging_mixin.py:188} INFO - [2024-06-16T08:11:05.158+0000] {dag.py:3954} INFO - Setting next_dagrun for example_nested_branch_dag to 2024-06-15 00:00:00+00:00, run_after=2024-06-16 00:00:00+00:00
[2024-06-16T08:11:05.168+0000] {processor.py:183} INFO - Processing /home/airflow/.local/lib/python3.12/site-packages/airflow/example_dags/example_nested_branch_dag.py took 0.064 seconds
[2024-06-16T08:11:36.159+0000] {processor.py:161} INFO - Started process (PID=1105) to work on /home/airflow/.local/lib/python3.12/site-packages/airflow/example_dags/example_nested_branch_dag.py
[2024-06-16T08:11:36.160+0000] {processor.py:830} INFO - Processing file /home/airflow/.local/lib/python3.12/site-packages/airflow/example_dags/example_nested_branch_dag.py for tasks to queue
[2024-06-16T08:11:36.161+0000] {logging_mixin.py:188} INFO - [2024-06-16T08:11:36.161+0000] {dagbag.py:545} INFO - Filling up the DagBag from /home/airflow/.local/lib/python3.12/site-packages/airflow/example_dags/example_nested_branch_dag.py
[2024-06-16T08:11:36.174+0000] {processor.py:840} INFO - DAG(s) 'example_nested_branch_dag' retrieved from /home/airflow/.local/lib/python3.12/site-packages/airflow/example_dags/example_nested_branch_dag.py
[2024-06-16T08:11:36.191+0000] {logging_mixin.py:188} INFO - [2024-06-16T08:11:36.191+0000] {dag.py:3096} INFO - Sync 1 DAGs
[2024-06-16T08:11:36.204+0000] {logging_mixin.py:188} INFO - [2024-06-16T08:11:36.204+0000] {dag.py:3954} INFO - Setting next_dagrun for example_nested_branch_dag to 2024-06-15 00:00:00+00:00, run_after=2024-06-16 00:00:00+00:00
[2024-06-16T08:11:36.216+0000] {processor.py:183} INFO - Processing /home/airflow/.local/lib/python3.12/site-packages/airflow/example_dags/example_nested_branch_dag.py took 0.063 seconds
[2024-06-16T08:12:06.787+0000] {processor.py:161} INFO - Started process (PID=1164) to work on /home/airflow/.local/lib/python3.12/site-packages/airflow/example_dags/example_nested_branch_dag.py
[2024-06-16T08:12:06.789+0000] {processor.py:830} INFO - Processing file /home/airflow/.local/lib/python3.12/site-packages/airflow/example_dags/example_nested_branch_dag.py for tasks to queue
[2024-06-16T08:12:06.791+0000] {logging_mixin.py:188} INFO - [2024-06-16T08:12:06.791+0000] {dagbag.py:545} INFO - Filling up the DagBag from /home/airflow/.local/lib/python3.12/site-packages/airflow/example_dags/example_nested_branch_dag.py
[2024-06-16T08:12:06.802+0000] {processor.py:840} INFO - DAG(s) 'example_nested_branch_dag' retrieved from /home/airflow/.local/lib/python3.12/site-packages/airflow/example_dags/example_nested_branch_dag.py
[2024-06-16T08:12:06.818+0000] {logging_mixin.py:188} INFO - [2024-06-16T08:12:06.818+0000] {dag.py:3096} INFO - Sync 1 DAGs
[2024-06-16T08:12:06.832+0000] {logging_mixin.py:188} INFO - [2024-06-16T08:12:06.832+0000] {dag.py:3954} INFO - Setting next_dagrun for example_nested_branch_dag to 2024-06-15 00:00:00+00:00, run_after=2024-06-16 00:00:00+00:00
[2024-06-16T08:12:06.846+0000] {processor.py:183} INFO - Processing /home/airflow/.local/lib/python3.12/site-packages/airflow/example_dags/example_nested_branch_dag.py took 0.070 seconds
[2024-06-16T08:12:36.980+0000] {processor.py:161} INFO - Started process (PID=1222) to work on /home/airflow/.local/lib/python3.12/site-packages/airflow/example_dags/example_nested_branch_dag.py
[2024-06-16T08:12:36.982+0000] {processor.py:830} INFO - Processing file /home/airflow/.local/lib/python3.12/site-packages/airflow/example_dags/example_nested_branch_dag.py for tasks to queue
[2024-06-16T08:12:36.984+0000] {logging_mixin.py:188} INFO - [2024-06-16T08:12:36.984+0000] {dagbag.py:545} INFO - Filling up the DagBag from /home/airflow/.local/lib/python3.12/site-packages/airflow/example_dags/example_nested_branch_dag.py
[2024-06-16T08:12:36.992+0000] {processor.py:840} INFO - DAG(s) 'example_nested_branch_dag' retrieved from /home/airflow/.local/lib/python3.12/site-packages/airflow/example_dags/example_nested_branch_dag.py
[2024-06-16T08:12:37.011+0000] {logging_mixin.py:188} INFO - [2024-06-16T08:12:37.011+0000] {dag.py:3096} INFO - Sync 1 DAGs
[2024-06-16T08:12:37.025+0000] {logging_mixin.py:188} INFO - [2024-06-16T08:12:37.025+0000] {dag.py:3954} INFO - Setting next_dagrun for example_nested_branch_dag to 2024-06-15 00:00:00+00:00, run_after=2024-06-16 00:00:00+00:00
[2024-06-16T08:12:37.034+0000] {processor.py:183} INFO - Processing /home/airflow/.local/lib/python3.12/site-packages/airflow/example_dags/example_nested_branch_dag.py took 0.061 seconds
[2024-06-16T08:13:07.937+0000] {processor.py:161} INFO - Started process (PID=1281) to work on /home/airflow/.local/lib/python3.12/site-packages/airflow/example_dags/example_nested_branch_dag.py
[2024-06-16T08:13:07.949+0000] {processor.py:830} INFO - Processing file /home/airflow/.local/lib/python3.12/site-packages/airflow/example_dags/example_nested_branch_dag.py for tasks to queue
[2024-06-16T08:13:07.959+0000] {logging_mixin.py:188} INFO - [2024-06-16T08:13:07.958+0000] {dagbag.py:545} INFO - Filling up the DagBag from /home/airflow/.local/lib/python3.12/site-packages/airflow/example_dags/example_nested_branch_dag.py
[2024-06-16T08:13:07.974+0000] {processor.py:840} INFO - DAG(s) 'example_nested_branch_dag' retrieved from /home/airflow/.local/lib/python3.12/site-packages/airflow/example_dags/example_nested_branch_dag.py
[2024-06-16T08:13:08.007+0000] {logging_mixin.py:188} INFO - [2024-06-16T08:13:08.007+0000] {dag.py:3096} INFO - Sync 1 DAGs
[2024-06-16T08:13:08.051+0000] {logging_mixin.py:188} INFO - [2024-06-16T08:13:08.051+0000] {dag.py:3954} INFO - Setting next_dagrun for example_nested_branch_dag to 2024-06-15 00:00:00+00:00, run_after=2024-06-16 00:00:00+00:00
[2024-06-16T08:13:08.076+0000] {processor.py:183} INFO - Processing /home/airflow/.local/lib/python3.12/site-packages/airflow/example_dags/example_nested_branch_dag.py took 0.150 seconds
[2024-06-16T08:13:38.384+0000] {processor.py:161} INFO - Started process (PID=1340) to work on /home/airflow/.local/lib/python3.12/site-packages/airflow/example_dags/example_nested_branch_dag.py
[2024-06-16T08:13:38.386+0000] {processor.py:830} INFO - Processing file /home/airflow/.local/lib/python3.12/site-packages/airflow/example_dags/example_nested_branch_dag.py for tasks to queue
[2024-06-16T08:13:38.390+0000] {logging_mixin.py:188} INFO - [2024-06-16T08:13:38.390+0000] {dagbag.py:545} INFO - Filling up the DagBag from /home/airflow/.local/lib/python3.12/site-packages/airflow/example_dags/example_nested_branch_dag.py
[2024-06-16T08:13:38.410+0000] {processor.py:840} INFO - DAG(s) 'example_nested_branch_dag' retrieved from /home/airflow/.local/lib/python3.12/site-packages/airflow/example_dags/example_nested_branch_dag.py
[2024-06-16T08:13:38.431+0000] {logging_mixin.py:188} INFO - [2024-06-16T08:13:38.431+0000] {dag.py:3096} INFO - Sync 1 DAGs
[2024-06-16T08:13:38.445+0000] {logging_mixin.py:188} INFO - [2024-06-16T08:13:38.445+0000] {dag.py:3954} INFO - Setting next_dagrun for example_nested_branch_dag to 2024-06-15 00:00:00+00:00, run_after=2024-06-16 00:00:00+00:00
[2024-06-16T08:13:38.471+0000] {processor.py:183} INFO - Processing /home/airflow/.local/lib/python3.12/site-packages/airflow/example_dags/example_nested_branch_dag.py took 0.099 seconds
[2024-06-16T08:14:08.570+0000] {processor.py:161} INFO - Started process (PID=1399) to work on /home/airflow/.local/lib/python3.12/site-packages/airflow/example_dags/example_nested_branch_dag.py
[2024-06-16T08:14:08.572+0000] {processor.py:830} INFO - Processing file /home/airflow/.local/lib/python3.12/site-packages/airflow/example_dags/example_nested_branch_dag.py for tasks to queue
[2024-06-16T08:14:08.574+0000] {logging_mixin.py:188} INFO - [2024-06-16T08:14:08.574+0000] {dagbag.py:545} INFO - Filling up the DagBag from /home/airflow/.local/lib/python3.12/site-packages/airflow/example_dags/example_nested_branch_dag.py
[2024-06-16T08:14:08.583+0000] {processor.py:840} INFO - DAG(s) 'example_nested_branch_dag' retrieved from /home/airflow/.local/lib/python3.12/site-packages/airflow/example_dags/example_nested_branch_dag.py
[2024-06-16T08:14:08.597+0000] {logging_mixin.py:188} INFO - [2024-06-16T08:14:08.597+0000] {dag.py:3096} INFO - Sync 1 DAGs
[2024-06-16T08:14:08.614+0000] {logging_mixin.py:188} INFO - [2024-06-16T08:14:08.614+0000] {dag.py:3954} INFO - Setting next_dagrun for example_nested_branch_dag to 2024-06-15 00:00:00+00:00, run_after=2024-06-16 00:00:00+00:00
[2024-06-16T08:14:08.638+0000] {processor.py:183} INFO - Processing /home/airflow/.local/lib/python3.12/site-packages/airflow/example_dags/example_nested_branch_dag.py took 0.073 seconds
[2024-06-16T08:14:38.751+0000] {processor.py:161} INFO - Started process (PID=1458) to work on /home/airflow/.local/lib/python3.12/site-packages/airflow/example_dags/example_nested_branch_dag.py
[2024-06-16T08:14:38.753+0000] {processor.py:830} INFO - Processing file /home/airflow/.local/lib/python3.12/site-packages/airflow/example_dags/example_nested_branch_dag.py for tasks to queue
[2024-06-16T08:14:38.754+0000] {logging_mixin.py:188} INFO - [2024-06-16T08:14:38.754+0000] {dagbag.py:545} INFO - Filling up the DagBag from /home/airflow/.local/lib/python3.12/site-packages/airflow/example_dags/example_nested_branch_dag.py
[2024-06-16T08:14:38.762+0000] {processor.py:840} INFO - DAG(s) 'example_nested_branch_dag' retrieved from /home/airflow/.local/lib/python3.12/site-packages/airflow/example_dags/example_nested_branch_dag.py
[2024-06-16T08:14:38.779+0000] {logging_mixin.py:188} INFO - [2024-06-16T08:14:38.779+0000] {dag.py:3096} INFO - Sync 1 DAGs
[2024-06-16T08:14:38.793+0000] {logging_mixin.py:188} INFO - [2024-06-16T08:14:38.793+0000] {dag.py:3954} INFO - Setting next_dagrun for example_nested_branch_dag to 2024-06-15 00:00:00+00:00, run_after=2024-06-16 00:00:00+00:00
[2024-06-16T08:14:38.804+0000] {processor.py:183} INFO - Processing /home/airflow/.local/lib/python3.12/site-packages/airflow/example_dags/example_nested_branch_dag.py took 0.059 seconds
[2024-06-16T08:15:09.289+0000] {processor.py:161} INFO - Started process (PID=1517) to work on /home/airflow/.local/lib/python3.12/site-packages/airflow/example_dags/example_nested_branch_dag.py
[2024-06-16T08:15:09.291+0000] {processor.py:830} INFO - Processing file /home/airflow/.local/lib/python3.12/site-packages/airflow/example_dags/example_nested_branch_dag.py for tasks to queue
[2024-06-16T08:15:09.295+0000] {logging_mixin.py:188} INFO - [2024-06-16T08:15:09.294+0000] {dagbag.py:545} INFO - Filling up the DagBag from /home/airflow/.local/lib/python3.12/site-packages/airflow/example_dags/example_nested_branch_dag.py
[2024-06-16T08:15:09.308+0000] {processor.py:840} INFO - DAG(s) 'example_nested_branch_dag' retrieved from /home/airflow/.local/lib/python3.12/site-packages/airflow/example_dags/example_nested_branch_dag.py
[2024-06-16T08:15:09.324+0000] {logging_mixin.py:188} INFO - [2024-06-16T08:15:09.324+0000] {dag.py:3096} INFO - Sync 1 DAGs
[2024-06-16T08:15:09.335+0000] {logging_mixin.py:188} INFO - [2024-06-16T08:15:09.335+0000] {dag.py:3954} INFO - Setting next_dagrun for example_nested_branch_dag to 2024-06-15 00:00:00+00:00, run_after=2024-06-16 00:00:00+00:00
[2024-06-16T08:15:09.344+0000] {processor.py:183} INFO - Processing /home/airflow/.local/lib/python3.12/site-packages/airflow/example_dags/example_nested_branch_dag.py took 0.067 seconds
[2024-06-16T08:15:39.641+0000] {processor.py:161} INFO - Started process (PID=1576) to work on /home/airflow/.local/lib/python3.12/site-packages/airflow/example_dags/example_nested_branch_dag.py
[2024-06-16T08:15:39.643+0000] {processor.py:830} INFO - Processing file /home/airflow/.local/lib/python3.12/site-packages/airflow/example_dags/example_nested_branch_dag.py for tasks to queue
[2024-06-16T08:15:39.645+0000] {logging_mixin.py:188} INFO - [2024-06-16T08:15:39.644+0000] {dagbag.py:545} INFO - Filling up the DagBag from /home/airflow/.local/lib/python3.12/site-packages/airflow/example_dags/example_nested_branch_dag.py
[2024-06-16T08:15:39.653+0000] {processor.py:840} INFO - DAG(s) 'example_nested_branch_dag' retrieved from /home/airflow/.local/lib/python3.12/site-packages/airflow/example_dags/example_nested_branch_dag.py
[2024-06-16T08:15:39.669+0000] {logging_mixin.py:188} INFO - [2024-06-16T08:15:39.669+0000] {dag.py:3096} INFO - Sync 1 DAGs
[2024-06-16T08:15:39.681+0000] {logging_mixin.py:188} INFO - [2024-06-16T08:15:39.681+0000] {dag.py:3954} INFO - Setting next_dagrun for example_nested_branch_dag to 2024-06-15 00:00:00+00:00, run_after=2024-06-16 00:00:00+00:00
[2024-06-16T08:15:39.690+0000] {processor.py:183} INFO - Processing /home/airflow/.local/lib/python3.12/site-packages/airflow/example_dags/example_nested_branch_dag.py took 0.056 seconds
[2024-06-16T08:16:09.884+0000] {processor.py:161} INFO - Started process (PID=1635) to work on /home/airflow/.local/lib/python3.12/site-packages/airflow/example_dags/example_nested_branch_dag.py
[2024-06-16T08:16:09.886+0000] {processor.py:830} INFO - Processing file /home/airflow/.local/lib/python3.12/site-packages/airflow/example_dags/example_nested_branch_dag.py for tasks to queue
[2024-06-16T08:16:09.887+0000] {logging_mixin.py:188} INFO - [2024-06-16T08:16:09.887+0000] {dagbag.py:545} INFO - Filling up the DagBag from /home/airflow/.local/lib/python3.12/site-packages/airflow/example_dags/example_nested_branch_dag.py
[2024-06-16T08:16:09.893+0000] {processor.py:840} INFO - DAG(s) 'example_nested_branch_dag' retrieved from /home/airflow/.local/lib/python3.12/site-packages/airflow/example_dags/example_nested_branch_dag.py
[2024-06-16T08:16:09.911+0000] {logging_mixin.py:188} INFO - [2024-06-16T08:16:09.911+0000] {dag.py:3096} INFO - Sync 1 DAGs
[2024-06-16T08:16:09.929+0000] {logging_mixin.py:188} INFO - [2024-06-16T08:16:09.928+0000] {dag.py:3954} INFO - Setting next_dagrun for example_nested_branch_dag to 2024-06-15 00:00:00+00:00, run_after=2024-06-16 00:00:00+00:00
[2024-06-16T08:16:09.948+0000] {processor.py:183} INFO - Processing /home/airflow/.local/lib/python3.12/site-packages/airflow/example_dags/example_nested_branch_dag.py took 0.067 seconds
[2024-06-16T08:16:40.161+0000] {processor.py:161} INFO - Started process (PID=1694) to work on /home/airflow/.local/lib/python3.12/site-packages/airflow/example_dags/example_nested_branch_dag.py
[2024-06-16T08:16:40.163+0000] {processor.py:830} INFO - Processing file /home/airflow/.local/lib/python3.12/site-packages/airflow/example_dags/example_nested_branch_dag.py for tasks to queue
[2024-06-16T08:16:40.165+0000] {logging_mixin.py:188} INFO - [2024-06-16T08:16:40.165+0000] {dagbag.py:545} INFO - Filling up the DagBag from /home/airflow/.local/lib/python3.12/site-packages/airflow/example_dags/example_nested_branch_dag.py
[2024-06-16T08:16:40.175+0000] {processor.py:840} INFO - DAG(s) 'example_nested_branch_dag' retrieved from /home/airflow/.local/lib/python3.12/site-packages/airflow/example_dags/example_nested_branch_dag.py
[2024-06-16T08:16:40.195+0000] {logging_mixin.py:188} INFO - [2024-06-16T08:16:40.195+0000] {dag.py:3096} INFO - Sync 1 DAGs
[2024-06-16T08:16:40.208+0000] {logging_mixin.py:188} INFO - [2024-06-16T08:16:40.208+0000] {dag.py:3954} INFO - Setting next_dagrun for example_nested_branch_dag to 2024-06-15 00:00:00+00:00, run_after=2024-06-16 00:00:00+00:00
[2024-06-16T08:16:40.216+0000] {processor.py:183} INFO - Processing /home/airflow/.local/lib/python3.12/site-packages/airflow/example_dags/example_nested_branch_dag.py took 0.065 seconds
[2024-06-16T08:17:10.482+0000] {processor.py:161} INFO - Started process (PID=1753) to work on /home/airflow/.local/lib/python3.12/site-packages/airflow/example_dags/example_nested_branch_dag.py
[2024-06-16T08:17:10.484+0000] {processor.py:830} INFO - Processing file /home/airflow/.local/lib/python3.12/site-packages/airflow/example_dags/example_nested_branch_dag.py for tasks to queue
[2024-06-16T08:17:10.486+0000] {logging_mixin.py:188} INFO - [2024-06-16T08:17:10.485+0000] {dagbag.py:545} INFO - Filling up the DagBag from /home/airflow/.local/lib/python3.12/site-packages/airflow/example_dags/example_nested_branch_dag.py
[2024-06-16T08:17:10.496+0000] {processor.py:840} INFO - DAG(s) 'example_nested_branch_dag' retrieved from /home/airflow/.local/lib/python3.12/site-packages/airflow/example_dags/example_nested_branch_dag.py
[2024-06-16T08:17:10.513+0000] {logging_mixin.py:188} INFO - [2024-06-16T08:17:10.513+0000] {dag.py:3096} INFO - Sync 1 DAGs
[2024-06-16T08:17:10.527+0000] {logging_mixin.py:188} INFO - [2024-06-16T08:17:10.527+0000] {dag.py:3954} INFO - Setting next_dagrun for example_nested_branch_dag to 2024-06-15 00:00:00+00:00, run_after=2024-06-16 00:00:00+00:00
[2024-06-16T08:17:10.537+0000] {processor.py:183} INFO - Processing /home/airflow/.local/lib/python3.12/site-packages/airflow/example_dags/example_nested_branch_dag.py took 0.062 seconds
[2024-06-16T08:17:40.561+0000] {processor.py:161} INFO - Started process (PID=1812) to work on /home/airflow/.local/lib/python3.12/site-packages/airflow/example_dags/example_nested_branch_dag.py
[2024-06-16T08:17:40.564+0000] {processor.py:830} INFO - Processing file /home/airflow/.local/lib/python3.12/site-packages/airflow/example_dags/example_nested_branch_dag.py for tasks to queue
[2024-06-16T08:17:40.567+0000] {logging_mixin.py:188} INFO - [2024-06-16T08:17:40.567+0000] {dagbag.py:545} INFO - Filling up the DagBag from /home/airflow/.local/lib/python3.12/site-packages/airflow/example_dags/example_nested_branch_dag.py
[2024-06-16T08:17:40.578+0000] {processor.py:840} INFO - DAG(s) 'example_nested_branch_dag' retrieved from /home/airflow/.local/lib/python3.12/site-packages/airflow/example_dags/example_nested_branch_dag.py
[2024-06-16T08:17:40.611+0000] {logging_mixin.py:188} INFO - [2024-06-16T08:17:40.611+0000] {dag.py:3096} INFO - Sync 1 DAGs
[2024-06-16T08:17:40.627+0000] {logging_mixin.py:188} INFO - [2024-06-16T08:17:40.627+0000] {dag.py:3954} INFO - Setting next_dagrun for example_nested_branch_dag to 2024-06-15 00:00:00+00:00, run_after=2024-06-16 00:00:00+00:00
[2024-06-16T08:17:40.636+0000] {processor.py:183} INFO - Processing /home/airflow/.local/lib/python3.12/site-packages/airflow/example_dags/example_nested_branch_dag.py took 0.082 seconds
[2024-06-16T08:18:10.940+0000] {processor.py:161} INFO - Started process (PID=1871) to work on /home/airflow/.local/lib/python3.12/site-packages/airflow/example_dags/example_nested_branch_dag.py
[2024-06-16T08:18:10.943+0000] {processor.py:830} INFO - Processing file /home/airflow/.local/lib/python3.12/site-packages/airflow/example_dags/example_nested_branch_dag.py for tasks to queue
[2024-06-16T08:18:10.945+0000] {logging_mixin.py:188} INFO - [2024-06-16T08:18:10.945+0000] {dagbag.py:545} INFO - Filling up the DagBag from /home/airflow/.local/lib/python3.12/site-packages/airflow/example_dags/example_nested_branch_dag.py
[2024-06-16T08:18:10.955+0000] {processor.py:840} INFO - DAG(s) 'example_nested_branch_dag' retrieved from /home/airflow/.local/lib/python3.12/site-packages/airflow/example_dags/example_nested_branch_dag.py
[2024-06-16T08:18:10.969+0000] {logging_mixin.py:188} INFO - [2024-06-16T08:18:10.969+0000] {dag.py:3096} INFO - Sync 1 DAGs
[2024-06-16T08:18:10.982+0000] {logging_mixin.py:188} INFO - [2024-06-16T08:18:10.982+0000] {dag.py:3954} INFO - Setting next_dagrun for example_nested_branch_dag to 2024-06-15 00:00:00+00:00, run_after=2024-06-16 00:00:00+00:00
[2024-06-16T08:18:10.991+0000] {processor.py:183} INFO - Processing /home/airflow/.local/lib/python3.12/site-packages/airflow/example_dags/example_nested_branch_dag.py took 0.058 seconds
[2024-06-16T08:18:41.818+0000] {processor.py:161} INFO - Started process (PID=1930) to work on /home/airflow/.local/lib/python3.12/site-packages/airflow/example_dags/example_nested_branch_dag.py
[2024-06-16T08:18:41.820+0000] {processor.py:830} INFO - Processing file /home/airflow/.local/lib/python3.12/site-packages/airflow/example_dags/example_nested_branch_dag.py for tasks to queue
[2024-06-16T08:18:41.822+0000] {logging_mixin.py:188} INFO - [2024-06-16T08:18:41.822+0000] {dagbag.py:545} INFO - Filling up the DagBag from /home/airflow/.local/lib/python3.12/site-packages/airflow/example_dags/example_nested_branch_dag.py
[2024-06-16T08:18:41.832+0000] {processor.py:840} INFO - DAG(s) 'example_nested_branch_dag' retrieved from /home/airflow/.local/lib/python3.12/site-packages/airflow/example_dags/example_nested_branch_dag.py
[2024-06-16T08:18:41.851+0000] {logging_mixin.py:188} INFO - [2024-06-16T08:18:41.851+0000] {dag.py:3096} INFO - Sync 1 DAGs
[2024-06-16T08:18:41.864+0000] {logging_mixin.py:188} INFO - [2024-06-16T08:18:41.864+0000] {dag.py:3954} INFO - Setting next_dagrun for example_nested_branch_dag to 2024-06-15 00:00:00+00:00, run_after=2024-06-16 00:00:00+00:00
[2024-06-16T08:18:41.873+0000] {processor.py:183} INFO - Processing /home/airflow/.local/lib/python3.12/site-packages/airflow/example_dags/example_nested_branch_dag.py took 0.064 seconds
[2024-06-16T08:19:12.205+0000] {processor.py:161} INFO - Started process (PID=1989) to work on /home/airflow/.local/lib/python3.12/site-packages/airflow/example_dags/example_nested_branch_dag.py
[2024-06-16T08:19:12.208+0000] {processor.py:830} INFO - Processing file /home/airflow/.local/lib/python3.12/site-packages/airflow/example_dags/example_nested_branch_dag.py for tasks to queue
[2024-06-16T08:19:12.212+0000] {logging_mixin.py:188} INFO - [2024-06-16T08:19:12.212+0000] {dagbag.py:545} INFO - Filling up the DagBag from /home/airflow/.local/lib/python3.12/site-packages/airflow/example_dags/example_nested_branch_dag.py
[2024-06-16T08:19:12.228+0000] {processor.py:840} INFO - DAG(s) 'example_nested_branch_dag' retrieved from /home/airflow/.local/lib/python3.12/site-packages/airflow/example_dags/example_nested_branch_dag.py
[2024-06-16T08:19:12.260+0000] {logging_mixin.py:188} INFO - [2024-06-16T08:19:12.260+0000] {dag.py:3096} INFO - Sync 1 DAGs
[2024-06-16T08:19:12.291+0000] {logging_mixin.py:188} INFO - [2024-06-16T08:19:12.291+0000] {dag.py:3954} INFO - Setting next_dagrun for example_nested_branch_dag to 2024-06-15 00:00:00+00:00, run_after=2024-06-16 00:00:00+00:00
[2024-06-16T08:19:12.302+0000] {processor.py:183} INFO - Processing /home/airflow/.local/lib/python3.12/site-packages/airflow/example_dags/example_nested_branch_dag.py took 0.109 seconds
[2024-06-16T08:22:04.313+0000] {processor.py:161} INFO - Started process (PID=44) to work on /home/airflow/.local/lib/python3.12/site-packages/airflow/example_dags/example_nested_branch_dag.py
[2024-06-16T08:22:04.315+0000] {processor.py:830} INFO - Processing file /home/airflow/.local/lib/python3.12/site-packages/airflow/example_dags/example_nested_branch_dag.py for tasks to queue
[2024-06-16T08:22:04.317+0000] {logging_mixin.py:188} INFO - [2024-06-16T08:22:04.317+0000] {dagbag.py:545} INFO - Filling up the DagBag from /home/airflow/.local/lib/python3.12/site-packages/airflow/example_dags/example_nested_branch_dag.py
[2024-06-16T08:22:04.333+0000] {processor.py:840} INFO - DAG(s) 'example_nested_branch_dag' retrieved from /home/airflow/.local/lib/python3.12/site-packages/airflow/example_dags/example_nested_branch_dag.py
[2024-06-16T08:22:04.348+0000] {logging_mixin.py:188} INFO - [2024-06-16T08:22:04.348+0000] {dag.py:3096} INFO - Sync 1 DAGs
[2024-06-16T08:22:04.372+0000] {logging_mixin.py:188} INFO - [2024-06-16T08:22:04.371+0000] {dag.py:3954} INFO - Setting next_dagrun for example_nested_branch_dag to 2024-06-15 00:00:00+00:00, run_after=2024-06-16 00:00:00+00:00
[2024-06-16T08:22:04.405+0000] {processor.py:183} INFO - Processing /home/airflow/.local/lib/python3.12/site-packages/airflow/example_dags/example_nested_branch_dag.py took 0.098 seconds
[2024-06-16T08:22:38.503+0000] {processor.py:161} INFO - Started process (PID=103) to work on /home/airflow/.local/lib/python3.12/site-packages/airflow/example_dags/example_nested_branch_dag.py
[2024-06-16T08:22:38.506+0000] {processor.py:830} INFO - Processing file /home/airflow/.local/lib/python3.12/site-packages/airflow/example_dags/example_nested_branch_dag.py for tasks to queue
[2024-06-16T08:22:38.512+0000] {logging_mixin.py:188} INFO - [2024-06-16T08:22:38.511+0000] {dagbag.py:545} INFO - Filling up the DagBag from /home/airflow/.local/lib/python3.12/site-packages/airflow/example_dags/example_nested_branch_dag.py
[2024-06-16T08:22:38.527+0000] {processor.py:840} INFO - DAG(s) 'example_nested_branch_dag' retrieved from /home/airflow/.local/lib/python3.12/site-packages/airflow/example_dags/example_nested_branch_dag.py
[2024-06-16T08:22:38.726+0000] {logging_mixin.py:188} INFO - [2024-06-16T08:22:38.726+0000] {dag.py:3096} INFO - Sync 1 DAGs
[2024-06-16T08:22:38.745+0000] {logging_mixin.py:188} INFO - [2024-06-16T08:22:38.745+0000] {dag.py:3954} INFO - Setting next_dagrun for example_nested_branch_dag to 2024-06-15 00:00:00+00:00, run_after=2024-06-16 00:00:00+00:00
[2024-06-16T08:22:38.756+0000] {processor.py:183} INFO - Processing /home/airflow/.local/lib/python3.12/site-packages/airflow/example_dags/example_nested_branch_dag.py took 0.268 seconds
[2024-06-16T08:23:09.686+0000] {processor.py:161} INFO - Started process (PID=162) to work on /home/airflow/.local/lib/python3.12/site-packages/airflow/example_dags/example_nested_branch_dag.py
[2024-06-16T08:23:09.687+0000] {processor.py:830} INFO - Processing file /home/airflow/.local/lib/python3.12/site-packages/airflow/example_dags/example_nested_branch_dag.py for tasks to queue
[2024-06-16T08:23:09.689+0000] {logging_mixin.py:188} INFO - [2024-06-16T08:23:09.689+0000] {dagbag.py:545} INFO - Filling up the DagBag from /home/airflow/.local/lib/python3.12/site-packages/airflow/example_dags/example_nested_branch_dag.py
[2024-06-16T08:23:09.702+0000] {processor.py:840} INFO - DAG(s) 'example_nested_branch_dag' retrieved from /home/airflow/.local/lib/python3.12/site-packages/airflow/example_dags/example_nested_branch_dag.py
[2024-06-16T08:23:09.719+0000] {logging_mixin.py:188} INFO - [2024-06-16T08:23:09.719+0000] {dag.py:3096} INFO - Sync 1 DAGs
[2024-06-16T08:23:09.731+0000] {logging_mixin.py:188} INFO - [2024-06-16T08:23:09.731+0000] {dag.py:3954} INFO - Setting next_dagrun for example_nested_branch_dag to 2024-06-15 00:00:00+00:00, run_after=2024-06-16 00:00:00+00:00
[2024-06-16T08:23:09.740+0000] {processor.py:183} INFO - Processing /home/airflow/.local/lib/python3.12/site-packages/airflow/example_dags/example_nested_branch_dag.py took 0.060 seconds
[2024-06-16T08:25:59.413+0000] {processor.py:161} INFO - Started process (PID=43) to work on /home/airflow/.local/lib/python3.12/site-packages/airflow/example_dags/example_nested_branch_dag.py
[2024-06-16T08:25:59.416+0000] {processor.py:830} INFO - Processing file /home/airflow/.local/lib/python3.12/site-packages/airflow/example_dags/example_nested_branch_dag.py for tasks to queue
[2024-06-16T08:25:59.417+0000] {logging_mixin.py:188} INFO - [2024-06-16T08:25:59.417+0000] {dagbag.py:545} INFO - Filling up the DagBag from /home/airflow/.local/lib/python3.12/site-packages/airflow/example_dags/example_nested_branch_dag.py
[2024-06-16T08:25:59.429+0000] {processor.py:840} INFO - DAG(s) 'example_nested_branch_dag' retrieved from /home/airflow/.local/lib/python3.12/site-packages/airflow/example_dags/example_nested_branch_dag.py
[2024-06-16T08:25:59.464+0000] {logging_mixin.py:188} INFO - [2024-06-16T08:25:59.464+0000] {dag.py:3096} INFO - Sync 1 DAGs
[2024-06-16T08:25:59.490+0000] {logging_mixin.py:188} INFO - [2024-06-16T08:25:59.490+0000] {dag.py:3954} INFO - Setting next_dagrun for example_nested_branch_dag to 2024-06-15 00:00:00+00:00, run_after=2024-06-16 00:00:00+00:00
[2024-06-16T08:25:59.510+0000] {processor.py:183} INFO - Processing /home/airflow/.local/lib/python3.12/site-packages/airflow/example_dags/example_nested_branch_dag.py took 0.103 seconds
[2024-06-16T08:26:30.641+0000] {processor.py:161} INFO - Started process (PID=101) to work on /home/airflow/.local/lib/python3.12/site-packages/airflow/example_dags/example_nested_branch_dag.py
[2024-06-16T08:26:30.642+0000] {processor.py:830} INFO - Processing file /home/airflow/.local/lib/python3.12/site-packages/airflow/example_dags/example_nested_branch_dag.py for tasks to queue
[2024-06-16T08:26:30.643+0000] {logging_mixin.py:188} INFO - [2024-06-16T08:26:30.643+0000] {dagbag.py:545} INFO - Filling up the DagBag from /home/airflow/.local/lib/python3.12/site-packages/airflow/example_dags/example_nested_branch_dag.py
[2024-06-16T08:26:30.649+0000] {processor.py:840} INFO - DAG(s) 'example_nested_branch_dag' retrieved from /home/airflow/.local/lib/python3.12/site-packages/airflow/example_dags/example_nested_branch_dag.py
[2024-06-16T08:26:30.807+0000] {logging_mixin.py:188} INFO - [2024-06-16T08:26:30.807+0000] {dag.py:3096} INFO - Sync 1 DAGs
[2024-06-16T08:26:30.815+0000] {logging_mixin.py:188} INFO - [2024-06-16T08:26:30.814+0000] {dag.py:3954} INFO - Setting next_dagrun for example_nested_branch_dag to 2024-06-15 00:00:00+00:00, run_after=2024-06-16 00:00:00+00:00
[2024-06-16T08:26:30.823+0000] {processor.py:183} INFO - Processing /home/airflow/.local/lib/python3.12/site-packages/airflow/example_dags/example_nested_branch_dag.py took 0.184 seconds
[2024-06-16T08:27:01.217+0000] {processor.py:161} INFO - Started process (PID=160) to work on /home/airflow/.local/lib/python3.12/site-packages/airflow/example_dags/example_nested_branch_dag.py
[2024-06-16T08:27:01.217+0000] {processor.py:830} INFO - Processing file /home/airflow/.local/lib/python3.12/site-packages/airflow/example_dags/example_nested_branch_dag.py for tasks to queue
[2024-06-16T08:27:01.218+0000] {logging_mixin.py:188} INFO - [2024-06-16T08:27:01.218+0000] {dagbag.py:545} INFO - Filling up the DagBag from /home/airflow/.local/lib/python3.12/site-packages/airflow/example_dags/example_nested_branch_dag.py
[2024-06-16T08:27:01.223+0000] {processor.py:840} INFO - DAG(s) 'example_nested_branch_dag' retrieved from /home/airflow/.local/lib/python3.12/site-packages/airflow/example_dags/example_nested_branch_dag.py
[2024-06-16T08:27:01.234+0000] {logging_mixin.py:188} INFO - [2024-06-16T08:27:01.234+0000] {dag.py:3096} INFO - Sync 1 DAGs
[2024-06-16T08:27:01.245+0000] {logging_mixin.py:188} INFO - [2024-06-16T08:27:01.245+0000] {dag.py:3954} INFO - Setting next_dagrun for example_nested_branch_dag to 2024-06-15 00:00:00+00:00, run_after=2024-06-16 00:00:00+00:00
[2024-06-16T08:27:01.254+0000] {processor.py:183} INFO - Processing /home/airflow/.local/lib/python3.12/site-packages/airflow/example_dags/example_nested_branch_dag.py took 0.040 seconds
[2024-06-16T08:27:32.222+0000] {processor.py:161} INFO - Started process (PID=219) to work on /home/airflow/.local/lib/python3.12/site-packages/airflow/example_dags/example_nested_branch_dag.py
[2024-06-16T08:27:32.223+0000] {processor.py:830} INFO - Processing file /home/airflow/.local/lib/python3.12/site-packages/airflow/example_dags/example_nested_branch_dag.py for tasks to queue
[2024-06-16T08:27:32.224+0000] {logging_mixin.py:188} INFO - [2024-06-16T08:27:32.224+0000] {dagbag.py:545} INFO - Filling up the DagBag from /home/airflow/.local/lib/python3.12/site-packages/airflow/example_dags/example_nested_branch_dag.py
[2024-06-16T08:27:32.230+0000] {processor.py:840} INFO - DAG(s) 'example_nested_branch_dag' retrieved from /home/airflow/.local/lib/python3.12/site-packages/airflow/example_dags/example_nested_branch_dag.py
[2024-06-16T08:27:32.241+0000] {logging_mixin.py:188} INFO - [2024-06-16T08:27:32.241+0000] {dag.py:3096} INFO - Sync 1 DAGs
[2024-06-16T08:27:32.252+0000] {logging_mixin.py:188} INFO - [2024-06-16T08:27:32.252+0000] {dag.py:3954} INFO - Setting next_dagrun for example_nested_branch_dag to 2024-06-15 00:00:00+00:00, run_after=2024-06-16 00:00:00+00:00
[2024-06-16T08:27:32.262+0000] {processor.py:183} INFO - Processing /home/airflow/.local/lib/python3.12/site-packages/airflow/example_dags/example_nested_branch_dag.py took 0.043 seconds
[2024-06-16T08:28:02.680+0000] {processor.py:161} INFO - Started process (PID=278) to work on /home/airflow/.local/lib/python3.12/site-packages/airflow/example_dags/example_nested_branch_dag.py
[2024-06-16T08:28:02.681+0000] {processor.py:830} INFO - Processing file /home/airflow/.local/lib/python3.12/site-packages/airflow/example_dags/example_nested_branch_dag.py for tasks to queue
[2024-06-16T08:28:02.683+0000] {logging_mixin.py:188} INFO - [2024-06-16T08:28:02.682+0000] {dagbag.py:545} INFO - Filling up the DagBag from /home/airflow/.local/lib/python3.12/site-packages/airflow/example_dags/example_nested_branch_dag.py
[2024-06-16T08:28:02.696+0000] {processor.py:840} INFO - DAG(s) 'example_nested_branch_dag' retrieved from /home/airflow/.local/lib/python3.12/site-packages/airflow/example_dags/example_nested_branch_dag.py
[2024-06-16T08:28:02.720+0000] {logging_mixin.py:188} INFO - [2024-06-16T08:28:02.720+0000] {dag.py:3096} INFO - Sync 1 DAGs
[2024-06-16T08:28:02.731+0000] {logging_mixin.py:188} INFO - [2024-06-16T08:28:02.731+0000] {dag.py:3954} INFO - Setting next_dagrun for example_nested_branch_dag to 2024-06-15 00:00:00+00:00, run_after=2024-06-16 00:00:00+00:00
[2024-06-16T08:28:02.742+0000] {processor.py:183} INFO - Processing /home/airflow/.local/lib/python3.12/site-packages/airflow/example_dags/example_nested_branch_dag.py took 0.066 seconds
[2024-06-16T08:28:33.125+0000] {processor.py:161} INFO - Started process (PID=337) to work on /home/airflow/.local/lib/python3.12/site-packages/airflow/example_dags/example_nested_branch_dag.py
[2024-06-16T08:28:33.126+0000] {processor.py:830} INFO - Processing file /home/airflow/.local/lib/python3.12/site-packages/airflow/example_dags/example_nested_branch_dag.py for tasks to queue
[2024-06-16T08:28:33.127+0000] {logging_mixin.py:188} INFO - [2024-06-16T08:28:33.127+0000] {dagbag.py:545} INFO - Filling up the DagBag from /home/airflow/.local/lib/python3.12/site-packages/airflow/example_dags/example_nested_branch_dag.py
[2024-06-16T08:28:33.132+0000] {processor.py:840} INFO - DAG(s) 'example_nested_branch_dag' retrieved from /home/airflow/.local/lib/python3.12/site-packages/airflow/example_dags/example_nested_branch_dag.py
[2024-06-16T08:28:33.143+0000] {logging_mixin.py:188} INFO - [2024-06-16T08:28:33.143+0000] {dag.py:3096} INFO - Sync 1 DAGs
[2024-06-16T08:28:33.155+0000] {logging_mixin.py:188} INFO - [2024-06-16T08:28:33.155+0000] {dag.py:3954} INFO - Setting next_dagrun for example_nested_branch_dag to 2024-06-15 00:00:00+00:00, run_after=2024-06-16 00:00:00+00:00
[2024-06-16T08:28:33.163+0000] {processor.py:183} INFO - Processing /home/airflow/.local/lib/python3.12/site-packages/airflow/example_dags/example_nested_branch_dag.py took 0.040 seconds
[2024-06-16T08:29:03.406+0000] {processor.py:161} INFO - Started process (PID=396) to work on /home/airflow/.local/lib/python3.12/site-packages/airflow/example_dags/example_nested_branch_dag.py
[2024-06-16T08:29:03.407+0000] {processor.py:830} INFO - Processing file /home/airflow/.local/lib/python3.12/site-packages/airflow/example_dags/example_nested_branch_dag.py for tasks to queue
[2024-06-16T08:29:03.408+0000] {logging_mixin.py:188} INFO - [2024-06-16T08:29:03.408+0000] {dagbag.py:545} INFO - Filling up the DagBag from /home/airflow/.local/lib/python3.12/site-packages/airflow/example_dags/example_nested_branch_dag.py
[2024-06-16T08:29:03.413+0000] {processor.py:840} INFO - DAG(s) 'example_nested_branch_dag' retrieved from /home/airflow/.local/lib/python3.12/site-packages/airflow/example_dags/example_nested_branch_dag.py
[2024-06-16T08:29:03.424+0000] {logging_mixin.py:188} INFO - [2024-06-16T08:29:03.424+0000] {dag.py:3096} INFO - Sync 1 DAGs
[2024-06-16T08:29:03.435+0000] {logging_mixin.py:188} INFO - [2024-06-16T08:29:03.435+0000] {dag.py:3954} INFO - Setting next_dagrun for example_nested_branch_dag to 2024-06-15 00:00:00+00:00, run_after=2024-06-16 00:00:00+00:00
[2024-06-16T08:29:03.444+0000] {processor.py:183} INFO - Processing /home/airflow/.local/lib/python3.12/site-packages/airflow/example_dags/example_nested_branch_dag.py took 0.040 seconds
[2024-06-16T08:32:54.253+0000] {processor.py:161} INFO - Started process (PID=44) to work on /home/airflow/.local/lib/python3.12/site-packages/airflow/example_dags/example_nested_branch_dag.py
[2024-06-16T08:32:54.256+0000] {processor.py:830} INFO - Processing file /home/airflow/.local/lib/python3.12/site-packages/airflow/example_dags/example_nested_branch_dag.py for tasks to queue
[2024-06-16T08:32:54.264+0000] {logging_mixin.py:188} INFO - [2024-06-16T08:32:54.263+0000] {dagbag.py:545} INFO - Filling up the DagBag from /home/airflow/.local/lib/python3.12/site-packages/airflow/example_dags/example_nested_branch_dag.py
[2024-06-16T08:32:54.276+0000] {processor.py:840} INFO - DAG(s) 'example_nested_branch_dag' retrieved from /home/airflow/.local/lib/python3.12/site-packages/airflow/example_dags/example_nested_branch_dag.py
[2024-06-16T08:32:54.294+0000] {logging_mixin.py:188} INFO - [2024-06-16T08:32:54.294+0000] {dag.py:3096} INFO - Sync 1 DAGs
[2024-06-16T08:32:54.343+0000] {logging_mixin.py:188} INFO - [2024-06-16T08:32:54.342+0000] {dag.py:3954} INFO - Setting next_dagrun for example_nested_branch_dag to 2024-06-15 00:00:00+00:00, run_after=2024-06-16 00:00:00+00:00
[2024-06-16T08:32:54.370+0000] {processor.py:183} INFO - Processing /home/airflow/.local/lib/python3.12/site-packages/airflow/example_dags/example_nested_branch_dag.py took 0.125 seconds
[2024-06-16T08:33:25.389+0000] {processor.py:161} INFO - Started process (PID=102) to work on /home/airflow/.local/lib/python3.12/site-packages/airflow/example_dags/example_nested_branch_dag.py
[2024-06-16T08:33:25.389+0000] {processor.py:830} INFO - Processing file /home/airflow/.local/lib/python3.12/site-packages/airflow/example_dags/example_nested_branch_dag.py for tasks to queue
[2024-06-16T08:33:25.390+0000] {logging_mixin.py:188} INFO - [2024-06-16T08:33:25.390+0000] {dagbag.py:545} INFO - Filling up the DagBag from /home/airflow/.local/lib/python3.12/site-packages/airflow/example_dags/example_nested_branch_dag.py
[2024-06-16T08:33:25.396+0000] {processor.py:840} INFO - DAG(s) 'example_nested_branch_dag' retrieved from /home/airflow/.local/lib/python3.12/site-packages/airflow/example_dags/example_nested_branch_dag.py
[2024-06-16T08:33:25.548+0000] {logging_mixin.py:188} INFO - [2024-06-16T08:33:25.548+0000] {dag.py:3096} INFO - Sync 1 DAGs
[2024-06-16T08:33:25.558+0000] {logging_mixin.py:188} INFO - [2024-06-16T08:33:25.558+0000] {dag.py:3954} INFO - Setting next_dagrun for example_nested_branch_dag to 2024-06-15 00:00:00+00:00, run_after=2024-06-16 00:00:00+00:00
[2024-06-16T08:33:25.567+0000] {processor.py:183} INFO - Processing /home/airflow/.local/lib/python3.12/site-packages/airflow/example_dags/example_nested_branch_dag.py took 0.178 seconds
[2024-06-16T08:33:56.468+0000] {processor.py:161} INFO - Started process (PID=161) to work on /home/airflow/.local/lib/python3.12/site-packages/airflow/example_dags/example_nested_branch_dag.py
[2024-06-16T08:33:56.468+0000] {processor.py:830} INFO - Processing file /home/airflow/.local/lib/python3.12/site-packages/airflow/example_dags/example_nested_branch_dag.py for tasks to queue
[2024-06-16T08:33:56.469+0000] {logging_mixin.py:188} INFO - [2024-06-16T08:33:56.469+0000] {dagbag.py:545} INFO - Filling up the DagBag from /home/airflow/.local/lib/python3.12/site-packages/airflow/example_dags/example_nested_branch_dag.py
[2024-06-16T08:33:56.475+0000] {processor.py:840} INFO - DAG(s) 'example_nested_branch_dag' retrieved from /home/airflow/.local/lib/python3.12/site-packages/airflow/example_dags/example_nested_branch_dag.py
[2024-06-16T08:33:56.486+0000] {logging_mixin.py:188} INFO - [2024-06-16T08:33:56.485+0000] {dag.py:3096} INFO - Sync 1 DAGs
[2024-06-16T08:33:56.498+0000] {logging_mixin.py:188} INFO - [2024-06-16T08:33:56.497+0000] {dag.py:3954} INFO - Setting next_dagrun for example_nested_branch_dag to 2024-06-15 00:00:00+00:00, run_after=2024-06-16 00:00:00+00:00
[2024-06-16T08:33:56.509+0000] {processor.py:183} INFO - Processing /home/airflow/.local/lib/python3.12/site-packages/airflow/example_dags/example_nested_branch_dag.py took 0.044 seconds
[2024-06-16T08:34:26.917+0000] {processor.py:161} INFO - Started process (PID=220) to work on /home/airflow/.local/lib/python3.12/site-packages/airflow/example_dags/example_nested_branch_dag.py
[2024-06-16T08:34:26.918+0000] {processor.py:830} INFO - Processing file /home/airflow/.local/lib/python3.12/site-packages/airflow/example_dags/example_nested_branch_dag.py for tasks to queue
[2024-06-16T08:34:26.919+0000] {logging_mixin.py:188} INFO - [2024-06-16T08:34:26.919+0000] {dagbag.py:545} INFO - Filling up the DagBag from /home/airflow/.local/lib/python3.12/site-packages/airflow/example_dags/example_nested_branch_dag.py
[2024-06-16T08:34:26.926+0000] {processor.py:840} INFO - DAG(s) 'example_nested_branch_dag' retrieved from /home/airflow/.local/lib/python3.12/site-packages/airflow/example_dags/example_nested_branch_dag.py
[2024-06-16T08:34:27.042+0000] {logging_mixin.py:188} INFO - [2024-06-16T08:34:27.042+0000] {dag.py:3096} INFO - Sync 1 DAGs
[2024-06-16T08:34:27.051+0000] {logging_mixin.py:188} INFO - [2024-06-16T08:34:27.051+0000] {dag.py:3954} INFO - Setting next_dagrun for example_nested_branch_dag to 2024-06-15 00:00:00+00:00, run_after=2024-06-16 00:00:00+00:00
[2024-06-16T08:34:27.059+0000] {processor.py:183} INFO - Processing /home/airflow/.local/lib/python3.12/site-packages/airflow/example_dags/example_nested_branch_dag.py took 0.144 seconds
[2024-06-16T08:35:23.117+0000] {processor.py:161} INFO - Started process (PID=44) to work on /home/airflow/.local/lib/python3.12/site-packages/airflow/example_dags/example_nested_branch_dag.py
[2024-06-16T08:35:23.118+0000] {processor.py:830} INFO - Processing file /home/airflow/.local/lib/python3.12/site-packages/airflow/example_dags/example_nested_branch_dag.py for tasks to queue
[2024-06-16T08:35:23.121+0000] {logging_mixin.py:188} INFO - [2024-06-16T08:35:23.121+0000] {dagbag.py:545} INFO - Filling up the DagBag from /home/airflow/.local/lib/python3.12/site-packages/airflow/example_dags/example_nested_branch_dag.py
[2024-06-16T08:35:23.133+0000] {processor.py:840} INFO - DAG(s) 'example_nested_branch_dag' retrieved from /home/airflow/.local/lib/python3.12/site-packages/airflow/example_dags/example_nested_branch_dag.py
[2024-06-16T08:35:23.159+0000] {logging_mixin.py:188} INFO - [2024-06-16T08:35:23.158+0000] {dag.py:3096} INFO - Sync 1 DAGs
[2024-06-16T08:35:23.205+0000] {logging_mixin.py:188} INFO - [2024-06-16T08:35:23.205+0000] {dag.py:3954} INFO - Setting next_dagrun for example_nested_branch_dag to 2024-06-15 00:00:00+00:00, run_after=2024-06-16 00:00:00+00:00
[2024-06-16T08:35:23.224+0000] {processor.py:183} INFO - Processing /home/airflow/.local/lib/python3.12/site-packages/airflow/example_dags/example_nested_branch_dag.py took 0.114 seconds
[2024-06-16T08:35:54.181+0000] {processor.py:161} INFO - Started process (PID=102) to work on /home/airflow/.local/lib/python3.12/site-packages/airflow/example_dags/example_nested_branch_dag.py
[2024-06-16T08:35:54.182+0000] {processor.py:830} INFO - Processing file /home/airflow/.local/lib/python3.12/site-packages/airflow/example_dags/example_nested_branch_dag.py for tasks to queue
[2024-06-16T08:35:54.183+0000] {logging_mixin.py:188} INFO - [2024-06-16T08:35:54.183+0000] {dagbag.py:545} INFO - Filling up the DagBag from /home/airflow/.local/lib/python3.12/site-packages/airflow/example_dags/example_nested_branch_dag.py
[2024-06-16T08:35:54.191+0000] {processor.py:840} INFO - DAG(s) 'example_nested_branch_dag' retrieved from /home/airflow/.local/lib/python3.12/site-packages/airflow/example_dags/example_nested_branch_dag.py
[2024-06-16T08:35:54.390+0000] {logging_mixin.py:188} INFO - [2024-06-16T08:35:54.389+0000] {dag.py:3096} INFO - Sync 1 DAGs
[2024-06-16T08:35:54.401+0000] {logging_mixin.py:188} INFO - [2024-06-16T08:35:54.400+0000] {dag.py:3954} INFO - Setting next_dagrun for example_nested_branch_dag to 2024-06-15 00:00:00+00:00, run_after=2024-06-16 00:00:00+00:00
[2024-06-16T08:35:54.411+0000] {processor.py:183} INFO - Processing /home/airflow/.local/lib/python3.12/site-packages/airflow/example_dags/example_nested_branch_dag.py took 0.234 seconds
[2024-06-16T08:36:25.062+0000] {processor.py:161} INFO - Started process (PID=161) to work on /home/airflow/.local/lib/python3.12/site-packages/airflow/example_dags/example_nested_branch_dag.py
[2024-06-16T08:36:25.063+0000] {processor.py:830} INFO - Processing file /home/airflow/.local/lib/python3.12/site-packages/airflow/example_dags/example_nested_branch_dag.py for tasks to queue
[2024-06-16T08:36:25.064+0000] {logging_mixin.py:188} INFO - [2024-06-16T08:36:25.064+0000] {dagbag.py:545} INFO - Filling up the DagBag from /home/airflow/.local/lib/python3.12/site-packages/airflow/example_dags/example_nested_branch_dag.py
[2024-06-16T08:36:25.072+0000] {processor.py:840} INFO - DAG(s) 'example_nested_branch_dag' retrieved from /home/airflow/.local/lib/python3.12/site-packages/airflow/example_dags/example_nested_branch_dag.py
[2024-06-16T08:36:25.085+0000] {logging_mixin.py:188} INFO - [2024-06-16T08:36:25.085+0000] {dag.py:3096} INFO - Sync 1 DAGs
[2024-06-16T08:36:25.096+0000] {logging_mixin.py:188} INFO - [2024-06-16T08:36:25.096+0000] {dag.py:3954} INFO - Setting next_dagrun for example_nested_branch_dag to 2024-06-15 00:00:00+00:00, run_after=2024-06-16 00:00:00+00:00
[2024-06-16T08:36:25.104+0000] {processor.py:183} INFO - Processing /home/airflow/.local/lib/python3.12/site-packages/airflow/example_dags/example_nested_branch_dag.py took 0.045 seconds
[2024-06-16T08:36:55.743+0000] {processor.py:161} INFO - Started process (PID=220) to work on /home/airflow/.local/lib/python3.12/site-packages/airflow/example_dags/example_nested_branch_dag.py
[2024-06-16T08:36:55.743+0000] {processor.py:830} INFO - Processing file /home/airflow/.local/lib/python3.12/site-packages/airflow/example_dags/example_nested_branch_dag.py for tasks to queue
[2024-06-16T08:36:55.745+0000] {logging_mixin.py:188} INFO - [2024-06-16T08:36:55.744+0000] {dagbag.py:545} INFO - Filling up the DagBag from /home/airflow/.local/lib/python3.12/site-packages/airflow/example_dags/example_nested_branch_dag.py
[2024-06-16T08:36:55.751+0000] {processor.py:840} INFO - DAG(s) 'example_nested_branch_dag' retrieved from /home/airflow/.local/lib/python3.12/site-packages/airflow/example_dags/example_nested_branch_dag.py
[2024-06-16T08:36:55.768+0000] {logging_mixin.py:188} INFO - [2024-06-16T08:36:55.768+0000] {dag.py:3096} INFO - Sync 1 DAGs
[2024-06-16T08:36:55.905+0000] {logging_mixin.py:188} INFO - [2024-06-16T08:36:55.905+0000] {dag.py:3954} INFO - Setting next_dagrun for example_nested_branch_dag to 2024-06-15 00:00:00+00:00, run_after=2024-06-16 00:00:00+00:00
[2024-06-16T08:36:55.918+0000] {processor.py:183} INFO - Processing /home/airflow/.local/lib/python3.12/site-packages/airflow/example_dags/example_nested_branch_dag.py took 0.179 seconds
[2024-06-16T08:37:26.623+0000] {processor.py:161} INFO - Started process (PID=279) to work on /home/airflow/.local/lib/python3.12/site-packages/airflow/example_dags/example_nested_branch_dag.py
[2024-06-16T08:37:26.624+0000] {processor.py:830} INFO - Processing file /home/airflow/.local/lib/python3.12/site-packages/airflow/example_dags/example_nested_branch_dag.py for tasks to queue
[2024-06-16T08:37:26.626+0000] {logging_mixin.py:188} INFO - [2024-06-16T08:37:26.625+0000] {dagbag.py:545} INFO - Filling up the DagBag from /home/airflow/.local/lib/python3.12/site-packages/airflow/example_dags/example_nested_branch_dag.py
[2024-06-16T08:37:26.632+0000] {processor.py:840} INFO - DAG(s) 'example_nested_branch_dag' retrieved from /home/airflow/.local/lib/python3.12/site-packages/airflow/example_dags/example_nested_branch_dag.py
[2024-06-16T08:37:26.643+0000] {logging_mixin.py:188} INFO - [2024-06-16T08:37:26.643+0000] {dag.py:3096} INFO - Sync 1 DAGs
[2024-06-16T08:37:26.655+0000] {logging_mixin.py:188} INFO - [2024-06-16T08:37:26.655+0000] {dag.py:3954} INFO - Setting next_dagrun for example_nested_branch_dag to 2024-06-15 00:00:00+00:00, run_after=2024-06-16 00:00:00+00:00
[2024-06-16T08:37:26.664+0000] {processor.py:183} INFO - Processing /home/airflow/.local/lib/python3.12/site-packages/airflow/example_dags/example_nested_branch_dag.py took 0.045 seconds
