[2024-06-16T07:55:00.660+0000] {processor.py:161} INFO - Started process (PID=37) to work on /home/airflow/.local/lib/python3.12/site-packages/airflow/example_dags/example_python_operator.py
[2024-06-16T07:55:00.662+0000] {processor.py:830} INFO - Processing file /home/airflow/.local/lib/python3.12/site-packages/airflow/example_dags/example_python_operator.py for tasks to queue
[2024-06-16T07:55:00.666+0000] {logging_mixin.py:188} INFO - [2024-06-16T07:55:00.666+0000] {dagbag.py:545} INFO - Filling up the DagBag from /home/airflow/.local/lib/python3.12/site-packages/airflow/example_dags/example_python_operator.py
[2024-06-16T07:55:00.692+0000] {processor.py:840} INFO - DAG(s) 'example_python_operator' retrieved from /home/airflow/.local/lib/python3.12/site-packages/airflow/example_dags/example_python_operator.py
[2024-06-16T07:55:00.713+0000] {logging_mixin.py:188} INFO - [2024-06-16T07:55:00.713+0000] {dag.py:3096} INFO - Sync 1 DAGs
[2024-06-16T07:55:00.732+0000] {logging_mixin.py:188} INFO - [2024-06-16T07:55:00.731+0000] {dag.py:3954} INFO - Setting next_dagrun for example_python_operator to None, run_after=None
[2024-06-16T07:55:00.765+0000] {processor.py:183} INFO - Processing /home/airflow/.local/lib/python3.12/site-packages/airflow/example_dags/example_python_operator.py took 0.110 seconds
[2024-06-16T07:55:31.369+0000] {processor.py:161} INFO - Started process (PID=95) to work on /home/airflow/.local/lib/python3.12/site-packages/airflow/example_dags/example_python_operator.py
[2024-06-16T07:55:31.370+0000] {processor.py:830} INFO - Processing file /home/airflow/.local/lib/python3.12/site-packages/airflow/example_dags/example_python_operator.py for tasks to queue
[2024-06-16T07:55:31.377+0000] {logging_mixin.py:188} INFO - [2024-06-16T07:55:31.376+0000] {dagbag.py:545} INFO - Filling up the DagBag from /home/airflow/.local/lib/python3.12/site-packages/airflow/example_dags/example_python_operator.py
[2024-06-16T07:55:31.387+0000] {processor.py:840} INFO - DAG(s) 'example_python_operator' retrieved from /home/airflow/.local/lib/python3.12/site-packages/airflow/example_dags/example_python_operator.py
[2024-06-16T07:55:31.446+0000] {logging_mixin.py:188} INFO - [2024-06-16T07:55:31.446+0000] {dag.py:3096} INFO - Sync 1 DAGs
[2024-06-16T07:55:31.451+0000] {logging_mixin.py:188} INFO - [2024-06-16T07:55:31.451+0000] {dag.py:3954} INFO - Setting next_dagrun for example_python_operator to None, run_after=None
[2024-06-16T07:55:31.460+0000] {processor.py:183} INFO - Processing /home/airflow/.local/lib/python3.12/site-packages/airflow/example_dags/example_python_operator.py took 0.098 seconds
[2024-06-16T07:56:02.330+0000] {processor.py:161} INFO - Started process (PID=154) to work on /home/airflow/.local/lib/python3.12/site-packages/airflow/example_dags/example_python_operator.py
[2024-06-16T07:56:02.331+0000] {processor.py:830} INFO - Processing file /home/airflow/.local/lib/python3.12/site-packages/airflow/example_dags/example_python_operator.py for tasks to queue
[2024-06-16T07:56:02.331+0000] {logging_mixin.py:188} INFO - [2024-06-16T07:56:02.331+0000] {dagbag.py:545} INFO - Filling up the DagBag from /home/airflow/.local/lib/python3.12/site-packages/airflow/example_dags/example_python_operator.py
[2024-06-16T07:56:02.338+0000] {processor.py:840} INFO - DAG(s) 'example_python_operator' retrieved from /home/airflow/.local/lib/python3.12/site-packages/airflow/example_dags/example_python_operator.py
[2024-06-16T07:56:02.351+0000] {logging_mixin.py:188} INFO - [2024-06-16T07:56:02.351+0000] {dag.py:3096} INFO - Sync 1 DAGs
[2024-06-16T07:56:02.358+0000] {logging_mixin.py:188} INFO - [2024-06-16T07:56:02.358+0000] {dag.py:3954} INFO - Setting next_dagrun for example_python_operator to None, run_after=None
[2024-06-16T07:56:02.376+0000] {processor.py:183} INFO - Processing /home/airflow/.local/lib/python3.12/site-packages/airflow/example_dags/example_python_operator.py took 0.050 seconds
[2024-06-16T07:56:33.147+0000] {processor.py:161} INFO - Started process (PID=213) to work on /home/airflow/.local/lib/python3.12/site-packages/airflow/example_dags/example_python_operator.py
[2024-06-16T07:56:33.148+0000] {processor.py:830} INFO - Processing file /home/airflow/.local/lib/python3.12/site-packages/airflow/example_dags/example_python_operator.py for tasks to queue
[2024-06-16T07:56:33.149+0000] {logging_mixin.py:188} INFO - [2024-06-16T07:56:33.149+0000] {dagbag.py:545} INFO - Filling up the DagBag from /home/airflow/.local/lib/python3.12/site-packages/airflow/example_dags/example_python_operator.py
[2024-06-16T07:56:33.155+0000] {processor.py:840} INFO - DAG(s) 'example_python_operator' retrieved from /home/airflow/.local/lib/python3.12/site-packages/airflow/example_dags/example_python_operator.py
[2024-06-16T07:56:33.166+0000] {logging_mixin.py:188} INFO - [2024-06-16T07:56:33.166+0000] {dag.py:3096} INFO - Sync 1 DAGs
[2024-06-16T07:56:33.173+0000] {logging_mixin.py:188} INFO - [2024-06-16T07:56:33.172+0000] {dag.py:3954} INFO - Setting next_dagrun for example_python_operator to None, run_after=None
[2024-06-16T07:56:33.181+0000] {processor.py:183} INFO - Processing /home/airflow/.local/lib/python3.12/site-packages/airflow/example_dags/example_python_operator.py took 0.037 seconds
[2024-06-16T07:57:03.725+0000] {processor.py:161} INFO - Started process (PID=272) to work on /home/airflow/.local/lib/python3.12/site-packages/airflow/example_dags/example_python_operator.py
[2024-06-16T07:57:03.726+0000] {processor.py:830} INFO - Processing file /home/airflow/.local/lib/python3.12/site-packages/airflow/example_dags/example_python_operator.py for tasks to queue
[2024-06-16T07:57:03.726+0000] {logging_mixin.py:188} INFO - [2024-06-16T07:57:03.726+0000] {dagbag.py:545} INFO - Filling up the DagBag from /home/airflow/.local/lib/python3.12/site-packages/airflow/example_dags/example_python_operator.py
[2024-06-16T07:57:03.731+0000] {processor.py:840} INFO - DAG(s) 'example_python_operator' retrieved from /home/airflow/.local/lib/python3.12/site-packages/airflow/example_dags/example_python_operator.py
[2024-06-16T07:57:03.741+0000] {logging_mixin.py:188} INFO - [2024-06-16T07:57:03.741+0000] {dag.py:3096} INFO - Sync 1 DAGs
[2024-06-16T07:57:03.747+0000] {logging_mixin.py:188} INFO - [2024-06-16T07:57:03.746+0000] {dag.py:3954} INFO - Setting next_dagrun for example_python_operator to None, run_after=None
[2024-06-16T07:57:03.754+0000] {processor.py:183} INFO - Processing /home/airflow/.local/lib/python3.12/site-packages/airflow/example_dags/example_python_operator.py took 0.032 seconds
[2024-06-16T07:57:34.624+0000] {processor.py:161} INFO - Started process (PID=331) to work on /home/airflow/.local/lib/python3.12/site-packages/airflow/example_dags/example_python_operator.py
[2024-06-16T07:57:34.625+0000] {processor.py:830} INFO - Processing file /home/airflow/.local/lib/python3.12/site-packages/airflow/example_dags/example_python_operator.py for tasks to queue
[2024-06-16T07:57:34.626+0000] {logging_mixin.py:188} INFO - [2024-06-16T07:57:34.626+0000] {dagbag.py:545} INFO - Filling up the DagBag from /home/airflow/.local/lib/python3.12/site-packages/airflow/example_dags/example_python_operator.py
[2024-06-16T07:57:34.631+0000] {processor.py:840} INFO - DAG(s) 'example_python_operator' retrieved from /home/airflow/.local/lib/python3.12/site-packages/airflow/example_dags/example_python_operator.py
[2024-06-16T07:57:34.647+0000] {logging_mixin.py:188} INFO - [2024-06-16T07:57:34.646+0000] {dag.py:3096} INFO - Sync 1 DAGs
[2024-06-16T07:57:34.744+0000] {logging_mixin.py:188} INFO - [2024-06-16T07:57:34.744+0000] {dag.py:3954} INFO - Setting next_dagrun for example_python_operator to None, run_after=None
[2024-06-16T07:57:34.756+0000] {processor.py:183} INFO - Processing /home/airflow/.local/lib/python3.12/site-packages/airflow/example_dags/example_python_operator.py took 0.136 seconds
[2024-06-16T07:58:05.155+0000] {processor.py:161} INFO - Started process (PID=390) to work on /home/airflow/.local/lib/python3.12/site-packages/airflow/example_dags/example_python_operator.py
[2024-06-16T07:58:05.156+0000] {processor.py:830} INFO - Processing file /home/airflow/.local/lib/python3.12/site-packages/airflow/example_dags/example_python_operator.py for tasks to queue
[2024-06-16T07:58:05.157+0000] {logging_mixin.py:188} INFO - [2024-06-16T07:58:05.157+0000] {dagbag.py:545} INFO - Filling up the DagBag from /home/airflow/.local/lib/python3.12/site-packages/airflow/example_dags/example_python_operator.py
[2024-06-16T07:58:05.163+0000] {processor.py:840} INFO - DAG(s) 'example_python_operator' retrieved from /home/airflow/.local/lib/python3.12/site-packages/airflow/example_dags/example_python_operator.py
[2024-06-16T07:58:05.174+0000] {logging_mixin.py:188} INFO - [2024-06-16T07:58:05.174+0000] {dag.py:3096} INFO - Sync 1 DAGs
[2024-06-16T07:58:05.308+0000] {logging_mixin.py:188} INFO - [2024-06-16T07:58:05.308+0000] {dag.py:3954} INFO - Setting next_dagrun for example_python_operator to None, run_after=None
[2024-06-16T07:58:05.319+0000] {processor.py:183} INFO - Processing /home/airflow/.local/lib/python3.12/site-packages/airflow/example_dags/example_python_operator.py took 0.166 seconds
[2024-06-16T07:58:35.954+0000] {processor.py:161} INFO - Started process (PID=449) to work on /home/airflow/.local/lib/python3.12/site-packages/airflow/example_dags/example_python_operator.py
[2024-06-16T07:58:35.956+0000] {processor.py:830} INFO - Processing file /home/airflow/.local/lib/python3.12/site-packages/airflow/example_dags/example_python_operator.py for tasks to queue
[2024-06-16T07:58:35.958+0000] {logging_mixin.py:188} INFO - [2024-06-16T07:58:35.958+0000] {dagbag.py:545} INFO - Filling up the DagBag from /home/airflow/.local/lib/python3.12/site-packages/airflow/example_dags/example_python_operator.py
[2024-06-16T07:58:35.964+0000] {processor.py:840} INFO - DAG(s) 'example_python_operator' retrieved from /home/airflow/.local/lib/python3.12/site-packages/airflow/example_dags/example_python_operator.py
[2024-06-16T07:58:35.976+0000] {logging_mixin.py:188} INFO - [2024-06-16T07:58:35.976+0000] {dag.py:3096} INFO - Sync 1 DAGs
[2024-06-16T07:58:35.982+0000] {logging_mixin.py:188} INFO - [2024-06-16T07:58:35.982+0000] {dag.py:3954} INFO - Setting next_dagrun for example_python_operator to None, run_after=None
[2024-06-16T07:58:35.991+0000] {processor.py:183} INFO - Processing /home/airflow/.local/lib/python3.12/site-packages/airflow/example_dags/example_python_operator.py took 0.040 seconds
[2024-06-16T07:59:06.217+0000] {processor.py:161} INFO - Started process (PID=508) to work on /home/airflow/.local/lib/python3.12/site-packages/airflow/example_dags/example_python_operator.py
[2024-06-16T07:59:06.221+0000] {processor.py:830} INFO - Processing file /home/airflow/.local/lib/python3.12/site-packages/airflow/example_dags/example_python_operator.py for tasks to queue
[2024-06-16T07:59:06.222+0000] {logging_mixin.py:188} INFO - [2024-06-16T07:59:06.222+0000] {dagbag.py:545} INFO - Filling up the DagBag from /home/airflow/.local/lib/python3.12/site-packages/airflow/example_dags/example_python_operator.py
[2024-06-16T07:59:06.227+0000] {processor.py:840} INFO - DAG(s) 'example_python_operator' retrieved from /home/airflow/.local/lib/python3.12/site-packages/airflow/example_dags/example_python_operator.py
[2024-06-16T07:59:06.238+0000] {logging_mixin.py:188} INFO - [2024-06-16T07:59:06.238+0000] {dag.py:3096} INFO - Sync 1 DAGs
[2024-06-16T07:59:06.244+0000] {logging_mixin.py:188} INFO - [2024-06-16T07:59:06.243+0000] {dag.py:3954} INFO - Setting next_dagrun for example_python_operator to None, run_after=None
[2024-06-16T07:59:06.252+0000] {processor.py:183} INFO - Processing /home/airflow/.local/lib/python3.12/site-packages/airflow/example_dags/example_python_operator.py took 0.038 seconds
[2024-06-16T07:59:36.572+0000] {processor.py:161} INFO - Started process (PID=568) to work on /home/airflow/.local/lib/python3.12/site-packages/airflow/example_dags/example_python_operator.py
[2024-06-16T07:59:36.575+0000] {processor.py:830} INFO - Processing file /home/airflow/.local/lib/python3.12/site-packages/airflow/example_dags/example_python_operator.py for tasks to queue
[2024-06-16T07:59:36.577+0000] {logging_mixin.py:188} INFO - [2024-06-16T07:59:36.576+0000] {dagbag.py:545} INFO - Filling up the DagBag from /home/airflow/.local/lib/python3.12/site-packages/airflow/example_dags/example_python_operator.py
[2024-06-16T07:59:36.584+0000] {processor.py:840} INFO - DAG(s) 'example_python_operator' retrieved from /home/airflow/.local/lib/python3.12/site-packages/airflow/example_dags/example_python_operator.py
[2024-06-16T07:59:36.595+0000] {logging_mixin.py:188} INFO - [2024-06-16T07:59:36.595+0000] {dag.py:3096} INFO - Sync 1 DAGs
[2024-06-16T07:59:36.604+0000] {logging_mixin.py:188} INFO - [2024-06-16T07:59:36.604+0000] {dag.py:3954} INFO - Setting next_dagrun for example_python_operator to None, run_after=None
[2024-06-16T07:59:36.617+0000] {processor.py:183} INFO - Processing /home/airflow/.local/lib/python3.12/site-packages/airflow/example_dags/example_python_operator.py took 0.049 seconds
[2024-06-16T08:00:06.933+0000] {processor.py:161} INFO - Started process (PID=627) to work on /home/airflow/.local/lib/python3.12/site-packages/airflow/example_dags/example_python_operator.py
[2024-06-16T08:00:06.933+0000] {processor.py:830} INFO - Processing file /home/airflow/.local/lib/python3.12/site-packages/airflow/example_dags/example_python_operator.py for tasks to queue
[2024-06-16T08:00:06.935+0000] {logging_mixin.py:188} INFO - [2024-06-16T08:00:06.935+0000] {dagbag.py:545} INFO - Filling up the DagBag from /home/airflow/.local/lib/python3.12/site-packages/airflow/example_dags/example_python_operator.py
[2024-06-16T08:00:06.941+0000] {processor.py:840} INFO - DAG(s) 'example_python_operator' retrieved from /home/airflow/.local/lib/python3.12/site-packages/airflow/example_dags/example_python_operator.py
[2024-06-16T08:00:06.952+0000] {logging_mixin.py:188} INFO - [2024-06-16T08:00:06.952+0000] {dag.py:3096} INFO - Sync 1 DAGs
[2024-06-16T08:00:06.958+0000] {logging_mixin.py:188} INFO - [2024-06-16T08:00:06.958+0000] {dag.py:3954} INFO - Setting next_dagrun for example_python_operator to None, run_after=None
[2024-06-16T08:00:06.966+0000] {processor.py:183} INFO - Processing /home/airflow/.local/lib/python3.12/site-packages/airflow/example_dags/example_python_operator.py took 0.037 seconds
[2024-06-16T08:00:37.143+0000] {processor.py:161} INFO - Started process (PID=686) to work on /home/airflow/.local/lib/python3.12/site-packages/airflow/example_dags/example_python_operator.py
[2024-06-16T08:00:37.143+0000] {processor.py:830} INFO - Processing file /home/airflow/.local/lib/python3.12/site-packages/airflow/example_dags/example_python_operator.py for tasks to queue
[2024-06-16T08:00:37.144+0000] {logging_mixin.py:188} INFO - [2024-06-16T08:00:37.144+0000] {dagbag.py:545} INFO - Filling up the DagBag from /home/airflow/.local/lib/python3.12/site-packages/airflow/example_dags/example_python_operator.py
[2024-06-16T08:00:37.153+0000] {processor.py:840} INFO - DAG(s) 'example_python_operator' retrieved from /home/airflow/.local/lib/python3.12/site-packages/airflow/example_dags/example_python_operator.py
[2024-06-16T08:00:37.166+0000] {logging_mixin.py:188} INFO - [2024-06-16T08:00:37.166+0000] {dag.py:3096} INFO - Sync 1 DAGs
[2024-06-16T08:00:37.172+0000] {logging_mixin.py:188} INFO - [2024-06-16T08:00:37.172+0000] {dag.py:3954} INFO - Setting next_dagrun for example_python_operator to None, run_after=None
[2024-06-16T08:00:37.179+0000] {processor.py:183} INFO - Processing /home/airflow/.local/lib/python3.12/site-packages/airflow/example_dags/example_python_operator.py took 0.041 seconds
[2024-06-16T08:01:07.510+0000] {processor.py:161} INFO - Started process (PID=745) to work on /home/airflow/.local/lib/python3.12/site-packages/airflow/example_dags/example_python_operator.py
[2024-06-16T08:01:07.514+0000] {processor.py:830} INFO - Processing file /home/airflow/.local/lib/python3.12/site-packages/airflow/example_dags/example_python_operator.py for tasks to queue
[2024-06-16T08:01:07.515+0000] {logging_mixin.py:188} INFO - [2024-06-16T08:01:07.515+0000] {dagbag.py:545} INFO - Filling up the DagBag from /home/airflow/.local/lib/python3.12/site-packages/airflow/example_dags/example_python_operator.py
[2024-06-16T08:01:07.521+0000] {processor.py:840} INFO - DAG(s) 'example_python_operator' retrieved from /home/airflow/.local/lib/python3.12/site-packages/airflow/example_dags/example_python_operator.py
[2024-06-16T08:01:07.532+0000] {logging_mixin.py:188} INFO - [2024-06-16T08:01:07.532+0000] {dag.py:3096} INFO - Sync 1 DAGs
[2024-06-16T08:01:07.539+0000] {logging_mixin.py:188} INFO - [2024-06-16T08:01:07.539+0000] {dag.py:3954} INFO - Setting next_dagrun for example_python_operator to None, run_after=None
[2024-06-16T08:01:07.550+0000] {processor.py:183} INFO - Processing /home/airflow/.local/lib/python3.12/site-packages/airflow/example_dags/example_python_operator.py took 0.042 seconds
[2024-06-16T08:01:38.061+0000] {processor.py:161} INFO - Started process (PID=804) to work on /home/airflow/.local/lib/python3.12/site-packages/airflow/example_dags/example_python_operator.py
[2024-06-16T08:01:38.062+0000] {processor.py:830} INFO - Processing file /home/airflow/.local/lib/python3.12/site-packages/airflow/example_dags/example_python_operator.py for tasks to queue
[2024-06-16T08:01:38.064+0000] {logging_mixin.py:188} INFO - [2024-06-16T08:01:38.063+0000] {dagbag.py:545} INFO - Filling up the DagBag from /home/airflow/.local/lib/python3.12/site-packages/airflow/example_dags/example_python_operator.py
[2024-06-16T08:01:38.073+0000] {processor.py:840} INFO - DAG(s) 'example_python_operator' retrieved from /home/airflow/.local/lib/python3.12/site-packages/airflow/example_dags/example_python_operator.py
[2024-06-16T08:01:38.090+0000] {logging_mixin.py:188} INFO - [2024-06-16T08:01:38.090+0000] {dag.py:3096} INFO - Sync 1 DAGs
[2024-06-16T08:01:38.098+0000] {logging_mixin.py:188} INFO - [2024-06-16T08:01:38.098+0000] {dag.py:3954} INFO - Setting next_dagrun for example_python_operator to None, run_after=None
[2024-06-16T08:01:38.117+0000] {processor.py:183} INFO - Processing /home/airflow/.local/lib/python3.12/site-packages/airflow/example_dags/example_python_operator.py took 0.060 seconds
[2024-06-16T08:02:23.207+0000] {processor.py:161} INFO - Started process (PID=36) to work on /home/airflow/.local/lib/python3.12/site-packages/airflow/example_dags/example_python_operator.py
[2024-06-16T08:02:23.208+0000] {processor.py:830} INFO - Processing file /home/airflow/.local/lib/python3.12/site-packages/airflow/example_dags/example_python_operator.py for tasks to queue
[2024-06-16T08:02:23.214+0000] {logging_mixin.py:188} INFO - [2024-06-16T08:02:23.213+0000] {dagbag.py:545} INFO - Filling up the DagBag from /home/airflow/.local/lib/python3.12/site-packages/airflow/example_dags/example_python_operator.py
[2024-06-16T08:02:23.238+0000] {processor.py:840} INFO - DAG(s) 'example_python_operator' retrieved from /home/airflow/.local/lib/python3.12/site-packages/airflow/example_dags/example_python_operator.py
[2024-06-16T08:02:23.253+0000] {logging_mixin.py:188} INFO - [2024-06-16T08:02:23.252+0000] {dag.py:3096} INFO - Sync 1 DAGs
[2024-06-16T08:02:23.267+0000] {logging_mixin.py:188} INFO - [2024-06-16T08:02:23.267+0000] {dag.py:3954} INFO - Setting next_dagrun for example_python_operator to None, run_after=None
[2024-06-16T08:02:23.285+0000] {processor.py:183} INFO - Processing /home/airflow/.local/lib/python3.12/site-packages/airflow/example_dags/example_python_operator.py took 0.084 seconds
[2024-06-16T08:02:54.164+0000] {processor.py:161} INFO - Started process (PID=95) to work on /home/airflow/.local/lib/python3.12/site-packages/airflow/example_dags/example_python_operator.py
[2024-06-16T08:02:54.165+0000] {processor.py:830} INFO - Processing file /home/airflow/.local/lib/python3.12/site-packages/airflow/example_dags/example_python_operator.py for tasks to queue
[2024-06-16T08:02:54.166+0000] {logging_mixin.py:188} INFO - [2024-06-16T08:02:54.166+0000] {dagbag.py:545} INFO - Filling up the DagBag from /home/airflow/.local/lib/python3.12/site-packages/airflow/example_dags/example_python_operator.py
[2024-06-16T08:02:54.171+0000] {processor.py:840} INFO - DAG(s) 'example_python_operator' retrieved from /home/airflow/.local/lib/python3.12/site-packages/airflow/example_dags/example_python_operator.py
[2024-06-16T08:02:54.332+0000] {logging_mixin.py:188} INFO - [2024-06-16T08:02:54.332+0000] {dag.py:3096} INFO - Sync 1 DAGs
[2024-06-16T08:02:54.336+0000] {logging_mixin.py:188} INFO - [2024-06-16T08:02:54.336+0000] {dag.py:3954} INFO - Setting next_dagrun for example_python_operator to None, run_after=None
[2024-06-16T08:02:54.344+0000] {processor.py:183} INFO - Processing /home/airflow/.local/lib/python3.12/site-packages/airflow/example_dags/example_python_operator.py took 0.182 seconds
[2024-06-16T08:03:24.589+0000] {processor.py:161} INFO - Started process (PID=154) to work on /home/airflow/.local/lib/python3.12/site-packages/airflow/example_dags/example_python_operator.py
[2024-06-16T08:03:24.590+0000] {processor.py:830} INFO - Processing file /home/airflow/.local/lib/python3.12/site-packages/airflow/example_dags/example_python_operator.py for tasks to queue
[2024-06-16T08:03:24.592+0000] {logging_mixin.py:188} INFO - [2024-06-16T08:03:24.592+0000] {dagbag.py:545} INFO - Filling up the DagBag from /home/airflow/.local/lib/python3.12/site-packages/airflow/example_dags/example_python_operator.py
[2024-06-16T08:03:24.598+0000] {processor.py:840} INFO - DAG(s) 'example_python_operator' retrieved from /home/airflow/.local/lib/python3.12/site-packages/airflow/example_dags/example_python_operator.py
[2024-06-16T08:03:24.613+0000] {logging_mixin.py:188} INFO - [2024-06-16T08:03:24.613+0000] {dag.py:3096} INFO - Sync 1 DAGs
[2024-06-16T08:03:24.622+0000] {logging_mixin.py:188} INFO - [2024-06-16T08:03:24.622+0000] {dag.py:3954} INFO - Setting next_dagrun for example_python_operator to None, run_after=None
[2024-06-16T08:03:24.637+0000] {processor.py:183} INFO - Processing /home/airflow/.local/lib/python3.12/site-packages/airflow/example_dags/example_python_operator.py took 0.051 seconds
[2024-06-16T08:03:55.375+0000] {processor.py:161} INFO - Started process (PID=213) to work on /home/airflow/.local/lib/python3.12/site-packages/airflow/example_dags/example_python_operator.py
[2024-06-16T08:03:55.376+0000] {processor.py:830} INFO - Processing file /home/airflow/.local/lib/python3.12/site-packages/airflow/example_dags/example_python_operator.py for tasks to queue
[2024-06-16T08:03:55.378+0000] {logging_mixin.py:188} INFO - [2024-06-16T08:03:55.378+0000] {dagbag.py:545} INFO - Filling up the DagBag from /home/airflow/.local/lib/python3.12/site-packages/airflow/example_dags/example_python_operator.py
[2024-06-16T08:03:55.387+0000] {processor.py:840} INFO - DAG(s) 'example_python_operator' retrieved from /home/airflow/.local/lib/python3.12/site-packages/airflow/example_dags/example_python_operator.py
[2024-06-16T08:03:55.401+0000] {logging_mixin.py:188} INFO - [2024-06-16T08:03:55.401+0000] {dag.py:3096} INFO - Sync 1 DAGs
[2024-06-16T08:03:55.497+0000] {logging_mixin.py:188} INFO - [2024-06-16T08:03:55.497+0000] {dag.py:3954} INFO - Setting next_dagrun for example_python_operator to None, run_after=None
[2024-06-16T08:03:55.510+0000] {processor.py:183} INFO - Processing /home/airflow/.local/lib/python3.12/site-packages/airflow/example_dags/example_python_operator.py took 0.137 seconds
[2024-06-16T08:04:26.355+0000] {processor.py:161} INFO - Started process (PID=272) to work on /home/airflow/.local/lib/python3.12/site-packages/airflow/example_dags/example_python_operator.py
[2024-06-16T08:04:26.356+0000] {processor.py:830} INFO - Processing file /home/airflow/.local/lib/python3.12/site-packages/airflow/example_dags/example_python_operator.py for tasks to queue
[2024-06-16T08:04:26.357+0000] {logging_mixin.py:188} INFO - [2024-06-16T08:04:26.357+0000] {dagbag.py:545} INFO - Filling up the DagBag from /home/airflow/.local/lib/python3.12/site-packages/airflow/example_dags/example_python_operator.py
[2024-06-16T08:04:26.363+0000] {processor.py:840} INFO - DAG(s) 'example_python_operator' retrieved from /home/airflow/.local/lib/python3.12/site-packages/airflow/example_dags/example_python_operator.py
[2024-06-16T08:04:26.384+0000] {logging_mixin.py:188} INFO - [2024-06-16T08:04:26.384+0000] {dag.py:3096} INFO - Sync 1 DAGs
[2024-06-16T08:04:26.436+0000] {logging_mixin.py:188} INFO - [2024-06-16T08:04:26.436+0000] {dag.py:3954} INFO - Setting next_dagrun for example_python_operator to None, run_after=None
[2024-06-16T08:04:26.554+0000] {processor.py:183} INFO - Processing /home/airflow/.local/lib/python3.12/site-packages/airflow/example_dags/example_python_operator.py took 0.203 seconds
[2024-06-16T08:04:56.959+0000] {processor.py:161} INFO - Started process (PID=330) to work on /home/airflow/.local/lib/python3.12/site-packages/airflow/example_dags/example_python_operator.py
[2024-06-16T08:04:56.960+0000] {processor.py:830} INFO - Processing file /home/airflow/.local/lib/python3.12/site-packages/airflow/example_dags/example_python_operator.py for tasks to queue
[2024-06-16T08:04:56.961+0000] {logging_mixin.py:188} INFO - [2024-06-16T08:04:56.961+0000] {dagbag.py:545} INFO - Filling up the DagBag from /home/airflow/.local/lib/python3.12/site-packages/airflow/example_dags/example_python_operator.py
[2024-06-16T08:04:56.966+0000] {processor.py:840} INFO - DAG(s) 'example_python_operator' retrieved from /home/airflow/.local/lib/python3.12/site-packages/airflow/example_dags/example_python_operator.py
[2024-06-16T08:04:56.977+0000] {logging_mixin.py:188} INFO - [2024-06-16T08:04:56.977+0000] {dag.py:3096} INFO - Sync 1 DAGs
[2024-06-16T08:04:56.983+0000] {logging_mixin.py:188} INFO - [2024-06-16T08:04:56.983+0000] {dag.py:3954} INFO - Setting next_dagrun for example_python_operator to None, run_after=None
[2024-06-16T08:04:56.994+0000] {processor.py:183} INFO - Processing /home/airflow/.local/lib/python3.12/site-packages/airflow/example_dags/example_python_operator.py took 0.038 seconds
[2024-06-16T08:05:27.272+0000] {processor.py:161} INFO - Started process (PID=389) to work on /home/airflow/.local/lib/python3.12/site-packages/airflow/example_dags/example_python_operator.py
[2024-06-16T08:05:27.272+0000] {processor.py:830} INFO - Processing file /home/airflow/.local/lib/python3.12/site-packages/airflow/example_dags/example_python_operator.py for tasks to queue
[2024-06-16T08:05:27.273+0000] {logging_mixin.py:188} INFO - [2024-06-16T08:05:27.273+0000] {dagbag.py:545} INFO - Filling up the DagBag from /home/airflow/.local/lib/python3.12/site-packages/airflow/example_dags/example_python_operator.py
[2024-06-16T08:05:27.279+0000] {processor.py:840} INFO - DAG(s) 'example_python_operator' retrieved from /home/airflow/.local/lib/python3.12/site-packages/airflow/example_dags/example_python_operator.py
[2024-06-16T08:05:27.290+0000] {logging_mixin.py:188} INFO - [2024-06-16T08:05:27.290+0000] {dag.py:3096} INFO - Sync 1 DAGs
[2024-06-16T08:05:27.295+0000] {logging_mixin.py:188} INFO - [2024-06-16T08:05:27.295+0000] {dag.py:3954} INFO - Setting next_dagrun for example_python_operator to None, run_after=None
[2024-06-16T08:05:27.304+0000] {processor.py:183} INFO - Processing /home/airflow/.local/lib/python3.12/site-packages/airflow/example_dags/example_python_operator.py took 0.036 seconds
[2024-06-16T08:05:57.484+0000] {processor.py:161} INFO - Started process (PID=449) to work on /home/airflow/.local/lib/python3.12/site-packages/airflow/example_dags/example_python_operator.py
[2024-06-16T08:05:57.485+0000] {processor.py:830} INFO - Processing file /home/airflow/.local/lib/python3.12/site-packages/airflow/example_dags/example_python_operator.py for tasks to queue
[2024-06-16T08:05:57.487+0000] {logging_mixin.py:188} INFO - [2024-06-16T08:05:57.486+0000] {dagbag.py:545} INFO - Filling up the DagBag from /home/airflow/.local/lib/python3.12/site-packages/airflow/example_dags/example_python_operator.py
[2024-06-16T08:05:57.492+0000] {processor.py:840} INFO - DAG(s) 'example_python_operator' retrieved from /home/airflow/.local/lib/python3.12/site-packages/airflow/example_dags/example_python_operator.py
[2024-06-16T08:05:57.503+0000] {logging_mixin.py:188} INFO - [2024-06-16T08:05:57.503+0000] {dag.py:3096} INFO - Sync 1 DAGs
[2024-06-16T08:05:57.509+0000] {logging_mixin.py:188} INFO - [2024-06-16T08:05:57.509+0000] {dag.py:3954} INFO - Setting next_dagrun for example_python_operator to None, run_after=None
[2024-06-16T08:05:57.517+0000] {processor.py:183} INFO - Processing /home/airflow/.local/lib/python3.12/site-packages/airflow/example_dags/example_python_operator.py took 0.035 seconds
[2024-06-16T08:06:28.019+0000] {processor.py:161} INFO - Started process (PID=508) to work on /home/airflow/.local/lib/python3.12/site-packages/airflow/example_dags/example_python_operator.py
[2024-06-16T08:06:28.023+0000] {processor.py:830} INFO - Processing file /home/airflow/.local/lib/python3.12/site-packages/airflow/example_dags/example_python_operator.py for tasks to queue
[2024-06-16T08:06:28.024+0000] {logging_mixin.py:188} INFO - [2024-06-16T08:06:28.024+0000] {dagbag.py:545} INFO - Filling up the DagBag from /home/airflow/.local/lib/python3.12/site-packages/airflow/example_dags/example_python_operator.py
[2024-06-16T08:06:28.030+0000] {processor.py:840} INFO - DAG(s) 'example_python_operator' retrieved from /home/airflow/.local/lib/python3.12/site-packages/airflow/example_dags/example_python_operator.py
[2024-06-16T08:06:28.043+0000] {logging_mixin.py:188} INFO - [2024-06-16T08:06:28.043+0000] {dag.py:3096} INFO - Sync 1 DAGs
[2024-06-16T08:06:28.051+0000] {logging_mixin.py:188} INFO - [2024-06-16T08:06:28.051+0000] {dag.py:3954} INFO - Setting next_dagrun for example_python_operator to None, run_after=None
[2024-06-16T08:06:28.062+0000] {processor.py:183} INFO - Processing /home/airflow/.local/lib/python3.12/site-packages/airflow/example_dags/example_python_operator.py took 0.047 seconds
[2024-06-16T08:06:58.135+0000] {processor.py:161} INFO - Started process (PID=567) to work on /home/airflow/.local/lib/python3.12/site-packages/airflow/example_dags/example_python_operator.py
[2024-06-16T08:06:58.136+0000] {processor.py:830} INFO - Processing file /home/airflow/.local/lib/python3.12/site-packages/airflow/example_dags/example_python_operator.py for tasks to queue
[2024-06-16T08:06:58.136+0000] {logging_mixin.py:188} INFO - [2024-06-16T08:06:58.136+0000] {dagbag.py:545} INFO - Filling up the DagBag from /home/airflow/.local/lib/python3.12/site-packages/airflow/example_dags/example_python_operator.py
[2024-06-16T08:06:58.142+0000] {processor.py:840} INFO - DAG(s) 'example_python_operator' retrieved from /home/airflow/.local/lib/python3.12/site-packages/airflow/example_dags/example_python_operator.py
[2024-06-16T08:06:58.153+0000] {logging_mixin.py:188} INFO - [2024-06-16T08:06:58.153+0000] {dag.py:3096} INFO - Sync 1 DAGs
[2024-06-16T08:06:58.160+0000] {logging_mixin.py:188} INFO - [2024-06-16T08:06:58.159+0000] {dag.py:3954} INFO - Setting next_dagrun for example_python_operator to None, run_after=None
[2024-06-16T08:06:58.169+0000] {processor.py:183} INFO - Processing /home/airflow/.local/lib/python3.12/site-packages/airflow/example_dags/example_python_operator.py took 0.037 seconds
[2024-06-16T08:07:28.266+0000] {processor.py:161} INFO - Started process (PID=626) to work on /home/airflow/.local/lib/python3.12/site-packages/airflow/example_dags/example_python_operator.py
[2024-06-16T08:07:28.267+0000] {processor.py:830} INFO - Processing file /home/airflow/.local/lib/python3.12/site-packages/airflow/example_dags/example_python_operator.py for tasks to queue
[2024-06-16T08:07:28.268+0000] {logging_mixin.py:188} INFO - [2024-06-16T08:07:28.268+0000] {dagbag.py:545} INFO - Filling up the DagBag from /home/airflow/.local/lib/python3.12/site-packages/airflow/example_dags/example_python_operator.py
[2024-06-16T08:07:28.273+0000] {processor.py:840} INFO - DAG(s) 'example_python_operator' retrieved from /home/airflow/.local/lib/python3.12/site-packages/airflow/example_dags/example_python_operator.py
[2024-06-16T08:07:28.284+0000] {logging_mixin.py:188} INFO - [2024-06-16T08:07:28.283+0000] {dag.py:3096} INFO - Sync 1 DAGs
[2024-06-16T08:07:28.289+0000] {logging_mixin.py:188} INFO - [2024-06-16T08:07:28.289+0000] {dag.py:3954} INFO - Setting next_dagrun for example_python_operator to None, run_after=None
[2024-06-16T08:07:28.301+0000] {processor.py:183} INFO - Processing /home/airflow/.local/lib/python3.12/site-packages/airflow/example_dags/example_python_operator.py took 0.037 seconds
[2024-06-16T08:07:58.557+0000] {processor.py:161} INFO - Started process (PID=685) to work on /home/airflow/.local/lib/python3.12/site-packages/airflow/example_dags/example_python_operator.py
[2024-06-16T08:07:58.559+0000] {processor.py:830} INFO - Processing file /home/airflow/.local/lib/python3.12/site-packages/airflow/example_dags/example_python_operator.py for tasks to queue
[2024-06-16T08:07:58.562+0000] {logging_mixin.py:188} INFO - [2024-06-16T08:07:58.562+0000] {dagbag.py:545} INFO - Filling up the DagBag from /home/airflow/.local/lib/python3.12/site-packages/airflow/example_dags/example_python_operator.py
[2024-06-16T08:07:58.574+0000] {processor.py:840} INFO - DAG(s) 'example_python_operator' retrieved from /home/airflow/.local/lib/python3.12/site-packages/airflow/example_dags/example_python_operator.py
[2024-06-16T08:07:58.588+0000] {logging_mixin.py:188} INFO - [2024-06-16T08:07:58.588+0000] {dag.py:3096} INFO - Sync 1 DAGs
[2024-06-16T08:07:58.598+0000] {logging_mixin.py:188} INFO - [2024-06-16T08:07:58.598+0000] {dag.py:3954} INFO - Setting next_dagrun for example_python_operator to None, run_after=None
[2024-06-16T08:07:58.609+0000] {processor.py:183} INFO - Processing /home/airflow/.local/lib/python3.12/site-packages/airflow/example_dags/example_python_operator.py took 0.056 seconds
[2024-06-16T08:08:29.280+0000] {processor.py:161} INFO - Started process (PID=744) to work on /home/airflow/.local/lib/python3.12/site-packages/airflow/example_dags/example_python_operator.py
[2024-06-16T08:08:29.281+0000] {processor.py:830} INFO - Processing file /home/airflow/.local/lib/python3.12/site-packages/airflow/example_dags/example_python_operator.py for tasks to queue
[2024-06-16T08:08:29.282+0000] {logging_mixin.py:188} INFO - [2024-06-16T08:08:29.282+0000] {dagbag.py:545} INFO - Filling up the DagBag from /home/airflow/.local/lib/python3.12/site-packages/airflow/example_dags/example_python_operator.py
[2024-06-16T08:08:29.288+0000] {processor.py:840} INFO - DAG(s) 'example_python_operator' retrieved from /home/airflow/.local/lib/python3.12/site-packages/airflow/example_dags/example_python_operator.py
[2024-06-16T08:08:29.299+0000] {logging_mixin.py:188} INFO - [2024-06-16T08:08:29.299+0000] {dag.py:3096} INFO - Sync 1 DAGs
[2024-06-16T08:08:29.304+0000] {logging_mixin.py:188} INFO - [2024-06-16T08:08:29.304+0000] {dag.py:3954} INFO - Setting next_dagrun for example_python_operator to None, run_after=None
[2024-06-16T08:08:29.313+0000] {processor.py:183} INFO - Processing /home/airflow/.local/lib/python3.12/site-packages/airflow/example_dags/example_python_operator.py took 0.035 seconds
[2024-06-16T08:08:59.810+0000] {processor.py:161} INFO - Started process (PID=803) to work on /home/airflow/.local/lib/python3.12/site-packages/airflow/example_dags/example_python_operator.py
[2024-06-16T08:08:59.811+0000] {processor.py:830} INFO - Processing file /home/airflow/.local/lib/python3.12/site-packages/airflow/example_dags/example_python_operator.py for tasks to queue
[2024-06-16T08:08:59.813+0000] {logging_mixin.py:188} INFO - [2024-06-16T08:08:59.813+0000] {dagbag.py:545} INFO - Filling up the DagBag from /home/airflow/.local/lib/python3.12/site-packages/airflow/example_dags/example_python_operator.py
[2024-06-16T08:08:59.821+0000] {processor.py:840} INFO - DAG(s) 'example_python_operator' retrieved from /home/airflow/.local/lib/python3.12/site-packages/airflow/example_dags/example_python_operator.py
[2024-06-16T08:08:59.835+0000] {logging_mixin.py:188} INFO - [2024-06-16T08:08:59.835+0000] {dag.py:3096} INFO - Sync 1 DAGs
[2024-06-16T08:08:59.842+0000] {logging_mixin.py:188} INFO - [2024-06-16T08:08:59.842+0000] {dag.py:3954} INFO - Setting next_dagrun for example_python_operator to None, run_after=None
[2024-06-16T08:08:59.851+0000] {processor.py:183} INFO - Processing /home/airflow/.local/lib/python3.12/site-packages/airflow/example_dags/example_python_operator.py took 0.045 seconds
[2024-06-16T08:09:30.562+0000] {processor.py:161} INFO - Started process (PID=862) to work on /home/airflow/.local/lib/python3.12/site-packages/airflow/example_dags/example_python_operator.py
[2024-06-16T08:09:30.563+0000] {processor.py:830} INFO - Processing file /home/airflow/.local/lib/python3.12/site-packages/airflow/example_dags/example_python_operator.py for tasks to queue
[2024-06-16T08:09:30.564+0000] {logging_mixin.py:188} INFO - [2024-06-16T08:09:30.564+0000] {dagbag.py:545} INFO - Filling up the DagBag from /home/airflow/.local/lib/python3.12/site-packages/airflow/example_dags/example_python_operator.py
[2024-06-16T08:09:30.569+0000] {processor.py:840} INFO - DAG(s) 'example_python_operator' retrieved from /home/airflow/.local/lib/python3.12/site-packages/airflow/example_dags/example_python_operator.py
[2024-06-16T08:09:30.584+0000] {logging_mixin.py:188} INFO - [2024-06-16T08:09:30.584+0000] {dag.py:3096} INFO - Sync 1 DAGs
[2024-06-16T08:09:30.593+0000] {logging_mixin.py:188} INFO - [2024-06-16T08:09:30.593+0000] {dag.py:3954} INFO - Setting next_dagrun for example_python_operator to None, run_after=None
[2024-06-16T08:09:30.605+0000] {processor.py:183} INFO - Processing /home/airflow/.local/lib/python3.12/site-packages/airflow/example_dags/example_python_operator.py took 0.046 seconds
[2024-06-16T08:10:01.185+0000] {processor.py:161} INFO - Started process (PID=921) to work on /home/airflow/.local/lib/python3.12/site-packages/airflow/example_dags/example_python_operator.py
[2024-06-16T08:10:01.185+0000] {processor.py:830} INFO - Processing file /home/airflow/.local/lib/python3.12/site-packages/airflow/example_dags/example_python_operator.py for tasks to queue
[2024-06-16T08:10:01.186+0000] {logging_mixin.py:188} INFO - [2024-06-16T08:10:01.186+0000] {dagbag.py:545} INFO - Filling up the DagBag from /home/airflow/.local/lib/python3.12/site-packages/airflow/example_dags/example_python_operator.py
[2024-06-16T08:10:01.192+0000] {processor.py:840} INFO - DAG(s) 'example_python_operator' retrieved from /home/airflow/.local/lib/python3.12/site-packages/airflow/example_dags/example_python_operator.py
[2024-06-16T08:10:01.205+0000] {logging_mixin.py:188} INFO - [2024-06-16T08:10:01.205+0000] {dag.py:3096} INFO - Sync 1 DAGs
[2024-06-16T08:10:01.212+0000] {logging_mixin.py:188} INFO - [2024-06-16T08:10:01.212+0000] {dag.py:3954} INFO - Setting next_dagrun for example_python_operator to None, run_after=None
[2024-06-16T08:10:01.221+0000] {processor.py:183} INFO - Processing /home/airflow/.local/lib/python3.12/site-packages/airflow/example_dags/example_python_operator.py took 0.040 seconds
[2024-06-16T08:10:31.595+0000] {processor.py:161} INFO - Started process (PID=980) to work on /home/airflow/.local/lib/python3.12/site-packages/airflow/example_dags/example_python_operator.py
[2024-06-16T08:10:31.596+0000] {processor.py:830} INFO - Processing file /home/airflow/.local/lib/python3.12/site-packages/airflow/example_dags/example_python_operator.py for tasks to queue
[2024-06-16T08:10:31.597+0000] {logging_mixin.py:188} INFO - [2024-06-16T08:10:31.597+0000] {dagbag.py:545} INFO - Filling up the DagBag from /home/airflow/.local/lib/python3.12/site-packages/airflow/example_dags/example_python_operator.py
[2024-06-16T08:10:31.602+0000] {processor.py:840} INFO - DAG(s) 'example_python_operator' retrieved from /home/airflow/.local/lib/python3.12/site-packages/airflow/example_dags/example_python_operator.py
[2024-06-16T08:10:31.613+0000] {logging_mixin.py:188} INFO - [2024-06-16T08:10:31.613+0000] {dag.py:3096} INFO - Sync 1 DAGs
[2024-06-16T08:10:31.618+0000] {logging_mixin.py:188} INFO - [2024-06-16T08:10:31.618+0000] {dag.py:3954} INFO - Setting next_dagrun for example_python_operator to None, run_after=None
[2024-06-16T08:10:31.626+0000] {processor.py:183} INFO - Processing /home/airflow/.local/lib/python3.12/site-packages/airflow/example_dags/example_python_operator.py took 0.034 seconds
[2024-06-16T08:11:01.825+0000] {processor.py:161} INFO - Started process (PID=1039) to work on /home/airflow/.local/lib/python3.12/site-packages/airflow/example_dags/example_python_operator.py
[2024-06-16T08:11:01.826+0000] {processor.py:830} INFO - Processing file /home/airflow/.local/lib/python3.12/site-packages/airflow/example_dags/example_python_operator.py for tasks to queue
[2024-06-16T08:11:01.826+0000] {logging_mixin.py:188} INFO - [2024-06-16T08:11:01.826+0000] {dagbag.py:545} INFO - Filling up the DagBag from /home/airflow/.local/lib/python3.12/site-packages/airflow/example_dags/example_python_operator.py
[2024-06-16T08:11:01.832+0000] {processor.py:840} INFO - DAG(s) 'example_python_operator' retrieved from /home/airflow/.local/lib/python3.12/site-packages/airflow/example_dags/example_python_operator.py
[2024-06-16T08:11:01.844+0000] {logging_mixin.py:188} INFO - [2024-06-16T08:11:01.844+0000] {dag.py:3096} INFO - Sync 1 DAGs
[2024-06-16T08:11:01.850+0000] {logging_mixin.py:188} INFO - [2024-06-16T08:11:01.850+0000] {dag.py:3954} INFO - Setting next_dagrun for example_python_operator to None, run_after=None
[2024-06-16T08:11:01.860+0000] {processor.py:183} INFO - Processing /home/airflow/.local/lib/python3.12/site-packages/airflow/example_dags/example_python_operator.py took 0.037 seconds
[2024-06-16T08:11:32.760+0000] {processor.py:161} INFO - Started process (PID=1098) to work on /home/airflow/.local/lib/python3.12/site-packages/airflow/example_dags/example_python_operator.py
[2024-06-16T08:11:32.761+0000] {processor.py:830} INFO - Processing file /home/airflow/.local/lib/python3.12/site-packages/airflow/example_dags/example_python_operator.py for tasks to queue
[2024-06-16T08:11:32.762+0000] {logging_mixin.py:188} INFO - [2024-06-16T08:11:32.762+0000] {dagbag.py:545} INFO - Filling up the DagBag from /home/airflow/.local/lib/python3.12/site-packages/airflow/example_dags/example_python_operator.py
[2024-06-16T08:11:32.767+0000] {processor.py:840} INFO - DAG(s) 'example_python_operator' retrieved from /home/airflow/.local/lib/python3.12/site-packages/airflow/example_dags/example_python_operator.py
[2024-06-16T08:11:32.778+0000] {logging_mixin.py:188} INFO - [2024-06-16T08:11:32.778+0000] {dag.py:3096} INFO - Sync 1 DAGs
[2024-06-16T08:11:32.784+0000] {logging_mixin.py:188} INFO - [2024-06-16T08:11:32.784+0000] {dag.py:3954} INFO - Setting next_dagrun for example_python_operator to None, run_after=None
[2024-06-16T08:11:32.792+0000] {processor.py:183} INFO - Processing /home/airflow/.local/lib/python3.12/site-packages/airflow/example_dags/example_python_operator.py took 0.035 seconds
[2024-06-16T08:12:03.541+0000] {processor.py:161} INFO - Started process (PID=1157) to work on /home/airflow/.local/lib/python3.12/site-packages/airflow/example_dags/example_python_operator.py
[2024-06-16T08:12:03.542+0000] {processor.py:830} INFO - Processing file /home/airflow/.local/lib/python3.12/site-packages/airflow/example_dags/example_python_operator.py for tasks to queue
[2024-06-16T08:12:03.543+0000] {logging_mixin.py:188} INFO - [2024-06-16T08:12:03.543+0000] {dagbag.py:545} INFO - Filling up the DagBag from /home/airflow/.local/lib/python3.12/site-packages/airflow/example_dags/example_python_operator.py
[2024-06-16T08:12:03.548+0000] {processor.py:840} INFO - DAG(s) 'example_python_operator' retrieved from /home/airflow/.local/lib/python3.12/site-packages/airflow/example_dags/example_python_operator.py
[2024-06-16T08:12:03.560+0000] {logging_mixin.py:188} INFO - [2024-06-16T08:12:03.560+0000] {dag.py:3096} INFO - Sync 1 DAGs
[2024-06-16T08:12:03.566+0000] {logging_mixin.py:188} INFO - [2024-06-16T08:12:03.566+0000] {dag.py:3954} INFO - Setting next_dagrun for example_python_operator to None, run_after=None
[2024-06-16T08:12:03.575+0000] {processor.py:183} INFO - Processing /home/airflow/.local/lib/python3.12/site-packages/airflow/example_dags/example_python_operator.py took 0.036 seconds
[2024-06-16T08:12:33.749+0000] {processor.py:161} INFO - Started process (PID=1215) to work on /home/airflow/.local/lib/python3.12/site-packages/airflow/example_dags/example_python_operator.py
[2024-06-16T08:12:33.749+0000] {processor.py:830} INFO - Processing file /home/airflow/.local/lib/python3.12/site-packages/airflow/example_dags/example_python_operator.py for tasks to queue
[2024-06-16T08:12:33.750+0000] {logging_mixin.py:188} INFO - [2024-06-16T08:12:33.750+0000] {dagbag.py:545} INFO - Filling up the DagBag from /home/airflow/.local/lib/python3.12/site-packages/airflow/example_dags/example_python_operator.py
[2024-06-16T08:12:33.756+0000] {processor.py:840} INFO - DAG(s) 'example_python_operator' retrieved from /home/airflow/.local/lib/python3.12/site-packages/airflow/example_dags/example_python_operator.py
[2024-06-16T08:12:33.767+0000] {logging_mixin.py:188} INFO - [2024-06-16T08:12:33.767+0000] {dag.py:3096} INFO - Sync 1 DAGs
[2024-06-16T08:12:33.773+0000] {logging_mixin.py:188} INFO - [2024-06-16T08:12:33.773+0000] {dag.py:3954} INFO - Setting next_dagrun for example_python_operator to None, run_after=None
[2024-06-16T08:12:33.781+0000] {processor.py:183} INFO - Processing /home/airflow/.local/lib/python3.12/site-packages/airflow/example_dags/example_python_operator.py took 0.035 seconds
[2024-06-16T08:13:04.622+0000] {processor.py:161} INFO - Started process (PID=1274) to work on /home/airflow/.local/lib/python3.12/site-packages/airflow/example_dags/example_python_operator.py
[2024-06-16T08:13:04.623+0000] {processor.py:830} INFO - Processing file /home/airflow/.local/lib/python3.12/site-packages/airflow/example_dags/example_python_operator.py for tasks to queue
[2024-06-16T08:13:04.624+0000] {logging_mixin.py:188} INFO - [2024-06-16T08:13:04.624+0000] {dagbag.py:545} INFO - Filling up the DagBag from /home/airflow/.local/lib/python3.12/site-packages/airflow/example_dags/example_python_operator.py
[2024-06-16T08:13:04.630+0000] {processor.py:840} INFO - DAG(s) 'example_python_operator' retrieved from /home/airflow/.local/lib/python3.12/site-packages/airflow/example_dags/example_python_operator.py
[2024-06-16T08:13:04.640+0000] {logging_mixin.py:188} INFO - [2024-06-16T08:13:04.640+0000] {dag.py:3096} INFO - Sync 1 DAGs
[2024-06-16T08:13:04.646+0000] {logging_mixin.py:188} INFO - [2024-06-16T08:13:04.646+0000] {dag.py:3954} INFO - Setting next_dagrun for example_python_operator to None, run_after=None
[2024-06-16T08:13:04.654+0000] {processor.py:183} INFO - Processing /home/airflow/.local/lib/python3.12/site-packages/airflow/example_dags/example_python_operator.py took 0.034 seconds
[2024-06-16T08:13:35.101+0000] {processor.py:161} INFO - Started process (PID=1333) to work on /home/airflow/.local/lib/python3.12/site-packages/airflow/example_dags/example_python_operator.py
[2024-06-16T08:13:35.103+0000] {processor.py:830} INFO - Processing file /home/airflow/.local/lib/python3.12/site-packages/airflow/example_dags/example_python_operator.py for tasks to queue
[2024-06-16T08:13:35.104+0000] {logging_mixin.py:188} INFO - [2024-06-16T08:13:35.104+0000] {dagbag.py:545} INFO - Filling up the DagBag from /home/airflow/.local/lib/python3.12/site-packages/airflow/example_dags/example_python_operator.py
[2024-06-16T08:13:35.110+0000] {processor.py:840} INFO - DAG(s) 'example_python_operator' retrieved from /home/airflow/.local/lib/python3.12/site-packages/airflow/example_dags/example_python_operator.py
[2024-06-16T08:13:35.121+0000] {logging_mixin.py:188} INFO - [2024-06-16T08:13:35.121+0000] {dag.py:3096} INFO - Sync 1 DAGs
[2024-06-16T08:13:35.130+0000] {logging_mixin.py:188} INFO - [2024-06-16T08:13:35.130+0000] {dag.py:3954} INFO - Setting next_dagrun for example_python_operator to None, run_after=None
[2024-06-16T08:13:35.138+0000] {processor.py:183} INFO - Processing /home/airflow/.local/lib/python3.12/site-packages/airflow/example_dags/example_python_operator.py took 0.042 seconds
[2024-06-16T08:14:05.288+0000] {processor.py:161} INFO - Started process (PID=1392) to work on /home/airflow/.local/lib/python3.12/site-packages/airflow/example_dags/example_python_operator.py
[2024-06-16T08:14:05.288+0000] {processor.py:830} INFO - Processing file /home/airflow/.local/lib/python3.12/site-packages/airflow/example_dags/example_python_operator.py for tasks to queue
[2024-06-16T08:14:05.289+0000] {logging_mixin.py:188} INFO - [2024-06-16T08:14:05.289+0000] {dagbag.py:545} INFO - Filling up the DagBag from /home/airflow/.local/lib/python3.12/site-packages/airflow/example_dags/example_python_operator.py
[2024-06-16T08:14:05.295+0000] {processor.py:840} INFO - DAG(s) 'example_python_operator' retrieved from /home/airflow/.local/lib/python3.12/site-packages/airflow/example_dags/example_python_operator.py
[2024-06-16T08:14:05.305+0000] {logging_mixin.py:188} INFO - [2024-06-16T08:14:05.305+0000] {dag.py:3096} INFO - Sync 1 DAGs
[2024-06-16T08:14:05.310+0000] {logging_mixin.py:188} INFO - [2024-06-16T08:14:05.310+0000] {dag.py:3954} INFO - Setting next_dagrun for example_python_operator to None, run_after=None
[2024-06-16T08:14:05.318+0000] {processor.py:183} INFO - Processing /home/airflow/.local/lib/python3.12/site-packages/airflow/example_dags/example_python_operator.py took 0.033 seconds
[2024-06-16T08:14:35.505+0000] {processor.py:161} INFO - Started process (PID=1451) to work on /home/airflow/.local/lib/python3.12/site-packages/airflow/example_dags/example_python_operator.py
[2024-06-16T08:14:35.506+0000] {processor.py:830} INFO - Processing file /home/airflow/.local/lib/python3.12/site-packages/airflow/example_dags/example_python_operator.py for tasks to queue
[2024-06-16T08:14:35.507+0000] {logging_mixin.py:188} INFO - [2024-06-16T08:14:35.507+0000] {dagbag.py:545} INFO - Filling up the DagBag from /home/airflow/.local/lib/python3.12/site-packages/airflow/example_dags/example_python_operator.py
[2024-06-16T08:14:35.512+0000] {processor.py:840} INFO - DAG(s) 'example_python_operator' retrieved from /home/airflow/.local/lib/python3.12/site-packages/airflow/example_dags/example_python_operator.py
[2024-06-16T08:14:35.522+0000] {logging_mixin.py:188} INFO - [2024-06-16T08:14:35.522+0000] {dag.py:3096} INFO - Sync 1 DAGs
[2024-06-16T08:14:35.527+0000] {logging_mixin.py:188} INFO - [2024-06-16T08:14:35.527+0000] {dag.py:3954} INFO - Setting next_dagrun for example_python_operator to None, run_after=None
[2024-06-16T08:14:35.535+0000] {processor.py:183} INFO - Processing /home/airflow/.local/lib/python3.12/site-packages/airflow/example_dags/example_python_operator.py took 0.032 seconds
[2024-06-16T08:15:06.015+0000] {processor.py:161} INFO - Started process (PID=1510) to work on /home/airflow/.local/lib/python3.12/site-packages/airflow/example_dags/example_python_operator.py
[2024-06-16T08:15:06.016+0000] {processor.py:830} INFO - Processing file /home/airflow/.local/lib/python3.12/site-packages/airflow/example_dags/example_python_operator.py for tasks to queue
[2024-06-16T08:15:06.017+0000] {logging_mixin.py:188} INFO - [2024-06-16T08:15:06.017+0000] {dagbag.py:545} INFO - Filling up the DagBag from /home/airflow/.local/lib/python3.12/site-packages/airflow/example_dags/example_python_operator.py
[2024-06-16T08:15:06.022+0000] {processor.py:840} INFO - DAG(s) 'example_python_operator' retrieved from /home/airflow/.local/lib/python3.12/site-packages/airflow/example_dags/example_python_operator.py
[2024-06-16T08:15:06.033+0000] {logging_mixin.py:188} INFO - [2024-06-16T08:15:06.033+0000] {dag.py:3096} INFO - Sync 1 DAGs
[2024-06-16T08:15:06.038+0000] {logging_mixin.py:188} INFO - [2024-06-16T08:15:06.038+0000] {dag.py:3954} INFO - Setting next_dagrun for example_python_operator to None, run_after=None
[2024-06-16T08:15:06.047+0000] {processor.py:183} INFO - Processing /home/airflow/.local/lib/python3.12/site-packages/airflow/example_dags/example_python_operator.py took 0.034 seconds
[2024-06-16T08:15:36.338+0000] {processor.py:161} INFO - Started process (PID=1569) to work on /home/airflow/.local/lib/python3.12/site-packages/airflow/example_dags/example_python_operator.py
[2024-06-16T08:15:36.339+0000] {processor.py:830} INFO - Processing file /home/airflow/.local/lib/python3.12/site-packages/airflow/example_dags/example_python_operator.py for tasks to queue
[2024-06-16T08:15:36.340+0000] {logging_mixin.py:188} INFO - [2024-06-16T08:15:36.340+0000] {dagbag.py:545} INFO - Filling up the DagBag from /home/airflow/.local/lib/python3.12/site-packages/airflow/example_dags/example_python_operator.py
[2024-06-16T08:15:36.346+0000] {processor.py:840} INFO - DAG(s) 'example_python_operator' retrieved from /home/airflow/.local/lib/python3.12/site-packages/airflow/example_dags/example_python_operator.py
[2024-06-16T08:15:36.357+0000] {logging_mixin.py:188} INFO - [2024-06-16T08:15:36.357+0000] {dag.py:3096} INFO - Sync 1 DAGs
[2024-06-16T08:15:36.363+0000] {logging_mixin.py:188} INFO - [2024-06-16T08:15:36.363+0000] {dag.py:3954} INFO - Setting next_dagrun for example_python_operator to None, run_after=None
[2024-06-16T08:15:36.371+0000] {processor.py:183} INFO - Processing /home/airflow/.local/lib/python3.12/site-packages/airflow/example_dags/example_python_operator.py took 0.035 seconds
[2024-06-16T08:16:06.685+0000] {processor.py:161} INFO - Started process (PID=1628) to work on /home/airflow/.local/lib/python3.12/site-packages/airflow/example_dags/example_python_operator.py
[2024-06-16T08:16:06.686+0000] {processor.py:830} INFO - Processing file /home/airflow/.local/lib/python3.12/site-packages/airflow/example_dags/example_python_operator.py for tasks to queue
[2024-06-16T08:16:06.688+0000] {logging_mixin.py:188} INFO - [2024-06-16T08:16:06.687+0000] {dagbag.py:545} INFO - Filling up the DagBag from /home/airflow/.local/lib/python3.12/site-packages/airflow/example_dags/example_python_operator.py
[2024-06-16T08:16:06.694+0000] {processor.py:840} INFO - DAG(s) 'example_python_operator' retrieved from /home/airflow/.local/lib/python3.12/site-packages/airflow/example_dags/example_python_operator.py
[2024-06-16T08:16:06.707+0000] {logging_mixin.py:188} INFO - [2024-06-16T08:16:06.707+0000] {dag.py:3096} INFO - Sync 1 DAGs
[2024-06-16T08:16:06.714+0000] {logging_mixin.py:188} INFO - [2024-06-16T08:16:06.714+0000] {dag.py:3954} INFO - Setting next_dagrun for example_python_operator to None, run_after=None
[2024-06-16T08:16:06.723+0000] {processor.py:183} INFO - Processing /home/airflow/.local/lib/python3.12/site-packages/airflow/example_dags/example_python_operator.py took 0.043 seconds
[2024-06-16T08:16:36.884+0000] {processor.py:161} INFO - Started process (PID=1687) to work on /home/airflow/.local/lib/python3.12/site-packages/airflow/example_dags/example_python_operator.py
[2024-06-16T08:16:36.885+0000] {processor.py:830} INFO - Processing file /home/airflow/.local/lib/python3.12/site-packages/airflow/example_dags/example_python_operator.py for tasks to queue
[2024-06-16T08:16:36.886+0000] {logging_mixin.py:188} INFO - [2024-06-16T08:16:36.886+0000] {dagbag.py:545} INFO - Filling up the DagBag from /home/airflow/.local/lib/python3.12/site-packages/airflow/example_dags/example_python_operator.py
[2024-06-16T08:16:36.893+0000] {processor.py:840} INFO - DAG(s) 'example_python_operator' retrieved from /home/airflow/.local/lib/python3.12/site-packages/airflow/example_dags/example_python_operator.py
[2024-06-16T08:16:36.904+0000] {logging_mixin.py:188} INFO - [2024-06-16T08:16:36.904+0000] {dag.py:3096} INFO - Sync 1 DAGs
[2024-06-16T08:16:36.913+0000] {logging_mixin.py:188} INFO - [2024-06-16T08:16:36.913+0000] {dag.py:3954} INFO - Setting next_dagrun for example_python_operator to None, run_after=None
[2024-06-16T08:16:36.927+0000] {processor.py:183} INFO - Processing /home/airflow/.local/lib/python3.12/site-packages/airflow/example_dags/example_python_operator.py took 0.045 seconds
[2024-06-16T08:17:07.195+0000] {processor.py:161} INFO - Started process (PID=1746) to work on /home/airflow/.local/lib/python3.12/site-packages/airflow/example_dags/example_python_operator.py
[2024-06-16T08:17:07.196+0000] {processor.py:830} INFO - Processing file /home/airflow/.local/lib/python3.12/site-packages/airflow/example_dags/example_python_operator.py for tasks to queue
[2024-06-16T08:17:07.197+0000] {logging_mixin.py:188} INFO - [2024-06-16T08:17:07.197+0000] {dagbag.py:545} INFO - Filling up the DagBag from /home/airflow/.local/lib/python3.12/site-packages/airflow/example_dags/example_python_operator.py
[2024-06-16T08:17:07.202+0000] {processor.py:840} INFO - DAG(s) 'example_python_operator' retrieved from /home/airflow/.local/lib/python3.12/site-packages/airflow/example_dags/example_python_operator.py
[2024-06-16T08:17:07.211+0000] {logging_mixin.py:188} INFO - [2024-06-16T08:17:07.211+0000] {dag.py:3096} INFO - Sync 1 DAGs
[2024-06-16T08:17:07.217+0000] {logging_mixin.py:188} INFO - [2024-06-16T08:17:07.217+0000] {dag.py:3954} INFO - Setting next_dagrun for example_python_operator to None, run_after=None
[2024-06-16T08:17:07.226+0000] {processor.py:183} INFO - Processing /home/airflow/.local/lib/python3.12/site-packages/airflow/example_dags/example_python_operator.py took 0.033 seconds
[2024-06-16T08:17:38.336+0000] {processor.py:161} INFO - Started process (PID=1805) to work on /home/airflow/.local/lib/python3.12/site-packages/airflow/example_dags/example_python_operator.py
[2024-06-16T08:17:38.337+0000] {processor.py:830} INFO - Processing file /home/airflow/.local/lib/python3.12/site-packages/airflow/example_dags/example_python_operator.py for tasks to queue
[2024-06-16T08:17:38.338+0000] {logging_mixin.py:188} INFO - [2024-06-16T08:17:38.338+0000] {dagbag.py:545} INFO - Filling up the DagBag from /home/airflow/.local/lib/python3.12/site-packages/airflow/example_dags/example_python_operator.py
[2024-06-16T08:17:38.344+0000] {processor.py:840} INFO - DAG(s) 'example_python_operator' retrieved from /home/airflow/.local/lib/python3.12/site-packages/airflow/example_dags/example_python_operator.py
[2024-06-16T08:17:38.355+0000] {logging_mixin.py:188} INFO - [2024-06-16T08:17:38.355+0000] {dag.py:3096} INFO - Sync 1 DAGs
[2024-06-16T08:17:38.360+0000] {logging_mixin.py:188} INFO - [2024-06-16T08:17:38.360+0000] {dag.py:3954} INFO - Setting next_dagrun for example_python_operator to None, run_after=None
[2024-06-16T08:17:38.369+0000] {processor.py:183} INFO - Processing /home/airflow/.local/lib/python3.12/site-packages/airflow/example_dags/example_python_operator.py took 0.035 seconds
[2024-06-16T08:18:08.702+0000] {processor.py:161} INFO - Started process (PID=1864) to work on /home/airflow/.local/lib/python3.12/site-packages/airflow/example_dags/example_python_operator.py
[2024-06-16T08:18:08.703+0000] {processor.py:830} INFO - Processing file /home/airflow/.local/lib/python3.12/site-packages/airflow/example_dags/example_python_operator.py for tasks to queue
[2024-06-16T08:18:08.704+0000] {logging_mixin.py:188} INFO - [2024-06-16T08:18:08.704+0000] {dagbag.py:545} INFO - Filling up the DagBag from /home/airflow/.local/lib/python3.12/site-packages/airflow/example_dags/example_python_operator.py
[2024-06-16T08:18:08.709+0000] {processor.py:840} INFO - DAG(s) 'example_python_operator' retrieved from /home/airflow/.local/lib/python3.12/site-packages/airflow/example_dags/example_python_operator.py
[2024-06-16T08:18:08.722+0000] {logging_mixin.py:188} INFO - [2024-06-16T08:18:08.721+0000] {dag.py:3096} INFO - Sync 1 DAGs
[2024-06-16T08:18:08.731+0000] {logging_mixin.py:188} INFO - [2024-06-16T08:18:08.730+0000] {dag.py:3954} INFO - Setting next_dagrun for example_python_operator to None, run_after=None
[2024-06-16T08:18:08.745+0000] {processor.py:183} INFO - Processing /home/airflow/.local/lib/python3.12/site-packages/airflow/example_dags/example_python_operator.py took 0.046 seconds
[2024-06-16T08:18:39.571+0000] {processor.py:161} INFO - Started process (PID=1923) to work on /home/airflow/.local/lib/python3.12/site-packages/airflow/example_dags/example_python_operator.py
[2024-06-16T08:18:39.572+0000] {processor.py:830} INFO - Processing file /home/airflow/.local/lib/python3.12/site-packages/airflow/example_dags/example_python_operator.py for tasks to queue
[2024-06-16T08:18:39.573+0000] {logging_mixin.py:188} INFO - [2024-06-16T08:18:39.573+0000] {dagbag.py:545} INFO - Filling up the DagBag from /home/airflow/.local/lib/python3.12/site-packages/airflow/example_dags/example_python_operator.py
[2024-06-16T08:18:39.579+0000] {processor.py:840} INFO - DAG(s) 'example_python_operator' retrieved from /home/airflow/.local/lib/python3.12/site-packages/airflow/example_dags/example_python_operator.py
[2024-06-16T08:18:39.591+0000] {logging_mixin.py:188} INFO - [2024-06-16T08:18:39.591+0000] {dag.py:3096} INFO - Sync 1 DAGs
[2024-06-16T08:18:39.596+0000] {logging_mixin.py:188} INFO - [2024-06-16T08:18:39.596+0000] {dag.py:3954} INFO - Setting next_dagrun for example_python_operator to None, run_after=None
[2024-06-16T08:18:39.605+0000] {processor.py:183} INFO - Processing /home/airflow/.local/lib/python3.12/site-packages/airflow/example_dags/example_python_operator.py took 0.036 seconds
[2024-06-16T08:19:09.858+0000] {processor.py:161} INFO - Started process (PID=1982) to work on /home/airflow/.local/lib/python3.12/site-packages/airflow/example_dags/example_python_operator.py
[2024-06-16T08:19:09.859+0000] {processor.py:830} INFO - Processing file /home/airflow/.local/lib/python3.12/site-packages/airflow/example_dags/example_python_operator.py for tasks to queue
[2024-06-16T08:19:09.860+0000] {logging_mixin.py:188} INFO - [2024-06-16T08:19:09.860+0000] {dagbag.py:545} INFO - Filling up the DagBag from /home/airflow/.local/lib/python3.12/site-packages/airflow/example_dags/example_python_operator.py
[2024-06-16T08:19:09.866+0000] {processor.py:840} INFO - DAG(s) 'example_python_operator' retrieved from /home/airflow/.local/lib/python3.12/site-packages/airflow/example_dags/example_python_operator.py
[2024-06-16T08:19:09.877+0000] {logging_mixin.py:188} INFO - [2024-06-16T08:19:09.877+0000] {dag.py:3096} INFO - Sync 1 DAGs
[2024-06-16T08:19:09.883+0000] {logging_mixin.py:188} INFO - [2024-06-16T08:19:09.883+0000] {dag.py:3954} INFO - Setting next_dagrun for example_python_operator to None, run_after=None
[2024-06-16T08:19:09.892+0000] {processor.py:183} INFO - Processing /home/airflow/.local/lib/python3.12/site-packages/airflow/example_dags/example_python_operator.py took 0.037 seconds
[2024-06-16T08:22:03.854+0000] {processor.py:161} INFO - Started process (PID=37) to work on /home/airflow/.local/lib/python3.12/site-packages/airflow/example_dags/example_python_operator.py
[2024-06-16T08:22:03.856+0000] {processor.py:830} INFO - Processing file /home/airflow/.local/lib/python3.12/site-packages/airflow/example_dags/example_python_operator.py for tasks to queue
[2024-06-16T08:22:03.858+0000] {logging_mixin.py:188} INFO - [2024-06-16T08:22:03.858+0000] {dagbag.py:545} INFO - Filling up the DagBag from /home/airflow/.local/lib/python3.12/site-packages/airflow/example_dags/example_python_operator.py
[2024-06-16T08:22:03.869+0000] {processor.py:840} INFO - DAG(s) 'example_python_operator' retrieved from /home/airflow/.local/lib/python3.12/site-packages/airflow/example_dags/example_python_operator.py
[2024-06-16T08:22:03.896+0000] {logging_mixin.py:188} INFO - [2024-06-16T08:22:03.896+0000] {dag.py:3096} INFO - Sync 1 DAGs
[2024-06-16T08:22:03.918+0000] {logging_mixin.py:188} INFO - [2024-06-16T08:22:03.918+0000] {dag.py:3954} INFO - Setting next_dagrun for example_python_operator to None, run_after=None
[2024-06-16T08:22:03.937+0000] {processor.py:183} INFO - Processing /home/airflow/.local/lib/python3.12/site-packages/airflow/example_dags/example_python_operator.py took 0.088 seconds
[2024-06-16T08:22:36.468+0000] {processor.py:161} INFO - Started process (PID=96) to work on /home/airflow/.local/lib/python3.12/site-packages/airflow/example_dags/example_python_operator.py
[2024-06-16T08:22:36.471+0000] {processor.py:830} INFO - Processing file /home/airflow/.local/lib/python3.12/site-packages/airflow/example_dags/example_python_operator.py for tasks to queue
[2024-06-16T08:22:36.476+0000] {logging_mixin.py:188} INFO - [2024-06-16T08:22:36.475+0000] {dagbag.py:545} INFO - Filling up the DagBag from /home/airflow/.local/lib/python3.12/site-packages/airflow/example_dags/example_python_operator.py
[2024-06-16T08:22:36.503+0000] {processor.py:840} INFO - DAG(s) 'example_python_operator' retrieved from /home/airflow/.local/lib/python3.12/site-packages/airflow/example_dags/example_python_operator.py
[2024-06-16T08:22:36.921+0000] {logging_mixin.py:188} INFO - [2024-06-16T08:22:36.921+0000] {dag.py:3096} INFO - Sync 1 DAGs
[2024-06-16T08:22:36.928+0000] {logging_mixin.py:188} INFO - [2024-06-16T08:22:36.928+0000] {dag.py:3954} INFO - Setting next_dagrun for example_python_operator to None, run_after=None
[2024-06-16T08:22:36.952+0000] {processor.py:183} INFO - Processing /home/airflow/.local/lib/python3.12/site-packages/airflow/example_dags/example_python_operator.py took 0.495 seconds
[2024-06-16T08:23:07.227+0000] {processor.py:161} INFO - Started process (PID=155) to work on /home/airflow/.local/lib/python3.12/site-packages/airflow/example_dags/example_python_operator.py
[2024-06-16T08:23:07.228+0000] {processor.py:830} INFO - Processing file /home/airflow/.local/lib/python3.12/site-packages/airflow/example_dags/example_python_operator.py for tasks to queue
[2024-06-16T08:23:07.229+0000] {logging_mixin.py:188} INFO - [2024-06-16T08:23:07.228+0000] {dagbag.py:545} INFO - Filling up the DagBag from /home/airflow/.local/lib/python3.12/site-packages/airflow/example_dags/example_python_operator.py
[2024-06-16T08:23:07.235+0000] {processor.py:840} INFO - DAG(s) 'example_python_operator' retrieved from /home/airflow/.local/lib/python3.12/site-packages/airflow/example_dags/example_python_operator.py
[2024-06-16T08:23:07.248+0000] {logging_mixin.py:188} INFO - [2024-06-16T08:23:07.248+0000] {dag.py:3096} INFO - Sync 1 DAGs
[2024-06-16T08:23:07.254+0000] {logging_mixin.py:188} INFO - [2024-06-16T08:23:07.254+0000] {dag.py:3954} INFO - Setting next_dagrun for example_python_operator to None, run_after=None
[2024-06-16T08:23:07.263+0000] {processor.py:183} INFO - Processing /home/airflow/.local/lib/python3.12/site-packages/airflow/example_dags/example_python_operator.py took 0.041 seconds
[2024-06-16T08:25:58.796+0000] {processor.py:161} INFO - Started process (PID=36) to work on /home/airflow/.local/lib/python3.12/site-packages/airflow/example_dags/example_python_operator.py
[2024-06-16T08:25:58.800+0000] {processor.py:830} INFO - Processing file /home/airflow/.local/lib/python3.12/site-packages/airflow/example_dags/example_python_operator.py for tasks to queue
[2024-06-16T08:25:58.806+0000] {logging_mixin.py:188} INFO - [2024-06-16T08:25:58.806+0000] {dagbag.py:545} INFO - Filling up the DagBag from /home/airflow/.local/lib/python3.12/site-packages/airflow/example_dags/example_python_operator.py
[2024-06-16T08:25:58.830+0000] {processor.py:840} INFO - DAG(s) 'example_python_operator' retrieved from /home/airflow/.local/lib/python3.12/site-packages/airflow/example_dags/example_python_operator.py
[2024-06-16T08:25:58.851+0000] {logging_mixin.py:188} INFO - [2024-06-16T08:25:58.850+0000] {dag.py:3096} INFO - Sync 1 DAGs
[2024-06-16T08:25:58.897+0000] {logging_mixin.py:188} INFO - [2024-06-16T08:25:58.897+0000] {dag.py:3954} INFO - Setting next_dagrun for example_python_operator to None, run_after=None
[2024-06-16T08:25:58.927+0000] {processor.py:183} INFO - Processing /home/airflow/.local/lib/python3.12/site-packages/airflow/example_dags/example_python_operator.py took 0.138 seconds
[2024-06-16T08:26:29.944+0000] {processor.py:161} INFO - Started process (PID=94) to work on /home/airflow/.local/lib/python3.12/site-packages/airflow/example_dags/example_python_operator.py
[2024-06-16T08:26:29.945+0000] {processor.py:830} INFO - Processing file /home/airflow/.local/lib/python3.12/site-packages/airflow/example_dags/example_python_operator.py for tasks to queue
[2024-06-16T08:26:29.946+0000] {logging_mixin.py:188} INFO - [2024-06-16T08:26:29.946+0000] {dagbag.py:545} INFO - Filling up the DagBag from /home/airflow/.local/lib/python3.12/site-packages/airflow/example_dags/example_python_operator.py
[2024-06-16T08:26:29.951+0000] {processor.py:840} INFO - DAG(s) 'example_python_operator' retrieved from /home/airflow/.local/lib/python3.12/site-packages/airflow/example_dags/example_python_operator.py
[2024-06-16T08:26:30.066+0000] {logging_mixin.py:188} INFO - [2024-06-16T08:26:30.066+0000] {dag.py:3096} INFO - Sync 1 DAGs
[2024-06-16T08:26:30.070+0000] {logging_mixin.py:188} INFO - [2024-06-16T08:26:30.070+0000] {dag.py:3954} INFO - Setting next_dagrun for example_python_operator to None, run_after=None
[2024-06-16T08:26:30.078+0000] {processor.py:183} INFO - Processing /home/airflow/.local/lib/python3.12/site-packages/airflow/example_dags/example_python_operator.py took 0.136 seconds
[2024-06-16T08:27:00.979+0000] {processor.py:161} INFO - Started process (PID=153) to work on /home/airflow/.local/lib/python3.12/site-packages/airflow/example_dags/example_python_operator.py
[2024-06-16T08:27:00.980+0000] {processor.py:830} INFO - Processing file /home/airflow/.local/lib/python3.12/site-packages/airflow/example_dags/example_python_operator.py for tasks to queue
[2024-06-16T08:27:00.982+0000] {logging_mixin.py:188} INFO - [2024-06-16T08:27:00.982+0000] {dagbag.py:545} INFO - Filling up the DagBag from /home/airflow/.local/lib/python3.12/site-packages/airflow/example_dags/example_python_operator.py
[2024-06-16T08:27:00.990+0000] {processor.py:840} INFO - DAG(s) 'example_python_operator' retrieved from /home/airflow/.local/lib/python3.12/site-packages/airflow/example_dags/example_python_operator.py
[2024-06-16T08:27:01.007+0000] {logging_mixin.py:188} INFO - [2024-06-16T08:27:01.007+0000] {dag.py:3096} INFO - Sync 1 DAGs
[2024-06-16T08:27:01.014+0000] {logging_mixin.py:188} INFO - [2024-06-16T08:27:01.014+0000] {dag.py:3954} INFO - Setting next_dagrun for example_python_operator to None, run_after=None
[2024-06-16T08:27:01.023+0000] {processor.py:183} INFO - Processing /home/airflow/.local/lib/python3.12/site-packages/airflow/example_dags/example_python_operator.py took 0.049 seconds
[2024-06-16T08:27:31.565+0000] {processor.py:161} INFO - Started process (PID=212) to work on /home/airflow/.local/lib/python3.12/site-packages/airflow/example_dags/example_python_operator.py
[2024-06-16T08:27:31.567+0000] {processor.py:830} INFO - Processing file /home/airflow/.local/lib/python3.12/site-packages/airflow/example_dags/example_python_operator.py for tasks to queue
[2024-06-16T08:27:31.570+0000] {logging_mixin.py:188} INFO - [2024-06-16T08:27:31.569+0000] {dagbag.py:545} INFO - Filling up the DagBag from /home/airflow/.local/lib/python3.12/site-packages/airflow/example_dags/example_python_operator.py
[2024-06-16T08:27:31.581+0000] {processor.py:840} INFO - DAG(s) 'example_python_operator' retrieved from /home/airflow/.local/lib/python3.12/site-packages/airflow/example_dags/example_python_operator.py
[2024-06-16T08:27:31.769+0000] {logging_mixin.py:188} INFO - [2024-06-16T08:27:31.768+0000] {dag.py:3096} INFO - Sync 1 DAGs
[2024-06-16T08:27:31.779+0000] {logging_mixin.py:188} INFO - [2024-06-16T08:27:31.779+0000] {dag.py:3954} INFO - Setting next_dagrun for example_python_operator to None, run_after=None
[2024-06-16T08:27:31.793+0000] {processor.py:183} INFO - Processing /home/airflow/.local/lib/python3.12/site-packages/airflow/example_dags/example_python_operator.py took 0.233 seconds
[2024-06-16T08:28:02.330+0000] {processor.py:161} INFO - Started process (PID=271) to work on /home/airflow/.local/lib/python3.12/site-packages/airflow/example_dags/example_python_operator.py
[2024-06-16T08:28:02.332+0000] {processor.py:830} INFO - Processing file /home/airflow/.local/lib/python3.12/site-packages/airflow/example_dags/example_python_operator.py for tasks to queue
[2024-06-16T08:28:02.338+0000] {logging_mixin.py:188} INFO - [2024-06-16T08:28:02.337+0000] {dagbag.py:545} INFO - Filling up the DagBag from /home/airflow/.local/lib/python3.12/site-packages/airflow/example_dags/example_python_operator.py
[2024-06-16T08:28:02.359+0000] {processor.py:840} INFO - DAG(s) 'example_python_operator' retrieved from /home/airflow/.local/lib/python3.12/site-packages/airflow/example_dags/example_python_operator.py
[2024-06-16T08:28:02.388+0000] {logging_mixin.py:188} INFO - [2024-06-16T08:28:02.388+0000] {dag.py:3096} INFO - Sync 1 DAGs
[2024-06-16T08:28:02.399+0000] {logging_mixin.py:188} INFO - [2024-06-16T08:28:02.399+0000] {dag.py:3954} INFO - Setting next_dagrun for example_python_operator to None, run_after=None
[2024-06-16T08:28:02.411+0000] {processor.py:183} INFO - Processing /home/airflow/.local/lib/python3.12/site-packages/airflow/example_dags/example_python_operator.py took 0.088 seconds
[2024-06-16T08:28:32.868+0000] {processor.py:161} INFO - Started process (PID=330) to work on /home/airflow/.local/lib/python3.12/site-packages/airflow/example_dags/example_python_operator.py
[2024-06-16T08:28:32.869+0000] {processor.py:830} INFO - Processing file /home/airflow/.local/lib/python3.12/site-packages/airflow/example_dags/example_python_operator.py for tasks to queue
[2024-06-16T08:28:32.871+0000] {logging_mixin.py:188} INFO - [2024-06-16T08:28:32.871+0000] {dagbag.py:545} INFO - Filling up the DagBag from /home/airflow/.local/lib/python3.12/site-packages/airflow/example_dags/example_python_operator.py
[2024-06-16T08:28:32.881+0000] {processor.py:840} INFO - DAG(s) 'example_python_operator' retrieved from /home/airflow/.local/lib/python3.12/site-packages/airflow/example_dags/example_python_operator.py
[2024-06-16T08:28:32.895+0000] {logging_mixin.py:188} INFO - [2024-06-16T08:28:32.895+0000] {dag.py:3096} INFO - Sync 1 DAGs
[2024-06-16T08:28:32.903+0000] {logging_mixin.py:188} INFO - [2024-06-16T08:28:32.903+0000] {dag.py:3954} INFO - Setting next_dagrun for example_python_operator to None, run_after=None
[2024-06-16T08:28:32.913+0000] {processor.py:183} INFO - Processing /home/airflow/.local/lib/python3.12/site-packages/airflow/example_dags/example_python_operator.py took 0.050 seconds
[2024-06-16T08:29:03.181+0000] {processor.py:161} INFO - Started process (PID=389) to work on /home/airflow/.local/lib/python3.12/site-packages/airflow/example_dags/example_python_operator.py
[2024-06-16T08:29:03.183+0000] {processor.py:830} INFO - Processing file /home/airflow/.local/lib/python3.12/site-packages/airflow/example_dags/example_python_operator.py for tasks to queue
[2024-06-16T08:29:03.185+0000] {logging_mixin.py:188} INFO - [2024-06-16T08:29:03.185+0000] {dagbag.py:545} INFO - Filling up the DagBag from /home/airflow/.local/lib/python3.12/site-packages/airflow/example_dags/example_python_operator.py
[2024-06-16T08:29:03.197+0000] {processor.py:840} INFO - DAG(s) 'example_python_operator' retrieved from /home/airflow/.local/lib/python3.12/site-packages/airflow/example_dags/example_python_operator.py
[2024-06-16T08:29:03.213+0000] {logging_mixin.py:188} INFO - [2024-06-16T08:29:03.213+0000] {dag.py:3096} INFO - Sync 1 DAGs
[2024-06-16T08:29:03.220+0000] {logging_mixin.py:188} INFO - [2024-06-16T08:29:03.220+0000] {dag.py:3954} INFO - Setting next_dagrun for example_python_operator to None, run_after=None
[2024-06-16T08:29:03.229+0000] {processor.py:183} INFO - Processing /home/airflow/.local/lib/python3.12/site-packages/airflow/example_dags/example_python_operator.py took 0.056 seconds
[2024-06-16T08:32:53.724+0000] {processor.py:161} INFO - Started process (PID=37) to work on /home/airflow/.local/lib/python3.12/site-packages/airflow/example_dags/example_python_operator.py
[2024-06-16T08:32:53.730+0000] {processor.py:830} INFO - Processing file /home/airflow/.local/lib/python3.12/site-packages/airflow/example_dags/example_python_operator.py for tasks to queue
[2024-06-16T08:32:53.736+0000] {logging_mixin.py:188} INFO - [2024-06-16T08:32:53.736+0000] {dagbag.py:545} INFO - Filling up the DagBag from /home/airflow/.local/lib/python3.12/site-packages/airflow/example_dags/example_python_operator.py
[2024-06-16T08:32:53.751+0000] {processor.py:840} INFO - DAG(s) 'example_python_operator' retrieved from /home/airflow/.local/lib/python3.12/site-packages/airflow/example_dags/example_python_operator.py
[2024-06-16T08:32:53.784+0000] {logging_mixin.py:188} INFO - [2024-06-16T08:32:53.784+0000] {dag.py:3096} INFO - Sync 1 DAGs
[2024-06-16T08:32:53.797+0000] {logging_mixin.py:188} INFO - [2024-06-16T08:32:53.797+0000] {dag.py:3954} INFO - Setting next_dagrun for example_python_operator to None, run_after=None
[2024-06-16T08:32:53.817+0000] {processor.py:183} INFO - Processing /home/airflow/.local/lib/python3.12/site-packages/airflow/example_dags/example_python_operator.py took 0.114 seconds
[2024-06-16T08:33:24.695+0000] {processor.py:161} INFO - Started process (PID=95) to work on /home/airflow/.local/lib/python3.12/site-packages/airflow/example_dags/example_python_operator.py
[2024-06-16T08:33:24.696+0000] {processor.py:830} INFO - Processing file /home/airflow/.local/lib/python3.12/site-packages/airflow/example_dags/example_python_operator.py for tasks to queue
[2024-06-16T08:33:24.697+0000] {logging_mixin.py:188} INFO - [2024-06-16T08:33:24.697+0000] {dagbag.py:545} INFO - Filling up the DagBag from /home/airflow/.local/lib/python3.12/site-packages/airflow/example_dags/example_python_operator.py
[2024-06-16T08:33:24.702+0000] {processor.py:840} INFO - DAG(s) 'example_python_operator' retrieved from /home/airflow/.local/lib/python3.12/site-packages/airflow/example_dags/example_python_operator.py
[2024-06-16T08:33:24.825+0000] {logging_mixin.py:188} INFO - [2024-06-16T08:33:24.825+0000] {dag.py:3096} INFO - Sync 1 DAGs
[2024-06-16T08:33:24.829+0000] {logging_mixin.py:188} INFO - [2024-06-16T08:33:24.829+0000] {dag.py:3954} INFO - Setting next_dagrun for example_python_operator to None, run_after=None
[2024-06-16T08:33:24.837+0000] {processor.py:183} INFO - Processing /home/airflow/.local/lib/python3.12/site-packages/airflow/example_dags/example_python_operator.py took 0.144 seconds
[2024-06-16T08:33:55.225+0000] {processor.py:161} INFO - Started process (PID=154) to work on /home/airflow/.local/lib/python3.12/site-packages/airflow/example_dags/example_python_operator.py
[2024-06-16T08:33:55.226+0000] {processor.py:830} INFO - Processing file /home/airflow/.local/lib/python3.12/site-packages/airflow/example_dags/example_python_operator.py for tasks to queue
[2024-06-16T08:33:55.227+0000] {logging_mixin.py:188} INFO - [2024-06-16T08:33:55.226+0000] {dagbag.py:545} INFO - Filling up the DagBag from /home/airflow/.local/lib/python3.12/site-packages/airflow/example_dags/example_python_operator.py
[2024-06-16T08:33:55.232+0000] {processor.py:840} INFO - DAG(s) 'example_python_operator' retrieved from /home/airflow/.local/lib/python3.12/site-packages/airflow/example_dags/example_python_operator.py
[2024-06-16T08:33:55.244+0000] {logging_mixin.py:188} INFO - [2024-06-16T08:33:55.244+0000] {dag.py:3096} INFO - Sync 1 DAGs
[2024-06-16T08:33:55.251+0000] {logging_mixin.py:188} INFO - [2024-06-16T08:33:55.250+0000] {dag.py:3954} INFO - Setting next_dagrun for example_python_operator to None, run_after=None
[2024-06-16T08:33:55.259+0000] {processor.py:183} INFO - Processing /home/airflow/.local/lib/python3.12/site-packages/airflow/example_dags/example_python_operator.py took 0.037 seconds
[2024-06-16T08:34:26.124+0000] {processor.py:161} INFO - Started process (PID=213) to work on /home/airflow/.local/lib/python3.12/site-packages/airflow/example_dags/example_python_operator.py
[2024-06-16T08:34:26.126+0000] {processor.py:830} INFO - Processing file /home/airflow/.local/lib/python3.12/site-packages/airflow/example_dags/example_python_operator.py for tasks to queue
[2024-06-16T08:34:26.127+0000] {logging_mixin.py:188} INFO - [2024-06-16T08:34:26.127+0000] {dagbag.py:545} INFO - Filling up the DagBag from /home/airflow/.local/lib/python3.12/site-packages/airflow/example_dags/example_python_operator.py
[2024-06-16T08:34:26.137+0000] {processor.py:840} INFO - DAG(s) 'example_python_operator' retrieved from /home/airflow/.local/lib/python3.12/site-packages/airflow/example_dags/example_python_operator.py
[2024-06-16T08:34:26.150+0000] {logging_mixin.py:188} INFO - [2024-06-16T08:34:26.150+0000] {dag.py:3096} INFO - Sync 1 DAGs
[2024-06-16T08:34:26.259+0000] {logging_mixin.py:188} INFO - [2024-06-16T08:34:26.259+0000] {dag.py:3954} INFO - Setting next_dagrun for example_python_operator to None, run_after=None
[2024-06-16T08:34:26.282+0000] {processor.py:183} INFO - Processing /home/airflow/.local/lib/python3.12/site-packages/airflow/example_dags/example_python_operator.py took 0.163 seconds
[2024-06-16T08:35:22.700+0000] {processor.py:161} INFO - Started process (PID=37) to work on /home/airflow/.local/lib/python3.12/site-packages/airflow/example_dags/example_python_operator.py
[2024-06-16T08:35:22.705+0000] {processor.py:830} INFO - Processing file /home/airflow/.local/lib/python3.12/site-packages/airflow/example_dags/example_python_operator.py for tasks to queue
[2024-06-16T08:35:22.710+0000] {logging_mixin.py:188} INFO - [2024-06-16T08:35:22.709+0000] {dagbag.py:545} INFO - Filling up the DagBag from /home/airflow/.local/lib/python3.12/site-packages/airflow/example_dags/example_python_operator.py
[2024-06-16T08:35:22.723+0000] {processor.py:840} INFO - DAG(s) 'example_python_operator' retrieved from /home/airflow/.local/lib/python3.12/site-packages/airflow/example_dags/example_python_operator.py
[2024-06-16T08:35:22.748+0000] {logging_mixin.py:188} INFO - [2024-06-16T08:35:22.747+0000] {dag.py:3096} INFO - Sync 1 DAGs
[2024-06-16T08:35:22.763+0000] {logging_mixin.py:188} INFO - [2024-06-16T08:35:22.763+0000] {dag.py:3954} INFO - Setting next_dagrun for example_python_operator to None, run_after=None
[2024-06-16T08:35:22.783+0000] {processor.py:183} INFO - Processing /home/airflow/.local/lib/python3.12/site-packages/airflow/example_dags/example_python_operator.py took 0.097 seconds
[2024-06-16T08:35:53.522+0000] {processor.py:161} INFO - Started process (PID=95) to work on /home/airflow/.local/lib/python3.12/site-packages/airflow/example_dags/example_python_operator.py
[2024-06-16T08:35:53.523+0000] {processor.py:830} INFO - Processing file /home/airflow/.local/lib/python3.12/site-packages/airflow/example_dags/example_python_operator.py for tasks to queue
[2024-06-16T08:35:53.524+0000] {logging_mixin.py:188} INFO - [2024-06-16T08:35:53.524+0000] {dagbag.py:545} INFO - Filling up the DagBag from /home/airflow/.local/lib/python3.12/site-packages/airflow/example_dags/example_python_operator.py
[2024-06-16T08:35:53.530+0000] {processor.py:840} INFO - DAG(s) 'example_python_operator' retrieved from /home/airflow/.local/lib/python3.12/site-packages/airflow/example_dags/example_python_operator.py
[2024-06-16T08:35:53.656+0000] {logging_mixin.py:188} INFO - [2024-06-16T08:35:53.656+0000] {dag.py:3096} INFO - Sync 1 DAGs
[2024-06-16T08:35:53.661+0000] {logging_mixin.py:188} INFO - [2024-06-16T08:35:53.661+0000] {dag.py:3954} INFO - Setting next_dagrun for example_python_operator to None, run_after=None
[2024-06-16T08:35:53.672+0000] {processor.py:183} INFO - Processing /home/airflow/.local/lib/python3.12/site-packages/airflow/example_dags/example_python_operator.py took 0.152 seconds
[2024-06-16T08:36:23.811+0000] {processor.py:161} INFO - Started process (PID=154) to work on /home/airflow/.local/lib/python3.12/site-packages/airflow/example_dags/example_python_operator.py
[2024-06-16T08:36:23.812+0000] {processor.py:830} INFO - Processing file /home/airflow/.local/lib/python3.12/site-packages/airflow/example_dags/example_python_operator.py for tasks to queue
[2024-06-16T08:36:23.813+0000] {logging_mixin.py:188} INFO - [2024-06-16T08:36:23.813+0000] {dagbag.py:545} INFO - Filling up the DagBag from /home/airflow/.local/lib/python3.12/site-packages/airflow/example_dags/example_python_operator.py
[2024-06-16T08:36:23.819+0000] {processor.py:840} INFO - DAG(s) 'example_python_operator' retrieved from /home/airflow/.local/lib/python3.12/site-packages/airflow/example_dags/example_python_operator.py
[2024-06-16T08:36:23.830+0000] {logging_mixin.py:188} INFO - [2024-06-16T08:36:23.829+0000] {dag.py:3096} INFO - Sync 1 DAGs
[2024-06-16T08:36:23.835+0000] {logging_mixin.py:188} INFO - [2024-06-16T08:36:23.835+0000] {dag.py:3954} INFO - Setting next_dagrun for example_python_operator to None, run_after=None
[2024-06-16T08:36:23.844+0000] {processor.py:183} INFO - Processing /home/airflow/.local/lib/python3.12/site-packages/airflow/example_dags/example_python_operator.py took 0.035 seconds
[2024-06-16T08:36:54.950+0000] {processor.py:161} INFO - Started process (PID=213) to work on /home/airflow/.local/lib/python3.12/site-packages/airflow/example_dags/example_python_operator.py
[2024-06-16T08:36:54.951+0000] {processor.py:830} INFO - Processing file /home/airflow/.local/lib/python3.12/site-packages/airflow/example_dags/example_python_operator.py for tasks to queue
[2024-06-16T08:36:54.952+0000] {logging_mixin.py:188} INFO - [2024-06-16T08:36:54.952+0000] {dagbag.py:545} INFO - Filling up the DagBag from /home/airflow/.local/lib/python3.12/site-packages/airflow/example_dags/example_python_operator.py
[2024-06-16T08:36:54.957+0000] {processor.py:840} INFO - DAG(s) 'example_python_operator' retrieved from /home/airflow/.local/lib/python3.12/site-packages/airflow/example_dags/example_python_operator.py
[2024-06-16T08:36:54.970+0000] {logging_mixin.py:188} INFO - [2024-06-16T08:36:54.970+0000] {dag.py:3096} INFO - Sync 1 DAGs
[2024-06-16T08:36:55.070+0000] {logging_mixin.py:188} INFO - [2024-06-16T08:36:55.070+0000] {dag.py:3954} INFO - Setting next_dagrun for example_python_operator to None, run_after=None
[2024-06-16T08:36:55.079+0000] {processor.py:183} INFO - Processing /home/airflow/.local/lib/python3.12/site-packages/airflow/example_dags/example_python_operator.py took 0.131 seconds
[2024-06-16T08:37:25.126+0000] {processor.py:161} INFO - Started process (PID=272) to work on /home/airflow/.local/lib/python3.12/site-packages/airflow/example_dags/example_python_operator.py
[2024-06-16T08:37:25.127+0000] {processor.py:830} INFO - Processing file /home/airflow/.local/lib/python3.12/site-packages/airflow/example_dags/example_python_operator.py for tasks to queue
[2024-06-16T08:37:25.128+0000] {logging_mixin.py:188} INFO - [2024-06-16T08:37:25.128+0000] {dagbag.py:545} INFO - Filling up the DagBag from /home/airflow/.local/lib/python3.12/site-packages/airflow/example_dags/example_python_operator.py
[2024-06-16T08:37:25.137+0000] {processor.py:840} INFO - DAG(s) 'example_python_operator' retrieved from /home/airflow/.local/lib/python3.12/site-packages/airflow/example_dags/example_python_operator.py
[2024-06-16T08:37:25.160+0000] {logging_mixin.py:188} INFO - [2024-06-16T08:37:25.160+0000] {dag.py:3096} INFO - Sync 1 DAGs
[2024-06-16T08:37:25.175+0000] {logging_mixin.py:188} INFO - [2024-06-16T08:37:25.175+0000] {dag.py:3954} INFO - Setting next_dagrun for example_python_operator to None, run_after=None
[2024-06-16T08:37:25.190+0000] {processor.py:183} INFO - Processing /home/airflow/.local/lib/python3.12/site-packages/airflow/example_dags/example_python_operator.py took 0.067 seconds
