[2024-06-16T07:55:02.147+0000] {processor.py:161} INFO - Started process (PID=51) to work on /home/airflow/.local/lib/python3.12/site-packages/airflow/example_dags/example_bash_operator.py
[2024-06-16T07:55:02.159+0000] {processor.py:830} INFO - Processing file /home/airflow/.local/lib/python3.12/site-packages/airflow/example_dags/example_bash_operator.py for tasks to queue
[2024-06-16T07:55:02.169+0000] {logging_mixin.py:188} INFO - [2024-06-16T07:55:02.166+0000] {dagbag.py:545} INFO - Filling up the DagBag from /home/airflow/.local/lib/python3.12/site-packages/airflow/example_dags/example_bash_operator.py
[2024-06-16T07:55:02.189+0000] {processor.py:840} INFO - DAG(s) 'example_bash_operator' retrieved from /home/airflow/.local/lib/python3.12/site-packages/airflow/example_dags/example_bash_operator.py
[2024-06-16T07:55:02.208+0000] {logging_mixin.py:188} INFO - [2024-06-16T07:55:02.208+0000] {dag.py:3096} INFO - Sync 1 DAGs
[2024-06-16T07:55:02.252+0000] {logging_mixin.py:188} INFO - [2024-06-16T07:55:02.252+0000] {dag.py:3954} INFO - Setting next_dagrun for example_bash_operator to 2024-06-15 00:00:00+00:00, run_after=2024-06-16 00:00:00+00:00
[2024-06-16T07:55:02.275+0000] {processor.py:183} INFO - Processing /home/airflow/.local/lib/python3.12/site-packages/airflow/example_dags/example_bash_operator.py took 0.140 seconds
[2024-06-16T07:55:33.274+0000] {processor.py:161} INFO - Started process (PID=109) to work on /home/airflow/.local/lib/python3.12/site-packages/airflow/example_dags/example_bash_operator.py
[2024-06-16T07:55:33.275+0000] {processor.py:830} INFO - Processing file /home/airflow/.local/lib/python3.12/site-packages/airflow/example_dags/example_bash_operator.py for tasks to queue
[2024-06-16T07:55:33.279+0000] {logging_mixin.py:188} INFO - [2024-06-16T07:55:33.278+0000] {dagbag.py:545} INFO - Filling up the DagBag from /home/airflow/.local/lib/python3.12/site-packages/airflow/example_dags/example_bash_operator.py
[2024-06-16T07:55:33.295+0000] {processor.py:840} INFO - DAG(s) 'example_bash_operator' retrieved from /home/airflow/.local/lib/python3.12/site-packages/airflow/example_dags/example_bash_operator.py
[2024-06-16T07:55:33.370+0000] {logging_mixin.py:188} INFO - [2024-06-16T07:55:33.370+0000] {dag.py:3096} INFO - Sync 1 DAGs
[2024-06-16T07:55:33.383+0000] {logging_mixin.py:188} INFO - [2024-06-16T07:55:33.383+0000] {dag.py:3954} INFO - Setting next_dagrun for example_bash_operator to 2024-06-15 00:00:00+00:00, run_after=2024-06-16 00:00:00+00:00
[2024-06-16T07:55:33.539+0000] {processor.py:183} INFO - Processing /home/airflow/.local/lib/python3.12/site-packages/airflow/example_dags/example_bash_operator.py took 0.270 seconds
[2024-06-16T07:56:03.768+0000] {processor.py:161} INFO - Started process (PID=168) to work on /home/airflow/.local/lib/python3.12/site-packages/airflow/example_dags/example_bash_operator.py
[2024-06-16T07:56:03.769+0000] {processor.py:830} INFO - Processing file /home/airflow/.local/lib/python3.12/site-packages/airflow/example_dags/example_bash_operator.py for tasks to queue
[2024-06-16T07:56:03.770+0000] {logging_mixin.py:188} INFO - [2024-06-16T07:56:03.770+0000] {dagbag.py:545} INFO - Filling up the DagBag from /home/airflow/.local/lib/python3.12/site-packages/airflow/example_dags/example_bash_operator.py
[2024-06-16T07:56:03.776+0000] {processor.py:840} INFO - DAG(s) 'example_bash_operator' retrieved from /home/airflow/.local/lib/python3.12/site-packages/airflow/example_dags/example_bash_operator.py
[2024-06-16T07:56:03.789+0000] {logging_mixin.py:188} INFO - [2024-06-16T07:56:03.789+0000] {dag.py:3096} INFO - Sync 1 DAGs
[2024-06-16T07:56:03.800+0000] {logging_mixin.py:188} INFO - [2024-06-16T07:56:03.800+0000] {dag.py:3954} INFO - Setting next_dagrun for example_bash_operator to 2024-06-15 00:00:00+00:00, run_after=2024-06-16 00:00:00+00:00
[2024-06-16T07:56:03.809+0000] {processor.py:183} INFO - Processing /home/airflow/.local/lib/python3.12/site-packages/airflow/example_dags/example_bash_operator.py took 0.044 seconds
[2024-06-16T07:56:34.566+0000] {processor.py:161} INFO - Started process (PID=227) to work on /home/airflow/.local/lib/python3.12/site-packages/airflow/example_dags/example_bash_operator.py
[2024-06-16T07:56:34.567+0000] {processor.py:830} INFO - Processing file /home/airflow/.local/lib/python3.12/site-packages/airflow/example_dags/example_bash_operator.py for tasks to queue
[2024-06-16T07:56:34.568+0000] {logging_mixin.py:188} INFO - [2024-06-16T07:56:34.568+0000] {dagbag.py:545} INFO - Filling up the DagBag from /home/airflow/.local/lib/python3.12/site-packages/airflow/example_dags/example_bash_operator.py
[2024-06-16T07:56:34.575+0000] {processor.py:840} INFO - DAG(s) 'example_bash_operator' retrieved from /home/airflow/.local/lib/python3.12/site-packages/airflow/example_dags/example_bash_operator.py
[2024-06-16T07:56:34.588+0000] {logging_mixin.py:188} INFO - [2024-06-16T07:56:34.588+0000] {dag.py:3096} INFO - Sync 1 DAGs
[2024-06-16T07:56:34.601+0000] {logging_mixin.py:188} INFO - [2024-06-16T07:56:34.600+0000] {dag.py:3954} INFO - Setting next_dagrun for example_bash_operator to 2024-06-15 00:00:00+00:00, run_after=2024-06-16 00:00:00+00:00
[2024-06-16T07:56:34.611+0000] {processor.py:183} INFO - Processing /home/airflow/.local/lib/python3.12/site-packages/airflow/example_dags/example_bash_operator.py took 0.048 seconds
[2024-06-16T07:57:05.198+0000] {processor.py:161} INFO - Started process (PID=286) to work on /home/airflow/.local/lib/python3.12/site-packages/airflow/example_dags/example_bash_operator.py
[2024-06-16T07:57:05.199+0000] {processor.py:830} INFO - Processing file /home/airflow/.local/lib/python3.12/site-packages/airflow/example_dags/example_bash_operator.py for tasks to queue
[2024-06-16T07:57:05.200+0000] {logging_mixin.py:188} INFO - [2024-06-16T07:57:05.200+0000] {dagbag.py:545} INFO - Filling up the DagBag from /home/airflow/.local/lib/python3.12/site-packages/airflow/example_dags/example_bash_operator.py
[2024-06-16T07:57:05.206+0000] {processor.py:840} INFO - DAG(s) 'example_bash_operator' retrieved from /home/airflow/.local/lib/python3.12/site-packages/airflow/example_dags/example_bash_operator.py
[2024-06-16T07:57:05.219+0000] {logging_mixin.py:188} INFO - [2024-06-16T07:57:05.219+0000] {dag.py:3096} INFO - Sync 1 DAGs
[2024-06-16T07:57:05.231+0000] {logging_mixin.py:188} INFO - [2024-06-16T07:57:05.231+0000] {dag.py:3954} INFO - Setting next_dagrun for example_bash_operator to 2024-06-15 00:00:00+00:00, run_after=2024-06-16 00:00:00+00:00
[2024-06-16T07:57:05.241+0000] {processor.py:183} INFO - Processing /home/airflow/.local/lib/python3.12/site-packages/airflow/example_dags/example_bash_operator.py took 0.046 seconds
[2024-06-16T07:57:35.323+0000] {processor.py:161} INFO - Started process (PID=345) to work on /home/airflow/.local/lib/python3.12/site-packages/airflow/example_dags/example_bash_operator.py
[2024-06-16T07:57:35.324+0000] {processor.py:830} INFO - Processing file /home/airflow/.local/lib/python3.12/site-packages/airflow/example_dags/example_bash_operator.py for tasks to queue
[2024-06-16T07:57:35.325+0000] {logging_mixin.py:188} INFO - [2024-06-16T07:57:35.325+0000] {dagbag.py:545} INFO - Filling up the DagBag from /home/airflow/.local/lib/python3.12/site-packages/airflow/example_dags/example_bash_operator.py
[2024-06-16T07:57:35.330+0000] {processor.py:840} INFO - DAG(s) 'example_bash_operator' retrieved from /home/airflow/.local/lib/python3.12/site-packages/airflow/example_dags/example_bash_operator.py
[2024-06-16T07:57:35.346+0000] {logging_mixin.py:188} INFO - [2024-06-16T07:57:35.346+0000] {dag.py:3096} INFO - Sync 1 DAGs
[2024-06-16T07:57:35.359+0000] {logging_mixin.py:188} INFO - [2024-06-16T07:57:35.359+0000] {dag.py:3954} INFO - Setting next_dagrun for example_bash_operator to 2024-06-15 00:00:00+00:00, run_after=2024-06-16 00:00:00+00:00
[2024-06-16T07:57:35.372+0000] {processor.py:183} INFO - Processing /home/airflow/.local/lib/python3.12/site-packages/airflow/example_dags/example_bash_operator.py took 0.052 seconds
[2024-06-16T07:58:06.290+0000] {processor.py:161} INFO - Started process (PID=404) to work on /home/airflow/.local/lib/python3.12/site-packages/airflow/example_dags/example_bash_operator.py
[2024-06-16T07:58:06.291+0000] {processor.py:830} INFO - Processing file /home/airflow/.local/lib/python3.12/site-packages/airflow/example_dags/example_bash_operator.py for tasks to queue
[2024-06-16T07:58:06.292+0000] {logging_mixin.py:188} INFO - [2024-06-16T07:58:06.292+0000] {dagbag.py:545} INFO - Filling up the DagBag from /home/airflow/.local/lib/python3.12/site-packages/airflow/example_dags/example_bash_operator.py
[2024-06-16T07:58:06.299+0000] {processor.py:840} INFO - DAG(s) 'example_bash_operator' retrieved from /home/airflow/.local/lib/python3.12/site-packages/airflow/example_dags/example_bash_operator.py
[2024-06-16T07:58:06.414+0000] {logging_mixin.py:188} INFO - [2024-06-16T07:58:06.413+0000] {dag.py:3096} INFO - Sync 1 DAGs
[2024-06-16T07:58:06.423+0000] {logging_mixin.py:188} INFO - [2024-06-16T07:58:06.422+0000] {dag.py:3954} INFO - Setting next_dagrun for example_bash_operator to 2024-06-15 00:00:00+00:00, run_after=2024-06-16 00:00:00+00:00
[2024-06-16T07:58:06.434+0000] {processor.py:183} INFO - Processing /home/airflow/.local/lib/python3.12/site-packages/airflow/example_dags/example_bash_operator.py took 0.148 seconds
[2024-06-16T07:58:37.399+0000] {processor.py:161} INFO - Started process (PID=463) to work on /home/airflow/.local/lib/python3.12/site-packages/airflow/example_dags/example_bash_operator.py
[2024-06-16T07:58:37.400+0000] {processor.py:830} INFO - Processing file /home/airflow/.local/lib/python3.12/site-packages/airflow/example_dags/example_bash_operator.py for tasks to queue
[2024-06-16T07:58:37.401+0000] {logging_mixin.py:188} INFO - [2024-06-16T07:58:37.401+0000] {dagbag.py:545} INFO - Filling up the DagBag from /home/airflow/.local/lib/python3.12/site-packages/airflow/example_dags/example_bash_operator.py
[2024-06-16T07:58:37.407+0000] {processor.py:840} INFO - DAG(s) 'example_bash_operator' retrieved from /home/airflow/.local/lib/python3.12/site-packages/airflow/example_dags/example_bash_operator.py
[2024-06-16T07:58:37.419+0000] {logging_mixin.py:188} INFO - [2024-06-16T07:58:37.419+0000] {dag.py:3096} INFO - Sync 1 DAGs
[2024-06-16T07:58:37.430+0000] {logging_mixin.py:188} INFO - [2024-06-16T07:58:37.430+0000] {dag.py:3954} INFO - Setting next_dagrun for example_bash_operator to 2024-06-15 00:00:00+00:00, run_after=2024-06-16 00:00:00+00:00
[2024-06-16T07:58:37.440+0000] {processor.py:183} INFO - Processing /home/airflow/.local/lib/python3.12/site-packages/airflow/example_dags/example_bash_operator.py took 0.044 seconds
[2024-06-16T07:59:07.697+0000] {processor.py:161} INFO - Started process (PID=522) to work on /home/airflow/.local/lib/python3.12/site-packages/airflow/example_dags/example_bash_operator.py
[2024-06-16T07:59:07.698+0000] {processor.py:830} INFO - Processing file /home/airflow/.local/lib/python3.12/site-packages/airflow/example_dags/example_bash_operator.py for tasks to queue
[2024-06-16T07:59:07.699+0000] {logging_mixin.py:188} INFO - [2024-06-16T07:59:07.699+0000] {dagbag.py:545} INFO - Filling up the DagBag from /home/airflow/.local/lib/python3.12/site-packages/airflow/example_dags/example_bash_operator.py
[2024-06-16T07:59:07.704+0000] {processor.py:840} INFO - DAG(s) 'example_bash_operator' retrieved from /home/airflow/.local/lib/python3.12/site-packages/airflow/example_dags/example_bash_operator.py
[2024-06-16T07:59:07.717+0000] {logging_mixin.py:188} INFO - [2024-06-16T07:59:07.717+0000] {dag.py:3096} INFO - Sync 1 DAGs
[2024-06-16T07:59:07.727+0000] {logging_mixin.py:188} INFO - [2024-06-16T07:59:07.727+0000] {dag.py:3954} INFO - Setting next_dagrun for example_bash_operator to 2024-06-15 00:00:00+00:00, run_after=2024-06-16 00:00:00+00:00
[2024-06-16T07:59:07.735+0000] {processor.py:183} INFO - Processing /home/airflow/.local/lib/python3.12/site-packages/airflow/example_dags/example_bash_operator.py took 0.041 seconds
[2024-06-16T07:59:38.099+0000] {processor.py:161} INFO - Started process (PID=582) to work on /home/airflow/.local/lib/python3.12/site-packages/airflow/example_dags/example_bash_operator.py
[2024-06-16T07:59:38.102+0000] {processor.py:830} INFO - Processing file /home/airflow/.local/lib/python3.12/site-packages/airflow/example_dags/example_bash_operator.py for tasks to queue
[2024-06-16T07:59:38.106+0000] {logging_mixin.py:188} INFO - [2024-06-16T07:59:38.105+0000] {dagbag.py:545} INFO - Filling up the DagBag from /home/airflow/.local/lib/python3.12/site-packages/airflow/example_dags/example_bash_operator.py
[2024-06-16T07:59:38.118+0000] {processor.py:840} INFO - DAG(s) 'example_bash_operator' retrieved from /home/airflow/.local/lib/python3.12/site-packages/airflow/example_dags/example_bash_operator.py
[2024-06-16T07:59:38.135+0000] {logging_mixin.py:188} INFO - [2024-06-16T07:59:38.135+0000] {dag.py:3096} INFO - Sync 1 DAGs
[2024-06-16T07:59:38.151+0000] {logging_mixin.py:188} INFO - [2024-06-16T07:59:38.151+0000] {dag.py:3954} INFO - Setting next_dagrun for example_bash_operator to 2024-06-15 00:00:00+00:00, run_after=2024-06-16 00:00:00+00:00
[2024-06-16T07:59:38.162+0000] {processor.py:183} INFO - Processing /home/airflow/.local/lib/python3.12/site-packages/airflow/example_dags/example_bash_operator.py took 0.074 seconds
[2024-06-16T08:00:08.360+0000] {processor.py:161} INFO - Started process (PID=641) to work on /home/airflow/.local/lib/python3.12/site-packages/airflow/example_dags/example_bash_operator.py
[2024-06-16T08:00:08.360+0000] {processor.py:830} INFO - Processing file /home/airflow/.local/lib/python3.12/site-packages/airflow/example_dags/example_bash_operator.py for tasks to queue
[2024-06-16T08:00:08.361+0000] {logging_mixin.py:188} INFO - [2024-06-16T08:00:08.361+0000] {dagbag.py:545} INFO - Filling up the DagBag from /home/airflow/.local/lib/python3.12/site-packages/airflow/example_dags/example_bash_operator.py
[2024-06-16T08:00:08.367+0000] {processor.py:840} INFO - DAG(s) 'example_bash_operator' retrieved from /home/airflow/.local/lib/python3.12/site-packages/airflow/example_dags/example_bash_operator.py
[2024-06-16T08:00:08.380+0000] {logging_mixin.py:188} INFO - [2024-06-16T08:00:08.380+0000] {dag.py:3096} INFO - Sync 1 DAGs
[2024-06-16T08:00:08.391+0000] {logging_mixin.py:188} INFO - [2024-06-16T08:00:08.391+0000] {dag.py:3954} INFO - Setting next_dagrun for example_bash_operator to 2024-06-15 00:00:00+00:00, run_after=2024-06-16 00:00:00+00:00
[2024-06-16T08:00:08.401+0000] {processor.py:183} INFO - Processing /home/airflow/.local/lib/python3.12/site-packages/airflow/example_dags/example_bash_operator.py took 0.044 seconds
[2024-06-16T08:00:38.583+0000] {processor.py:161} INFO - Started process (PID=700) to work on /home/airflow/.local/lib/python3.12/site-packages/airflow/example_dags/example_bash_operator.py
[2024-06-16T08:00:38.583+0000] {processor.py:830} INFO - Processing file /home/airflow/.local/lib/python3.12/site-packages/airflow/example_dags/example_bash_operator.py for tasks to queue
[2024-06-16T08:00:38.585+0000] {logging_mixin.py:188} INFO - [2024-06-16T08:00:38.584+0000] {dagbag.py:545} INFO - Filling up the DagBag from /home/airflow/.local/lib/python3.12/site-packages/airflow/example_dags/example_bash_operator.py
[2024-06-16T08:00:38.591+0000] {processor.py:840} INFO - DAG(s) 'example_bash_operator' retrieved from /home/airflow/.local/lib/python3.12/site-packages/airflow/example_dags/example_bash_operator.py
[2024-06-16T08:00:38.606+0000] {logging_mixin.py:188} INFO - [2024-06-16T08:00:38.606+0000] {dag.py:3096} INFO - Sync 1 DAGs
[2024-06-16T08:00:38.622+0000] {logging_mixin.py:188} INFO - [2024-06-16T08:00:38.622+0000] {dag.py:3954} INFO - Setting next_dagrun for example_bash_operator to 2024-06-15 00:00:00+00:00, run_after=2024-06-16 00:00:00+00:00
[2024-06-16T08:00:38.632+0000] {processor.py:183} INFO - Processing /home/airflow/.local/lib/python3.12/site-packages/airflow/example_dags/example_bash_operator.py took 0.052 seconds
[2024-06-16T08:01:09.051+0000] {processor.py:161} INFO - Started process (PID=759) to work on /home/airflow/.local/lib/python3.12/site-packages/airflow/example_dags/example_bash_operator.py
[2024-06-16T08:01:09.054+0000] {processor.py:830} INFO - Processing file /home/airflow/.local/lib/python3.12/site-packages/airflow/example_dags/example_bash_operator.py for tasks to queue
[2024-06-16T08:01:09.056+0000] {logging_mixin.py:188} INFO - [2024-06-16T08:01:09.055+0000] {dagbag.py:545} INFO - Filling up the DagBag from /home/airflow/.local/lib/python3.12/site-packages/airflow/example_dags/example_bash_operator.py
[2024-06-16T08:01:09.065+0000] {processor.py:840} INFO - DAG(s) 'example_bash_operator' retrieved from /home/airflow/.local/lib/python3.12/site-packages/airflow/example_dags/example_bash_operator.py
[2024-06-16T08:01:09.078+0000] {logging_mixin.py:188} INFO - [2024-06-16T08:01:09.078+0000] {dag.py:3096} INFO - Sync 1 DAGs
[2024-06-16T08:01:09.089+0000] {logging_mixin.py:188} INFO - [2024-06-16T08:01:09.089+0000] {dag.py:3954} INFO - Setting next_dagrun for example_bash_operator to 2024-06-15 00:00:00+00:00, run_after=2024-06-16 00:00:00+00:00
[2024-06-16T08:01:09.098+0000] {processor.py:183} INFO - Processing /home/airflow/.local/lib/python3.12/site-packages/airflow/example_dags/example_bash_operator.py took 0.050 seconds
[2024-06-16T08:01:40.119+0000] {processor.py:161} INFO - Started process (PID=819) to work on /home/airflow/.local/lib/python3.12/site-packages/airflow/example_dags/example_bash_operator.py
[2024-06-16T08:01:40.120+0000] {processor.py:830} INFO - Processing file /home/airflow/.local/lib/python3.12/site-packages/airflow/example_dags/example_bash_operator.py for tasks to queue
[2024-06-16T08:01:40.122+0000] {logging_mixin.py:188} INFO - [2024-06-16T08:01:40.122+0000] {dagbag.py:545} INFO - Filling up the DagBag from /home/airflow/.local/lib/python3.12/site-packages/airflow/example_dags/example_bash_operator.py
[2024-06-16T08:01:40.129+0000] {processor.py:840} INFO - DAG(s) 'example_bash_operator' retrieved from /home/airflow/.local/lib/python3.12/site-packages/airflow/example_dags/example_bash_operator.py
[2024-06-16T08:01:40.143+0000] {logging_mixin.py:188} INFO - [2024-06-16T08:01:40.143+0000] {dag.py:3096} INFO - Sync 1 DAGs
[2024-06-16T08:01:40.157+0000] {logging_mixin.py:188} INFO - [2024-06-16T08:01:40.156+0000] {dag.py:3954} INFO - Setting next_dagrun for example_bash_operator to 2024-06-15 00:00:00+00:00, run_after=2024-06-16 00:00:00+00:00
[2024-06-16T08:01:40.166+0000] {processor.py:183} INFO - Processing /home/airflow/.local/lib/python3.12/site-packages/airflow/example_dags/example_bash_operator.py took 0.050 seconds
[2024-06-16T08:02:24.180+0000] {processor.py:161} INFO - Started process (PID=50) to work on /home/airflow/.local/lib/python3.12/site-packages/airflow/example_dags/example_bash_operator.py
[2024-06-16T08:02:24.183+0000] {processor.py:830} INFO - Processing file /home/airflow/.local/lib/python3.12/site-packages/airflow/example_dags/example_bash_operator.py for tasks to queue
[2024-06-16T08:02:24.187+0000] {logging_mixin.py:188} INFO - [2024-06-16T08:02:24.187+0000] {dagbag.py:545} INFO - Filling up the DagBag from /home/airflow/.local/lib/python3.12/site-packages/airflow/example_dags/example_bash_operator.py
[2024-06-16T08:02:24.207+0000] {processor.py:840} INFO - DAG(s) 'example_bash_operator' retrieved from /home/airflow/.local/lib/python3.12/site-packages/airflow/example_dags/example_bash_operator.py
[2024-06-16T08:02:24.218+0000] {logging_mixin.py:188} INFO - [2024-06-16T08:02:24.218+0000] {dag.py:3096} INFO - Sync 1 DAGs
[2024-06-16T08:02:24.237+0000] {logging_mixin.py:188} INFO - [2024-06-16T08:02:24.237+0000] {dag.py:3954} INFO - Setting next_dagrun for example_bash_operator to 2024-06-15 00:00:00+00:00, run_after=2024-06-16 00:00:00+00:00
[2024-06-16T08:02:24.263+0000] {processor.py:183} INFO - Processing /home/airflow/.local/lib/python3.12/site-packages/airflow/example_dags/example_bash_operator.py took 0.090 seconds
[2024-06-16T08:02:55.871+0000] {processor.py:161} INFO - Started process (PID=109) to work on /home/airflow/.local/lib/python3.12/site-packages/airflow/example_dags/example_bash_operator.py
[2024-06-16T08:02:55.872+0000] {processor.py:830} INFO - Processing file /home/airflow/.local/lib/python3.12/site-packages/airflow/example_dags/example_bash_operator.py for tasks to queue
[2024-06-16T08:02:55.874+0000] {logging_mixin.py:188} INFO - [2024-06-16T08:02:55.874+0000] {dagbag.py:545} INFO - Filling up the DagBag from /home/airflow/.local/lib/python3.12/site-packages/airflow/example_dags/example_bash_operator.py
[2024-06-16T08:02:55.883+0000] {processor.py:840} INFO - DAG(s) 'example_bash_operator' retrieved from /home/airflow/.local/lib/python3.12/site-packages/airflow/example_dags/example_bash_operator.py
[2024-06-16T08:02:56.053+0000] {logging_mixin.py:188} INFO - [2024-06-16T08:02:56.052+0000] {dag.py:3096} INFO - Sync 1 DAGs
[2024-06-16T08:02:56.066+0000] {logging_mixin.py:188} INFO - [2024-06-16T08:02:56.066+0000] {dag.py:3954} INFO - Setting next_dagrun for example_bash_operator to 2024-06-15 00:00:00+00:00, run_after=2024-06-16 00:00:00+00:00
[2024-06-16T08:02:56.077+0000] {processor.py:183} INFO - Processing /home/airflow/.local/lib/python3.12/site-packages/airflow/example_dags/example_bash_operator.py took 0.209 seconds
[2024-06-16T08:03:27.095+0000] {processor.py:161} INFO - Started process (PID=168) to work on /home/airflow/.local/lib/python3.12/site-packages/airflow/example_dags/example_bash_operator.py
[2024-06-16T08:03:27.102+0000] {processor.py:830} INFO - Processing file /home/airflow/.local/lib/python3.12/site-packages/airflow/example_dags/example_bash_operator.py for tasks to queue
[2024-06-16T08:03:27.109+0000] {logging_mixin.py:188} INFO - [2024-06-16T08:03:27.108+0000] {dagbag.py:545} INFO - Filling up the DagBag from /home/airflow/.local/lib/python3.12/site-packages/airflow/example_dags/example_bash_operator.py
[2024-06-16T08:03:27.122+0000] {processor.py:840} INFO - DAG(s) 'example_bash_operator' retrieved from /home/airflow/.local/lib/python3.12/site-packages/airflow/example_dags/example_bash_operator.py
[2024-06-16T08:03:27.144+0000] {logging_mixin.py:188} INFO - [2024-06-16T08:03:27.144+0000] {dag.py:3096} INFO - Sync 1 DAGs
[2024-06-16T08:03:27.158+0000] {logging_mixin.py:188} INFO - [2024-06-16T08:03:27.158+0000] {dag.py:3954} INFO - Setting next_dagrun for example_bash_operator to 2024-06-15 00:00:00+00:00, run_after=2024-06-16 00:00:00+00:00
[2024-06-16T08:03:27.170+0000] {processor.py:183} INFO - Processing /home/airflow/.local/lib/python3.12/site-packages/airflow/example_dags/example_bash_operator.py took 0.096 seconds
[2024-06-16T08:03:57.249+0000] {processor.py:161} INFO - Started process (PID=227) to work on /home/airflow/.local/lib/python3.12/site-packages/airflow/example_dags/example_bash_operator.py
[2024-06-16T08:03:57.250+0000] {processor.py:830} INFO - Processing file /home/airflow/.local/lib/python3.12/site-packages/airflow/example_dags/example_bash_operator.py for tasks to queue
[2024-06-16T08:03:57.251+0000] {logging_mixin.py:188} INFO - [2024-06-16T08:03:57.251+0000] {dagbag.py:545} INFO - Filling up the DagBag from /home/airflow/.local/lib/python3.12/site-packages/airflow/example_dags/example_bash_operator.py
[2024-06-16T08:03:57.256+0000] {processor.py:840} INFO - DAG(s) 'example_bash_operator' retrieved from /home/airflow/.local/lib/python3.12/site-packages/airflow/example_dags/example_bash_operator.py
[2024-06-16T08:03:57.267+0000] {logging_mixin.py:188} INFO - [2024-06-16T08:03:57.267+0000] {dag.py:3096} INFO - Sync 1 DAGs
[2024-06-16T08:03:57.277+0000] {logging_mixin.py:188} INFO - [2024-06-16T08:03:57.277+0000] {dag.py:3954} INFO - Setting next_dagrun for example_bash_operator to 2024-06-15 00:00:00+00:00, run_after=2024-06-16 00:00:00+00:00
[2024-06-16T08:03:57.287+0000] {processor.py:183} INFO - Processing /home/airflow/.local/lib/python3.12/site-packages/airflow/example_dags/example_bash_operator.py took 0.040 seconds
[2024-06-16T08:04:28.860+0000] {processor.py:161} INFO - Started process (PID=286) to work on /home/airflow/.local/lib/python3.12/site-packages/airflow/example_dags/example_bash_operator.py
[2024-06-16T08:04:28.861+0000] {processor.py:830} INFO - Processing file /home/airflow/.local/lib/python3.12/site-packages/airflow/example_dags/example_bash_operator.py for tasks to queue
[2024-06-16T08:04:28.862+0000] {logging_mixin.py:188} INFO - [2024-06-16T08:04:28.862+0000] {dagbag.py:545} INFO - Filling up the DagBag from /home/airflow/.local/lib/python3.12/site-packages/airflow/example_dags/example_bash_operator.py
[2024-06-16T08:04:28.868+0000] {processor.py:840} INFO - DAG(s) 'example_bash_operator' retrieved from /home/airflow/.local/lib/python3.12/site-packages/airflow/example_dags/example_bash_operator.py
[2024-06-16T08:04:28.994+0000] {logging_mixin.py:188} INFO - [2024-06-16T08:04:28.994+0000] {dag.py:3096} INFO - Sync 1 DAGs
[2024-06-16T08:04:29.006+0000] {logging_mixin.py:188} INFO - [2024-06-16T08:04:29.006+0000] {dag.py:3954} INFO - Setting next_dagrun for example_bash_operator to 2024-06-15 00:00:00+00:00, run_after=2024-06-16 00:00:00+00:00
[2024-06-16T08:04:29.014+0000] {processor.py:183} INFO - Processing /home/airflow/.local/lib/python3.12/site-packages/airflow/example_dags/example_bash_operator.py took 0.157 seconds
[2024-06-16T08:04:59.550+0000] {processor.py:161} INFO - Started process (PID=344) to work on /home/airflow/.local/lib/python3.12/site-packages/airflow/example_dags/example_bash_operator.py
[2024-06-16T08:04:59.551+0000] {processor.py:830} INFO - Processing file /home/airflow/.local/lib/python3.12/site-packages/airflow/example_dags/example_bash_operator.py for tasks to queue
[2024-06-16T08:04:59.552+0000] {logging_mixin.py:188} INFO - [2024-06-16T08:04:59.552+0000] {dagbag.py:545} INFO - Filling up the DagBag from /home/airflow/.local/lib/python3.12/site-packages/airflow/example_dags/example_bash_operator.py
[2024-06-16T08:04:59.558+0000] {processor.py:840} INFO - DAG(s) 'example_bash_operator' retrieved from /home/airflow/.local/lib/python3.12/site-packages/airflow/example_dags/example_bash_operator.py
[2024-06-16T08:04:59.572+0000] {logging_mixin.py:188} INFO - [2024-06-16T08:04:59.572+0000] {dag.py:3096} INFO - Sync 1 DAGs
[2024-06-16T08:04:59.586+0000] {logging_mixin.py:188} INFO - [2024-06-16T08:04:59.585+0000] {dag.py:3954} INFO - Setting next_dagrun for example_bash_operator to 2024-06-15 00:00:00+00:00, run_after=2024-06-16 00:00:00+00:00
[2024-06-16T08:04:59.594+0000] {processor.py:183} INFO - Processing /home/airflow/.local/lib/python3.12/site-packages/airflow/example_dags/example_bash_operator.py took 0.047 seconds
[2024-06-16T08:05:29.822+0000] {processor.py:161} INFO - Started process (PID=403) to work on /home/airflow/.local/lib/python3.12/site-packages/airflow/example_dags/example_bash_operator.py
[2024-06-16T08:05:29.823+0000] {processor.py:830} INFO - Processing file /home/airflow/.local/lib/python3.12/site-packages/airflow/example_dags/example_bash_operator.py for tasks to queue
[2024-06-16T08:05:29.824+0000] {logging_mixin.py:188} INFO - [2024-06-16T08:05:29.824+0000] {dagbag.py:545} INFO - Filling up the DagBag from /home/airflow/.local/lib/python3.12/site-packages/airflow/example_dags/example_bash_operator.py
[2024-06-16T08:05:29.830+0000] {processor.py:840} INFO - DAG(s) 'example_bash_operator' retrieved from /home/airflow/.local/lib/python3.12/site-packages/airflow/example_dags/example_bash_operator.py
[2024-06-16T08:05:29.846+0000] {logging_mixin.py:188} INFO - [2024-06-16T08:05:29.846+0000] {dag.py:3096} INFO - Sync 1 DAGs
[2024-06-16T08:05:29.859+0000] {logging_mixin.py:188} INFO - [2024-06-16T08:05:29.858+0000] {dag.py:3954} INFO - Setting next_dagrun for example_bash_operator to 2024-06-15 00:00:00+00:00, run_after=2024-06-16 00:00:00+00:00
[2024-06-16T08:05:29.868+0000] {processor.py:183} INFO - Processing /home/airflow/.local/lib/python3.12/site-packages/airflow/example_dags/example_bash_operator.py took 0.048 seconds
[2024-06-16T08:05:59.892+0000] {processor.py:161} INFO - Started process (PID=463) to work on /home/airflow/.local/lib/python3.12/site-packages/airflow/example_dags/example_bash_operator.py
[2024-06-16T08:05:59.893+0000] {processor.py:830} INFO - Processing file /home/airflow/.local/lib/python3.12/site-packages/airflow/example_dags/example_bash_operator.py for tasks to queue
[2024-06-16T08:05:59.894+0000] {logging_mixin.py:188} INFO - [2024-06-16T08:05:59.894+0000] {dagbag.py:545} INFO - Filling up the DagBag from /home/airflow/.local/lib/python3.12/site-packages/airflow/example_dags/example_bash_operator.py
[2024-06-16T08:05:59.899+0000] {processor.py:840} INFO - DAG(s) 'example_bash_operator' retrieved from /home/airflow/.local/lib/python3.12/site-packages/airflow/example_dags/example_bash_operator.py
[2024-06-16T08:05:59.911+0000] {logging_mixin.py:188} INFO - [2024-06-16T08:05:59.911+0000] {dag.py:3096} INFO - Sync 1 DAGs
[2024-06-16T08:05:59.921+0000] {logging_mixin.py:188} INFO - [2024-06-16T08:05:59.921+0000] {dag.py:3954} INFO - Setting next_dagrun for example_bash_operator to 2024-06-15 00:00:00+00:00, run_after=2024-06-16 00:00:00+00:00
[2024-06-16T08:05:59.930+0000] {processor.py:183} INFO - Processing /home/airflow/.local/lib/python3.12/site-packages/airflow/example_dags/example_bash_operator.py took 0.041 seconds
[2024-06-16T08:06:30.544+0000] {processor.py:161} INFO - Started process (PID=522) to work on /home/airflow/.local/lib/python3.12/site-packages/airflow/example_dags/example_bash_operator.py
[2024-06-16T08:06:30.544+0000] {processor.py:830} INFO - Processing file /home/airflow/.local/lib/python3.12/site-packages/airflow/example_dags/example_bash_operator.py for tasks to queue
[2024-06-16T08:06:30.545+0000] {logging_mixin.py:188} INFO - [2024-06-16T08:06:30.545+0000] {dagbag.py:545} INFO - Filling up the DagBag from /home/airflow/.local/lib/python3.12/site-packages/airflow/example_dags/example_bash_operator.py
[2024-06-16T08:06:30.551+0000] {processor.py:840} INFO - DAG(s) 'example_bash_operator' retrieved from /home/airflow/.local/lib/python3.12/site-packages/airflow/example_dags/example_bash_operator.py
[2024-06-16T08:06:30.562+0000] {logging_mixin.py:188} INFO - [2024-06-16T08:06:30.562+0000] {dag.py:3096} INFO - Sync 1 DAGs
[2024-06-16T08:06:30.571+0000] {logging_mixin.py:188} INFO - [2024-06-16T08:06:30.571+0000] {dag.py:3954} INFO - Setting next_dagrun for example_bash_operator to 2024-06-15 00:00:00+00:00, run_after=2024-06-16 00:00:00+00:00
[2024-06-16T08:06:30.578+0000] {processor.py:183} INFO - Processing /home/airflow/.local/lib/python3.12/site-packages/airflow/example_dags/example_bash_operator.py took 0.037 seconds
[2024-06-16T08:07:00.678+0000] {processor.py:161} INFO - Started process (PID=581) to work on /home/airflow/.local/lib/python3.12/site-packages/airflow/example_dags/example_bash_operator.py
[2024-06-16T08:07:00.679+0000] {processor.py:830} INFO - Processing file /home/airflow/.local/lib/python3.12/site-packages/airflow/example_dags/example_bash_operator.py for tasks to queue
[2024-06-16T08:07:00.680+0000] {logging_mixin.py:188} INFO - [2024-06-16T08:07:00.680+0000] {dagbag.py:545} INFO - Filling up the DagBag from /home/airflow/.local/lib/python3.12/site-packages/airflow/example_dags/example_bash_operator.py
[2024-06-16T08:07:00.685+0000] {processor.py:840} INFO - DAG(s) 'example_bash_operator' retrieved from /home/airflow/.local/lib/python3.12/site-packages/airflow/example_dags/example_bash_operator.py
[2024-06-16T08:07:00.696+0000] {logging_mixin.py:188} INFO - [2024-06-16T08:07:00.696+0000] {dag.py:3096} INFO - Sync 1 DAGs
[2024-06-16T08:07:00.705+0000] {logging_mixin.py:188} INFO - [2024-06-16T08:07:00.705+0000] {dag.py:3954} INFO - Setting next_dagrun for example_bash_operator to 2024-06-15 00:00:00+00:00, run_after=2024-06-16 00:00:00+00:00
[2024-06-16T08:07:00.713+0000] {processor.py:183} INFO - Processing /home/airflow/.local/lib/python3.12/site-packages/airflow/example_dags/example_bash_operator.py took 0.037 seconds
[2024-06-16T08:07:31.719+0000] {processor.py:161} INFO - Started process (PID=640) to work on /home/airflow/.local/lib/python3.12/site-packages/airflow/example_dags/example_bash_operator.py
[2024-06-16T08:07:31.720+0000] {processor.py:830} INFO - Processing file /home/airflow/.local/lib/python3.12/site-packages/airflow/example_dags/example_bash_operator.py for tasks to queue
[2024-06-16T08:07:31.721+0000] {logging_mixin.py:188} INFO - [2024-06-16T08:07:31.720+0000] {dagbag.py:545} INFO - Filling up the DagBag from /home/airflow/.local/lib/python3.12/site-packages/airflow/example_dags/example_bash_operator.py
[2024-06-16T08:07:31.727+0000] {processor.py:840} INFO - DAG(s) 'example_bash_operator' retrieved from /home/airflow/.local/lib/python3.12/site-packages/airflow/example_dags/example_bash_operator.py
[2024-06-16T08:07:31.738+0000] {logging_mixin.py:188} INFO - [2024-06-16T08:07:31.738+0000] {dag.py:3096} INFO - Sync 1 DAGs
[2024-06-16T08:07:31.748+0000] {logging_mixin.py:188} INFO - [2024-06-16T08:07:31.748+0000] {dag.py:3954} INFO - Setting next_dagrun for example_bash_operator to 2024-06-15 00:00:00+00:00, run_after=2024-06-16 00:00:00+00:00
[2024-06-16T08:07:31.757+0000] {processor.py:183} INFO - Processing /home/airflow/.local/lib/python3.12/site-packages/airflow/example_dags/example_bash_operator.py took 0.041 seconds
[2024-06-16T08:08:02.280+0000] {processor.py:161} INFO - Started process (PID=699) to work on /home/airflow/.local/lib/python3.12/site-packages/airflow/example_dags/example_bash_operator.py
[2024-06-16T08:08:02.281+0000] {processor.py:830} INFO - Processing file /home/airflow/.local/lib/python3.12/site-packages/airflow/example_dags/example_bash_operator.py for tasks to queue
[2024-06-16T08:08:02.283+0000] {logging_mixin.py:188} INFO - [2024-06-16T08:08:02.283+0000] {dagbag.py:545} INFO - Filling up the DagBag from /home/airflow/.local/lib/python3.12/site-packages/airflow/example_dags/example_bash_operator.py
[2024-06-16T08:08:02.321+0000] {processor.py:840} INFO - DAG(s) 'example_bash_operator' retrieved from /home/airflow/.local/lib/python3.12/site-packages/airflow/example_dags/example_bash_operator.py
[2024-06-16T08:08:02.358+0000] {logging_mixin.py:188} INFO - [2024-06-16T08:08:02.358+0000] {dag.py:3096} INFO - Sync 1 DAGs
[2024-06-16T08:08:02.374+0000] {logging_mixin.py:188} INFO - [2024-06-16T08:08:02.374+0000] {dag.py:3954} INFO - Setting next_dagrun for example_bash_operator to 2024-06-15 00:00:00+00:00, run_after=2024-06-16 00:00:00+00:00
[2024-06-16T08:08:02.389+0000] {processor.py:183} INFO - Processing /home/airflow/.local/lib/python3.12/site-packages/airflow/example_dags/example_bash_operator.py took 0.115 seconds
[2024-06-16T08:08:32.915+0000] {processor.py:161} INFO - Started process (PID=758) to work on /home/airflow/.local/lib/python3.12/site-packages/airflow/example_dags/example_bash_operator.py
[2024-06-16T08:08:32.916+0000] {processor.py:830} INFO - Processing file /home/airflow/.local/lib/python3.12/site-packages/airflow/example_dags/example_bash_operator.py for tasks to queue
[2024-06-16T08:08:32.918+0000] {logging_mixin.py:188} INFO - [2024-06-16T08:08:32.917+0000] {dagbag.py:545} INFO - Filling up the DagBag from /home/airflow/.local/lib/python3.12/site-packages/airflow/example_dags/example_bash_operator.py
[2024-06-16T08:08:32.925+0000] {processor.py:840} INFO - DAG(s) 'example_bash_operator' retrieved from /home/airflow/.local/lib/python3.12/site-packages/airflow/example_dags/example_bash_operator.py
[2024-06-16T08:08:32.954+0000] {logging_mixin.py:188} INFO - [2024-06-16T08:08:32.954+0000] {dag.py:3096} INFO - Sync 1 DAGs
[2024-06-16T08:08:32.984+0000] {logging_mixin.py:188} INFO - [2024-06-16T08:08:32.984+0000] {dag.py:3954} INFO - Setting next_dagrun for example_bash_operator to 2024-06-15 00:00:00+00:00, run_after=2024-06-16 00:00:00+00:00
[2024-06-16T08:08:32.996+0000] {processor.py:183} INFO - Processing /home/airflow/.local/lib/python3.12/site-packages/airflow/example_dags/example_bash_operator.py took 0.084 seconds
[2024-06-16T08:09:03.343+0000] {processor.py:161} INFO - Started process (PID=817) to work on /home/airflow/.local/lib/python3.12/site-packages/airflow/example_dags/example_bash_operator.py
[2024-06-16T08:09:03.344+0000] {processor.py:830} INFO - Processing file /home/airflow/.local/lib/python3.12/site-packages/airflow/example_dags/example_bash_operator.py for tasks to queue
[2024-06-16T08:09:03.345+0000] {logging_mixin.py:188} INFO - [2024-06-16T08:09:03.345+0000] {dagbag.py:545} INFO - Filling up the DagBag from /home/airflow/.local/lib/python3.12/site-packages/airflow/example_dags/example_bash_operator.py
[2024-06-16T08:09:03.351+0000] {processor.py:840} INFO - DAG(s) 'example_bash_operator' retrieved from /home/airflow/.local/lib/python3.12/site-packages/airflow/example_dags/example_bash_operator.py
[2024-06-16T08:09:03.363+0000] {logging_mixin.py:188} INFO - [2024-06-16T08:09:03.362+0000] {dag.py:3096} INFO - Sync 1 DAGs
[2024-06-16T08:09:03.372+0000] {logging_mixin.py:188} INFO - [2024-06-16T08:09:03.372+0000] {dag.py:3954} INFO - Setting next_dagrun for example_bash_operator to 2024-06-15 00:00:00+00:00, run_after=2024-06-16 00:00:00+00:00
[2024-06-16T08:09:03.380+0000] {processor.py:183} INFO - Processing /home/airflow/.local/lib/python3.12/site-packages/airflow/example_dags/example_bash_operator.py took 0.039 seconds
[2024-06-16T08:09:34.121+0000] {processor.py:161} INFO - Started process (PID=876) to work on /home/airflow/.local/lib/python3.12/site-packages/airflow/example_dags/example_bash_operator.py
[2024-06-16T08:09:34.122+0000] {processor.py:830} INFO - Processing file /home/airflow/.local/lib/python3.12/site-packages/airflow/example_dags/example_bash_operator.py for tasks to queue
[2024-06-16T08:09:34.123+0000] {logging_mixin.py:188} INFO - [2024-06-16T08:09:34.122+0000] {dagbag.py:545} INFO - Filling up the DagBag from /home/airflow/.local/lib/python3.12/site-packages/airflow/example_dags/example_bash_operator.py
[2024-06-16T08:09:34.128+0000] {processor.py:840} INFO - DAG(s) 'example_bash_operator' retrieved from /home/airflow/.local/lib/python3.12/site-packages/airflow/example_dags/example_bash_operator.py
[2024-06-16T08:09:34.140+0000] {logging_mixin.py:188} INFO - [2024-06-16T08:09:34.140+0000] {dag.py:3096} INFO - Sync 1 DAGs
[2024-06-16T08:09:34.149+0000] {logging_mixin.py:188} INFO - [2024-06-16T08:09:34.149+0000] {dag.py:3954} INFO - Setting next_dagrun for example_bash_operator to 2024-06-15 00:00:00+00:00, run_after=2024-06-16 00:00:00+00:00
[2024-06-16T08:09:34.157+0000] {processor.py:183} INFO - Processing /home/airflow/.local/lib/python3.12/site-packages/airflow/example_dags/example_bash_operator.py took 0.039 seconds
[2024-06-16T08:10:04.666+0000] {processor.py:161} INFO - Started process (PID=935) to work on /home/airflow/.local/lib/python3.12/site-packages/airflow/example_dags/example_bash_operator.py
[2024-06-16T08:10:04.666+0000] {processor.py:830} INFO - Processing file /home/airflow/.local/lib/python3.12/site-packages/airflow/example_dags/example_bash_operator.py for tasks to queue
[2024-06-16T08:10:04.667+0000] {logging_mixin.py:188} INFO - [2024-06-16T08:10:04.667+0000] {dagbag.py:545} INFO - Filling up the DagBag from /home/airflow/.local/lib/python3.12/site-packages/airflow/example_dags/example_bash_operator.py
[2024-06-16T08:10:04.673+0000] {processor.py:840} INFO - DAG(s) 'example_bash_operator' retrieved from /home/airflow/.local/lib/python3.12/site-packages/airflow/example_dags/example_bash_operator.py
[2024-06-16T08:10:04.685+0000] {logging_mixin.py:188} INFO - [2024-06-16T08:10:04.684+0000] {dag.py:3096} INFO - Sync 1 DAGs
[2024-06-16T08:10:04.694+0000] {logging_mixin.py:188} INFO - [2024-06-16T08:10:04.694+0000] {dag.py:3954} INFO - Setting next_dagrun for example_bash_operator to 2024-06-15 00:00:00+00:00, run_after=2024-06-16 00:00:00+00:00
[2024-06-16T08:10:04.702+0000] {processor.py:183} INFO - Processing /home/airflow/.local/lib/python3.12/site-packages/airflow/example_dags/example_bash_operator.py took 0.040 seconds
[2024-06-16T08:10:35.181+0000] {processor.py:161} INFO - Started process (PID=994) to work on /home/airflow/.local/lib/python3.12/site-packages/airflow/example_dags/example_bash_operator.py
[2024-06-16T08:10:35.182+0000] {processor.py:830} INFO - Processing file /home/airflow/.local/lib/python3.12/site-packages/airflow/example_dags/example_bash_operator.py for tasks to queue
[2024-06-16T08:10:35.183+0000] {logging_mixin.py:188} INFO - [2024-06-16T08:10:35.182+0000] {dagbag.py:545} INFO - Filling up the DagBag from /home/airflow/.local/lib/python3.12/site-packages/airflow/example_dags/example_bash_operator.py
[2024-06-16T08:10:35.188+0000] {processor.py:840} INFO - DAG(s) 'example_bash_operator' retrieved from /home/airflow/.local/lib/python3.12/site-packages/airflow/example_dags/example_bash_operator.py
[2024-06-16T08:10:35.201+0000] {logging_mixin.py:188} INFO - [2024-06-16T08:10:35.201+0000] {dag.py:3096} INFO - Sync 1 DAGs
[2024-06-16T08:10:35.211+0000] {logging_mixin.py:188} INFO - [2024-06-16T08:10:35.211+0000] {dag.py:3954} INFO - Setting next_dagrun for example_bash_operator to 2024-06-15 00:00:00+00:00, run_after=2024-06-16 00:00:00+00:00
[2024-06-16T08:10:35.222+0000] {processor.py:183} INFO - Processing /home/airflow/.local/lib/python3.12/site-packages/airflow/example_dags/example_bash_operator.py took 0.044 seconds
[2024-06-16T08:11:05.301+0000] {processor.py:161} INFO - Started process (PID=1053) to work on /home/airflow/.local/lib/python3.12/site-packages/airflow/example_dags/example_bash_operator.py
[2024-06-16T08:11:05.302+0000] {processor.py:830} INFO - Processing file /home/airflow/.local/lib/python3.12/site-packages/airflow/example_dags/example_bash_operator.py for tasks to queue
[2024-06-16T08:11:05.303+0000] {logging_mixin.py:188} INFO - [2024-06-16T08:11:05.303+0000] {dagbag.py:545} INFO - Filling up the DagBag from /home/airflow/.local/lib/python3.12/site-packages/airflow/example_dags/example_bash_operator.py
[2024-06-16T08:11:05.308+0000] {processor.py:840} INFO - DAG(s) 'example_bash_operator' retrieved from /home/airflow/.local/lib/python3.12/site-packages/airflow/example_dags/example_bash_operator.py
[2024-06-16T08:11:05.321+0000] {logging_mixin.py:188} INFO - [2024-06-16T08:11:05.321+0000] {dag.py:3096} INFO - Sync 1 DAGs
[2024-06-16T08:11:05.332+0000] {logging_mixin.py:188} INFO - [2024-06-16T08:11:05.332+0000] {dag.py:3954} INFO - Setting next_dagrun for example_bash_operator to 2024-06-15 00:00:00+00:00, run_after=2024-06-16 00:00:00+00:00
[2024-06-16T08:11:05.340+0000] {processor.py:183} INFO - Processing /home/airflow/.local/lib/python3.12/site-packages/airflow/example_dags/example_bash_operator.py took 0.042 seconds
[2024-06-16T08:11:36.495+0000] {processor.py:161} INFO - Started process (PID=1112) to work on /home/airflow/.local/lib/python3.12/site-packages/airflow/example_dags/example_bash_operator.py
[2024-06-16T08:11:36.496+0000] {processor.py:830} INFO - Processing file /home/airflow/.local/lib/python3.12/site-packages/airflow/example_dags/example_bash_operator.py for tasks to queue
[2024-06-16T08:11:36.497+0000] {logging_mixin.py:188} INFO - [2024-06-16T08:11:36.497+0000] {dagbag.py:545} INFO - Filling up the DagBag from /home/airflow/.local/lib/python3.12/site-packages/airflow/example_dags/example_bash_operator.py
[2024-06-16T08:11:36.506+0000] {processor.py:840} INFO - DAG(s) 'example_bash_operator' retrieved from /home/airflow/.local/lib/python3.12/site-packages/airflow/example_dags/example_bash_operator.py
[2024-06-16T08:11:36.524+0000] {logging_mixin.py:188} INFO - [2024-06-16T08:11:36.524+0000] {dag.py:3096} INFO - Sync 1 DAGs
[2024-06-16T08:11:36.538+0000] {logging_mixin.py:188} INFO - [2024-06-16T08:11:36.538+0000] {dag.py:3954} INFO - Setting next_dagrun for example_bash_operator to 2024-06-15 00:00:00+00:00, run_after=2024-06-16 00:00:00+00:00
[2024-06-16T08:11:36.559+0000] {processor.py:183} INFO - Processing /home/airflow/.local/lib/python3.12/site-packages/airflow/example_dags/example_bash_operator.py took 0.068 seconds
[2024-06-16T08:12:07.025+0000] {processor.py:161} INFO - Started process (PID=1171) to work on /home/airflow/.local/lib/python3.12/site-packages/airflow/example_dags/example_bash_operator.py
[2024-06-16T08:12:07.026+0000] {processor.py:830} INFO - Processing file /home/airflow/.local/lib/python3.12/site-packages/airflow/example_dags/example_bash_operator.py for tasks to queue
[2024-06-16T08:12:07.027+0000] {logging_mixin.py:188} INFO - [2024-06-16T08:12:07.027+0000] {dagbag.py:545} INFO - Filling up the DagBag from /home/airflow/.local/lib/python3.12/site-packages/airflow/example_dags/example_bash_operator.py
[2024-06-16T08:12:07.032+0000] {processor.py:840} INFO - DAG(s) 'example_bash_operator' retrieved from /home/airflow/.local/lib/python3.12/site-packages/airflow/example_dags/example_bash_operator.py
[2024-06-16T08:12:07.044+0000] {logging_mixin.py:188} INFO - [2024-06-16T08:12:07.044+0000] {dag.py:3096} INFO - Sync 1 DAGs
[2024-06-16T08:12:07.053+0000] {logging_mixin.py:188} INFO - [2024-06-16T08:12:07.053+0000] {dag.py:3954} INFO - Setting next_dagrun for example_bash_operator to 2024-06-15 00:00:00+00:00, run_after=2024-06-16 00:00:00+00:00
[2024-06-16T08:12:07.062+0000] {processor.py:183} INFO - Processing /home/airflow/.local/lib/python3.12/site-packages/airflow/example_dags/example_bash_operator.py took 0.039 seconds
[2024-06-16T08:12:37.174+0000] {processor.py:161} INFO - Started process (PID=1229) to work on /home/airflow/.local/lib/python3.12/site-packages/airflow/example_dags/example_bash_operator.py
[2024-06-16T08:12:37.174+0000] {processor.py:830} INFO - Processing file /home/airflow/.local/lib/python3.12/site-packages/airflow/example_dags/example_bash_operator.py for tasks to queue
[2024-06-16T08:12:37.175+0000] {logging_mixin.py:188} INFO - [2024-06-16T08:12:37.175+0000] {dagbag.py:545} INFO - Filling up the DagBag from /home/airflow/.local/lib/python3.12/site-packages/airflow/example_dags/example_bash_operator.py
[2024-06-16T08:12:37.181+0000] {processor.py:840} INFO - DAG(s) 'example_bash_operator' retrieved from /home/airflow/.local/lib/python3.12/site-packages/airflow/example_dags/example_bash_operator.py
[2024-06-16T08:12:37.193+0000] {logging_mixin.py:188} INFO - [2024-06-16T08:12:37.193+0000] {dag.py:3096} INFO - Sync 1 DAGs
[2024-06-16T08:12:37.203+0000] {logging_mixin.py:188} INFO - [2024-06-16T08:12:37.203+0000] {dag.py:3954} INFO - Setting next_dagrun for example_bash_operator to 2024-06-15 00:00:00+00:00, run_after=2024-06-16 00:00:00+00:00
[2024-06-16T08:12:37.213+0000] {processor.py:183} INFO - Processing /home/airflow/.local/lib/python3.12/site-packages/airflow/example_dags/example_bash_operator.py took 0.042 seconds
[2024-06-16T08:13:08.268+0000] {processor.py:161} INFO - Started process (PID=1288) to work on /home/airflow/.local/lib/python3.12/site-packages/airflow/example_dags/example_bash_operator.py
[2024-06-16T08:13:08.269+0000] {processor.py:830} INFO - Processing file /home/airflow/.local/lib/python3.12/site-packages/airflow/example_dags/example_bash_operator.py for tasks to queue
[2024-06-16T08:13:08.270+0000] {logging_mixin.py:188} INFO - [2024-06-16T08:13:08.270+0000] {dagbag.py:545} INFO - Filling up the DagBag from /home/airflow/.local/lib/python3.12/site-packages/airflow/example_dags/example_bash_operator.py
[2024-06-16T08:13:08.277+0000] {processor.py:840} INFO - DAG(s) 'example_bash_operator' retrieved from /home/airflow/.local/lib/python3.12/site-packages/airflow/example_dags/example_bash_operator.py
[2024-06-16T08:13:08.291+0000] {logging_mixin.py:188} INFO - [2024-06-16T08:13:08.291+0000] {dag.py:3096} INFO - Sync 1 DAGs
[2024-06-16T08:13:08.304+0000] {logging_mixin.py:188} INFO - [2024-06-16T08:13:08.304+0000] {dag.py:3954} INFO - Setting next_dagrun for example_bash_operator to 2024-06-15 00:00:00+00:00, run_after=2024-06-16 00:00:00+00:00
[2024-06-16T08:13:08.315+0000] {processor.py:183} INFO - Processing /home/airflow/.local/lib/python3.12/site-packages/airflow/example_dags/example_bash_operator.py took 0.050 seconds
[2024-06-16T08:13:38.713+0000] {processor.py:161} INFO - Started process (PID=1347) to work on /home/airflow/.local/lib/python3.12/site-packages/airflow/example_dags/example_bash_operator.py
[2024-06-16T08:13:38.714+0000] {processor.py:830} INFO - Processing file /home/airflow/.local/lib/python3.12/site-packages/airflow/example_dags/example_bash_operator.py for tasks to queue
[2024-06-16T08:13:38.715+0000] {logging_mixin.py:188} INFO - [2024-06-16T08:13:38.715+0000] {dagbag.py:545} INFO - Filling up the DagBag from /home/airflow/.local/lib/python3.12/site-packages/airflow/example_dags/example_bash_operator.py
[2024-06-16T08:13:38.721+0000] {processor.py:840} INFO - DAG(s) 'example_bash_operator' retrieved from /home/airflow/.local/lib/python3.12/site-packages/airflow/example_dags/example_bash_operator.py
[2024-06-16T08:13:38.733+0000] {logging_mixin.py:188} INFO - [2024-06-16T08:13:38.733+0000] {dag.py:3096} INFO - Sync 1 DAGs
[2024-06-16T08:13:38.743+0000] {logging_mixin.py:188} INFO - [2024-06-16T08:13:38.743+0000] {dag.py:3954} INFO - Setting next_dagrun for example_bash_operator to 2024-06-15 00:00:00+00:00, run_after=2024-06-16 00:00:00+00:00
[2024-06-16T08:13:38.752+0000] {processor.py:183} INFO - Processing /home/airflow/.local/lib/python3.12/site-packages/airflow/example_dags/example_bash_operator.py took 0.041 seconds
[2024-06-16T08:14:08.832+0000] {processor.py:161} INFO - Started process (PID=1406) to work on /home/airflow/.local/lib/python3.12/site-packages/airflow/example_dags/example_bash_operator.py
[2024-06-16T08:14:08.833+0000] {processor.py:830} INFO - Processing file /home/airflow/.local/lib/python3.12/site-packages/airflow/example_dags/example_bash_operator.py for tasks to queue
[2024-06-16T08:14:08.834+0000] {logging_mixin.py:188} INFO - [2024-06-16T08:14:08.834+0000] {dagbag.py:545} INFO - Filling up the DagBag from /home/airflow/.local/lib/python3.12/site-packages/airflow/example_dags/example_bash_operator.py
[2024-06-16T08:14:08.840+0000] {processor.py:840} INFO - DAG(s) 'example_bash_operator' retrieved from /home/airflow/.local/lib/python3.12/site-packages/airflow/example_dags/example_bash_operator.py
[2024-06-16T08:14:08.853+0000] {logging_mixin.py:188} INFO - [2024-06-16T08:14:08.853+0000] {dag.py:3096} INFO - Sync 1 DAGs
[2024-06-16T08:14:08.864+0000] {logging_mixin.py:188} INFO - [2024-06-16T08:14:08.863+0000] {dag.py:3954} INFO - Setting next_dagrun for example_bash_operator to 2024-06-15 00:00:00+00:00, run_after=2024-06-16 00:00:00+00:00
[2024-06-16T08:14:08.872+0000] {processor.py:183} INFO - Processing /home/airflow/.local/lib/python3.12/site-packages/airflow/example_dags/example_bash_operator.py took 0.043 seconds
[2024-06-16T08:14:39.045+0000] {processor.py:161} INFO - Started process (PID=1465) to work on /home/airflow/.local/lib/python3.12/site-packages/airflow/example_dags/example_bash_operator.py
[2024-06-16T08:14:39.046+0000] {processor.py:830} INFO - Processing file /home/airflow/.local/lib/python3.12/site-packages/airflow/example_dags/example_bash_operator.py for tasks to queue
[2024-06-16T08:14:39.047+0000] {logging_mixin.py:188} INFO - [2024-06-16T08:14:39.047+0000] {dagbag.py:545} INFO - Filling up the DagBag from /home/airflow/.local/lib/python3.12/site-packages/airflow/example_dags/example_bash_operator.py
[2024-06-16T08:14:39.058+0000] {processor.py:840} INFO - DAG(s) 'example_bash_operator' retrieved from /home/airflow/.local/lib/python3.12/site-packages/airflow/example_dags/example_bash_operator.py
[2024-06-16T08:14:39.074+0000] {logging_mixin.py:188} INFO - [2024-06-16T08:14:39.074+0000] {dag.py:3096} INFO - Sync 1 DAGs
[2024-06-16T08:14:39.095+0000] {logging_mixin.py:188} INFO - [2024-06-16T08:14:39.095+0000] {dag.py:3954} INFO - Setting next_dagrun for example_bash_operator to 2024-06-15 00:00:00+00:00, run_after=2024-06-16 00:00:00+00:00
[2024-06-16T08:14:39.109+0000] {processor.py:183} INFO - Processing /home/airflow/.local/lib/python3.12/site-packages/airflow/example_dags/example_bash_operator.py took 0.069 seconds
[2024-06-16T08:15:09.521+0000] {processor.py:161} INFO - Started process (PID=1524) to work on /home/airflow/.local/lib/python3.12/site-packages/airflow/example_dags/example_bash_operator.py
[2024-06-16T08:15:09.522+0000] {processor.py:830} INFO - Processing file /home/airflow/.local/lib/python3.12/site-packages/airflow/example_dags/example_bash_operator.py for tasks to queue
[2024-06-16T08:15:09.523+0000] {logging_mixin.py:188} INFO - [2024-06-16T08:15:09.523+0000] {dagbag.py:545} INFO - Filling up the DagBag from /home/airflow/.local/lib/python3.12/site-packages/airflow/example_dags/example_bash_operator.py
[2024-06-16T08:15:09.529+0000] {processor.py:840} INFO - DAG(s) 'example_bash_operator' retrieved from /home/airflow/.local/lib/python3.12/site-packages/airflow/example_dags/example_bash_operator.py
[2024-06-16T08:15:09.540+0000] {logging_mixin.py:188} INFO - [2024-06-16T08:15:09.540+0000] {dag.py:3096} INFO - Sync 1 DAGs
[2024-06-16T08:15:09.549+0000] {logging_mixin.py:188} INFO - [2024-06-16T08:15:09.549+0000] {dag.py:3954} INFO - Setting next_dagrun for example_bash_operator to 2024-06-15 00:00:00+00:00, run_after=2024-06-16 00:00:00+00:00
[2024-06-16T08:15:09.556+0000] {processor.py:183} INFO - Processing /home/airflow/.local/lib/python3.12/site-packages/airflow/example_dags/example_bash_operator.py took 0.038 seconds
[2024-06-16T08:15:39.849+0000] {processor.py:161} INFO - Started process (PID=1583) to work on /home/airflow/.local/lib/python3.12/site-packages/airflow/example_dags/example_bash_operator.py
[2024-06-16T08:15:39.849+0000] {processor.py:830} INFO - Processing file /home/airflow/.local/lib/python3.12/site-packages/airflow/example_dags/example_bash_operator.py for tasks to queue
[2024-06-16T08:15:39.850+0000] {logging_mixin.py:188} INFO - [2024-06-16T08:15:39.850+0000] {dagbag.py:545} INFO - Filling up the DagBag from /home/airflow/.local/lib/python3.12/site-packages/airflow/example_dags/example_bash_operator.py
[2024-06-16T08:15:39.856+0000] {processor.py:840} INFO - DAG(s) 'example_bash_operator' retrieved from /home/airflow/.local/lib/python3.12/site-packages/airflow/example_dags/example_bash_operator.py
[2024-06-16T08:15:39.868+0000] {logging_mixin.py:188} INFO - [2024-06-16T08:15:39.867+0000] {dag.py:3096} INFO - Sync 1 DAGs
[2024-06-16T08:15:39.877+0000] {logging_mixin.py:188} INFO - [2024-06-16T08:15:39.877+0000] {dag.py:3954} INFO - Setting next_dagrun for example_bash_operator to 2024-06-15 00:00:00+00:00, run_after=2024-06-16 00:00:00+00:00
[2024-06-16T08:15:39.885+0000] {processor.py:183} INFO - Processing /home/airflow/.local/lib/python3.12/site-packages/airflow/example_dags/example_bash_operator.py took 0.039 seconds
[2024-06-16T08:16:10.142+0000] {processor.py:161} INFO - Started process (PID=1642) to work on /home/airflow/.local/lib/python3.12/site-packages/airflow/example_dags/example_bash_operator.py
[2024-06-16T08:16:10.143+0000] {processor.py:830} INFO - Processing file /home/airflow/.local/lib/python3.12/site-packages/airflow/example_dags/example_bash_operator.py for tasks to queue
[2024-06-16T08:16:10.143+0000] {logging_mixin.py:188} INFO - [2024-06-16T08:16:10.143+0000] {dagbag.py:545} INFO - Filling up the DagBag from /home/airflow/.local/lib/python3.12/site-packages/airflow/example_dags/example_bash_operator.py
[2024-06-16T08:16:10.149+0000] {processor.py:840} INFO - DAG(s) 'example_bash_operator' retrieved from /home/airflow/.local/lib/python3.12/site-packages/airflow/example_dags/example_bash_operator.py
[2024-06-16T08:16:10.162+0000] {logging_mixin.py:188} INFO - [2024-06-16T08:16:10.161+0000] {dag.py:3096} INFO - Sync 1 DAGs
[2024-06-16T08:16:10.171+0000] {logging_mixin.py:188} INFO - [2024-06-16T08:16:10.171+0000] {dag.py:3954} INFO - Setting next_dagrun for example_bash_operator to 2024-06-15 00:00:00+00:00, run_after=2024-06-16 00:00:00+00:00
[2024-06-16T08:16:10.178+0000] {processor.py:183} INFO - Processing /home/airflow/.local/lib/python3.12/site-packages/airflow/example_dags/example_bash_operator.py took 0.039 seconds
[2024-06-16T08:16:40.368+0000] {processor.py:161} INFO - Started process (PID=1701) to work on /home/airflow/.local/lib/python3.12/site-packages/airflow/example_dags/example_bash_operator.py
[2024-06-16T08:16:40.369+0000] {processor.py:830} INFO - Processing file /home/airflow/.local/lib/python3.12/site-packages/airflow/example_dags/example_bash_operator.py for tasks to queue
[2024-06-16T08:16:40.370+0000] {logging_mixin.py:188} INFO - [2024-06-16T08:16:40.369+0000] {dagbag.py:545} INFO - Filling up the DagBag from /home/airflow/.local/lib/python3.12/site-packages/airflow/example_dags/example_bash_operator.py
[2024-06-16T08:16:40.375+0000] {processor.py:840} INFO - DAG(s) 'example_bash_operator' retrieved from /home/airflow/.local/lib/python3.12/site-packages/airflow/example_dags/example_bash_operator.py
[2024-06-16T08:16:40.387+0000] {logging_mixin.py:188} INFO - [2024-06-16T08:16:40.387+0000] {dag.py:3096} INFO - Sync 1 DAGs
[2024-06-16T08:16:40.396+0000] {logging_mixin.py:188} INFO - [2024-06-16T08:16:40.396+0000] {dag.py:3954} INFO - Setting next_dagrun for example_bash_operator to 2024-06-15 00:00:00+00:00, run_after=2024-06-16 00:00:00+00:00
[2024-06-16T08:16:40.403+0000] {processor.py:183} INFO - Processing /home/airflow/.local/lib/python3.12/site-packages/airflow/example_dags/example_bash_operator.py took 0.038 seconds
[2024-06-16T08:17:10.687+0000] {processor.py:161} INFO - Started process (PID=1760) to work on /home/airflow/.local/lib/python3.12/site-packages/airflow/example_dags/example_bash_operator.py
[2024-06-16T08:17:10.688+0000] {processor.py:830} INFO - Processing file /home/airflow/.local/lib/python3.12/site-packages/airflow/example_dags/example_bash_operator.py for tasks to queue
[2024-06-16T08:17:10.689+0000] {logging_mixin.py:188} INFO - [2024-06-16T08:17:10.689+0000] {dagbag.py:545} INFO - Filling up the DagBag from /home/airflow/.local/lib/python3.12/site-packages/airflow/example_dags/example_bash_operator.py
[2024-06-16T08:17:10.695+0000] {processor.py:840} INFO - DAG(s) 'example_bash_operator' retrieved from /home/airflow/.local/lib/python3.12/site-packages/airflow/example_dags/example_bash_operator.py
[2024-06-16T08:17:10.706+0000] {logging_mixin.py:188} INFO - [2024-06-16T08:17:10.706+0000] {dag.py:3096} INFO - Sync 1 DAGs
[2024-06-16T08:17:10.716+0000] {logging_mixin.py:188} INFO - [2024-06-16T08:17:10.716+0000] {dag.py:3954} INFO - Setting next_dagrun for example_bash_operator to 2024-06-15 00:00:00+00:00, run_after=2024-06-16 00:00:00+00:00
[2024-06-16T08:17:10.724+0000] {processor.py:183} INFO - Processing /home/airflow/.local/lib/python3.12/site-packages/airflow/example_dags/example_bash_operator.py took 0.040 seconds
[2024-06-16T08:17:40.844+0000] {processor.py:161} INFO - Started process (PID=1819) to work on /home/airflow/.local/lib/python3.12/site-packages/airflow/example_dags/example_bash_operator.py
[2024-06-16T08:17:40.845+0000] {processor.py:830} INFO - Processing file /home/airflow/.local/lib/python3.12/site-packages/airflow/example_dags/example_bash_operator.py for tasks to queue
[2024-06-16T08:17:40.846+0000] {logging_mixin.py:188} INFO - [2024-06-16T08:17:40.846+0000] {dagbag.py:545} INFO - Filling up the DagBag from /home/airflow/.local/lib/python3.12/site-packages/airflow/example_dags/example_bash_operator.py
[2024-06-16T08:17:40.854+0000] {processor.py:840} INFO - DAG(s) 'example_bash_operator' retrieved from /home/airflow/.local/lib/python3.12/site-packages/airflow/example_dags/example_bash_operator.py
[2024-06-16T08:17:40.882+0000] {logging_mixin.py:188} INFO - [2024-06-16T08:17:40.882+0000] {dag.py:3096} INFO - Sync 1 DAGs
[2024-06-16T08:17:40.916+0000] {logging_mixin.py:188} INFO - [2024-06-16T08:17:40.916+0000] {dag.py:3954} INFO - Setting next_dagrun for example_bash_operator to 2024-06-15 00:00:00+00:00, run_after=2024-06-16 00:00:00+00:00
[2024-06-16T08:17:40.932+0000] {processor.py:183} INFO - Processing /home/airflow/.local/lib/python3.12/site-packages/airflow/example_dags/example_bash_operator.py took 0.092 seconds
[2024-06-16T08:18:11.108+0000] {processor.py:161} INFO - Started process (PID=1878) to work on /home/airflow/.local/lib/python3.12/site-packages/airflow/example_dags/example_bash_operator.py
[2024-06-16T08:18:11.109+0000] {processor.py:830} INFO - Processing file /home/airflow/.local/lib/python3.12/site-packages/airflow/example_dags/example_bash_operator.py for tasks to queue
[2024-06-16T08:18:11.110+0000] {logging_mixin.py:188} INFO - [2024-06-16T08:18:11.109+0000] {dagbag.py:545} INFO - Filling up the DagBag from /home/airflow/.local/lib/python3.12/site-packages/airflow/example_dags/example_bash_operator.py
[2024-06-16T08:18:11.115+0000] {processor.py:840} INFO - DAG(s) 'example_bash_operator' retrieved from /home/airflow/.local/lib/python3.12/site-packages/airflow/example_dags/example_bash_operator.py
[2024-06-16T08:18:11.127+0000] {logging_mixin.py:188} INFO - [2024-06-16T08:18:11.127+0000] {dag.py:3096} INFO - Sync 1 DAGs
[2024-06-16T08:18:11.138+0000] {logging_mixin.py:188} INFO - [2024-06-16T08:18:11.138+0000] {dag.py:3954} INFO - Setting next_dagrun for example_bash_operator to 2024-06-15 00:00:00+00:00, run_after=2024-06-16 00:00:00+00:00
[2024-06-16T08:18:11.146+0000] {processor.py:183} INFO - Processing /home/airflow/.local/lib/python3.12/site-packages/airflow/example_dags/example_bash_operator.py took 0.041 seconds
[2024-06-16T08:18:42.030+0000] {processor.py:161} INFO - Started process (PID=1937) to work on /home/airflow/.local/lib/python3.12/site-packages/airflow/example_dags/example_bash_operator.py
[2024-06-16T08:18:42.031+0000] {processor.py:830} INFO - Processing file /home/airflow/.local/lib/python3.12/site-packages/airflow/example_dags/example_bash_operator.py for tasks to queue
[2024-06-16T08:18:42.032+0000] {logging_mixin.py:188} INFO - [2024-06-16T08:18:42.032+0000] {dagbag.py:545} INFO - Filling up the DagBag from /home/airflow/.local/lib/python3.12/site-packages/airflow/example_dags/example_bash_operator.py
[2024-06-16T08:18:42.038+0000] {processor.py:840} INFO - DAG(s) 'example_bash_operator' retrieved from /home/airflow/.local/lib/python3.12/site-packages/airflow/example_dags/example_bash_operator.py
[2024-06-16T08:18:42.050+0000] {logging_mixin.py:188} INFO - [2024-06-16T08:18:42.050+0000] {dag.py:3096} INFO - Sync 1 DAGs
[2024-06-16T08:18:42.061+0000] {logging_mixin.py:188} INFO - [2024-06-16T08:18:42.061+0000] {dag.py:3954} INFO - Setting next_dagrun for example_bash_operator to 2024-06-15 00:00:00+00:00, run_after=2024-06-16 00:00:00+00:00
[2024-06-16T08:18:42.070+0000] {processor.py:183} INFO - Processing /home/airflow/.local/lib/python3.12/site-packages/airflow/example_dags/example_bash_operator.py took 0.043 seconds
[2024-06-16T08:19:12.494+0000] {processor.py:161} INFO - Started process (PID=1996) to work on /home/airflow/.local/lib/python3.12/site-packages/airflow/example_dags/example_bash_operator.py
[2024-06-16T08:19:12.495+0000] {processor.py:830} INFO - Processing file /home/airflow/.local/lib/python3.12/site-packages/airflow/example_dags/example_bash_operator.py for tasks to queue
[2024-06-16T08:19:12.496+0000] {logging_mixin.py:188} INFO - [2024-06-16T08:19:12.496+0000] {dagbag.py:545} INFO - Filling up the DagBag from /home/airflow/.local/lib/python3.12/site-packages/airflow/example_dags/example_bash_operator.py
[2024-06-16T08:19:12.502+0000] {processor.py:840} INFO - DAG(s) 'example_bash_operator' retrieved from /home/airflow/.local/lib/python3.12/site-packages/airflow/example_dags/example_bash_operator.py
[2024-06-16T08:19:12.514+0000] {logging_mixin.py:188} INFO - [2024-06-16T08:19:12.513+0000] {dag.py:3096} INFO - Sync 1 DAGs
[2024-06-16T08:19:12.523+0000] {logging_mixin.py:188} INFO - [2024-06-16T08:19:12.523+0000] {dag.py:3954} INFO - Setting next_dagrun for example_bash_operator to 2024-06-15 00:00:00+00:00, run_after=2024-06-16 00:00:00+00:00
[2024-06-16T08:19:12.532+0000] {processor.py:183} INFO - Processing /home/airflow/.local/lib/python3.12/site-packages/airflow/example_dags/example_bash_operator.py took 0.040 seconds
[2024-06-16T08:22:04.854+0000] {processor.py:161} INFO - Started process (PID=51) to work on /home/airflow/.local/lib/python3.12/site-packages/airflow/example_dags/example_bash_operator.py
[2024-06-16T08:22:04.858+0000] {processor.py:830} INFO - Processing file /home/airflow/.local/lib/python3.12/site-packages/airflow/example_dags/example_bash_operator.py for tasks to queue
[2024-06-16T08:22:04.863+0000] {logging_mixin.py:188} INFO - [2024-06-16T08:22:04.862+0000] {dagbag.py:545} INFO - Filling up the DagBag from /home/airflow/.local/lib/python3.12/site-packages/airflow/example_dags/example_bash_operator.py
[2024-06-16T08:22:04.902+0000] {processor.py:840} INFO - DAG(s) 'example_bash_operator' retrieved from /home/airflow/.local/lib/python3.12/site-packages/airflow/example_dags/example_bash_operator.py
[2024-06-16T08:22:04.939+0000] {logging_mixin.py:188} INFO - [2024-06-16T08:22:04.938+0000] {dag.py:3096} INFO - Sync 1 DAGs
[2024-06-16T08:22:04.983+0000] {logging_mixin.py:188} INFO - [2024-06-16T08:22:04.983+0000] {dag.py:3954} INFO - Setting next_dagrun for example_bash_operator to 2024-06-15 00:00:00+00:00, run_after=2024-06-16 00:00:00+00:00
[2024-06-16T08:22:05.012+0000] {processor.py:183} INFO - Processing /home/airflow/.local/lib/python3.12/site-packages/airflow/example_dags/example_bash_operator.py took 0.165 seconds
[2024-06-16T08:22:39.927+0000] {processor.py:161} INFO - Started process (PID=110) to work on /home/airflow/.local/lib/python3.12/site-packages/airflow/example_dags/example_bash_operator.py
[2024-06-16T08:22:39.928+0000] {processor.py:830} INFO - Processing file /home/airflow/.local/lib/python3.12/site-packages/airflow/example_dags/example_bash_operator.py for tasks to queue
[2024-06-16T08:22:39.929+0000] {logging_mixin.py:188} INFO - [2024-06-16T08:22:39.929+0000] {dagbag.py:545} INFO - Filling up the DagBag from /home/airflow/.local/lib/python3.12/site-packages/airflow/example_dags/example_bash_operator.py
[2024-06-16T08:22:39.945+0000] {processor.py:840} INFO - DAG(s) 'example_bash_operator' retrieved from /home/airflow/.local/lib/python3.12/site-packages/airflow/example_dags/example_bash_operator.py
[2024-06-16T08:22:40.316+0000] {logging_mixin.py:188} INFO - [2024-06-16T08:22:40.315+0000] {dag.py:3096} INFO - Sync 1 DAGs
[2024-06-16T08:22:40.354+0000] {logging_mixin.py:188} INFO - [2024-06-16T08:22:40.353+0000] {dag.py:3954} INFO - Setting next_dagrun for example_bash_operator to 2024-06-15 00:00:00+00:00, run_after=2024-06-16 00:00:00+00:00
[2024-06-16T08:22:40.386+0000] {processor.py:183} INFO - Processing /home/airflow/.local/lib/python3.12/site-packages/airflow/example_dags/example_bash_operator.py took 0.465 seconds
[2024-06-16T08:23:11.075+0000] {processor.py:161} INFO - Started process (PID=169) to work on /home/airflow/.local/lib/python3.12/site-packages/airflow/example_dags/example_bash_operator.py
[2024-06-16T08:23:11.077+0000] {processor.py:830} INFO - Processing file /home/airflow/.local/lib/python3.12/site-packages/airflow/example_dags/example_bash_operator.py for tasks to queue
[2024-06-16T08:23:11.080+0000] {logging_mixin.py:188} INFO - [2024-06-16T08:23:11.079+0000] {dagbag.py:545} INFO - Filling up the DagBag from /home/airflow/.local/lib/python3.12/site-packages/airflow/example_dags/example_bash_operator.py
[2024-06-16T08:23:11.095+0000] {processor.py:840} INFO - DAG(s) 'example_bash_operator' retrieved from /home/airflow/.local/lib/python3.12/site-packages/airflow/example_dags/example_bash_operator.py
[2024-06-16T08:23:11.124+0000] {logging_mixin.py:188} INFO - [2024-06-16T08:23:11.124+0000] {dag.py:3096} INFO - Sync 1 DAGs
[2024-06-16T08:23:11.155+0000] {logging_mixin.py:188} INFO - [2024-06-16T08:23:11.154+0000] {dag.py:3954} INFO - Setting next_dagrun for example_bash_operator to 2024-06-15 00:00:00+00:00, run_after=2024-06-16 00:00:00+00:00
[2024-06-16T08:23:11.168+0000] {processor.py:183} INFO - Processing /home/airflow/.local/lib/python3.12/site-packages/airflow/example_dags/example_bash_operator.py took 0.101 seconds
[2024-06-16T08:25:59.978+0000] {processor.py:161} INFO - Started process (PID=50) to work on /home/airflow/.local/lib/python3.12/site-packages/airflow/example_dags/example_bash_operator.py
[2024-06-16T08:25:59.982+0000] {processor.py:830} INFO - Processing file /home/airflow/.local/lib/python3.12/site-packages/airflow/example_dags/example_bash_operator.py for tasks to queue
[2024-06-16T08:25:59.984+0000] {logging_mixin.py:188} INFO - [2024-06-16T08:25:59.984+0000] {dagbag.py:545} INFO - Filling up the DagBag from /home/airflow/.local/lib/python3.12/site-packages/airflow/example_dags/example_bash_operator.py
[2024-06-16T08:26:00.025+0000] {processor.py:840} INFO - DAG(s) 'example_bash_operator' retrieved from /home/airflow/.local/lib/python3.12/site-packages/airflow/example_dags/example_bash_operator.py
[2024-06-16T08:26:00.059+0000] {logging_mixin.py:188} INFO - [2024-06-16T08:26:00.059+0000] {dag.py:3096} INFO - Sync 1 DAGs
[2024-06-16T08:26:00.093+0000] {logging_mixin.py:188} INFO - [2024-06-16T08:26:00.092+0000] {dag.py:3954} INFO - Setting next_dagrun for example_bash_operator to 2024-06-15 00:00:00+00:00, run_after=2024-06-16 00:00:00+00:00
[2024-06-16T08:26:00.125+0000] {processor.py:183} INFO - Processing /home/airflow/.local/lib/python3.12/site-packages/airflow/example_dags/example_bash_operator.py took 0.153 seconds
[2024-06-16T08:26:31.296+0000] {processor.py:161} INFO - Started process (PID=108) to work on /home/airflow/.local/lib/python3.12/site-packages/airflow/example_dags/example_bash_operator.py
[2024-06-16T08:26:31.297+0000] {processor.py:830} INFO - Processing file /home/airflow/.local/lib/python3.12/site-packages/airflow/example_dags/example_bash_operator.py for tasks to queue
[2024-06-16T08:26:31.298+0000] {logging_mixin.py:188} INFO - [2024-06-16T08:26:31.298+0000] {dagbag.py:545} INFO - Filling up the DagBag from /home/airflow/.local/lib/python3.12/site-packages/airflow/example_dags/example_bash_operator.py
[2024-06-16T08:26:31.304+0000] {processor.py:840} INFO - DAG(s) 'example_bash_operator' retrieved from /home/airflow/.local/lib/python3.12/site-packages/airflow/example_dags/example_bash_operator.py
[2024-06-16T08:26:31.455+0000] {logging_mixin.py:188} INFO - [2024-06-16T08:26:31.455+0000] {dag.py:3096} INFO - Sync 1 DAGs
[2024-06-16T08:26:31.464+0000] {logging_mixin.py:188} INFO - [2024-06-16T08:26:31.464+0000] {dag.py:3954} INFO - Setting next_dagrun for example_bash_operator to 2024-06-15 00:00:00+00:00, run_after=2024-06-16 00:00:00+00:00
[2024-06-16T08:26:31.474+0000] {processor.py:183} INFO - Processing /home/airflow/.local/lib/python3.12/site-packages/airflow/example_dags/example_bash_operator.py took 0.181 seconds
[2024-06-16T08:27:02.450+0000] {processor.py:161} INFO - Started process (PID=167) to work on /home/airflow/.local/lib/python3.12/site-packages/airflow/example_dags/example_bash_operator.py
[2024-06-16T08:27:02.453+0000] {processor.py:830} INFO - Processing file /home/airflow/.local/lib/python3.12/site-packages/airflow/example_dags/example_bash_operator.py for tasks to queue
[2024-06-16T08:27:02.457+0000] {logging_mixin.py:188} INFO - [2024-06-16T08:27:02.456+0000] {dagbag.py:545} INFO - Filling up the DagBag from /home/airflow/.local/lib/python3.12/site-packages/airflow/example_dags/example_bash_operator.py
[2024-06-16T08:27:02.467+0000] {processor.py:840} INFO - DAG(s) 'example_bash_operator' retrieved from /home/airflow/.local/lib/python3.12/site-packages/airflow/example_dags/example_bash_operator.py
[2024-06-16T08:27:02.483+0000] {logging_mixin.py:188} INFO - [2024-06-16T08:27:02.482+0000] {dag.py:3096} INFO - Sync 1 DAGs
[2024-06-16T08:27:02.493+0000] {logging_mixin.py:188} INFO - [2024-06-16T08:27:02.493+0000] {dag.py:3954} INFO - Setting next_dagrun for example_bash_operator to 2024-06-15 00:00:00+00:00, run_after=2024-06-16 00:00:00+00:00
[2024-06-16T08:27:02.502+0000] {processor.py:183} INFO - Processing /home/airflow/.local/lib/python3.12/site-packages/airflow/example_dags/example_bash_operator.py took 0.063 seconds
[2024-06-16T08:27:32.526+0000] {processor.py:161} INFO - Started process (PID=226) to work on /home/airflow/.local/lib/python3.12/site-packages/airflow/example_dags/example_bash_operator.py
[2024-06-16T08:27:32.527+0000] {processor.py:830} INFO - Processing file /home/airflow/.local/lib/python3.12/site-packages/airflow/example_dags/example_bash_operator.py for tasks to queue
[2024-06-16T08:27:32.528+0000] {logging_mixin.py:188} INFO - [2024-06-16T08:27:32.528+0000] {dagbag.py:545} INFO - Filling up the DagBag from /home/airflow/.local/lib/python3.12/site-packages/airflow/example_dags/example_bash_operator.py
[2024-06-16T08:27:32.534+0000] {processor.py:840} INFO - DAG(s) 'example_bash_operator' retrieved from /home/airflow/.local/lib/python3.12/site-packages/airflow/example_dags/example_bash_operator.py
[2024-06-16T08:27:32.548+0000] {logging_mixin.py:188} INFO - [2024-06-16T08:27:32.548+0000] {dag.py:3096} INFO - Sync 1 DAGs
[2024-06-16T08:27:32.562+0000] {logging_mixin.py:188} INFO - [2024-06-16T08:27:32.562+0000] {dag.py:3954} INFO - Setting next_dagrun for example_bash_operator to 2024-06-15 00:00:00+00:00, run_after=2024-06-16 00:00:00+00:00
[2024-06-16T08:27:32.574+0000] {processor.py:183} INFO - Processing /home/airflow/.local/lib/python3.12/site-packages/airflow/example_dags/example_bash_operator.py took 0.050 seconds
[2024-06-16T08:28:02.909+0000] {processor.py:161} INFO - Started process (PID=285) to work on /home/airflow/.local/lib/python3.12/site-packages/airflow/example_dags/example_bash_operator.py
[2024-06-16T08:28:02.910+0000] {processor.py:830} INFO - Processing file /home/airflow/.local/lib/python3.12/site-packages/airflow/example_dags/example_bash_operator.py for tasks to queue
[2024-06-16T08:28:02.911+0000] {logging_mixin.py:188} INFO - [2024-06-16T08:28:02.911+0000] {dagbag.py:545} INFO - Filling up the DagBag from /home/airflow/.local/lib/python3.12/site-packages/airflow/example_dags/example_bash_operator.py
[2024-06-16T08:28:02.917+0000] {processor.py:840} INFO - DAG(s) 'example_bash_operator' retrieved from /home/airflow/.local/lib/python3.12/site-packages/airflow/example_dags/example_bash_operator.py
[2024-06-16T08:28:02.930+0000] {logging_mixin.py:188} INFO - [2024-06-16T08:28:02.930+0000] {dag.py:3096} INFO - Sync 1 DAGs
[2024-06-16T08:28:02.941+0000] {logging_mixin.py:188} INFO - [2024-06-16T08:28:02.941+0000] {dag.py:3954} INFO - Setting next_dagrun for example_bash_operator to 2024-06-15 00:00:00+00:00, run_after=2024-06-16 00:00:00+00:00
[2024-06-16T08:28:02.951+0000] {processor.py:183} INFO - Processing /home/airflow/.local/lib/python3.12/site-packages/airflow/example_dags/example_bash_operator.py took 0.045 seconds
[2024-06-16T08:28:33.317+0000] {processor.py:161} INFO - Started process (PID=344) to work on /home/airflow/.local/lib/python3.12/site-packages/airflow/example_dags/example_bash_operator.py
[2024-06-16T08:28:33.318+0000] {processor.py:830} INFO - Processing file /home/airflow/.local/lib/python3.12/site-packages/airflow/example_dags/example_bash_operator.py for tasks to queue
[2024-06-16T08:28:33.319+0000] {logging_mixin.py:188} INFO - [2024-06-16T08:28:33.319+0000] {dagbag.py:545} INFO - Filling up the DagBag from /home/airflow/.local/lib/python3.12/site-packages/airflow/example_dags/example_bash_operator.py
[2024-06-16T08:28:33.324+0000] {processor.py:840} INFO - DAG(s) 'example_bash_operator' retrieved from /home/airflow/.local/lib/python3.12/site-packages/airflow/example_dags/example_bash_operator.py
[2024-06-16T08:28:33.336+0000] {logging_mixin.py:188} INFO - [2024-06-16T08:28:33.336+0000] {dag.py:3096} INFO - Sync 1 DAGs
[2024-06-16T08:28:33.346+0000] {logging_mixin.py:188} INFO - [2024-06-16T08:28:33.345+0000] {dag.py:3954} INFO - Setting next_dagrun for example_bash_operator to 2024-06-15 00:00:00+00:00, run_after=2024-06-16 00:00:00+00:00
[2024-06-16T08:28:33.354+0000] {processor.py:183} INFO - Processing /home/airflow/.local/lib/python3.12/site-packages/airflow/example_dags/example_bash_operator.py took 0.039 seconds
[2024-06-16T08:29:03.581+0000] {processor.py:161} INFO - Started process (PID=403) to work on /home/airflow/.local/lib/python3.12/site-packages/airflow/example_dags/example_bash_operator.py
[2024-06-16T08:29:03.582+0000] {processor.py:830} INFO - Processing file /home/airflow/.local/lib/python3.12/site-packages/airflow/example_dags/example_bash_operator.py for tasks to queue
[2024-06-16T08:29:03.583+0000] {logging_mixin.py:188} INFO - [2024-06-16T08:29:03.583+0000] {dagbag.py:545} INFO - Filling up the DagBag from /home/airflow/.local/lib/python3.12/site-packages/airflow/example_dags/example_bash_operator.py
[2024-06-16T08:29:03.589+0000] {processor.py:840} INFO - DAG(s) 'example_bash_operator' retrieved from /home/airflow/.local/lib/python3.12/site-packages/airflow/example_dags/example_bash_operator.py
[2024-06-16T08:29:03.607+0000] {logging_mixin.py:188} INFO - [2024-06-16T08:29:03.607+0000] {dag.py:3096} INFO - Sync 1 DAGs
[2024-06-16T08:29:03.627+0000] {logging_mixin.py:188} INFO - [2024-06-16T08:29:03.626+0000] {dag.py:3954} INFO - Setting next_dagrun for example_bash_operator to 2024-06-15 00:00:00+00:00, run_after=2024-06-16 00:00:00+00:00
[2024-06-16T08:29:03.636+0000] {processor.py:183} INFO - Processing /home/airflow/.local/lib/python3.12/site-packages/airflow/example_dags/example_bash_operator.py took 0.057 seconds
[2024-06-16T08:32:54.964+0000] {processor.py:161} INFO - Started process (PID=51) to work on /home/airflow/.local/lib/python3.12/site-packages/airflow/example_dags/example_bash_operator.py
[2024-06-16T08:32:54.966+0000] {processor.py:830} INFO - Processing file /home/airflow/.local/lib/python3.12/site-packages/airflow/example_dags/example_bash_operator.py for tasks to queue
[2024-06-16T08:32:54.969+0000] {logging_mixin.py:188} INFO - [2024-06-16T08:32:54.968+0000] {dagbag.py:545} INFO - Filling up the DagBag from /home/airflow/.local/lib/python3.12/site-packages/airflow/example_dags/example_bash_operator.py
[2024-06-16T08:32:54.994+0000] {processor.py:840} INFO - DAG(s) 'example_bash_operator' retrieved from /home/airflow/.local/lib/python3.12/site-packages/airflow/example_dags/example_bash_operator.py
[2024-06-16T08:32:55.095+0000] {logging_mixin.py:188} INFO - [2024-06-16T08:32:55.091+0000] {dag.py:3096} INFO - Sync 1 DAGs
[2024-06-16T08:32:55.265+0000] {logging_mixin.py:188} INFO - [2024-06-16T08:32:55.264+0000] {dag.py:3954} INFO - Setting next_dagrun for example_bash_operator to 2024-06-15 00:00:00+00:00, run_after=2024-06-16 00:00:00+00:00
[2024-06-16T08:32:55.322+0000] {processor.py:183} INFO - Processing /home/airflow/.local/lib/python3.12/site-packages/airflow/example_dags/example_bash_operator.py took 0.361 seconds
[2024-06-16T08:33:26.117+0000] {processor.py:161} INFO - Started process (PID=109) to work on /home/airflow/.local/lib/python3.12/site-packages/airflow/example_dags/example_bash_operator.py
[2024-06-16T08:33:26.118+0000] {processor.py:830} INFO - Processing file /home/airflow/.local/lib/python3.12/site-packages/airflow/example_dags/example_bash_operator.py for tasks to queue
[2024-06-16T08:33:26.120+0000] {logging_mixin.py:188} INFO - [2024-06-16T08:33:26.120+0000] {dagbag.py:545} INFO - Filling up the DagBag from /home/airflow/.local/lib/python3.12/site-packages/airflow/example_dags/example_bash_operator.py
[2024-06-16T08:33:26.127+0000] {processor.py:840} INFO - DAG(s) 'example_bash_operator' retrieved from /home/airflow/.local/lib/python3.12/site-packages/airflow/example_dags/example_bash_operator.py
[2024-06-16T08:33:26.370+0000] {logging_mixin.py:188} INFO - [2024-06-16T08:33:26.369+0000] {dag.py:3096} INFO - Sync 1 DAGs
[2024-06-16T08:33:26.387+0000] {logging_mixin.py:188} INFO - [2024-06-16T08:33:26.387+0000] {dag.py:3954} INFO - Setting next_dagrun for example_bash_operator to 2024-06-15 00:00:00+00:00, run_after=2024-06-16 00:00:00+00:00
[2024-06-16T08:33:26.403+0000] {processor.py:183} INFO - Processing /home/airflow/.local/lib/python3.12/site-packages/airflow/example_dags/example_bash_operator.py took 0.292 seconds
[2024-06-16T08:33:56.721+0000] {processor.py:161} INFO - Started process (PID=168) to work on /home/airflow/.local/lib/python3.12/site-packages/airflow/example_dags/example_bash_operator.py
[2024-06-16T08:33:56.723+0000] {processor.py:830} INFO - Processing file /home/airflow/.local/lib/python3.12/site-packages/airflow/example_dags/example_bash_operator.py for tasks to queue
[2024-06-16T08:33:56.724+0000] {logging_mixin.py:188} INFO - [2024-06-16T08:33:56.724+0000] {dagbag.py:545} INFO - Filling up the DagBag from /home/airflow/.local/lib/python3.12/site-packages/airflow/example_dags/example_bash_operator.py
[2024-06-16T08:33:56.730+0000] {processor.py:840} INFO - DAG(s) 'example_bash_operator' retrieved from /home/airflow/.local/lib/python3.12/site-packages/airflow/example_dags/example_bash_operator.py
[2024-06-16T08:33:56.744+0000] {logging_mixin.py:188} INFO - [2024-06-16T08:33:56.744+0000] {dag.py:3096} INFO - Sync 1 DAGs
[2024-06-16T08:33:56.756+0000] {logging_mixin.py:188} INFO - [2024-06-16T08:33:56.756+0000] {dag.py:3954} INFO - Setting next_dagrun for example_bash_operator to 2024-06-15 00:00:00+00:00, run_after=2024-06-16 00:00:00+00:00
[2024-06-16T08:33:56.765+0000] {processor.py:183} INFO - Processing /home/airflow/.local/lib/python3.12/site-packages/airflow/example_dags/example_bash_operator.py took 0.047 seconds
[2024-06-16T08:34:27.223+0000] {processor.py:161} INFO - Started process (PID=227) to work on /home/airflow/.local/lib/python3.12/site-packages/airflow/example_dags/example_bash_operator.py
[2024-06-16T08:34:27.224+0000] {processor.py:830} INFO - Processing file /home/airflow/.local/lib/python3.12/site-packages/airflow/example_dags/example_bash_operator.py for tasks to queue
[2024-06-16T08:34:27.225+0000] {logging_mixin.py:188} INFO - [2024-06-16T08:34:27.225+0000] {dagbag.py:545} INFO - Filling up the DagBag from /home/airflow/.local/lib/python3.12/site-packages/airflow/example_dags/example_bash_operator.py
[2024-06-16T08:34:27.230+0000] {processor.py:840} INFO - DAG(s) 'example_bash_operator' retrieved from /home/airflow/.local/lib/python3.12/site-packages/airflow/example_dags/example_bash_operator.py
[2024-06-16T08:34:27.242+0000] {logging_mixin.py:188} INFO - [2024-06-16T08:34:27.242+0000] {dag.py:3096} INFO - Sync 1 DAGs
[2024-06-16T08:34:27.252+0000] {logging_mixin.py:188} INFO - [2024-06-16T08:34:27.252+0000] {dag.py:3954} INFO - Setting next_dagrun for example_bash_operator to 2024-06-15 00:00:00+00:00, run_after=2024-06-16 00:00:00+00:00
[2024-06-16T08:34:27.261+0000] {processor.py:183} INFO - Processing /home/airflow/.local/lib/python3.12/site-packages/airflow/example_dags/example_bash_operator.py took 0.040 seconds
[2024-06-16T08:35:23.548+0000] {processor.py:161} INFO - Started process (PID=51) to work on /home/airflow/.local/lib/python3.12/site-packages/airflow/example_dags/example_bash_operator.py
[2024-06-16T08:35:23.551+0000] {processor.py:830} INFO - Processing file /home/airflow/.local/lib/python3.12/site-packages/airflow/example_dags/example_bash_operator.py for tasks to queue
[2024-06-16T08:35:23.553+0000] {logging_mixin.py:188} INFO - [2024-06-16T08:35:23.552+0000] {dagbag.py:545} INFO - Filling up the DagBag from /home/airflow/.local/lib/python3.12/site-packages/airflow/example_dags/example_bash_operator.py
[2024-06-16T08:35:23.564+0000] {processor.py:840} INFO - DAG(s) 'example_bash_operator' retrieved from /home/airflow/.local/lib/python3.12/site-packages/airflow/example_dags/example_bash_operator.py
[2024-06-16T08:35:23.576+0000] {logging_mixin.py:188} INFO - [2024-06-16T08:35:23.576+0000] {dag.py:3096} INFO - Sync 1 DAGs
[2024-06-16T08:35:23.604+0000] {logging_mixin.py:188} INFO - [2024-06-16T08:35:23.603+0000] {dag.py:3954} INFO - Setting next_dagrun for example_bash_operator to 2024-06-15 00:00:00+00:00, run_after=2024-06-16 00:00:00+00:00
[2024-06-16T08:35:23.636+0000] {processor.py:183} INFO - Processing /home/airflow/.local/lib/python3.12/site-packages/airflow/example_dags/example_bash_operator.py took 0.092 seconds
[2024-06-16T08:35:54.977+0000] {processor.py:161} INFO - Started process (PID=109) to work on /home/airflow/.local/lib/python3.12/site-packages/airflow/example_dags/example_bash_operator.py
[2024-06-16T08:35:54.978+0000] {processor.py:830} INFO - Processing file /home/airflow/.local/lib/python3.12/site-packages/airflow/example_dags/example_bash_operator.py for tasks to queue
[2024-06-16T08:35:54.979+0000] {logging_mixin.py:188} INFO - [2024-06-16T08:35:54.979+0000] {dagbag.py:545} INFO - Filling up the DagBag from /home/airflow/.local/lib/python3.12/site-packages/airflow/example_dags/example_bash_operator.py
[2024-06-16T08:35:54.986+0000] {processor.py:840} INFO - DAG(s) 'example_bash_operator' retrieved from /home/airflow/.local/lib/python3.12/site-packages/airflow/example_dags/example_bash_operator.py
[2024-06-16T08:35:55.119+0000] {logging_mixin.py:188} INFO - [2024-06-16T08:35:55.118+0000] {dag.py:3096} INFO - Sync 1 DAGs
[2024-06-16T08:35:55.130+0000] {logging_mixin.py:188} INFO - [2024-06-16T08:35:55.129+0000] {dag.py:3954} INFO - Setting next_dagrun for example_bash_operator to 2024-06-15 00:00:00+00:00, run_after=2024-06-16 00:00:00+00:00
[2024-06-16T08:35:55.141+0000] {processor.py:183} INFO - Processing /home/airflow/.local/lib/python3.12/site-packages/airflow/example_dags/example_bash_operator.py took 0.167 seconds
[2024-06-16T08:36:25.256+0000] {processor.py:161} INFO - Started process (PID=168) to work on /home/airflow/.local/lib/python3.12/site-packages/airflow/example_dags/example_bash_operator.py
[2024-06-16T08:36:25.256+0000] {processor.py:830} INFO - Processing file /home/airflow/.local/lib/python3.12/site-packages/airflow/example_dags/example_bash_operator.py for tasks to queue
[2024-06-16T08:36:25.257+0000] {logging_mixin.py:188} INFO - [2024-06-16T08:36:25.257+0000] {dagbag.py:545} INFO - Filling up the DagBag from /home/airflow/.local/lib/python3.12/site-packages/airflow/example_dags/example_bash_operator.py
[2024-06-16T08:36:25.263+0000] {processor.py:840} INFO - DAG(s) 'example_bash_operator' retrieved from /home/airflow/.local/lib/python3.12/site-packages/airflow/example_dags/example_bash_operator.py
[2024-06-16T08:36:25.275+0000] {logging_mixin.py:188} INFO - [2024-06-16T08:36:25.275+0000] {dag.py:3096} INFO - Sync 1 DAGs
[2024-06-16T08:36:25.286+0000] {logging_mixin.py:188} INFO - [2024-06-16T08:36:25.286+0000] {dag.py:3954} INFO - Setting next_dagrun for example_bash_operator to 2024-06-15 00:00:00+00:00, run_after=2024-06-16 00:00:00+00:00
[2024-06-16T08:36:25.295+0000] {processor.py:183} INFO - Processing /home/airflow/.local/lib/python3.12/site-packages/airflow/example_dags/example_bash_operator.py took 0.042 seconds
[2024-06-16T08:36:56.420+0000] {processor.py:161} INFO - Started process (PID=227) to work on /home/airflow/.local/lib/python3.12/site-packages/airflow/example_dags/example_bash_operator.py
[2024-06-16T08:36:56.421+0000] {processor.py:830} INFO - Processing file /home/airflow/.local/lib/python3.12/site-packages/airflow/example_dags/example_bash_operator.py for tasks to queue
[2024-06-16T08:36:56.424+0000] {logging_mixin.py:188} INFO - [2024-06-16T08:36:56.423+0000] {dagbag.py:545} INFO - Filling up the DagBag from /home/airflow/.local/lib/python3.12/site-packages/airflow/example_dags/example_bash_operator.py
[2024-06-16T08:36:56.432+0000] {processor.py:840} INFO - DAG(s) 'example_bash_operator' retrieved from /home/airflow/.local/lib/python3.12/site-packages/airflow/example_dags/example_bash_operator.py
[2024-06-16T08:36:56.551+0000] {logging_mixin.py:188} INFO - [2024-06-16T08:36:56.551+0000] {dag.py:3096} INFO - Sync 1 DAGs
[2024-06-16T08:36:56.561+0000] {logging_mixin.py:188} INFO - [2024-06-16T08:36:56.561+0000] {dag.py:3954} INFO - Setting next_dagrun for example_bash_operator to 2024-06-15 00:00:00+00:00, run_after=2024-06-16 00:00:00+00:00
[2024-06-16T08:36:56.570+0000] {processor.py:183} INFO - Processing /home/airflow/.local/lib/python3.12/site-packages/airflow/example_dags/example_bash_operator.py took 0.162 seconds
[2024-06-16T08:37:26.807+0000] {processor.py:161} INFO - Started process (PID=286) to work on /home/airflow/.local/lib/python3.12/site-packages/airflow/example_dags/example_bash_operator.py
[2024-06-16T08:37:26.808+0000] {processor.py:830} INFO - Processing file /home/airflow/.local/lib/python3.12/site-packages/airflow/example_dags/example_bash_operator.py for tasks to queue
[2024-06-16T08:37:26.809+0000] {logging_mixin.py:188} INFO - [2024-06-16T08:37:26.809+0000] {dagbag.py:545} INFO - Filling up the DagBag from /home/airflow/.local/lib/python3.12/site-packages/airflow/example_dags/example_bash_operator.py
[2024-06-16T08:37:26.815+0000] {processor.py:840} INFO - DAG(s) 'example_bash_operator' retrieved from /home/airflow/.local/lib/python3.12/site-packages/airflow/example_dags/example_bash_operator.py
[2024-06-16T08:37:26.828+0000] {logging_mixin.py:188} INFO - [2024-06-16T08:37:26.827+0000] {dag.py:3096} INFO - Sync 1 DAGs
[2024-06-16T08:37:26.839+0000] {logging_mixin.py:188} INFO - [2024-06-16T08:37:26.839+0000] {dag.py:3954} INFO - Setting next_dagrun for example_bash_operator to 2024-06-15 00:00:00+00:00, run_after=2024-06-16 00:00:00+00:00
[2024-06-16T08:37:26.847+0000] {processor.py:183} INFO - Processing /home/airflow/.local/lib/python3.12/site-packages/airflow/example_dags/example_bash_operator.py took 0.044 seconds
