[2024-06-16T07:55:02.479+0000] {processor.py:161} INFO - Started process (PID=56) to work on /home/airflow/.local/lib/python3.12/site-packages/airflow/example_dags/example_branch_labels.py
[2024-06-16T07:55:02.481+0000] {processor.py:830} INFO - Processing file /home/airflow/.local/lib/python3.12/site-packages/airflow/example_dags/example_branch_labels.py for tasks to queue
[2024-06-16T07:55:02.483+0000] {logging_mixin.py:188} INFO - [2024-06-16T07:55:02.482+0000] {dagbag.py:545} INFO - Filling up the DagBag from /home/airflow/.local/lib/python3.12/site-packages/airflow/example_dags/example_branch_labels.py
[2024-06-16T07:55:02.489+0000] {processor.py:840} INFO - DAG(s) 'example_branch_labels' retrieved from /home/airflow/.local/lib/python3.12/site-packages/airflow/example_dags/example_branch_labels.py
[2024-06-16T07:55:02.511+0000] {logging_mixin.py:188} INFO - [2024-06-16T07:55:02.510+0000] {dag.py:3096} INFO - Sync 1 DAGs
[2024-06-16T07:55:02.538+0000] {logging_mixin.py:188} INFO - [2024-06-16T07:55:02.537+0000] {dag.py:3954} INFO - Setting next_dagrun for example_branch_labels to 2024-06-15 00:00:00+00:00, run_after=2024-06-16 00:00:00+00:00
[2024-06-16T07:55:02.564+0000] {processor.py:183} INFO - Processing /home/airflow/.local/lib/python3.12/site-packages/airflow/example_dags/example_branch_labels.py took 0.091 seconds
[2024-06-16T07:55:34.052+0000] {processor.py:161} INFO - Started process (PID=114) to work on /home/airflow/.local/lib/python3.12/site-packages/airflow/example_dags/example_branch_labels.py
[2024-06-16T07:55:34.054+0000] {processor.py:830} INFO - Processing file /home/airflow/.local/lib/python3.12/site-packages/airflow/example_dags/example_branch_labels.py for tasks to queue
[2024-06-16T07:55:34.055+0000] {logging_mixin.py:188} INFO - [2024-06-16T07:55:34.055+0000] {dagbag.py:545} INFO - Filling up the DagBag from /home/airflow/.local/lib/python3.12/site-packages/airflow/example_dags/example_branch_labels.py
[2024-06-16T07:55:34.061+0000] {processor.py:840} INFO - DAG(s) 'example_branch_labels' retrieved from /home/airflow/.local/lib/python3.12/site-packages/airflow/example_dags/example_branch_labels.py
[2024-06-16T07:55:34.119+0000] {logging_mixin.py:188} INFO - [2024-06-16T07:55:34.118+0000] {dag.py:3096} INFO - Sync 1 DAGs
[2024-06-16T07:55:34.138+0000] {logging_mixin.py:188} INFO - [2024-06-16T07:55:34.138+0000] {dag.py:3954} INFO - Setting next_dagrun for example_branch_labels to 2024-06-15 00:00:00+00:00, run_after=2024-06-16 00:00:00+00:00
[2024-06-16T07:55:34.413+0000] {processor.py:183} INFO - Processing /home/airflow/.local/lib/python3.12/site-packages/airflow/example_dags/example_branch_labels.py took 0.365 seconds
[2024-06-16T07:56:04.973+0000] {processor.py:161} INFO - Started process (PID=173) to work on /home/airflow/.local/lib/python3.12/site-packages/airflow/example_dags/example_branch_labels.py
[2024-06-16T07:56:04.974+0000] {processor.py:830} INFO - Processing file /home/airflow/.local/lib/python3.12/site-packages/airflow/example_dags/example_branch_labels.py for tasks to queue
[2024-06-16T07:56:04.975+0000] {logging_mixin.py:188} INFO - [2024-06-16T07:56:04.975+0000] {dagbag.py:545} INFO - Filling up the DagBag from /home/airflow/.local/lib/python3.12/site-packages/airflow/example_dags/example_branch_labels.py
[2024-06-16T07:56:04.979+0000] {processor.py:840} INFO - DAG(s) 'example_branch_labels' retrieved from /home/airflow/.local/lib/python3.12/site-packages/airflow/example_dags/example_branch_labels.py
[2024-06-16T07:56:04.992+0000] {logging_mixin.py:188} INFO - [2024-06-16T07:56:04.992+0000] {dag.py:3096} INFO - Sync 1 DAGs
[2024-06-16T07:56:05.005+0000] {logging_mixin.py:188} INFO - [2024-06-16T07:56:05.005+0000] {dag.py:3954} INFO - Setting next_dagrun for example_branch_labels to 2024-06-15 00:00:00+00:00, run_after=2024-06-16 00:00:00+00:00
[2024-06-16T07:56:05.014+0000] {processor.py:183} INFO - Processing /home/airflow/.local/lib/python3.12/site-packages/airflow/example_dags/example_branch_labels.py took 0.044 seconds
[2024-06-16T07:56:35.753+0000] {processor.py:161} INFO - Started process (PID=232) to work on /home/airflow/.local/lib/python3.12/site-packages/airflow/example_dags/example_branch_labels.py
[2024-06-16T07:56:35.754+0000] {processor.py:830} INFO - Processing file /home/airflow/.local/lib/python3.12/site-packages/airflow/example_dags/example_branch_labels.py for tasks to queue
[2024-06-16T07:56:35.755+0000] {logging_mixin.py:188} INFO - [2024-06-16T07:56:35.755+0000] {dagbag.py:545} INFO - Filling up the DagBag from /home/airflow/.local/lib/python3.12/site-packages/airflow/example_dags/example_branch_labels.py
[2024-06-16T07:56:35.759+0000] {processor.py:840} INFO - DAG(s) 'example_branch_labels' retrieved from /home/airflow/.local/lib/python3.12/site-packages/airflow/example_dags/example_branch_labels.py
[2024-06-16T07:56:35.770+0000] {logging_mixin.py:188} INFO - [2024-06-16T07:56:35.770+0000] {dag.py:3096} INFO - Sync 1 DAGs
[2024-06-16T07:56:35.780+0000] {logging_mixin.py:188} INFO - [2024-06-16T07:56:35.780+0000] {dag.py:3954} INFO - Setting next_dagrun for example_branch_labels to 2024-06-15 00:00:00+00:00, run_after=2024-06-16 00:00:00+00:00
[2024-06-16T07:56:35.790+0000] {processor.py:183} INFO - Processing /home/airflow/.local/lib/python3.12/site-packages/airflow/example_dags/example_branch_labels.py took 0.040 seconds
[2024-06-16T07:57:06.443+0000] {processor.py:161} INFO - Started process (PID=291) to work on /home/airflow/.local/lib/python3.12/site-packages/airflow/example_dags/example_branch_labels.py
[2024-06-16T07:57:06.444+0000] {processor.py:830} INFO - Processing file /home/airflow/.local/lib/python3.12/site-packages/airflow/example_dags/example_branch_labels.py for tasks to queue
[2024-06-16T07:57:06.445+0000] {logging_mixin.py:188} INFO - [2024-06-16T07:57:06.444+0000] {dagbag.py:545} INFO - Filling up the DagBag from /home/airflow/.local/lib/python3.12/site-packages/airflow/example_dags/example_branch_labels.py
[2024-06-16T07:57:06.449+0000] {processor.py:840} INFO - DAG(s) 'example_branch_labels' retrieved from /home/airflow/.local/lib/python3.12/site-packages/airflow/example_dags/example_branch_labels.py
[2024-06-16T07:57:06.461+0000] {logging_mixin.py:188} INFO - [2024-06-16T07:57:06.461+0000] {dag.py:3096} INFO - Sync 1 DAGs
[2024-06-16T07:57:06.473+0000] {logging_mixin.py:188} INFO - [2024-06-16T07:57:06.473+0000] {dag.py:3954} INFO - Setting next_dagrun for example_branch_labels to 2024-06-15 00:00:00+00:00, run_after=2024-06-16 00:00:00+00:00
[2024-06-16T07:57:06.484+0000] {processor.py:183} INFO - Processing /home/airflow/.local/lib/python3.12/site-packages/airflow/example_dags/example_branch_labels.py took 0.044 seconds
[2024-06-16T07:57:36.547+0000] {processor.py:161} INFO - Started process (PID=350) to work on /home/airflow/.local/lib/python3.12/site-packages/airflow/example_dags/example_branch_labels.py
[2024-06-16T07:57:36.550+0000] {processor.py:830} INFO - Processing file /home/airflow/.local/lib/python3.12/site-packages/airflow/example_dags/example_branch_labels.py for tasks to queue
[2024-06-16T07:57:36.552+0000] {logging_mixin.py:188} INFO - [2024-06-16T07:57:36.552+0000] {dagbag.py:545} INFO - Filling up the DagBag from /home/airflow/.local/lib/python3.12/site-packages/airflow/example_dags/example_branch_labels.py
[2024-06-16T07:57:36.559+0000] {processor.py:840} INFO - DAG(s) 'example_branch_labels' retrieved from /home/airflow/.local/lib/python3.12/site-packages/airflow/example_dags/example_branch_labels.py
[2024-06-16T07:57:36.574+0000] {logging_mixin.py:188} INFO - [2024-06-16T07:57:36.574+0000] {dag.py:3096} INFO - Sync 1 DAGs
[2024-06-16T07:57:36.587+0000] {logging_mixin.py:188} INFO - [2024-06-16T07:57:36.586+0000] {dag.py:3954} INFO - Setting next_dagrun for example_branch_labels to 2024-06-15 00:00:00+00:00, run_after=2024-06-16 00:00:00+00:00
[2024-06-16T07:57:36.595+0000] {processor.py:183} INFO - Processing /home/airflow/.local/lib/python3.12/site-packages/airflow/example_dags/example_branch_labels.py took 0.052 seconds
[2024-06-16T07:58:06.671+0000] {processor.py:161} INFO - Started process (PID=409) to work on /home/airflow/.local/lib/python3.12/site-packages/airflow/example_dags/example_branch_labels.py
[2024-06-16T07:58:06.672+0000] {processor.py:830} INFO - Processing file /home/airflow/.local/lib/python3.12/site-packages/airflow/example_dags/example_branch_labels.py for tasks to queue
[2024-06-16T07:58:06.673+0000] {logging_mixin.py:188} INFO - [2024-06-16T07:58:06.673+0000] {dagbag.py:545} INFO - Filling up the DagBag from /home/airflow/.local/lib/python3.12/site-packages/airflow/example_dags/example_branch_labels.py
[2024-06-16T07:58:06.677+0000] {processor.py:840} INFO - DAG(s) 'example_branch_labels' retrieved from /home/airflow/.local/lib/python3.12/site-packages/airflow/example_dags/example_branch_labels.py
[2024-06-16T07:58:06.690+0000] {logging_mixin.py:188} INFO - [2024-06-16T07:58:06.690+0000] {dag.py:3096} INFO - Sync 1 DAGs
[2024-06-16T07:58:06.702+0000] {logging_mixin.py:188} INFO - [2024-06-16T07:58:06.702+0000] {dag.py:3954} INFO - Setting next_dagrun for example_branch_labels to 2024-06-15 00:00:00+00:00, run_after=2024-06-16 00:00:00+00:00
[2024-06-16T07:58:06.711+0000] {processor.py:183} INFO - Processing /home/airflow/.local/lib/python3.12/site-packages/airflow/example_dags/example_branch_labels.py took 0.043 seconds
[2024-06-16T07:58:37.506+0000] {processor.py:161} INFO - Started process (PID=468) to work on /home/airflow/.local/lib/python3.12/site-packages/airflow/example_dags/example_branch_labels.py
[2024-06-16T07:58:37.507+0000] {processor.py:830} INFO - Processing file /home/airflow/.local/lib/python3.12/site-packages/airflow/example_dags/example_branch_labels.py for tasks to queue
[2024-06-16T07:58:37.508+0000] {logging_mixin.py:188} INFO - [2024-06-16T07:58:37.508+0000] {dagbag.py:545} INFO - Filling up the DagBag from /home/airflow/.local/lib/python3.12/site-packages/airflow/example_dags/example_branch_labels.py
[2024-06-16T07:58:37.512+0000] {processor.py:840} INFO - DAG(s) 'example_branch_labels' retrieved from /home/airflow/.local/lib/python3.12/site-packages/airflow/example_dags/example_branch_labels.py
[2024-06-16T07:58:37.523+0000] {logging_mixin.py:188} INFO - [2024-06-16T07:58:37.522+0000] {dag.py:3096} INFO - Sync 1 DAGs
[2024-06-16T07:58:37.533+0000] {logging_mixin.py:188} INFO - [2024-06-16T07:58:37.532+0000] {dag.py:3954} INFO - Setting next_dagrun for example_branch_labels to 2024-06-15 00:00:00+00:00, run_after=2024-06-16 00:00:00+00:00
[2024-06-16T07:58:37.541+0000] {processor.py:183} INFO - Processing /home/airflow/.local/lib/python3.12/site-packages/airflow/example_dags/example_branch_labels.py took 0.038 seconds
[2024-06-16T07:59:07.840+0000] {processor.py:161} INFO - Started process (PID=527) to work on /home/airflow/.local/lib/python3.12/site-packages/airflow/example_dags/example_branch_labels.py
[2024-06-16T07:59:07.841+0000] {processor.py:830} INFO - Processing file /home/airflow/.local/lib/python3.12/site-packages/airflow/example_dags/example_branch_labels.py for tasks to queue
[2024-06-16T07:59:07.842+0000] {logging_mixin.py:188} INFO - [2024-06-16T07:59:07.842+0000] {dagbag.py:545} INFO - Filling up the DagBag from /home/airflow/.local/lib/python3.12/site-packages/airflow/example_dags/example_branch_labels.py
[2024-06-16T07:59:07.846+0000] {processor.py:840} INFO - DAG(s) 'example_branch_labels' retrieved from /home/airflow/.local/lib/python3.12/site-packages/airflow/example_dags/example_branch_labels.py
[2024-06-16T07:59:07.857+0000] {logging_mixin.py:188} INFO - [2024-06-16T07:59:07.857+0000] {dag.py:3096} INFO - Sync 1 DAGs
[2024-06-16T07:59:07.868+0000] {logging_mixin.py:188} INFO - [2024-06-16T07:59:07.868+0000] {dag.py:3954} INFO - Setting next_dagrun for example_branch_labels to 2024-06-15 00:00:00+00:00, run_after=2024-06-16 00:00:00+00:00
[2024-06-16T07:59:07.876+0000] {processor.py:183} INFO - Processing /home/airflow/.local/lib/python3.12/site-packages/airflow/example_dags/example_branch_labels.py took 0.039 seconds
[2024-06-16T07:59:38.254+0000] {processor.py:161} INFO - Started process (PID=587) to work on /home/airflow/.local/lib/python3.12/site-packages/airflow/example_dags/example_branch_labels.py
[2024-06-16T07:59:38.255+0000] {processor.py:830} INFO - Processing file /home/airflow/.local/lib/python3.12/site-packages/airflow/example_dags/example_branch_labels.py for tasks to queue
[2024-06-16T07:59:38.256+0000] {logging_mixin.py:188} INFO - [2024-06-16T07:59:38.256+0000] {dagbag.py:545} INFO - Filling up the DagBag from /home/airflow/.local/lib/python3.12/site-packages/airflow/example_dags/example_branch_labels.py
[2024-06-16T07:59:38.261+0000] {processor.py:840} INFO - DAG(s) 'example_branch_labels' retrieved from /home/airflow/.local/lib/python3.12/site-packages/airflow/example_dags/example_branch_labels.py
[2024-06-16T07:59:38.277+0000] {logging_mixin.py:188} INFO - [2024-06-16T07:59:38.277+0000] {dag.py:3096} INFO - Sync 1 DAGs
[2024-06-16T07:59:38.294+0000] {logging_mixin.py:188} INFO - [2024-06-16T07:59:38.293+0000] {dag.py:3954} INFO - Setting next_dagrun for example_branch_labels to 2024-06-15 00:00:00+00:00, run_after=2024-06-16 00:00:00+00:00
[2024-06-16T07:59:38.305+0000] {processor.py:183} INFO - Processing /home/airflow/.local/lib/python3.12/site-packages/airflow/example_dags/example_branch_labels.py took 0.054 seconds
[2024-06-16T08:00:08.463+0000] {processor.py:161} INFO - Started process (PID=646) to work on /home/airflow/.local/lib/python3.12/site-packages/airflow/example_dags/example_branch_labels.py
[2024-06-16T08:00:08.464+0000] {processor.py:830} INFO - Processing file /home/airflow/.local/lib/python3.12/site-packages/airflow/example_dags/example_branch_labels.py for tasks to queue
[2024-06-16T08:00:08.464+0000] {logging_mixin.py:188} INFO - [2024-06-16T08:00:08.464+0000] {dagbag.py:545} INFO - Filling up the DagBag from /home/airflow/.local/lib/python3.12/site-packages/airflow/example_dags/example_branch_labels.py
[2024-06-16T08:00:08.469+0000] {processor.py:840} INFO - DAG(s) 'example_branch_labels' retrieved from /home/airflow/.local/lib/python3.12/site-packages/airflow/example_dags/example_branch_labels.py
[2024-06-16T08:00:08.479+0000] {logging_mixin.py:188} INFO - [2024-06-16T08:00:08.479+0000] {dag.py:3096} INFO - Sync 1 DAGs
[2024-06-16T08:00:08.489+0000] {logging_mixin.py:188} INFO - [2024-06-16T08:00:08.488+0000] {dag.py:3954} INFO - Setting next_dagrun for example_branch_labels to 2024-06-15 00:00:00+00:00, run_after=2024-06-16 00:00:00+00:00
[2024-06-16T08:00:08.497+0000] {processor.py:183} INFO - Processing /home/airflow/.local/lib/python3.12/site-packages/airflow/example_dags/example_branch_labels.py took 0.036 seconds
[2024-06-16T08:00:38.743+0000] {processor.py:161} INFO - Started process (PID=705) to work on /home/airflow/.local/lib/python3.12/site-packages/airflow/example_dags/example_branch_labels.py
[2024-06-16T08:00:38.744+0000] {processor.py:830} INFO - Processing file /home/airflow/.local/lib/python3.12/site-packages/airflow/example_dags/example_branch_labels.py for tasks to queue
[2024-06-16T08:00:38.745+0000] {logging_mixin.py:188} INFO - [2024-06-16T08:00:38.744+0000] {dagbag.py:545} INFO - Filling up the DagBag from /home/airflow/.local/lib/python3.12/site-packages/airflow/example_dags/example_branch_labels.py
[2024-06-16T08:00:38.749+0000] {processor.py:840} INFO - DAG(s) 'example_branch_labels' retrieved from /home/airflow/.local/lib/python3.12/site-packages/airflow/example_dags/example_branch_labels.py
[2024-06-16T08:00:38.760+0000] {logging_mixin.py:188} INFO - [2024-06-16T08:00:38.759+0000] {dag.py:3096} INFO - Sync 1 DAGs
[2024-06-16T08:00:38.771+0000] {logging_mixin.py:188} INFO - [2024-06-16T08:00:38.771+0000] {dag.py:3954} INFO - Setting next_dagrun for example_branch_labels to 2024-06-15 00:00:00+00:00, run_after=2024-06-16 00:00:00+00:00
[2024-06-16T08:00:38.779+0000] {processor.py:183} INFO - Processing /home/airflow/.local/lib/python3.12/site-packages/airflow/example_dags/example_branch_labels.py took 0.039 seconds
[2024-06-16T08:01:09.159+0000] {processor.py:161} INFO - Started process (PID=764) to work on /home/airflow/.local/lib/python3.12/site-packages/airflow/example_dags/example_branch_labels.py
[2024-06-16T08:01:09.160+0000] {processor.py:830} INFO - Processing file /home/airflow/.local/lib/python3.12/site-packages/airflow/example_dags/example_branch_labels.py for tasks to queue
[2024-06-16T08:01:09.161+0000] {logging_mixin.py:188} INFO - [2024-06-16T08:01:09.161+0000] {dagbag.py:545} INFO - Filling up the DagBag from /home/airflow/.local/lib/python3.12/site-packages/airflow/example_dags/example_branch_labels.py
[2024-06-16T08:01:09.165+0000] {processor.py:840} INFO - DAG(s) 'example_branch_labels' retrieved from /home/airflow/.local/lib/python3.12/site-packages/airflow/example_dags/example_branch_labels.py
[2024-06-16T08:01:09.175+0000] {logging_mixin.py:188} INFO - [2024-06-16T08:01:09.175+0000] {dag.py:3096} INFO - Sync 1 DAGs
[2024-06-16T08:01:09.185+0000] {logging_mixin.py:188} INFO - [2024-06-16T08:01:09.185+0000] {dag.py:3954} INFO - Setting next_dagrun for example_branch_labels to 2024-06-15 00:00:00+00:00, run_after=2024-06-16 00:00:00+00:00
[2024-06-16T08:01:09.193+0000] {processor.py:183} INFO - Processing /home/airflow/.local/lib/python3.12/site-packages/airflow/example_dags/example_branch_labels.py took 0.037 seconds
[2024-06-16T08:01:40.306+0000] {processor.py:161} INFO - Started process (PID=824) to work on /home/airflow/.local/lib/python3.12/site-packages/airflow/example_dags/example_branch_labels.py
[2024-06-16T08:01:40.307+0000] {processor.py:830} INFO - Processing file /home/airflow/.local/lib/python3.12/site-packages/airflow/example_dags/example_branch_labels.py for tasks to queue
[2024-06-16T08:01:40.308+0000] {logging_mixin.py:188} INFO - [2024-06-16T08:01:40.308+0000] {dagbag.py:545} INFO - Filling up the DagBag from /home/airflow/.local/lib/python3.12/site-packages/airflow/example_dags/example_branch_labels.py
[2024-06-16T08:01:40.313+0000] {processor.py:840} INFO - DAG(s) 'example_branch_labels' retrieved from /home/airflow/.local/lib/python3.12/site-packages/airflow/example_dags/example_branch_labels.py
[2024-06-16T08:01:40.324+0000] {logging_mixin.py:188} INFO - [2024-06-16T08:01:40.324+0000] {dag.py:3096} INFO - Sync 1 DAGs
[2024-06-16T08:01:40.336+0000] {logging_mixin.py:188} INFO - [2024-06-16T08:01:40.335+0000] {dag.py:3954} INFO - Setting next_dagrun for example_branch_labels to 2024-06-15 00:00:00+00:00, run_after=2024-06-16 00:00:00+00:00
[2024-06-16T08:01:40.344+0000] {processor.py:183} INFO - Processing /home/airflow/.local/lib/python3.12/site-packages/airflow/example_dags/example_branch_labels.py took 0.041 seconds
[2024-06-16T08:02:24.562+0000] {processor.py:161} INFO - Started process (PID=55) to work on /home/airflow/.local/lib/python3.12/site-packages/airflow/example_dags/example_branch_labels.py
[2024-06-16T08:02:24.563+0000] {processor.py:830} INFO - Processing file /home/airflow/.local/lib/python3.12/site-packages/airflow/example_dags/example_branch_labels.py for tasks to queue
[2024-06-16T08:02:24.565+0000] {logging_mixin.py:188} INFO - [2024-06-16T08:02:24.565+0000] {dagbag.py:545} INFO - Filling up the DagBag from /home/airflow/.local/lib/python3.12/site-packages/airflow/example_dags/example_branch_labels.py
[2024-06-16T08:02:24.575+0000] {processor.py:840} INFO - DAG(s) 'example_branch_labels' retrieved from /home/airflow/.local/lib/python3.12/site-packages/airflow/example_dags/example_branch_labels.py
[2024-06-16T08:02:24.596+0000] {logging_mixin.py:188} INFO - [2024-06-16T08:02:24.596+0000] {dag.py:3096} INFO - Sync 1 DAGs
[2024-06-16T08:02:24.684+0000] {logging_mixin.py:188} INFO - [2024-06-16T08:02:24.683+0000] {dag.py:3954} INFO - Setting next_dagrun for example_branch_labels to 2024-06-15 00:00:00+00:00, run_after=2024-06-16 00:00:00+00:00
[2024-06-16T08:02:24.756+0000] {processor.py:183} INFO - Processing /home/airflow/.local/lib/python3.12/site-packages/airflow/example_dags/example_branch_labels.py took 0.198 seconds
[2024-06-16T08:02:56.424+0000] {processor.py:161} INFO - Started process (PID=114) to work on /home/airflow/.local/lib/python3.12/site-packages/airflow/example_dags/example_branch_labels.py
[2024-06-16T08:02:56.425+0000] {processor.py:830} INFO - Processing file /home/airflow/.local/lib/python3.12/site-packages/airflow/example_dags/example_branch_labels.py for tasks to queue
[2024-06-16T08:02:56.426+0000] {logging_mixin.py:188} INFO - [2024-06-16T08:02:56.426+0000] {dagbag.py:545} INFO - Filling up the DagBag from /home/airflow/.local/lib/python3.12/site-packages/airflow/example_dags/example_branch_labels.py
[2024-06-16T08:02:56.431+0000] {processor.py:840} INFO - DAG(s) 'example_branch_labels' retrieved from /home/airflow/.local/lib/python3.12/site-packages/airflow/example_dags/example_branch_labels.py
[2024-06-16T08:02:56.571+0000] {logging_mixin.py:188} INFO - [2024-06-16T08:02:56.571+0000] {dag.py:3096} INFO - Sync 1 DAGs
[2024-06-16T08:02:56.580+0000] {logging_mixin.py:188} INFO - [2024-06-16T08:02:56.580+0000] {dag.py:3954} INFO - Setting next_dagrun for example_branch_labels to 2024-06-15 00:00:00+00:00, run_after=2024-06-16 00:00:00+00:00
[2024-06-16T08:02:56.590+0000] {processor.py:183} INFO - Processing /home/airflow/.local/lib/python3.12/site-packages/airflow/example_dags/example_branch_labels.py took 0.169 seconds
[2024-06-16T08:03:27.296+0000] {processor.py:161} INFO - Started process (PID=173) to work on /home/airflow/.local/lib/python3.12/site-packages/airflow/example_dags/example_branch_labels.py
[2024-06-16T08:03:27.298+0000] {processor.py:830} INFO - Processing file /home/airflow/.local/lib/python3.12/site-packages/airflow/example_dags/example_branch_labels.py for tasks to queue
[2024-06-16T08:03:27.301+0000] {logging_mixin.py:188} INFO - [2024-06-16T08:03:27.301+0000] {dagbag.py:545} INFO - Filling up the DagBag from /home/airflow/.local/lib/python3.12/site-packages/airflow/example_dags/example_branch_labels.py
[2024-06-16T08:03:27.314+0000] {processor.py:840} INFO - DAG(s) 'example_branch_labels' retrieved from /home/airflow/.local/lib/python3.12/site-packages/airflow/example_dags/example_branch_labels.py
[2024-06-16T08:03:27.337+0000] {logging_mixin.py:188} INFO - [2024-06-16T08:03:27.337+0000] {dag.py:3096} INFO - Sync 1 DAGs
[2024-06-16T08:03:27.352+0000] {logging_mixin.py:188} INFO - [2024-06-16T08:03:27.352+0000] {dag.py:3954} INFO - Setting next_dagrun for example_branch_labels to 2024-06-15 00:00:00+00:00, run_after=2024-06-16 00:00:00+00:00
[2024-06-16T08:03:27.361+0000] {processor.py:183} INFO - Processing /home/airflow/.local/lib/python3.12/site-packages/airflow/example_dags/example_branch_labels.py took 0.070 seconds
[2024-06-16T08:03:58.358+0000] {processor.py:161} INFO - Started process (PID=232) to work on /home/airflow/.local/lib/python3.12/site-packages/airflow/example_dags/example_branch_labels.py
[2024-06-16T08:03:58.359+0000] {processor.py:830} INFO - Processing file /home/airflow/.local/lib/python3.12/site-packages/airflow/example_dags/example_branch_labels.py for tasks to queue
[2024-06-16T08:03:58.361+0000] {logging_mixin.py:188} INFO - [2024-06-16T08:03:58.361+0000] {dagbag.py:545} INFO - Filling up the DagBag from /home/airflow/.local/lib/python3.12/site-packages/airflow/example_dags/example_branch_labels.py
[2024-06-16T08:03:58.367+0000] {processor.py:840} INFO - DAG(s) 'example_branch_labels' retrieved from /home/airflow/.local/lib/python3.12/site-packages/airflow/example_dags/example_branch_labels.py
[2024-06-16T08:03:58.387+0000] {logging_mixin.py:188} INFO - [2024-06-16T08:03:58.387+0000] {dag.py:3096} INFO - Sync 1 DAGs
[2024-06-16T08:03:58.402+0000] {logging_mixin.py:188} INFO - [2024-06-16T08:03:58.402+0000] {dag.py:3954} INFO - Setting next_dagrun for example_branch_labels to 2024-06-15 00:00:00+00:00, run_after=2024-06-16 00:00:00+00:00
[2024-06-16T08:03:58.414+0000] {processor.py:183} INFO - Processing /home/airflow/.local/lib/python3.12/site-packages/airflow/example_dags/example_branch_labels.py took 0.062 seconds
[2024-06-16T08:04:29.383+0000] {processor.py:161} INFO - Started process (PID=291) to work on /home/airflow/.local/lib/python3.12/site-packages/airflow/example_dags/example_branch_labels.py
[2024-06-16T08:04:29.384+0000] {processor.py:830} INFO - Processing file /home/airflow/.local/lib/python3.12/site-packages/airflow/example_dags/example_branch_labels.py for tasks to queue
[2024-06-16T08:04:29.386+0000] {logging_mixin.py:188} INFO - [2024-06-16T08:04:29.386+0000] {dagbag.py:545} INFO - Filling up the DagBag from /home/airflow/.local/lib/python3.12/site-packages/airflow/example_dags/example_branch_labels.py
[2024-06-16T08:04:29.392+0000] {processor.py:840} INFO - DAG(s) 'example_branch_labels' retrieved from /home/airflow/.local/lib/python3.12/site-packages/airflow/example_dags/example_branch_labels.py
[2024-06-16T08:04:29.410+0000] {logging_mixin.py:188} INFO - [2024-06-16T08:04:29.410+0000] {dag.py:3096} INFO - Sync 1 DAGs
[2024-06-16T08:04:29.535+0000] {logging_mixin.py:188} INFO - [2024-06-16T08:04:29.535+0000] {dag.py:3954} INFO - Setting next_dagrun for example_branch_labels to 2024-06-15 00:00:00+00:00, run_after=2024-06-16 00:00:00+00:00
[2024-06-16T08:04:29.543+0000] {processor.py:183} INFO - Processing /home/airflow/.local/lib/python3.12/site-packages/airflow/example_dags/example_branch_labels.py took 0.164 seconds
[2024-06-16T08:04:59.684+0000] {processor.py:161} INFO - Started process (PID=349) to work on /home/airflow/.local/lib/python3.12/site-packages/airflow/example_dags/example_branch_labels.py
[2024-06-16T08:04:59.685+0000] {processor.py:830} INFO - Processing file /home/airflow/.local/lib/python3.12/site-packages/airflow/example_dags/example_branch_labels.py for tasks to queue
[2024-06-16T08:04:59.686+0000] {logging_mixin.py:188} INFO - [2024-06-16T08:04:59.686+0000] {dagbag.py:545} INFO - Filling up the DagBag from /home/airflow/.local/lib/python3.12/site-packages/airflow/example_dags/example_branch_labels.py
[2024-06-16T08:04:59.690+0000] {processor.py:840} INFO - DAG(s) 'example_branch_labels' retrieved from /home/airflow/.local/lib/python3.12/site-packages/airflow/example_dags/example_branch_labels.py
[2024-06-16T08:04:59.701+0000] {logging_mixin.py:188} INFO - [2024-06-16T08:04:59.701+0000] {dag.py:3096} INFO - Sync 1 DAGs
[2024-06-16T08:04:59.713+0000] {logging_mixin.py:188} INFO - [2024-06-16T08:04:59.713+0000] {dag.py:3954} INFO - Setting next_dagrun for example_branch_labels to 2024-06-15 00:00:00+00:00, run_after=2024-06-16 00:00:00+00:00
[2024-06-16T08:04:59.726+0000] {processor.py:183} INFO - Processing /home/airflow/.local/lib/python3.12/site-packages/airflow/example_dags/example_branch_labels.py took 0.044 seconds
[2024-06-16T08:05:29.986+0000] {processor.py:161} INFO - Started process (PID=408) to work on /home/airflow/.local/lib/python3.12/site-packages/airflow/example_dags/example_branch_labels.py
[2024-06-16T08:05:29.987+0000] {processor.py:830} INFO - Processing file /home/airflow/.local/lib/python3.12/site-packages/airflow/example_dags/example_branch_labels.py for tasks to queue
[2024-06-16T08:05:29.989+0000] {logging_mixin.py:188} INFO - [2024-06-16T08:05:29.988+0000] {dagbag.py:545} INFO - Filling up the DagBag from /home/airflow/.local/lib/python3.12/site-packages/airflow/example_dags/example_branch_labels.py
[2024-06-16T08:05:29.993+0000] {processor.py:840} INFO - DAG(s) 'example_branch_labels' retrieved from /home/airflow/.local/lib/python3.12/site-packages/airflow/example_dags/example_branch_labels.py
[2024-06-16T08:05:30.005+0000] {logging_mixin.py:188} INFO - [2024-06-16T08:05:30.005+0000] {dag.py:3096} INFO - Sync 1 DAGs
[2024-06-16T08:05:30.018+0000] {logging_mixin.py:188} INFO - [2024-06-16T08:05:30.018+0000] {dag.py:3954} INFO - Setting next_dagrun for example_branch_labels to 2024-06-15 00:00:00+00:00, run_after=2024-06-16 00:00:00+00:00
[2024-06-16T08:05:30.026+0000] {processor.py:183} INFO - Processing /home/airflow/.local/lib/python3.12/site-packages/airflow/example_dags/example_branch_labels.py took 0.043 seconds
[2024-06-16T08:06:00.077+0000] {processor.py:161} INFO - Started process (PID=468) to work on /home/airflow/.local/lib/python3.12/site-packages/airflow/example_dags/example_branch_labels.py
[2024-06-16T08:06:00.077+0000] {processor.py:830} INFO - Processing file /home/airflow/.local/lib/python3.12/site-packages/airflow/example_dags/example_branch_labels.py for tasks to queue
[2024-06-16T08:06:00.078+0000] {logging_mixin.py:188} INFO - [2024-06-16T08:06:00.078+0000] {dagbag.py:545} INFO - Filling up the DagBag from /home/airflow/.local/lib/python3.12/site-packages/airflow/example_dags/example_branch_labels.py
[2024-06-16T08:06:00.085+0000] {processor.py:840} INFO - DAG(s) 'example_branch_labels' retrieved from /home/airflow/.local/lib/python3.12/site-packages/airflow/example_dags/example_branch_labels.py
[2024-06-16T08:06:00.099+0000] {logging_mixin.py:188} INFO - [2024-06-16T08:06:00.099+0000] {dag.py:3096} INFO - Sync 1 DAGs
[2024-06-16T08:06:00.110+0000] {logging_mixin.py:188} INFO - [2024-06-16T08:06:00.110+0000] {dag.py:3954} INFO - Setting next_dagrun for example_branch_labels to 2024-06-15 00:00:00+00:00, run_after=2024-06-16 00:00:00+00:00
[2024-06-16T08:06:00.120+0000] {processor.py:183} INFO - Processing /home/airflow/.local/lib/python3.12/site-packages/airflow/example_dags/example_branch_labels.py took 0.046 seconds
[2024-06-16T08:06:30.674+0000] {processor.py:161} INFO - Started process (PID=527) to work on /home/airflow/.local/lib/python3.12/site-packages/airflow/example_dags/example_branch_labels.py
[2024-06-16T08:06:30.675+0000] {processor.py:830} INFO - Processing file /home/airflow/.local/lib/python3.12/site-packages/airflow/example_dags/example_branch_labels.py for tasks to queue
[2024-06-16T08:06:30.676+0000] {logging_mixin.py:188} INFO - [2024-06-16T08:06:30.676+0000] {dagbag.py:545} INFO - Filling up the DagBag from /home/airflow/.local/lib/python3.12/site-packages/airflow/example_dags/example_branch_labels.py
[2024-06-16T08:06:30.679+0000] {processor.py:840} INFO - DAG(s) 'example_branch_labels' retrieved from /home/airflow/.local/lib/python3.12/site-packages/airflow/example_dags/example_branch_labels.py
[2024-06-16T08:06:30.689+0000] {logging_mixin.py:188} INFO - [2024-06-16T08:06:30.689+0000] {dag.py:3096} INFO - Sync 1 DAGs
[2024-06-16T08:06:30.699+0000] {logging_mixin.py:188} INFO - [2024-06-16T08:06:30.699+0000] {dag.py:3954} INFO - Setting next_dagrun for example_branch_labels to 2024-06-15 00:00:00+00:00, run_after=2024-06-16 00:00:00+00:00
[2024-06-16T08:06:30.707+0000] {processor.py:183} INFO - Processing /home/airflow/.local/lib/python3.12/site-packages/airflow/example_dags/example_branch_labels.py took 0.035 seconds
[2024-06-16T08:07:00.810+0000] {processor.py:161} INFO - Started process (PID=586) to work on /home/airflow/.local/lib/python3.12/site-packages/airflow/example_dags/example_branch_labels.py
[2024-06-16T08:07:00.811+0000] {processor.py:830} INFO - Processing file /home/airflow/.local/lib/python3.12/site-packages/airflow/example_dags/example_branch_labels.py for tasks to queue
[2024-06-16T08:07:00.811+0000] {logging_mixin.py:188} INFO - [2024-06-16T08:07:00.811+0000] {dagbag.py:545} INFO - Filling up the DagBag from /home/airflow/.local/lib/python3.12/site-packages/airflow/example_dags/example_branch_labels.py
[2024-06-16T08:07:00.815+0000] {processor.py:840} INFO - DAG(s) 'example_branch_labels' retrieved from /home/airflow/.local/lib/python3.12/site-packages/airflow/example_dags/example_branch_labels.py
[2024-06-16T08:07:00.824+0000] {logging_mixin.py:188} INFO - [2024-06-16T08:07:00.824+0000] {dag.py:3096} INFO - Sync 1 DAGs
[2024-06-16T08:07:00.834+0000] {logging_mixin.py:188} INFO - [2024-06-16T08:07:00.834+0000] {dag.py:3954} INFO - Setting next_dagrun for example_branch_labels to 2024-06-15 00:00:00+00:00, run_after=2024-06-16 00:00:00+00:00
[2024-06-16T08:07:00.843+0000] {processor.py:183} INFO - Processing /home/airflow/.local/lib/python3.12/site-packages/airflow/example_dags/example_branch_labels.py took 0.035 seconds
[2024-06-16T08:07:31.845+0000] {processor.py:161} INFO - Started process (PID=645) to work on /home/airflow/.local/lib/python3.12/site-packages/airflow/example_dags/example_branch_labels.py
[2024-06-16T08:07:31.845+0000] {processor.py:830} INFO - Processing file /home/airflow/.local/lib/python3.12/site-packages/airflow/example_dags/example_branch_labels.py for tasks to queue
[2024-06-16T08:07:31.846+0000] {logging_mixin.py:188} INFO - [2024-06-16T08:07:31.846+0000] {dagbag.py:545} INFO - Filling up the DagBag from /home/airflow/.local/lib/python3.12/site-packages/airflow/example_dags/example_branch_labels.py
[2024-06-16T08:07:31.850+0000] {processor.py:840} INFO - DAG(s) 'example_branch_labels' retrieved from /home/airflow/.local/lib/python3.12/site-packages/airflow/example_dags/example_branch_labels.py
[2024-06-16T08:07:31.860+0000] {logging_mixin.py:188} INFO - [2024-06-16T08:07:31.860+0000] {dag.py:3096} INFO - Sync 1 DAGs
[2024-06-16T08:07:31.873+0000] {logging_mixin.py:188} INFO - [2024-06-16T08:07:31.873+0000] {dag.py:3954} INFO - Setting next_dagrun for example_branch_labels to 2024-06-15 00:00:00+00:00, run_after=2024-06-16 00:00:00+00:00
[2024-06-16T08:07:31.881+0000] {processor.py:183} INFO - Processing /home/airflow/.local/lib/python3.12/site-packages/airflow/example_dags/example_branch_labels.py took 0.039 seconds
[2024-06-16T08:08:02.625+0000] {processor.py:161} INFO - Started process (PID=704) to work on /home/airflow/.local/lib/python3.12/site-packages/airflow/example_dags/example_branch_labels.py
[2024-06-16T08:08:02.626+0000] {processor.py:830} INFO - Processing file /home/airflow/.local/lib/python3.12/site-packages/airflow/example_dags/example_branch_labels.py for tasks to queue
[2024-06-16T08:08:02.627+0000] {logging_mixin.py:188} INFO - [2024-06-16T08:08:02.627+0000] {dagbag.py:545} INFO - Filling up the DagBag from /home/airflow/.local/lib/python3.12/site-packages/airflow/example_dags/example_branch_labels.py
[2024-06-16T08:08:02.635+0000] {processor.py:840} INFO - DAG(s) 'example_branch_labels' retrieved from /home/airflow/.local/lib/python3.12/site-packages/airflow/example_dags/example_branch_labels.py
[2024-06-16T08:08:02.658+0000] {logging_mixin.py:188} INFO - [2024-06-16T08:08:02.658+0000] {dag.py:3096} INFO - Sync 1 DAGs
[2024-06-16T08:08:02.672+0000] {logging_mixin.py:188} INFO - [2024-06-16T08:08:02.672+0000] {dag.py:3954} INFO - Setting next_dagrun for example_branch_labels to 2024-06-15 00:00:00+00:00, run_after=2024-06-16 00:00:00+00:00
[2024-06-16T08:08:02.685+0000] {processor.py:183} INFO - Processing /home/airflow/.local/lib/python3.12/site-packages/airflow/example_dags/example_branch_labels.py took 0.067 seconds
[2024-06-16T08:08:33.141+0000] {processor.py:161} INFO - Started process (PID=763) to work on /home/airflow/.local/lib/python3.12/site-packages/airflow/example_dags/example_branch_labels.py
[2024-06-16T08:08:33.142+0000] {processor.py:830} INFO - Processing file /home/airflow/.local/lib/python3.12/site-packages/airflow/example_dags/example_branch_labels.py for tasks to queue
[2024-06-16T08:08:33.144+0000] {logging_mixin.py:188} INFO - [2024-06-16T08:08:33.144+0000] {dagbag.py:545} INFO - Filling up the DagBag from /home/airflow/.local/lib/python3.12/site-packages/airflow/example_dags/example_branch_labels.py
[2024-06-16T08:08:33.149+0000] {processor.py:840} INFO - DAG(s) 'example_branch_labels' retrieved from /home/airflow/.local/lib/python3.12/site-packages/airflow/example_dags/example_branch_labels.py
[2024-06-16T08:08:33.175+0000] {logging_mixin.py:188} INFO - [2024-06-16T08:08:33.175+0000] {dag.py:3096} INFO - Sync 1 DAGs
[2024-06-16T08:08:33.244+0000] {logging_mixin.py:188} INFO - [2024-06-16T08:08:33.244+0000] {dag.py:3954} INFO - Setting next_dagrun for example_branch_labels to 2024-06-15 00:00:00+00:00, run_after=2024-06-16 00:00:00+00:00
[2024-06-16T08:08:33.277+0000] {processor.py:183} INFO - Processing /home/airflow/.local/lib/python3.12/site-packages/airflow/example_dags/example_branch_labels.py took 0.139 seconds
[2024-06-16T08:09:03.480+0000] {processor.py:161} INFO - Started process (PID=822) to work on /home/airflow/.local/lib/python3.12/site-packages/airflow/example_dags/example_branch_labels.py
[2024-06-16T08:09:03.481+0000] {processor.py:830} INFO - Processing file /home/airflow/.local/lib/python3.12/site-packages/airflow/example_dags/example_branch_labels.py for tasks to queue
[2024-06-16T08:09:03.483+0000] {logging_mixin.py:188} INFO - [2024-06-16T08:09:03.482+0000] {dagbag.py:545} INFO - Filling up the DagBag from /home/airflow/.local/lib/python3.12/site-packages/airflow/example_dags/example_branch_labels.py
[2024-06-16T08:09:03.489+0000] {processor.py:840} INFO - DAG(s) 'example_branch_labels' retrieved from /home/airflow/.local/lib/python3.12/site-packages/airflow/example_dags/example_branch_labels.py
[2024-06-16T08:09:03.501+0000] {logging_mixin.py:188} INFO - [2024-06-16T08:09:03.501+0000] {dag.py:3096} INFO - Sync 1 DAGs
[2024-06-16T08:09:03.515+0000] {logging_mixin.py:188} INFO - [2024-06-16T08:09:03.515+0000] {dag.py:3954} INFO - Setting next_dagrun for example_branch_labels to 2024-06-15 00:00:00+00:00, run_after=2024-06-16 00:00:00+00:00
[2024-06-16T08:09:03.527+0000] {processor.py:183} INFO - Processing /home/airflow/.local/lib/python3.12/site-packages/airflow/example_dags/example_branch_labels.py took 0.050 seconds
[2024-06-16T08:09:34.254+0000] {processor.py:161} INFO - Started process (PID=881) to work on /home/airflow/.local/lib/python3.12/site-packages/airflow/example_dags/example_branch_labels.py
[2024-06-16T08:09:34.255+0000] {processor.py:830} INFO - Processing file /home/airflow/.local/lib/python3.12/site-packages/airflow/example_dags/example_branch_labels.py for tasks to queue
[2024-06-16T08:09:34.256+0000] {logging_mixin.py:188} INFO - [2024-06-16T08:09:34.256+0000] {dagbag.py:545} INFO - Filling up the DagBag from /home/airflow/.local/lib/python3.12/site-packages/airflow/example_dags/example_branch_labels.py
[2024-06-16T08:09:34.260+0000] {processor.py:840} INFO - DAG(s) 'example_branch_labels' retrieved from /home/airflow/.local/lib/python3.12/site-packages/airflow/example_dags/example_branch_labels.py
[2024-06-16T08:09:34.271+0000] {logging_mixin.py:188} INFO - [2024-06-16T08:09:34.271+0000] {dag.py:3096} INFO - Sync 1 DAGs
[2024-06-16T08:09:34.282+0000] {logging_mixin.py:188} INFO - [2024-06-16T08:09:34.282+0000] {dag.py:3954} INFO - Setting next_dagrun for example_branch_labels to 2024-06-15 00:00:00+00:00, run_after=2024-06-16 00:00:00+00:00
[2024-06-16T08:09:34.289+0000] {processor.py:183} INFO - Processing /home/airflow/.local/lib/python3.12/site-packages/airflow/example_dags/example_branch_labels.py took 0.037 seconds
[2024-06-16T08:10:04.770+0000] {processor.py:161} INFO - Started process (PID=940) to work on /home/airflow/.local/lib/python3.12/site-packages/airflow/example_dags/example_branch_labels.py
[2024-06-16T08:10:04.771+0000] {processor.py:830} INFO - Processing file /home/airflow/.local/lib/python3.12/site-packages/airflow/example_dags/example_branch_labels.py for tasks to queue
[2024-06-16T08:10:04.772+0000] {logging_mixin.py:188} INFO - [2024-06-16T08:10:04.772+0000] {dagbag.py:545} INFO - Filling up the DagBag from /home/airflow/.local/lib/python3.12/site-packages/airflow/example_dags/example_branch_labels.py
[2024-06-16T08:10:04.776+0000] {processor.py:840} INFO - DAG(s) 'example_branch_labels' retrieved from /home/airflow/.local/lib/python3.12/site-packages/airflow/example_dags/example_branch_labels.py
[2024-06-16T08:10:04.786+0000] {logging_mixin.py:188} INFO - [2024-06-16T08:10:04.786+0000] {dag.py:3096} INFO - Sync 1 DAGs
[2024-06-16T08:10:04.796+0000] {logging_mixin.py:188} INFO - [2024-06-16T08:10:04.796+0000] {dag.py:3954} INFO - Setting next_dagrun for example_branch_labels to 2024-06-15 00:00:00+00:00, run_after=2024-06-16 00:00:00+00:00
[2024-06-16T08:10:04.803+0000] {processor.py:183} INFO - Processing /home/airflow/.local/lib/python3.12/site-packages/airflow/example_dags/example_branch_labels.py took 0.036 seconds
[2024-06-16T08:10:35.289+0000] {processor.py:161} INFO - Started process (PID=999) to work on /home/airflow/.local/lib/python3.12/site-packages/airflow/example_dags/example_branch_labels.py
[2024-06-16T08:10:35.290+0000] {processor.py:830} INFO - Processing file /home/airflow/.local/lib/python3.12/site-packages/airflow/example_dags/example_branch_labels.py for tasks to queue
[2024-06-16T08:10:35.291+0000] {logging_mixin.py:188} INFO - [2024-06-16T08:10:35.290+0000] {dagbag.py:545} INFO - Filling up the DagBag from /home/airflow/.local/lib/python3.12/site-packages/airflow/example_dags/example_branch_labels.py
[2024-06-16T08:10:35.295+0000] {processor.py:840} INFO - DAG(s) 'example_branch_labels' retrieved from /home/airflow/.local/lib/python3.12/site-packages/airflow/example_dags/example_branch_labels.py
[2024-06-16T08:10:35.305+0000] {logging_mixin.py:188} INFO - [2024-06-16T08:10:35.304+0000] {dag.py:3096} INFO - Sync 1 DAGs
[2024-06-16T08:10:35.314+0000] {logging_mixin.py:188} INFO - [2024-06-16T08:10:35.314+0000] {dag.py:3954} INFO - Setting next_dagrun for example_branch_labels to 2024-06-15 00:00:00+00:00, run_after=2024-06-16 00:00:00+00:00
[2024-06-16T08:10:35.321+0000] {processor.py:183} INFO - Processing /home/airflow/.local/lib/python3.12/site-packages/airflow/example_dags/example_branch_labels.py took 0.035 seconds
[2024-06-16T08:11:05.411+0000] {processor.py:161} INFO - Started process (PID=1058) to work on /home/airflow/.local/lib/python3.12/site-packages/airflow/example_dags/example_branch_labels.py
[2024-06-16T08:11:05.414+0000] {processor.py:830} INFO - Processing file /home/airflow/.local/lib/python3.12/site-packages/airflow/example_dags/example_branch_labels.py for tasks to queue
[2024-06-16T08:11:05.415+0000] {logging_mixin.py:188} INFO - [2024-06-16T08:11:05.415+0000] {dagbag.py:545} INFO - Filling up the DagBag from /home/airflow/.local/lib/python3.12/site-packages/airflow/example_dags/example_branch_labels.py
[2024-06-16T08:11:05.420+0000] {processor.py:840} INFO - DAG(s) 'example_branch_labels' retrieved from /home/airflow/.local/lib/python3.12/site-packages/airflow/example_dags/example_branch_labels.py
[2024-06-16T08:11:05.430+0000] {logging_mixin.py:188} INFO - [2024-06-16T08:11:05.429+0000] {dag.py:3096} INFO - Sync 1 DAGs
[2024-06-16T08:11:05.440+0000] {logging_mixin.py:188} INFO - [2024-06-16T08:11:05.439+0000] {dag.py:3954} INFO - Setting next_dagrun for example_branch_labels to 2024-06-15 00:00:00+00:00, run_after=2024-06-16 00:00:00+00:00
[2024-06-16T08:11:05.448+0000] {processor.py:183} INFO - Processing /home/airflow/.local/lib/python3.12/site-packages/airflow/example_dags/example_branch_labels.py took 0.039 seconds
[2024-06-16T08:11:36.850+0000] {processor.py:161} INFO - Started process (PID=1117) to work on /home/airflow/.local/lib/python3.12/site-packages/airflow/example_dags/example_branch_labels.py
[2024-06-16T08:11:36.852+0000] {processor.py:830} INFO - Processing file /home/airflow/.local/lib/python3.12/site-packages/airflow/example_dags/example_branch_labels.py for tasks to queue
[2024-06-16T08:11:36.854+0000] {logging_mixin.py:188} INFO - [2024-06-16T08:11:36.854+0000] {dagbag.py:545} INFO - Filling up the DagBag from /home/airflow/.local/lib/python3.12/site-packages/airflow/example_dags/example_branch_labels.py
[2024-06-16T08:11:36.867+0000] {processor.py:840} INFO - DAG(s) 'example_branch_labels' retrieved from /home/airflow/.local/lib/python3.12/site-packages/airflow/example_dags/example_branch_labels.py
[2024-06-16T08:11:36.889+0000] {logging_mixin.py:188} INFO - [2024-06-16T08:11:36.889+0000] {dag.py:3096} INFO - Sync 1 DAGs
[2024-06-16T08:11:36.929+0000] {logging_mixin.py:188} INFO - [2024-06-16T08:11:36.929+0000] {dag.py:3954} INFO - Setting next_dagrun for example_branch_labels to 2024-06-15 00:00:00+00:00, run_after=2024-06-16 00:00:00+00:00
[2024-06-16T08:11:36.975+0000] {processor.py:183} INFO - Processing /home/airflow/.local/lib/python3.12/site-packages/airflow/example_dags/example_branch_labels.py took 0.133 seconds
[2024-06-16T08:12:07.168+0000] {processor.py:161} INFO - Started process (PID=1176) to work on /home/airflow/.local/lib/python3.12/site-packages/airflow/example_dags/example_branch_labels.py
[2024-06-16T08:12:07.169+0000] {processor.py:830} INFO - Processing file /home/airflow/.local/lib/python3.12/site-packages/airflow/example_dags/example_branch_labels.py for tasks to queue
[2024-06-16T08:12:07.169+0000] {logging_mixin.py:188} INFO - [2024-06-16T08:12:07.169+0000] {dagbag.py:545} INFO - Filling up the DagBag from /home/airflow/.local/lib/python3.12/site-packages/airflow/example_dags/example_branch_labels.py
[2024-06-16T08:12:07.173+0000] {processor.py:840} INFO - DAG(s) 'example_branch_labels' retrieved from /home/airflow/.local/lib/python3.12/site-packages/airflow/example_dags/example_branch_labels.py
[2024-06-16T08:12:07.183+0000] {logging_mixin.py:188} INFO - [2024-06-16T08:12:07.182+0000] {dag.py:3096} INFO - Sync 1 DAGs
[2024-06-16T08:12:07.193+0000] {logging_mixin.py:188} INFO - [2024-06-16T08:12:07.193+0000] {dag.py:3954} INFO - Setting next_dagrun for example_branch_labels to 2024-06-15 00:00:00+00:00, run_after=2024-06-16 00:00:00+00:00
[2024-06-16T08:12:07.201+0000] {processor.py:183} INFO - Processing /home/airflow/.local/lib/python3.12/site-packages/airflow/example_dags/example_branch_labels.py took 0.036 seconds
[2024-06-16T08:12:37.296+0000] {processor.py:161} INFO - Started process (PID=1234) to work on /home/airflow/.local/lib/python3.12/site-packages/airflow/example_dags/example_branch_labels.py
[2024-06-16T08:12:37.297+0000] {processor.py:830} INFO - Processing file /home/airflow/.local/lib/python3.12/site-packages/airflow/example_dags/example_branch_labels.py for tasks to queue
[2024-06-16T08:12:37.298+0000] {logging_mixin.py:188} INFO - [2024-06-16T08:12:37.297+0000] {dagbag.py:545} INFO - Filling up the DagBag from /home/airflow/.local/lib/python3.12/site-packages/airflow/example_dags/example_branch_labels.py
[2024-06-16T08:12:37.302+0000] {processor.py:840} INFO - DAG(s) 'example_branch_labels' retrieved from /home/airflow/.local/lib/python3.12/site-packages/airflow/example_dags/example_branch_labels.py
[2024-06-16T08:12:37.311+0000] {logging_mixin.py:188} INFO - [2024-06-16T08:12:37.311+0000] {dag.py:3096} INFO - Sync 1 DAGs
[2024-06-16T08:12:37.323+0000] {logging_mixin.py:188} INFO - [2024-06-16T08:12:37.323+0000] {dag.py:3954} INFO - Setting next_dagrun for example_branch_labels to 2024-06-15 00:00:00+00:00, run_after=2024-06-16 00:00:00+00:00
[2024-06-16T08:12:37.332+0000] {processor.py:183} INFO - Processing /home/airflow/.local/lib/python3.12/site-packages/airflow/example_dags/example_branch_labels.py took 0.039 seconds
[2024-06-16T08:13:08.518+0000] {processor.py:161} INFO - Started process (PID=1293) to work on /home/airflow/.local/lib/python3.12/site-packages/airflow/example_dags/example_branch_labels.py
[2024-06-16T08:13:08.519+0000] {processor.py:830} INFO - Processing file /home/airflow/.local/lib/python3.12/site-packages/airflow/example_dags/example_branch_labels.py for tasks to queue
[2024-06-16T08:13:08.520+0000] {logging_mixin.py:188} INFO - [2024-06-16T08:13:08.520+0000] {dagbag.py:545} INFO - Filling up the DagBag from /home/airflow/.local/lib/python3.12/site-packages/airflow/example_dags/example_branch_labels.py
[2024-06-16T08:13:08.527+0000] {processor.py:840} INFO - DAG(s) 'example_branch_labels' retrieved from /home/airflow/.local/lib/python3.12/site-packages/airflow/example_dags/example_branch_labels.py
[2024-06-16T08:13:08.550+0000] {logging_mixin.py:188} INFO - [2024-06-16T08:13:08.549+0000] {dag.py:3096} INFO - Sync 1 DAGs
[2024-06-16T08:13:08.577+0000] {logging_mixin.py:188} INFO - [2024-06-16T08:13:08.577+0000] {dag.py:3954} INFO - Setting next_dagrun for example_branch_labels to 2024-06-15 00:00:00+00:00, run_after=2024-06-16 00:00:00+00:00
[2024-06-16T08:13:08.591+0000] {processor.py:183} INFO - Processing /home/airflow/.local/lib/python3.12/site-packages/airflow/example_dags/example_branch_labels.py took 0.077 seconds
[2024-06-16T08:13:38.849+0000] {processor.py:161} INFO - Started process (PID=1352) to work on /home/airflow/.local/lib/python3.12/site-packages/airflow/example_dags/example_branch_labels.py
[2024-06-16T08:13:38.849+0000] {processor.py:830} INFO - Processing file /home/airflow/.local/lib/python3.12/site-packages/airflow/example_dags/example_branch_labels.py for tasks to queue
[2024-06-16T08:13:38.850+0000] {logging_mixin.py:188} INFO - [2024-06-16T08:13:38.850+0000] {dagbag.py:545} INFO - Filling up the DagBag from /home/airflow/.local/lib/python3.12/site-packages/airflow/example_dags/example_branch_labels.py
[2024-06-16T08:13:38.854+0000] {processor.py:840} INFO - DAG(s) 'example_branch_labels' retrieved from /home/airflow/.local/lib/python3.12/site-packages/airflow/example_dags/example_branch_labels.py
[2024-06-16T08:13:38.865+0000] {logging_mixin.py:188} INFO - [2024-06-16T08:13:38.865+0000] {dag.py:3096} INFO - Sync 1 DAGs
[2024-06-16T08:13:38.877+0000] {logging_mixin.py:188} INFO - [2024-06-16T08:13:38.876+0000] {dag.py:3954} INFO - Setting next_dagrun for example_branch_labels to 2024-06-15 00:00:00+00:00, run_after=2024-06-16 00:00:00+00:00
[2024-06-16T08:13:38.884+0000] {processor.py:183} INFO - Processing /home/airflow/.local/lib/python3.12/site-packages/airflow/example_dags/example_branch_labels.py took 0.038 seconds
[2024-06-16T08:14:08.966+0000] {processor.py:161} INFO - Started process (PID=1411) to work on /home/airflow/.local/lib/python3.12/site-packages/airflow/example_dags/example_branch_labels.py
[2024-06-16T08:14:08.967+0000] {processor.py:830} INFO - Processing file /home/airflow/.local/lib/python3.12/site-packages/airflow/example_dags/example_branch_labels.py for tasks to queue
[2024-06-16T08:14:08.968+0000] {logging_mixin.py:188} INFO - [2024-06-16T08:14:08.968+0000] {dagbag.py:545} INFO - Filling up the DagBag from /home/airflow/.local/lib/python3.12/site-packages/airflow/example_dags/example_branch_labels.py
[2024-06-16T08:14:08.972+0000] {processor.py:840} INFO - DAG(s) 'example_branch_labels' retrieved from /home/airflow/.local/lib/python3.12/site-packages/airflow/example_dags/example_branch_labels.py
[2024-06-16T08:14:08.983+0000] {logging_mixin.py:188} INFO - [2024-06-16T08:14:08.983+0000] {dag.py:3096} INFO - Sync 1 DAGs
[2024-06-16T08:14:08.993+0000] {logging_mixin.py:188} INFO - [2024-06-16T08:14:08.993+0000] {dag.py:3954} INFO - Setting next_dagrun for example_branch_labels to 2024-06-15 00:00:00+00:00, run_after=2024-06-16 00:00:00+00:00
[2024-06-16T08:14:09.001+0000] {processor.py:183} INFO - Processing /home/airflow/.local/lib/python3.12/site-packages/airflow/example_dags/example_branch_labels.py took 0.038 seconds
[2024-06-16T08:14:39.249+0000] {processor.py:161} INFO - Started process (PID=1470) to work on /home/airflow/.local/lib/python3.12/site-packages/airflow/example_dags/example_branch_labels.py
[2024-06-16T08:14:39.250+0000] {processor.py:830} INFO - Processing file /home/airflow/.local/lib/python3.12/site-packages/airflow/example_dags/example_branch_labels.py for tasks to queue
[2024-06-16T08:14:39.251+0000] {logging_mixin.py:188} INFO - [2024-06-16T08:14:39.251+0000] {dagbag.py:545} INFO - Filling up the DagBag from /home/airflow/.local/lib/python3.12/site-packages/airflow/example_dags/example_branch_labels.py
[2024-06-16T08:14:39.255+0000] {processor.py:840} INFO - DAG(s) 'example_branch_labels' retrieved from /home/airflow/.local/lib/python3.12/site-packages/airflow/example_dags/example_branch_labels.py
[2024-06-16T08:14:39.266+0000] {logging_mixin.py:188} INFO - [2024-06-16T08:14:39.266+0000] {dag.py:3096} INFO - Sync 1 DAGs
[2024-06-16T08:14:39.280+0000] {logging_mixin.py:188} INFO - [2024-06-16T08:14:39.279+0000] {dag.py:3954} INFO - Setting next_dagrun for example_branch_labels to 2024-06-15 00:00:00+00:00, run_after=2024-06-16 00:00:00+00:00
[2024-06-16T08:14:39.288+0000] {processor.py:183} INFO - Processing /home/airflow/.local/lib/python3.12/site-packages/airflow/example_dags/example_branch_labels.py took 0.041 seconds
[2024-06-16T08:15:09.654+0000] {processor.py:161} INFO - Started process (PID=1529) to work on /home/airflow/.local/lib/python3.12/site-packages/airflow/example_dags/example_branch_labels.py
[2024-06-16T08:15:09.654+0000] {processor.py:830} INFO - Processing file /home/airflow/.local/lib/python3.12/site-packages/airflow/example_dags/example_branch_labels.py for tasks to queue
[2024-06-16T08:15:09.655+0000] {logging_mixin.py:188} INFO - [2024-06-16T08:15:09.655+0000] {dagbag.py:545} INFO - Filling up the DagBag from /home/airflow/.local/lib/python3.12/site-packages/airflow/example_dags/example_branch_labels.py
[2024-06-16T08:15:09.660+0000] {processor.py:840} INFO - DAG(s) 'example_branch_labels' retrieved from /home/airflow/.local/lib/python3.12/site-packages/airflow/example_dags/example_branch_labels.py
[2024-06-16T08:15:09.670+0000] {logging_mixin.py:188} INFO - [2024-06-16T08:15:09.670+0000] {dag.py:3096} INFO - Sync 1 DAGs
[2024-06-16T08:15:09.681+0000] {logging_mixin.py:188} INFO - [2024-06-16T08:15:09.681+0000] {dag.py:3954} INFO - Setting next_dagrun for example_branch_labels to 2024-06-15 00:00:00+00:00, run_after=2024-06-16 00:00:00+00:00
[2024-06-16T08:15:09.689+0000] {processor.py:183} INFO - Processing /home/airflow/.local/lib/python3.12/site-packages/airflow/example_dags/example_branch_labels.py took 0.038 seconds
[2024-06-16T08:15:39.944+0000] {processor.py:161} INFO - Started process (PID=1588) to work on /home/airflow/.local/lib/python3.12/site-packages/airflow/example_dags/example_branch_labels.py
[2024-06-16T08:15:39.945+0000] {processor.py:830} INFO - Processing file /home/airflow/.local/lib/python3.12/site-packages/airflow/example_dags/example_branch_labels.py for tasks to queue
[2024-06-16T08:15:39.946+0000] {logging_mixin.py:188} INFO - [2024-06-16T08:15:39.946+0000] {dagbag.py:545} INFO - Filling up the DagBag from /home/airflow/.local/lib/python3.12/site-packages/airflow/example_dags/example_branch_labels.py
[2024-06-16T08:15:39.950+0000] {processor.py:840} INFO - DAG(s) 'example_branch_labels' retrieved from /home/airflow/.local/lib/python3.12/site-packages/airflow/example_dags/example_branch_labels.py
[2024-06-16T08:15:39.960+0000] {logging_mixin.py:188} INFO - [2024-06-16T08:15:39.960+0000] {dag.py:3096} INFO - Sync 1 DAGs
[2024-06-16T08:15:39.970+0000] {logging_mixin.py:188} INFO - [2024-06-16T08:15:39.970+0000] {dag.py:3954} INFO - Setting next_dagrun for example_branch_labels to 2024-06-15 00:00:00+00:00, run_after=2024-06-16 00:00:00+00:00
[2024-06-16T08:15:39.978+0000] {processor.py:183} INFO - Processing /home/airflow/.local/lib/python3.12/site-packages/airflow/example_dags/example_branch_labels.py took 0.036 seconds
[2024-06-16T08:16:10.284+0000] {processor.py:161} INFO - Started process (PID=1647) to work on /home/airflow/.local/lib/python3.12/site-packages/airflow/example_dags/example_branch_labels.py
[2024-06-16T08:16:10.285+0000] {processor.py:830} INFO - Processing file /home/airflow/.local/lib/python3.12/site-packages/airflow/example_dags/example_branch_labels.py for tasks to queue
[2024-06-16T08:16:10.287+0000] {logging_mixin.py:188} INFO - [2024-06-16T08:16:10.286+0000] {dagbag.py:545} INFO - Filling up the DagBag from /home/airflow/.local/lib/python3.12/site-packages/airflow/example_dags/example_branch_labels.py
[2024-06-16T08:16:10.292+0000] {processor.py:840} INFO - DAG(s) 'example_branch_labels' retrieved from /home/airflow/.local/lib/python3.12/site-packages/airflow/example_dags/example_branch_labels.py
[2024-06-16T08:16:10.303+0000] {logging_mixin.py:188} INFO - [2024-06-16T08:16:10.303+0000] {dag.py:3096} INFO - Sync 1 DAGs
[2024-06-16T08:16:10.315+0000] {logging_mixin.py:188} INFO - [2024-06-16T08:16:10.315+0000] {dag.py:3954} INFO - Setting next_dagrun for example_branch_labels to 2024-06-15 00:00:00+00:00, run_after=2024-06-16 00:00:00+00:00
[2024-06-16T08:16:10.324+0000] {processor.py:183} INFO - Processing /home/airflow/.local/lib/python3.12/site-packages/airflow/example_dags/example_branch_labels.py took 0.043 seconds
[2024-06-16T08:16:40.498+0000] {processor.py:161} INFO - Started process (PID=1706) to work on /home/airflow/.local/lib/python3.12/site-packages/airflow/example_dags/example_branch_labels.py
[2024-06-16T08:16:40.498+0000] {processor.py:830} INFO - Processing file /home/airflow/.local/lib/python3.12/site-packages/airflow/example_dags/example_branch_labels.py for tasks to queue
[2024-06-16T08:16:40.499+0000] {logging_mixin.py:188} INFO - [2024-06-16T08:16:40.499+0000] {dagbag.py:545} INFO - Filling up the DagBag from /home/airflow/.local/lib/python3.12/site-packages/airflow/example_dags/example_branch_labels.py
[2024-06-16T08:16:40.503+0000] {processor.py:840} INFO - DAG(s) 'example_branch_labels' retrieved from /home/airflow/.local/lib/python3.12/site-packages/airflow/example_dags/example_branch_labels.py
[2024-06-16T08:16:40.513+0000] {logging_mixin.py:188} INFO - [2024-06-16T08:16:40.513+0000] {dag.py:3096} INFO - Sync 1 DAGs
[2024-06-16T08:16:40.523+0000] {logging_mixin.py:188} INFO - [2024-06-16T08:16:40.523+0000] {dag.py:3954} INFO - Setting next_dagrun for example_branch_labels to 2024-06-15 00:00:00+00:00, run_after=2024-06-16 00:00:00+00:00
[2024-06-16T08:16:40.531+0000] {processor.py:183} INFO - Processing /home/airflow/.local/lib/python3.12/site-packages/airflow/example_dags/example_branch_labels.py took 0.035 seconds
[2024-06-16T08:17:10.782+0000] {processor.py:161} INFO - Started process (PID=1765) to work on /home/airflow/.local/lib/python3.12/site-packages/airflow/example_dags/example_branch_labels.py
[2024-06-16T08:17:10.783+0000] {processor.py:830} INFO - Processing file /home/airflow/.local/lib/python3.12/site-packages/airflow/example_dags/example_branch_labels.py for tasks to queue
[2024-06-16T08:17:10.784+0000] {logging_mixin.py:188} INFO - [2024-06-16T08:17:10.784+0000] {dagbag.py:545} INFO - Filling up the DagBag from /home/airflow/.local/lib/python3.12/site-packages/airflow/example_dags/example_branch_labels.py
[2024-06-16T08:17:10.788+0000] {processor.py:840} INFO - DAG(s) 'example_branch_labels' retrieved from /home/airflow/.local/lib/python3.12/site-packages/airflow/example_dags/example_branch_labels.py
[2024-06-16T08:17:10.797+0000] {logging_mixin.py:188} INFO - [2024-06-16T08:17:10.797+0000] {dag.py:3096} INFO - Sync 1 DAGs
[2024-06-16T08:17:10.807+0000] {logging_mixin.py:188} INFO - [2024-06-16T08:17:10.807+0000] {dag.py:3954} INFO - Setting next_dagrun for example_branch_labels to 2024-06-15 00:00:00+00:00, run_after=2024-06-16 00:00:00+00:00
[2024-06-16T08:17:10.815+0000] {processor.py:183} INFO - Processing /home/airflow/.local/lib/python3.12/site-packages/airflow/example_dags/example_branch_labels.py took 0.035 seconds
[2024-06-16T08:17:41.042+0000] {processor.py:161} INFO - Started process (PID=1824) to work on /home/airflow/.local/lib/python3.12/site-packages/airflow/example_dags/example_branch_labels.py
[2024-06-16T08:17:41.043+0000] {processor.py:830} INFO - Processing file /home/airflow/.local/lib/python3.12/site-packages/airflow/example_dags/example_branch_labels.py for tasks to queue
[2024-06-16T08:17:41.045+0000] {logging_mixin.py:188} INFO - [2024-06-16T08:17:41.044+0000] {dagbag.py:545} INFO - Filling up the DagBag from /home/airflow/.local/lib/python3.12/site-packages/airflow/example_dags/example_branch_labels.py
[2024-06-16T08:17:41.050+0000] {processor.py:840} INFO - DAG(s) 'example_branch_labels' retrieved from /home/airflow/.local/lib/python3.12/site-packages/airflow/example_dags/example_branch_labels.py
[2024-06-16T08:17:41.065+0000] {logging_mixin.py:188} INFO - [2024-06-16T08:17:41.065+0000] {dag.py:3096} INFO - Sync 1 DAGs
[2024-06-16T08:17:41.080+0000] {logging_mixin.py:188} INFO - [2024-06-16T08:17:41.080+0000] {dag.py:3954} INFO - Setting next_dagrun for example_branch_labels to 2024-06-15 00:00:00+00:00, run_after=2024-06-16 00:00:00+00:00
[2024-06-16T08:17:41.091+0000] {processor.py:183} INFO - Processing /home/airflow/.local/lib/python3.12/site-packages/airflow/example_dags/example_branch_labels.py took 0.052 seconds
[2024-06-16T08:18:11.236+0000] {processor.py:161} INFO - Started process (PID=1883) to work on /home/airflow/.local/lib/python3.12/site-packages/airflow/example_dags/example_branch_labels.py
[2024-06-16T08:18:11.237+0000] {processor.py:830} INFO - Processing file /home/airflow/.local/lib/python3.12/site-packages/airflow/example_dags/example_branch_labels.py for tasks to queue
[2024-06-16T08:18:11.237+0000] {logging_mixin.py:188} INFO - [2024-06-16T08:18:11.237+0000] {dagbag.py:545} INFO - Filling up the DagBag from /home/airflow/.local/lib/python3.12/site-packages/airflow/example_dags/example_branch_labels.py
[2024-06-16T08:18:11.242+0000] {processor.py:840} INFO - DAG(s) 'example_branch_labels' retrieved from /home/airflow/.local/lib/python3.12/site-packages/airflow/example_dags/example_branch_labels.py
[2024-06-16T08:18:11.252+0000] {logging_mixin.py:188} INFO - [2024-06-16T08:18:11.252+0000] {dag.py:3096} INFO - Sync 1 DAGs
[2024-06-16T08:18:11.263+0000] {logging_mixin.py:188} INFO - [2024-06-16T08:18:11.263+0000] {dag.py:3954} INFO - Setting next_dagrun for example_branch_labels to 2024-06-15 00:00:00+00:00, run_after=2024-06-16 00:00:00+00:00
[2024-06-16T08:18:11.271+0000] {processor.py:183} INFO - Processing /home/airflow/.local/lib/python3.12/site-packages/airflow/example_dags/example_branch_labels.py took 0.038 seconds
[2024-06-16T08:18:42.129+0000] {processor.py:161} INFO - Started process (PID=1942) to work on /home/airflow/.local/lib/python3.12/site-packages/airflow/example_dags/example_branch_labels.py
[2024-06-16T08:18:42.130+0000] {processor.py:830} INFO - Processing file /home/airflow/.local/lib/python3.12/site-packages/airflow/example_dags/example_branch_labels.py for tasks to queue
[2024-06-16T08:18:42.131+0000] {logging_mixin.py:188} INFO - [2024-06-16T08:18:42.131+0000] {dagbag.py:545} INFO - Filling up the DagBag from /home/airflow/.local/lib/python3.12/site-packages/airflow/example_dags/example_branch_labels.py
[2024-06-16T08:18:42.135+0000] {processor.py:840} INFO - DAG(s) 'example_branch_labels' retrieved from /home/airflow/.local/lib/python3.12/site-packages/airflow/example_dags/example_branch_labels.py
[2024-06-16T08:18:42.144+0000] {logging_mixin.py:188} INFO - [2024-06-16T08:18:42.144+0000] {dag.py:3096} INFO - Sync 1 DAGs
[2024-06-16T08:18:42.154+0000] {logging_mixin.py:188} INFO - [2024-06-16T08:18:42.154+0000] {dag.py:3954} INFO - Setting next_dagrun for example_branch_labels to 2024-06-15 00:00:00+00:00, run_after=2024-06-16 00:00:00+00:00
[2024-06-16T08:18:42.162+0000] {processor.py:183} INFO - Processing /home/airflow/.local/lib/python3.12/site-packages/airflow/example_dags/example_branch_labels.py took 0.035 seconds
[2024-06-16T08:19:12.633+0000] {processor.py:161} INFO - Started process (PID=2001) to work on /home/airflow/.local/lib/python3.12/site-packages/airflow/example_dags/example_branch_labels.py
[2024-06-16T08:19:12.635+0000] {processor.py:830} INFO - Processing file /home/airflow/.local/lib/python3.12/site-packages/airflow/example_dags/example_branch_labels.py for tasks to queue
[2024-06-16T08:19:12.636+0000] {logging_mixin.py:188} INFO - [2024-06-16T08:19:12.636+0000] {dagbag.py:545} INFO - Filling up the DagBag from /home/airflow/.local/lib/python3.12/site-packages/airflow/example_dags/example_branch_labels.py
[2024-06-16T08:19:12.640+0000] {processor.py:840} INFO - DAG(s) 'example_branch_labels' retrieved from /home/airflow/.local/lib/python3.12/site-packages/airflow/example_dags/example_branch_labels.py
[2024-06-16T08:19:12.653+0000] {logging_mixin.py:188} INFO - [2024-06-16T08:19:12.653+0000] {dag.py:3096} INFO - Sync 1 DAGs
[2024-06-16T08:19:12.667+0000] {logging_mixin.py:188} INFO - [2024-06-16T08:19:12.667+0000] {dag.py:3954} INFO - Setting next_dagrun for example_branch_labels to 2024-06-15 00:00:00+00:00, run_after=2024-06-16 00:00:00+00:00
[2024-06-16T08:19:12.676+0000] {processor.py:183} INFO - Processing /home/airflow/.local/lib/python3.12/site-packages/airflow/example_dags/example_branch_labels.py took 0.047 seconds
[2024-06-16T08:22:05.273+0000] {processor.py:161} INFO - Started process (PID=56) to work on /home/airflow/.local/lib/python3.12/site-packages/airflow/example_dags/example_branch_labels.py
[2024-06-16T08:22:05.275+0000] {processor.py:830} INFO - Processing file /home/airflow/.local/lib/python3.12/site-packages/airflow/example_dags/example_branch_labels.py for tasks to queue
[2024-06-16T08:22:05.278+0000] {logging_mixin.py:188} INFO - [2024-06-16T08:22:05.278+0000] {dagbag.py:545} INFO - Filling up the DagBag from /home/airflow/.local/lib/python3.12/site-packages/airflow/example_dags/example_branch_labels.py
[2024-06-16T08:22:05.289+0000] {processor.py:840} INFO - DAG(s) 'example_branch_labels' retrieved from /home/airflow/.local/lib/python3.12/site-packages/airflow/example_dags/example_branch_labels.py
[2024-06-16T08:22:05.324+0000] {logging_mixin.py:188} INFO - [2024-06-16T08:22:05.324+0000] {dag.py:3096} INFO - Sync 1 DAGs
[2024-06-16T08:22:05.382+0000] {logging_mixin.py:188} INFO - [2024-06-16T08:22:05.381+0000] {dag.py:3954} INFO - Setting next_dagrun for example_branch_labels to 2024-06-15 00:00:00+00:00, run_after=2024-06-16 00:00:00+00:00
[2024-06-16T08:22:05.438+0000] {processor.py:183} INFO - Processing /home/airflow/.local/lib/python3.12/site-packages/airflow/example_dags/example_branch_labels.py took 0.170 seconds
[2024-06-16T08:22:40.807+0000] {processor.py:161} INFO - Started process (PID=115) to work on /home/airflow/.local/lib/python3.12/site-packages/airflow/example_dags/example_branch_labels.py
[2024-06-16T08:22:40.807+0000] {processor.py:830} INFO - Processing file /home/airflow/.local/lib/python3.12/site-packages/airflow/example_dags/example_branch_labels.py for tasks to queue
[2024-06-16T08:22:40.808+0000] {logging_mixin.py:188} INFO - [2024-06-16T08:22:40.808+0000] {dagbag.py:545} INFO - Filling up the DagBag from /home/airflow/.local/lib/python3.12/site-packages/airflow/example_dags/example_branch_labels.py
[2024-06-16T08:22:40.812+0000] {processor.py:840} INFO - DAG(s) 'example_branch_labels' retrieved from /home/airflow/.local/lib/python3.12/site-packages/airflow/example_dags/example_branch_labels.py
[2024-06-16T08:22:40.959+0000] {logging_mixin.py:188} INFO - [2024-06-16T08:22:40.959+0000] {dag.py:3096} INFO - Sync 1 DAGs
[2024-06-16T08:22:40.968+0000] {logging_mixin.py:188} INFO - [2024-06-16T08:22:40.968+0000] {dag.py:3954} INFO - Setting next_dagrun for example_branch_labels to 2024-06-15 00:00:00+00:00, run_after=2024-06-16 00:00:00+00:00
[2024-06-16T08:22:40.976+0000] {processor.py:183} INFO - Processing /home/airflow/.local/lib/python3.12/site-packages/airflow/example_dags/example_branch_labels.py took 0.173 seconds
[2024-06-16T08:23:11.235+0000] {processor.py:161} INFO - Started process (PID=174) to work on /home/airflow/.local/lib/python3.12/site-packages/airflow/example_dags/example_branch_labels.py
[2024-06-16T08:23:11.236+0000] {processor.py:830} INFO - Processing file /home/airflow/.local/lib/python3.12/site-packages/airflow/example_dags/example_branch_labels.py for tasks to queue
[2024-06-16T08:23:11.237+0000] {logging_mixin.py:188} INFO - [2024-06-16T08:23:11.236+0000] {dagbag.py:545} INFO - Filling up the DagBag from /home/airflow/.local/lib/python3.12/site-packages/airflow/example_dags/example_branch_labels.py
[2024-06-16T08:23:11.241+0000] {processor.py:840} INFO - DAG(s) 'example_branch_labels' retrieved from /home/airflow/.local/lib/python3.12/site-packages/airflow/example_dags/example_branch_labels.py
[2024-06-16T08:23:11.251+0000] {logging_mixin.py:188} INFO - [2024-06-16T08:23:11.251+0000] {dag.py:3096} INFO - Sync 1 DAGs
[2024-06-16T08:23:11.263+0000] {logging_mixin.py:188} INFO - [2024-06-16T08:23:11.263+0000] {dag.py:3954} INFO - Setting next_dagrun for example_branch_labels to 2024-06-15 00:00:00+00:00, run_after=2024-06-16 00:00:00+00:00
[2024-06-16T08:23:11.274+0000] {processor.py:183} INFO - Processing /home/airflow/.local/lib/python3.12/site-packages/airflow/example_dags/example_branch_labels.py took 0.042 seconds
[2024-06-16T08:26:00.389+0000] {processor.py:161} INFO - Started process (PID=55) to work on /home/airflow/.local/lib/python3.12/site-packages/airflow/example_dags/example_branch_labels.py
[2024-06-16T08:26:00.393+0000] {processor.py:830} INFO - Processing file /home/airflow/.local/lib/python3.12/site-packages/airflow/example_dags/example_branch_labels.py for tasks to queue
[2024-06-16T08:26:00.400+0000] {logging_mixin.py:188} INFO - [2024-06-16T08:26:00.399+0000] {dagbag.py:545} INFO - Filling up the DagBag from /home/airflow/.local/lib/python3.12/site-packages/airflow/example_dags/example_branch_labels.py
[2024-06-16T08:26:00.432+0000] {processor.py:840} INFO - DAG(s) 'example_branch_labels' retrieved from /home/airflow/.local/lib/python3.12/site-packages/airflow/example_dags/example_branch_labels.py
[2024-06-16T08:26:00.458+0000] {logging_mixin.py:188} INFO - [2024-06-16T08:26:00.457+0000] {dag.py:3096} INFO - Sync 1 DAGs
[2024-06-16T08:26:00.510+0000] {logging_mixin.py:188} INFO - [2024-06-16T08:26:00.510+0000] {dag.py:3954} INFO - Setting next_dagrun for example_branch_labels to 2024-06-15 00:00:00+00:00, run_after=2024-06-16 00:00:00+00:00
[2024-06-16T08:26:00.563+0000] {processor.py:183} INFO - Processing /home/airflow/.local/lib/python3.12/site-packages/airflow/example_dags/example_branch_labels.py took 0.186 seconds
[2024-06-16T08:26:31.749+0000] {processor.py:161} INFO - Started process (PID=113) to work on /home/airflow/.local/lib/python3.12/site-packages/airflow/example_dags/example_branch_labels.py
[2024-06-16T08:26:31.749+0000] {processor.py:830} INFO - Processing file /home/airflow/.local/lib/python3.12/site-packages/airflow/example_dags/example_branch_labels.py for tasks to queue
[2024-06-16T08:26:31.751+0000] {logging_mixin.py:188} INFO - [2024-06-16T08:26:31.751+0000] {dagbag.py:545} INFO - Filling up the DagBag from /home/airflow/.local/lib/python3.12/site-packages/airflow/example_dags/example_branch_labels.py
[2024-06-16T08:26:31.756+0000] {processor.py:840} INFO - DAG(s) 'example_branch_labels' retrieved from /home/airflow/.local/lib/python3.12/site-packages/airflow/example_dags/example_branch_labels.py
[2024-06-16T08:26:31.899+0000] {logging_mixin.py:188} INFO - [2024-06-16T08:26:31.899+0000] {dag.py:3096} INFO - Sync 1 DAGs
[2024-06-16T08:26:31.907+0000] {logging_mixin.py:188} INFO - [2024-06-16T08:26:31.907+0000] {dag.py:3954} INFO - Setting next_dagrun for example_branch_labels to 2024-06-15 00:00:00+00:00, run_after=2024-06-16 00:00:00+00:00
[2024-06-16T08:26:31.915+0000] {processor.py:183} INFO - Processing /home/airflow/.local/lib/python3.12/site-packages/airflow/example_dags/example_branch_labels.py took 0.169 seconds
[2024-06-16T08:27:02.576+0000] {processor.py:161} INFO - Started process (PID=172) to work on /home/airflow/.local/lib/python3.12/site-packages/airflow/example_dags/example_branch_labels.py
[2024-06-16T08:27:02.577+0000] {processor.py:830} INFO - Processing file /home/airflow/.local/lib/python3.12/site-packages/airflow/example_dags/example_branch_labels.py for tasks to queue
[2024-06-16T08:27:02.578+0000] {logging_mixin.py:188} INFO - [2024-06-16T08:27:02.578+0000] {dagbag.py:545} INFO - Filling up the DagBag from /home/airflow/.local/lib/python3.12/site-packages/airflow/example_dags/example_branch_labels.py
[2024-06-16T08:27:02.583+0000] {processor.py:840} INFO - DAG(s) 'example_branch_labels' retrieved from /home/airflow/.local/lib/python3.12/site-packages/airflow/example_dags/example_branch_labels.py
[2024-06-16T08:27:02.593+0000] {logging_mixin.py:188} INFO - [2024-06-16T08:27:02.593+0000] {dag.py:3096} INFO - Sync 1 DAGs
[2024-06-16T08:27:02.602+0000] {logging_mixin.py:188} INFO - [2024-06-16T08:27:02.602+0000] {dag.py:3954} INFO - Setting next_dagrun for example_branch_labels to 2024-06-15 00:00:00+00:00, run_after=2024-06-16 00:00:00+00:00
[2024-06-16T08:27:02.610+0000] {processor.py:183} INFO - Processing /home/airflow/.local/lib/python3.12/site-packages/airflow/example_dags/example_branch_labels.py took 0.036 seconds
[2024-06-16T08:27:32.652+0000] {processor.py:161} INFO - Started process (PID=231) to work on /home/airflow/.local/lib/python3.12/site-packages/airflow/example_dags/example_branch_labels.py
[2024-06-16T08:27:32.652+0000] {processor.py:830} INFO - Processing file /home/airflow/.local/lib/python3.12/site-packages/airflow/example_dags/example_branch_labels.py for tasks to queue
[2024-06-16T08:27:32.653+0000] {logging_mixin.py:188} INFO - [2024-06-16T08:27:32.653+0000] {dagbag.py:545} INFO - Filling up the DagBag from /home/airflow/.local/lib/python3.12/site-packages/airflow/example_dags/example_branch_labels.py
[2024-06-16T08:27:32.657+0000] {processor.py:840} INFO - DAG(s) 'example_branch_labels' retrieved from /home/airflow/.local/lib/python3.12/site-packages/airflow/example_dags/example_branch_labels.py
[2024-06-16T08:27:32.667+0000] {logging_mixin.py:188} INFO - [2024-06-16T08:27:32.667+0000] {dag.py:3096} INFO - Sync 1 DAGs
[2024-06-16T08:27:32.676+0000] {logging_mixin.py:188} INFO - [2024-06-16T08:27:32.676+0000] {dag.py:3954} INFO - Setting next_dagrun for example_branch_labels to 2024-06-15 00:00:00+00:00, run_after=2024-06-16 00:00:00+00:00
[2024-06-16T08:27:32.684+0000] {processor.py:183} INFO - Processing /home/airflow/.local/lib/python3.12/site-packages/airflow/example_dags/example_branch_labels.py took 0.035 seconds
[2024-06-16T08:28:03.019+0000] {processor.py:161} INFO - Started process (PID=290) to work on /home/airflow/.local/lib/python3.12/site-packages/airflow/example_dags/example_branch_labels.py
[2024-06-16T08:28:03.019+0000] {processor.py:830} INFO - Processing file /home/airflow/.local/lib/python3.12/site-packages/airflow/example_dags/example_branch_labels.py for tasks to queue
[2024-06-16T08:28:03.020+0000] {logging_mixin.py:188} INFO - [2024-06-16T08:28:03.020+0000] {dagbag.py:545} INFO - Filling up the DagBag from /home/airflow/.local/lib/python3.12/site-packages/airflow/example_dags/example_branch_labels.py
[2024-06-16T08:28:03.024+0000] {processor.py:840} INFO - DAG(s) 'example_branch_labels' retrieved from /home/airflow/.local/lib/python3.12/site-packages/airflow/example_dags/example_branch_labels.py
[2024-06-16T08:28:03.035+0000] {logging_mixin.py:188} INFO - [2024-06-16T08:28:03.035+0000] {dag.py:3096} INFO - Sync 1 DAGs
[2024-06-16T08:28:03.045+0000] {logging_mixin.py:188} INFO - [2024-06-16T08:28:03.044+0000] {dag.py:3954} INFO - Setting next_dagrun for example_branch_labels to 2024-06-15 00:00:00+00:00, run_after=2024-06-16 00:00:00+00:00
[2024-06-16T08:28:03.052+0000] {processor.py:183} INFO - Processing /home/airflow/.local/lib/python3.12/site-packages/airflow/example_dags/example_branch_labels.py took 0.036 seconds
[2024-06-16T08:28:33.412+0000] {processor.py:161} INFO - Started process (PID=349) to work on /home/airflow/.local/lib/python3.12/site-packages/airflow/example_dags/example_branch_labels.py
[2024-06-16T08:28:33.413+0000] {processor.py:830} INFO - Processing file /home/airflow/.local/lib/python3.12/site-packages/airflow/example_dags/example_branch_labels.py for tasks to queue
[2024-06-16T08:28:33.413+0000] {logging_mixin.py:188} INFO - [2024-06-16T08:28:33.413+0000] {dagbag.py:545} INFO - Filling up the DagBag from /home/airflow/.local/lib/python3.12/site-packages/airflow/example_dags/example_branch_labels.py
[2024-06-16T08:28:33.417+0000] {processor.py:840} INFO - DAG(s) 'example_branch_labels' retrieved from /home/airflow/.local/lib/python3.12/site-packages/airflow/example_dags/example_branch_labels.py
[2024-06-16T08:28:33.427+0000] {logging_mixin.py:188} INFO - [2024-06-16T08:28:33.427+0000] {dag.py:3096} INFO - Sync 1 DAGs
[2024-06-16T08:28:33.437+0000] {logging_mixin.py:188} INFO - [2024-06-16T08:28:33.437+0000] {dag.py:3954} INFO - Setting next_dagrun for example_branch_labels to 2024-06-15 00:00:00+00:00, run_after=2024-06-16 00:00:00+00:00
[2024-06-16T08:28:33.444+0000] {processor.py:183} INFO - Processing /home/airflow/.local/lib/python3.12/site-packages/airflow/example_dags/example_branch_labels.py took 0.035 seconds
[2024-06-16T08:29:03.712+0000] {processor.py:161} INFO - Started process (PID=408) to work on /home/airflow/.local/lib/python3.12/site-packages/airflow/example_dags/example_branch_labels.py
[2024-06-16T08:29:03.712+0000] {processor.py:830} INFO - Processing file /home/airflow/.local/lib/python3.12/site-packages/airflow/example_dags/example_branch_labels.py for tasks to queue
[2024-06-16T08:29:03.713+0000] {logging_mixin.py:188} INFO - [2024-06-16T08:29:03.713+0000] {dagbag.py:545} INFO - Filling up the DagBag from /home/airflow/.local/lib/python3.12/site-packages/airflow/example_dags/example_branch_labels.py
[2024-06-16T08:29:03.717+0000] {processor.py:840} INFO - DAG(s) 'example_branch_labels' retrieved from /home/airflow/.local/lib/python3.12/site-packages/airflow/example_dags/example_branch_labels.py
[2024-06-16T08:29:03.727+0000] {logging_mixin.py:188} INFO - [2024-06-16T08:29:03.727+0000] {dag.py:3096} INFO - Sync 1 DAGs
[2024-06-16T08:29:03.737+0000] {logging_mixin.py:188} INFO - [2024-06-16T08:29:03.737+0000] {dag.py:3954} INFO - Setting next_dagrun for example_branch_labels to 2024-06-15 00:00:00+00:00, run_after=2024-06-16 00:00:00+00:00
[2024-06-16T08:29:03.746+0000] {processor.py:183} INFO - Processing /home/airflow/.local/lib/python3.12/site-packages/airflow/example_dags/example_branch_labels.py took 0.037 seconds
[2024-06-16T08:32:56.301+0000] {processor.py:161} INFO - Started process (PID=56) to work on /home/airflow/.local/lib/python3.12/site-packages/airflow/example_dags/example_branch_labels.py
[2024-06-16T08:32:56.306+0000] {processor.py:830} INFO - Processing file /home/airflow/.local/lib/python3.12/site-packages/airflow/example_dags/example_branch_labels.py for tasks to queue
[2024-06-16T08:32:56.327+0000] {logging_mixin.py:188} INFO - [2024-06-16T08:32:56.327+0000] {dagbag.py:545} INFO - Filling up the DagBag from /home/airflow/.local/lib/python3.12/site-packages/airflow/example_dags/example_branch_labels.py
[2024-06-16T08:32:56.459+0000] {processor.py:840} INFO - DAG(s) 'example_branch_labels' retrieved from /home/airflow/.local/lib/python3.12/site-packages/airflow/example_dags/example_branch_labels.py
[2024-06-16T08:32:56.527+0000] {logging_mixin.py:188} INFO - [2024-06-16T08:32:56.526+0000] {dag.py:3096} INFO - Sync 1 DAGs
[2024-06-16T08:32:56.621+0000] {logging_mixin.py:188} INFO - [2024-06-16T08:32:56.621+0000] {dag.py:3954} INFO - Setting next_dagrun for example_branch_labels to 2024-06-15 00:00:00+00:00, run_after=2024-06-16 00:00:00+00:00
[2024-06-16T08:32:56.721+0000] {processor.py:183} INFO - Processing /home/airflow/.local/lib/python3.12/site-packages/airflow/example_dags/example_branch_labels.py took 0.470 seconds
[2024-06-16T08:33:26.846+0000] {processor.py:161} INFO - Started process (PID=114) to work on /home/airflow/.local/lib/python3.12/site-packages/airflow/example_dags/example_branch_labels.py
[2024-06-16T08:33:26.847+0000] {processor.py:830} INFO - Processing file /home/airflow/.local/lib/python3.12/site-packages/airflow/example_dags/example_branch_labels.py for tasks to queue
[2024-06-16T08:33:26.848+0000] {logging_mixin.py:188} INFO - [2024-06-16T08:33:26.848+0000] {dagbag.py:545} INFO - Filling up the DagBag from /home/airflow/.local/lib/python3.12/site-packages/airflow/example_dags/example_branch_labels.py
[2024-06-16T08:33:26.853+0000] {processor.py:840} INFO - DAG(s) 'example_branch_labels' retrieved from /home/airflow/.local/lib/python3.12/site-packages/airflow/example_dags/example_branch_labels.py
[2024-06-16T08:33:27.007+0000] {logging_mixin.py:188} INFO - [2024-06-16T08:33:27.007+0000] {dag.py:3096} INFO - Sync 1 DAGs
[2024-06-16T08:33:27.017+0000] {logging_mixin.py:188} INFO - [2024-06-16T08:33:27.017+0000] {dag.py:3954} INFO - Setting next_dagrun for example_branch_labels to 2024-06-15 00:00:00+00:00, run_after=2024-06-16 00:00:00+00:00
[2024-06-16T08:33:27.026+0000] {processor.py:183} INFO - Processing /home/airflow/.local/lib/python3.12/site-packages/airflow/example_dags/example_branch_labels.py took 0.184 seconds
[2024-06-16T08:33:57.894+0000] {processor.py:161} INFO - Started process (PID=173) to work on /home/airflow/.local/lib/python3.12/site-packages/airflow/example_dags/example_branch_labels.py
[2024-06-16T08:33:57.897+0000] {processor.py:830} INFO - Processing file /home/airflow/.local/lib/python3.12/site-packages/airflow/example_dags/example_branch_labels.py for tasks to queue
[2024-06-16T08:33:57.900+0000] {logging_mixin.py:188} INFO - [2024-06-16T08:33:57.899+0000] {dagbag.py:545} INFO - Filling up the DagBag from /home/airflow/.local/lib/python3.12/site-packages/airflow/example_dags/example_branch_labels.py
[2024-06-16T08:33:57.912+0000] {processor.py:840} INFO - DAG(s) 'example_branch_labels' retrieved from /home/airflow/.local/lib/python3.12/site-packages/airflow/example_dags/example_branch_labels.py
[2024-06-16T08:33:57.946+0000] {logging_mixin.py:188} INFO - [2024-06-16T08:33:57.946+0000] {dag.py:3096} INFO - Sync 1 DAGs
[2024-06-16T08:33:57.963+0000] {logging_mixin.py:188} INFO - [2024-06-16T08:33:57.963+0000] {dag.py:3954} INFO - Setting next_dagrun for example_branch_labels to 2024-06-15 00:00:00+00:00, run_after=2024-06-16 00:00:00+00:00
[2024-06-16T08:33:57.976+0000] {processor.py:183} INFO - Processing /home/airflow/.local/lib/python3.12/site-packages/airflow/example_dags/example_branch_labels.py took 0.097 seconds
[2024-06-16T08:34:28.424+0000] {processor.py:161} INFO - Started process (PID=232) to work on /home/airflow/.local/lib/python3.12/site-packages/airflow/example_dags/example_branch_labels.py
[2024-06-16T08:34:28.428+0000] {processor.py:830} INFO - Processing file /home/airflow/.local/lib/python3.12/site-packages/airflow/example_dags/example_branch_labels.py for tasks to queue
[2024-06-16T08:34:28.436+0000] {logging_mixin.py:188} INFO - [2024-06-16T08:34:28.435+0000] {dagbag.py:545} INFO - Filling up the DagBag from /home/airflow/.local/lib/python3.12/site-packages/airflow/example_dags/example_branch_labels.py
[2024-06-16T08:34:28.464+0000] {processor.py:840} INFO - DAG(s) 'example_branch_labels' retrieved from /home/airflow/.local/lib/python3.12/site-packages/airflow/example_dags/example_branch_labels.py
[2024-06-16T08:34:28.492+0000] {logging_mixin.py:188} INFO - [2024-06-16T08:34:28.492+0000] {dag.py:3096} INFO - Sync 1 DAGs
[2024-06-16T08:34:28.507+0000] {logging_mixin.py:188} INFO - [2024-06-16T08:34:28.507+0000] {dag.py:3954} INFO - Setting next_dagrun for example_branch_labels to 2024-06-15 00:00:00+00:00, run_after=2024-06-16 00:00:00+00:00
[2024-06-16T08:34:28.516+0000] {processor.py:183} INFO - Processing /home/airflow/.local/lib/python3.12/site-packages/airflow/example_dags/example_branch_labels.py took 0.106 seconds
[2024-06-16T08:35:23.857+0000] {processor.py:161} INFO - Started process (PID=56) to work on /home/airflow/.local/lib/python3.12/site-packages/airflow/example_dags/example_branch_labels.py
[2024-06-16T08:35:23.859+0000] {processor.py:830} INFO - Processing file /home/airflow/.local/lib/python3.12/site-packages/airflow/example_dags/example_branch_labels.py for tasks to queue
[2024-06-16T08:35:23.862+0000] {logging_mixin.py:188} INFO - [2024-06-16T08:35:23.861+0000] {dagbag.py:545} INFO - Filling up the DagBag from /home/airflow/.local/lib/python3.12/site-packages/airflow/example_dags/example_branch_labels.py
[2024-06-16T08:35:23.870+0000] {processor.py:840} INFO - DAG(s) 'example_branch_labels' retrieved from /home/airflow/.local/lib/python3.12/site-packages/airflow/example_dags/example_branch_labels.py
[2024-06-16T08:35:23.901+0000] {logging_mixin.py:188} INFO - [2024-06-16T08:35:23.901+0000] {dag.py:3096} INFO - Sync 1 DAGs
[2024-06-16T08:35:23.927+0000] {logging_mixin.py:188} INFO - [2024-06-16T08:35:23.927+0000] {dag.py:3954} INFO - Setting next_dagrun for example_branch_labels to 2024-06-15 00:00:00+00:00, run_after=2024-06-16 00:00:00+00:00
[2024-06-16T08:35:23.954+0000] {processor.py:183} INFO - Processing /home/airflow/.local/lib/python3.12/site-packages/airflow/example_dags/example_branch_labels.py took 0.103 seconds
[2024-06-16T08:35:55.432+0000] {processor.py:161} INFO - Started process (PID=114) to work on /home/airflow/.local/lib/python3.12/site-packages/airflow/example_dags/example_branch_labels.py
[2024-06-16T08:35:55.433+0000] {processor.py:830} INFO - Processing file /home/airflow/.local/lib/python3.12/site-packages/airflow/example_dags/example_branch_labels.py for tasks to queue
[2024-06-16T08:35:55.434+0000] {logging_mixin.py:188} INFO - [2024-06-16T08:35:55.434+0000] {dagbag.py:545} INFO - Filling up the DagBag from /home/airflow/.local/lib/python3.12/site-packages/airflow/example_dags/example_branch_labels.py
[2024-06-16T08:35:55.439+0000] {processor.py:840} INFO - DAG(s) 'example_branch_labels' retrieved from /home/airflow/.local/lib/python3.12/site-packages/airflow/example_dags/example_branch_labels.py
[2024-06-16T08:35:55.595+0000] {logging_mixin.py:188} INFO - [2024-06-16T08:35:55.595+0000] {dag.py:3096} INFO - Sync 1 DAGs
[2024-06-16T08:35:55.609+0000] {logging_mixin.py:188} INFO - [2024-06-16T08:35:55.609+0000] {dag.py:3954} INFO - Setting next_dagrun for example_branch_labels to 2024-06-15 00:00:00+00:00, run_after=2024-06-16 00:00:00+00:00
[2024-06-16T08:35:55.621+0000] {processor.py:183} INFO - Processing /home/airflow/.local/lib/python3.12/site-packages/airflow/example_dags/example_branch_labels.py took 0.186 seconds
[2024-06-16T08:36:26.694+0000] {processor.py:161} INFO - Started process (PID=173) to work on /home/airflow/.local/lib/python3.12/site-packages/airflow/example_dags/example_branch_labels.py
[2024-06-16T08:36:26.695+0000] {processor.py:830} INFO - Processing file /home/airflow/.local/lib/python3.12/site-packages/airflow/example_dags/example_branch_labels.py for tasks to queue
[2024-06-16T08:36:26.696+0000] {logging_mixin.py:188} INFO - [2024-06-16T08:36:26.696+0000] {dagbag.py:545} INFO - Filling up the DagBag from /home/airflow/.local/lib/python3.12/site-packages/airflow/example_dags/example_branch_labels.py
[2024-06-16T08:36:26.702+0000] {processor.py:840} INFO - DAG(s) 'example_branch_labels' retrieved from /home/airflow/.local/lib/python3.12/site-packages/airflow/example_dags/example_branch_labels.py
[2024-06-16T08:36:26.714+0000] {logging_mixin.py:188} INFO - [2024-06-16T08:36:26.714+0000] {dag.py:3096} INFO - Sync 1 DAGs
[2024-06-16T08:36:26.726+0000] {logging_mixin.py:188} INFO - [2024-06-16T08:36:26.726+0000] {dag.py:3954} INFO - Setting next_dagrun for example_branch_labels to 2024-06-15 00:00:00+00:00, run_after=2024-06-16 00:00:00+00:00
[2024-06-16T08:36:26.739+0000] {processor.py:183} INFO - Processing /home/airflow/.local/lib/python3.12/site-packages/airflow/example_dags/example_branch_labels.py took 0.048 seconds
[2024-06-16T08:36:56.914+0000] {processor.py:161} INFO - Started process (PID=232) to work on /home/airflow/.local/lib/python3.12/site-packages/airflow/example_dags/example_branch_labels.py
[2024-06-16T08:36:56.917+0000] {processor.py:830} INFO - Processing file /home/airflow/.local/lib/python3.12/site-packages/airflow/example_dags/example_branch_labels.py for tasks to queue
[2024-06-16T08:36:56.918+0000] {logging_mixin.py:188} INFO - [2024-06-16T08:36:56.918+0000] {dagbag.py:545} INFO - Filling up the DagBag from /home/airflow/.local/lib/python3.12/site-packages/airflow/example_dags/example_branch_labels.py
[2024-06-16T08:36:56.927+0000] {processor.py:840} INFO - DAG(s) 'example_branch_labels' retrieved from /home/airflow/.local/lib/python3.12/site-packages/airflow/example_dags/example_branch_labels.py
[2024-06-16T08:36:57.099+0000] {logging_mixin.py:188} INFO - [2024-06-16T08:36:57.097+0000] {dag.py:3096} INFO - Sync 1 DAGs
[2024-06-16T08:36:57.149+0000] {logging_mixin.py:188} INFO - [2024-06-16T08:36:57.149+0000] {dag.py:3954} INFO - Setting next_dagrun for example_branch_labels to 2024-06-15 00:00:00+00:00, run_after=2024-06-16 00:00:00+00:00
[2024-06-16T08:36:57.173+0000] {processor.py:183} INFO - Processing /home/airflow/.local/lib/python3.12/site-packages/airflow/example_dags/example_branch_labels.py took 0.262 seconds
[2024-06-16T08:37:27.984+0000] {processor.py:161} INFO - Started process (PID=291) to work on /home/airflow/.local/lib/python3.12/site-packages/airflow/example_dags/example_branch_labels.py
[2024-06-16T08:37:27.986+0000] {processor.py:830} INFO - Processing file /home/airflow/.local/lib/python3.12/site-packages/airflow/example_dags/example_branch_labels.py for tasks to queue
[2024-06-16T08:37:27.989+0000] {logging_mixin.py:188} INFO - [2024-06-16T08:37:27.989+0000] {dagbag.py:545} INFO - Filling up the DagBag from /home/airflow/.local/lib/python3.12/site-packages/airflow/example_dags/example_branch_labels.py
[2024-06-16T08:37:28.006+0000] {processor.py:840} INFO - DAG(s) 'example_branch_labels' retrieved from /home/airflow/.local/lib/python3.12/site-packages/airflow/example_dags/example_branch_labels.py
[2024-06-16T08:37:28.034+0000] {logging_mixin.py:188} INFO - [2024-06-16T08:37:28.034+0000] {dag.py:3096} INFO - Sync 1 DAGs
[2024-06-16T08:37:28.046+0000] {logging_mixin.py:188} INFO - [2024-06-16T08:37:28.046+0000] {dag.py:3954} INFO - Setting next_dagrun for example_branch_labels to 2024-06-15 00:00:00+00:00, run_after=2024-06-16 00:00:00+00:00
[2024-06-16T08:37:28.057+0000] {processor.py:183} INFO - Processing /home/airflow/.local/lib/python3.12/site-packages/airflow/example_dags/example_branch_labels.py took 0.085 seconds
