[2024-06-16T07:55:03.286+0000] {processor.py:161} INFO - Started process (PID=66) to work on /home/airflow/.local/lib/python3.12/site-packages/airflow/example_dags/example_python_decorator.py
[2024-06-16T07:55:03.288+0000] {processor.py:830} INFO - Processing file /home/airflow/.local/lib/python3.12/site-packages/airflow/example_dags/example_python_decorator.py for tasks to queue
[2024-06-16T07:55:03.292+0000] {logging_mixin.py:188} INFO - [2024-06-16T07:55:03.291+0000] {dagbag.py:545} INFO - Filling up the DagBag from /home/airflow/.local/lib/python3.12/site-packages/airflow/example_dags/example_python_decorator.py
[2024-06-16T07:55:03.353+0000] {processor.py:840} INFO - DAG(s) 'example_python_decorator' retrieved from /home/airflow/.local/lib/python3.12/site-packages/airflow/example_dags/example_python_decorator.py
[2024-06-16T07:55:03.414+0000] {logging_mixin.py:188} INFO - [2024-06-16T07:55:03.414+0000] {dag.py:3096} INFO - Sync 1 DAGs
[2024-06-16T07:55:03.464+0000] {logging_mixin.py:188} INFO - [2024-06-16T07:55:03.463+0000] {dag.py:3954} INFO - Setting next_dagrun for example_python_decorator to None, run_after=None
[2024-06-16T07:55:03.501+0000] {processor.py:183} INFO - Processing /home/airflow/.local/lib/python3.12/site-packages/airflow/example_dags/example_python_decorator.py took 0.226 seconds
[2024-06-16T07:55:35.426+0000] {processor.py:161} INFO - Started process (PID=124) to work on /home/airflow/.local/lib/python3.12/site-packages/airflow/example_dags/example_python_decorator.py
[2024-06-16T07:55:35.437+0000] {processor.py:830} INFO - Processing file /home/airflow/.local/lib/python3.12/site-packages/airflow/example_dags/example_python_decorator.py for tasks to queue
[2024-06-16T07:55:35.449+0000] {logging_mixin.py:188} INFO - [2024-06-16T07:55:35.448+0000] {dagbag.py:545} INFO - Filling up the DagBag from /home/airflow/.local/lib/python3.12/site-packages/airflow/example_dags/example_python_decorator.py
[2024-06-16T07:55:35.475+0000] {processor.py:840} INFO - DAG(s) 'example_python_decorator' retrieved from /home/airflow/.local/lib/python3.12/site-packages/airflow/example_dags/example_python_decorator.py
[2024-06-16T07:55:35.586+0000] {logging_mixin.py:188} INFO - [2024-06-16T07:55:35.585+0000] {dag.py:3096} INFO - Sync 1 DAGs
[2024-06-16T07:55:35.616+0000] {logging_mixin.py:188} INFO - [2024-06-16T07:55:35.616+0000] {dag.py:3954} INFO - Setting next_dagrun for example_python_decorator to None, run_after=None
[2024-06-16T07:55:35.852+0000] {processor.py:183} INFO - Processing /home/airflow/.local/lib/python3.12/site-packages/airflow/example_dags/example_python_decorator.py took 0.432 seconds
[2024-06-16T07:56:06.347+0000] {processor.py:161} INFO - Started process (PID=183) to work on /home/airflow/.local/lib/python3.12/site-packages/airflow/example_dags/example_python_decorator.py
[2024-06-16T07:56:06.348+0000] {processor.py:830} INFO - Processing file /home/airflow/.local/lib/python3.12/site-packages/airflow/example_dags/example_python_decorator.py for tasks to queue
[2024-06-16T07:56:06.351+0000] {logging_mixin.py:188} INFO - [2024-06-16T07:56:06.351+0000] {dagbag.py:545} INFO - Filling up the DagBag from /home/airflow/.local/lib/python3.12/site-packages/airflow/example_dags/example_python_decorator.py
[2024-06-16T07:56:06.358+0000] {processor.py:840} INFO - DAG(s) 'example_python_decorator' retrieved from /home/airflow/.local/lib/python3.12/site-packages/airflow/example_dags/example_python_decorator.py
[2024-06-16T07:56:06.369+0000] {logging_mixin.py:188} INFO - [2024-06-16T07:56:06.369+0000] {dag.py:3096} INFO - Sync 1 DAGs
[2024-06-16T07:56:06.376+0000] {logging_mixin.py:188} INFO - [2024-06-16T07:56:06.375+0000] {dag.py:3954} INFO - Setting next_dagrun for example_python_decorator to None, run_after=None
[2024-06-16T07:56:06.384+0000] {processor.py:183} INFO - Processing /home/airflow/.local/lib/python3.12/site-packages/airflow/example_dags/example_python_decorator.py took 0.040 seconds
[2024-06-16T07:56:37.042+0000] {processor.py:161} INFO - Started process (PID=242) to work on /home/airflow/.local/lib/python3.12/site-packages/airflow/example_dags/example_python_decorator.py
[2024-06-16T07:56:37.043+0000] {processor.py:830} INFO - Processing file /home/airflow/.local/lib/python3.12/site-packages/airflow/example_dags/example_python_decorator.py for tasks to queue
[2024-06-16T07:56:37.044+0000] {logging_mixin.py:188} INFO - [2024-06-16T07:56:37.044+0000] {dagbag.py:545} INFO - Filling up the DagBag from /home/airflow/.local/lib/python3.12/site-packages/airflow/example_dags/example_python_decorator.py
[2024-06-16T07:56:37.051+0000] {processor.py:840} INFO - DAG(s) 'example_python_decorator' retrieved from /home/airflow/.local/lib/python3.12/site-packages/airflow/example_dags/example_python_decorator.py
[2024-06-16T07:56:37.062+0000] {logging_mixin.py:188} INFO - [2024-06-16T07:56:37.062+0000] {dag.py:3096} INFO - Sync 1 DAGs
[2024-06-16T07:56:37.068+0000] {logging_mixin.py:188} INFO - [2024-06-16T07:56:37.068+0000] {dag.py:3954} INFO - Setting next_dagrun for example_python_decorator to None, run_after=None
[2024-06-16T07:56:37.077+0000] {processor.py:183} INFO - Processing /home/airflow/.local/lib/python3.12/site-packages/airflow/example_dags/example_python_decorator.py took 0.038 seconds
[2024-06-16T07:57:07.768+0000] {processor.py:161} INFO - Started process (PID=301) to work on /home/airflow/.local/lib/python3.12/site-packages/airflow/example_dags/example_python_decorator.py
[2024-06-16T07:57:07.769+0000] {processor.py:830} INFO - Processing file /home/airflow/.local/lib/python3.12/site-packages/airflow/example_dags/example_python_decorator.py for tasks to queue
[2024-06-16T07:57:07.770+0000] {logging_mixin.py:188} INFO - [2024-06-16T07:57:07.770+0000] {dagbag.py:545} INFO - Filling up the DagBag from /home/airflow/.local/lib/python3.12/site-packages/airflow/example_dags/example_python_decorator.py
[2024-06-16T07:57:07.779+0000] {processor.py:840} INFO - DAG(s) 'example_python_decorator' retrieved from /home/airflow/.local/lib/python3.12/site-packages/airflow/example_dags/example_python_decorator.py
[2024-06-16T07:57:07.793+0000] {logging_mixin.py:188} INFO - [2024-06-16T07:57:07.793+0000] {dag.py:3096} INFO - Sync 1 DAGs
[2024-06-16T07:57:07.799+0000] {logging_mixin.py:188} INFO - [2024-06-16T07:57:07.799+0000] {dag.py:3954} INFO - Setting next_dagrun for example_python_decorator to None, run_after=None
[2024-06-16T07:57:07.807+0000] {processor.py:183} INFO - Processing /home/airflow/.local/lib/python3.12/site-packages/airflow/example_dags/example_python_decorator.py took 0.042 seconds
[2024-06-16T07:57:37.870+0000] {processor.py:161} INFO - Started process (PID=360) to work on /home/airflow/.local/lib/python3.12/site-packages/airflow/example_dags/example_python_decorator.py
[2024-06-16T07:57:37.870+0000] {processor.py:830} INFO - Processing file /home/airflow/.local/lib/python3.12/site-packages/airflow/example_dags/example_python_decorator.py for tasks to queue
[2024-06-16T07:57:37.871+0000] {logging_mixin.py:188} INFO - [2024-06-16T07:57:37.871+0000] {dagbag.py:545} INFO - Filling up the DagBag from /home/airflow/.local/lib/python3.12/site-packages/airflow/example_dags/example_python_decorator.py
[2024-06-16T07:57:37.879+0000] {processor.py:840} INFO - DAG(s) 'example_python_decorator' retrieved from /home/airflow/.local/lib/python3.12/site-packages/airflow/example_dags/example_python_decorator.py
[2024-06-16T07:57:37.889+0000] {logging_mixin.py:188} INFO - [2024-06-16T07:57:37.889+0000] {dag.py:3096} INFO - Sync 1 DAGs
[2024-06-16T07:57:37.894+0000] {logging_mixin.py:188} INFO - [2024-06-16T07:57:37.894+0000] {dag.py:3954} INFO - Setting next_dagrun for example_python_decorator to None, run_after=None
[2024-06-16T07:57:37.902+0000] {processor.py:183} INFO - Processing /home/airflow/.local/lib/python3.12/site-packages/airflow/example_dags/example_python_decorator.py took 0.035 seconds
[2024-06-16T07:58:08.016+0000] {processor.py:161} INFO - Started process (PID=419) to work on /home/airflow/.local/lib/python3.12/site-packages/airflow/example_dags/example_python_decorator.py
[2024-06-16T07:58:08.017+0000] {processor.py:830} INFO - Processing file /home/airflow/.local/lib/python3.12/site-packages/airflow/example_dags/example_python_decorator.py for tasks to queue
[2024-06-16T07:58:08.018+0000] {logging_mixin.py:188} INFO - [2024-06-16T07:58:08.017+0000] {dagbag.py:545} INFO - Filling up the DagBag from /home/airflow/.local/lib/python3.12/site-packages/airflow/example_dags/example_python_decorator.py
[2024-06-16T07:58:08.207+0000] {processor.py:840} INFO - DAG(s) 'example_python_decorator' retrieved from /home/airflow/.local/lib/python3.12/site-packages/airflow/example_dags/example_python_decorator.py
[2024-06-16T07:58:08.222+0000] {logging_mixin.py:188} INFO - [2024-06-16T07:58:08.222+0000] {dag.py:3096} INFO - Sync 1 DAGs
[2024-06-16T07:58:08.228+0000] {logging_mixin.py:188} INFO - [2024-06-16T07:58:08.228+0000] {dag.py:3954} INFO - Setting next_dagrun for example_python_decorator to None, run_after=None
[2024-06-16T07:58:08.237+0000] {processor.py:183} INFO - Processing /home/airflow/.local/lib/python3.12/site-packages/airflow/example_dags/example_python_decorator.py took 0.224 seconds
[2024-06-16T07:58:38.887+0000] {processor.py:161} INFO - Started process (PID=478) to work on /home/airflow/.local/lib/python3.12/site-packages/airflow/example_dags/example_python_decorator.py
[2024-06-16T07:58:38.888+0000] {processor.py:830} INFO - Processing file /home/airflow/.local/lib/python3.12/site-packages/airflow/example_dags/example_python_decorator.py for tasks to queue
[2024-06-16T07:58:38.889+0000] {logging_mixin.py:188} INFO - [2024-06-16T07:58:38.889+0000] {dagbag.py:545} INFO - Filling up the DagBag from /home/airflow/.local/lib/python3.12/site-packages/airflow/example_dags/example_python_decorator.py
[2024-06-16T07:58:38.898+0000] {processor.py:840} INFO - DAG(s) 'example_python_decorator' retrieved from /home/airflow/.local/lib/python3.12/site-packages/airflow/example_dags/example_python_decorator.py
[2024-06-16T07:58:38.910+0000] {logging_mixin.py:188} INFO - [2024-06-16T07:58:38.910+0000] {dag.py:3096} INFO - Sync 1 DAGs
[2024-06-16T07:58:38.918+0000] {logging_mixin.py:188} INFO - [2024-06-16T07:58:38.918+0000] {dag.py:3954} INFO - Setting next_dagrun for example_python_decorator to None, run_after=None
[2024-06-16T07:58:38.928+0000] {processor.py:183} INFO - Processing /home/airflow/.local/lib/python3.12/site-packages/airflow/example_dags/example_python_decorator.py took 0.044 seconds
[2024-06-16T07:59:09.187+0000] {processor.py:161} INFO - Started process (PID=537) to work on /home/airflow/.local/lib/python3.12/site-packages/airflow/example_dags/example_python_decorator.py
[2024-06-16T07:59:09.188+0000] {processor.py:830} INFO - Processing file /home/airflow/.local/lib/python3.12/site-packages/airflow/example_dags/example_python_decorator.py for tasks to queue
[2024-06-16T07:59:09.188+0000] {logging_mixin.py:188} INFO - [2024-06-16T07:59:09.188+0000] {dagbag.py:545} INFO - Filling up the DagBag from /home/airflow/.local/lib/python3.12/site-packages/airflow/example_dags/example_python_decorator.py
[2024-06-16T07:59:09.196+0000] {processor.py:840} INFO - DAG(s) 'example_python_decorator' retrieved from /home/airflow/.local/lib/python3.12/site-packages/airflow/example_dags/example_python_decorator.py
[2024-06-16T07:59:09.206+0000] {logging_mixin.py:188} INFO - [2024-06-16T07:59:09.206+0000] {dag.py:3096} INFO - Sync 1 DAGs
[2024-06-16T07:59:09.212+0000] {logging_mixin.py:188} INFO - [2024-06-16T07:59:09.212+0000] {dag.py:3954} INFO - Setting next_dagrun for example_python_decorator to None, run_after=None
[2024-06-16T07:59:09.219+0000] {processor.py:183} INFO - Processing /home/airflow/.local/lib/python3.12/site-packages/airflow/example_dags/example_python_decorator.py took 0.035 seconds
[2024-06-16T07:59:39.634+0000] {processor.py:161} INFO - Started process (PID=597) to work on /home/airflow/.local/lib/python3.12/site-packages/airflow/example_dags/example_python_decorator.py
[2024-06-16T07:59:39.635+0000] {processor.py:830} INFO - Processing file /home/airflow/.local/lib/python3.12/site-packages/airflow/example_dags/example_python_decorator.py for tasks to queue
[2024-06-16T07:59:39.636+0000] {logging_mixin.py:188} INFO - [2024-06-16T07:59:39.635+0000] {dagbag.py:545} INFO - Filling up the DagBag from /home/airflow/.local/lib/python3.12/site-packages/airflow/example_dags/example_python_decorator.py
[2024-06-16T07:59:39.642+0000] {processor.py:840} INFO - DAG(s) 'example_python_decorator' retrieved from /home/airflow/.local/lib/python3.12/site-packages/airflow/example_dags/example_python_decorator.py
[2024-06-16T07:59:39.656+0000] {logging_mixin.py:188} INFO - [2024-06-16T07:59:39.656+0000] {dag.py:3096} INFO - Sync 1 DAGs
[2024-06-16T07:59:39.664+0000] {logging_mixin.py:188} INFO - [2024-06-16T07:59:39.664+0000] {dag.py:3954} INFO - Setting next_dagrun for example_python_decorator to None, run_after=None
[2024-06-16T07:59:39.672+0000] {processor.py:183} INFO - Processing /home/airflow/.local/lib/python3.12/site-packages/airflow/example_dags/example_python_decorator.py took 0.041 seconds
[2024-06-16T08:00:09.827+0000] {processor.py:161} INFO - Started process (PID=656) to work on /home/airflow/.local/lib/python3.12/site-packages/airflow/example_dags/example_python_decorator.py
[2024-06-16T08:00:09.828+0000] {processor.py:830} INFO - Processing file /home/airflow/.local/lib/python3.12/site-packages/airflow/example_dags/example_python_decorator.py for tasks to queue
[2024-06-16T08:00:09.829+0000] {logging_mixin.py:188} INFO - [2024-06-16T08:00:09.829+0000] {dagbag.py:545} INFO - Filling up the DagBag from /home/airflow/.local/lib/python3.12/site-packages/airflow/example_dags/example_python_decorator.py
[2024-06-16T08:00:09.836+0000] {processor.py:840} INFO - DAG(s) 'example_python_decorator' retrieved from /home/airflow/.local/lib/python3.12/site-packages/airflow/example_dags/example_python_decorator.py
[2024-06-16T08:00:09.847+0000] {logging_mixin.py:188} INFO - [2024-06-16T08:00:09.847+0000] {dag.py:3096} INFO - Sync 1 DAGs
[2024-06-16T08:00:09.853+0000] {logging_mixin.py:188} INFO - [2024-06-16T08:00:09.853+0000] {dag.py:3954} INFO - Setting next_dagrun for example_python_decorator to None, run_after=None
[2024-06-16T08:00:09.861+0000] {processor.py:183} INFO - Processing /home/airflow/.local/lib/python3.12/site-packages/airflow/example_dags/example_python_decorator.py took 0.037 seconds
[2024-06-16T08:00:40.056+0000] {processor.py:161} INFO - Started process (PID=715) to work on /home/airflow/.local/lib/python3.12/site-packages/airflow/example_dags/example_python_decorator.py
[2024-06-16T08:00:40.056+0000] {processor.py:830} INFO - Processing file /home/airflow/.local/lib/python3.12/site-packages/airflow/example_dags/example_python_decorator.py for tasks to queue
[2024-06-16T08:00:40.057+0000] {logging_mixin.py:188} INFO - [2024-06-16T08:00:40.057+0000] {dagbag.py:545} INFO - Filling up the DagBag from /home/airflow/.local/lib/python3.12/site-packages/airflow/example_dags/example_python_decorator.py
[2024-06-16T08:00:40.064+0000] {processor.py:840} INFO - DAG(s) 'example_python_decorator' retrieved from /home/airflow/.local/lib/python3.12/site-packages/airflow/example_dags/example_python_decorator.py
[2024-06-16T08:00:40.073+0000] {logging_mixin.py:188} INFO - [2024-06-16T08:00:40.073+0000] {dag.py:3096} INFO - Sync 1 DAGs
[2024-06-16T08:00:40.079+0000] {logging_mixin.py:188} INFO - [2024-06-16T08:00:40.079+0000] {dag.py:3954} INFO - Setting next_dagrun for example_python_decorator to None, run_after=None
[2024-06-16T08:00:40.089+0000] {processor.py:183} INFO - Processing /home/airflow/.local/lib/python3.12/site-packages/airflow/example_dags/example_python_decorator.py took 0.036 seconds
[2024-06-16T08:01:10.495+0000] {processor.py:161} INFO - Started process (PID=774) to work on /home/airflow/.local/lib/python3.12/site-packages/airflow/example_dags/example_python_decorator.py
[2024-06-16T08:01:10.496+0000] {processor.py:830} INFO - Processing file /home/airflow/.local/lib/python3.12/site-packages/airflow/example_dags/example_python_decorator.py for tasks to queue
[2024-06-16T08:01:10.497+0000] {logging_mixin.py:188} INFO - [2024-06-16T08:01:10.497+0000] {dagbag.py:545} INFO - Filling up the DagBag from /home/airflow/.local/lib/python3.12/site-packages/airflow/example_dags/example_python_decorator.py
[2024-06-16T08:01:10.503+0000] {processor.py:840} INFO - DAG(s) 'example_python_decorator' retrieved from /home/airflow/.local/lib/python3.12/site-packages/airflow/example_dags/example_python_decorator.py
[2024-06-16T08:01:10.513+0000] {logging_mixin.py:188} INFO - [2024-06-16T08:01:10.513+0000] {dag.py:3096} INFO - Sync 1 DAGs
[2024-06-16T08:01:10.519+0000] {logging_mixin.py:188} INFO - [2024-06-16T08:01:10.519+0000] {dag.py:3954} INFO - Setting next_dagrun for example_python_decorator to None, run_after=None
[2024-06-16T08:01:10.526+0000] {processor.py:183} INFO - Processing /home/airflow/.local/lib/python3.12/site-packages/airflow/example_dags/example_python_decorator.py took 0.034 seconds
[2024-06-16T08:01:40.580+0000] {processor.py:161} INFO - Started process (PID=834) to work on /home/airflow/.local/lib/python3.12/site-packages/airflow/example_dags/example_python_decorator.py
[2024-06-16T08:01:40.580+0000] {processor.py:830} INFO - Processing file /home/airflow/.local/lib/python3.12/site-packages/airflow/example_dags/example_python_decorator.py for tasks to queue
[2024-06-16T08:01:40.581+0000] {logging_mixin.py:188} INFO - [2024-06-16T08:01:40.581+0000] {dagbag.py:545} INFO - Filling up the DagBag from /home/airflow/.local/lib/python3.12/site-packages/airflow/example_dags/example_python_decorator.py
[2024-06-16T08:01:40.588+0000] {processor.py:840} INFO - DAG(s) 'example_python_decorator' retrieved from /home/airflow/.local/lib/python3.12/site-packages/airflow/example_dags/example_python_decorator.py
[2024-06-16T08:01:40.599+0000] {logging_mixin.py:188} INFO - [2024-06-16T08:01:40.599+0000] {dag.py:3096} INFO - Sync 1 DAGs
[2024-06-16T08:01:40.606+0000] {logging_mixin.py:188} INFO - [2024-06-16T08:01:40.605+0000] {dag.py:3954} INFO - Setting next_dagrun for example_python_decorator to None, run_after=None
[2024-06-16T08:01:40.615+0000] {processor.py:183} INFO - Processing /home/airflow/.local/lib/python3.12/site-packages/airflow/example_dags/example_python_decorator.py took 0.038 seconds
[2024-06-16T08:02:26.019+0000] {processor.py:161} INFO - Started process (PID=65) to work on /home/airflow/.local/lib/python3.12/site-packages/airflow/example_dags/example_python_decorator.py
[2024-06-16T08:02:26.019+0000] {processor.py:830} INFO - Processing file /home/airflow/.local/lib/python3.12/site-packages/airflow/example_dags/example_python_decorator.py for tasks to queue
[2024-06-16T08:02:26.020+0000] {logging_mixin.py:188} INFO - [2024-06-16T08:02:26.020+0000] {dagbag.py:545} INFO - Filling up the DagBag from /home/airflow/.local/lib/python3.12/site-packages/airflow/example_dags/example_python_decorator.py
[2024-06-16T08:02:26.039+0000] {processor.py:840} INFO - DAG(s) 'example_python_decorator' retrieved from /home/airflow/.local/lib/python3.12/site-packages/airflow/example_dags/example_python_decorator.py
[2024-06-16T08:02:26.049+0000] {logging_mixin.py:188} INFO - [2024-06-16T08:02:26.049+0000] {dag.py:3096} INFO - Sync 1 DAGs
[2024-06-16T08:02:26.058+0000] {logging_mixin.py:188} INFO - [2024-06-16T08:02:26.058+0000] {dag.py:3954} INFO - Setting next_dagrun for example_python_decorator to None, run_after=None
[2024-06-16T08:02:26.072+0000] {processor.py:183} INFO - Processing /home/airflow/.local/lib/python3.12/site-packages/airflow/example_dags/example_python_decorator.py took 0.056 seconds
[2024-06-16T08:02:57.452+0000] {processor.py:161} INFO - Started process (PID=124) to work on /home/airflow/.local/lib/python3.12/site-packages/airflow/example_dags/example_python_decorator.py
[2024-06-16T08:02:57.452+0000] {processor.py:830} INFO - Processing file /home/airflow/.local/lib/python3.12/site-packages/airflow/example_dags/example_python_decorator.py for tasks to queue
[2024-06-16T08:02:57.453+0000] {logging_mixin.py:188} INFO - [2024-06-16T08:02:57.453+0000] {dagbag.py:545} INFO - Filling up the DagBag from /home/airflow/.local/lib/python3.12/site-packages/airflow/example_dags/example_python_decorator.py
[2024-06-16T08:02:57.460+0000] {processor.py:840} INFO - DAG(s) 'example_python_decorator' retrieved from /home/airflow/.local/lib/python3.12/site-packages/airflow/example_dags/example_python_decorator.py
[2024-06-16T08:02:57.585+0000] {logging_mixin.py:188} INFO - [2024-06-16T08:02:57.585+0000] {dag.py:3096} INFO - Sync 1 DAGs
[2024-06-16T08:02:57.589+0000] {logging_mixin.py:188} INFO - [2024-06-16T08:02:57.589+0000] {dag.py:3954} INFO - Setting next_dagrun for example_python_decorator to None, run_after=None
[2024-06-16T08:02:57.596+0000] {processor.py:183} INFO - Processing /home/airflow/.local/lib/python3.12/site-packages/airflow/example_dags/example_python_decorator.py took 0.147 seconds
[2024-06-16T08:03:27.703+0000] {processor.py:161} INFO - Started process (PID=183) to work on /home/airflow/.local/lib/python3.12/site-packages/airflow/example_dags/example_python_decorator.py
[2024-06-16T08:03:27.704+0000] {processor.py:830} INFO - Processing file /home/airflow/.local/lib/python3.12/site-packages/airflow/example_dags/example_python_decorator.py for tasks to queue
[2024-06-16T08:03:27.705+0000] {logging_mixin.py:188} INFO - [2024-06-16T08:03:27.705+0000] {dagbag.py:545} INFO - Filling up the DagBag from /home/airflow/.local/lib/python3.12/site-packages/airflow/example_dags/example_python_decorator.py
[2024-06-16T08:03:27.711+0000] {processor.py:840} INFO - DAG(s) 'example_python_decorator' retrieved from /home/airflow/.local/lib/python3.12/site-packages/airflow/example_dags/example_python_decorator.py
[2024-06-16T08:03:27.722+0000] {logging_mixin.py:188} INFO - [2024-06-16T08:03:27.722+0000] {dag.py:3096} INFO - Sync 1 DAGs
[2024-06-16T08:03:27.728+0000] {logging_mixin.py:188} INFO - [2024-06-16T08:03:27.728+0000] {dag.py:3954} INFO - Setting next_dagrun for example_python_decorator to None, run_after=None
[2024-06-16T08:03:27.735+0000] {processor.py:183} INFO - Processing /home/airflow/.local/lib/python3.12/site-packages/airflow/example_dags/example_python_decorator.py took 0.034 seconds
[2024-06-16T08:03:58.679+0000] {processor.py:161} INFO - Started process (PID=242) to work on /home/airflow/.local/lib/python3.12/site-packages/airflow/example_dags/example_python_decorator.py
[2024-06-16T08:03:58.680+0000] {processor.py:830} INFO - Processing file /home/airflow/.local/lib/python3.12/site-packages/airflow/example_dags/example_python_decorator.py for tasks to queue
[2024-06-16T08:03:58.681+0000] {logging_mixin.py:188} INFO - [2024-06-16T08:03:58.681+0000] {dagbag.py:545} INFO - Filling up the DagBag from /home/airflow/.local/lib/python3.12/site-packages/airflow/example_dags/example_python_decorator.py
[2024-06-16T08:03:58.688+0000] {processor.py:840} INFO - DAG(s) 'example_python_decorator' retrieved from /home/airflow/.local/lib/python3.12/site-packages/airflow/example_dags/example_python_decorator.py
[2024-06-16T08:03:58.698+0000] {logging_mixin.py:188} INFO - [2024-06-16T08:03:58.698+0000] {dag.py:3096} INFO - Sync 1 DAGs
[2024-06-16T08:03:58.704+0000] {logging_mixin.py:188} INFO - [2024-06-16T08:03:58.704+0000] {dag.py:3954} INFO - Setting next_dagrun for example_python_decorator to None, run_after=None
[2024-06-16T08:03:58.712+0000] {processor.py:183} INFO - Processing /home/airflow/.local/lib/python3.12/site-packages/airflow/example_dags/example_python_decorator.py took 0.035 seconds
[2024-06-16T08:04:30.126+0000] {processor.py:161} INFO - Started process (PID=301) to work on /home/airflow/.local/lib/python3.12/site-packages/airflow/example_dags/example_python_decorator.py
[2024-06-16T08:04:30.127+0000] {processor.py:830} INFO - Processing file /home/airflow/.local/lib/python3.12/site-packages/airflow/example_dags/example_python_decorator.py for tasks to queue
[2024-06-16T08:04:30.128+0000] {logging_mixin.py:188} INFO - [2024-06-16T08:04:30.128+0000] {dagbag.py:545} INFO - Filling up the DagBag from /home/airflow/.local/lib/python3.12/site-packages/airflow/example_dags/example_python_decorator.py
[2024-06-16T08:04:30.134+0000] {processor.py:840} INFO - DAG(s) 'example_python_decorator' retrieved from /home/airflow/.local/lib/python3.12/site-packages/airflow/example_dags/example_python_decorator.py
[2024-06-16T08:04:30.228+0000] {logging_mixin.py:188} INFO - [2024-06-16T08:04:30.228+0000] {dag.py:3096} INFO - Sync 1 DAGs
[2024-06-16T08:04:30.232+0000] {logging_mixin.py:188} INFO - [2024-06-16T08:04:30.232+0000] {dag.py:3954} INFO - Setting next_dagrun for example_python_decorator to None, run_after=None
[2024-06-16T08:04:30.240+0000] {processor.py:183} INFO - Processing /home/airflow/.local/lib/python3.12/site-packages/airflow/example_dags/example_python_decorator.py took 0.117 seconds
[2024-06-16T08:05:00.979+0000] {processor.py:161} INFO - Started process (PID=359) to work on /home/airflow/.local/lib/python3.12/site-packages/airflow/example_dags/example_python_decorator.py
[2024-06-16T08:05:00.980+0000] {processor.py:830} INFO - Processing file /home/airflow/.local/lib/python3.12/site-packages/airflow/example_dags/example_python_decorator.py for tasks to queue
[2024-06-16T08:05:00.981+0000] {logging_mixin.py:188} INFO - [2024-06-16T08:05:00.981+0000] {dagbag.py:545} INFO - Filling up the DagBag from /home/airflow/.local/lib/python3.12/site-packages/airflow/example_dags/example_python_decorator.py
[2024-06-16T08:05:00.988+0000] {processor.py:840} INFO - DAG(s) 'example_python_decorator' retrieved from /home/airflow/.local/lib/python3.12/site-packages/airflow/example_dags/example_python_decorator.py
[2024-06-16T08:05:01.004+0000] {logging_mixin.py:188} INFO - [2024-06-16T08:05:01.004+0000] {dag.py:3096} INFO - Sync 1 DAGs
[2024-06-16T08:05:01.011+0000] {logging_mixin.py:188} INFO - [2024-06-16T08:05:01.011+0000] {dag.py:3954} INFO - Setting next_dagrun for example_python_decorator to None, run_after=None
[2024-06-16T08:05:01.020+0000] {processor.py:183} INFO - Processing /home/airflow/.local/lib/python3.12/site-packages/airflow/example_dags/example_python_decorator.py took 0.044 seconds
[2024-06-16T08:05:31.292+0000] {processor.py:161} INFO - Started process (PID=418) to work on /home/airflow/.local/lib/python3.12/site-packages/airflow/example_dags/example_python_decorator.py
[2024-06-16T08:05:31.293+0000] {processor.py:830} INFO - Processing file /home/airflow/.local/lib/python3.12/site-packages/airflow/example_dags/example_python_decorator.py for tasks to queue
[2024-06-16T08:05:31.294+0000] {logging_mixin.py:188} INFO - [2024-06-16T08:05:31.294+0000] {dagbag.py:545} INFO - Filling up the DagBag from /home/airflow/.local/lib/python3.12/site-packages/airflow/example_dags/example_python_decorator.py
[2024-06-16T08:05:31.301+0000] {processor.py:840} INFO - DAG(s) 'example_python_decorator' retrieved from /home/airflow/.local/lib/python3.12/site-packages/airflow/example_dags/example_python_decorator.py
[2024-06-16T08:05:31.311+0000] {logging_mixin.py:188} INFO - [2024-06-16T08:05:31.311+0000] {dag.py:3096} INFO - Sync 1 DAGs
[2024-06-16T08:05:31.317+0000] {logging_mixin.py:188} INFO - [2024-06-16T08:05:31.317+0000] {dag.py:3954} INFO - Setting next_dagrun for example_python_decorator to None, run_after=None
[2024-06-16T08:05:31.328+0000] {processor.py:183} INFO - Processing /home/airflow/.local/lib/python3.12/site-packages/airflow/example_dags/example_python_decorator.py took 0.039 seconds
[2024-06-16T08:06:01.440+0000] {processor.py:161} INFO - Started process (PID=478) to work on /home/airflow/.local/lib/python3.12/site-packages/airflow/example_dags/example_python_decorator.py
[2024-06-16T08:06:01.440+0000] {processor.py:830} INFO - Processing file /home/airflow/.local/lib/python3.12/site-packages/airflow/example_dags/example_python_decorator.py for tasks to queue
[2024-06-16T08:06:01.441+0000] {logging_mixin.py:188} INFO - [2024-06-16T08:06:01.441+0000] {dagbag.py:545} INFO - Filling up the DagBag from /home/airflow/.local/lib/python3.12/site-packages/airflow/example_dags/example_python_decorator.py
[2024-06-16T08:06:01.448+0000] {processor.py:840} INFO - DAG(s) 'example_python_decorator' retrieved from /home/airflow/.local/lib/python3.12/site-packages/airflow/example_dags/example_python_decorator.py
[2024-06-16T08:06:01.458+0000] {logging_mixin.py:188} INFO - [2024-06-16T08:06:01.458+0000] {dag.py:3096} INFO - Sync 1 DAGs
[2024-06-16T08:06:01.464+0000] {logging_mixin.py:188} INFO - [2024-06-16T08:06:01.464+0000] {dag.py:3954} INFO - Setting next_dagrun for example_python_decorator to None, run_after=None
[2024-06-16T08:06:01.472+0000] {processor.py:183} INFO - Processing /home/airflow/.local/lib/python3.12/site-packages/airflow/example_dags/example_python_decorator.py took 0.036 seconds
[2024-06-16T08:06:31.960+0000] {processor.py:161} INFO - Started process (PID=537) to work on /home/airflow/.local/lib/python3.12/site-packages/airflow/example_dags/example_python_decorator.py
[2024-06-16T08:06:31.961+0000] {processor.py:830} INFO - Processing file /home/airflow/.local/lib/python3.12/site-packages/airflow/example_dags/example_python_decorator.py for tasks to queue
[2024-06-16T08:06:31.962+0000] {logging_mixin.py:188} INFO - [2024-06-16T08:06:31.962+0000] {dagbag.py:545} INFO - Filling up the DagBag from /home/airflow/.local/lib/python3.12/site-packages/airflow/example_dags/example_python_decorator.py
[2024-06-16T08:06:31.968+0000] {processor.py:840} INFO - DAG(s) 'example_python_decorator' retrieved from /home/airflow/.local/lib/python3.12/site-packages/airflow/example_dags/example_python_decorator.py
[2024-06-16T08:06:31.979+0000] {logging_mixin.py:188} INFO - [2024-06-16T08:06:31.978+0000] {dag.py:3096} INFO - Sync 1 DAGs
[2024-06-16T08:06:31.984+0000] {logging_mixin.py:188} INFO - [2024-06-16T08:06:31.984+0000] {dag.py:3954} INFO - Setting next_dagrun for example_python_decorator to None, run_after=None
[2024-06-16T08:06:31.993+0000] {processor.py:183} INFO - Processing /home/airflow/.local/lib/python3.12/site-packages/airflow/example_dags/example_python_decorator.py took 0.035 seconds
[2024-06-16T08:07:02.101+0000] {processor.py:161} INFO - Started process (PID=596) to work on /home/airflow/.local/lib/python3.12/site-packages/airflow/example_dags/example_python_decorator.py
[2024-06-16T08:07:02.102+0000] {processor.py:830} INFO - Processing file /home/airflow/.local/lib/python3.12/site-packages/airflow/example_dags/example_python_decorator.py for tasks to queue
[2024-06-16T08:07:02.103+0000] {logging_mixin.py:188} INFO - [2024-06-16T08:07:02.103+0000] {dagbag.py:545} INFO - Filling up the DagBag from /home/airflow/.local/lib/python3.12/site-packages/airflow/example_dags/example_python_decorator.py
[2024-06-16T08:07:02.110+0000] {processor.py:840} INFO - DAG(s) 'example_python_decorator' retrieved from /home/airflow/.local/lib/python3.12/site-packages/airflow/example_dags/example_python_decorator.py
[2024-06-16T08:07:02.120+0000] {logging_mixin.py:188} INFO - [2024-06-16T08:07:02.120+0000] {dag.py:3096} INFO - Sync 1 DAGs
[2024-06-16T08:07:02.128+0000] {logging_mixin.py:188} INFO - [2024-06-16T08:07:02.128+0000] {dag.py:3954} INFO - Setting next_dagrun for example_python_decorator to None, run_after=None
[2024-06-16T08:07:02.136+0000] {processor.py:183} INFO - Processing /home/airflow/.local/lib/python3.12/site-packages/airflow/example_dags/example_python_decorator.py took 0.038 seconds
[2024-06-16T08:07:33.174+0000] {processor.py:161} INFO - Started process (PID=655) to work on /home/airflow/.local/lib/python3.12/site-packages/airflow/example_dags/example_python_decorator.py
[2024-06-16T08:07:33.175+0000] {processor.py:830} INFO - Processing file /home/airflow/.local/lib/python3.12/site-packages/airflow/example_dags/example_python_decorator.py for tasks to queue
[2024-06-16T08:07:33.176+0000] {logging_mixin.py:188} INFO - [2024-06-16T08:07:33.175+0000] {dagbag.py:545} INFO - Filling up the DagBag from /home/airflow/.local/lib/python3.12/site-packages/airflow/example_dags/example_python_decorator.py
[2024-06-16T08:07:33.182+0000] {processor.py:840} INFO - DAG(s) 'example_python_decorator' retrieved from /home/airflow/.local/lib/python3.12/site-packages/airflow/example_dags/example_python_decorator.py
[2024-06-16T08:07:33.192+0000] {logging_mixin.py:188} INFO - [2024-06-16T08:07:33.192+0000] {dag.py:3096} INFO - Sync 1 DAGs
[2024-06-16T08:07:33.198+0000] {logging_mixin.py:188} INFO - [2024-06-16T08:07:33.198+0000] {dag.py:3954} INFO - Setting next_dagrun for example_python_decorator to None, run_after=None
[2024-06-16T08:07:33.206+0000] {processor.py:183} INFO - Processing /home/airflow/.local/lib/python3.12/site-packages/airflow/example_dags/example_python_decorator.py took 0.035 seconds
[2024-06-16T08:08:03.991+0000] {processor.py:161} INFO - Started process (PID=714) to work on /home/airflow/.local/lib/python3.12/site-packages/airflow/example_dags/example_python_decorator.py
[2024-06-16T08:08:03.992+0000] {processor.py:830} INFO - Processing file /home/airflow/.local/lib/python3.12/site-packages/airflow/example_dags/example_python_decorator.py for tasks to queue
[2024-06-16T08:08:03.993+0000] {logging_mixin.py:188} INFO - [2024-06-16T08:08:03.993+0000] {dagbag.py:545} INFO - Filling up the DagBag from /home/airflow/.local/lib/python3.12/site-packages/airflow/example_dags/example_python_decorator.py
[2024-06-16T08:08:03.999+0000] {processor.py:840} INFO - DAG(s) 'example_python_decorator' retrieved from /home/airflow/.local/lib/python3.12/site-packages/airflow/example_dags/example_python_decorator.py
[2024-06-16T08:08:04.010+0000] {logging_mixin.py:188} INFO - [2024-06-16T08:08:04.010+0000] {dag.py:3096} INFO - Sync 1 DAGs
[2024-06-16T08:08:04.016+0000] {logging_mixin.py:188} INFO - [2024-06-16T08:08:04.016+0000] {dag.py:3954} INFO - Setting next_dagrun for example_python_decorator to None, run_after=None
[2024-06-16T08:08:04.025+0000] {processor.py:183} INFO - Processing /home/airflow/.local/lib/python3.12/site-packages/airflow/example_dags/example_python_decorator.py took 0.036 seconds
[2024-06-16T08:08:34.669+0000] {processor.py:161} INFO - Started process (PID=773) to work on /home/airflow/.local/lib/python3.12/site-packages/airflow/example_dags/example_python_decorator.py
[2024-06-16T08:08:34.670+0000] {processor.py:830} INFO - Processing file /home/airflow/.local/lib/python3.12/site-packages/airflow/example_dags/example_python_decorator.py for tasks to queue
[2024-06-16T08:08:34.673+0000] {logging_mixin.py:188} INFO - [2024-06-16T08:08:34.673+0000] {dagbag.py:545} INFO - Filling up the DagBag from /home/airflow/.local/lib/python3.12/site-packages/airflow/example_dags/example_python_decorator.py
[2024-06-16T08:08:34.684+0000] {processor.py:840} INFO - DAG(s) 'example_python_decorator' retrieved from /home/airflow/.local/lib/python3.12/site-packages/airflow/example_dags/example_python_decorator.py
[2024-06-16T08:08:34.706+0000] {logging_mixin.py:188} INFO - [2024-06-16T08:08:34.705+0000] {dag.py:3096} INFO - Sync 1 DAGs
[2024-06-16T08:08:34.714+0000] {logging_mixin.py:188} INFO - [2024-06-16T08:08:34.714+0000] {dag.py:3954} INFO - Setting next_dagrun for example_python_decorator to None, run_after=None
[2024-06-16T08:08:34.726+0000] {processor.py:183} INFO - Processing /home/airflow/.local/lib/python3.12/site-packages/airflow/example_dags/example_python_decorator.py took 0.064 seconds
[2024-06-16T08:09:05.005+0000] {processor.py:161} INFO - Started process (PID=832) to work on /home/airflow/.local/lib/python3.12/site-packages/airflow/example_dags/example_python_decorator.py
[2024-06-16T08:09:05.008+0000] {processor.py:830} INFO - Processing file /home/airflow/.local/lib/python3.12/site-packages/airflow/example_dags/example_python_decorator.py for tasks to queue
[2024-06-16T08:09:05.010+0000] {logging_mixin.py:188} INFO - [2024-06-16T08:09:05.009+0000] {dagbag.py:545} INFO - Filling up the DagBag from /home/airflow/.local/lib/python3.12/site-packages/airflow/example_dags/example_python_decorator.py
[2024-06-16T08:09:05.033+0000] {processor.py:840} INFO - DAG(s) 'example_python_decorator' retrieved from /home/airflow/.local/lib/python3.12/site-packages/airflow/example_dags/example_python_decorator.py
[2024-06-16T08:09:05.058+0000] {logging_mixin.py:188} INFO - [2024-06-16T08:09:05.058+0000] {dag.py:3096} INFO - Sync 1 DAGs
[2024-06-16T08:09:05.070+0000] {logging_mixin.py:188} INFO - [2024-06-16T08:09:05.070+0000] {dag.py:3954} INFO - Setting next_dagrun for example_python_decorator to None, run_after=None
[2024-06-16T08:09:05.086+0000] {processor.py:183} INFO - Processing /home/airflow/.local/lib/python3.12/site-packages/airflow/example_dags/example_python_decorator.py took 0.085 seconds
[2024-06-16T08:09:35.682+0000] {processor.py:161} INFO - Started process (PID=891) to work on /home/airflow/.local/lib/python3.12/site-packages/airflow/example_dags/example_python_decorator.py
[2024-06-16T08:09:35.683+0000] {processor.py:830} INFO - Processing file /home/airflow/.local/lib/python3.12/site-packages/airflow/example_dags/example_python_decorator.py for tasks to queue
[2024-06-16T08:09:35.684+0000] {logging_mixin.py:188} INFO - [2024-06-16T08:09:35.684+0000] {dagbag.py:545} INFO - Filling up the DagBag from /home/airflow/.local/lib/python3.12/site-packages/airflow/example_dags/example_python_decorator.py
[2024-06-16T08:09:35.702+0000] {processor.py:840} INFO - DAG(s) 'example_python_decorator' retrieved from /home/airflow/.local/lib/python3.12/site-packages/airflow/example_dags/example_python_decorator.py
[2024-06-16T08:09:35.735+0000] {logging_mixin.py:188} INFO - [2024-06-16T08:09:35.734+0000] {dag.py:3096} INFO - Sync 1 DAGs
[2024-06-16T08:09:35.773+0000] {logging_mixin.py:188} INFO - [2024-06-16T08:09:35.773+0000] {dag.py:3954} INFO - Setting next_dagrun for example_python_decorator to None, run_after=None
[2024-06-16T08:09:35.785+0000] {processor.py:183} INFO - Processing /home/airflow/.local/lib/python3.12/site-packages/airflow/example_dags/example_python_decorator.py took 0.107 seconds
[2024-06-16T08:10:06.081+0000] {processor.py:161} INFO - Started process (PID=950) to work on /home/airflow/.local/lib/python3.12/site-packages/airflow/example_dags/example_python_decorator.py
[2024-06-16T08:10:06.082+0000] {processor.py:830} INFO - Processing file /home/airflow/.local/lib/python3.12/site-packages/airflow/example_dags/example_python_decorator.py for tasks to queue
[2024-06-16T08:10:06.083+0000] {logging_mixin.py:188} INFO - [2024-06-16T08:10:06.083+0000] {dagbag.py:545} INFO - Filling up the DagBag from /home/airflow/.local/lib/python3.12/site-packages/airflow/example_dags/example_python_decorator.py
[2024-06-16T08:10:06.111+0000] {processor.py:840} INFO - DAG(s) 'example_python_decorator' retrieved from /home/airflow/.local/lib/python3.12/site-packages/airflow/example_dags/example_python_decorator.py
[2024-06-16T08:10:06.129+0000] {logging_mixin.py:188} INFO - [2024-06-16T08:10:06.129+0000] {dag.py:3096} INFO - Sync 1 DAGs
[2024-06-16T08:10:06.138+0000] {logging_mixin.py:188} INFO - [2024-06-16T08:10:06.137+0000] {dag.py:3954} INFO - Setting next_dagrun for example_python_decorator to None, run_after=None
[2024-06-16T08:10:06.149+0000] {processor.py:183} INFO - Processing /home/airflow/.local/lib/python3.12/site-packages/airflow/example_dags/example_python_decorator.py took 0.071 seconds
[2024-06-16T08:10:36.548+0000] {processor.py:161} INFO - Started process (PID=1009) to work on /home/airflow/.local/lib/python3.12/site-packages/airflow/example_dags/example_python_decorator.py
[2024-06-16T08:10:36.549+0000] {processor.py:830} INFO - Processing file /home/airflow/.local/lib/python3.12/site-packages/airflow/example_dags/example_python_decorator.py for tasks to queue
[2024-06-16T08:10:36.550+0000] {logging_mixin.py:188} INFO - [2024-06-16T08:10:36.550+0000] {dagbag.py:545} INFO - Filling up the DagBag from /home/airflow/.local/lib/python3.12/site-packages/airflow/example_dags/example_python_decorator.py
[2024-06-16T08:10:36.557+0000] {processor.py:840} INFO - DAG(s) 'example_python_decorator' retrieved from /home/airflow/.local/lib/python3.12/site-packages/airflow/example_dags/example_python_decorator.py
[2024-06-16T08:10:36.567+0000] {logging_mixin.py:188} INFO - [2024-06-16T08:10:36.567+0000] {dag.py:3096} INFO - Sync 1 DAGs
[2024-06-16T08:10:36.573+0000] {logging_mixin.py:188} INFO - [2024-06-16T08:10:36.573+0000] {dag.py:3954} INFO - Setting next_dagrun for example_python_decorator to None, run_after=None
[2024-06-16T08:10:36.581+0000] {processor.py:183} INFO - Processing /home/airflow/.local/lib/python3.12/site-packages/airflow/example_dags/example_python_decorator.py took 0.035 seconds
[2024-06-16T08:11:06.700+0000] {processor.py:161} INFO - Started process (PID=1068) to work on /home/airflow/.local/lib/python3.12/site-packages/airflow/example_dags/example_python_decorator.py
[2024-06-16T08:11:06.700+0000] {processor.py:830} INFO - Processing file /home/airflow/.local/lib/python3.12/site-packages/airflow/example_dags/example_python_decorator.py for tasks to queue
[2024-06-16T08:11:06.701+0000] {logging_mixin.py:188} INFO - [2024-06-16T08:11:06.701+0000] {dagbag.py:545} INFO - Filling up the DagBag from /home/airflow/.local/lib/python3.12/site-packages/airflow/example_dags/example_python_decorator.py
[2024-06-16T08:11:06.708+0000] {processor.py:840} INFO - DAG(s) 'example_python_decorator' retrieved from /home/airflow/.local/lib/python3.12/site-packages/airflow/example_dags/example_python_decorator.py
[2024-06-16T08:11:06.718+0000] {logging_mixin.py:188} INFO - [2024-06-16T08:11:06.718+0000] {dag.py:3096} INFO - Sync 1 DAGs
[2024-06-16T08:11:06.724+0000] {logging_mixin.py:188} INFO - [2024-06-16T08:11:06.723+0000] {dag.py:3954} INFO - Setting next_dagrun for example_python_decorator to None, run_after=None
[2024-06-16T08:11:06.732+0000] {processor.py:183} INFO - Processing /home/airflow/.local/lib/python3.12/site-packages/airflow/example_dags/example_python_decorator.py took 0.035 seconds
[2024-06-16T08:11:37.321+0000] {processor.py:161} INFO - Started process (PID=1127) to work on /home/airflow/.local/lib/python3.12/site-packages/airflow/example_dags/example_python_decorator.py
[2024-06-16T08:11:37.322+0000] {processor.py:830} INFO - Processing file /home/airflow/.local/lib/python3.12/site-packages/airflow/example_dags/example_python_decorator.py for tasks to queue
[2024-06-16T08:11:37.324+0000] {logging_mixin.py:188} INFO - [2024-06-16T08:11:37.323+0000] {dagbag.py:545} INFO - Filling up the DagBag from /home/airflow/.local/lib/python3.12/site-packages/airflow/example_dags/example_python_decorator.py
[2024-06-16T08:11:37.332+0000] {processor.py:840} INFO - DAG(s) 'example_python_decorator' retrieved from /home/airflow/.local/lib/python3.12/site-packages/airflow/example_dags/example_python_decorator.py
[2024-06-16T08:11:37.348+0000] {logging_mixin.py:188} INFO - [2024-06-16T08:11:37.347+0000] {dag.py:3096} INFO - Sync 1 DAGs
[2024-06-16T08:11:37.358+0000] {logging_mixin.py:188} INFO - [2024-06-16T08:11:37.358+0000] {dag.py:3954} INFO - Setting next_dagrun for example_python_decorator to None, run_after=None
[2024-06-16T08:11:37.371+0000] {processor.py:183} INFO - Processing /home/airflow/.local/lib/python3.12/site-packages/airflow/example_dags/example_python_decorator.py took 0.053 seconds
[2024-06-16T08:12:07.453+0000] {processor.py:161} INFO - Started process (PID=1186) to work on /home/airflow/.local/lib/python3.12/site-packages/airflow/example_dags/example_python_decorator.py
[2024-06-16T08:12:07.453+0000] {processor.py:830} INFO - Processing file /home/airflow/.local/lib/python3.12/site-packages/airflow/example_dags/example_python_decorator.py for tasks to queue
[2024-06-16T08:12:07.454+0000] {logging_mixin.py:188} INFO - [2024-06-16T08:12:07.454+0000] {dagbag.py:545} INFO - Filling up the DagBag from /home/airflow/.local/lib/python3.12/site-packages/airflow/example_dags/example_python_decorator.py
[2024-06-16T08:12:07.461+0000] {processor.py:840} INFO - DAG(s) 'example_python_decorator' retrieved from /home/airflow/.local/lib/python3.12/site-packages/airflow/example_dags/example_python_decorator.py
[2024-06-16T08:12:07.473+0000] {logging_mixin.py:188} INFO - [2024-06-16T08:12:07.473+0000] {dag.py:3096} INFO - Sync 1 DAGs
[2024-06-16T08:12:07.480+0000] {logging_mixin.py:188} INFO - [2024-06-16T08:12:07.480+0000] {dag.py:3954} INFO - Setting next_dagrun for example_python_decorator to None, run_after=None
[2024-06-16T08:12:07.489+0000] {processor.py:183} INFO - Processing /home/airflow/.local/lib/python3.12/site-packages/airflow/example_dags/example_python_decorator.py took 0.039 seconds
[2024-06-16T08:12:37.559+0000] {processor.py:161} INFO - Started process (PID=1244) to work on /home/airflow/.local/lib/python3.12/site-packages/airflow/example_dags/example_python_decorator.py
[2024-06-16T08:12:37.560+0000] {processor.py:830} INFO - Processing file /home/airflow/.local/lib/python3.12/site-packages/airflow/example_dags/example_python_decorator.py for tasks to queue
[2024-06-16T08:12:37.561+0000] {logging_mixin.py:188} INFO - [2024-06-16T08:12:37.561+0000] {dagbag.py:545} INFO - Filling up the DagBag from /home/airflow/.local/lib/python3.12/site-packages/airflow/example_dags/example_python_decorator.py
[2024-06-16T08:12:37.567+0000] {processor.py:840} INFO - DAG(s) 'example_python_decorator' retrieved from /home/airflow/.local/lib/python3.12/site-packages/airflow/example_dags/example_python_decorator.py
[2024-06-16T08:12:37.578+0000] {logging_mixin.py:188} INFO - [2024-06-16T08:12:37.577+0000] {dag.py:3096} INFO - Sync 1 DAGs
[2024-06-16T08:12:37.583+0000] {logging_mixin.py:188} INFO - [2024-06-16T08:12:37.583+0000] {dag.py:3954} INFO - Setting next_dagrun for example_python_decorator to None, run_after=None
[2024-06-16T08:12:37.592+0000] {processor.py:183} INFO - Processing /home/airflow/.local/lib/python3.12/site-packages/airflow/example_dags/example_python_decorator.py took 0.036 seconds
[2024-06-16T08:13:08.810+0000] {processor.py:161} INFO - Started process (PID=1303) to work on /home/airflow/.local/lib/python3.12/site-packages/airflow/example_dags/example_python_decorator.py
[2024-06-16T08:13:08.811+0000] {processor.py:830} INFO - Processing file /home/airflow/.local/lib/python3.12/site-packages/airflow/example_dags/example_python_decorator.py for tasks to queue
[2024-06-16T08:13:08.812+0000] {logging_mixin.py:188} INFO - [2024-06-16T08:13:08.812+0000] {dagbag.py:545} INFO - Filling up the DagBag from /home/airflow/.local/lib/python3.12/site-packages/airflow/example_dags/example_python_decorator.py
[2024-06-16T08:13:08.818+0000] {processor.py:840} INFO - DAG(s) 'example_python_decorator' retrieved from /home/airflow/.local/lib/python3.12/site-packages/airflow/example_dags/example_python_decorator.py
[2024-06-16T08:13:08.831+0000] {logging_mixin.py:188} INFO - [2024-06-16T08:13:08.831+0000] {dag.py:3096} INFO - Sync 1 DAGs
[2024-06-16T08:13:08.843+0000] {logging_mixin.py:188} INFO - [2024-06-16T08:13:08.842+0000] {dag.py:3954} INFO - Setting next_dagrun for example_python_decorator to None, run_after=None
[2024-06-16T08:13:08.855+0000] {processor.py:183} INFO - Processing /home/airflow/.local/lib/python3.12/site-packages/airflow/example_dags/example_python_decorator.py took 0.048 seconds
[2024-06-16T08:13:39.083+0000] {processor.py:161} INFO - Started process (PID=1362) to work on /home/airflow/.local/lib/python3.12/site-packages/airflow/example_dags/example_python_decorator.py
[2024-06-16T08:13:39.084+0000] {processor.py:830} INFO - Processing file /home/airflow/.local/lib/python3.12/site-packages/airflow/example_dags/example_python_decorator.py for tasks to queue
[2024-06-16T08:13:39.085+0000] {logging_mixin.py:188} INFO - [2024-06-16T08:13:39.084+0000] {dagbag.py:545} INFO - Filling up the DagBag from /home/airflow/.local/lib/python3.12/site-packages/airflow/example_dags/example_python_decorator.py
[2024-06-16T08:13:39.091+0000] {processor.py:840} INFO - DAG(s) 'example_python_decorator' retrieved from /home/airflow/.local/lib/python3.12/site-packages/airflow/example_dags/example_python_decorator.py
[2024-06-16T08:13:39.103+0000] {logging_mixin.py:188} INFO - [2024-06-16T08:13:39.103+0000] {dag.py:3096} INFO - Sync 1 DAGs
[2024-06-16T08:13:39.109+0000] {logging_mixin.py:188} INFO - [2024-06-16T08:13:39.109+0000] {dag.py:3954} INFO - Setting next_dagrun for example_python_decorator to None, run_after=None
[2024-06-16T08:13:39.117+0000] {processor.py:183} INFO - Processing /home/airflow/.local/lib/python3.12/site-packages/airflow/example_dags/example_python_decorator.py took 0.037 seconds
[2024-06-16T08:14:09.204+0000] {processor.py:161} INFO - Started process (PID=1421) to work on /home/airflow/.local/lib/python3.12/site-packages/airflow/example_dags/example_python_decorator.py
[2024-06-16T08:14:09.205+0000] {processor.py:830} INFO - Processing file /home/airflow/.local/lib/python3.12/site-packages/airflow/example_dags/example_python_decorator.py for tasks to queue
[2024-06-16T08:14:09.206+0000] {logging_mixin.py:188} INFO - [2024-06-16T08:14:09.205+0000] {dagbag.py:545} INFO - Filling up the DagBag from /home/airflow/.local/lib/python3.12/site-packages/airflow/example_dags/example_python_decorator.py
[2024-06-16T08:14:09.212+0000] {processor.py:840} INFO - DAG(s) 'example_python_decorator' retrieved from /home/airflow/.local/lib/python3.12/site-packages/airflow/example_dags/example_python_decorator.py
[2024-06-16T08:14:09.226+0000] {logging_mixin.py:188} INFO - [2024-06-16T08:14:09.226+0000] {dag.py:3096} INFO - Sync 1 DAGs
[2024-06-16T08:14:09.233+0000] {logging_mixin.py:188} INFO - [2024-06-16T08:14:09.232+0000] {dag.py:3954} INFO - Setting next_dagrun for example_python_decorator to None, run_after=None
[2024-06-16T08:14:09.242+0000] {processor.py:183} INFO - Processing /home/airflow/.local/lib/python3.12/site-packages/airflow/example_dags/example_python_decorator.py took 0.041 seconds
[2024-06-16T08:14:39.624+0000] {processor.py:161} INFO - Started process (PID=1480) to work on /home/airflow/.local/lib/python3.12/site-packages/airflow/example_dags/example_python_decorator.py
[2024-06-16T08:14:39.625+0000] {processor.py:830} INFO - Processing file /home/airflow/.local/lib/python3.12/site-packages/airflow/example_dags/example_python_decorator.py for tasks to queue
[2024-06-16T08:14:39.626+0000] {logging_mixin.py:188} INFO - [2024-06-16T08:14:39.626+0000] {dagbag.py:545} INFO - Filling up the DagBag from /home/airflow/.local/lib/python3.12/site-packages/airflow/example_dags/example_python_decorator.py
[2024-06-16T08:14:39.633+0000] {processor.py:840} INFO - DAG(s) 'example_python_decorator' retrieved from /home/airflow/.local/lib/python3.12/site-packages/airflow/example_dags/example_python_decorator.py
[2024-06-16T08:14:39.645+0000] {logging_mixin.py:188} INFO - [2024-06-16T08:14:39.644+0000] {dag.py:3096} INFO - Sync 1 DAGs
[2024-06-16T08:14:39.651+0000] {logging_mixin.py:188} INFO - [2024-06-16T08:14:39.651+0000] {dag.py:3954} INFO - Setting next_dagrun for example_python_decorator to None, run_after=None
[2024-06-16T08:14:39.659+0000] {processor.py:183} INFO - Processing /home/airflow/.local/lib/python3.12/site-packages/airflow/example_dags/example_python_decorator.py took 0.038 seconds
[2024-06-16T08:15:09.899+0000] {processor.py:161} INFO - Started process (PID=1539) to work on /home/airflow/.local/lib/python3.12/site-packages/airflow/example_dags/example_python_decorator.py
[2024-06-16T08:15:09.900+0000] {processor.py:830} INFO - Processing file /home/airflow/.local/lib/python3.12/site-packages/airflow/example_dags/example_python_decorator.py for tasks to queue
[2024-06-16T08:15:09.902+0000] {logging_mixin.py:188} INFO - [2024-06-16T08:15:09.901+0000] {dagbag.py:545} INFO - Filling up the DagBag from /home/airflow/.local/lib/python3.12/site-packages/airflow/example_dags/example_python_decorator.py
[2024-06-16T08:15:09.909+0000] {processor.py:840} INFO - DAG(s) 'example_python_decorator' retrieved from /home/airflow/.local/lib/python3.12/site-packages/airflow/example_dags/example_python_decorator.py
[2024-06-16T08:15:09.920+0000] {logging_mixin.py:188} INFO - [2024-06-16T08:15:09.920+0000] {dag.py:3096} INFO - Sync 1 DAGs
[2024-06-16T08:15:09.926+0000] {logging_mixin.py:188} INFO - [2024-06-16T08:15:09.926+0000] {dag.py:3954} INFO - Setting next_dagrun for example_python_decorator to None, run_after=None
[2024-06-16T08:15:09.935+0000] {processor.py:183} INFO - Processing /home/airflow/.local/lib/python3.12/site-packages/airflow/example_dags/example_python_decorator.py took 0.038 seconds
[2024-06-16T08:15:40.247+0000] {processor.py:161} INFO - Started process (PID=1598) to work on /home/airflow/.local/lib/python3.12/site-packages/airflow/example_dags/example_python_decorator.py
[2024-06-16T08:15:40.248+0000] {processor.py:830} INFO - Processing file /home/airflow/.local/lib/python3.12/site-packages/airflow/example_dags/example_python_decorator.py for tasks to queue
[2024-06-16T08:15:40.249+0000] {logging_mixin.py:188} INFO - [2024-06-16T08:15:40.249+0000] {dagbag.py:545} INFO - Filling up the DagBag from /home/airflow/.local/lib/python3.12/site-packages/airflow/example_dags/example_python_decorator.py
[2024-06-16T08:15:40.255+0000] {processor.py:840} INFO - DAG(s) 'example_python_decorator' retrieved from /home/airflow/.local/lib/python3.12/site-packages/airflow/example_dags/example_python_decorator.py
[2024-06-16T08:15:40.266+0000] {logging_mixin.py:188} INFO - [2024-06-16T08:15:40.266+0000] {dag.py:3096} INFO - Sync 1 DAGs
[2024-06-16T08:15:40.271+0000] {logging_mixin.py:188} INFO - [2024-06-16T08:15:40.271+0000] {dag.py:3954} INFO - Setting next_dagrun for example_python_decorator to None, run_after=None
[2024-06-16T08:15:40.279+0000] {processor.py:183} INFO - Processing /home/airflow/.local/lib/python3.12/site-packages/airflow/example_dags/example_python_decorator.py took 0.035 seconds
[2024-06-16T08:16:10.533+0000] {processor.py:161} INFO - Started process (PID=1657) to work on /home/airflow/.local/lib/python3.12/site-packages/airflow/example_dags/example_python_decorator.py
[2024-06-16T08:16:10.533+0000] {processor.py:830} INFO - Processing file /home/airflow/.local/lib/python3.12/site-packages/airflow/example_dags/example_python_decorator.py for tasks to queue
[2024-06-16T08:16:10.534+0000] {logging_mixin.py:188} INFO - [2024-06-16T08:16:10.534+0000] {dagbag.py:545} INFO - Filling up the DagBag from /home/airflow/.local/lib/python3.12/site-packages/airflow/example_dags/example_python_decorator.py
[2024-06-16T08:16:10.541+0000] {processor.py:840} INFO - DAG(s) 'example_python_decorator' retrieved from /home/airflow/.local/lib/python3.12/site-packages/airflow/example_dags/example_python_decorator.py
[2024-06-16T08:16:10.553+0000] {logging_mixin.py:188} INFO - [2024-06-16T08:16:10.552+0000] {dag.py:3096} INFO - Sync 1 DAGs
[2024-06-16T08:16:10.558+0000] {logging_mixin.py:188} INFO - [2024-06-16T08:16:10.558+0000] {dag.py:3954} INFO - Setting next_dagrun for example_python_decorator to None, run_after=None
[2024-06-16T08:16:10.567+0000] {processor.py:183} INFO - Processing /home/airflow/.local/lib/python3.12/site-packages/airflow/example_dags/example_python_decorator.py took 0.037 seconds
[2024-06-16T08:16:40.759+0000] {processor.py:161} INFO - Started process (PID=1716) to work on /home/airflow/.local/lib/python3.12/site-packages/airflow/example_dags/example_python_decorator.py
[2024-06-16T08:16:40.760+0000] {processor.py:830} INFO - Processing file /home/airflow/.local/lib/python3.12/site-packages/airflow/example_dags/example_python_decorator.py for tasks to queue
[2024-06-16T08:16:40.760+0000] {logging_mixin.py:188} INFO - [2024-06-16T08:16:40.760+0000] {dagbag.py:545} INFO - Filling up the DagBag from /home/airflow/.local/lib/python3.12/site-packages/airflow/example_dags/example_python_decorator.py
[2024-06-16T08:16:40.766+0000] {processor.py:840} INFO - DAG(s) 'example_python_decorator' retrieved from /home/airflow/.local/lib/python3.12/site-packages/airflow/example_dags/example_python_decorator.py
[2024-06-16T08:16:40.776+0000] {logging_mixin.py:188} INFO - [2024-06-16T08:16:40.776+0000] {dag.py:3096} INFO - Sync 1 DAGs
[2024-06-16T08:16:40.782+0000] {logging_mixin.py:188} INFO - [2024-06-16T08:16:40.782+0000] {dag.py:3954} INFO - Setting next_dagrun for example_python_decorator to None, run_after=None
[2024-06-16T08:16:40.789+0000] {processor.py:183} INFO - Processing /home/airflow/.local/lib/python3.12/site-packages/airflow/example_dags/example_python_decorator.py took 0.033 seconds
[2024-06-16T08:17:11.045+0000] {processor.py:161} INFO - Started process (PID=1775) to work on /home/airflow/.local/lib/python3.12/site-packages/airflow/example_dags/example_python_decorator.py
[2024-06-16T08:17:11.046+0000] {processor.py:830} INFO - Processing file /home/airflow/.local/lib/python3.12/site-packages/airflow/example_dags/example_python_decorator.py for tasks to queue
[2024-06-16T08:17:11.046+0000] {logging_mixin.py:188} INFO - [2024-06-16T08:17:11.046+0000] {dagbag.py:545} INFO - Filling up the DagBag from /home/airflow/.local/lib/python3.12/site-packages/airflow/example_dags/example_python_decorator.py
[2024-06-16T08:17:11.052+0000] {processor.py:840} INFO - DAG(s) 'example_python_decorator' retrieved from /home/airflow/.local/lib/python3.12/site-packages/airflow/example_dags/example_python_decorator.py
[2024-06-16T08:17:11.062+0000] {logging_mixin.py:188} INFO - [2024-06-16T08:17:11.062+0000] {dag.py:3096} INFO - Sync 1 DAGs
[2024-06-16T08:17:11.068+0000] {logging_mixin.py:188} INFO - [2024-06-16T08:17:11.067+0000] {dag.py:3954} INFO - Setting next_dagrun for example_python_decorator to None, run_after=None
[2024-06-16T08:17:11.075+0000] {processor.py:183} INFO - Processing /home/airflow/.local/lib/python3.12/site-packages/airflow/example_dags/example_python_decorator.py took 0.032 seconds
[2024-06-16T08:17:41.351+0000] {processor.py:161} INFO - Started process (PID=1834) to work on /home/airflow/.local/lib/python3.12/site-packages/airflow/example_dags/example_python_decorator.py
[2024-06-16T08:17:41.352+0000] {processor.py:830} INFO - Processing file /home/airflow/.local/lib/python3.12/site-packages/airflow/example_dags/example_python_decorator.py for tasks to queue
[2024-06-16T08:17:41.353+0000] {logging_mixin.py:188} INFO - [2024-06-16T08:17:41.353+0000] {dagbag.py:545} INFO - Filling up the DagBag from /home/airflow/.local/lib/python3.12/site-packages/airflow/example_dags/example_python_decorator.py
[2024-06-16T08:17:41.366+0000] {processor.py:840} INFO - DAG(s) 'example_python_decorator' retrieved from /home/airflow/.local/lib/python3.12/site-packages/airflow/example_dags/example_python_decorator.py
[2024-06-16T08:17:41.382+0000] {logging_mixin.py:188} INFO - [2024-06-16T08:17:41.382+0000] {dag.py:3096} INFO - Sync 1 DAGs
[2024-06-16T08:17:41.388+0000] {logging_mixin.py:188} INFO - [2024-06-16T08:17:41.388+0000] {dag.py:3954} INFO - Setting next_dagrun for example_python_decorator to None, run_after=None
[2024-06-16T08:17:41.399+0000] {processor.py:183} INFO - Processing /home/airflow/.local/lib/python3.12/site-packages/airflow/example_dags/example_python_decorator.py took 0.051 seconds
[2024-06-16T08:18:11.467+0000] {processor.py:161} INFO - Started process (PID=1893) to work on /home/airflow/.local/lib/python3.12/site-packages/airflow/example_dags/example_python_decorator.py
[2024-06-16T08:18:11.468+0000] {processor.py:830} INFO - Processing file /home/airflow/.local/lib/python3.12/site-packages/airflow/example_dags/example_python_decorator.py for tasks to queue
[2024-06-16T08:18:11.469+0000] {logging_mixin.py:188} INFO - [2024-06-16T08:18:11.469+0000] {dagbag.py:545} INFO - Filling up the DagBag from /home/airflow/.local/lib/python3.12/site-packages/airflow/example_dags/example_python_decorator.py
[2024-06-16T08:18:11.476+0000] {processor.py:840} INFO - DAG(s) 'example_python_decorator' retrieved from /home/airflow/.local/lib/python3.12/site-packages/airflow/example_dags/example_python_decorator.py
[2024-06-16T08:18:11.487+0000] {logging_mixin.py:188} INFO - [2024-06-16T08:18:11.487+0000] {dag.py:3096} INFO - Sync 1 DAGs
[2024-06-16T08:18:11.493+0000] {logging_mixin.py:188} INFO - [2024-06-16T08:18:11.493+0000] {dag.py:3954} INFO - Setting next_dagrun for example_python_decorator to None, run_after=None
[2024-06-16T08:18:11.502+0000] {processor.py:183} INFO - Processing /home/airflow/.local/lib/python3.12/site-packages/airflow/example_dags/example_python_decorator.py took 0.037 seconds
[2024-06-16T08:18:42.432+0000] {processor.py:161} INFO - Started process (PID=1952) to work on /home/airflow/.local/lib/python3.12/site-packages/airflow/example_dags/example_python_decorator.py
[2024-06-16T08:18:42.432+0000] {processor.py:830} INFO - Processing file /home/airflow/.local/lib/python3.12/site-packages/airflow/example_dags/example_python_decorator.py for tasks to queue
[2024-06-16T08:18:42.433+0000] {logging_mixin.py:188} INFO - [2024-06-16T08:18:42.433+0000] {dagbag.py:545} INFO - Filling up the DagBag from /home/airflow/.local/lib/python3.12/site-packages/airflow/example_dags/example_python_decorator.py
[2024-06-16T08:18:42.439+0000] {processor.py:840} INFO - DAG(s) 'example_python_decorator' retrieved from /home/airflow/.local/lib/python3.12/site-packages/airflow/example_dags/example_python_decorator.py
[2024-06-16T08:18:42.450+0000] {logging_mixin.py:188} INFO - [2024-06-16T08:18:42.450+0000] {dag.py:3096} INFO - Sync 1 DAGs
[2024-06-16T08:18:42.456+0000] {logging_mixin.py:188} INFO - [2024-06-16T08:18:42.456+0000] {dag.py:3954} INFO - Setting next_dagrun for example_python_decorator to None, run_after=None
[2024-06-16T08:18:42.464+0000] {processor.py:183} INFO - Processing /home/airflow/.local/lib/python3.12/site-packages/airflow/example_dags/example_python_decorator.py took 0.035 seconds
[2024-06-16T08:19:12.943+0000] {processor.py:161} INFO - Started process (PID=2011) to work on /home/airflow/.local/lib/python3.12/site-packages/airflow/example_dags/example_python_decorator.py
[2024-06-16T08:19:12.944+0000] {processor.py:830} INFO - Processing file /home/airflow/.local/lib/python3.12/site-packages/airflow/example_dags/example_python_decorator.py for tasks to queue
[2024-06-16T08:19:12.946+0000] {logging_mixin.py:188} INFO - [2024-06-16T08:19:12.945+0000] {dagbag.py:545} INFO - Filling up the DagBag from /home/airflow/.local/lib/python3.12/site-packages/airflow/example_dags/example_python_decorator.py
[2024-06-16T08:19:12.956+0000] {processor.py:840} INFO - DAG(s) 'example_python_decorator' retrieved from /home/airflow/.local/lib/python3.12/site-packages/airflow/example_dags/example_python_decorator.py
[2024-06-16T08:19:12.970+0000] {logging_mixin.py:188} INFO - [2024-06-16T08:19:12.970+0000] {dag.py:3096} INFO - Sync 1 DAGs
[2024-06-16T08:19:12.977+0000] {logging_mixin.py:188} INFO - [2024-06-16T08:19:12.977+0000] {dag.py:3954} INFO - Setting next_dagrun for example_python_decorator to None, run_after=None
[2024-06-16T08:19:12.987+0000] {processor.py:183} INFO - Processing /home/airflow/.local/lib/python3.12/site-packages/airflow/example_dags/example_python_decorator.py took 0.057 seconds
[2024-06-16T08:22:06.473+0000] {processor.py:161} INFO - Started process (PID=66) to work on /home/airflow/.local/lib/python3.12/site-packages/airflow/example_dags/example_python_decorator.py
[2024-06-16T08:22:06.474+0000] {processor.py:830} INFO - Processing file /home/airflow/.local/lib/python3.12/site-packages/airflow/example_dags/example_python_decorator.py for tasks to queue
[2024-06-16T08:22:06.475+0000] {logging_mixin.py:188} INFO - [2024-06-16T08:22:06.475+0000] {dagbag.py:545} INFO - Filling up the DagBag from /home/airflow/.local/lib/python3.12/site-packages/airflow/example_dags/example_python_decorator.py
[2024-06-16T08:22:06.486+0000] {processor.py:840} INFO - DAG(s) 'example_python_decorator' retrieved from /home/airflow/.local/lib/python3.12/site-packages/airflow/example_dags/example_python_decorator.py
[2024-06-16T08:22:06.504+0000] {logging_mixin.py:188} INFO - [2024-06-16T08:22:06.504+0000] {dag.py:3096} INFO - Sync 1 DAGs
[2024-06-16T08:22:06.529+0000] {logging_mixin.py:188} INFO - [2024-06-16T08:22:06.528+0000] {dag.py:3954} INFO - Setting next_dagrun for example_python_decorator to None, run_after=None
[2024-06-16T08:22:06.558+0000] {processor.py:183} INFO - Processing /home/airflow/.local/lib/python3.12/site-packages/airflow/example_dags/example_python_decorator.py took 0.094 seconds
[2024-06-16T08:22:41.887+0000] {processor.py:161} INFO - Started process (PID=125) to work on /home/airflow/.local/lib/python3.12/site-packages/airflow/example_dags/example_python_decorator.py
[2024-06-16T08:22:41.888+0000] {processor.py:830} INFO - Processing file /home/airflow/.local/lib/python3.12/site-packages/airflow/example_dags/example_python_decorator.py for tasks to queue
[2024-06-16T08:22:41.889+0000] {logging_mixin.py:188} INFO - [2024-06-16T08:22:41.889+0000] {dagbag.py:545} INFO - Filling up the DagBag from /home/airflow/.local/lib/python3.12/site-packages/airflow/example_dags/example_python_decorator.py
[2024-06-16T08:22:41.896+0000] {processor.py:840} INFO - DAG(s) 'example_python_decorator' retrieved from /home/airflow/.local/lib/python3.12/site-packages/airflow/example_dags/example_python_decorator.py
[2024-06-16T08:22:42.041+0000] {logging_mixin.py:188} INFO - [2024-06-16T08:22:42.041+0000] {dag.py:3096} INFO - Sync 1 DAGs
[2024-06-16T08:22:42.046+0000] {logging_mixin.py:188} INFO - [2024-06-16T08:22:42.046+0000] {dag.py:3954} INFO - Setting next_dagrun for example_python_decorator to None, run_after=None
[2024-06-16T08:22:42.054+0000] {processor.py:183} INFO - Processing /home/airflow/.local/lib/python3.12/site-packages/airflow/example_dags/example_python_decorator.py took 0.169 seconds
[2024-06-16T08:23:12.643+0000] {processor.py:161} INFO - Started process (PID=184) to work on /home/airflow/.local/lib/python3.12/site-packages/airflow/example_dags/example_python_decorator.py
[2024-06-16T08:23:12.644+0000] {processor.py:830} INFO - Processing file /home/airflow/.local/lib/python3.12/site-packages/airflow/example_dags/example_python_decorator.py for tasks to queue
[2024-06-16T08:23:12.645+0000] {logging_mixin.py:188} INFO - [2024-06-16T08:23:12.644+0000] {dagbag.py:545} INFO - Filling up the DagBag from /home/airflow/.local/lib/python3.12/site-packages/airflow/example_dags/example_python_decorator.py
[2024-06-16T08:23:12.652+0000] {processor.py:840} INFO - DAG(s) 'example_python_decorator' retrieved from /home/airflow/.local/lib/python3.12/site-packages/airflow/example_dags/example_python_decorator.py
[2024-06-16T08:23:12.664+0000] {logging_mixin.py:188} INFO - [2024-06-16T08:23:12.664+0000] {dag.py:3096} INFO - Sync 1 DAGs
[2024-06-16T08:23:12.670+0000] {logging_mixin.py:188} INFO - [2024-06-16T08:23:12.670+0000] {dag.py:3954} INFO - Setting next_dagrun for example_python_decorator to None, run_after=None
[2024-06-16T08:23:12.680+0000] {processor.py:183} INFO - Processing /home/airflow/.local/lib/python3.12/site-packages/airflow/example_dags/example_python_decorator.py took 0.040 seconds
[2024-06-16T08:26:01.475+0000] {processor.py:161} INFO - Started process (PID=65) to work on /home/airflow/.local/lib/python3.12/site-packages/airflow/example_dags/example_python_decorator.py
[2024-06-16T08:26:01.476+0000] {processor.py:830} INFO - Processing file /home/airflow/.local/lib/python3.12/site-packages/airflow/example_dags/example_python_decorator.py for tasks to queue
[2024-06-16T08:26:01.478+0000] {logging_mixin.py:188} INFO - [2024-06-16T08:26:01.478+0000] {dagbag.py:545} INFO - Filling up the DagBag from /home/airflow/.local/lib/python3.12/site-packages/airflow/example_dags/example_python_decorator.py
[2024-06-16T08:26:01.506+0000] {processor.py:840} INFO - DAG(s) 'example_python_decorator' retrieved from /home/airflow/.local/lib/python3.12/site-packages/airflow/example_dags/example_python_decorator.py
[2024-06-16T08:26:01.544+0000] {logging_mixin.py:188} INFO - [2024-06-16T08:26:01.543+0000] {dag.py:3096} INFO - Sync 1 DAGs
[2024-06-16T08:26:01.566+0000] {logging_mixin.py:188} INFO - [2024-06-16T08:26:01.565+0000] {dag.py:3954} INFO - Setting next_dagrun for example_python_decorator to None, run_after=None
[2024-06-16T08:26:01.614+0000] {processor.py:183} INFO - Processing /home/airflow/.local/lib/python3.12/site-packages/airflow/example_dags/example_python_decorator.py took 0.144 seconds
[2024-06-16T08:26:32.687+0000] {processor.py:161} INFO - Started process (PID=123) to work on /home/airflow/.local/lib/python3.12/site-packages/airflow/example_dags/example_python_decorator.py
[2024-06-16T08:26:32.688+0000] {processor.py:830} INFO - Processing file /home/airflow/.local/lib/python3.12/site-packages/airflow/example_dags/example_python_decorator.py for tasks to queue
[2024-06-16T08:26:32.689+0000] {logging_mixin.py:188} INFO - [2024-06-16T08:26:32.689+0000] {dagbag.py:545} INFO - Filling up the DagBag from /home/airflow/.local/lib/python3.12/site-packages/airflow/example_dags/example_python_decorator.py
[2024-06-16T08:26:32.696+0000] {processor.py:840} INFO - DAG(s) 'example_python_decorator' retrieved from /home/airflow/.local/lib/python3.12/site-packages/airflow/example_dags/example_python_decorator.py
[2024-06-16T08:26:32.838+0000] {logging_mixin.py:188} INFO - [2024-06-16T08:26:32.838+0000] {dag.py:3096} INFO - Sync 1 DAGs
[2024-06-16T08:26:32.842+0000] {logging_mixin.py:188} INFO - [2024-06-16T08:26:32.842+0000] {dag.py:3954} INFO - Setting next_dagrun for example_python_decorator to None, run_after=None
[2024-06-16T08:26:32.851+0000] {processor.py:183} INFO - Processing /home/airflow/.local/lib/python3.12/site-packages/airflow/example_dags/example_python_decorator.py took 0.166 seconds
[2024-06-16T08:27:02.898+0000] {processor.py:161} INFO - Started process (PID=182) to work on /home/airflow/.local/lib/python3.12/site-packages/airflow/example_dags/example_python_decorator.py
[2024-06-16T08:27:02.899+0000] {processor.py:830} INFO - Processing file /home/airflow/.local/lib/python3.12/site-packages/airflow/example_dags/example_python_decorator.py for tasks to queue
[2024-06-16T08:27:02.900+0000] {logging_mixin.py:188} INFO - [2024-06-16T08:27:02.900+0000] {dagbag.py:545} INFO - Filling up the DagBag from /home/airflow/.local/lib/python3.12/site-packages/airflow/example_dags/example_python_decorator.py
[2024-06-16T08:27:02.907+0000] {processor.py:840} INFO - DAG(s) 'example_python_decorator' retrieved from /home/airflow/.local/lib/python3.12/site-packages/airflow/example_dags/example_python_decorator.py
[2024-06-16T08:27:02.918+0000] {logging_mixin.py:188} INFO - [2024-06-16T08:27:02.918+0000] {dag.py:3096} INFO - Sync 1 DAGs
[2024-06-16T08:27:02.924+0000] {logging_mixin.py:188} INFO - [2024-06-16T08:27:02.924+0000] {dag.py:3954} INFO - Setting next_dagrun for example_python_decorator to None, run_after=None
[2024-06-16T08:27:02.931+0000] {processor.py:183} INFO - Processing /home/airflow/.local/lib/python3.12/site-packages/airflow/example_dags/example_python_decorator.py took 0.036 seconds
[2024-06-16T08:27:32.957+0000] {processor.py:161} INFO - Started process (PID=241) to work on /home/airflow/.local/lib/python3.12/site-packages/airflow/example_dags/example_python_decorator.py
[2024-06-16T08:27:32.957+0000] {processor.py:830} INFO - Processing file /home/airflow/.local/lib/python3.12/site-packages/airflow/example_dags/example_python_decorator.py for tasks to queue
[2024-06-16T08:27:32.958+0000] {logging_mixin.py:188} INFO - [2024-06-16T08:27:32.958+0000] {dagbag.py:545} INFO - Filling up the DagBag from /home/airflow/.local/lib/python3.12/site-packages/airflow/example_dags/example_python_decorator.py
[2024-06-16T08:27:32.965+0000] {processor.py:840} INFO - DAG(s) 'example_python_decorator' retrieved from /home/airflow/.local/lib/python3.12/site-packages/airflow/example_dags/example_python_decorator.py
[2024-06-16T08:27:32.981+0000] {logging_mixin.py:188} INFO - [2024-06-16T08:27:32.981+0000] {dag.py:3096} INFO - Sync 1 DAGs
[2024-06-16T08:27:32.989+0000] {logging_mixin.py:188} INFO - [2024-06-16T08:27:32.988+0000] {dag.py:3954} INFO - Setting next_dagrun for example_python_decorator to None, run_after=None
[2024-06-16T08:27:32.997+0000] {processor.py:183} INFO - Processing /home/airflow/.local/lib/python3.12/site-packages/airflow/example_dags/example_python_decorator.py took 0.043 seconds
[2024-06-16T08:28:03.400+0000] {processor.py:161} INFO - Started process (PID=300) to work on /home/airflow/.local/lib/python3.12/site-packages/airflow/example_dags/example_python_decorator.py
[2024-06-16T08:28:03.402+0000] {processor.py:830} INFO - Processing file /home/airflow/.local/lib/python3.12/site-packages/airflow/example_dags/example_python_decorator.py for tasks to queue
[2024-06-16T08:28:03.404+0000] {logging_mixin.py:188} INFO - [2024-06-16T08:28:03.404+0000] {dagbag.py:545} INFO - Filling up the DagBag from /home/airflow/.local/lib/python3.12/site-packages/airflow/example_dags/example_python_decorator.py
[2024-06-16T08:28:03.416+0000] {processor.py:840} INFO - DAG(s) 'example_python_decorator' retrieved from /home/airflow/.local/lib/python3.12/site-packages/airflow/example_dags/example_python_decorator.py
[2024-06-16T08:28:03.431+0000] {logging_mixin.py:188} INFO - [2024-06-16T08:28:03.431+0000] {dag.py:3096} INFO - Sync 1 DAGs
[2024-06-16T08:28:03.438+0000] {logging_mixin.py:188} INFO - [2024-06-16T08:28:03.438+0000] {dag.py:3954} INFO - Setting next_dagrun for example_python_decorator to None, run_after=None
[2024-06-16T08:28:03.448+0000] {processor.py:183} INFO - Processing /home/airflow/.local/lib/python3.12/site-packages/airflow/example_dags/example_python_decorator.py took 0.059 seconds
[2024-06-16T08:28:33.673+0000] {processor.py:161} INFO - Started process (PID=359) to work on /home/airflow/.local/lib/python3.12/site-packages/airflow/example_dags/example_python_decorator.py
[2024-06-16T08:28:33.674+0000] {processor.py:830} INFO - Processing file /home/airflow/.local/lib/python3.12/site-packages/airflow/example_dags/example_python_decorator.py for tasks to queue
[2024-06-16T08:28:33.675+0000] {logging_mixin.py:188} INFO - [2024-06-16T08:28:33.675+0000] {dagbag.py:545} INFO - Filling up the DagBag from /home/airflow/.local/lib/python3.12/site-packages/airflow/example_dags/example_python_decorator.py
[2024-06-16T08:28:33.681+0000] {processor.py:840} INFO - DAG(s) 'example_python_decorator' retrieved from /home/airflow/.local/lib/python3.12/site-packages/airflow/example_dags/example_python_decorator.py
[2024-06-16T08:28:33.692+0000] {logging_mixin.py:188} INFO - [2024-06-16T08:28:33.692+0000] {dag.py:3096} INFO - Sync 1 DAGs
[2024-06-16T08:28:33.698+0000] {logging_mixin.py:188} INFO - [2024-06-16T08:28:33.698+0000] {dag.py:3954} INFO - Setting next_dagrun for example_python_decorator to None, run_after=None
[2024-06-16T08:28:33.707+0000] {processor.py:183} INFO - Processing /home/airflow/.local/lib/python3.12/site-packages/airflow/example_dags/example_python_decorator.py took 0.036 seconds
[2024-06-16T08:29:03.934+0000] {processor.py:161} INFO - Started process (PID=418) to work on /home/airflow/.local/lib/python3.12/site-packages/airflow/example_dags/example_python_decorator.py
[2024-06-16T08:29:03.934+0000] {processor.py:830} INFO - Processing file /home/airflow/.local/lib/python3.12/site-packages/airflow/example_dags/example_python_decorator.py for tasks to queue
[2024-06-16T08:29:03.935+0000] {logging_mixin.py:188} INFO - [2024-06-16T08:29:03.935+0000] {dagbag.py:545} INFO - Filling up the DagBag from /home/airflow/.local/lib/python3.12/site-packages/airflow/example_dags/example_python_decorator.py
[2024-06-16T08:29:03.941+0000] {processor.py:840} INFO - DAG(s) 'example_python_decorator' retrieved from /home/airflow/.local/lib/python3.12/site-packages/airflow/example_dags/example_python_decorator.py
[2024-06-16T08:29:03.951+0000] {logging_mixin.py:188} INFO - [2024-06-16T08:29:03.951+0000] {dag.py:3096} INFO - Sync 1 DAGs
[2024-06-16T08:29:03.957+0000] {logging_mixin.py:188} INFO - [2024-06-16T08:29:03.957+0000] {dag.py:3954} INFO - Setting next_dagrun for example_python_decorator to None, run_after=None
[2024-06-16T08:29:03.965+0000] {processor.py:183} INFO - Processing /home/airflow/.local/lib/python3.12/site-packages/airflow/example_dags/example_python_decorator.py took 0.034 seconds
[2024-06-16T08:32:58.162+0000] {processor.py:161} INFO - Started process (PID=66) to work on /home/airflow/.local/lib/python3.12/site-packages/airflow/example_dags/example_python_decorator.py
[2024-06-16T08:32:58.162+0000] {processor.py:830} INFO - Processing file /home/airflow/.local/lib/python3.12/site-packages/airflow/example_dags/example_python_decorator.py for tasks to queue
[2024-06-16T08:32:58.163+0000] {logging_mixin.py:188} INFO - [2024-06-16T08:32:58.163+0000] {dagbag.py:545} INFO - Filling up the DagBag from /home/airflow/.local/lib/python3.12/site-packages/airflow/example_dags/example_python_decorator.py
[2024-06-16T08:32:58.174+0000] {processor.py:840} INFO - DAG(s) 'example_python_decorator' retrieved from /home/airflow/.local/lib/python3.12/site-packages/airflow/example_dags/example_python_decorator.py
[2024-06-16T08:32:58.183+0000] {logging_mixin.py:188} INFO - [2024-06-16T08:32:58.183+0000] {dag.py:3096} INFO - Sync 1 DAGs
[2024-06-16T08:32:58.193+0000] {logging_mixin.py:188} INFO - [2024-06-16T08:32:58.192+0000] {dag.py:3954} INFO - Setting next_dagrun for example_python_decorator to None, run_after=None
[2024-06-16T08:32:58.214+0000] {processor.py:183} INFO - Processing /home/airflow/.local/lib/python3.12/site-packages/airflow/example_dags/example_python_decorator.py took 0.056 seconds
[2024-06-16T08:33:28.877+0000] {processor.py:161} INFO - Started process (PID=124) to work on /home/airflow/.local/lib/python3.12/site-packages/airflow/example_dags/example_python_decorator.py
[2024-06-16T08:33:28.881+0000] {processor.py:830} INFO - Processing file /home/airflow/.local/lib/python3.12/site-packages/airflow/example_dags/example_python_decorator.py for tasks to queue
[2024-06-16T08:33:28.883+0000] {logging_mixin.py:188} INFO - [2024-06-16T08:33:28.882+0000] {dagbag.py:545} INFO - Filling up the DagBag from /home/airflow/.local/lib/python3.12/site-packages/airflow/example_dags/example_python_decorator.py
[2024-06-16T08:33:28.891+0000] {processor.py:840} INFO - DAG(s) 'example_python_decorator' retrieved from /home/airflow/.local/lib/python3.12/site-packages/airflow/example_dags/example_python_decorator.py
[2024-06-16T08:33:29.070+0000] {logging_mixin.py:188} INFO - [2024-06-16T08:33:29.070+0000] {dag.py:3096} INFO - Sync 1 DAGs
[2024-06-16T08:33:29.079+0000] {logging_mixin.py:188} INFO - [2024-06-16T08:33:29.078+0000] {dag.py:3954} INFO - Setting next_dagrun for example_python_decorator to None, run_after=None
[2024-06-16T08:33:29.094+0000] {processor.py:183} INFO - Processing /home/airflow/.local/lib/python3.12/site-packages/airflow/example_dags/example_python_decorator.py took 0.223 seconds
[2024-06-16T08:33:59.303+0000] {processor.py:161} INFO - Started process (PID=183) to work on /home/airflow/.local/lib/python3.12/site-packages/airflow/example_dags/example_python_decorator.py
[2024-06-16T08:33:59.303+0000] {processor.py:830} INFO - Processing file /home/airflow/.local/lib/python3.12/site-packages/airflow/example_dags/example_python_decorator.py for tasks to queue
[2024-06-16T08:33:59.304+0000] {logging_mixin.py:188} INFO - [2024-06-16T08:33:59.304+0000] {dagbag.py:545} INFO - Filling up the DagBag from /home/airflow/.local/lib/python3.12/site-packages/airflow/example_dags/example_python_decorator.py
[2024-06-16T08:33:59.310+0000] {processor.py:840} INFO - DAG(s) 'example_python_decorator' retrieved from /home/airflow/.local/lib/python3.12/site-packages/airflow/example_dags/example_python_decorator.py
[2024-06-16T08:33:59.320+0000] {logging_mixin.py:188} INFO - [2024-06-16T08:33:59.320+0000] {dag.py:3096} INFO - Sync 1 DAGs
[2024-06-16T08:33:59.325+0000] {logging_mixin.py:188} INFO - [2024-06-16T08:33:59.325+0000] {dag.py:3954} INFO - Setting next_dagrun for example_python_decorator to None, run_after=None
[2024-06-16T08:33:59.333+0000] {processor.py:183} INFO - Processing /home/airflow/.local/lib/python3.12/site-packages/airflow/example_dags/example_python_decorator.py took 0.033 seconds
[2024-06-16T08:34:29.679+0000] {processor.py:161} INFO - Started process (PID=242) to work on /home/airflow/.local/lib/python3.12/site-packages/airflow/example_dags/example_python_decorator.py
[2024-06-16T08:34:29.679+0000] {processor.py:830} INFO - Processing file /home/airflow/.local/lib/python3.12/site-packages/airflow/example_dags/example_python_decorator.py for tasks to queue
[2024-06-16T08:34:29.680+0000] {logging_mixin.py:188} INFO - [2024-06-16T08:34:29.680+0000] {dagbag.py:545} INFO - Filling up the DagBag from /home/airflow/.local/lib/python3.12/site-packages/airflow/example_dags/example_python_decorator.py
[2024-06-16T08:34:29.687+0000] {processor.py:840} INFO - DAG(s) 'example_python_decorator' retrieved from /home/airflow/.local/lib/python3.12/site-packages/airflow/example_dags/example_python_decorator.py
[2024-06-16T08:34:29.698+0000] {logging_mixin.py:188} INFO - [2024-06-16T08:34:29.697+0000] {dag.py:3096} INFO - Sync 1 DAGs
[2024-06-16T08:34:29.704+0000] {logging_mixin.py:188} INFO - [2024-06-16T08:34:29.704+0000] {dag.py:3954} INFO - Setting next_dagrun for example_python_decorator to None, run_after=None
[2024-06-16T08:34:29.712+0000] {processor.py:183} INFO - Processing /home/airflow/.local/lib/python3.12/site-packages/airflow/example_dags/example_python_decorator.py took 0.036 seconds
[2024-06-16T08:35:24.907+0000] {processor.py:161} INFO - Started process (PID=66) to work on /home/airflow/.local/lib/python3.12/site-packages/airflow/example_dags/example_python_decorator.py
[2024-06-16T08:35:24.909+0000] {processor.py:830} INFO - Processing file /home/airflow/.local/lib/python3.12/site-packages/airflow/example_dags/example_python_decorator.py for tasks to queue
[2024-06-16T08:35:24.912+0000] {logging_mixin.py:188} INFO - [2024-06-16T08:35:24.912+0000] {dagbag.py:545} INFO - Filling up the DagBag from /home/airflow/.local/lib/python3.12/site-packages/airflow/example_dags/example_python_decorator.py
[2024-06-16T08:35:24.928+0000] {processor.py:840} INFO - DAG(s) 'example_python_decorator' retrieved from /home/airflow/.local/lib/python3.12/site-packages/airflow/example_dags/example_python_decorator.py
[2024-06-16T08:35:24.940+0000] {logging_mixin.py:188} INFO - [2024-06-16T08:35:24.939+0000] {dag.py:3096} INFO - Sync 1 DAGs
[2024-06-16T08:35:24.958+0000] {logging_mixin.py:188} INFO - [2024-06-16T08:35:24.958+0000] {dag.py:3954} INFO - Setting next_dagrun for example_python_decorator to None, run_after=None
[2024-06-16T08:35:24.988+0000] {processor.py:183} INFO - Processing /home/airflow/.local/lib/python3.12/site-packages/airflow/example_dags/example_python_decorator.py took 0.089 seconds
[2024-06-16T08:35:57.552+0000] {processor.py:161} INFO - Started process (PID=124) to work on /home/airflow/.local/lib/python3.12/site-packages/airflow/example_dags/example_python_decorator.py
[2024-06-16T08:35:57.554+0000] {processor.py:830} INFO - Processing file /home/airflow/.local/lib/python3.12/site-packages/airflow/example_dags/example_python_decorator.py for tasks to queue
[2024-06-16T08:35:57.556+0000] {logging_mixin.py:188} INFO - [2024-06-16T08:35:57.556+0000] {dagbag.py:545} INFO - Filling up the DagBag from /home/airflow/.local/lib/python3.12/site-packages/airflow/example_dags/example_python_decorator.py
[2024-06-16T08:35:57.572+0000] {processor.py:840} INFO - DAG(s) 'example_python_decorator' retrieved from /home/airflow/.local/lib/python3.12/site-packages/airflow/example_dags/example_python_decorator.py
[2024-06-16T08:35:57.731+0000] {logging_mixin.py:188} INFO - [2024-06-16T08:35:57.731+0000] {dag.py:3096} INFO - Sync 1 DAGs
[2024-06-16T08:35:57.736+0000] {logging_mixin.py:188} INFO - [2024-06-16T08:35:57.736+0000] {dag.py:3954} INFO - Setting next_dagrun for example_python_decorator to None, run_after=None
[2024-06-16T08:35:57.744+0000] {processor.py:183} INFO - Processing /home/airflow/.local/lib/python3.12/site-packages/airflow/example_dags/example_python_decorator.py took 0.197 seconds
[2024-06-16T08:36:28.044+0000] {processor.py:161} INFO - Started process (PID=183) to work on /home/airflow/.local/lib/python3.12/site-packages/airflow/example_dags/example_python_decorator.py
[2024-06-16T08:36:28.045+0000] {processor.py:830} INFO - Processing file /home/airflow/.local/lib/python3.12/site-packages/airflow/example_dags/example_python_decorator.py for tasks to queue
[2024-06-16T08:36:28.046+0000] {logging_mixin.py:188} INFO - [2024-06-16T08:36:28.046+0000] {dagbag.py:545} INFO - Filling up the DagBag from /home/airflow/.local/lib/python3.12/site-packages/airflow/example_dags/example_python_decorator.py
[2024-06-16T08:36:28.052+0000] {processor.py:840} INFO - DAG(s) 'example_python_decorator' retrieved from /home/airflow/.local/lib/python3.12/site-packages/airflow/example_dags/example_python_decorator.py
[2024-06-16T08:36:28.062+0000] {logging_mixin.py:188} INFO - [2024-06-16T08:36:28.062+0000] {dag.py:3096} INFO - Sync 1 DAGs
[2024-06-16T08:36:28.067+0000] {logging_mixin.py:188} INFO - [2024-06-16T08:36:28.067+0000] {dag.py:3954} INFO - Setting next_dagrun for example_python_decorator to None, run_after=None
[2024-06-16T08:36:28.075+0000] {processor.py:183} INFO - Processing /home/airflow/.local/lib/python3.12/site-packages/airflow/example_dags/example_python_decorator.py took 0.033 seconds
[2024-06-16T08:36:58.571+0000] {processor.py:161} INFO - Started process (PID=242) to work on /home/airflow/.local/lib/python3.12/site-packages/airflow/example_dags/example_python_decorator.py
[2024-06-16T08:36:58.572+0000] {processor.py:830} INFO - Processing file /home/airflow/.local/lib/python3.12/site-packages/airflow/example_dags/example_python_decorator.py for tasks to queue
[2024-06-16T08:36:58.573+0000] {logging_mixin.py:188} INFO - [2024-06-16T08:36:58.572+0000] {dagbag.py:545} INFO - Filling up the DagBag from /home/airflow/.local/lib/python3.12/site-packages/airflow/example_dags/example_python_decorator.py
[2024-06-16T08:36:58.691+0000] {processor.py:840} INFO - DAG(s) 'example_python_decorator' retrieved from /home/airflow/.local/lib/python3.12/site-packages/airflow/example_dags/example_python_decorator.py
[2024-06-16T08:36:58.704+0000] {logging_mixin.py:188} INFO - [2024-06-16T08:36:58.703+0000] {dag.py:3096} INFO - Sync 1 DAGs
[2024-06-16T08:36:58.710+0000] {logging_mixin.py:188} INFO - [2024-06-16T08:36:58.710+0000] {dag.py:3954} INFO - Setting next_dagrun for example_python_decorator to None, run_after=None
[2024-06-16T08:36:58.724+0000] {processor.py:183} INFO - Processing /home/airflow/.local/lib/python3.12/site-packages/airflow/example_dags/example_python_decorator.py took 0.156 seconds
[2024-06-16T08:37:29.448+0000] {processor.py:161} INFO - Started process (PID=301) to work on /home/airflow/.local/lib/python3.12/site-packages/airflow/example_dags/example_python_decorator.py
[2024-06-16T08:37:29.449+0000] {processor.py:830} INFO - Processing file /home/airflow/.local/lib/python3.12/site-packages/airflow/example_dags/example_python_decorator.py for tasks to queue
[2024-06-16T08:37:29.449+0000] {logging_mixin.py:188} INFO - [2024-06-16T08:37:29.449+0000] {dagbag.py:545} INFO - Filling up the DagBag from /home/airflow/.local/lib/python3.12/site-packages/airflow/example_dags/example_python_decorator.py
[2024-06-16T08:37:29.458+0000] {processor.py:840} INFO - DAG(s) 'example_python_decorator' retrieved from /home/airflow/.local/lib/python3.12/site-packages/airflow/example_dags/example_python_decorator.py
[2024-06-16T08:37:29.469+0000] {logging_mixin.py:188} INFO - [2024-06-16T08:37:29.469+0000] {dag.py:3096} INFO - Sync 1 DAGs
[2024-06-16T08:37:29.478+0000] {logging_mixin.py:188} INFO - [2024-06-16T08:37:29.477+0000] {dag.py:3954} INFO - Setting next_dagrun for example_python_decorator to None, run_after=None
[2024-06-16T08:37:29.488+0000] {processor.py:183} INFO - Processing /home/airflow/.local/lib/python3.12/site-packages/airflow/example_dags/example_python_decorator.py took 0.044 seconds
