[2024-06-16T07:55:01.719+0000] {processor.py:161} INFO - Started process (PID=47) to work on /home/airflow/.local/lib/python3.12/site-packages/airflow/example_dags/tutorial.py
[2024-06-16T07:55:01.721+0000] {processor.py:830} INFO - Processing file /home/airflow/.local/lib/python3.12/site-packages/airflow/example_dags/tutorial.py for tasks to queue
[2024-06-16T07:55:01.723+0000] {logging_mixin.py:188} INFO - [2024-06-16T07:55:01.723+0000] {dagbag.py:545} INFO - Filling up the DagBag from /home/airflow/.local/lib/python3.12/site-packages/airflow/example_dags/tutorial.py
[2024-06-16T07:55:01.735+0000] {processor.py:840} INFO - DAG(s) 'tutorial' retrieved from /home/airflow/.local/lib/python3.12/site-packages/airflow/example_dags/tutorial.py
[2024-06-16T07:55:01.759+0000] {logging_mixin.py:188} INFO - [2024-06-16T07:55:01.759+0000] {dag.py:3096} INFO - Sync 1 DAGs
[2024-06-16T07:55:01.822+0000] {logging_mixin.py:188} INFO - [2024-06-16T07:55:01.822+0000] {dag.py:3954} INFO - Setting next_dagrun for tutorial to 2024-06-15 00:00:00+00:00, run_after=2024-06-16 00:00:00+00:00
[2024-06-16T07:55:01.885+0000] {processor.py:183} INFO - Processing /home/airflow/.local/lib/python3.12/site-packages/airflow/example_dags/tutorial.py took 0.178 seconds
[2024-06-16T07:55:32.505+0000] {processor.py:161} INFO - Started process (PID=105) to work on /home/airflow/.local/lib/python3.12/site-packages/airflow/example_dags/tutorial.py
[2024-06-16T07:55:32.507+0000] {processor.py:830} INFO - Processing file /home/airflow/.local/lib/python3.12/site-packages/airflow/example_dags/tutorial.py for tasks to queue
[2024-06-16T07:55:32.509+0000] {logging_mixin.py:188} INFO - [2024-06-16T07:55:32.509+0000] {dagbag.py:545} INFO - Filling up the DagBag from /home/airflow/.local/lib/python3.12/site-packages/airflow/example_dags/tutorial.py
[2024-06-16T07:55:32.517+0000] {processor.py:840} INFO - DAG(s) 'tutorial' retrieved from /home/airflow/.local/lib/python3.12/site-packages/airflow/example_dags/tutorial.py
[2024-06-16T07:55:32.630+0000] {logging_mixin.py:188} INFO - [2024-06-16T07:55:32.629+0000] {dag.py:3096} INFO - Sync 1 DAGs
[2024-06-16T07:55:32.679+0000] {logging_mixin.py:188} INFO - [2024-06-16T07:55:32.678+0000] {dag.py:3954} INFO - Setting next_dagrun for tutorial to 2024-06-15 00:00:00+00:00, run_after=2024-06-16 00:00:00+00:00
[2024-06-16T07:55:32.942+0000] {processor.py:183} INFO - Processing /home/airflow/.local/lib/python3.12/site-packages/airflow/example_dags/tutorial.py took 0.447 seconds
[2024-06-16T07:56:03.626+0000] {processor.py:161} INFO - Started process (PID=164) to work on /home/airflow/.local/lib/python3.12/site-packages/airflow/example_dags/tutorial.py
[2024-06-16T07:56:03.627+0000] {processor.py:830} INFO - Processing file /home/airflow/.local/lib/python3.12/site-packages/airflow/example_dags/tutorial.py for tasks to queue
[2024-06-16T07:56:03.629+0000] {logging_mixin.py:188} INFO - [2024-06-16T07:56:03.628+0000] {dagbag.py:545} INFO - Filling up the DagBag from /home/airflow/.local/lib/python3.12/site-packages/airflow/example_dags/tutorial.py
[2024-06-16T07:56:03.633+0000] {processor.py:840} INFO - DAG(s) 'tutorial' retrieved from /home/airflow/.local/lib/python3.12/site-packages/airflow/example_dags/tutorial.py
[2024-06-16T07:56:03.659+0000] {logging_mixin.py:188} INFO - [2024-06-16T07:56:03.659+0000] {dag.py:3096} INFO - Sync 1 DAGs
[2024-06-16T07:56:03.679+0000] {logging_mixin.py:188} INFO - [2024-06-16T07:56:03.679+0000] {dag.py:3954} INFO - Setting next_dagrun for tutorial to 2024-06-15 00:00:00+00:00, run_after=2024-06-16 00:00:00+00:00
[2024-06-16T07:56:03.688+0000] {processor.py:183} INFO - Processing /home/airflow/.local/lib/python3.12/site-packages/airflow/example_dags/tutorial.py took 0.067 seconds
[2024-06-16T07:56:34.428+0000] {processor.py:161} INFO - Started process (PID=223) to work on /home/airflow/.local/lib/python3.12/site-packages/airflow/example_dags/tutorial.py
[2024-06-16T07:56:34.429+0000] {processor.py:830} INFO - Processing file /home/airflow/.local/lib/python3.12/site-packages/airflow/example_dags/tutorial.py for tasks to queue
[2024-06-16T07:56:34.431+0000] {logging_mixin.py:188} INFO - [2024-06-16T07:56:34.430+0000] {dagbag.py:545} INFO - Filling up the DagBag from /home/airflow/.local/lib/python3.12/site-packages/airflow/example_dags/tutorial.py
[2024-06-16T07:56:34.437+0000] {processor.py:840} INFO - DAG(s) 'tutorial' retrieved from /home/airflow/.local/lib/python3.12/site-packages/airflow/example_dags/tutorial.py
[2024-06-16T07:56:34.450+0000] {logging_mixin.py:188} INFO - [2024-06-16T07:56:34.450+0000] {dag.py:3096} INFO - Sync 1 DAGs
[2024-06-16T07:56:34.462+0000] {logging_mixin.py:188} INFO - [2024-06-16T07:56:34.462+0000] {dag.py:3954} INFO - Setting next_dagrun for tutorial to 2024-06-15 00:00:00+00:00, run_after=2024-06-16 00:00:00+00:00
[2024-06-16T07:56:34.471+0000] {processor.py:183} INFO - Processing /home/airflow/.local/lib/python3.12/site-packages/airflow/example_dags/tutorial.py took 0.049 seconds
[2024-06-16T07:57:05.031+0000] {processor.py:161} INFO - Started process (PID=282) to work on /home/airflow/.local/lib/python3.12/site-packages/airflow/example_dags/tutorial.py
[2024-06-16T07:57:05.032+0000] {processor.py:830} INFO - Processing file /home/airflow/.local/lib/python3.12/site-packages/airflow/example_dags/tutorial.py for tasks to queue
[2024-06-16T07:57:05.035+0000] {logging_mixin.py:188} INFO - [2024-06-16T07:57:05.034+0000] {dagbag.py:545} INFO - Filling up the DagBag from /home/airflow/.local/lib/python3.12/site-packages/airflow/example_dags/tutorial.py
[2024-06-16T07:57:05.045+0000] {processor.py:840} INFO - DAG(s) 'tutorial' retrieved from /home/airflow/.local/lib/python3.12/site-packages/airflow/example_dags/tutorial.py
[2024-06-16T07:57:05.071+0000] {logging_mixin.py:188} INFO - [2024-06-16T07:57:05.071+0000] {dag.py:3096} INFO - Sync 1 DAGs
[2024-06-16T07:57:05.085+0000] {logging_mixin.py:188} INFO - [2024-06-16T07:57:05.085+0000] {dag.py:3954} INFO - Setting next_dagrun for tutorial to 2024-06-15 00:00:00+00:00, run_after=2024-06-16 00:00:00+00:00
[2024-06-16T07:57:05.096+0000] {processor.py:183} INFO - Processing /home/airflow/.local/lib/python3.12/site-packages/airflow/example_dags/tutorial.py took 0.073 seconds
[2024-06-16T07:57:35.228+0000] {processor.py:161} INFO - Started process (PID=341) to work on /home/airflow/.local/lib/python3.12/site-packages/airflow/example_dags/tutorial.py
[2024-06-16T07:57:35.228+0000] {processor.py:830} INFO - Processing file /home/airflow/.local/lib/python3.12/site-packages/airflow/example_dags/tutorial.py for tasks to queue
[2024-06-16T07:57:35.229+0000] {logging_mixin.py:188} INFO - [2024-06-16T07:57:35.229+0000] {dagbag.py:545} INFO - Filling up the DagBag from /home/airflow/.local/lib/python3.12/site-packages/airflow/example_dags/tutorial.py
[2024-06-16T07:57:35.232+0000] {processor.py:840} INFO - DAG(s) 'tutorial' retrieved from /home/airflow/.local/lib/python3.12/site-packages/airflow/example_dags/tutorial.py
[2024-06-16T07:57:35.242+0000] {logging_mixin.py:188} INFO - [2024-06-16T07:57:35.242+0000] {dag.py:3096} INFO - Sync 1 DAGs
[2024-06-16T07:57:35.251+0000] {logging_mixin.py:188} INFO - [2024-06-16T07:57:35.251+0000] {dag.py:3954} INFO - Setting next_dagrun for tutorial to 2024-06-15 00:00:00+00:00, run_after=2024-06-16 00:00:00+00:00
[2024-06-16T07:57:35.259+0000] {processor.py:183} INFO - Processing /home/airflow/.local/lib/python3.12/site-packages/airflow/example_dags/tutorial.py took 0.034 seconds
[2024-06-16T07:58:06.005+0000] {processor.py:161} INFO - Started process (PID=400) to work on /home/airflow/.local/lib/python3.12/site-packages/airflow/example_dags/tutorial.py
[2024-06-16T07:58:06.005+0000] {processor.py:830} INFO - Processing file /home/airflow/.local/lib/python3.12/site-packages/airflow/example_dags/tutorial.py for tasks to queue
[2024-06-16T07:58:06.007+0000] {logging_mixin.py:188} INFO - [2024-06-16T07:58:06.006+0000] {dagbag.py:545} INFO - Filling up the DagBag from /home/airflow/.local/lib/python3.12/site-packages/airflow/example_dags/tutorial.py
[2024-06-16T07:58:06.010+0000] {processor.py:840} INFO - DAG(s) 'tutorial' retrieved from /home/airflow/.local/lib/python3.12/site-packages/airflow/example_dags/tutorial.py
[2024-06-16T07:58:06.108+0000] {logging_mixin.py:188} INFO - [2024-06-16T07:58:06.108+0000] {dag.py:3096} INFO - Sync 1 DAGs
[2024-06-16T07:58:06.116+0000] {logging_mixin.py:188} INFO - [2024-06-16T07:58:06.116+0000] {dag.py:3954} INFO - Setting next_dagrun for tutorial to 2024-06-15 00:00:00+00:00, run_after=2024-06-16 00:00:00+00:00
[2024-06-16T07:58:06.124+0000] {processor.py:183} INFO - Processing /home/airflow/.local/lib/python3.12/site-packages/airflow/example_dags/tutorial.py took 0.125 seconds
[2024-06-16T07:58:36.229+0000] {processor.py:161} INFO - Started process (PID=459) to work on /home/airflow/.local/lib/python3.12/site-packages/airflow/example_dags/tutorial.py
[2024-06-16T07:58:36.230+0000] {processor.py:830} INFO - Processing file /home/airflow/.local/lib/python3.12/site-packages/airflow/example_dags/tutorial.py for tasks to queue
[2024-06-16T07:58:36.231+0000] {logging_mixin.py:188} INFO - [2024-06-16T07:58:36.230+0000] {dagbag.py:545} INFO - Filling up the DagBag from /home/airflow/.local/lib/python3.12/site-packages/airflow/example_dags/tutorial.py
[2024-06-16T07:58:36.234+0000] {processor.py:840} INFO - DAG(s) 'tutorial' retrieved from /home/airflow/.local/lib/python3.12/site-packages/airflow/example_dags/tutorial.py
[2024-06-16T07:58:36.244+0000] {logging_mixin.py:188} INFO - [2024-06-16T07:58:36.244+0000] {dag.py:3096} INFO - Sync 1 DAGs
[2024-06-16T07:58:36.253+0000] {logging_mixin.py:188} INFO - [2024-06-16T07:58:36.253+0000] {dag.py:3954} INFO - Setting next_dagrun for tutorial to 2024-06-15 00:00:00+00:00, run_after=2024-06-16 00:00:00+00:00
[2024-06-16T07:58:36.261+0000] {processor.py:183} INFO - Processing /home/airflow/.local/lib/python3.12/site-packages/airflow/example_dags/tutorial.py took 0.035 seconds
[2024-06-16T07:59:06.523+0000] {processor.py:161} INFO - Started process (PID=518) to work on /home/airflow/.local/lib/python3.12/site-packages/airflow/example_dags/tutorial.py
[2024-06-16T07:59:06.536+0000] {processor.py:830} INFO - Processing file /home/airflow/.local/lib/python3.12/site-packages/airflow/example_dags/tutorial.py for tasks to queue
[2024-06-16T07:59:06.538+0000] {logging_mixin.py:188} INFO - [2024-06-16T07:59:06.538+0000] {dagbag.py:545} INFO - Filling up the DagBag from /home/airflow/.local/lib/python3.12/site-packages/airflow/example_dags/tutorial.py
[2024-06-16T07:59:06.544+0000] {processor.py:840} INFO - DAG(s) 'tutorial' retrieved from /home/airflow/.local/lib/python3.12/site-packages/airflow/example_dags/tutorial.py
[2024-06-16T07:59:06.565+0000] {logging_mixin.py:188} INFO - [2024-06-16T07:59:06.564+0000] {dag.py:3096} INFO - Sync 1 DAGs
[2024-06-16T07:59:06.577+0000] {logging_mixin.py:188} INFO - [2024-06-16T07:59:06.577+0000] {dag.py:3954} INFO - Setting next_dagrun for tutorial to 2024-06-15 00:00:00+00:00, run_after=2024-06-16 00:00:00+00:00
[2024-06-16T07:59:06.589+0000] {processor.py:183} INFO - Processing /home/airflow/.local/lib/python3.12/site-packages/airflow/example_dags/tutorial.py took 0.091 seconds
[2024-06-16T07:59:36.883+0000] {processor.py:161} INFO - Started process (PID=578) to work on /home/airflow/.local/lib/python3.12/site-packages/airflow/example_dags/tutorial.py
[2024-06-16T07:59:36.884+0000] {processor.py:830} INFO - Processing file /home/airflow/.local/lib/python3.12/site-packages/airflow/example_dags/tutorial.py for tasks to queue
[2024-06-16T07:59:36.885+0000] {logging_mixin.py:188} INFO - [2024-06-16T07:59:36.885+0000] {dagbag.py:545} INFO - Filling up the DagBag from /home/airflow/.local/lib/python3.12/site-packages/airflow/example_dags/tutorial.py
[2024-06-16T07:59:36.888+0000] {processor.py:840} INFO - DAG(s) 'tutorial' retrieved from /home/airflow/.local/lib/python3.12/site-packages/airflow/example_dags/tutorial.py
[2024-06-16T07:59:36.903+0000] {logging_mixin.py:188} INFO - [2024-06-16T07:59:36.903+0000] {dag.py:3096} INFO - Sync 1 DAGs
[2024-06-16T07:59:36.914+0000] {logging_mixin.py:188} INFO - [2024-06-16T07:59:36.914+0000] {dag.py:3954} INFO - Setting next_dagrun for tutorial to 2024-06-15 00:00:00+00:00, run_after=2024-06-16 00:00:00+00:00
[2024-06-16T07:59:36.922+0000] {processor.py:183} INFO - Processing /home/airflow/.local/lib/python3.12/site-packages/airflow/example_dags/tutorial.py took 0.042 seconds
[2024-06-16T08:00:07.197+0000] {processor.py:161} INFO - Started process (PID=637) to work on /home/airflow/.local/lib/python3.12/site-packages/airflow/example_dags/tutorial.py
[2024-06-16T08:00:07.198+0000] {processor.py:830} INFO - Processing file /home/airflow/.local/lib/python3.12/site-packages/airflow/example_dags/tutorial.py for tasks to queue
[2024-06-16T08:00:07.199+0000] {logging_mixin.py:188} INFO - [2024-06-16T08:00:07.199+0000] {dagbag.py:545} INFO - Filling up the DagBag from /home/airflow/.local/lib/python3.12/site-packages/airflow/example_dags/tutorial.py
[2024-06-16T08:00:07.202+0000] {processor.py:840} INFO - DAG(s) 'tutorial' retrieved from /home/airflow/.local/lib/python3.12/site-packages/airflow/example_dags/tutorial.py
[2024-06-16T08:00:07.212+0000] {logging_mixin.py:188} INFO - [2024-06-16T08:00:07.212+0000] {dag.py:3096} INFO - Sync 1 DAGs
[2024-06-16T08:00:07.221+0000] {logging_mixin.py:188} INFO - [2024-06-16T08:00:07.221+0000] {dag.py:3954} INFO - Setting next_dagrun for tutorial to 2024-06-15 00:00:00+00:00, run_after=2024-06-16 00:00:00+00:00
[2024-06-16T08:00:07.229+0000] {processor.py:183} INFO - Processing /home/airflow/.local/lib/python3.12/site-packages/airflow/example_dags/tutorial.py took 0.034 seconds
[2024-06-16T08:00:37.463+0000] {processor.py:161} INFO - Started process (PID=696) to work on /home/airflow/.local/lib/python3.12/site-packages/airflow/example_dags/tutorial.py
[2024-06-16T08:00:37.464+0000] {processor.py:830} INFO - Processing file /home/airflow/.local/lib/python3.12/site-packages/airflow/example_dags/tutorial.py for tasks to queue
[2024-06-16T08:00:37.465+0000] {logging_mixin.py:188} INFO - [2024-06-16T08:00:37.465+0000] {dagbag.py:545} INFO - Filling up the DagBag from /home/airflow/.local/lib/python3.12/site-packages/airflow/example_dags/tutorial.py
[2024-06-16T08:00:37.469+0000] {processor.py:840} INFO - DAG(s) 'tutorial' retrieved from /home/airflow/.local/lib/python3.12/site-packages/airflow/example_dags/tutorial.py
[2024-06-16T08:00:37.480+0000] {logging_mixin.py:188} INFO - [2024-06-16T08:00:37.479+0000] {dag.py:3096} INFO - Sync 1 DAGs
[2024-06-16T08:00:37.490+0000] {logging_mixin.py:188} INFO - [2024-06-16T08:00:37.490+0000] {dag.py:3954} INFO - Setting next_dagrun for tutorial to 2024-06-15 00:00:00+00:00, run_after=2024-06-16 00:00:00+00:00
[2024-06-16T08:00:37.498+0000] {processor.py:183} INFO - Processing /home/airflow/.local/lib/python3.12/site-packages/airflow/example_dags/tutorial.py took 0.037 seconds
[2024-06-16T08:01:07.870+0000] {processor.py:161} INFO - Started process (PID=755) to work on /home/airflow/.local/lib/python3.12/site-packages/airflow/example_dags/tutorial.py
[2024-06-16T08:01:07.871+0000] {processor.py:830} INFO - Processing file /home/airflow/.local/lib/python3.12/site-packages/airflow/example_dags/tutorial.py for tasks to queue
[2024-06-16T08:01:07.872+0000] {logging_mixin.py:188} INFO - [2024-06-16T08:01:07.871+0000] {dagbag.py:545} INFO - Filling up the DagBag from /home/airflow/.local/lib/python3.12/site-packages/airflow/example_dags/tutorial.py
[2024-06-16T08:01:07.875+0000] {processor.py:840} INFO - DAG(s) 'tutorial' retrieved from /home/airflow/.local/lib/python3.12/site-packages/airflow/example_dags/tutorial.py
[2024-06-16T08:01:07.885+0000] {logging_mixin.py:188} INFO - [2024-06-16T08:01:07.885+0000] {dag.py:3096} INFO - Sync 1 DAGs
[2024-06-16T08:01:07.896+0000] {logging_mixin.py:188} INFO - [2024-06-16T08:01:07.896+0000] {dag.py:3954} INFO - Setting next_dagrun for tutorial to 2024-06-15 00:00:00+00:00, run_after=2024-06-16 00:00:00+00:00
[2024-06-16T08:01:07.909+0000] {processor.py:183} INFO - Processing /home/airflow/.local/lib/python3.12/site-packages/airflow/example_dags/tutorial.py took 0.042 seconds
[2024-06-16T08:01:38.855+0000] {processor.py:161} INFO - Started process (PID=814) to work on /home/airflow/.local/lib/python3.12/site-packages/airflow/example_dags/tutorial.py
[2024-06-16T08:01:38.858+0000] {processor.py:830} INFO - Processing file /home/airflow/.local/lib/python3.12/site-packages/airflow/example_dags/tutorial.py for tasks to queue
[2024-06-16T08:01:38.861+0000] {logging_mixin.py:188} INFO - [2024-06-16T08:01:38.861+0000] {dagbag.py:545} INFO - Filling up the DagBag from /home/airflow/.local/lib/python3.12/site-packages/airflow/example_dags/tutorial.py
[2024-06-16T08:01:38.867+0000] {processor.py:840} INFO - DAG(s) 'tutorial' retrieved from /home/airflow/.local/lib/python3.12/site-packages/airflow/example_dags/tutorial.py
[2024-06-16T08:01:38.883+0000] {logging_mixin.py:188} INFO - [2024-06-16T08:01:38.883+0000] {dag.py:3096} INFO - Sync 1 DAGs
[2024-06-16T08:01:38.898+0000] {logging_mixin.py:188} INFO - [2024-06-16T08:01:38.898+0000] {dag.py:3954} INFO - Setting next_dagrun for tutorial to 2024-06-15 00:00:00+00:00, run_after=2024-06-16 00:00:00+00:00
[2024-06-16T08:01:38.923+0000] {processor.py:183} INFO - Processing /home/airflow/.local/lib/python3.12/site-packages/airflow/example_dags/tutorial.py took 0.080 seconds
[2024-06-16T08:02:23.877+0000] {processor.py:161} INFO - Started process (PID=46) to work on /home/airflow/.local/lib/python3.12/site-packages/airflow/example_dags/tutorial.py
[2024-06-16T08:02:23.878+0000] {processor.py:830} INFO - Processing file /home/airflow/.local/lib/python3.12/site-packages/airflow/example_dags/tutorial.py for tasks to queue
[2024-06-16T08:02:23.881+0000] {logging_mixin.py:188} INFO - [2024-06-16T08:02:23.881+0000] {dagbag.py:545} INFO - Filling up the DagBag from /home/airflow/.local/lib/python3.12/site-packages/airflow/example_dags/tutorial.py
[2024-06-16T08:02:23.891+0000] {processor.py:840} INFO - DAG(s) 'tutorial' retrieved from /home/airflow/.local/lib/python3.12/site-packages/airflow/example_dags/tutorial.py
[2024-06-16T08:02:23.916+0000] {logging_mixin.py:188} INFO - [2024-06-16T08:02:23.916+0000] {dag.py:3096} INFO - Sync 1 DAGs
[2024-06-16T08:02:23.946+0000] {logging_mixin.py:188} INFO - [2024-06-16T08:02:23.946+0000] {dag.py:3954} INFO - Setting next_dagrun for tutorial to 2024-06-15 00:00:00+00:00, run_after=2024-06-16 00:00:00+00:00
[2024-06-16T08:02:23.967+0000] {processor.py:183} INFO - Processing /home/airflow/.local/lib/python3.12/site-packages/airflow/example_dags/tutorial.py took 0.094 seconds
[2024-06-16T08:02:55.379+0000] {processor.py:161} INFO - Started process (PID=105) to work on /home/airflow/.local/lib/python3.12/site-packages/airflow/example_dags/tutorial.py
[2024-06-16T08:02:55.380+0000] {processor.py:830} INFO - Processing file /home/airflow/.local/lib/python3.12/site-packages/airflow/example_dags/tutorial.py for tasks to queue
[2024-06-16T08:02:55.381+0000] {logging_mixin.py:188} INFO - [2024-06-16T08:02:55.381+0000] {dagbag.py:545} INFO - Filling up the DagBag from /home/airflow/.local/lib/python3.12/site-packages/airflow/example_dags/tutorial.py
[2024-06-16T08:02:55.385+0000] {processor.py:840} INFO - DAG(s) 'tutorial' retrieved from /home/airflow/.local/lib/python3.12/site-packages/airflow/example_dags/tutorial.py
[2024-06-16T08:02:55.526+0000] {logging_mixin.py:188} INFO - [2024-06-16T08:02:55.526+0000] {dag.py:3096} INFO - Sync 1 DAGs
[2024-06-16T08:02:55.535+0000] {logging_mixin.py:188} INFO - [2024-06-16T08:02:55.535+0000] {dag.py:3954} INFO - Setting next_dagrun for tutorial to 2024-06-15 00:00:00+00:00, run_after=2024-06-16 00:00:00+00:00
[2024-06-16T08:02:55.544+0000] {processor.py:183} INFO - Processing /home/airflow/.local/lib/python3.12/site-packages/airflow/example_dags/tutorial.py took 0.166 seconds
[2024-06-16T08:03:25.934+0000] {processor.py:161} INFO - Started process (PID=164) to work on /home/airflow/.local/lib/python3.12/site-packages/airflow/example_dags/tutorial.py
[2024-06-16T08:03:25.937+0000] {processor.py:830} INFO - Processing file /home/airflow/.local/lib/python3.12/site-packages/airflow/example_dags/tutorial.py for tasks to queue
[2024-06-16T08:03:25.939+0000] {logging_mixin.py:188} INFO - [2024-06-16T08:03:25.938+0000] {dagbag.py:545} INFO - Filling up the DagBag from /home/airflow/.local/lib/python3.12/site-packages/airflow/example_dags/tutorial.py
[2024-06-16T08:03:25.942+0000] {processor.py:840} INFO - DAG(s) 'tutorial' retrieved from /home/airflow/.local/lib/python3.12/site-packages/airflow/example_dags/tutorial.py
[2024-06-16T08:03:25.952+0000] {logging_mixin.py:188} INFO - [2024-06-16T08:03:25.952+0000] {dag.py:3096} INFO - Sync 1 DAGs
[2024-06-16T08:03:25.963+0000] {logging_mixin.py:188} INFO - [2024-06-16T08:03:25.963+0000] {dag.py:3954} INFO - Setting next_dagrun for tutorial to 2024-06-15 00:00:00+00:00, run_after=2024-06-16 00:00:00+00:00
[2024-06-16T08:03:25.971+0000] {processor.py:183} INFO - Processing /home/airflow/.local/lib/python3.12/site-packages/airflow/example_dags/tutorial.py took 0.040 seconds
[2024-06-16T08:03:57.124+0000] {processor.py:161} INFO - Started process (PID=223) to work on /home/airflow/.local/lib/python3.12/site-packages/airflow/example_dags/tutorial.py
[2024-06-16T08:03:57.124+0000] {processor.py:830} INFO - Processing file /home/airflow/.local/lib/python3.12/site-packages/airflow/example_dags/tutorial.py for tasks to queue
[2024-06-16T08:03:57.125+0000] {logging_mixin.py:188} INFO - [2024-06-16T08:03:57.125+0000] {dagbag.py:545} INFO - Filling up the DagBag from /home/airflow/.local/lib/python3.12/site-packages/airflow/example_dags/tutorial.py
[2024-06-16T08:03:57.128+0000] {processor.py:840} INFO - DAG(s) 'tutorial' retrieved from /home/airflow/.local/lib/python3.12/site-packages/airflow/example_dags/tutorial.py
[2024-06-16T08:03:57.138+0000] {logging_mixin.py:188} INFO - [2024-06-16T08:03:57.138+0000] {dag.py:3096} INFO - Sync 1 DAGs
[2024-06-16T08:03:57.147+0000] {logging_mixin.py:188} INFO - [2024-06-16T08:03:57.147+0000] {dag.py:3954} INFO - Setting next_dagrun for tutorial to 2024-06-15 00:00:00+00:00, run_after=2024-06-16 00:00:00+00:00
[2024-06-16T08:03:57.155+0000] {processor.py:183} INFO - Processing /home/airflow/.local/lib/python3.12/site-packages/airflow/example_dags/tutorial.py took 0.034 seconds
[2024-06-16T08:04:28.385+0000] {processor.py:161} INFO - Started process (PID=282) to work on /home/airflow/.local/lib/python3.12/site-packages/airflow/example_dags/tutorial.py
[2024-06-16T08:04:28.388+0000] {processor.py:830} INFO - Processing file /home/airflow/.local/lib/python3.12/site-packages/airflow/example_dags/tutorial.py for tasks to queue
[2024-06-16T08:04:28.391+0000] {logging_mixin.py:188} INFO - [2024-06-16T08:04:28.391+0000] {dagbag.py:545} INFO - Filling up the DagBag from /home/airflow/.local/lib/python3.12/site-packages/airflow/example_dags/tutorial.py
[2024-06-16T08:04:28.398+0000] {processor.py:840} INFO - DAG(s) 'tutorial' retrieved from /home/airflow/.local/lib/python3.12/site-packages/airflow/example_dags/tutorial.py
[2024-06-16T08:04:28.514+0000] {logging_mixin.py:188} INFO - [2024-06-16T08:04:28.514+0000] {dag.py:3096} INFO - Sync 1 DAGs
[2024-06-16T08:04:28.523+0000] {logging_mixin.py:188} INFO - [2024-06-16T08:04:28.523+0000] {dag.py:3954} INFO - Setting next_dagrun for tutorial to 2024-06-15 00:00:00+00:00, run_after=2024-06-16 00:00:00+00:00
[2024-06-16T08:04:28.534+0000] {processor.py:183} INFO - Processing /home/airflow/.local/lib/python3.12/site-packages/airflow/example_dags/tutorial.py took 0.153 seconds
[2024-06-16T08:04:59.356+0000] {processor.py:161} INFO - Started process (PID=340) to work on /home/airflow/.local/lib/python3.12/site-packages/airflow/example_dags/tutorial.py
[2024-06-16T08:04:59.357+0000] {processor.py:830} INFO - Processing file /home/airflow/.local/lib/python3.12/site-packages/airflow/example_dags/tutorial.py for tasks to queue
[2024-06-16T08:04:59.358+0000] {logging_mixin.py:188} INFO - [2024-06-16T08:04:59.358+0000] {dagbag.py:545} INFO - Filling up the DagBag from /home/airflow/.local/lib/python3.12/site-packages/airflow/example_dags/tutorial.py
[2024-06-16T08:04:59.363+0000] {processor.py:840} INFO - DAG(s) 'tutorial' retrieved from /home/airflow/.local/lib/python3.12/site-packages/airflow/example_dags/tutorial.py
[2024-06-16T08:04:59.381+0000] {logging_mixin.py:188} INFO - [2024-06-16T08:04:59.381+0000] {dag.py:3096} INFO - Sync 1 DAGs
[2024-06-16T08:04:59.398+0000] {logging_mixin.py:188} INFO - [2024-06-16T08:04:59.398+0000] {dag.py:3954} INFO - Setting next_dagrun for tutorial to 2024-06-15 00:00:00+00:00, run_after=2024-06-16 00:00:00+00:00
[2024-06-16T08:04:59.409+0000] {processor.py:183} INFO - Processing /home/airflow/.local/lib/python3.12/site-packages/airflow/example_dags/tutorial.py took 0.056 seconds
[2024-06-16T08:05:29.727+0000] {processor.py:161} INFO - Started process (PID=399) to work on /home/airflow/.local/lib/python3.12/site-packages/airflow/example_dags/tutorial.py
[2024-06-16T08:05:29.727+0000] {processor.py:830} INFO - Processing file /home/airflow/.local/lib/python3.12/site-packages/airflow/example_dags/tutorial.py for tasks to queue
[2024-06-16T08:05:29.728+0000] {logging_mixin.py:188} INFO - [2024-06-16T08:05:29.728+0000] {dagbag.py:545} INFO - Filling up the DagBag from /home/airflow/.local/lib/python3.12/site-packages/airflow/example_dags/tutorial.py
[2024-06-16T08:05:29.732+0000] {processor.py:840} INFO - DAG(s) 'tutorial' retrieved from /home/airflow/.local/lib/python3.12/site-packages/airflow/example_dags/tutorial.py
[2024-06-16T08:05:29.744+0000] {logging_mixin.py:188} INFO - [2024-06-16T08:05:29.744+0000] {dag.py:3096} INFO - Sync 1 DAGs
[2024-06-16T08:05:29.756+0000] {logging_mixin.py:188} INFO - [2024-06-16T08:05:29.756+0000] {dag.py:3954} INFO - Setting next_dagrun for tutorial to 2024-06-15 00:00:00+00:00, run_after=2024-06-16 00:00:00+00:00
[2024-06-16T08:05:29.765+0000] {processor.py:183} INFO - Processing /home/airflow/.local/lib/python3.12/site-packages/airflow/example_dags/tutorial.py took 0.041 seconds
[2024-06-16T08:05:59.786+0000] {processor.py:161} INFO - Started process (PID=459) to work on /home/airflow/.local/lib/python3.12/site-packages/airflow/example_dags/tutorial.py
[2024-06-16T08:05:59.787+0000] {processor.py:830} INFO - Processing file /home/airflow/.local/lib/python3.12/site-packages/airflow/example_dags/tutorial.py for tasks to queue
[2024-06-16T08:05:59.788+0000] {logging_mixin.py:188} INFO - [2024-06-16T08:05:59.788+0000] {dagbag.py:545} INFO - Filling up the DagBag from /home/airflow/.local/lib/python3.12/site-packages/airflow/example_dags/tutorial.py
[2024-06-16T08:05:59.791+0000] {processor.py:840} INFO - DAG(s) 'tutorial' retrieved from /home/airflow/.local/lib/python3.12/site-packages/airflow/example_dags/tutorial.py
[2024-06-16T08:05:59.800+0000] {logging_mixin.py:188} INFO - [2024-06-16T08:05:59.800+0000] {dag.py:3096} INFO - Sync 1 DAGs
[2024-06-16T08:05:59.811+0000] {logging_mixin.py:188} INFO - [2024-06-16T08:05:59.811+0000] {dag.py:3954} INFO - Setting next_dagrun for tutorial to 2024-06-15 00:00:00+00:00, run_after=2024-06-16 00:00:00+00:00
[2024-06-16T08:05:59.821+0000] {processor.py:183} INFO - Processing /home/airflow/.local/lib/python3.12/site-packages/airflow/example_dags/tutorial.py took 0.040 seconds
[2024-06-16T08:06:30.411+0000] {processor.py:161} INFO - Started process (PID=518) to work on /home/airflow/.local/lib/python3.12/site-packages/airflow/example_dags/tutorial.py
[2024-06-16T08:06:30.412+0000] {processor.py:830} INFO - Processing file /home/airflow/.local/lib/python3.12/site-packages/airflow/example_dags/tutorial.py for tasks to queue
[2024-06-16T08:06:30.413+0000] {logging_mixin.py:188} INFO - [2024-06-16T08:06:30.413+0000] {dagbag.py:545} INFO - Filling up the DagBag from /home/airflow/.local/lib/python3.12/site-packages/airflow/example_dags/tutorial.py
[2024-06-16T08:06:30.418+0000] {processor.py:840} INFO - DAG(s) 'tutorial' retrieved from /home/airflow/.local/lib/python3.12/site-packages/airflow/example_dags/tutorial.py
[2024-06-16T08:06:30.429+0000] {logging_mixin.py:188} INFO - [2024-06-16T08:06:30.429+0000] {dag.py:3096} INFO - Sync 1 DAGs
[2024-06-16T08:06:30.439+0000] {logging_mixin.py:188} INFO - [2024-06-16T08:06:30.439+0000] {dag.py:3954} INFO - Setting next_dagrun for tutorial to 2024-06-15 00:00:00+00:00, run_after=2024-06-16 00:00:00+00:00
[2024-06-16T08:06:30.448+0000] {processor.py:183} INFO - Processing /home/airflow/.local/lib/python3.12/site-packages/airflow/example_dags/tutorial.py took 0.039 seconds
[2024-06-16T08:07:00.546+0000] {processor.py:161} INFO - Started process (PID=577) to work on /home/airflow/.local/lib/python3.12/site-packages/airflow/example_dags/tutorial.py
[2024-06-16T08:07:00.547+0000] {processor.py:830} INFO - Processing file /home/airflow/.local/lib/python3.12/site-packages/airflow/example_dags/tutorial.py for tasks to queue
[2024-06-16T08:07:00.548+0000] {logging_mixin.py:188} INFO - [2024-06-16T08:07:00.548+0000] {dagbag.py:545} INFO - Filling up the DagBag from /home/airflow/.local/lib/python3.12/site-packages/airflow/example_dags/tutorial.py
[2024-06-16T08:07:00.551+0000] {processor.py:840} INFO - DAG(s) 'tutorial' retrieved from /home/airflow/.local/lib/python3.12/site-packages/airflow/example_dags/tutorial.py
[2024-06-16T08:07:00.561+0000] {logging_mixin.py:188} INFO - [2024-06-16T08:07:00.561+0000] {dag.py:3096} INFO - Sync 1 DAGs
[2024-06-16T08:07:00.570+0000] {logging_mixin.py:188} INFO - [2024-06-16T08:07:00.570+0000] {dag.py:3954} INFO - Setting next_dagrun for tutorial to 2024-06-15 00:00:00+00:00, run_after=2024-06-16 00:00:00+00:00
[2024-06-16T08:07:00.578+0000] {processor.py:183} INFO - Processing /home/airflow/.local/lib/python3.12/site-packages/airflow/example_dags/tutorial.py took 0.035 seconds
[2024-06-16T08:07:31.613+0000] {processor.py:161} INFO - Started process (PID=636) to work on /home/airflow/.local/lib/python3.12/site-packages/airflow/example_dags/tutorial.py
[2024-06-16T08:07:31.614+0000] {processor.py:830} INFO - Processing file /home/airflow/.local/lib/python3.12/site-packages/airflow/example_dags/tutorial.py for tasks to queue
[2024-06-16T08:07:31.615+0000] {logging_mixin.py:188} INFO - [2024-06-16T08:07:31.615+0000] {dagbag.py:545} INFO - Filling up the DagBag from /home/airflow/.local/lib/python3.12/site-packages/airflow/example_dags/tutorial.py
[2024-06-16T08:07:31.618+0000] {processor.py:840} INFO - DAG(s) 'tutorial' retrieved from /home/airflow/.local/lib/python3.12/site-packages/airflow/example_dags/tutorial.py
[2024-06-16T08:07:31.631+0000] {logging_mixin.py:188} INFO - [2024-06-16T08:07:31.631+0000] {dag.py:3096} INFO - Sync 1 DAGs
[2024-06-16T08:07:31.646+0000] {logging_mixin.py:188} INFO - [2024-06-16T08:07:31.646+0000] {dag.py:3954} INFO - Setting next_dagrun for tutorial to 2024-06-15 00:00:00+00:00, run_after=2024-06-16 00:00:00+00:00
[2024-06-16T08:07:31.654+0000] {processor.py:183} INFO - Processing /home/airflow/.local/lib/python3.12/site-packages/airflow/example_dags/tutorial.py took 0.044 seconds
[2024-06-16T08:08:01.977+0000] {processor.py:161} INFO - Started process (PID=695) to work on /home/airflow/.local/lib/python3.12/site-packages/airflow/example_dags/tutorial.py
[2024-06-16T08:08:01.979+0000] {processor.py:830} INFO - Processing file /home/airflow/.local/lib/python3.12/site-packages/airflow/example_dags/tutorial.py for tasks to queue
[2024-06-16T08:08:01.981+0000] {logging_mixin.py:188} INFO - [2024-06-16T08:08:01.980+0000] {dagbag.py:545} INFO - Filling up the DagBag from /home/airflow/.local/lib/python3.12/site-packages/airflow/example_dags/tutorial.py
[2024-06-16T08:08:01.992+0000] {processor.py:840} INFO - DAG(s) 'tutorial' retrieved from /home/airflow/.local/lib/python3.12/site-packages/airflow/example_dags/tutorial.py
[2024-06-16T08:08:02.016+0000] {logging_mixin.py:188} INFO - [2024-06-16T08:08:02.016+0000] {dag.py:3096} INFO - Sync 1 DAGs
[2024-06-16T08:08:02.030+0000] {logging_mixin.py:188} INFO - [2024-06-16T08:08:02.029+0000] {dag.py:3954} INFO - Setting next_dagrun for tutorial to 2024-06-15 00:00:00+00:00, run_after=2024-06-16 00:00:00+00:00
[2024-06-16T08:08:02.053+0000] {processor.py:183} INFO - Processing /home/airflow/.local/lib/python3.12/site-packages/airflow/example_dags/tutorial.py took 0.085 seconds
[2024-06-16T08:08:32.770+0000] {processor.py:161} INFO - Started process (PID=754) to work on /home/airflow/.local/lib/python3.12/site-packages/airflow/example_dags/tutorial.py
[2024-06-16T08:08:32.771+0000] {processor.py:830} INFO - Processing file /home/airflow/.local/lib/python3.12/site-packages/airflow/example_dags/tutorial.py for tasks to queue
[2024-06-16T08:08:32.773+0000] {logging_mixin.py:188} INFO - [2024-06-16T08:08:32.772+0000] {dagbag.py:545} INFO - Filling up the DagBag from /home/airflow/.local/lib/python3.12/site-packages/airflow/example_dags/tutorial.py
[2024-06-16T08:08:32.777+0000] {processor.py:840} INFO - DAG(s) 'tutorial' retrieved from /home/airflow/.local/lib/python3.12/site-packages/airflow/example_dags/tutorial.py
[2024-06-16T08:08:32.791+0000] {logging_mixin.py:188} INFO - [2024-06-16T08:08:32.791+0000] {dag.py:3096} INFO - Sync 1 DAGs
[2024-06-16T08:08:32.809+0000] {logging_mixin.py:188} INFO - [2024-06-16T08:08:32.809+0000] {dag.py:3954} INFO - Setting next_dagrun for tutorial to 2024-06-15 00:00:00+00:00, run_after=2024-06-16 00:00:00+00:00
[2024-06-16T08:08:32.822+0000] {processor.py:183} INFO - Processing /home/airflow/.local/lib/python3.12/site-packages/airflow/example_dags/tutorial.py took 0.056 seconds
[2024-06-16T08:09:03.203+0000] {processor.py:161} INFO - Started process (PID=813) to work on /home/airflow/.local/lib/python3.12/site-packages/airflow/example_dags/tutorial.py
[2024-06-16T08:09:03.203+0000] {processor.py:830} INFO - Processing file /home/airflow/.local/lib/python3.12/site-packages/airflow/example_dags/tutorial.py for tasks to queue
[2024-06-16T08:09:03.204+0000] {logging_mixin.py:188} INFO - [2024-06-16T08:09:03.204+0000] {dagbag.py:545} INFO - Filling up the DagBag from /home/airflow/.local/lib/python3.12/site-packages/airflow/example_dags/tutorial.py
[2024-06-16T08:09:03.208+0000] {processor.py:840} INFO - DAG(s) 'tutorial' retrieved from /home/airflow/.local/lib/python3.12/site-packages/airflow/example_dags/tutorial.py
[2024-06-16T08:09:03.223+0000] {logging_mixin.py:188} INFO - [2024-06-16T08:09:03.223+0000] {dag.py:3096} INFO - Sync 1 DAGs
[2024-06-16T08:09:03.234+0000] {logging_mixin.py:188} INFO - [2024-06-16T08:09:03.233+0000] {dag.py:3954} INFO - Setting next_dagrun for tutorial to 2024-06-15 00:00:00+00:00, run_after=2024-06-16 00:00:00+00:00
[2024-06-16T08:09:03.242+0000] {processor.py:183} INFO - Processing /home/airflow/.local/lib/python3.12/site-packages/airflow/example_dags/tutorial.py took 0.042 seconds
[2024-06-16T08:09:33.977+0000] {processor.py:161} INFO - Started process (PID=872) to work on /home/airflow/.local/lib/python3.12/site-packages/airflow/example_dags/tutorial.py
[2024-06-16T08:09:33.978+0000] {processor.py:830} INFO - Processing file /home/airflow/.local/lib/python3.12/site-packages/airflow/example_dags/tutorial.py for tasks to queue
[2024-06-16T08:09:33.979+0000] {logging_mixin.py:188} INFO - [2024-06-16T08:09:33.979+0000] {dagbag.py:545} INFO - Filling up the DagBag from /home/airflow/.local/lib/python3.12/site-packages/airflow/example_dags/tutorial.py
[2024-06-16T08:09:33.982+0000] {processor.py:840} INFO - DAG(s) 'tutorial' retrieved from /home/airflow/.local/lib/python3.12/site-packages/airflow/example_dags/tutorial.py
[2024-06-16T08:09:33.992+0000] {logging_mixin.py:188} INFO - [2024-06-16T08:09:33.992+0000] {dag.py:3096} INFO - Sync 1 DAGs
[2024-06-16T08:09:34.005+0000] {logging_mixin.py:188} INFO - [2024-06-16T08:09:34.005+0000] {dag.py:3954} INFO - Setting next_dagrun for tutorial to 2024-06-15 00:00:00+00:00, run_after=2024-06-16 00:00:00+00:00
[2024-06-16T08:09:34.014+0000] {processor.py:183} INFO - Processing /home/airflow/.local/lib/python3.12/site-packages/airflow/example_dags/tutorial.py took 0.040 seconds
[2024-06-16T08:10:04.532+0000] {processor.py:161} INFO - Started process (PID=931) to work on /home/airflow/.local/lib/python3.12/site-packages/airflow/example_dags/tutorial.py
[2024-06-16T08:10:04.533+0000] {processor.py:830} INFO - Processing file /home/airflow/.local/lib/python3.12/site-packages/airflow/example_dags/tutorial.py for tasks to queue
[2024-06-16T08:10:04.534+0000] {logging_mixin.py:188} INFO - [2024-06-16T08:10:04.534+0000] {dagbag.py:545} INFO - Filling up the DagBag from /home/airflow/.local/lib/python3.12/site-packages/airflow/example_dags/tutorial.py
[2024-06-16T08:10:04.537+0000] {processor.py:840} INFO - DAG(s) 'tutorial' retrieved from /home/airflow/.local/lib/python3.12/site-packages/airflow/example_dags/tutorial.py
[2024-06-16T08:10:04.547+0000] {logging_mixin.py:188} INFO - [2024-06-16T08:10:04.547+0000] {dag.py:3096} INFO - Sync 1 DAGs
[2024-06-16T08:10:04.557+0000] {logging_mixin.py:188} INFO - [2024-06-16T08:10:04.557+0000] {dag.py:3954} INFO - Setting next_dagrun for tutorial to 2024-06-15 00:00:00+00:00, run_after=2024-06-16 00:00:00+00:00
[2024-06-16T08:10:04.564+0000] {processor.py:183} INFO - Processing /home/airflow/.local/lib/python3.12/site-packages/airflow/example_dags/tutorial.py took 0.035 seconds
[2024-06-16T08:10:35.041+0000] {processor.py:161} INFO - Started process (PID=990) to work on /home/airflow/.local/lib/python3.12/site-packages/airflow/example_dags/tutorial.py
[2024-06-16T08:10:35.042+0000] {processor.py:830} INFO - Processing file /home/airflow/.local/lib/python3.12/site-packages/airflow/example_dags/tutorial.py for tasks to queue
[2024-06-16T08:10:35.043+0000] {logging_mixin.py:188} INFO - [2024-06-16T08:10:35.043+0000] {dagbag.py:545} INFO - Filling up the DagBag from /home/airflow/.local/lib/python3.12/site-packages/airflow/example_dags/tutorial.py
[2024-06-16T08:10:35.047+0000] {processor.py:840} INFO - DAG(s) 'tutorial' retrieved from /home/airflow/.local/lib/python3.12/site-packages/airflow/example_dags/tutorial.py
[2024-06-16T08:10:35.059+0000] {logging_mixin.py:188} INFO - [2024-06-16T08:10:35.059+0000] {dag.py:3096} INFO - Sync 1 DAGs
[2024-06-16T08:10:35.070+0000] {logging_mixin.py:188} INFO - [2024-06-16T08:10:35.070+0000] {dag.py:3954} INFO - Setting next_dagrun for tutorial to 2024-06-15 00:00:00+00:00, run_after=2024-06-16 00:00:00+00:00
[2024-06-16T08:10:35.078+0000] {processor.py:183} INFO - Processing /home/airflow/.local/lib/python3.12/site-packages/airflow/example_dags/tutorial.py took 0.040 seconds
[2024-06-16T08:11:05.180+0000] {processor.py:161} INFO - Started process (PID=1048) to work on /home/airflow/.local/lib/python3.12/site-packages/airflow/example_dags/tutorial.py
[2024-06-16T08:11:05.180+0000] {processor.py:830} INFO - Processing file /home/airflow/.local/lib/python3.12/site-packages/airflow/example_dags/tutorial.py for tasks to queue
[2024-06-16T08:11:05.181+0000] {logging_mixin.py:188} INFO - [2024-06-16T08:11:05.181+0000] {dagbag.py:545} INFO - Filling up the DagBag from /home/airflow/.local/lib/python3.12/site-packages/airflow/example_dags/tutorial.py
[2024-06-16T08:11:05.185+0000] {processor.py:840} INFO - DAG(s) 'tutorial' retrieved from /home/airflow/.local/lib/python3.12/site-packages/airflow/example_dags/tutorial.py
[2024-06-16T08:11:05.195+0000] {logging_mixin.py:188} INFO - [2024-06-16T08:11:05.194+0000] {dag.py:3096} INFO - Sync 1 DAGs
[2024-06-16T08:11:05.211+0000] {logging_mixin.py:188} INFO - [2024-06-16T08:11:05.211+0000] {dag.py:3954} INFO - Setting next_dagrun for tutorial to 2024-06-15 00:00:00+00:00, run_after=2024-06-16 00:00:00+00:00
[2024-06-16T08:11:05.219+0000] {processor.py:183} INFO - Processing /home/airflow/.local/lib/python3.12/site-packages/airflow/example_dags/tutorial.py took 0.042 seconds
[2024-06-16T08:11:36.309+0000] {processor.py:161} INFO - Started process (PID=1108) to work on /home/airflow/.local/lib/python3.12/site-packages/airflow/example_dags/tutorial.py
[2024-06-16T08:11:36.310+0000] {processor.py:830} INFO - Processing file /home/airflow/.local/lib/python3.12/site-packages/airflow/example_dags/tutorial.py for tasks to queue
[2024-06-16T08:11:36.311+0000] {logging_mixin.py:188} INFO - [2024-06-16T08:11:36.311+0000] {dagbag.py:545} INFO - Filling up the DagBag from /home/airflow/.local/lib/python3.12/site-packages/airflow/example_dags/tutorial.py
[2024-06-16T08:11:36.317+0000] {processor.py:840} INFO - DAG(s) 'tutorial' retrieved from /home/airflow/.local/lib/python3.12/site-packages/airflow/example_dags/tutorial.py
[2024-06-16T08:11:36.342+0000] {logging_mixin.py:188} INFO - [2024-06-16T08:11:36.341+0000] {dag.py:3096} INFO - Sync 1 DAGs
[2024-06-16T08:11:36.375+0000] {logging_mixin.py:188} INFO - [2024-06-16T08:11:36.375+0000] {dag.py:3954} INFO - Setting next_dagrun for tutorial to 2024-06-15 00:00:00+00:00, run_after=2024-06-16 00:00:00+00:00
[2024-06-16T08:11:36.385+0000] {processor.py:183} INFO - Processing /home/airflow/.local/lib/python3.12/site-packages/airflow/example_dags/tutorial.py took 0.082 seconds
[2024-06-16T08:12:06.872+0000] {processor.py:161} INFO - Started process (PID=1167) to work on /home/airflow/.local/lib/python3.12/site-packages/airflow/example_dags/tutorial.py
[2024-06-16T08:12:06.873+0000] {processor.py:830} INFO - Processing file /home/airflow/.local/lib/python3.12/site-packages/airflow/example_dags/tutorial.py for tasks to queue
[2024-06-16T08:12:06.874+0000] {logging_mixin.py:188} INFO - [2024-06-16T08:12:06.874+0000] {dagbag.py:545} INFO - Filling up the DagBag from /home/airflow/.local/lib/python3.12/site-packages/airflow/example_dags/tutorial.py
[2024-06-16T08:12:06.878+0000] {processor.py:840} INFO - DAG(s) 'tutorial' retrieved from /home/airflow/.local/lib/python3.12/site-packages/airflow/example_dags/tutorial.py
[2024-06-16T08:12:06.897+0000] {logging_mixin.py:188} INFO - [2024-06-16T08:12:06.896+0000] {dag.py:3096} INFO - Sync 1 DAGs
[2024-06-16T08:12:06.911+0000] {logging_mixin.py:188} INFO - [2024-06-16T08:12:06.911+0000] {dag.py:3954} INFO - Setting next_dagrun for tutorial to 2024-06-15 00:00:00+00:00, run_after=2024-06-16 00:00:00+00:00
[2024-06-16T08:12:06.919+0000] {processor.py:183} INFO - Processing /home/airflow/.local/lib/python3.12/site-packages/airflow/example_dags/tutorial.py took 0.050 seconds
[2024-06-16T08:12:37.054+0000] {processor.py:161} INFO - Started process (PID=1225) to work on /home/airflow/.local/lib/python3.12/site-packages/airflow/example_dags/tutorial.py
[2024-06-16T08:12:37.055+0000] {processor.py:830} INFO - Processing file /home/airflow/.local/lib/python3.12/site-packages/airflow/example_dags/tutorial.py for tasks to queue
[2024-06-16T08:12:37.056+0000] {logging_mixin.py:188} INFO - [2024-06-16T08:12:37.056+0000] {dagbag.py:545} INFO - Filling up the DagBag from /home/airflow/.local/lib/python3.12/site-packages/airflow/example_dags/tutorial.py
[2024-06-16T08:12:37.058+0000] {processor.py:840} INFO - DAG(s) 'tutorial' retrieved from /home/airflow/.local/lib/python3.12/site-packages/airflow/example_dags/tutorial.py
[2024-06-16T08:12:37.067+0000] {logging_mixin.py:188} INFO - [2024-06-16T08:12:37.067+0000] {dag.py:3096} INFO - Sync 1 DAGs
[2024-06-16T08:12:37.082+0000] {logging_mixin.py:188} INFO - [2024-06-16T08:12:37.082+0000] {dag.py:3954} INFO - Setting next_dagrun for tutorial to 2024-06-15 00:00:00+00:00, run_after=2024-06-16 00:00:00+00:00
[2024-06-16T08:12:37.095+0000] {processor.py:183} INFO - Processing /home/airflow/.local/lib/python3.12/site-packages/airflow/example_dags/tutorial.py took 0.044 seconds
[2024-06-16T08:13:08.105+0000] {processor.py:161} INFO - Started process (PID=1284) to work on /home/airflow/.local/lib/python3.12/site-packages/airflow/example_dags/tutorial.py
[2024-06-16T08:13:08.106+0000] {processor.py:830} INFO - Processing file /home/airflow/.local/lib/python3.12/site-packages/airflow/example_dags/tutorial.py for tasks to queue
[2024-06-16T08:13:08.107+0000] {logging_mixin.py:188} INFO - [2024-06-16T08:13:08.107+0000] {dagbag.py:545} INFO - Filling up the DagBag from /home/airflow/.local/lib/python3.12/site-packages/airflow/example_dags/tutorial.py
[2024-06-16T08:13:08.111+0000] {processor.py:840} INFO - DAG(s) 'tutorial' retrieved from /home/airflow/.local/lib/python3.12/site-packages/airflow/example_dags/tutorial.py
[2024-06-16T08:13:08.125+0000] {logging_mixin.py:188} INFO - [2024-06-16T08:13:08.124+0000] {dag.py:3096} INFO - Sync 1 DAGs
[2024-06-16T08:13:08.139+0000] {logging_mixin.py:188} INFO - [2024-06-16T08:13:08.139+0000] {dag.py:3954} INFO - Setting next_dagrun for tutorial to 2024-06-15 00:00:00+00:00, run_after=2024-06-16 00:00:00+00:00
[2024-06-16T08:13:08.151+0000] {processor.py:183} INFO - Processing /home/airflow/.local/lib/python3.12/site-packages/airflow/example_dags/tutorial.py took 0.050 seconds
[2024-06-16T08:13:38.614+0000] {processor.py:161} INFO - Started process (PID=1343) to work on /home/airflow/.local/lib/python3.12/site-packages/airflow/example_dags/tutorial.py
[2024-06-16T08:13:38.615+0000] {processor.py:830} INFO - Processing file /home/airflow/.local/lib/python3.12/site-packages/airflow/example_dags/tutorial.py for tasks to queue
[2024-06-16T08:13:38.616+0000] {logging_mixin.py:188} INFO - [2024-06-16T08:13:38.616+0000] {dagbag.py:545} INFO - Filling up the DagBag from /home/airflow/.local/lib/python3.12/site-packages/airflow/example_dags/tutorial.py
[2024-06-16T08:13:38.621+0000] {processor.py:840} INFO - DAG(s) 'tutorial' retrieved from /home/airflow/.local/lib/python3.12/site-packages/airflow/example_dags/tutorial.py
[2024-06-16T08:13:38.633+0000] {logging_mixin.py:188} INFO - [2024-06-16T08:13:38.633+0000] {dag.py:3096} INFO - Sync 1 DAGs
[2024-06-16T08:13:38.646+0000] {logging_mixin.py:188} INFO - [2024-06-16T08:13:38.645+0000] {dag.py:3954} INFO - Setting next_dagrun for tutorial to 2024-06-15 00:00:00+00:00, run_after=2024-06-16 00:00:00+00:00
[2024-06-16T08:13:38.655+0000] {processor.py:183} INFO - Processing /home/airflow/.local/lib/python3.12/site-packages/airflow/example_dags/tutorial.py took 0.046 seconds
[2024-06-16T08:14:08.737+0000] {processor.py:161} INFO - Started process (PID=1402) to work on /home/airflow/.local/lib/python3.12/site-packages/airflow/example_dags/tutorial.py
[2024-06-16T08:14:08.738+0000] {processor.py:830} INFO - Processing file /home/airflow/.local/lib/python3.12/site-packages/airflow/example_dags/tutorial.py for tasks to queue
[2024-06-16T08:14:08.739+0000] {logging_mixin.py:188} INFO - [2024-06-16T08:14:08.739+0000] {dagbag.py:545} INFO - Filling up the DagBag from /home/airflow/.local/lib/python3.12/site-packages/airflow/example_dags/tutorial.py
[2024-06-16T08:14:08.742+0000] {processor.py:840} INFO - DAG(s) 'tutorial' retrieved from /home/airflow/.local/lib/python3.12/site-packages/airflow/example_dags/tutorial.py
[2024-06-16T08:14:08.753+0000] {logging_mixin.py:188} INFO - [2024-06-16T08:14:08.753+0000] {dag.py:3096} INFO - Sync 1 DAGs
[2024-06-16T08:14:08.765+0000] {logging_mixin.py:188} INFO - [2024-06-16T08:14:08.765+0000] {dag.py:3954} INFO - Setting next_dagrun for tutorial to 2024-06-15 00:00:00+00:00, run_after=2024-06-16 00:00:00+00:00
[2024-06-16T08:14:08.774+0000] {processor.py:183} INFO - Processing /home/airflow/.local/lib/python3.12/site-packages/airflow/example_dags/tutorial.py took 0.040 seconds
[2024-06-16T08:14:38.895+0000] {processor.py:161} INFO - Started process (PID=1461) to work on /home/airflow/.local/lib/python3.12/site-packages/airflow/example_dags/tutorial.py
[2024-06-16T08:14:38.896+0000] {processor.py:830} INFO - Processing file /home/airflow/.local/lib/python3.12/site-packages/airflow/example_dags/tutorial.py for tasks to queue
[2024-06-16T08:14:38.897+0000] {logging_mixin.py:188} INFO - [2024-06-16T08:14:38.897+0000] {dagbag.py:545} INFO - Filling up the DagBag from /home/airflow/.local/lib/python3.12/site-packages/airflow/example_dags/tutorial.py
[2024-06-16T08:14:38.901+0000] {processor.py:840} INFO - DAG(s) 'tutorial' retrieved from /home/airflow/.local/lib/python3.12/site-packages/airflow/example_dags/tutorial.py
[2024-06-16T08:14:38.914+0000] {logging_mixin.py:188} INFO - [2024-06-16T08:14:38.914+0000] {dag.py:3096} INFO - Sync 1 DAGs
[2024-06-16T08:14:38.945+0000] {logging_mixin.py:188} INFO - [2024-06-16T08:14:38.945+0000] {dag.py:3954} INFO - Setting next_dagrun for tutorial to 2024-06-15 00:00:00+00:00, run_after=2024-06-16 00:00:00+00:00
[2024-06-16T08:14:38.959+0000] {processor.py:183} INFO - Processing /home/airflow/.local/lib/python3.12/site-packages/airflow/example_dags/tutorial.py took 0.067 seconds
[2024-06-16T08:15:09.362+0000] {processor.py:161} INFO - Started process (PID=1520) to work on /home/airflow/.local/lib/python3.12/site-packages/airflow/example_dags/tutorial.py
[2024-06-16T08:15:09.363+0000] {processor.py:830} INFO - Processing file /home/airflow/.local/lib/python3.12/site-packages/airflow/example_dags/tutorial.py for tasks to queue
[2024-06-16T08:15:09.364+0000] {logging_mixin.py:188} INFO - [2024-06-16T08:15:09.364+0000] {dagbag.py:545} INFO - Filling up the DagBag from /home/airflow/.local/lib/python3.12/site-packages/airflow/example_dags/tutorial.py
[2024-06-16T08:15:09.368+0000] {processor.py:840} INFO - DAG(s) 'tutorial' retrieved from /home/airflow/.local/lib/python3.12/site-packages/airflow/example_dags/tutorial.py
[2024-06-16T08:15:09.378+0000] {logging_mixin.py:188} INFO - [2024-06-16T08:15:09.378+0000] {dag.py:3096} INFO - Sync 1 DAGs
[2024-06-16T08:15:09.388+0000] {logging_mixin.py:188} INFO - [2024-06-16T08:15:09.388+0000] {dag.py:3954} INFO - Setting next_dagrun for tutorial to 2024-06-15 00:00:00+00:00, run_after=2024-06-16 00:00:00+00:00
[2024-06-16T08:15:09.397+0000] {processor.py:183} INFO - Processing /home/airflow/.local/lib/python3.12/site-packages/airflow/example_dags/tutorial.py took 0.038 seconds
[2024-06-16T08:15:39.710+0000] {processor.py:161} INFO - Started process (PID=1579) to work on /home/airflow/.local/lib/python3.12/site-packages/airflow/example_dags/tutorial.py
[2024-06-16T08:15:39.711+0000] {processor.py:830} INFO - Processing file /home/airflow/.local/lib/python3.12/site-packages/airflow/example_dags/tutorial.py for tasks to queue
[2024-06-16T08:15:39.712+0000] {logging_mixin.py:188} INFO - [2024-06-16T08:15:39.711+0000] {dagbag.py:545} INFO - Filling up the DagBag from /home/airflow/.local/lib/python3.12/site-packages/airflow/example_dags/tutorial.py
[2024-06-16T08:15:39.715+0000] {processor.py:840} INFO - DAG(s) 'tutorial' retrieved from /home/airflow/.local/lib/python3.12/site-packages/airflow/example_dags/tutorial.py
[2024-06-16T08:15:39.729+0000] {logging_mixin.py:188} INFO - [2024-06-16T08:15:39.728+0000] {dag.py:3096} INFO - Sync 1 DAGs
[2024-06-16T08:15:39.739+0000] {logging_mixin.py:188} INFO - [2024-06-16T08:15:39.739+0000] {dag.py:3954} INFO - Setting next_dagrun for tutorial to 2024-06-15 00:00:00+00:00, run_after=2024-06-16 00:00:00+00:00
[2024-06-16T08:15:39.748+0000] {processor.py:183} INFO - Processing /home/airflow/.local/lib/python3.12/site-packages/airflow/example_dags/tutorial.py took 0.041 seconds
[2024-06-16T08:16:09.975+0000] {processor.py:161} INFO - Started process (PID=1638) to work on /home/airflow/.local/lib/python3.12/site-packages/airflow/example_dags/tutorial.py
[2024-06-16T08:16:09.976+0000] {processor.py:830} INFO - Processing file /home/airflow/.local/lib/python3.12/site-packages/airflow/example_dags/tutorial.py for tasks to queue
[2024-06-16T08:16:09.977+0000] {logging_mixin.py:188} INFO - [2024-06-16T08:16:09.977+0000] {dagbag.py:545} INFO - Filling up the DagBag from /home/airflow/.local/lib/python3.12/site-packages/airflow/example_dags/tutorial.py
[2024-06-16T08:16:09.981+0000] {processor.py:840} INFO - DAG(s) 'tutorial' retrieved from /home/airflow/.local/lib/python3.12/site-packages/airflow/example_dags/tutorial.py
[2024-06-16T08:16:09.993+0000] {logging_mixin.py:188} INFO - [2024-06-16T08:16:09.993+0000] {dag.py:3096} INFO - Sync 1 DAGs
[2024-06-16T08:16:10.004+0000] {logging_mixin.py:188} INFO - [2024-06-16T08:16:10.004+0000] {dag.py:3954} INFO - Setting next_dagrun for tutorial to 2024-06-15 00:00:00+00:00, run_after=2024-06-16 00:00:00+00:00
[2024-06-16T08:16:10.015+0000] {processor.py:183} INFO - Processing /home/airflow/.local/lib/python3.12/site-packages/airflow/example_dags/tutorial.py took 0.043 seconds
[2024-06-16T08:16:40.238+0000] {processor.py:161} INFO - Started process (PID=1697) to work on /home/airflow/.local/lib/python3.12/site-packages/airflow/example_dags/tutorial.py
[2024-06-16T08:16:40.239+0000] {processor.py:830} INFO - Processing file /home/airflow/.local/lib/python3.12/site-packages/airflow/example_dags/tutorial.py for tasks to queue
[2024-06-16T08:16:40.240+0000] {logging_mixin.py:188} INFO - [2024-06-16T08:16:40.239+0000] {dagbag.py:545} INFO - Filling up the DagBag from /home/airflow/.local/lib/python3.12/site-packages/airflow/example_dags/tutorial.py
[2024-06-16T08:16:40.243+0000] {processor.py:840} INFO - DAG(s) 'tutorial' retrieved from /home/airflow/.local/lib/python3.12/site-packages/airflow/example_dags/tutorial.py
[2024-06-16T08:16:40.253+0000] {logging_mixin.py:188} INFO - [2024-06-16T08:16:40.253+0000] {dag.py:3096} INFO - Sync 1 DAGs
[2024-06-16T08:16:40.263+0000] {logging_mixin.py:188} INFO - [2024-06-16T08:16:40.263+0000] {dag.py:3954} INFO - Setting next_dagrun for tutorial to 2024-06-15 00:00:00+00:00, run_after=2024-06-16 00:00:00+00:00
[2024-06-16T08:16:40.271+0000] {processor.py:183} INFO - Processing /home/airflow/.local/lib/python3.12/site-packages/airflow/example_dags/tutorial.py took 0.036 seconds
[2024-06-16T08:17:10.557+0000] {processor.py:161} INFO - Started process (PID=1756) to work on /home/airflow/.local/lib/python3.12/site-packages/airflow/example_dags/tutorial.py
[2024-06-16T08:17:10.557+0000] {processor.py:830} INFO - Processing file /home/airflow/.local/lib/python3.12/site-packages/airflow/example_dags/tutorial.py for tasks to queue
[2024-06-16T08:17:10.558+0000] {logging_mixin.py:188} INFO - [2024-06-16T08:17:10.558+0000] {dagbag.py:545} INFO - Filling up the DagBag from /home/airflow/.local/lib/python3.12/site-packages/airflow/example_dags/tutorial.py
[2024-06-16T08:17:10.561+0000] {processor.py:840} INFO - DAG(s) 'tutorial' retrieved from /home/airflow/.local/lib/python3.12/site-packages/airflow/example_dags/tutorial.py
[2024-06-16T08:17:10.571+0000] {logging_mixin.py:188} INFO - [2024-06-16T08:17:10.571+0000] {dag.py:3096} INFO - Sync 1 DAGs
[2024-06-16T08:17:10.581+0000] {logging_mixin.py:188} INFO - [2024-06-16T08:17:10.581+0000] {dag.py:3954} INFO - Setting next_dagrun for tutorial to 2024-06-15 00:00:00+00:00, run_after=2024-06-16 00:00:00+00:00
[2024-06-16T08:17:10.590+0000] {processor.py:183} INFO - Processing /home/airflow/.local/lib/python3.12/site-packages/airflow/example_dags/tutorial.py took 0.036 seconds
[2024-06-16T08:17:40.666+0000] {processor.py:161} INFO - Started process (PID=1815) to work on /home/airflow/.local/lib/python3.12/site-packages/airflow/example_dags/tutorial.py
[2024-06-16T08:17:40.667+0000] {processor.py:830} INFO - Processing file /home/airflow/.local/lib/python3.12/site-packages/airflow/example_dags/tutorial.py for tasks to queue
[2024-06-16T08:17:40.669+0000] {logging_mixin.py:188} INFO - [2024-06-16T08:17:40.669+0000] {dagbag.py:545} INFO - Filling up the DagBag from /home/airflow/.local/lib/python3.12/site-packages/airflow/example_dags/tutorial.py
[2024-06-16T08:17:40.674+0000] {processor.py:840} INFO - DAG(s) 'tutorial' retrieved from /home/airflow/.local/lib/python3.12/site-packages/airflow/example_dags/tutorial.py
[2024-06-16T08:17:40.689+0000] {logging_mixin.py:188} INFO - [2024-06-16T08:17:40.689+0000] {dag.py:3096} INFO - Sync 1 DAGs
[2024-06-16T08:17:40.706+0000] {logging_mixin.py:188} INFO - [2024-06-16T08:17:40.706+0000] {dag.py:3954} INFO - Setting next_dagrun for tutorial to 2024-06-15 00:00:00+00:00, run_after=2024-06-16 00:00:00+00:00
[2024-06-16T08:17:40.716+0000] {processor.py:183} INFO - Processing /home/airflow/.local/lib/python3.12/site-packages/airflow/example_dags/tutorial.py took 0.055 seconds
[2024-06-16T08:18:11.011+0000] {processor.py:161} INFO - Started process (PID=1874) to work on /home/airflow/.local/lib/python3.12/site-packages/airflow/example_dags/tutorial.py
[2024-06-16T08:18:11.012+0000] {processor.py:830} INFO - Processing file /home/airflow/.local/lib/python3.12/site-packages/airflow/example_dags/tutorial.py for tasks to queue
[2024-06-16T08:18:11.013+0000] {logging_mixin.py:188} INFO - [2024-06-16T08:18:11.012+0000] {dagbag.py:545} INFO - Filling up the DagBag from /home/airflow/.local/lib/python3.12/site-packages/airflow/example_dags/tutorial.py
[2024-06-16T08:18:11.016+0000] {processor.py:840} INFO - DAG(s) 'tutorial' retrieved from /home/airflow/.local/lib/python3.12/site-packages/airflow/example_dags/tutorial.py
[2024-06-16T08:18:11.025+0000] {logging_mixin.py:188} INFO - [2024-06-16T08:18:11.025+0000] {dag.py:3096} INFO - Sync 1 DAGs
[2024-06-16T08:18:11.036+0000] {logging_mixin.py:188} INFO - [2024-06-16T08:18:11.035+0000] {dag.py:3954} INFO - Setting next_dagrun for tutorial to 2024-06-15 00:00:00+00:00, run_after=2024-06-16 00:00:00+00:00
[2024-06-16T08:18:11.043+0000] {processor.py:183} INFO - Processing /home/airflow/.local/lib/python3.12/site-packages/airflow/example_dags/tutorial.py took 0.035 seconds
[2024-06-16T08:18:41.893+0000] {processor.py:161} INFO - Started process (PID=1933) to work on /home/airflow/.local/lib/python3.12/site-packages/airflow/example_dags/tutorial.py
[2024-06-16T08:18:41.894+0000] {processor.py:830} INFO - Processing file /home/airflow/.local/lib/python3.12/site-packages/airflow/example_dags/tutorial.py for tasks to queue
[2024-06-16T08:18:41.895+0000] {logging_mixin.py:188} INFO - [2024-06-16T08:18:41.895+0000] {dagbag.py:545} INFO - Filling up the DagBag from /home/airflow/.local/lib/python3.12/site-packages/airflow/example_dags/tutorial.py
[2024-06-16T08:18:41.898+0000] {processor.py:840} INFO - DAG(s) 'tutorial' retrieved from /home/airflow/.local/lib/python3.12/site-packages/airflow/example_dags/tutorial.py
[2024-06-16T08:18:41.907+0000] {logging_mixin.py:188} INFO - [2024-06-16T08:18:41.907+0000] {dag.py:3096} INFO - Sync 1 DAGs
[2024-06-16T08:18:41.919+0000] {logging_mixin.py:188} INFO - [2024-06-16T08:18:41.919+0000] {dag.py:3954} INFO - Setting next_dagrun for tutorial to 2024-06-15 00:00:00+00:00, run_after=2024-06-16 00:00:00+00:00
[2024-06-16T08:18:41.928+0000] {processor.py:183} INFO - Processing /home/airflow/.local/lib/python3.12/site-packages/airflow/example_dags/tutorial.py took 0.038 seconds
[2024-06-16T08:19:12.393+0000] {processor.py:161} INFO - Started process (PID=1992) to work on /home/airflow/.local/lib/python3.12/site-packages/airflow/example_dags/tutorial.py
[2024-06-16T08:19:12.393+0000] {processor.py:830} INFO - Processing file /home/airflow/.local/lib/python3.12/site-packages/airflow/example_dags/tutorial.py for tasks to queue
[2024-06-16T08:19:12.394+0000] {logging_mixin.py:188} INFO - [2024-06-16T08:19:12.394+0000] {dagbag.py:545} INFO - Filling up the DagBag from /home/airflow/.local/lib/python3.12/site-packages/airflow/example_dags/tutorial.py
[2024-06-16T08:19:12.398+0000] {processor.py:840} INFO - DAG(s) 'tutorial' retrieved from /home/airflow/.local/lib/python3.12/site-packages/airflow/example_dags/tutorial.py
[2024-06-16T08:19:12.410+0000] {logging_mixin.py:188} INFO - [2024-06-16T08:19:12.410+0000] {dag.py:3096} INFO - Sync 1 DAGs
[2024-06-16T08:19:12.423+0000] {logging_mixin.py:188} INFO - [2024-06-16T08:19:12.423+0000] {dag.py:3954} INFO - Setting next_dagrun for tutorial to 2024-06-15 00:00:00+00:00, run_after=2024-06-16 00:00:00+00:00
[2024-06-16T08:19:12.432+0000] {processor.py:183} INFO - Processing /home/airflow/.local/lib/python3.12/site-packages/airflow/example_dags/tutorial.py took 0.043 seconds
[2024-06-16T08:22:04.553+0000] {processor.py:161} INFO - Started process (PID=47) to work on /home/airflow/.local/lib/python3.12/site-packages/airflow/example_dags/tutorial.py
[2024-06-16T08:22:04.555+0000] {processor.py:830} INFO - Processing file /home/airflow/.local/lib/python3.12/site-packages/airflow/example_dags/tutorial.py for tasks to queue
[2024-06-16T08:22:04.560+0000] {logging_mixin.py:188} INFO - [2024-06-16T08:22:04.559+0000] {dagbag.py:545} INFO - Filling up the DagBag from /home/airflow/.local/lib/python3.12/site-packages/airflow/example_dags/tutorial.py
[2024-06-16T08:22:04.575+0000] {processor.py:840} INFO - DAG(s) 'tutorial' retrieved from /home/airflow/.local/lib/python3.12/site-packages/airflow/example_dags/tutorial.py
[2024-06-16T08:22:04.608+0000] {logging_mixin.py:188} INFO - [2024-06-16T08:22:04.608+0000] {dag.py:3096} INFO - Sync 1 DAGs
[2024-06-16T08:22:04.676+0000] {logging_mixin.py:188} INFO - [2024-06-16T08:22:04.676+0000] {dag.py:3954} INFO - Setting next_dagrun for tutorial to 2024-06-15 00:00:00+00:00, run_after=2024-06-16 00:00:00+00:00
[2024-06-16T08:22:04.701+0000] {processor.py:183} INFO - Processing /home/airflow/.local/lib/python3.12/site-packages/airflow/example_dags/tutorial.py took 0.153 seconds
[2024-06-16T08:22:39.125+0000] {processor.py:161} INFO - Started process (PID=106) to work on /home/airflow/.local/lib/python3.12/site-packages/airflow/example_dags/tutorial.py
[2024-06-16T08:22:39.126+0000] {processor.py:830} INFO - Processing file /home/airflow/.local/lib/python3.12/site-packages/airflow/example_dags/tutorial.py for tasks to queue
[2024-06-16T08:22:39.129+0000] {logging_mixin.py:188} INFO - [2024-06-16T08:22:39.128+0000] {dagbag.py:545} INFO - Filling up the DagBag from /home/airflow/.local/lib/python3.12/site-packages/airflow/example_dags/tutorial.py
[2024-06-16T08:22:39.137+0000] {processor.py:840} INFO - DAG(s) 'tutorial' retrieved from /home/airflow/.local/lib/python3.12/site-packages/airflow/example_dags/tutorial.py
[2024-06-16T08:22:39.584+0000] {logging_mixin.py:188} INFO - [2024-06-16T08:22:39.584+0000] {dag.py:3096} INFO - Sync 1 DAGs
[2024-06-16T08:22:39.603+0000] {logging_mixin.py:188} INFO - [2024-06-16T08:22:39.603+0000] {dag.py:3954} INFO - Setting next_dagrun for tutorial to 2024-06-15 00:00:00+00:00, run_after=2024-06-16 00:00:00+00:00
[2024-06-16T08:22:39.619+0000] {processor.py:183} INFO - Processing /home/airflow/.local/lib/python3.12/site-packages/airflow/example_dags/tutorial.py took 0.500 seconds
[2024-06-16T08:23:09.871+0000] {processor.py:161} INFO - Started process (PID=165) to work on /home/airflow/.local/lib/python3.12/site-packages/airflow/example_dags/tutorial.py
[2024-06-16T08:23:09.872+0000] {processor.py:830} INFO - Processing file /home/airflow/.local/lib/python3.12/site-packages/airflow/example_dags/tutorial.py for tasks to queue
[2024-06-16T08:23:09.874+0000] {logging_mixin.py:188} INFO - [2024-06-16T08:23:09.873+0000] {dagbag.py:545} INFO - Filling up the DagBag from /home/airflow/.local/lib/python3.12/site-packages/airflow/example_dags/tutorial.py
[2024-06-16T08:23:09.877+0000] {processor.py:840} INFO - DAG(s) 'tutorial' retrieved from /home/airflow/.local/lib/python3.12/site-packages/airflow/example_dags/tutorial.py
[2024-06-16T08:23:09.889+0000] {logging_mixin.py:188} INFO - [2024-06-16T08:23:09.889+0000] {dag.py:3096} INFO - Sync 1 DAGs
[2024-06-16T08:23:09.900+0000] {logging_mixin.py:188} INFO - [2024-06-16T08:23:09.900+0000] {dag.py:3954} INFO - Setting next_dagrun for tutorial to 2024-06-15 00:00:00+00:00, run_after=2024-06-16 00:00:00+00:00
[2024-06-16T08:23:09.909+0000] {processor.py:183} INFO - Processing /home/airflow/.local/lib/python3.12/site-packages/airflow/example_dags/tutorial.py took 0.042 seconds
[2024-06-16T08:25:59.609+0000] {processor.py:161} INFO - Started process (PID=46) to work on /home/airflow/.local/lib/python3.12/site-packages/airflow/example_dags/tutorial.py
[2024-06-16T08:25:59.610+0000] {processor.py:830} INFO - Processing file /home/airflow/.local/lib/python3.12/site-packages/airflow/example_dags/tutorial.py for tasks to queue
[2024-06-16T08:25:59.615+0000] {logging_mixin.py:188} INFO - [2024-06-16T08:25:59.614+0000] {dagbag.py:545} INFO - Filling up the DagBag from /home/airflow/.local/lib/python3.12/site-packages/airflow/example_dags/tutorial.py
[2024-06-16T08:25:59.638+0000] {processor.py:840} INFO - DAG(s) 'tutorial' retrieved from /home/airflow/.local/lib/python3.12/site-packages/airflow/example_dags/tutorial.py
[2024-06-16T08:25:59.656+0000] {logging_mixin.py:188} INFO - [2024-06-16T08:25:59.655+0000] {dag.py:3096} INFO - Sync 1 DAGs
[2024-06-16T08:25:59.701+0000] {logging_mixin.py:188} INFO - [2024-06-16T08:25:59.701+0000] {dag.py:3954} INFO - Setting next_dagrun for tutorial to 2024-06-15 00:00:00+00:00, run_after=2024-06-16 00:00:00+00:00
[2024-06-16T08:25:59.735+0000] {processor.py:183} INFO - Processing /home/airflow/.local/lib/python3.12/site-packages/airflow/example_dags/tutorial.py took 0.133 seconds
[2024-06-16T08:26:30.945+0000] {processor.py:161} INFO - Started process (PID=104) to work on /home/airflow/.local/lib/python3.12/site-packages/airflow/example_dags/tutorial.py
[2024-06-16T08:26:30.946+0000] {processor.py:830} INFO - Processing file /home/airflow/.local/lib/python3.12/site-packages/airflow/example_dags/tutorial.py for tasks to queue
[2024-06-16T08:26:30.947+0000] {logging_mixin.py:188} INFO - [2024-06-16T08:26:30.947+0000] {dagbag.py:545} INFO - Filling up the DagBag from /home/airflow/.local/lib/python3.12/site-packages/airflow/example_dags/tutorial.py
[2024-06-16T08:26:30.951+0000] {processor.py:840} INFO - DAG(s) 'tutorial' retrieved from /home/airflow/.local/lib/python3.12/site-packages/airflow/example_dags/tutorial.py
[2024-06-16T08:26:31.083+0000] {logging_mixin.py:188} INFO - [2024-06-16T08:26:31.082+0000] {dag.py:3096} INFO - Sync 1 DAGs
[2024-06-16T08:26:31.091+0000] {logging_mixin.py:188} INFO - [2024-06-16T08:26:31.091+0000] {dag.py:3954} INFO - Setting next_dagrun for tutorial to 2024-06-15 00:00:00+00:00, run_after=2024-06-16 00:00:00+00:00
[2024-06-16T08:26:31.100+0000] {processor.py:183} INFO - Processing /home/airflow/.local/lib/python3.12/site-packages/airflow/example_dags/tutorial.py took 0.158 seconds
[2024-06-16T08:27:01.287+0000] {processor.py:161} INFO - Started process (PID=163) to work on /home/airflow/.local/lib/python3.12/site-packages/airflow/example_dags/tutorial.py
[2024-06-16T08:27:01.288+0000] {processor.py:830} INFO - Processing file /home/airflow/.local/lib/python3.12/site-packages/airflow/example_dags/tutorial.py for tasks to queue
[2024-06-16T08:27:01.289+0000] {logging_mixin.py:188} INFO - [2024-06-16T08:27:01.288+0000] {dagbag.py:545} INFO - Filling up the DagBag from /home/airflow/.local/lib/python3.12/site-packages/airflow/example_dags/tutorial.py
[2024-06-16T08:27:01.292+0000] {processor.py:840} INFO - DAG(s) 'tutorial' retrieved from /home/airflow/.local/lib/python3.12/site-packages/airflow/example_dags/tutorial.py
[2024-06-16T08:27:01.301+0000] {logging_mixin.py:188} INFO - [2024-06-16T08:27:01.301+0000] {dag.py:3096} INFO - Sync 1 DAGs
[2024-06-16T08:27:01.311+0000] {logging_mixin.py:188} INFO - [2024-06-16T08:27:01.311+0000] {dag.py:3954} INFO - Setting next_dagrun for tutorial to 2024-06-15 00:00:00+00:00, run_after=2024-06-16 00:00:00+00:00
[2024-06-16T08:27:01.319+0000] {processor.py:183} INFO - Processing /home/airflow/.local/lib/python3.12/site-packages/airflow/example_dags/tutorial.py took 0.034 seconds
[2024-06-16T08:27:32.420+0000] {processor.py:161} INFO - Started process (PID=222) to work on /home/airflow/.local/lib/python3.12/site-packages/airflow/example_dags/tutorial.py
[2024-06-16T08:27:32.420+0000] {processor.py:830} INFO - Processing file /home/airflow/.local/lib/python3.12/site-packages/airflow/example_dags/tutorial.py for tasks to queue
[2024-06-16T08:27:32.422+0000] {logging_mixin.py:188} INFO - [2024-06-16T08:27:32.422+0000] {dagbag.py:545} INFO - Filling up the DagBag from /home/airflow/.local/lib/python3.12/site-packages/airflow/example_dags/tutorial.py
[2024-06-16T08:27:32.425+0000] {processor.py:840} INFO - DAG(s) 'tutorial' retrieved from /home/airflow/.local/lib/python3.12/site-packages/airflow/example_dags/tutorial.py
[2024-06-16T08:27:32.435+0000] {logging_mixin.py:188} INFO - [2024-06-16T08:27:32.435+0000] {dag.py:3096} INFO - Sync 1 DAGs
[2024-06-16T08:27:32.456+0000] {logging_mixin.py:188} INFO - [2024-06-16T08:27:32.456+0000] {dag.py:3954} INFO - Setting next_dagrun for tutorial to 2024-06-15 00:00:00+00:00, run_after=2024-06-16 00:00:00+00:00
[2024-06-16T08:27:32.465+0000] {processor.py:183} INFO - Processing /home/airflow/.local/lib/python3.12/site-packages/airflow/example_dags/tutorial.py took 0.048 seconds
[2024-06-16T08:28:02.804+0000] {processor.py:161} INFO - Started process (PID=281) to work on /home/airflow/.local/lib/python3.12/site-packages/airflow/example_dags/tutorial.py
[2024-06-16T08:28:02.804+0000] {processor.py:830} INFO - Processing file /home/airflow/.local/lib/python3.12/site-packages/airflow/example_dags/tutorial.py for tasks to queue
[2024-06-16T08:28:02.805+0000] {logging_mixin.py:188} INFO - [2024-06-16T08:28:02.805+0000] {dagbag.py:545} INFO - Filling up the DagBag from /home/airflow/.local/lib/python3.12/site-packages/airflow/example_dags/tutorial.py
[2024-06-16T08:28:02.809+0000] {processor.py:840} INFO - DAG(s) 'tutorial' retrieved from /home/airflow/.local/lib/python3.12/site-packages/airflow/example_dags/tutorial.py
[2024-06-16T08:28:02.820+0000] {logging_mixin.py:188} INFO - [2024-06-16T08:28:02.820+0000] {dag.py:3096} INFO - Sync 1 DAGs
[2024-06-16T08:28:02.832+0000] {logging_mixin.py:188} INFO - [2024-06-16T08:28:02.832+0000] {dag.py:3954} INFO - Setting next_dagrun for tutorial to 2024-06-15 00:00:00+00:00, run_after=2024-06-16 00:00:00+00:00
[2024-06-16T08:28:02.844+0000] {processor.py:183} INFO - Processing /home/airflow/.local/lib/python3.12/site-packages/airflow/example_dags/tutorial.py took 0.044 seconds
[2024-06-16T08:28:33.226+0000] {processor.py:161} INFO - Started process (PID=340) to work on /home/airflow/.local/lib/python3.12/site-packages/airflow/example_dags/tutorial.py
[2024-06-16T08:28:33.227+0000] {processor.py:830} INFO - Processing file /home/airflow/.local/lib/python3.12/site-packages/airflow/example_dags/tutorial.py for tasks to queue
[2024-06-16T08:28:33.228+0000] {logging_mixin.py:188} INFO - [2024-06-16T08:28:33.227+0000] {dagbag.py:545} INFO - Filling up the DagBag from /home/airflow/.local/lib/python3.12/site-packages/airflow/example_dags/tutorial.py
[2024-06-16T08:28:33.231+0000] {processor.py:840} INFO - DAG(s) 'tutorial' retrieved from /home/airflow/.local/lib/python3.12/site-packages/airflow/example_dags/tutorial.py
[2024-06-16T08:28:33.241+0000] {logging_mixin.py:188} INFO - [2024-06-16T08:28:33.241+0000] {dag.py:3096} INFO - Sync 1 DAGs
[2024-06-16T08:28:33.251+0000] {logging_mixin.py:188} INFO - [2024-06-16T08:28:33.251+0000] {dag.py:3954} INFO - Setting next_dagrun for tutorial to 2024-06-15 00:00:00+00:00, run_after=2024-06-16 00:00:00+00:00
[2024-06-16T08:28:33.259+0000] {processor.py:183} INFO - Processing /home/airflow/.local/lib/python3.12/site-packages/airflow/example_dags/tutorial.py took 0.036 seconds
[2024-06-16T08:29:03.485+0000] {processor.py:161} INFO - Started process (PID=399) to work on /home/airflow/.local/lib/python3.12/site-packages/airflow/example_dags/tutorial.py
[2024-06-16T08:29:03.486+0000] {processor.py:830} INFO - Processing file /home/airflow/.local/lib/python3.12/site-packages/airflow/example_dags/tutorial.py for tasks to queue
[2024-06-16T08:29:03.487+0000] {logging_mixin.py:188} INFO - [2024-06-16T08:29:03.487+0000] {dagbag.py:545} INFO - Filling up the DagBag from /home/airflow/.local/lib/python3.12/site-packages/airflow/example_dags/tutorial.py
[2024-06-16T08:29:03.491+0000] {processor.py:840} INFO - DAG(s) 'tutorial' retrieved from /home/airflow/.local/lib/python3.12/site-packages/airflow/example_dags/tutorial.py
[2024-06-16T08:29:03.503+0000] {logging_mixin.py:188} INFO - [2024-06-16T08:29:03.503+0000] {dag.py:3096} INFO - Sync 1 DAGs
[2024-06-16T08:29:03.514+0000] {logging_mixin.py:188} INFO - [2024-06-16T08:29:03.514+0000] {dag.py:3954} INFO - Setting next_dagrun for tutorial to 2024-06-15 00:00:00+00:00, run_after=2024-06-16 00:00:00+00:00
[2024-06-16T08:29:03.523+0000] {processor.py:183} INFO - Processing /home/airflow/.local/lib/python3.12/site-packages/airflow/example_dags/tutorial.py took 0.040 seconds
[2024-06-16T08:32:54.508+0000] {processor.py:161} INFO - Started process (PID=47) to work on /home/airflow/.local/lib/python3.12/site-packages/airflow/example_dags/tutorial.py
[2024-06-16T08:32:54.521+0000] {processor.py:830} INFO - Processing file /home/airflow/.local/lib/python3.12/site-packages/airflow/example_dags/tutorial.py for tasks to queue
[2024-06-16T08:32:54.535+0000] {logging_mixin.py:188} INFO - [2024-06-16T08:32:54.534+0000] {dagbag.py:545} INFO - Filling up the DagBag from /home/airflow/.local/lib/python3.12/site-packages/airflow/example_dags/tutorial.py
[2024-06-16T08:32:54.564+0000] {processor.py:840} INFO - DAG(s) 'tutorial' retrieved from /home/airflow/.local/lib/python3.12/site-packages/airflow/example_dags/tutorial.py
[2024-06-16T08:32:54.681+0000] {logging_mixin.py:188} INFO - [2024-06-16T08:32:54.681+0000] {dag.py:3096} INFO - Sync 1 DAGs
[2024-06-16T08:32:54.759+0000] {logging_mixin.py:188} INFO - [2024-06-16T08:32:54.759+0000] {dag.py:3954} INFO - Setting next_dagrun for tutorial to 2024-06-15 00:00:00+00:00, run_after=2024-06-16 00:00:00+00:00
[2024-06-16T08:32:54.794+0000] {processor.py:183} INFO - Processing /home/airflow/.local/lib/python3.12/site-packages/airflow/example_dags/tutorial.py took 0.310 seconds
[2024-06-16T08:33:25.707+0000] {processor.py:161} INFO - Started process (PID=105) to work on /home/airflow/.local/lib/python3.12/site-packages/airflow/example_dags/tutorial.py
[2024-06-16T08:33:25.708+0000] {processor.py:830} INFO - Processing file /home/airflow/.local/lib/python3.12/site-packages/airflow/example_dags/tutorial.py for tasks to queue
[2024-06-16T08:33:25.709+0000] {logging_mixin.py:188} INFO - [2024-06-16T08:33:25.709+0000] {dagbag.py:545} INFO - Filling up the DagBag from /home/airflow/.local/lib/python3.12/site-packages/airflow/example_dags/tutorial.py
[2024-06-16T08:33:25.713+0000] {processor.py:840} INFO - DAG(s) 'tutorial' retrieved from /home/airflow/.local/lib/python3.12/site-packages/airflow/example_dags/tutorial.py
[2024-06-16T08:33:25.869+0000] {logging_mixin.py:188} INFO - [2024-06-16T08:33:25.868+0000] {dag.py:3096} INFO - Sync 1 DAGs
[2024-06-16T08:33:25.880+0000] {logging_mixin.py:188} INFO - [2024-06-16T08:33:25.880+0000] {dag.py:3954} INFO - Setting next_dagrun for tutorial to 2024-06-15 00:00:00+00:00, run_after=2024-06-16 00:00:00+00:00
[2024-06-16T08:33:25.890+0000] {processor.py:183} INFO - Processing /home/airflow/.local/lib/python3.12/site-packages/airflow/example_dags/tutorial.py took 0.186 seconds
[2024-06-16T08:33:56.581+0000] {processor.py:161} INFO - Started process (PID=164) to work on /home/airflow/.local/lib/python3.12/site-packages/airflow/example_dags/tutorial.py
[2024-06-16T08:33:56.582+0000] {processor.py:830} INFO - Processing file /home/airflow/.local/lib/python3.12/site-packages/airflow/example_dags/tutorial.py for tasks to queue
[2024-06-16T08:33:56.583+0000] {logging_mixin.py:188} INFO - [2024-06-16T08:33:56.583+0000] {dagbag.py:545} INFO - Filling up the DagBag from /home/airflow/.local/lib/python3.12/site-packages/airflow/example_dags/tutorial.py
[2024-06-16T08:33:56.586+0000] {processor.py:840} INFO - DAG(s) 'tutorial' retrieved from /home/airflow/.local/lib/python3.12/site-packages/airflow/example_dags/tutorial.py
[2024-06-16T08:33:56.599+0000] {logging_mixin.py:188} INFO - [2024-06-16T08:33:56.598+0000] {dag.py:3096} INFO - Sync 1 DAGs
[2024-06-16T08:33:56.619+0000] {logging_mixin.py:188} INFO - [2024-06-16T08:33:56.618+0000] {dag.py:3954} INFO - Setting next_dagrun for tutorial to 2024-06-15 00:00:00+00:00, run_after=2024-06-16 00:00:00+00:00
[2024-06-16T08:33:56.643+0000] {processor.py:183} INFO - Processing /home/airflow/.local/lib/python3.12/site-packages/airflow/example_dags/tutorial.py took 0.064 seconds
[2024-06-16T08:34:27.126+0000] {processor.py:161} INFO - Started process (PID=223) to work on /home/airflow/.local/lib/python3.12/site-packages/airflow/example_dags/tutorial.py
[2024-06-16T08:34:27.127+0000] {processor.py:830} INFO - Processing file /home/airflow/.local/lib/python3.12/site-packages/airflow/example_dags/tutorial.py for tasks to queue
[2024-06-16T08:34:27.128+0000] {logging_mixin.py:188} INFO - [2024-06-16T08:34:27.128+0000] {dagbag.py:545} INFO - Filling up the DagBag from /home/airflow/.local/lib/python3.12/site-packages/airflow/example_dags/tutorial.py
[2024-06-16T08:34:27.131+0000] {processor.py:840} INFO - DAG(s) 'tutorial' retrieved from /home/airflow/.local/lib/python3.12/site-packages/airflow/example_dags/tutorial.py
[2024-06-16T08:34:27.141+0000] {logging_mixin.py:188} INFO - [2024-06-16T08:34:27.140+0000] {dag.py:3096} INFO - Sync 1 DAGs
[2024-06-16T08:34:27.150+0000] {logging_mixin.py:188} INFO - [2024-06-16T08:34:27.150+0000] {dag.py:3954} INFO - Setting next_dagrun for tutorial to 2024-06-15 00:00:00+00:00, run_after=2024-06-16 00:00:00+00:00
[2024-06-16T08:34:27.158+0000] {processor.py:183} INFO - Processing /home/airflow/.local/lib/python3.12/site-packages/airflow/example_dags/tutorial.py took 0.034 seconds
[2024-06-16T08:35:23.324+0000] {processor.py:161} INFO - Started process (PID=47) to work on /home/airflow/.local/lib/python3.12/site-packages/airflow/example_dags/tutorial.py
[2024-06-16T08:35:23.326+0000] {processor.py:830} INFO - Processing file /home/airflow/.local/lib/python3.12/site-packages/airflow/example_dags/tutorial.py for tasks to queue
[2024-06-16T08:35:23.329+0000] {logging_mixin.py:188} INFO - [2024-06-16T08:35:23.329+0000] {dagbag.py:545} INFO - Filling up the DagBag from /home/airflow/.local/lib/python3.12/site-packages/airflow/example_dags/tutorial.py
[2024-06-16T08:35:23.337+0000] {processor.py:840} INFO - DAG(s) 'tutorial' retrieved from /home/airflow/.local/lib/python3.12/site-packages/airflow/example_dags/tutorial.py
[2024-06-16T08:35:23.353+0000] {logging_mixin.py:188} INFO - [2024-06-16T08:35:23.353+0000] {dag.py:3096} INFO - Sync 1 DAGs
[2024-06-16T08:35:23.371+0000] {logging_mixin.py:188} INFO - [2024-06-16T08:35:23.371+0000] {dag.py:3954} INFO - Setting next_dagrun for tutorial to 2024-06-15 00:00:00+00:00, run_after=2024-06-16 00:00:00+00:00
[2024-06-16T08:35:23.394+0000] {processor.py:183} INFO - Processing /home/airflow/.local/lib/python3.12/site-packages/airflow/example_dags/tutorial.py took 0.075 seconds
[2024-06-16T08:35:54.532+0000] {processor.py:161} INFO - Started process (PID=105) to work on /home/airflow/.local/lib/python3.12/site-packages/airflow/example_dags/tutorial.py
[2024-06-16T08:35:54.533+0000] {processor.py:830} INFO - Processing file /home/airflow/.local/lib/python3.12/site-packages/airflow/example_dags/tutorial.py for tasks to queue
[2024-06-16T08:35:54.536+0000] {logging_mixin.py:188} INFO - [2024-06-16T08:35:54.535+0000] {dagbag.py:545} INFO - Filling up the DagBag from /home/airflow/.local/lib/python3.12/site-packages/airflow/example_dags/tutorial.py
[2024-06-16T08:35:54.543+0000] {processor.py:840} INFO - DAG(s) 'tutorial' retrieved from /home/airflow/.local/lib/python3.12/site-packages/airflow/example_dags/tutorial.py
[2024-06-16T08:35:54.761+0000] {logging_mixin.py:188} INFO - [2024-06-16T08:35:54.761+0000] {dag.py:3096} INFO - Sync 1 DAGs
[2024-06-16T08:35:54.770+0000] {logging_mixin.py:188} INFO - [2024-06-16T08:35:54.770+0000] {dag.py:3954} INFO - Setting next_dagrun for tutorial to 2024-06-15 00:00:00+00:00, run_after=2024-06-16 00:00:00+00:00
[2024-06-16T08:35:54.779+0000] {processor.py:183} INFO - Processing /home/airflow/.local/lib/python3.12/site-packages/airflow/example_dags/tutorial.py took 0.254 seconds
[2024-06-16T08:36:25.149+0000] {processor.py:161} INFO - Started process (PID=164) to work on /home/airflow/.local/lib/python3.12/site-packages/airflow/example_dags/tutorial.py
[2024-06-16T08:36:25.150+0000] {processor.py:830} INFO - Processing file /home/airflow/.local/lib/python3.12/site-packages/airflow/example_dags/tutorial.py for tasks to queue
[2024-06-16T08:36:25.151+0000] {logging_mixin.py:188} INFO - [2024-06-16T08:36:25.151+0000] {dagbag.py:545} INFO - Filling up the DagBag from /home/airflow/.local/lib/python3.12/site-packages/airflow/example_dags/tutorial.py
[2024-06-16T08:36:25.157+0000] {processor.py:840} INFO - DAG(s) 'tutorial' retrieved from /home/airflow/.local/lib/python3.12/site-packages/airflow/example_dags/tutorial.py
[2024-06-16T08:36:25.172+0000] {logging_mixin.py:188} INFO - [2024-06-16T08:36:25.172+0000] {dag.py:3096} INFO - Sync 1 DAGs
[2024-06-16T08:36:25.186+0000] {logging_mixin.py:188} INFO - [2024-06-16T08:36:25.185+0000] {dag.py:3954} INFO - Setting next_dagrun for tutorial to 2024-06-15 00:00:00+00:00, run_after=2024-06-16 00:00:00+00:00
[2024-06-16T08:36:25.194+0000] {processor.py:183} INFO - Processing /home/airflow/.local/lib/python3.12/site-packages/airflow/example_dags/tutorial.py took 0.049 seconds
[2024-06-16T08:36:55.999+0000] {processor.py:161} INFO - Started process (PID=223) to work on /home/airflow/.local/lib/python3.12/site-packages/airflow/example_dags/tutorial.py
[2024-06-16T08:36:56.000+0000] {processor.py:830} INFO - Processing file /home/airflow/.local/lib/python3.12/site-packages/airflow/example_dags/tutorial.py for tasks to queue
[2024-06-16T08:36:56.001+0000] {logging_mixin.py:188} INFO - [2024-06-16T08:36:56.001+0000] {dagbag.py:545} INFO - Filling up the DagBag from /home/airflow/.local/lib/python3.12/site-packages/airflow/example_dags/tutorial.py
[2024-06-16T08:36:56.005+0000] {processor.py:840} INFO - DAG(s) 'tutorial' retrieved from /home/airflow/.local/lib/python3.12/site-packages/airflow/example_dags/tutorial.py
[2024-06-16T08:36:56.121+0000] {logging_mixin.py:188} INFO - [2024-06-16T08:36:56.121+0000] {dag.py:3096} INFO - Sync 1 DAGs
[2024-06-16T08:36:56.130+0000] {logging_mixin.py:188} INFO - [2024-06-16T08:36:56.130+0000] {dag.py:3954} INFO - Setting next_dagrun for tutorial to 2024-06-15 00:00:00+00:00, run_after=2024-06-16 00:00:00+00:00
[2024-06-16T08:36:56.138+0000] {processor.py:183} INFO - Processing /home/airflow/.local/lib/python3.12/site-packages/airflow/example_dags/tutorial.py took 0.142 seconds
[2024-06-16T08:37:26.705+0000] {processor.py:161} INFO - Started process (PID=282) to work on /home/airflow/.local/lib/python3.12/site-packages/airflow/example_dags/tutorial.py
[2024-06-16T08:37:26.705+0000] {processor.py:830} INFO - Processing file /home/airflow/.local/lib/python3.12/site-packages/airflow/example_dags/tutorial.py for tasks to queue
[2024-06-16T08:37:26.706+0000] {logging_mixin.py:188} INFO - [2024-06-16T08:37:26.706+0000] {dagbag.py:545} INFO - Filling up the DagBag from /home/airflow/.local/lib/python3.12/site-packages/airflow/example_dags/tutorial.py
[2024-06-16T08:37:26.709+0000] {processor.py:840} INFO - DAG(s) 'tutorial' retrieved from /home/airflow/.local/lib/python3.12/site-packages/airflow/example_dags/tutorial.py
[2024-06-16T08:37:26.719+0000] {logging_mixin.py:188} INFO - [2024-06-16T08:37:26.719+0000] {dag.py:3096} INFO - Sync 1 DAGs
[2024-06-16T08:37:26.730+0000] {logging_mixin.py:188} INFO - [2024-06-16T08:37:26.730+0000] {dag.py:3954} INFO - Setting next_dagrun for tutorial to 2024-06-15 00:00:00+00:00, run_after=2024-06-16 00:00:00+00:00
[2024-06-16T08:37:26.739+0000] {processor.py:183} INFO - Processing /home/airflow/.local/lib/python3.12/site-packages/airflow/example_dags/tutorial.py took 0.037 seconds
[2024-06-16T09:01:40.146+0000] {processor.py:161} INFO - Started process (PID=47) to work on /home/airflow/.local/lib/python3.12/site-packages/airflow/example_dags/tutorial.py
[2024-06-16T09:01:40.148+0000] {processor.py:830} INFO - Processing file /home/airflow/.local/lib/python3.12/site-packages/airflow/example_dags/tutorial.py for tasks to queue
[2024-06-16T09:01:40.152+0000] {logging_mixin.py:188} INFO - [2024-06-16T09:01:40.152+0000] {dagbag.py:545} INFO - Filling up the DagBag from /home/airflow/.local/lib/python3.12/site-packages/airflow/example_dags/tutorial.py
[2024-06-16T09:01:40.158+0000] {processor.py:840} INFO - DAG(s) 'tutorial' retrieved from /home/airflow/.local/lib/python3.12/site-packages/airflow/example_dags/tutorial.py
[2024-06-16T09:01:40.170+0000] {logging_mixin.py:188} INFO - [2024-06-16T09:01:40.170+0000] {dag.py:3096} INFO - Sync 1 DAGs
[2024-06-16T09:01:40.206+0000] {logging_mixin.py:188} INFO - [2024-06-16T09:01:40.206+0000] {dag.py:3954} INFO - Setting next_dagrun for tutorial to 2024-06-15 00:00:00+00:00, run_after=2024-06-16 00:00:00+00:00
[2024-06-16T09:01:40.222+0000] {processor.py:183} INFO - Processing /home/airflow/.local/lib/python3.12/site-packages/airflow/example_dags/tutorial.py took 0.082 seconds
[2024-06-16T09:02:14.362+0000] {processor.py:161} INFO - Started process (PID=105) to work on /home/airflow/.local/lib/python3.12/site-packages/airflow/example_dags/tutorial.py
[2024-06-16T09:02:14.364+0000] {processor.py:830} INFO - Processing file /home/airflow/.local/lib/python3.12/site-packages/airflow/example_dags/tutorial.py for tasks to queue
[2024-06-16T09:02:14.368+0000] {logging_mixin.py:188} INFO - [2024-06-16T09:02:14.367+0000] {dagbag.py:545} INFO - Filling up the DagBag from /home/airflow/.local/lib/python3.12/site-packages/airflow/example_dags/tutorial.py
[2024-06-16T09:02:14.384+0000] {processor.py:840} INFO - DAG(s) 'tutorial' retrieved from /home/airflow/.local/lib/python3.12/site-packages/airflow/example_dags/tutorial.py
[2024-06-16T09:02:14.707+0000] {logging_mixin.py:188} INFO - [2024-06-16T09:02:14.707+0000] {dag.py:3096} INFO - Sync 1 DAGs
[2024-06-16T09:02:14.719+0000] {logging_mixin.py:188} INFO - [2024-06-16T09:02:14.719+0000] {dag.py:3954} INFO - Setting next_dagrun for tutorial to 2024-06-15 00:00:00+00:00, run_after=2024-06-16 00:00:00+00:00
[2024-06-16T09:02:14.732+0000] {processor.py:183} INFO - Processing /home/airflow/.local/lib/python3.12/site-packages/airflow/example_dags/tutorial.py took 0.379 seconds
[2024-06-16T09:03:26.843+0000] {processor.py:161} INFO - Started process (PID=47) to work on /home/airflow/.local/lib/python3.12/site-packages/airflow/example_dags/tutorial.py
[2024-06-16T09:03:26.845+0000] {processor.py:830} INFO - Processing file /home/airflow/.local/lib/python3.12/site-packages/airflow/example_dags/tutorial.py for tasks to queue
[2024-06-16T09:03:26.847+0000] {logging_mixin.py:188} INFO - [2024-06-16T09:03:26.846+0000] {dagbag.py:545} INFO - Filling up the DagBag from /home/airflow/.local/lib/python3.12/site-packages/airflow/example_dags/tutorial.py
[2024-06-16T09:03:26.852+0000] {processor.py:840} INFO - DAG(s) 'tutorial' retrieved from /home/airflow/.local/lib/python3.12/site-packages/airflow/example_dags/tutorial.py
[2024-06-16T09:03:26.863+0000] {logging_mixin.py:188} INFO - [2024-06-16T09:03:26.863+0000] {dag.py:3096} INFO - Sync 1 DAGs
[2024-06-16T09:03:26.906+0000] {logging_mixin.py:188} INFO - [2024-06-16T09:03:26.905+0000] {dag.py:3954} INFO - Setting next_dagrun for tutorial to 2024-06-15 00:00:00+00:00, run_after=2024-06-16 00:00:00+00:00
[2024-06-16T09:03:26.943+0000] {processor.py:183} INFO - Processing /home/airflow/.local/lib/python3.12/site-packages/airflow/example_dags/tutorial.py took 0.106 seconds
[2024-06-16T09:03:57.549+0000] {processor.py:161} INFO - Started process (PID=106) to work on /home/airflow/.local/lib/python3.12/site-packages/airflow/example_dags/tutorial.py
[2024-06-16T09:03:57.549+0000] {processor.py:830} INFO - Processing file /home/airflow/.local/lib/python3.12/site-packages/airflow/example_dags/tutorial.py for tasks to queue
[2024-06-16T09:03:57.551+0000] {logging_mixin.py:188} INFO - [2024-06-16T09:03:57.551+0000] {dagbag.py:545} INFO - Filling up the DagBag from /home/airflow/.local/lib/python3.12/site-packages/airflow/example_dags/tutorial.py
[2024-06-16T09:03:57.555+0000] {processor.py:840} INFO - DAG(s) 'tutorial' retrieved from /home/airflow/.local/lib/python3.12/site-packages/airflow/example_dags/tutorial.py
[2024-06-16T09:03:57.696+0000] {logging_mixin.py:188} INFO - [2024-06-16T09:03:57.696+0000] {dag.py:3096} INFO - Sync 1 DAGs
[2024-06-16T09:03:57.707+0000] {logging_mixin.py:188} INFO - [2024-06-16T09:03:57.707+0000] {dag.py:3954} INFO - Setting next_dagrun for tutorial to 2024-06-15 00:00:00+00:00, run_after=2024-06-16 00:00:00+00:00
[2024-06-16T09:03:57.717+0000] {processor.py:183} INFO - Processing /home/airflow/.local/lib/python3.12/site-packages/airflow/example_dags/tutorial.py took 0.171 seconds
[2024-06-16T09:04:28.336+0000] {processor.py:161} INFO - Started process (PID=165) to work on /home/airflow/.local/lib/python3.12/site-packages/airflow/example_dags/tutorial.py
[2024-06-16T09:04:28.336+0000] {processor.py:830} INFO - Processing file /home/airflow/.local/lib/python3.12/site-packages/airflow/example_dags/tutorial.py for tasks to queue
[2024-06-16T09:04:28.338+0000] {logging_mixin.py:188} INFO - [2024-06-16T09:04:28.337+0000] {dagbag.py:545} INFO - Filling up the DagBag from /home/airflow/.local/lib/python3.12/site-packages/airflow/example_dags/tutorial.py
[2024-06-16T09:04:28.343+0000] {processor.py:840} INFO - DAG(s) 'tutorial' retrieved from /home/airflow/.local/lib/python3.12/site-packages/airflow/example_dags/tutorial.py
[2024-06-16T09:04:28.360+0000] {logging_mixin.py:188} INFO - [2024-06-16T09:04:28.359+0000] {dag.py:3096} INFO - Sync 1 DAGs
[2024-06-16T09:04:28.374+0000] {logging_mixin.py:188} INFO - [2024-06-16T09:04:28.374+0000] {dag.py:3954} INFO - Setting next_dagrun for tutorial to 2024-06-15 00:00:00+00:00, run_after=2024-06-16 00:00:00+00:00
[2024-06-16T09:04:28.385+0000] {processor.py:183} INFO - Processing /home/airflow/.local/lib/python3.12/site-packages/airflow/example_dags/tutorial.py took 0.052 seconds
[2024-06-16T09:04:59.735+0000] {processor.py:161} INFO - Started process (PID=224) to work on /home/airflow/.local/lib/python3.12/site-packages/airflow/example_dags/tutorial.py
[2024-06-16T09:04:59.736+0000] {processor.py:830} INFO - Processing file /home/airflow/.local/lib/python3.12/site-packages/airflow/example_dags/tutorial.py for tasks to queue
[2024-06-16T09:04:59.737+0000] {logging_mixin.py:188} INFO - [2024-06-16T09:04:59.737+0000] {dagbag.py:545} INFO - Filling up the DagBag from /home/airflow/.local/lib/python3.12/site-packages/airflow/example_dags/tutorial.py
[2024-06-16T09:04:59.847+0000] {processor.py:840} INFO - DAG(s) 'tutorial' retrieved from /home/airflow/.local/lib/python3.12/site-packages/airflow/example_dags/tutorial.py
[2024-06-16T09:04:59.861+0000] {logging_mixin.py:188} INFO - [2024-06-16T09:04:59.861+0000] {dag.py:3096} INFO - Sync 1 DAGs
[2024-06-16T09:04:59.875+0000] {logging_mixin.py:188} INFO - [2024-06-16T09:04:59.875+0000] {dag.py:3954} INFO - Setting next_dagrun for tutorial to 2024-06-15 00:00:00+00:00, run_after=2024-06-16 00:00:00+00:00
[2024-06-16T09:04:59.887+0000] {processor.py:183} INFO - Processing /home/airflow/.local/lib/python3.12/site-packages/airflow/example_dags/tutorial.py took 0.156 seconds
[2024-06-16T09:05:51.199+0000] {processor.py:161} INFO - Started process (PID=47) to work on /home/airflow/.local/lib/python3.12/site-packages/airflow/example_dags/tutorial.py
[2024-06-16T09:05:51.201+0000] {processor.py:830} INFO - Processing file /home/airflow/.local/lib/python3.12/site-packages/airflow/example_dags/tutorial.py for tasks to queue
[2024-06-16T09:05:51.204+0000] {logging_mixin.py:188} INFO - [2024-06-16T09:05:51.203+0000] {dagbag.py:545} INFO - Filling up the DagBag from /home/airflow/.local/lib/python3.12/site-packages/airflow/example_dags/tutorial.py
[2024-06-16T09:05:51.217+0000] {processor.py:840} INFO - DAG(s) 'tutorial' retrieved from /home/airflow/.local/lib/python3.12/site-packages/airflow/example_dags/tutorial.py
[2024-06-16T09:05:51.241+0000] {logging_mixin.py:188} INFO - [2024-06-16T09:05:51.241+0000] {dag.py:3096} INFO - Sync 1 DAGs
[2024-06-16T09:05:51.286+0000] {logging_mixin.py:188} INFO - [2024-06-16T09:05:51.286+0000] {dag.py:3954} INFO - Setting next_dagrun for tutorial to 2024-06-15 00:00:00+00:00, run_after=2024-06-16 00:00:00+00:00
[2024-06-16T09:05:51.321+0000] {processor.py:183} INFO - Processing /home/airflow/.local/lib/python3.12/site-packages/airflow/example_dags/tutorial.py took 0.127 seconds
[2024-06-16T09:06:22.504+0000] {processor.py:161} INFO - Started process (PID=106) to work on /home/airflow/.local/lib/python3.12/site-packages/airflow/example_dags/tutorial.py
[2024-06-16T09:06:22.524+0000] {processor.py:830} INFO - Processing file /home/airflow/.local/lib/python3.12/site-packages/airflow/example_dags/tutorial.py for tasks to queue
[2024-06-16T09:06:22.535+0000] {logging_mixin.py:188} INFO - [2024-06-16T09:06:22.534+0000] {dagbag.py:545} INFO - Filling up the DagBag from /home/airflow/.local/lib/python3.12/site-packages/airflow/example_dags/tutorial.py
[2024-06-16T09:06:22.561+0000] {processor.py:840} INFO - DAG(s) 'tutorial' retrieved from /home/airflow/.local/lib/python3.12/site-packages/airflow/example_dags/tutorial.py
[2024-06-16T09:06:23.300+0000] {logging_mixin.py:188} INFO - [2024-06-16T09:06:23.299+0000] {dag.py:3096} INFO - Sync 1 DAGs
[2024-06-16T09:06:23.346+0000] {logging_mixin.py:188} INFO - [2024-06-16T09:06:23.345+0000] {dag.py:3954} INFO - Setting next_dagrun for tutorial to 2024-06-15 00:00:00+00:00, run_after=2024-06-16 00:00:00+00:00
[2024-06-16T09:06:23.433+0000] {processor.py:183} INFO - Processing /home/airflow/.local/lib/python3.12/site-packages/airflow/example_dags/tutorial.py took 0.946 seconds
[2024-06-16T09:06:53.778+0000] {processor.py:161} INFO - Started process (PID=164) to work on /home/airflow/.local/lib/python3.12/site-packages/airflow/example_dags/tutorial.py
[2024-06-16T09:06:53.780+0000] {processor.py:830} INFO - Processing file /home/airflow/.local/lib/python3.12/site-packages/airflow/example_dags/tutorial.py for tasks to queue
[2024-06-16T09:06:53.782+0000] {logging_mixin.py:188} INFO - [2024-06-16T09:06:53.781+0000] {dagbag.py:545} INFO - Filling up the DagBag from /home/airflow/.local/lib/python3.12/site-packages/airflow/example_dags/tutorial.py
[2024-06-16T09:06:53.790+0000] {processor.py:840} INFO - DAG(s) 'tutorial' retrieved from /home/airflow/.local/lib/python3.12/site-packages/airflow/example_dags/tutorial.py
[2024-06-16T09:06:53.810+0000] {logging_mixin.py:188} INFO - [2024-06-16T09:06:53.810+0000] {dag.py:3096} INFO - Sync 1 DAGs
[2024-06-16T09:06:53.841+0000] {logging_mixin.py:188} INFO - [2024-06-16T09:06:53.841+0000] {dag.py:3954} INFO - Setting next_dagrun for tutorial to 2024-06-15 00:00:00+00:00, run_after=2024-06-16 00:00:00+00:00
[2024-06-16T09:06:53.855+0000] {processor.py:183} INFO - Processing /home/airflow/.local/lib/python3.12/site-packages/airflow/example_dags/tutorial.py took 0.085 seconds
[2024-06-16T09:07:24.386+0000] {processor.py:161} INFO - Started process (PID=222) to work on /home/airflow/.local/lib/python3.12/site-packages/airflow/example_dags/tutorial.py
[2024-06-16T09:07:24.387+0000] {processor.py:830} INFO - Processing file /home/airflow/.local/lib/python3.12/site-packages/airflow/example_dags/tutorial.py for tasks to queue
[2024-06-16T09:07:24.388+0000] {logging_mixin.py:188} INFO - [2024-06-16T09:07:24.388+0000] {dagbag.py:545} INFO - Filling up the DagBag from /home/airflow/.local/lib/python3.12/site-packages/airflow/example_dags/tutorial.py
[2024-06-16T09:07:24.391+0000] {processor.py:840} INFO - DAG(s) 'tutorial' retrieved from /home/airflow/.local/lib/python3.12/site-packages/airflow/example_dags/tutorial.py
[2024-06-16T09:07:24.500+0000] {logging_mixin.py:188} INFO - [2024-06-16T09:07:24.500+0000] {dag.py:3096} INFO - Sync 1 DAGs
[2024-06-16T09:07:24.509+0000] {logging_mixin.py:188} INFO - [2024-06-16T09:07:24.509+0000] {dag.py:3954} INFO - Setting next_dagrun for tutorial to 2024-06-15 00:00:00+00:00, run_after=2024-06-16 00:00:00+00:00
[2024-06-16T09:07:24.517+0000] {processor.py:183} INFO - Processing /home/airflow/.local/lib/python3.12/site-packages/airflow/example_dags/tutorial.py took 0.134 seconds
[2024-06-16T09:07:55.488+0000] {processor.py:161} INFO - Started process (PID=281) to work on /home/airflow/.local/lib/python3.12/site-packages/airflow/example_dags/tutorial.py
[2024-06-16T09:07:55.488+0000] {processor.py:830} INFO - Processing file /home/airflow/.local/lib/python3.12/site-packages/airflow/example_dags/tutorial.py for tasks to queue
[2024-06-16T09:07:55.490+0000] {logging_mixin.py:188} INFO - [2024-06-16T09:07:55.490+0000] {dagbag.py:545} INFO - Filling up the DagBag from /home/airflow/.local/lib/python3.12/site-packages/airflow/example_dags/tutorial.py
[2024-06-16T09:07:55.494+0000] {processor.py:840} INFO - DAG(s) 'tutorial' retrieved from /home/airflow/.local/lib/python3.12/site-packages/airflow/example_dags/tutorial.py
[2024-06-16T09:07:55.504+0000] {logging_mixin.py:188} INFO - [2024-06-16T09:07:55.504+0000] {dag.py:3096} INFO - Sync 1 DAGs
[2024-06-16T09:07:55.514+0000] {logging_mixin.py:188} INFO - [2024-06-16T09:07:55.514+0000] {dag.py:3954} INFO - Setting next_dagrun for tutorial to 2024-06-15 00:00:00+00:00, run_after=2024-06-16 00:00:00+00:00
[2024-06-16T09:07:55.521+0000] {processor.py:183} INFO - Processing /home/airflow/.local/lib/python3.12/site-packages/airflow/example_dags/tutorial.py took 0.036 seconds
[2024-06-16T09:08:25.891+0000] {processor.py:161} INFO - Started process (PID=340) to work on /home/airflow/.local/lib/python3.12/site-packages/airflow/example_dags/tutorial.py
[2024-06-16T09:08:25.891+0000] {processor.py:830} INFO - Processing file /home/airflow/.local/lib/python3.12/site-packages/airflow/example_dags/tutorial.py for tasks to queue
[2024-06-16T09:08:25.892+0000] {logging_mixin.py:188} INFO - [2024-06-16T09:08:25.892+0000] {dagbag.py:545} INFO - Filling up the DagBag from /home/airflow/.local/lib/python3.12/site-packages/airflow/example_dags/tutorial.py
[2024-06-16T09:08:25.896+0000] {processor.py:840} INFO - DAG(s) 'tutorial' retrieved from /home/airflow/.local/lib/python3.12/site-packages/airflow/example_dags/tutorial.py
[2024-06-16T09:08:25.906+0000] {logging_mixin.py:188} INFO - [2024-06-16T09:08:25.906+0000] {dag.py:3096} INFO - Sync 1 DAGs
[2024-06-16T09:08:25.917+0000] {logging_mixin.py:188} INFO - [2024-06-16T09:08:25.917+0000] {dag.py:3954} INFO - Setting next_dagrun for tutorial to 2024-06-15 00:00:00+00:00, run_after=2024-06-16 00:00:00+00:00
[2024-06-16T09:08:25.924+0000] {processor.py:183} INFO - Processing /home/airflow/.local/lib/python3.12/site-packages/airflow/example_dags/tutorial.py took 0.037 seconds
