[2024-06-18T07:36:06.309+0000] {local_task_job_runner.py:120} INFO - ::group::Pre task execution logs
[2024-06-18T07:36:06.331+0000] {taskinstance.py:2076} INFO - Dependencies all met for dep_context=non-requeueable deps ti=<TaskInstance: full_dbt_execute.create_lineage_graph manual__2024-06-18T07:35:56.808011+00:00 [queued]>
[2024-06-18T07:36:06.336+0000] {taskinstance.py:2076} INFO - Dependencies all met for dep_context=requeueable deps ti=<TaskInstance: full_dbt_execute.create_lineage_graph manual__2024-06-18T07:35:56.808011+00:00 [queued]>
[2024-06-18T07:36:06.336+0000] {taskinstance.py:2306} INFO - Starting attempt 1 of 1
[2024-06-18T07:36:06.344+0000] {taskinstance.py:2330} INFO - Executing <Task(DockerOperator): create_lineage_graph> on 2024-06-18 07:35:56.808011+00:00
[2024-06-18T07:36:06.377+0000] {warnings.py:112} WARNING - /home/***/.local/lib/python3.12/site-packages/***/task/task_runner/standard_task_runner.py:61: DeprecationWarning: This process (pid=73) is multi-threaded, use of fork() may lead to deadlocks in the child.
  pid = os.fork()

[2024-06-18T07:36:06.380+0000] {standard_task_runner.py:63} INFO - Started process 75 to run task
[2024-06-18T07:36:06.380+0000] {standard_task_runner.py:90} INFO - Running: ['***', 'tasks', 'run', 'full_dbt_execute', 'create_lineage_graph', 'manual__2024-06-18T07:35:56.808011+00:00', '--job-id', '222', '--raw', '--subdir', 'DAGS_FOLDER/full_dbt_execute.py', '--cfg-path', '/tmp/tmp8x7phr1a']
[2024-06-18T07:36:06.384+0000] {standard_task_runner.py:91} INFO - Job 222: Subtask create_lineage_graph
[2024-06-18T07:36:06.431+0000] {task_command.py:426} INFO - Running <TaskInstance: full_dbt_execute.create_lineage_graph manual__2024-06-18T07:35:56.808011+00:00 [running]> on host b1fbcf01fc69
[2024-06-18T07:36:06.488+0000] {taskinstance.py:2648} INFO - Exporting env vars: AIRFLOW_CTX_DAG_OWNER='***' AIRFLOW_CTX_DAG_ID='full_dbt_execute' AIRFLOW_CTX_TASK_ID='create_lineage_graph' AIRFLOW_CTX_EXECUTION_DATE='2024-06-18T07:35:56.808011+00:00' AIRFLOW_CTX_TRY_NUMBER='1' AIRFLOW_CTX_DAG_RUN_ID='manual__2024-06-18T07:35:56.808011+00:00'
[2024-06-18T07:36:06.490+0000] {taskinstance.py:430} INFO - ::endgroup::
[2024-06-18T07:36:06.556+0000] {docker.py:366} INFO - Starting docker container from image custom_dbt_image
[2024-06-18T07:36:06.566+0000] {docker.py:374} WARNING - Using remote engine or docker-in-docker and mounting temporary volume from host is not supported. Falling back to `mount_tmp_dir=False` mode. You can set `mount_tmp_dir` parameter to False to disable mounting and remove the warning
[2024-06-18T07:36:08.576+0000] {docker.py:436} INFO - [0m07:36:08  Running with dbt=1.5.0
[2024-06-18T07:36:08.724+0000] {docker.py:436} INFO - [0m07:36:08  Found 3 models, 4 tests, 0 snapshots, 0 analyses, 341 macros, 0 operations, 0 seed files, 2 sources, 0 exposures, 0 metrics, 0 groups
[2024-06-18T07:36:08.725+0000] {docker.py:436} INFO - [0m07:36:08
[2024-06-18T07:36:14.009+0000] {docker.py:436} INFO - [0m07:36:14  Concurrency: 1 threads (target='dev')
[2024-06-18T07:36:14.013+0000] {docker.py:436} INFO - [0m07:36:14
[2024-06-18T07:36:14.148+0000] {docker.py:436} INFO - [0m07:36:14  Building catalog
[2024-06-18T07:36:19.347+0000] {docker.py:436} INFO - [0m07:36:19  Catalog written to /dbt_source/target/catalog.json
[2024-06-18T07:36:21.860+0000] {docker.py:436} INFO - [0m07:36:21  Running with dbt=1.5.0
[2024-06-18T07:36:22.098+0000] {docker.py:436} INFO - Serving docs at 8085
To access from your browser, navigate to: http://localhost:8085



Press Ctrl+C to exit.
[2024-06-18T07:36:26.647+0000] {local_task_job_runner.py:310} WARNING - State of this instance has been externally set to success. Terminating instance.
[2024-06-18T07:36:26.654+0000] {local_task_job_runner.py:222} INFO - ::endgroup::
[2024-06-18T07:36:26.660+0000] {process_utils.py:132} INFO - Sending 15 to group 75. PIDs of all processes in the group: [75]
[2024-06-18T07:36:26.663+0000] {process_utils.py:87} INFO - Sending the signal 15 to group 75
[2024-06-18T07:36:26.667+0000] {taskinstance.py:2611} ERROR - Received SIGTERM. Terminating subprocesses.
[2024-06-18T07:36:26.674+0000] {docker.py:528} INFO - Stopping docker container
[2024-06-18T07:36:36.909+0000] {taskinstance.py:441} INFO - ::group::Post task execution logs
[2024-06-18T07:36:37.069+0000] {process_utils.py:80} INFO - Process psutil.Process(pid=75, status='terminated', exitcode=0, started='07:36:06') (75) terminated with exit code 0
