[2024-06-16T07:55:00.085+0000] {processor.py:161} INFO - Started process (PID=31) to work on /opt/airflow/dags/full_dbt_execute.py
[2024-06-16T07:55:00.087+0000] {processor.py:830} INFO - Processing file /opt/airflow/dags/full_dbt_execute.py for tasks to queue
[2024-06-16T07:55:00.090+0000] {logging_mixin.py:188} INFO - [2024-06-16T07:55:00.090+0000] {dagbag.py:545} INFO - Filling up the DagBag from /opt/airflow/dags/full_dbt_execute.py
[2024-06-16T07:55:00.114+0000] {processor.py:840} INFO - DAG(s) 'full_dbt_execute' retrieved from /opt/airflow/dags/full_dbt_execute.py
[2024-06-16T07:55:00.470+0000] {logging_mixin.py:188} INFO - [2024-06-16T07:55:00.469+0000] {dag.py:3096} INFO - Sync 1 DAGs
[2024-06-16T07:55:00.482+0000] {logging_mixin.py:188} INFO - [2024-06-16T07:55:00.482+0000] {dag.py:3954} INFO - Setting next_dagrun for full_dbt_execute to None, run_after=None
[2024-06-16T07:55:00.500+0000] {processor.py:183} INFO - Processing /opt/airflow/dags/full_dbt_execute.py took 0.428 seconds
[2024-06-16T07:55:30.825+0000] {processor.py:161} INFO - Started process (PID=89) to work on /opt/airflow/dags/full_dbt_execute.py
[2024-06-16T07:55:30.828+0000] {processor.py:830} INFO - Processing file /opt/airflow/dags/full_dbt_execute.py for tasks to queue
[2024-06-16T07:55:30.832+0000] {logging_mixin.py:188} INFO - [2024-06-16T07:55:30.832+0000] {dagbag.py:545} INFO - Filling up the DagBag from /opt/airflow/dags/full_dbt_execute.py
[2024-06-16T07:55:30.850+0000] {processor.py:840} INFO - DAG(s) 'full_dbt_execute' retrieved from /opt/airflow/dags/full_dbt_execute.py
[2024-06-16T07:55:31.046+0000] {logging_mixin.py:188} INFO - [2024-06-16T07:55:31.046+0000] {dag.py:3096} INFO - Sync 1 DAGs
[2024-06-16T07:55:31.060+0000] {logging_mixin.py:188} INFO - [2024-06-16T07:55:31.060+0000] {dag.py:3954} INFO - Setting next_dagrun for full_dbt_execute to None, run_after=None
[2024-06-16T07:55:31.088+0000] {processor.py:183} INFO - Processing /opt/airflow/dags/full_dbt_execute.py took 0.294 seconds
[2024-06-16T07:56:01.955+0000] {processor.py:161} INFO - Started process (PID=148) to work on /opt/airflow/dags/full_dbt_execute.py
[2024-06-16T07:56:01.959+0000] {processor.py:830} INFO - Processing file /opt/airflow/dags/full_dbt_execute.py for tasks to queue
[2024-06-16T07:56:01.963+0000] {logging_mixin.py:188} INFO - [2024-06-16T07:56:01.962+0000] {dagbag.py:545} INFO - Filling up the DagBag from /opt/airflow/dags/full_dbt_execute.py
[2024-06-16T07:56:01.976+0000] {processor.py:840} INFO - DAG(s) 'full_dbt_execute' retrieved from /opt/airflow/dags/full_dbt_execute.py
[2024-06-16T07:56:02.282+0000] {logging_mixin.py:188} INFO - [2024-06-16T07:56:02.282+0000] {dag.py:3096} INFO - Sync 1 DAGs
[2024-06-16T07:56:02.287+0000] {logging_mixin.py:188} INFO - [2024-06-16T07:56:02.287+0000] {dag.py:3954} INFO - Setting next_dagrun for full_dbt_execute to None, run_after=None
[2024-06-16T07:56:02.294+0000] {processor.py:183} INFO - Processing /opt/airflow/dags/full_dbt_execute.py took 0.363 seconds
[2024-06-16T07:56:32.654+0000] {processor.py:161} INFO - Started process (PID=207) to work on /opt/airflow/dags/full_dbt_execute.py
[2024-06-16T07:56:32.656+0000] {processor.py:830} INFO - Processing file /opt/airflow/dags/full_dbt_execute.py for tasks to queue
[2024-06-16T07:56:32.661+0000] {logging_mixin.py:188} INFO - [2024-06-16T07:56:32.660+0000] {dagbag.py:545} INFO - Filling up the DagBag from /opt/airflow/dags/full_dbt_execute.py
[2024-06-16T07:56:32.674+0000] {processor.py:840} INFO - DAG(s) 'full_dbt_execute' retrieved from /opt/airflow/dags/full_dbt_execute.py
[2024-06-16T07:56:33.086+0000] {logging_mixin.py:188} INFO - [2024-06-16T07:56:33.086+0000] {dag.py:3096} INFO - Sync 1 DAGs
[2024-06-16T07:56:33.093+0000] {logging_mixin.py:188} INFO - [2024-06-16T07:56:33.093+0000] {dag.py:3954} INFO - Setting next_dagrun for full_dbt_execute to None, run_after=None
[2024-06-16T07:56:33.102+0000] {processor.py:183} INFO - Processing /opt/airflow/dags/full_dbt_execute.py took 0.467 seconds
[2024-06-16T07:57:03.276+0000] {processor.py:161} INFO - Started process (PID=266) to work on /opt/airflow/dags/full_dbt_execute.py
[2024-06-16T07:57:03.282+0000] {processor.py:830} INFO - Processing file /opt/airflow/dags/full_dbt_execute.py for tasks to queue
[2024-06-16T07:57:03.288+0000] {logging_mixin.py:188} INFO - [2024-06-16T07:57:03.287+0000] {dagbag.py:545} INFO - Filling up the DagBag from /opt/airflow/dags/full_dbt_execute.py
[2024-06-16T07:57:03.315+0000] {processor.py:840} INFO - DAG(s) 'full_dbt_execute' retrieved from /opt/airflow/dags/full_dbt_execute.py
[2024-06-16T07:57:03.467+0000] {logging_mixin.py:188} INFO - [2024-06-16T07:57:03.467+0000] {dag.py:3096} INFO - Sync 1 DAGs
[2024-06-16T07:57:03.692+0000] {logging_mixin.py:188} INFO - [2024-06-16T07:57:03.692+0000] {dag.py:3954} INFO - Setting next_dagrun for full_dbt_execute to None, run_after=None
[2024-06-16T07:57:03.701+0000] {processor.py:183} INFO - Processing /opt/airflow/dags/full_dbt_execute.py took 0.439 seconds
[2024-06-16T07:57:33.986+0000] {processor.py:161} INFO - Started process (PID=325) to work on /opt/airflow/dags/full_dbt_execute.py
[2024-06-16T07:57:33.988+0000] {processor.py:830} INFO - Processing file /opt/airflow/dags/full_dbt_execute.py for tasks to queue
[2024-06-16T07:57:33.993+0000] {logging_mixin.py:188} INFO - [2024-06-16T07:57:33.993+0000] {dagbag.py:545} INFO - Filling up the DagBag from /opt/airflow/dags/full_dbt_execute.py
[2024-06-16T07:57:34.008+0000] {processor.py:840} INFO - DAG(s) 'full_dbt_execute' retrieved from /opt/airflow/dags/full_dbt_execute.py
[2024-06-16T07:57:34.308+0000] {logging_mixin.py:188} INFO - [2024-06-16T07:57:34.308+0000] {dag.py:3096} INFO - Sync 1 DAGs
[2024-06-16T07:57:34.316+0000] {logging_mixin.py:188} INFO - [2024-06-16T07:57:34.316+0000] {dag.py:3954} INFO - Setting next_dagrun for full_dbt_execute to None, run_after=None
[2024-06-16T07:57:34.327+0000] {processor.py:183} INFO - Processing /opt/airflow/dags/full_dbt_execute.py took 0.355 seconds
[2024-06-16T07:58:04.499+0000] {processor.py:161} INFO - Started process (PID=384) to work on /opt/airflow/dags/full_dbt_execute.py
[2024-06-16T07:58:04.504+0000] {processor.py:830} INFO - Processing file /opt/airflow/dags/full_dbt_execute.py for tasks to queue
[2024-06-16T07:58:04.512+0000] {logging_mixin.py:188} INFO - [2024-06-16T07:58:04.512+0000] {dagbag.py:545} INFO - Filling up the DagBag from /opt/airflow/dags/full_dbt_execute.py
[2024-06-16T07:58:04.524+0000] {processor.py:840} INFO - DAG(s) 'full_dbt_execute' retrieved from /opt/airflow/dags/full_dbt_execute.py
[2024-06-16T07:58:04.837+0000] {logging_mixin.py:188} INFO - [2024-06-16T07:58:04.837+0000] {dag.py:3096} INFO - Sync 1 DAGs
[2024-06-16T07:58:04.845+0000] {logging_mixin.py:188} INFO - [2024-06-16T07:58:04.845+0000] {dag.py:3954} INFO - Setting next_dagrun for full_dbt_execute to None, run_after=None
[2024-06-16T07:58:04.855+0000] {processor.py:183} INFO - Processing /opt/airflow/dags/full_dbt_execute.py took 0.402 seconds
[2024-06-16T07:58:35.557+0000] {processor.py:161} INFO - Started process (PID=443) to work on /opt/airflow/dags/full_dbt_execute.py
[2024-06-16T07:58:35.561+0000] {processor.py:830} INFO - Processing file /opt/airflow/dags/full_dbt_execute.py for tasks to queue
[2024-06-16T07:58:35.568+0000] {logging_mixin.py:188} INFO - [2024-06-16T07:58:35.567+0000] {dagbag.py:545} INFO - Filling up the DagBag from /opt/airflow/dags/full_dbt_execute.py
[2024-06-16T07:58:35.634+0000] {processor.py:840} INFO - DAG(s) 'full_dbt_execute' retrieved from /opt/airflow/dags/full_dbt_execute.py
[2024-06-16T07:58:35.788+0000] {logging_mixin.py:188} INFO - [2024-06-16T07:58:35.788+0000] {dag.py:3096} INFO - Sync 1 DAGs
[2024-06-16T07:58:35.797+0000] {logging_mixin.py:188} INFO - [2024-06-16T07:58:35.797+0000] {dag.py:3954} INFO - Setting next_dagrun for full_dbt_execute to None, run_after=None
[2024-06-16T07:58:35.810+0000] {processor.py:183} INFO - Processing /opt/airflow/dags/full_dbt_execute.py took 0.288 seconds
[2024-06-16T07:59:05.935+0000] {processor.py:161} INFO - Started process (PID=502) to work on /opt/airflow/dags/full_dbt_execute.py
[2024-06-16T07:59:05.936+0000] {processor.py:830} INFO - Processing file /opt/airflow/dags/full_dbt_execute.py for tasks to queue
[2024-06-16T07:59:05.940+0000] {logging_mixin.py:188} INFO - [2024-06-16T07:59:05.939+0000] {dagbag.py:545} INFO - Filling up the DagBag from /opt/airflow/dags/full_dbt_execute.py
[2024-06-16T07:59:05.949+0000] {processor.py:840} INFO - DAG(s) 'full_dbt_execute' retrieved from /opt/airflow/dags/full_dbt_execute.py
[2024-06-16T07:59:06.078+0000] {logging_mixin.py:188} INFO - [2024-06-16T07:59:06.078+0000] {dag.py:3096} INFO - Sync 1 DAGs
[2024-06-16T07:59:06.086+0000] {logging_mixin.py:188} INFO - [2024-06-16T07:59:06.086+0000] {dag.py:3954} INFO - Setting next_dagrun for full_dbt_execute to None, run_after=None
[2024-06-16T07:59:06.098+0000] {processor.py:183} INFO - Processing /opt/airflow/dags/full_dbt_execute.py took 0.174 seconds
[2024-06-16T07:59:14.936+0000] {processor.py:161} INFO - Started process (PID=555) to work on /opt/airflow/dags/full_dbt_execute.py
[2024-06-16T07:59:14.940+0000] {processor.py:830} INFO - Processing file /opt/airflow/dags/full_dbt_execute.py for tasks to queue
[2024-06-16T07:59:14.942+0000] {logging_mixin.py:188} INFO - [2024-06-16T07:59:14.941+0000] {dagbag.py:545} INFO - Filling up the DagBag from /opt/airflow/dags/full_dbt_execute.py
[2024-06-16T07:59:14.954+0000] {processor.py:840} INFO - DAG(s) 'full_dbt_execute' retrieved from /opt/airflow/dags/full_dbt_execute.py
[2024-06-16T07:59:14.990+0000] {logging_mixin.py:188} INFO - [2024-06-16T07:59:14.990+0000] {dag.py:3096} INFO - Sync 1 DAGs
[2024-06-16T07:59:15.004+0000] {logging_mixin.py:188} INFO - [2024-06-16T07:59:15.004+0000] {dag.py:3954} INFO - Setting next_dagrun for full_dbt_execute to None, run_after=None
[2024-06-16T07:59:15.017+0000] {processor.py:183} INFO - Processing /opt/airflow/dags/full_dbt_execute.py took 0.103 seconds
[2024-06-16T07:59:21.037+0000] {processor.py:161} INFO - Started process (PID=562) to work on /opt/airflow/dags/full_dbt_execute.py
[2024-06-16T07:59:21.039+0000] {processor.py:830} INFO - Processing file /opt/airflow/dags/full_dbt_execute.py for tasks to queue
[2024-06-16T07:59:21.065+0000] {logging_mixin.py:188} INFO - [2024-06-16T07:59:21.064+0000] {dagbag.py:545} INFO - Filling up the DagBag from /opt/airflow/dags/full_dbt_execute.py
[2024-06-16T07:59:21.081+0000] {processor.py:840} INFO - DAG(s) 'full_dbt_execute' retrieved from /opt/airflow/dags/full_dbt_execute.py
[2024-06-16T07:59:21.102+0000] {logging_mixin.py:188} INFO - [2024-06-16T07:59:21.102+0000] {dag.py:3096} INFO - Sync 1 DAGs
[2024-06-16T07:59:21.131+0000] {logging_mixin.py:188} INFO - [2024-06-16T07:59:21.131+0000] {dag.py:3954} INFO - Setting next_dagrun for full_dbt_execute to None, run_after=None
[2024-06-16T07:59:21.147+0000] {processor.py:183} INFO - Processing /opt/airflow/dags/full_dbt_execute.py took 0.120 seconds
[2024-06-16T07:59:51.393+0000] {processor.py:161} INFO - Started process (PID=621) to work on /opt/airflow/dags/full_dbt_execute.py
[2024-06-16T07:59:51.395+0000] {processor.py:830} INFO - Processing file /opt/airflow/dags/full_dbt_execute.py for tasks to queue
[2024-06-16T07:59:51.401+0000] {logging_mixin.py:188} INFO - [2024-06-16T07:59:51.400+0000] {dagbag.py:545} INFO - Filling up the DagBag from /opt/airflow/dags/full_dbt_execute.py
[2024-06-16T07:59:51.440+0000] {processor.py:840} INFO - DAG(s) 'full_dbt_execute' retrieved from /opt/airflow/dags/full_dbt_execute.py
[2024-06-16T07:59:51.552+0000] {logging_mixin.py:188} INFO - [2024-06-16T07:59:51.552+0000] {dag.py:3096} INFO - Sync 1 DAGs
[2024-06-16T07:59:51.558+0000] {logging_mixin.py:188} INFO - [2024-06-16T07:59:51.558+0000] {dag.py:3954} INFO - Setting next_dagrun for full_dbt_execute to None, run_after=None
[2024-06-16T07:59:51.569+0000] {processor.py:183} INFO - Processing /opt/airflow/dags/full_dbt_execute.py took 0.188 seconds
[2024-06-16T08:00:21.682+0000] {processor.py:161} INFO - Started process (PID=680) to work on /opt/airflow/dags/full_dbt_execute.py
[2024-06-16T08:00:21.685+0000] {processor.py:830} INFO - Processing file /opt/airflow/dags/full_dbt_execute.py for tasks to queue
[2024-06-16T08:00:21.690+0000] {logging_mixin.py:188} INFO - [2024-06-16T08:00:21.689+0000] {dagbag.py:545} INFO - Filling up the DagBag from /opt/airflow/dags/full_dbt_execute.py
[2024-06-16T08:00:21.701+0000] {processor.py:840} INFO - DAG(s) 'full_dbt_execute' retrieved from /opt/airflow/dags/full_dbt_execute.py
[2024-06-16T08:00:21.777+0000] {logging_mixin.py:188} INFO - [2024-06-16T08:00:21.777+0000] {dag.py:3096} INFO - Sync 1 DAGs
[2024-06-16T08:00:21.783+0000] {logging_mixin.py:188} INFO - [2024-06-16T08:00:21.783+0000] {dag.py:3954} INFO - Setting next_dagrun for full_dbt_execute to None, run_after=None
[2024-06-16T08:00:21.792+0000] {processor.py:183} INFO - Processing /opt/airflow/dags/full_dbt_execute.py took 0.122 seconds
[2024-06-16T08:00:51.893+0000] {processor.py:161} INFO - Started process (PID=739) to work on /opt/airflow/dags/full_dbt_execute.py
[2024-06-16T08:00:51.895+0000] {processor.py:830} INFO - Processing file /opt/airflow/dags/full_dbt_execute.py for tasks to queue
[2024-06-16T08:00:51.899+0000] {logging_mixin.py:188} INFO - [2024-06-16T08:00:51.898+0000] {dagbag.py:545} INFO - Filling up the DagBag from /opt/airflow/dags/full_dbt_execute.py
[2024-06-16T08:00:51.910+0000] {processor.py:840} INFO - DAG(s) 'full_dbt_execute' retrieved from /opt/airflow/dags/full_dbt_execute.py
[2024-06-16T08:00:52.023+0000] {logging_mixin.py:188} INFO - [2024-06-16T08:00:52.022+0000] {dag.py:3096} INFO - Sync 1 DAGs
[2024-06-16T08:00:52.030+0000] {logging_mixin.py:188} INFO - [2024-06-16T08:00:52.029+0000] {dag.py:3954} INFO - Setting next_dagrun for full_dbt_execute to None, run_after=None
[2024-06-16T08:00:52.039+0000] {processor.py:183} INFO - Processing /opt/airflow/dags/full_dbt_execute.py took 0.177 seconds
[2024-06-16T08:01:22.274+0000] {processor.py:161} INFO - Started process (PID=798) to work on /opt/airflow/dags/full_dbt_execute.py
[2024-06-16T08:01:22.276+0000] {processor.py:830} INFO - Processing file /opt/airflow/dags/full_dbt_execute.py for tasks to queue
[2024-06-16T08:01:22.281+0000] {logging_mixin.py:188} INFO - [2024-06-16T08:01:22.281+0000] {dagbag.py:545} INFO - Filling up the DagBag from /opt/airflow/dags/full_dbt_execute.py
[2024-06-16T08:01:22.291+0000] {processor.py:840} INFO - DAG(s) 'full_dbt_execute' retrieved from /opt/airflow/dags/full_dbt_execute.py
[2024-06-16T08:01:22.417+0000] {logging_mixin.py:188} INFO - [2024-06-16T08:01:22.416+0000] {dag.py:3096} INFO - Sync 1 DAGs
[2024-06-16T08:01:22.423+0000] {logging_mixin.py:188} INFO - [2024-06-16T08:01:22.423+0000] {dag.py:3954} INFO - Setting next_dagrun for full_dbt_execute to None, run_after=None
[2024-06-16T08:01:22.434+0000] {processor.py:183} INFO - Processing /opt/airflow/dags/full_dbt_execute.py took 0.171 seconds
[2024-06-16T08:01:39.965+0000] {processor.py:161} INFO - Started process (PID=815) to work on /opt/airflow/dags/full_dbt_execute.py
[2024-06-16T08:01:39.967+0000] {processor.py:830} INFO - Processing file /opt/airflow/dags/full_dbt_execute.py for tasks to queue
[2024-06-16T08:01:39.970+0000] {logging_mixin.py:188} INFO - [2024-06-16T08:01:39.970+0000] {dagbag.py:545} INFO - Filling up the DagBag from /opt/airflow/dags/full_dbt_execute.py
[2024-06-16T08:01:39.979+0000] {processor.py:840} INFO - DAG(s) 'full_dbt_execute' retrieved from /opt/airflow/dags/full_dbt_execute.py
[2024-06-16T08:01:40.009+0000] {logging_mixin.py:188} INFO - [2024-06-16T08:01:40.008+0000] {dag.py:3096} INFO - Sync 1 DAGs
[2024-06-16T08:01:40.022+0000] {logging_mixin.py:188} INFO - [2024-06-16T08:01:40.022+0000] {dag.py:3954} INFO - Setting next_dagrun for full_dbt_execute to None, run_after=None
[2024-06-16T08:01:40.037+0000] {processor.py:183} INFO - Processing /opt/airflow/dags/full_dbt_execute.py took 0.082 seconds
[2024-06-16T08:02:22.774+0000] {processor.py:161} INFO - Started process (PID=30) to work on /opt/airflow/dags/full_dbt_execute.py
[2024-06-16T08:02:22.775+0000] {processor.py:830} INFO - Processing file /opt/airflow/dags/full_dbt_execute.py for tasks to queue
[2024-06-16T08:02:22.777+0000] {logging_mixin.py:188} INFO - [2024-06-16T08:02:22.777+0000] {dagbag.py:545} INFO - Filling up the DagBag from /opt/airflow/dags/full_dbt_execute.py
[2024-06-16T08:02:22.788+0000] {processor.py:840} INFO - DAG(s) 'full_dbt_execute' retrieved from /opt/airflow/dags/full_dbt_execute.py
[2024-06-16T08:02:22.975+0000] {logging_mixin.py:188} INFO - [2024-06-16T08:02:22.974+0000] {dag.py:3096} INFO - Sync 1 DAGs
[2024-06-16T08:02:22.993+0000] {logging_mixin.py:188} INFO - [2024-06-16T08:02:22.993+0000] {dag.py:3954} INFO - Setting next_dagrun for full_dbt_execute to None, run_after=None
[2024-06-16T08:02:23.021+0000] {processor.py:183} INFO - Processing /opt/airflow/dags/full_dbt_execute.py took 0.252 seconds
[2024-06-16T08:02:53.382+0000] {processor.py:161} INFO - Started process (PID=89) to work on /opt/airflow/dags/full_dbt_execute.py
[2024-06-16T08:02:53.384+0000] {processor.py:830} INFO - Processing file /opt/airflow/dags/full_dbt_execute.py for tasks to queue
[2024-06-16T08:02:53.390+0000] {logging_mixin.py:188} INFO - [2024-06-16T08:02:53.389+0000] {dagbag.py:545} INFO - Filling up the DagBag from /opt/airflow/dags/full_dbt_execute.py
[2024-06-16T08:02:53.411+0000] {processor.py:840} INFO - DAG(s) 'full_dbt_execute' retrieved from /opt/airflow/dags/full_dbt_execute.py
[2024-06-16T08:02:53.752+0000] {logging_mixin.py:188} INFO - [2024-06-16T08:02:53.752+0000] {dag.py:3096} INFO - Sync 1 DAGs
[2024-06-16T08:02:53.757+0000] {logging_mixin.py:188} INFO - [2024-06-16T08:02:53.757+0000] {dag.py:3954} INFO - Setting next_dagrun for full_dbt_execute to None, run_after=None
[2024-06-16T08:02:53.766+0000] {processor.py:183} INFO - Processing /opt/airflow/dags/full_dbt_execute.py took 0.414 seconds
[2024-06-16T08:03:24.246+0000] {processor.py:161} INFO - Started process (PID=148) to work on /opt/airflow/dags/full_dbt_execute.py
[2024-06-16T08:03:24.249+0000] {processor.py:830} INFO - Processing file /opt/airflow/dags/full_dbt_execute.py for tasks to queue
[2024-06-16T08:03:24.253+0000] {logging_mixin.py:188} INFO - [2024-06-16T08:03:24.253+0000] {dagbag.py:545} INFO - Filling up the DagBag from /opt/airflow/dags/full_dbt_execute.py
[2024-06-16T08:03:24.267+0000] {processor.py:840} INFO - DAG(s) 'full_dbt_execute' retrieved from /opt/airflow/dags/full_dbt_execute.py
[2024-06-16T08:03:24.369+0000] {logging_mixin.py:188} INFO - [2024-06-16T08:03:24.369+0000] {dag.py:3096} INFO - Sync 1 DAGs
[2024-06-16T08:03:24.539+0000] {logging_mixin.py:188} INFO - [2024-06-16T08:03:24.539+0000] {dag.py:3954} INFO - Setting next_dagrun for full_dbt_execute to None, run_after=None
[2024-06-16T08:03:24.547+0000] {processor.py:183} INFO - Processing /opt/airflow/dags/full_dbt_execute.py took 0.314 seconds
[2024-06-16T08:03:54.752+0000] {processor.py:161} INFO - Started process (PID=207) to work on /opt/airflow/dags/full_dbt_execute.py
[2024-06-16T08:03:54.755+0000] {processor.py:830} INFO - Processing file /opt/airflow/dags/full_dbt_execute.py for tasks to queue
[2024-06-16T08:03:54.760+0000] {logging_mixin.py:188} INFO - [2024-06-16T08:03:54.760+0000] {dagbag.py:545} INFO - Filling up the DagBag from /opt/airflow/dags/full_dbt_execute.py
[2024-06-16T08:03:54.775+0000] {processor.py:840} INFO - DAG(s) 'full_dbt_execute' retrieved from /opt/airflow/dags/full_dbt_execute.py
[2024-06-16T08:03:55.057+0000] {logging_mixin.py:188} INFO - [2024-06-16T08:03:55.057+0000] {dag.py:3096} INFO - Sync 1 DAGs
[2024-06-16T08:03:55.066+0000] {logging_mixin.py:188} INFO - [2024-06-16T08:03:55.066+0000] {dag.py:3954} INFO - Setting next_dagrun for full_dbt_execute to None, run_after=None
[2024-06-16T08:03:55.079+0000] {processor.py:183} INFO - Processing /opt/airflow/dags/full_dbt_execute.py took 0.340 seconds
[2024-06-16T08:04:25.668+0000] {processor.py:161} INFO - Started process (PID=266) to work on /opt/airflow/dags/full_dbt_execute.py
[2024-06-16T08:04:25.670+0000] {processor.py:830} INFO - Processing file /opt/airflow/dags/full_dbt_execute.py for tasks to queue
[2024-06-16T08:04:25.682+0000] {logging_mixin.py:188} INFO - [2024-06-16T08:04:25.681+0000] {dagbag.py:545} INFO - Filling up the DagBag from /opt/airflow/dags/full_dbt_execute.py
[2024-06-16T08:04:25.726+0000] {processor.py:840} INFO - DAG(s) 'full_dbt_execute' retrieved from /opt/airflow/dags/full_dbt_execute.py
[2024-06-16T08:04:26.036+0000] {logging_mixin.py:188} INFO - [2024-06-16T08:04:26.036+0000] {dag.py:3096} INFO - Sync 1 DAGs
[2024-06-16T08:04:26.043+0000] {logging_mixin.py:188} INFO - [2024-06-16T08:04:26.043+0000] {dag.py:3954} INFO - Setting next_dagrun for full_dbt_execute to None, run_after=None
[2024-06-16T08:04:26.053+0000] {processor.py:183} INFO - Processing /opt/airflow/dags/full_dbt_execute.py took 0.399 seconds
[2024-06-16T08:04:56.673+0000] {processor.py:161} INFO - Started process (PID=324) to work on /opt/airflow/dags/full_dbt_execute.py
[2024-06-16T08:04:56.675+0000] {processor.py:830} INFO - Processing file /opt/airflow/dags/full_dbt_execute.py for tasks to queue
[2024-06-16T08:04:56.679+0000] {logging_mixin.py:188} INFO - [2024-06-16T08:04:56.678+0000] {dagbag.py:545} INFO - Filling up the DagBag from /opt/airflow/dags/full_dbt_execute.py
[2024-06-16T08:04:56.699+0000] {processor.py:840} INFO - DAG(s) 'full_dbt_execute' retrieved from /opt/airflow/dags/full_dbt_execute.py
[2024-06-16T08:04:56.842+0000] {logging_mixin.py:188} INFO - [2024-06-16T08:04:56.841+0000] {dag.py:3096} INFO - Sync 1 DAGs
[2024-06-16T08:04:56.850+0000] {logging_mixin.py:188} INFO - [2024-06-16T08:04:56.850+0000] {dag.py:3954} INFO - Setting next_dagrun for full_dbt_execute to None, run_after=None
[2024-06-16T08:04:56.873+0000] {processor.py:183} INFO - Processing /opt/airflow/dags/full_dbt_execute.py took 0.212 seconds
[2024-06-16T08:05:26.989+0000] {processor.py:161} INFO - Started process (PID=383) to work on /opt/airflow/dags/full_dbt_execute.py
[2024-06-16T08:05:26.990+0000] {processor.py:830} INFO - Processing file /opt/airflow/dags/full_dbt_execute.py for tasks to queue
[2024-06-16T08:05:26.993+0000] {logging_mixin.py:188} INFO - [2024-06-16T08:05:26.993+0000] {dagbag.py:545} INFO - Filling up the DagBag from /opt/airflow/dags/full_dbt_execute.py
[2024-06-16T08:05:27.011+0000] {processor.py:840} INFO - DAG(s) 'full_dbt_execute' retrieved from /opt/airflow/dags/full_dbt_execute.py
[2024-06-16T08:05:27.166+0000] {logging_mixin.py:188} INFO - [2024-06-16T08:05:27.165+0000] {dag.py:3096} INFO - Sync 1 DAGs
[2024-06-16T08:05:27.179+0000] {logging_mixin.py:188} INFO - [2024-06-16T08:05:27.179+0000] {dag.py:3954} INFO - Setting next_dagrun for full_dbt_execute to None, run_after=None
[2024-06-16T08:05:27.191+0000] {processor.py:183} INFO - Processing /opt/airflow/dags/full_dbt_execute.py took 0.215 seconds
[2024-06-16T08:05:57.229+0000] {processor.py:161} INFO - Started process (PID=444) to work on /opt/airflow/dags/full_dbt_execute.py
[2024-06-16T08:05:57.230+0000] {processor.py:830} INFO - Processing file /opt/airflow/dags/full_dbt_execute.py for tasks to queue
[2024-06-16T08:05:57.231+0000] {logging_mixin.py:188} INFO - [2024-06-16T08:05:57.231+0000] {dagbag.py:545} INFO - Filling up the DagBag from /opt/airflow/dags/full_dbt_execute.py
[2024-06-16T08:05:57.239+0000] {processor.py:840} INFO - DAG(s) 'full_dbt_execute' retrieved from /opt/airflow/dags/full_dbt_execute.py
[2024-06-16T08:05:57.342+0000] {logging_mixin.py:188} INFO - [2024-06-16T08:05:57.341+0000] {dag.py:3096} INFO - Sync 1 DAGs
[2024-06-16T08:05:57.347+0000] {logging_mixin.py:188} INFO - [2024-06-16T08:05:57.347+0000] {dag.py:3954} INFO - Setting next_dagrun for full_dbt_execute to None, run_after=None
[2024-06-16T08:05:57.355+0000] {processor.py:183} INFO - Processing /opt/airflow/dags/full_dbt_execute.py took 0.132 seconds
[2024-06-16T08:06:27.547+0000] {processor.py:161} INFO - Started process (PID=502) to work on /opt/airflow/dags/full_dbt_execute.py
[2024-06-16T08:06:27.548+0000] {processor.py:830} INFO - Processing file /opt/airflow/dags/full_dbt_execute.py for tasks to queue
[2024-06-16T08:06:27.551+0000] {logging_mixin.py:188} INFO - [2024-06-16T08:06:27.551+0000] {dagbag.py:545} INFO - Filling up the DagBag from /opt/airflow/dags/full_dbt_execute.py
[2024-06-16T08:06:27.582+0000] {processor.py:840} INFO - DAG(s) 'full_dbt_execute' retrieved from /opt/airflow/dags/full_dbt_execute.py
[2024-06-16T08:06:27.773+0000] {logging_mixin.py:188} INFO - [2024-06-16T08:06:27.772+0000] {dag.py:3096} INFO - Sync 1 DAGs
[2024-06-16T08:06:27.782+0000] {logging_mixin.py:188} INFO - [2024-06-16T08:06:27.782+0000] {dag.py:3954} INFO - Setting next_dagrun for full_dbt_execute to None, run_after=None
[2024-06-16T08:06:27.809+0000] {processor.py:183} INFO - Processing /opt/airflow/dags/full_dbt_execute.py took 0.271 seconds
[2024-06-16T08:06:57.901+0000] {processor.py:161} INFO - Started process (PID=562) to work on /opt/airflow/dags/full_dbt_execute.py
[2024-06-16T08:06:57.902+0000] {processor.py:830} INFO - Processing file /opt/airflow/dags/full_dbt_execute.py for tasks to queue
[2024-06-16T08:06:57.903+0000] {logging_mixin.py:188} INFO - [2024-06-16T08:06:57.903+0000] {dagbag.py:545} INFO - Filling up the DagBag from /opt/airflow/dags/full_dbt_execute.py
[2024-06-16T08:06:57.907+0000] {processor.py:840} INFO - DAG(s) 'full_dbt_execute' retrieved from /opt/airflow/dags/full_dbt_execute.py
[2024-06-16T08:06:58.031+0000] {logging_mixin.py:188} INFO - [2024-06-16T08:06:58.031+0000] {dag.py:3096} INFO - Sync 1 DAGs
[2024-06-16T08:06:58.039+0000] {logging_mixin.py:188} INFO - [2024-06-16T08:06:58.039+0000] {dag.py:3954} INFO - Setting next_dagrun for full_dbt_execute to None, run_after=None
[2024-06-16T08:06:58.051+0000] {processor.py:183} INFO - Processing /opt/airflow/dags/full_dbt_execute.py took 0.153 seconds
[2024-06-16T08:07:28.076+0000] {processor.py:161} INFO - Started process (PID=621) to work on /opt/airflow/dags/full_dbt_execute.py
[2024-06-16T08:07:28.077+0000] {processor.py:830} INFO - Processing file /opt/airflow/dags/full_dbt_execute.py for tasks to queue
[2024-06-16T08:07:28.078+0000] {logging_mixin.py:188} INFO - [2024-06-16T08:07:28.078+0000] {dagbag.py:545} INFO - Filling up the DagBag from /opt/airflow/dags/full_dbt_execute.py
[2024-06-16T08:07:28.082+0000] {processor.py:840} INFO - DAG(s) 'full_dbt_execute' retrieved from /opt/airflow/dags/full_dbt_execute.py
[2024-06-16T08:07:28.185+0000] {logging_mixin.py:188} INFO - [2024-06-16T08:07:28.185+0000] {dag.py:3096} INFO - Sync 1 DAGs
[2024-06-16T08:07:28.190+0000] {logging_mixin.py:188} INFO - [2024-06-16T08:07:28.190+0000] {dag.py:3954} INFO - Setting next_dagrun for full_dbt_execute to None, run_after=None
[2024-06-16T08:07:28.198+0000] {processor.py:183} INFO - Processing /opt/airflow/dags/full_dbt_execute.py took 0.125 seconds
[2024-06-16T08:07:58.328+0000] {processor.py:161} INFO - Started process (PID=680) to work on /opt/airflow/dags/full_dbt_execute.py
[2024-06-16T08:07:58.329+0000] {processor.py:830} INFO - Processing file /opt/airflow/dags/full_dbt_execute.py for tasks to queue
[2024-06-16T08:07:58.331+0000] {logging_mixin.py:188} INFO - [2024-06-16T08:07:58.331+0000] {dagbag.py:545} INFO - Filling up the DagBag from /opt/airflow/dags/full_dbt_execute.py
[2024-06-16T08:07:58.341+0000] {processor.py:840} INFO - DAG(s) 'full_dbt_execute' retrieved from /opt/airflow/dags/full_dbt_execute.py
[2024-06-16T08:07:58.455+0000] {logging_mixin.py:188} INFO - [2024-06-16T08:07:58.455+0000] {dag.py:3096} INFO - Sync 1 DAGs
[2024-06-16T08:07:58.461+0000] {logging_mixin.py:188} INFO - [2024-06-16T08:07:58.460+0000] {dag.py:3954} INFO - Setting next_dagrun for full_dbt_execute to None, run_after=None
[2024-06-16T08:07:58.476+0000] {processor.py:183} INFO - Processing /opt/airflow/dags/full_dbt_execute.py took 0.152 seconds
[2024-06-16T08:08:28.847+0000] {processor.py:161} INFO - Started process (PID=738) to work on /opt/airflow/dags/full_dbt_execute.py
[2024-06-16T08:08:28.863+0000] {processor.py:830} INFO - Processing file /opt/airflow/dags/full_dbt_execute.py for tasks to queue
[2024-06-16T08:08:28.918+0000] {logging_mixin.py:188} INFO - [2024-06-16T08:08:28.917+0000] {dagbag.py:545} INFO - Filling up the DagBag from /opt/airflow/dags/full_dbt_execute.py
[2024-06-16T08:08:28.942+0000] {processor.py:840} INFO - DAG(s) 'full_dbt_execute' retrieved from /opt/airflow/dags/full_dbt_execute.py
[2024-06-16T08:08:29.140+0000] {logging_mixin.py:188} INFO - [2024-06-16T08:08:29.140+0000] {dag.py:3096} INFO - Sync 1 DAGs
[2024-06-16T08:08:29.146+0000] {logging_mixin.py:188} INFO - [2024-06-16T08:08:29.145+0000] {dag.py:3954} INFO - Setting next_dagrun for full_dbt_execute to None, run_after=None
[2024-06-16T08:08:29.155+0000] {processor.py:183} INFO - Processing /opt/airflow/dags/full_dbt_execute.py took 0.346 seconds
[2024-06-16T08:08:59.489+0000] {processor.py:161} INFO - Started process (PID=797) to work on /opt/airflow/dags/full_dbt_execute.py
[2024-06-16T08:08:59.492+0000] {processor.py:830} INFO - Processing file /opt/airflow/dags/full_dbt_execute.py for tasks to queue
[2024-06-16T08:08:59.498+0000] {logging_mixin.py:188} INFO - [2024-06-16T08:08:59.497+0000] {dagbag.py:545} INFO - Filling up the DagBag from /opt/airflow/dags/full_dbt_execute.py
[2024-06-16T08:08:59.510+0000] {processor.py:840} INFO - DAG(s) 'full_dbt_execute' retrieved from /opt/airflow/dags/full_dbt_execute.py
[2024-06-16T08:08:59.657+0000] {logging_mixin.py:188} INFO - [2024-06-16T08:08:59.657+0000] {dag.py:3096} INFO - Sync 1 DAGs
[2024-06-16T08:08:59.665+0000] {logging_mixin.py:188} INFO - [2024-06-16T08:08:59.664+0000] {dag.py:3954} INFO - Setting next_dagrun for full_dbt_execute to None, run_after=None
[2024-06-16T08:08:59.685+0000] {processor.py:183} INFO - Processing /opt/airflow/dags/full_dbt_execute.py took 0.219 seconds
[2024-06-16T08:09:30.271+0000] {processor.py:161} INFO - Started process (PID=856) to work on /opt/airflow/dags/full_dbt_execute.py
[2024-06-16T08:09:30.275+0000] {processor.py:830} INFO - Processing file /opt/airflow/dags/full_dbt_execute.py for tasks to queue
[2024-06-16T08:09:30.282+0000] {logging_mixin.py:188} INFO - [2024-06-16T08:09:30.282+0000] {dagbag.py:545} INFO - Filling up the DagBag from /opt/airflow/dags/full_dbt_execute.py
[2024-06-16T08:09:30.294+0000] {processor.py:840} INFO - DAG(s) 'full_dbt_execute' retrieved from /opt/airflow/dags/full_dbt_execute.py
[2024-06-16T08:09:30.430+0000] {logging_mixin.py:188} INFO - [2024-06-16T08:09:30.429+0000] {dag.py:3096} INFO - Sync 1 DAGs
[2024-06-16T08:09:30.435+0000] {logging_mixin.py:188} INFO - [2024-06-16T08:09:30.435+0000] {dag.py:3954} INFO - Setting next_dagrun for full_dbt_execute to None, run_after=None
[2024-06-16T08:09:30.444+0000] {processor.py:183} INFO - Processing /opt/airflow/dags/full_dbt_execute.py took 0.212 seconds
[2024-06-16T08:10:00.894+0000] {processor.py:161} INFO - Started process (PID=915) to work on /opt/airflow/dags/full_dbt_execute.py
[2024-06-16T08:10:00.898+0000] {processor.py:830} INFO - Processing file /opt/airflow/dags/full_dbt_execute.py for tasks to queue
[2024-06-16T08:10:00.905+0000] {logging_mixin.py:188} INFO - [2024-06-16T08:10:00.903+0000] {dagbag.py:545} INFO - Filling up the DagBag from /opt/airflow/dags/full_dbt_execute.py
[2024-06-16T08:10:00.936+0000] {processor.py:840} INFO - DAG(s) 'full_dbt_execute' retrieved from /opt/airflow/dags/full_dbt_execute.py
[2024-06-16T08:10:01.050+0000] {logging_mixin.py:188} INFO - [2024-06-16T08:10:01.050+0000] {dag.py:3096} INFO - Sync 1 DAGs
[2024-06-16T08:10:01.056+0000] {logging_mixin.py:188} INFO - [2024-06-16T08:10:01.056+0000] {dag.py:3954} INFO - Setting next_dagrun for full_dbt_execute to None, run_after=None
[2024-06-16T08:10:01.066+0000] {processor.py:183} INFO - Processing /opt/airflow/dags/full_dbt_execute.py took 0.185 seconds
[2024-06-16T08:10:31.368+0000] {processor.py:161} INFO - Started process (PID=974) to work on /opt/airflow/dags/full_dbt_execute.py
[2024-06-16T08:10:31.370+0000] {processor.py:830} INFO - Processing file /opt/airflow/dags/full_dbt_execute.py for tasks to queue
[2024-06-16T08:10:31.375+0000] {logging_mixin.py:188} INFO - [2024-06-16T08:10:31.375+0000] {dagbag.py:545} INFO - Filling up the DagBag from /opt/airflow/dags/full_dbt_execute.py
[2024-06-16T08:10:31.387+0000] {processor.py:840} INFO - DAG(s) 'full_dbt_execute' retrieved from /opt/airflow/dags/full_dbt_execute.py
[2024-06-16T08:10:31.487+0000] {logging_mixin.py:188} INFO - [2024-06-16T08:10:31.486+0000] {dag.py:3096} INFO - Sync 1 DAGs
[2024-06-16T08:10:31.495+0000] {logging_mixin.py:188} INFO - [2024-06-16T08:10:31.495+0000] {dag.py:3954} INFO - Setting next_dagrun for full_dbt_execute to None, run_after=None
[2024-06-16T08:10:31.508+0000] {processor.py:183} INFO - Processing /opt/airflow/dags/full_dbt_execute.py took 0.152 seconds
[2024-06-16T08:11:01.615+0000] {processor.py:161} INFO - Started process (PID=1034) to work on /opt/airflow/dags/full_dbt_execute.py
[2024-06-16T08:11:01.616+0000] {processor.py:830} INFO - Processing file /opt/airflow/dags/full_dbt_execute.py for tasks to queue
[2024-06-16T08:11:01.618+0000] {logging_mixin.py:188} INFO - [2024-06-16T08:11:01.617+0000] {dagbag.py:545} INFO - Filling up the DagBag from /opt/airflow/dags/full_dbt_execute.py
[2024-06-16T08:11:01.624+0000] {processor.py:840} INFO - DAG(s) 'full_dbt_execute' retrieved from /opt/airflow/dags/full_dbt_execute.py
[2024-06-16T08:11:01.741+0000] {logging_mixin.py:188} INFO - [2024-06-16T08:11:01.741+0000] {dag.py:3096} INFO - Sync 1 DAGs
[2024-06-16T08:11:01.746+0000] {logging_mixin.py:188} INFO - [2024-06-16T08:11:01.746+0000] {dag.py:3954} INFO - Setting next_dagrun for full_dbt_execute to None, run_after=None
[2024-06-16T08:11:01.757+0000] {processor.py:183} INFO - Processing /opt/airflow/dags/full_dbt_execute.py took 0.145 seconds
[2024-06-16T08:11:32.462+0000] {processor.py:161} INFO - Started process (PID=1092) to work on /opt/airflow/dags/full_dbt_execute.py
[2024-06-16T08:11:32.464+0000] {processor.py:830} INFO - Processing file /opt/airflow/dags/full_dbt_execute.py for tasks to queue
[2024-06-16T08:11:32.468+0000] {logging_mixin.py:188} INFO - [2024-06-16T08:11:32.468+0000] {dagbag.py:545} INFO - Filling up the DagBag from /opt/airflow/dags/full_dbt_execute.py
[2024-06-16T08:11:32.480+0000] {processor.py:840} INFO - DAG(s) 'full_dbt_execute' retrieved from /opt/airflow/dags/full_dbt_execute.py
[2024-06-16T08:11:32.608+0000] {logging_mixin.py:188} INFO - [2024-06-16T08:11:32.608+0000] {dag.py:3096} INFO - Sync 1 DAGs
[2024-06-16T08:11:32.615+0000] {logging_mixin.py:188} INFO - [2024-06-16T08:11:32.615+0000] {dag.py:3954} INFO - Setting next_dagrun for full_dbt_execute to None, run_after=None
[2024-06-16T08:11:32.624+0000] {processor.py:183} INFO - Processing /opt/airflow/dags/full_dbt_execute.py took 0.176 seconds
[2024-06-16T08:12:03.246+0000] {processor.py:161} INFO - Started process (PID=1151) to work on /opt/airflow/dags/full_dbt_execute.py
[2024-06-16T08:12:03.248+0000] {processor.py:830} INFO - Processing file /opt/airflow/dags/full_dbt_execute.py for tasks to queue
[2024-06-16T08:12:03.253+0000] {logging_mixin.py:188} INFO - [2024-06-16T08:12:03.252+0000] {dagbag.py:545} INFO - Filling up the DagBag from /opt/airflow/dags/full_dbt_execute.py
[2024-06-16T08:12:03.264+0000] {processor.py:840} INFO - DAG(s) 'full_dbt_execute' retrieved from /opt/airflow/dags/full_dbt_execute.py
[2024-06-16T08:12:03.367+0000] {logging_mixin.py:188} INFO - [2024-06-16T08:12:03.367+0000] {dag.py:3096} INFO - Sync 1 DAGs
[2024-06-16T08:12:03.376+0000] {logging_mixin.py:188} INFO - [2024-06-16T08:12:03.376+0000] {dag.py:3954} INFO - Setting next_dagrun for full_dbt_execute to None, run_after=None
[2024-06-16T08:12:03.390+0000] {processor.py:183} INFO - Processing /opt/airflow/dags/full_dbt_execute.py took 0.160 seconds
[2024-06-16T08:12:33.469+0000] {processor.py:161} INFO - Started process (PID=1209) to work on /opt/airflow/dags/full_dbt_execute.py
[2024-06-16T08:12:33.475+0000] {processor.py:830} INFO - Processing file /opt/airflow/dags/full_dbt_execute.py for tasks to queue
[2024-06-16T08:12:33.489+0000] {logging_mixin.py:188} INFO - [2024-06-16T08:12:33.487+0000] {dagbag.py:545} INFO - Filling up the DagBag from /opt/airflow/dags/full_dbt_execute.py
[2024-06-16T08:12:33.514+0000] {processor.py:840} INFO - DAG(s) 'full_dbt_execute' retrieved from /opt/airflow/dags/full_dbt_execute.py
[2024-06-16T08:12:33.624+0000] {logging_mixin.py:188} INFO - [2024-06-16T08:12:33.623+0000] {dag.py:3096} INFO - Sync 1 DAGs
[2024-06-16T08:12:33.629+0000] {logging_mixin.py:188} INFO - [2024-06-16T08:12:33.629+0000] {dag.py:3954} INFO - Setting next_dagrun for full_dbt_execute to None, run_after=None
[2024-06-16T08:12:33.637+0000] {processor.py:183} INFO - Processing /opt/airflow/dags/full_dbt_execute.py took 0.198 seconds
[2024-06-16T08:13:04.322+0000] {processor.py:161} INFO - Started process (PID=1268) to work on /opt/airflow/dags/full_dbt_execute.py
[2024-06-16T08:13:04.325+0000] {processor.py:830} INFO - Processing file /opt/airflow/dags/full_dbt_execute.py for tasks to queue
[2024-06-16T08:13:04.332+0000] {logging_mixin.py:188} INFO - [2024-06-16T08:13:04.332+0000] {dagbag.py:545} INFO - Filling up the DagBag from /opt/airflow/dags/full_dbt_execute.py
[2024-06-16T08:13:04.342+0000] {processor.py:840} INFO - DAG(s) 'full_dbt_execute' retrieved from /opt/airflow/dags/full_dbt_execute.py
[2024-06-16T08:13:04.476+0000] {logging_mixin.py:188} INFO - [2024-06-16T08:13:04.476+0000] {dag.py:3096} INFO - Sync 1 DAGs
[2024-06-16T08:13:04.491+0000] {logging_mixin.py:188} INFO - [2024-06-16T08:13:04.491+0000] {dag.py:3954} INFO - Setting next_dagrun for full_dbt_execute to None, run_after=None
[2024-06-16T08:13:04.503+0000] {processor.py:183} INFO - Processing /opt/airflow/dags/full_dbt_execute.py took 0.212 seconds
[2024-06-16T08:13:34.819+0000] {processor.py:161} INFO - Started process (PID=1327) to work on /opt/airflow/dags/full_dbt_execute.py
[2024-06-16T08:13:34.823+0000] {processor.py:830} INFO - Processing file /opt/airflow/dags/full_dbt_execute.py for tasks to queue
[2024-06-16T08:13:34.834+0000] {logging_mixin.py:188} INFO - [2024-06-16T08:13:34.832+0000] {dagbag.py:545} INFO - Filling up the DagBag from /opt/airflow/dags/full_dbt_execute.py
[2024-06-16T08:13:34.854+0000] {processor.py:840} INFO - DAG(s) 'full_dbt_execute' retrieved from /opt/airflow/dags/full_dbt_execute.py
[2024-06-16T08:13:34.968+0000] {logging_mixin.py:188} INFO - [2024-06-16T08:13:34.968+0000] {dag.py:3096} INFO - Sync 1 DAGs
[2024-06-16T08:13:34.973+0000] {logging_mixin.py:188} INFO - [2024-06-16T08:13:34.973+0000] {dag.py:3954} INFO - Setting next_dagrun for full_dbt_execute to None, run_after=None
[2024-06-16T08:13:34.981+0000] {processor.py:183} INFO - Processing /opt/airflow/dags/full_dbt_execute.py took 0.190 seconds
[2024-06-16T08:14:05.093+0000] {processor.py:161} INFO - Started process (PID=1387) to work on /opt/airflow/dags/full_dbt_execute.py
[2024-06-16T08:14:05.094+0000] {processor.py:830} INFO - Processing file /opt/airflow/dags/full_dbt_execute.py for tasks to queue
[2024-06-16T08:14:05.096+0000] {logging_mixin.py:188} INFO - [2024-06-16T08:14:05.095+0000] {dagbag.py:545} INFO - Filling up the DagBag from /opt/airflow/dags/full_dbt_execute.py
[2024-06-16T08:14:05.103+0000] {processor.py:840} INFO - DAG(s) 'full_dbt_execute' retrieved from /opt/airflow/dags/full_dbt_execute.py
[2024-06-16T08:14:05.203+0000] {logging_mixin.py:188} INFO - [2024-06-16T08:14:05.203+0000] {dag.py:3096} INFO - Sync 1 DAGs
[2024-06-16T08:14:05.209+0000] {logging_mixin.py:188} INFO - [2024-06-16T08:14:05.209+0000] {dag.py:3954} INFO - Setting next_dagrun for full_dbt_execute to None, run_after=None
[2024-06-16T08:14:05.218+0000] {processor.py:183} INFO - Processing /opt/airflow/dags/full_dbt_execute.py took 0.129 seconds
[2024-06-16T08:14:35.298+0000] {processor.py:161} INFO - Started process (PID=1446) to work on /opt/airflow/dags/full_dbt_execute.py
[2024-06-16T08:14:35.299+0000] {processor.py:830} INFO - Processing file /opt/airflow/dags/full_dbt_execute.py for tasks to queue
[2024-06-16T08:14:35.300+0000] {logging_mixin.py:188} INFO - [2024-06-16T08:14:35.300+0000] {dagbag.py:545} INFO - Filling up the DagBag from /opt/airflow/dags/full_dbt_execute.py
[2024-06-16T08:14:35.307+0000] {processor.py:840} INFO - DAG(s) 'full_dbt_execute' retrieved from /opt/airflow/dags/full_dbt_execute.py
[2024-06-16T08:14:35.423+0000] {logging_mixin.py:188} INFO - [2024-06-16T08:14:35.423+0000] {dag.py:3096} INFO - Sync 1 DAGs
[2024-06-16T08:14:35.428+0000] {logging_mixin.py:188} INFO - [2024-06-16T08:14:35.428+0000] {dag.py:3954} INFO - Setting next_dagrun for full_dbt_execute to None, run_after=None
[2024-06-16T08:14:35.437+0000] {processor.py:183} INFO - Processing /opt/airflow/dags/full_dbt_execute.py took 0.143 seconds
[2024-06-16T08:15:05.716+0000] {processor.py:161} INFO - Started process (PID=1504) to work on /opt/airflow/dags/full_dbt_execute.py
[2024-06-16T08:15:05.718+0000] {processor.py:830} INFO - Processing file /opt/airflow/dags/full_dbt_execute.py for tasks to queue
[2024-06-16T08:15:05.724+0000] {logging_mixin.py:188} INFO - [2024-06-16T08:15:05.723+0000] {dagbag.py:545} INFO - Filling up the DagBag from /opt/airflow/dags/full_dbt_execute.py
[2024-06-16T08:15:05.762+0000] {processor.py:840} INFO - DAG(s) 'full_dbt_execute' retrieved from /opt/airflow/dags/full_dbt_execute.py
[2024-06-16T08:15:05.907+0000] {logging_mixin.py:188} INFO - [2024-06-16T08:15:05.906+0000] {dag.py:3096} INFO - Sync 1 DAGs
[2024-06-16T08:15:05.914+0000] {logging_mixin.py:188} INFO - [2024-06-16T08:15:05.914+0000] {dag.py:3954} INFO - Setting next_dagrun for full_dbt_execute to None, run_after=None
[2024-06-16T08:15:05.924+0000] {processor.py:183} INFO - Processing /opt/airflow/dags/full_dbt_execute.py took 0.224 seconds
[2024-06-16T08:15:36.048+0000] {processor.py:161} INFO - Started process (PID=1563) to work on /opt/airflow/dags/full_dbt_execute.py
[2024-06-16T08:15:36.050+0000] {processor.py:830} INFO - Processing file /opt/airflow/dags/full_dbt_execute.py for tasks to queue
[2024-06-16T08:15:36.053+0000] {logging_mixin.py:188} INFO - [2024-06-16T08:15:36.053+0000] {dagbag.py:545} INFO - Filling up the DagBag from /opt/airflow/dags/full_dbt_execute.py
[2024-06-16T08:15:36.079+0000] {processor.py:840} INFO - DAG(s) 'full_dbt_execute' retrieved from /opt/airflow/dags/full_dbt_execute.py
[2024-06-16T08:15:36.192+0000] {logging_mixin.py:188} INFO - [2024-06-16T08:15:36.192+0000] {dag.py:3096} INFO - Sync 1 DAGs
[2024-06-16T08:15:36.199+0000] {logging_mixin.py:188} INFO - [2024-06-16T08:15:36.199+0000] {dag.py:3954} INFO - Setting next_dagrun for full_dbt_execute to None, run_after=None
[2024-06-16T08:15:36.209+0000] {processor.py:183} INFO - Processing /opt/airflow/dags/full_dbt_execute.py took 0.170 seconds
[2024-06-16T08:16:06.360+0000] {processor.py:161} INFO - Started process (PID=1622) to work on /opt/airflow/dags/full_dbt_execute.py
[2024-06-16T08:16:06.363+0000] {processor.py:830} INFO - Processing file /opt/airflow/dags/full_dbt_execute.py for tasks to queue
[2024-06-16T08:16:06.376+0000] {logging_mixin.py:188} INFO - [2024-06-16T08:16:06.375+0000] {dagbag.py:545} INFO - Filling up the DagBag from /opt/airflow/dags/full_dbt_execute.py
[2024-06-16T08:16:06.392+0000] {processor.py:840} INFO - DAG(s) 'full_dbt_execute' retrieved from /opt/airflow/dags/full_dbt_execute.py
[2024-06-16T08:16:06.512+0000] {logging_mixin.py:188} INFO - [2024-06-16T08:16:06.512+0000] {dag.py:3096} INFO - Sync 1 DAGs
[2024-06-16T08:16:06.526+0000] {logging_mixin.py:188} INFO - [2024-06-16T08:16:06.526+0000] {dag.py:3954} INFO - Setting next_dagrun for full_dbt_execute to None, run_after=None
[2024-06-16T08:16:06.541+0000] {processor.py:183} INFO - Processing /opt/airflow/dags/full_dbt_execute.py took 0.211 seconds
[2024-06-16T08:16:36.656+0000] {processor.py:161} INFO - Started process (PID=1682) to work on /opt/airflow/dags/full_dbt_execute.py
[2024-06-16T08:16:36.657+0000] {processor.py:830} INFO - Processing file /opt/airflow/dags/full_dbt_execute.py for tasks to queue
[2024-06-16T08:16:36.658+0000] {logging_mixin.py:188} INFO - [2024-06-16T08:16:36.658+0000] {dagbag.py:545} INFO - Filling up the DagBag from /opt/airflow/dags/full_dbt_execute.py
[2024-06-16T08:16:36.663+0000] {processor.py:840} INFO - DAG(s) 'full_dbt_execute' retrieved from /opt/airflow/dags/full_dbt_execute.py
[2024-06-16T08:16:36.788+0000] {logging_mixin.py:188} INFO - [2024-06-16T08:16:36.788+0000] {dag.py:3096} INFO - Sync 1 DAGs
[2024-06-16T08:16:36.793+0000] {logging_mixin.py:188} INFO - [2024-06-16T08:16:36.793+0000] {dag.py:3954} INFO - Setting next_dagrun for full_dbt_execute to None, run_after=None
[2024-06-16T08:16:36.807+0000] {processor.py:183} INFO - Processing /opt/airflow/dags/full_dbt_execute.py took 0.153 seconds
[2024-06-16T08:17:06.919+0000] {processor.py:161} INFO - Started process (PID=1740) to work on /opt/airflow/dags/full_dbt_execute.py
[2024-06-16T08:17:06.920+0000] {processor.py:830} INFO - Processing file /opt/airflow/dags/full_dbt_execute.py for tasks to queue
[2024-06-16T08:17:06.925+0000] {logging_mixin.py:188} INFO - [2024-06-16T08:17:06.924+0000] {dagbag.py:545} INFO - Filling up the DagBag from /opt/airflow/dags/full_dbt_execute.py
[2024-06-16T08:17:06.938+0000] {processor.py:840} INFO - DAG(s) 'full_dbt_execute' retrieved from /opt/airflow/dags/full_dbt_execute.py
[2024-06-16T08:17:07.060+0000] {logging_mixin.py:188} INFO - [2024-06-16T08:17:07.060+0000] {dag.py:3096} INFO - Sync 1 DAGs
[2024-06-16T08:17:07.067+0000] {logging_mixin.py:188} INFO - [2024-06-16T08:17:07.066+0000] {dag.py:3954} INFO - Setting next_dagrun for full_dbt_execute to None, run_after=None
[2024-06-16T08:17:07.077+0000] {processor.py:183} INFO - Processing /opt/airflow/dags/full_dbt_execute.py took 0.172 seconds
[2024-06-16T08:17:38.061+0000] {processor.py:161} INFO - Started process (PID=1799) to work on /opt/airflow/dags/full_dbt_execute.py
[2024-06-16T08:17:38.063+0000] {processor.py:830} INFO - Processing file /opt/airflow/dags/full_dbt_execute.py for tasks to queue
[2024-06-16T08:17:38.076+0000] {logging_mixin.py:188} INFO - [2024-06-16T08:17:38.075+0000] {dagbag.py:545} INFO - Filling up the DagBag from /opt/airflow/dags/full_dbt_execute.py
[2024-06-16T08:17:38.097+0000] {processor.py:840} INFO - DAG(s) 'full_dbt_execute' retrieved from /opt/airflow/dags/full_dbt_execute.py
[2024-06-16T08:17:38.211+0000] {logging_mixin.py:188} INFO - [2024-06-16T08:17:38.211+0000] {dag.py:3096} INFO - Sync 1 DAGs
[2024-06-16T08:17:38.216+0000] {logging_mixin.py:188} INFO - [2024-06-16T08:17:38.216+0000] {dag.py:3954} INFO - Setting next_dagrun for full_dbt_execute to None, run_after=None
[2024-06-16T08:17:38.226+0000] {processor.py:183} INFO - Processing /opt/airflow/dags/full_dbt_execute.py took 0.177 seconds
[2024-06-16T08:18:08.358+0000] {processor.py:161} INFO - Started process (PID=1858) to work on /opt/airflow/dags/full_dbt_execute.py
[2024-06-16T08:18:08.361+0000] {processor.py:830} INFO - Processing file /opt/airflow/dags/full_dbt_execute.py for tasks to queue
[2024-06-16T08:18:08.369+0000] {logging_mixin.py:188} INFO - [2024-06-16T08:18:08.368+0000] {dagbag.py:545} INFO - Filling up the DagBag from /opt/airflow/dags/full_dbt_execute.py
[2024-06-16T08:18:08.410+0000] {processor.py:840} INFO - DAG(s) 'full_dbt_execute' retrieved from /opt/airflow/dags/full_dbt_execute.py
[2024-06-16T08:18:08.553+0000] {logging_mixin.py:188} INFO - [2024-06-16T08:18:08.553+0000] {dag.py:3096} INFO - Sync 1 DAGs
[2024-06-16T08:18:08.561+0000] {logging_mixin.py:188} INFO - [2024-06-16T08:18:08.561+0000] {dag.py:3954} INFO - Setting next_dagrun for full_dbt_execute to None, run_after=None
[2024-06-16T08:18:08.577+0000] {processor.py:183} INFO - Processing /opt/airflow/dags/full_dbt_execute.py took 0.236 seconds
[2024-06-16T08:18:39.310+0000] {processor.py:161} INFO - Started process (PID=1917) to work on /opt/airflow/dags/full_dbt_execute.py
[2024-06-16T08:18:39.313+0000] {processor.py:830} INFO - Processing file /opt/airflow/dags/full_dbt_execute.py for tasks to queue
[2024-06-16T08:18:39.318+0000] {logging_mixin.py:188} INFO - [2024-06-16T08:18:39.317+0000] {dagbag.py:545} INFO - Filling up the DagBag from /opt/airflow/dags/full_dbt_execute.py
[2024-06-16T08:18:39.334+0000] {processor.py:840} INFO - DAG(s) 'full_dbt_execute' retrieved from /opt/airflow/dags/full_dbt_execute.py
[2024-06-16T08:18:39.466+0000] {logging_mixin.py:188} INFO - [2024-06-16T08:18:39.466+0000] {dag.py:3096} INFO - Sync 1 DAGs
[2024-06-16T08:18:39.473+0000] {logging_mixin.py:188} INFO - [2024-06-16T08:18:39.473+0000] {dag.py:3954} INFO - Setting next_dagrun for full_dbt_execute to None, run_after=None
[2024-06-16T08:18:39.484+0000] {processor.py:183} INFO - Processing /opt/airflow/dags/full_dbt_execute.py took 0.200 seconds
[2024-06-16T08:19:09.646+0000] {processor.py:161} INFO - Started process (PID=1977) to work on /opt/airflow/dags/full_dbt_execute.py
[2024-06-16T08:19:09.647+0000] {processor.py:830} INFO - Processing file /opt/airflow/dags/full_dbt_execute.py for tasks to queue
[2024-06-16T08:19:09.648+0000] {logging_mixin.py:188} INFO - [2024-06-16T08:19:09.648+0000] {dagbag.py:545} INFO - Filling up the DagBag from /opt/airflow/dags/full_dbt_execute.py
[2024-06-16T08:19:09.653+0000] {processor.py:840} INFO - DAG(s) 'full_dbt_execute' retrieved from /opt/airflow/dags/full_dbt_execute.py
[2024-06-16T08:19:09.765+0000] {logging_mixin.py:188} INFO - [2024-06-16T08:19:09.765+0000] {dag.py:3096} INFO - Sync 1 DAGs
[2024-06-16T08:19:09.771+0000] {logging_mixin.py:188} INFO - [2024-06-16T08:19:09.771+0000] {dag.py:3954} INFO - Setting next_dagrun for full_dbt_execute to None, run_after=None
[2024-06-16T08:19:09.786+0000] {processor.py:183} INFO - Processing /opt/airflow/dags/full_dbt_execute.py took 0.144 seconds
[2024-06-16T08:22:03.231+0000] {processor.py:161} INFO - Started process (PID=31) to work on /opt/airflow/dags/full_dbt_execute.py
[2024-06-16T08:22:03.232+0000] {processor.py:830} INFO - Processing file /opt/airflow/dags/full_dbt_execute.py for tasks to queue
[2024-06-16T08:22:03.235+0000] {logging_mixin.py:188} INFO - [2024-06-16T08:22:03.234+0000] {dagbag.py:545} INFO - Filling up the DagBag from /opt/airflow/dags/full_dbt_execute.py
[2024-06-16T08:22:03.254+0000] {processor.py:840} INFO - DAG(s) 'full_dbt_execute' retrieved from /opt/airflow/dags/full_dbt_execute.py
[2024-06-16T08:22:03.470+0000] {logging_mixin.py:188} INFO - [2024-06-16T08:22:03.469+0000] {dag.py:3096} INFO - Sync 1 DAGs
[2024-06-16T08:22:03.484+0000] {logging_mixin.py:188} INFO - [2024-06-16T08:22:03.483+0000] {dag.py:3954} INFO - Setting next_dagrun for full_dbt_execute to None, run_after=None
[2024-06-16T08:22:03.527+0000] {processor.py:183} INFO - Processing /opt/airflow/dags/full_dbt_execute.py took 0.303 seconds
[2024-06-16T08:22:34.152+0000] {processor.py:161} INFO - Started process (PID=91) to work on /opt/airflow/dags/full_dbt_execute.py
[2024-06-16T08:22:34.154+0000] {processor.py:830} INFO - Processing file /opt/airflow/dags/full_dbt_execute.py for tasks to queue
[2024-06-16T08:22:34.156+0000] {logging_mixin.py:188} INFO - [2024-06-16T08:22:34.156+0000] {dagbag.py:545} INFO - Filling up the DagBag from /opt/airflow/dags/full_dbt_execute.py
[2024-06-16T08:22:34.166+0000] {processor.py:840} INFO - DAG(s) 'full_dbt_execute' retrieved from /opt/airflow/dags/full_dbt_execute.py
[2024-06-16T08:22:34.641+0000] {logging_mixin.py:188} INFO - [2024-06-16T08:22:34.641+0000] {dag.py:3096} INFO - Sync 1 DAGs
[2024-06-16T08:22:34.648+0000] {logging_mixin.py:188} INFO - [2024-06-16T08:22:34.648+0000] {dag.py:3954} INFO - Setting next_dagrun for full_dbt_execute to None, run_after=None
[2024-06-16T08:22:34.668+0000] {processor.py:183} INFO - Processing /opt/airflow/dags/full_dbt_execute.py took 0.521 seconds
[2024-06-16T08:23:04.725+0000] {processor.py:161} INFO - Started process (PID=150) to work on /opt/airflow/dags/full_dbt_execute.py
[2024-06-16T08:23:04.727+0000] {processor.py:830} INFO - Processing file /opt/airflow/dags/full_dbt_execute.py for tasks to queue
[2024-06-16T08:23:04.729+0000] {logging_mixin.py:188} INFO - [2024-06-16T08:23:04.729+0000] {dagbag.py:545} INFO - Filling up the DagBag from /opt/airflow/dags/full_dbt_execute.py
[2024-06-16T08:23:04.739+0000] {processor.py:840} INFO - DAG(s) 'full_dbt_execute' retrieved from /opt/airflow/dags/full_dbt_execute.py
[2024-06-16T08:23:05.041+0000] {logging_mixin.py:188} INFO - [2024-06-16T08:23:05.041+0000] {dag.py:3096} INFO - Sync 1 DAGs
[2024-06-16T08:23:05.047+0000] {logging_mixin.py:188} INFO - [2024-06-16T08:23:05.046+0000] {dag.py:3954} INFO - Setting next_dagrun for full_dbt_execute to None, run_after=None
[2024-06-16T08:23:05.058+0000] {processor.py:183} INFO - Processing /opt/airflow/dags/full_dbt_execute.py took 0.342 seconds
[2024-06-16T08:25:58.290+0000] {processor.py:161} INFO - Started process (PID=30) to work on /opt/airflow/dags/full_dbt_execute.py
[2024-06-16T08:25:58.292+0000] {processor.py:830} INFO - Processing file /opt/airflow/dags/full_dbt_execute.py for tasks to queue
[2024-06-16T08:25:58.295+0000] {logging_mixin.py:188} INFO - [2024-06-16T08:25:58.294+0000] {dagbag.py:545} INFO - Filling up the DagBag from /opt/airflow/dags/full_dbt_execute.py
[2024-06-16T08:25:58.317+0000] {processor.py:840} INFO - DAG(s) 'full_dbt_execute' retrieved from /opt/airflow/dags/full_dbt_execute.py
[2024-06-16T08:25:58.545+0000] {logging_mixin.py:188} INFO - [2024-06-16T08:25:58.545+0000] {dag.py:3096} INFO - Sync 1 DAGs
[2024-06-16T08:25:58.555+0000] {logging_mixin.py:188} INFO - [2024-06-16T08:25:58.555+0000] {dag.py:3954} INFO - Setting next_dagrun for full_dbt_execute to None, run_after=None
[2024-06-16T08:25:58.596+0000] {processor.py:183} INFO - Processing /opt/airflow/dags/full_dbt_execute.py took 0.312 seconds
[2024-06-16T08:26:29.015+0000] {processor.py:161} INFO - Started process (PID=88) to work on /opt/airflow/dags/full_dbt_execute.py
[2024-06-16T08:26:29.021+0000] {processor.py:830} INFO - Processing file /opt/airflow/dags/full_dbt_execute.py for tasks to queue
[2024-06-16T08:26:29.033+0000] {logging_mixin.py:188} INFO - [2024-06-16T08:26:29.032+0000] {dagbag.py:545} INFO - Filling up the DagBag from /opt/airflow/dags/full_dbt_execute.py
[2024-06-16T08:26:29.051+0000] {processor.py:840} INFO - DAG(s) 'full_dbt_execute' retrieved from /opt/airflow/dags/full_dbt_execute.py
[2024-06-16T08:26:29.385+0000] {logging_mixin.py:188} INFO - [2024-06-16T08:26:29.385+0000] {dag.py:3096} INFO - Sync 1 DAGs
[2024-06-16T08:26:29.390+0000] {logging_mixin.py:188} INFO - [2024-06-16T08:26:29.390+0000] {dag.py:3954} INFO - Setting next_dagrun for full_dbt_execute to None, run_after=None
[2024-06-16T08:26:29.399+0000] {processor.py:183} INFO - Processing /opt/airflow/dags/full_dbt_execute.py took 0.396 seconds
[2024-06-16T08:26:59.584+0000] {processor.py:161} INFO - Started process (PID=147) to work on /opt/airflow/dags/full_dbt_execute.py
[2024-06-16T08:26:59.588+0000] {processor.py:830} INFO - Processing file /opt/airflow/dags/full_dbt_execute.py for tasks to queue
[2024-06-16T08:26:59.596+0000] {logging_mixin.py:188} INFO - [2024-06-16T08:26:59.595+0000] {dagbag.py:545} INFO - Filling up the DagBag from /opt/airflow/dags/full_dbt_execute.py
[2024-06-16T08:26:59.613+0000] {processor.py:840} INFO - DAG(s) 'full_dbt_execute' retrieved from /opt/airflow/dags/full_dbt_execute.py
[2024-06-16T08:26:59.725+0000] {logging_mixin.py:188} INFO - [2024-06-16T08:26:59.725+0000] {dag.py:3096} INFO - Sync 1 DAGs
[2024-06-16T08:26:59.862+0000] {logging_mixin.py:188} INFO - [2024-06-16T08:26:59.861+0000] {dag.py:3954} INFO - Setting next_dagrun for full_dbt_execute to None, run_after=None
[2024-06-16T08:26:59.870+0000] {processor.py:183} INFO - Processing /opt/airflow/dags/full_dbt_execute.py took 0.311 seconds
[2024-06-16T08:27:29.998+0000] {processor.py:161} INFO - Started process (PID=206) to work on /opt/airflow/dags/full_dbt_execute.py
[2024-06-16T08:27:30.002+0000] {processor.py:830} INFO - Processing file /opt/airflow/dags/full_dbt_execute.py for tasks to queue
[2024-06-16T08:27:30.009+0000] {logging_mixin.py:188} INFO - [2024-06-16T08:27:30.008+0000] {dagbag.py:545} INFO - Filling up the DagBag from /opt/airflow/dags/full_dbt_execute.py
[2024-06-16T08:27:30.020+0000] {processor.py:840} INFO - DAG(s) 'full_dbt_execute' retrieved from /opt/airflow/dags/full_dbt_execute.py
[2024-06-16T08:27:30.302+0000] {logging_mixin.py:188} INFO - [2024-06-16T08:27:30.301+0000] {dag.py:3096} INFO - Sync 1 DAGs
[2024-06-16T08:27:30.307+0000] {logging_mixin.py:188} INFO - [2024-06-16T08:27:30.307+0000] {dag.py:3954} INFO - Setting next_dagrun for full_dbt_execute to None, run_after=None
[2024-06-16T08:27:30.317+0000] {processor.py:183} INFO - Processing /opt/airflow/dags/full_dbt_execute.py took 0.347 seconds
[2024-06-16T08:28:00.902+0000] {processor.py:161} INFO - Started process (PID=265) to work on /opt/airflow/dags/full_dbt_execute.py
[2024-06-16T08:28:00.905+0000] {processor.py:830} INFO - Processing file /opt/airflow/dags/full_dbt_execute.py for tasks to queue
[2024-06-16T08:28:00.909+0000] {logging_mixin.py:188} INFO - [2024-06-16T08:28:00.908+0000] {dagbag.py:545} INFO - Filling up the DagBag from /opt/airflow/dags/full_dbt_execute.py
[2024-06-16T08:28:00.935+0000] {processor.py:840} INFO - DAG(s) 'full_dbt_execute' retrieved from /opt/airflow/dags/full_dbt_execute.py
[2024-06-16T08:28:01.075+0000] {logging_mixin.py:188} INFO - [2024-06-16T08:28:01.075+0000] {dag.py:3096} INFO - Sync 1 DAGs
[2024-06-16T08:28:01.083+0000] {logging_mixin.py:188} INFO - [2024-06-16T08:28:01.083+0000] {dag.py:3954} INFO - Setting next_dagrun for full_dbt_execute to None, run_after=None
[2024-06-16T08:28:01.093+0000] {processor.py:183} INFO - Processing /opt/airflow/dags/full_dbt_execute.py took 0.214 seconds
[2024-06-16T08:28:31.558+0000] {processor.py:161} INFO - Started process (PID=324) to work on /opt/airflow/dags/full_dbt_execute.py
[2024-06-16T08:28:31.561+0000] {processor.py:830} INFO - Processing file /opt/airflow/dags/full_dbt_execute.py for tasks to queue
[2024-06-16T08:28:31.573+0000] {logging_mixin.py:188} INFO - [2024-06-16T08:28:31.570+0000] {dagbag.py:545} INFO - Filling up the DagBag from /opt/airflow/dags/full_dbt_execute.py
[2024-06-16T08:28:31.587+0000] {processor.py:840} INFO - DAG(s) 'full_dbt_execute' retrieved from /opt/airflow/dags/full_dbt_execute.py
[2024-06-16T08:28:31.742+0000] {logging_mixin.py:188} INFO - [2024-06-16T08:28:31.742+0000] {dag.py:3096} INFO - Sync 1 DAGs
[2024-06-16T08:28:31.749+0000] {logging_mixin.py:188} INFO - [2024-06-16T08:28:31.748+0000] {dag.py:3954} INFO - Setting next_dagrun for full_dbt_execute to None, run_after=None
[2024-06-16T08:28:31.758+0000] {processor.py:183} INFO - Processing /opt/airflow/dags/full_dbt_execute.py took 0.218 seconds
[2024-06-16T08:29:01.940+0000] {processor.py:161} INFO - Started process (PID=383) to work on /opt/airflow/dags/full_dbt_execute.py
[2024-06-16T08:29:01.941+0000] {processor.py:830} INFO - Processing file /opt/airflow/dags/full_dbt_execute.py for tasks to queue
[2024-06-16T08:29:01.945+0000] {logging_mixin.py:188} INFO - [2024-06-16T08:29:01.944+0000] {dagbag.py:545} INFO - Filling up the DagBag from /opt/airflow/dags/full_dbt_execute.py
[2024-06-16T08:29:01.955+0000] {processor.py:840} INFO - DAG(s) 'full_dbt_execute' retrieved from /opt/airflow/dags/full_dbt_execute.py
[2024-06-16T08:29:02.047+0000] {logging_mixin.py:188} INFO - [2024-06-16T08:29:02.047+0000] {dag.py:3096} INFO - Sync 1 DAGs
[2024-06-16T08:29:02.053+0000] {logging_mixin.py:188} INFO - [2024-06-16T08:29:02.053+0000] {dag.py:3954} INFO - Setting next_dagrun for full_dbt_execute to None, run_after=None
[2024-06-16T08:29:02.062+0000] {processor.py:183} INFO - Processing /opt/airflow/dags/full_dbt_execute.py took 0.133 seconds
[2024-06-16T08:32:53.175+0000] {processor.py:161} INFO - Started process (PID=31) to work on /opt/airflow/dags/full_dbt_execute.py
[2024-06-16T08:32:53.177+0000] {processor.py:830} INFO - Processing file /opt/airflow/dags/full_dbt_execute.py for tasks to queue
[2024-06-16T08:32:53.181+0000] {logging_mixin.py:188} INFO - [2024-06-16T08:32:53.180+0000] {dagbag.py:545} INFO - Filling up the DagBag from /opt/airflow/dags/full_dbt_execute.py
[2024-06-16T08:32:53.201+0000] {processor.py:840} INFO - DAG(s) 'full_dbt_execute' retrieved from /opt/airflow/dags/full_dbt_execute.py
[2024-06-16T08:32:53.443+0000] {logging_mixin.py:188} INFO - [2024-06-16T08:32:53.443+0000] {dag.py:3096} INFO - Sync 1 DAGs
[2024-06-16T08:32:53.451+0000] {logging_mixin.py:188} INFO - [2024-06-16T08:32:53.451+0000] {dag.py:3954} INFO - Setting next_dagrun for full_dbt_execute to None, run_after=None
[2024-06-16T08:32:53.474+0000] {processor.py:183} INFO - Processing /opt/airflow/dags/full_dbt_execute.py took 0.315 seconds
[2024-06-16T08:33:23.818+0000] {processor.py:161} INFO - Started process (PID=89) to work on /opt/airflow/dags/full_dbt_execute.py
[2024-06-16T08:33:23.822+0000] {processor.py:830} INFO - Processing file /opt/airflow/dags/full_dbt_execute.py for tasks to queue
[2024-06-16T08:33:23.827+0000] {logging_mixin.py:188} INFO - [2024-06-16T08:33:23.826+0000] {dagbag.py:545} INFO - Filling up the DagBag from /opt/airflow/dags/full_dbt_execute.py
[2024-06-16T08:33:23.851+0000] {processor.py:840} INFO - DAG(s) 'full_dbt_execute' retrieved from /opt/airflow/dags/full_dbt_execute.py
[2024-06-16T08:33:24.242+0000] {logging_mixin.py:188} INFO - [2024-06-16T08:33:24.242+0000] {dag.py:3096} INFO - Sync 1 DAGs
[2024-06-16T08:33:24.248+0000] {logging_mixin.py:188} INFO - [2024-06-16T08:33:24.248+0000] {dag.py:3954} INFO - Setting next_dagrun for full_dbt_execute to None, run_after=None
[2024-06-16T08:33:24.261+0000] {processor.py:183} INFO - Processing /opt/airflow/dags/full_dbt_execute.py took 0.460 seconds
[2024-06-16T08:33:54.844+0000] {processor.py:161} INFO - Started process (PID=148) to work on /opt/airflow/dags/full_dbt_execute.py
[2024-06-16T08:33:54.860+0000] {processor.py:830} INFO - Processing file /opt/airflow/dags/full_dbt_execute.py for tasks to queue
[2024-06-16T08:33:54.869+0000] {logging_mixin.py:188} INFO - [2024-06-16T08:33:54.869+0000] {dagbag.py:545} INFO - Filling up the DagBag from /opt/airflow/dags/full_dbt_execute.py
[2024-06-16T08:33:54.882+0000] {processor.py:840} INFO - DAG(s) 'full_dbt_execute' retrieved from /opt/airflow/dags/full_dbt_execute.py
[2024-06-16T08:33:55.182+0000] {logging_mixin.py:188} INFO - [2024-06-16T08:33:55.182+0000] {dag.py:3096} INFO - Sync 1 DAGs
[2024-06-16T08:33:55.186+0000] {logging_mixin.py:188} INFO - [2024-06-16T08:33:55.186+0000] {dag.py:3954} INFO - Setting next_dagrun for full_dbt_execute to None, run_after=None
[2024-06-16T08:33:55.194+0000] {processor.py:183} INFO - Processing /opt/airflow/dags/full_dbt_execute.py took 0.373 seconds
[2024-06-16T08:34:25.464+0000] {processor.py:161} INFO - Started process (PID=207) to work on /opt/airflow/dags/full_dbt_execute.py
[2024-06-16T08:34:25.466+0000] {processor.py:830} INFO - Processing file /opt/airflow/dags/full_dbt_execute.py for tasks to queue
[2024-06-16T08:34:25.471+0000] {logging_mixin.py:188} INFO - [2024-06-16T08:34:25.471+0000] {dagbag.py:545} INFO - Filling up the DagBag from /opt/airflow/dags/full_dbt_execute.py
[2024-06-16T08:34:25.484+0000] {processor.py:840} INFO - DAG(s) 'full_dbt_execute' retrieved from /opt/airflow/dags/full_dbt_execute.py
[2024-06-16T08:34:25.799+0000] {logging_mixin.py:188} INFO - [2024-06-16T08:34:25.799+0000] {dag.py:3096} INFO - Sync 1 DAGs
[2024-06-16T08:34:25.805+0000] {logging_mixin.py:188} INFO - [2024-06-16T08:34:25.804+0000] {dag.py:3954} INFO - Setting next_dagrun for full_dbt_execute to None, run_after=None
[2024-06-16T08:34:25.816+0000] {processor.py:183} INFO - Processing /opt/airflow/dags/full_dbt_execute.py took 0.395 seconds
[2024-06-16T08:34:33.492+0000] {processor.py:161} INFO - Started process (PID=260) to work on /opt/airflow/dags/full_dbt_execute.py
[2024-06-16T08:34:33.496+0000] {processor.py:830} INFO - Processing file /opt/airflow/dags/full_dbt_execute.py for tasks to queue
[2024-06-16T08:34:33.500+0000] {logging_mixin.py:188} INFO - [2024-06-16T08:34:33.500+0000] {dagbag.py:545} INFO - Filling up the DagBag from /opt/airflow/dags/full_dbt_execute.py
[2024-06-16T08:34:33.515+0000] {processor.py:840} INFO - DAG(s) 'full_dbt_execute' retrieved from /opt/airflow/dags/full_dbt_execute.py
[2024-06-16T08:34:33.546+0000] {logging_mixin.py:188} INFO - [2024-06-16T08:34:33.545+0000] {dag.py:3096} INFO - Sync 1 DAGs
[2024-06-16T08:34:33.561+0000] {logging_mixin.py:188} INFO - [2024-06-16T08:34:33.561+0000] {dag.py:3954} INFO - Setting next_dagrun for full_dbt_execute to None, run_after=None
[2024-06-16T08:34:33.575+0000] {processor.py:183} INFO - Processing /opt/airflow/dags/full_dbt_execute.py took 0.117 seconds
[2024-06-16T08:34:41.689+0000] {processor.py:161} INFO - Started process (PID=261) to work on /opt/airflow/dags/full_dbt_execute.py
[2024-06-16T08:34:41.691+0000] {processor.py:830} INFO - Processing file /opt/airflow/dags/full_dbt_execute.py for tasks to queue
[2024-06-16T08:34:41.696+0000] {logging_mixin.py:188} INFO - [2024-06-16T08:34:41.695+0000] {dagbag.py:545} INFO - Filling up the DagBag from /opt/airflow/dags/full_dbt_execute.py
[2024-06-16T08:34:41.708+0000] {processor.py:840} INFO - DAG(s) 'full_dbt_execute' retrieved from /opt/airflow/dags/full_dbt_execute.py
[2024-06-16T08:34:41.744+0000] {logging_mixin.py:188} INFO - [2024-06-16T08:34:41.744+0000] {dag.py:3096} INFO - Sync 1 DAGs
[2024-06-16T08:34:41.757+0000] {logging_mixin.py:188} INFO - [2024-06-16T08:34:41.757+0000] {dag.py:3954} INFO - Setting next_dagrun for full_dbt_execute to None, run_after=None
[2024-06-16T08:34:41.773+0000] {processor.py:183} INFO - Processing /opt/airflow/dags/full_dbt_execute.py took 0.102 seconds
[2024-06-16T08:35:22.210+0000] {processor.py:161} INFO - Started process (PID=31) to work on /opt/airflow/dags/full_dbt_execute.py
[2024-06-16T08:35:22.212+0000] {processor.py:830} INFO - Processing file /opt/airflow/dags/full_dbt_execute.py for tasks to queue
[2024-06-16T08:35:22.215+0000] {logging_mixin.py:188} INFO - [2024-06-16T08:35:22.215+0000] {dagbag.py:545} INFO - Filling up the DagBag from /opt/airflow/dags/full_dbt_execute.py
[2024-06-16T08:35:22.232+0000] {processor.py:840} INFO - DAG(s) 'full_dbt_execute' retrieved from /opt/airflow/dags/full_dbt_execute.py
[2024-06-16T08:35:22.476+0000] {logging_mixin.py:188} INFO - [2024-06-16T08:35:22.476+0000] {dag.py:3096} INFO - Sync 1 DAGs
[2024-06-16T08:35:22.483+0000] {logging_mixin.py:188} INFO - [2024-06-16T08:35:22.482+0000] {dag.py:3954} INFO - Setting next_dagrun for full_dbt_execute to None, run_after=None
[2024-06-16T08:35:22.496+0000] {processor.py:183} INFO - Processing /opt/airflow/dags/full_dbt_execute.py took 0.292 seconds
[2024-06-16T08:35:52.602+0000] {processor.py:161} INFO - Started process (PID=89) to work on /opt/airflow/dags/full_dbt_execute.py
[2024-06-16T08:35:52.606+0000] {processor.py:830} INFO - Processing file /opt/airflow/dags/full_dbt_execute.py for tasks to queue
[2024-06-16T08:35:52.614+0000] {logging_mixin.py:188} INFO - [2024-06-16T08:35:52.613+0000] {dagbag.py:545} INFO - Filling up the DagBag from /opt/airflow/dags/full_dbt_execute.py
[2024-06-16T08:35:52.631+0000] {processor.py:840} INFO - DAG(s) 'full_dbt_execute' retrieved from /opt/airflow/dags/full_dbt_execute.py
[2024-06-16T08:35:52.978+0000] {logging_mixin.py:188} INFO - [2024-06-16T08:35:52.978+0000] {dag.py:3096} INFO - Sync 1 DAGs
[2024-06-16T08:35:52.985+0000] {logging_mixin.py:188} INFO - [2024-06-16T08:35:52.985+0000] {dag.py:3954} INFO - Setting next_dagrun for full_dbt_execute to None, run_after=None
[2024-06-16T08:35:52.996+0000] {processor.py:183} INFO - Processing /opt/airflow/dags/full_dbt_execute.py took 0.427 seconds
[2024-06-16T08:36:23.433+0000] {processor.py:161} INFO - Started process (PID=148) to work on /opt/airflow/dags/full_dbt_execute.py
[2024-06-16T08:36:23.435+0000] {processor.py:830} INFO - Processing file /opt/airflow/dags/full_dbt_execute.py for tasks to queue
[2024-06-16T08:36:23.440+0000] {logging_mixin.py:188} INFO - [2024-06-16T08:36:23.439+0000] {dagbag.py:545} INFO - Filling up the DagBag from /opt/airflow/dags/full_dbt_execute.py
[2024-06-16T08:36:23.451+0000] {processor.py:840} INFO - DAG(s) 'full_dbt_execute' retrieved from /opt/airflow/dags/full_dbt_execute.py
[2024-06-16T08:36:23.588+0000] {logging_mixin.py:188} INFO - [2024-06-16T08:36:23.588+0000] {dag.py:3096} INFO - Sync 1 DAGs
[2024-06-16T08:36:23.776+0000] {logging_mixin.py:188} INFO - [2024-06-16T08:36:23.776+0000] {dag.py:3954} INFO - Setting next_dagrun for full_dbt_execute to None, run_after=None
[2024-06-16T08:36:23.785+0000] {processor.py:183} INFO - Processing /opt/airflow/dags/full_dbt_execute.py took 0.393 seconds
[2024-06-16T08:36:54.151+0000] {processor.py:161} INFO - Started process (PID=207) to work on /opt/airflow/dags/full_dbt_execute.py
[2024-06-16T08:36:54.154+0000] {processor.py:830} INFO - Processing file /opt/airflow/dags/full_dbt_execute.py for tasks to queue
[2024-06-16T08:36:54.162+0000] {logging_mixin.py:188} INFO - [2024-06-16T08:36:54.161+0000] {dagbag.py:545} INFO - Filling up the DagBag from /opt/airflow/dags/full_dbt_execute.py
[2024-06-16T08:36:54.170+0000] {processor.py:840} INFO - DAG(s) 'full_dbt_execute' retrieved from /opt/airflow/dags/full_dbt_execute.py
[2024-06-16T08:36:54.541+0000] {logging_mixin.py:188} INFO - [2024-06-16T08:36:54.540+0000] {dag.py:3096} INFO - Sync 1 DAGs
[2024-06-16T08:36:54.553+0000] {logging_mixin.py:188} INFO - [2024-06-16T08:36:54.553+0000] {dag.py:3954} INFO - Setting next_dagrun for full_dbt_execute to None, run_after=None
[2024-06-16T08:36:54.569+0000] {processor.py:183} INFO - Processing /opt/airflow/dags/full_dbt_execute.py took 0.432 seconds
[2024-06-16T08:37:24.793+0000] {processor.py:161} INFO - Started process (PID=266) to work on /opt/airflow/dags/full_dbt_execute.py
[2024-06-16T08:37:24.796+0000] {processor.py:830} INFO - Processing file /opt/airflow/dags/full_dbt_execute.py for tasks to queue
[2024-06-16T08:37:24.801+0000] {logging_mixin.py:188} INFO - [2024-06-16T08:37:24.800+0000] {dagbag.py:545} INFO - Filling up the DagBag from /opt/airflow/dags/full_dbt_execute.py
[2024-06-16T08:37:24.813+0000] {processor.py:840} INFO - DAG(s) 'full_dbt_execute' retrieved from /opt/airflow/dags/full_dbt_execute.py
[2024-06-16T08:37:24.981+0000] {logging_mixin.py:188} INFO - [2024-06-16T08:37:24.980+0000] {dag.py:3096} INFO - Sync 1 DAGs
[2024-06-16T08:37:24.995+0000] {logging_mixin.py:188} INFO - [2024-06-16T08:37:24.995+0000] {dag.py:3954} INFO - Setting next_dagrun for full_dbt_execute to None, run_after=None
[2024-06-16T08:37:25.015+0000] {processor.py:183} INFO - Processing /opt/airflow/dags/full_dbt_execute.py took 0.237 seconds
[2024-06-16T09:01:38.388+0000] {processor.py:161} INFO - Started process (PID=31) to work on /opt/airflow/dags/full_dbt_execute.py
[2024-06-16T09:01:38.390+0000] {processor.py:830} INFO - Processing file /opt/airflow/dags/full_dbt_execute.py for tasks to queue
[2024-06-16T09:01:38.394+0000] {logging_mixin.py:188} INFO - [2024-06-16T09:01:38.394+0000] {dagbag.py:545} INFO - Filling up the DagBag from /opt/airflow/dags/full_dbt_execute.py
[2024-06-16T09:01:38.413+0000] {processor.py:840} INFO - DAG(s) 'full_dbt_execute' retrieved from /opt/airflow/dags/full_dbt_execute.py
[2024-06-16T09:01:38.670+0000] {logging_mixin.py:188} INFO - [2024-06-16T09:01:38.669+0000] {dag.py:3096} INFO - Sync 1 DAGs
[2024-06-16T09:01:38.680+0000] {logging_mixin.py:188} INFO - [2024-06-16T09:01:38.680+0000] {dag.py:3954} INFO - Setting next_dagrun for full_dbt_execute to None, run_after=None
[2024-06-16T09:01:38.712+0000] {processor.py:183} INFO - Processing /opt/airflow/dags/full_dbt_execute.py took 0.339 seconds
[2024-06-16T09:02:09.233+0000] {processor.py:161} INFO - Started process (PID=89) to work on /opt/airflow/dags/full_dbt_execute.py
[2024-06-16T09:02:09.235+0000] {processor.py:830} INFO - Processing file /opt/airflow/dags/full_dbt_execute.py for tasks to queue
[2024-06-16T09:02:09.241+0000] {logging_mixin.py:188} INFO - [2024-06-16T09:02:09.240+0000] {dagbag.py:545} INFO - Filling up the DagBag from /opt/airflow/dags/full_dbt_execute.py
[2024-06-16T09:02:09.261+0000] {processor.py:840} INFO - DAG(s) 'full_dbt_execute' retrieved from /opt/airflow/dags/full_dbt_execute.py
[2024-06-16T09:02:10.182+0000] {logging_mixin.py:188} INFO - [2024-06-16T09:02:10.181+0000] {dag.py:3096} INFO - Sync 1 DAGs
[2024-06-16T09:02:10.191+0000] {logging_mixin.py:188} INFO - [2024-06-16T09:02:10.191+0000] {dag.py:3954} INFO - Setting next_dagrun for full_dbt_execute to None, run_after=None
[2024-06-16T09:02:10.212+0000] {processor.py:183} INFO - Processing /opt/airflow/dags/full_dbt_execute.py took 1.004 seconds
[2024-06-16T09:03:24.964+0000] {processor.py:161} INFO - Started process (PID=31) to work on /opt/airflow/dags/full_dbt_execute.py
[2024-06-16T09:03:24.965+0000] {processor.py:830} INFO - Processing file /opt/airflow/dags/full_dbt_execute.py for tasks to queue
[2024-06-16T09:03:24.967+0000] {logging_mixin.py:188} INFO - [2024-06-16T09:03:24.967+0000] {dagbag.py:545} INFO - Filling up the DagBag from /opt/airflow/dags/full_dbt_execute.py
[2024-06-16T09:03:24.993+0000] {processor.py:840} INFO - DAG(s) 'full_dbt_execute' retrieved from /opt/airflow/dags/full_dbt_execute.py
[2024-06-16T09:03:25.221+0000] {logging_mixin.py:188} INFO - [2024-06-16T09:03:25.221+0000] {dag.py:3096} INFO - Sync 1 DAGs
[2024-06-16T09:03:25.235+0000] {logging_mixin.py:188} INFO - [2024-06-16T09:03:25.234+0000] {dag.py:3954} INFO - Setting next_dagrun for full_dbt_execute to None, run_after=None
[2024-06-16T09:03:25.274+0000] {processor.py:183} INFO - Processing /opt/airflow/dags/full_dbt_execute.py took 0.316 seconds
[2024-06-16T09:03:55.708+0000] {processor.py:161} INFO - Started process (PID=90) to work on /opt/airflow/dags/full_dbt_execute.py
[2024-06-16T09:03:55.716+0000] {processor.py:830} INFO - Processing file /opt/airflow/dags/full_dbt_execute.py for tasks to queue
[2024-06-16T09:03:55.727+0000] {logging_mixin.py:188} INFO - [2024-06-16T09:03:55.726+0000] {dagbag.py:545} INFO - Filling up the DagBag from /opt/airflow/dags/full_dbt_execute.py
[2024-06-16T09:03:55.744+0000] {processor.py:840} INFO - DAG(s) 'full_dbt_execute' retrieved from /opt/airflow/dags/full_dbt_execute.py
[2024-06-16T09:03:56.018+0000] {logging_mixin.py:188} INFO - [2024-06-16T09:03:56.018+0000] {dag.py:3096} INFO - Sync 1 DAGs
[2024-06-16T09:03:56.025+0000] {logging_mixin.py:188} INFO - [2024-06-16T09:03:56.025+0000] {dag.py:3954} INFO - Setting next_dagrun for full_dbt_execute to None, run_after=None
[2024-06-16T09:03:56.048+0000] {processor.py:183} INFO - Processing /opt/airflow/dags/full_dbt_execute.py took 0.354 seconds
[2024-06-16T09:04:26.420+0000] {processor.py:161} INFO - Started process (PID=149) to work on /opt/airflow/dags/full_dbt_execute.py
[2024-06-16T09:04:26.422+0000] {processor.py:830} INFO - Processing file /opt/airflow/dags/full_dbt_execute.py for tasks to queue
[2024-06-16T09:04:26.426+0000] {logging_mixin.py:188} INFO - [2024-06-16T09:04:26.425+0000] {dagbag.py:545} INFO - Filling up the DagBag from /opt/airflow/dags/full_dbt_execute.py
[2024-06-16T09:04:26.454+0000] {processor.py:840} INFO - DAG(s) 'full_dbt_execute' retrieved from /opt/airflow/dags/full_dbt_execute.py
[2024-06-16T09:04:26.758+0000] {logging_mixin.py:188} INFO - [2024-06-16T09:04:26.757+0000] {dag.py:3096} INFO - Sync 1 DAGs
[2024-06-16T09:04:26.766+0000] {logging_mixin.py:188} INFO - [2024-06-16T09:04:26.765+0000] {dag.py:3954} INFO - Setting next_dagrun for full_dbt_execute to None, run_after=None
[2024-06-16T09:04:26.776+0000] {processor.py:183} INFO - Processing /opt/airflow/dags/full_dbt_execute.py took 0.370 seconds
[2024-06-16T09:04:57.200+0000] {processor.py:161} INFO - Started process (PID=208) to work on /opt/airflow/dags/full_dbt_execute.py
[2024-06-16T09:04:57.202+0000] {processor.py:830} INFO - Processing file /opt/airflow/dags/full_dbt_execute.py for tasks to queue
[2024-06-16T09:04:57.206+0000] {logging_mixin.py:188} INFO - [2024-06-16T09:04:57.206+0000] {dagbag.py:545} INFO - Filling up the DagBag from /opt/airflow/dags/full_dbt_execute.py
[2024-06-16T09:04:57.217+0000] {processor.py:840} INFO - DAG(s) 'full_dbt_execute' retrieved from /opt/airflow/dags/full_dbt_execute.py
[2024-06-16T09:04:57.512+0000] {logging_mixin.py:188} INFO - [2024-06-16T09:04:57.512+0000] {dag.py:3096} INFO - Sync 1 DAGs
[2024-06-16T09:04:57.518+0000] {logging_mixin.py:188} INFO - [2024-06-16T09:04:57.518+0000] {dag.py:3954} INFO - Setting next_dagrun for full_dbt_execute to None, run_after=None
[2024-06-16T09:04:57.527+0000] {processor.py:183} INFO - Processing /opt/airflow/dags/full_dbt_execute.py took 0.355 seconds
[2024-06-16T09:05:49.723+0000] {processor.py:161} INFO - Started process (PID=31) to work on /opt/airflow/dags/full_dbt_execute.py
[2024-06-16T09:05:49.725+0000] {processor.py:830} INFO - Processing file /opt/airflow/dags/full_dbt_execute.py for tasks to queue
[2024-06-16T09:05:49.727+0000] {logging_mixin.py:188} INFO - [2024-06-16T09:05:49.727+0000] {dagbag.py:545} INFO - Filling up the DagBag from /opt/airflow/dags/full_dbt_execute.py
[2024-06-16T09:05:49.740+0000] {processor.py:840} INFO - DAG(s) 'full_dbt_execute' retrieved from /opt/airflow/dags/full_dbt_execute.py
[2024-06-16T09:05:49.985+0000] {logging_mixin.py:188} INFO - [2024-06-16T09:05:49.985+0000] {dag.py:3096} INFO - Sync 1 DAGs
[2024-06-16T09:05:49.994+0000] {logging_mixin.py:188} INFO - [2024-06-16T09:05:49.994+0000] {dag.py:3954} INFO - Setting next_dagrun for full_dbt_execute to None, run_after=None
[2024-06-16T09:05:50.029+0000] {processor.py:183} INFO - Processing /opt/airflow/dags/full_dbt_execute.py took 0.312 seconds
[2024-06-16T09:06:20.177+0000] {processor.py:161} INFO - Started process (PID=90) to work on /opt/airflow/dags/full_dbt_execute.py
[2024-06-16T09:06:20.180+0000] {processor.py:830} INFO - Processing file /opt/airflow/dags/full_dbt_execute.py for tasks to queue
[2024-06-16T09:06:20.188+0000] {logging_mixin.py:188} INFO - [2024-06-16T09:06:20.187+0000] {dagbag.py:545} INFO - Filling up the DagBag from /opt/airflow/dags/full_dbt_execute.py
[2024-06-16T09:06:20.209+0000] {processor.py:840} INFO - DAG(s) 'full_dbt_execute' retrieved from /opt/airflow/dags/full_dbt_execute.py
[2024-06-16T09:06:20.686+0000] {logging_mixin.py:188} INFO - [2024-06-16T09:06:20.686+0000] {dag.py:3096} INFO - Sync 1 DAGs
[2024-06-16T09:06:20.694+0000] {logging_mixin.py:188} INFO - [2024-06-16T09:06:20.694+0000] {dag.py:3954} INFO - Setting next_dagrun for full_dbt_execute to None, run_after=None
[2024-06-16T09:06:20.705+0000] {processor.py:183} INFO - Processing /opt/airflow/dags/full_dbt_execute.py took 0.560 seconds
[2024-06-16T09:06:50.926+0000] {processor.py:161} INFO - Started process (PID=148) to work on /opt/airflow/dags/full_dbt_execute.py
[2024-06-16T09:06:50.927+0000] {processor.py:830} INFO - Processing file /opt/airflow/dags/full_dbt_execute.py for tasks to queue
[2024-06-16T09:06:50.933+0000] {logging_mixin.py:188} INFO - [2024-06-16T09:06:50.932+0000] {dagbag.py:545} INFO - Filling up the DagBag from /opt/airflow/dags/full_dbt_execute.py
[2024-06-16T09:06:50.951+0000] {processor.py:840} INFO - DAG(s) 'full_dbt_execute' retrieved from /opt/airflow/dags/full_dbt_execute.py
[2024-06-16T09:06:51.105+0000] {logging_mixin.py:188} INFO - [2024-06-16T09:06:51.104+0000] {dag.py:3096} INFO - Sync 1 DAGs
[2024-06-16T09:06:51.286+0000] {logging_mixin.py:188} INFO - [2024-06-16T09:06:51.286+0000] {dag.py:3954} INFO - Setting next_dagrun for full_dbt_execute to None, run_after=None
[2024-06-16T09:06:51.294+0000] {processor.py:183} INFO - Processing /opt/airflow/dags/full_dbt_execute.py took 0.384 seconds
[2024-06-16T09:07:21.644+0000] {processor.py:161} INFO - Started process (PID=206) to work on /opt/airflow/dags/full_dbt_execute.py
[2024-06-16T09:07:21.646+0000] {processor.py:830} INFO - Processing file /opt/airflow/dags/full_dbt_execute.py for tasks to queue
[2024-06-16T09:07:21.658+0000] {logging_mixin.py:188} INFO - [2024-06-16T09:07:21.655+0000] {dagbag.py:545} INFO - Filling up the DagBag from /opt/airflow/dags/full_dbt_execute.py
[2024-06-16T09:07:21.678+0000] {processor.py:840} INFO - DAG(s) 'full_dbt_execute' retrieved from /opt/airflow/dags/full_dbt_execute.py
[2024-06-16T09:07:21.965+0000] {logging_mixin.py:188} INFO - [2024-06-16T09:07:21.965+0000] {dag.py:3096} INFO - Sync 1 DAGs
[2024-06-16T09:07:21.972+0000] {logging_mixin.py:188} INFO - [2024-06-16T09:07:21.972+0000] {dag.py:3954} INFO - Setting next_dagrun for full_dbt_execute to None, run_after=None
[2024-06-16T09:07:21.981+0000] {processor.py:183} INFO - Processing /opt/airflow/dags/full_dbt_execute.py took 0.346 seconds
[2024-06-16T09:07:52.735+0000] {processor.py:161} INFO - Started process (PID=265) to work on /opt/airflow/dags/full_dbt_execute.py
[2024-06-16T09:07:52.741+0000] {processor.py:830} INFO - Processing file /opt/airflow/dags/full_dbt_execute.py for tasks to queue
[2024-06-16T09:07:52.763+0000] {logging_mixin.py:188} INFO - [2024-06-16T09:07:52.762+0000] {dagbag.py:545} INFO - Filling up the DagBag from /opt/airflow/dags/full_dbt_execute.py
[2024-06-16T09:07:52.776+0000] {processor.py:840} INFO - DAG(s) 'full_dbt_execute' retrieved from /opt/airflow/dags/full_dbt_execute.py
[2024-06-16T09:07:52.894+0000] {logging_mixin.py:188} INFO - [2024-06-16T09:07:52.894+0000] {dag.py:3096} INFO - Sync 1 DAGs
[2024-06-16T09:07:52.900+0000] {logging_mixin.py:188} INFO - [2024-06-16T09:07:52.899+0000] {dag.py:3954} INFO - Setting next_dagrun for full_dbt_execute to None, run_after=None
[2024-06-16T09:07:52.918+0000] {processor.py:183} INFO - Processing /opt/airflow/dags/full_dbt_execute.py took 0.197 seconds
[2024-06-16T09:08:23.041+0000] {processor.py:161} INFO - Started process (PID=325) to work on /opt/airflow/dags/full_dbt_execute.py
[2024-06-16T09:08:23.042+0000] {processor.py:830} INFO - Processing file /opt/airflow/dags/full_dbt_execute.py for tasks to queue
[2024-06-16T09:08:23.043+0000] {logging_mixin.py:188} INFO - [2024-06-16T09:08:23.043+0000] {dagbag.py:545} INFO - Filling up the DagBag from /opt/airflow/dags/full_dbt_execute.py
[2024-06-16T09:08:23.047+0000] {processor.py:840} INFO - DAG(s) 'full_dbt_execute' retrieved from /opt/airflow/dags/full_dbt_execute.py
[2024-06-16T09:08:23.146+0000] {logging_mixin.py:188} INFO - [2024-06-16T09:08:23.146+0000] {dag.py:3096} INFO - Sync 1 DAGs
[2024-06-16T09:08:23.151+0000] {logging_mixin.py:188} INFO - [2024-06-16T09:08:23.151+0000] {dag.py:3954} INFO - Setting next_dagrun for full_dbt_execute to None, run_after=None
[2024-06-16T09:08:23.159+0000] {processor.py:183} INFO - Processing /opt/airflow/dags/full_dbt_execute.py took 0.122 seconds
