[2023-10-15T14:23:36.724+0000] {processor.py:157} INFO - Started process (PID=57) to work on /home/airflow/.local/lib/python3.8/site-packages/airflow/example_dags/example_branch_labels.py
[2023-10-15T14:23:36.725+0000] {processor.py:829} INFO - Processing file /home/airflow/.local/lib/python3.8/site-packages/airflow/example_dags/example_branch_labels.py for tasks to queue
[2023-10-15T14:23:36.728+0000] {logging_mixin.py:151} INFO - [2023-10-15T14:23:36.728+0000] {dagbag.py:539} INFO - Filling up the DagBag from /home/airflow/.local/lib/python3.8/site-packages/airflow/example_dags/example_branch_labels.py
[2023-10-15T14:23:36.737+0000] {processor.py:839} INFO - DAG(s) dict_keys(['example_branch_labels']) retrieved from /home/airflow/.local/lib/python3.8/site-packages/airflow/example_dags/example_branch_labels.py
[2023-10-15T14:23:36.765+0000] {logging_mixin.py:151} INFO - [2023-10-15T14:23:36.765+0000] {dag.py:2915} INFO - Sync 1 DAGs
[2023-10-15T14:23:36.782+0000] {logging_mixin.py:151} INFO - [2023-10-15T14:23:36.782+0000] {dag.py:3696} INFO - Setting next_dagrun for example_branch_labels to 2023-10-14T00:00:00+00:00, run_after=2023-10-15T00:00:00+00:00
[2023-10-15T14:23:36.810+0000] {processor.py:179} INFO - Processing /home/airflow/.local/lib/python3.8/site-packages/airflow/example_dags/example_branch_labels.py took 0.090 seconds
[2023-10-15T14:24:06.846+0000] {processor.py:157} INFO - Started process (PID=111) to work on /home/airflow/.local/lib/python3.8/site-packages/airflow/example_dags/example_branch_labels.py
[2023-10-15T14:24:06.847+0000] {processor.py:829} INFO - Processing file /home/airflow/.local/lib/python3.8/site-packages/airflow/example_dags/example_branch_labels.py for tasks to queue
[2023-10-15T14:24:06.849+0000] {logging_mixin.py:151} INFO - [2023-10-15T14:24:06.849+0000] {dagbag.py:539} INFO - Filling up the DagBag from /home/airflow/.local/lib/python3.8/site-packages/airflow/example_dags/example_branch_labels.py
[2023-10-15T14:24:06.855+0000] {processor.py:839} INFO - DAG(s) dict_keys(['example_branch_labels']) retrieved from /home/airflow/.local/lib/python3.8/site-packages/airflow/example_dags/example_branch_labels.py
[2023-10-15T14:24:06.870+0000] {logging_mixin.py:151} INFO - [2023-10-15T14:24:06.870+0000] {dag.py:2915} INFO - Sync 1 DAGs
[2023-10-15T14:24:06.885+0000] {logging_mixin.py:151} INFO - [2023-10-15T14:24:06.885+0000] {dag.py:3696} INFO - Setting next_dagrun for example_branch_labels to 2023-10-14T00:00:00+00:00, run_after=2023-10-15T00:00:00+00:00
[2023-10-15T14:24:06.896+0000] {processor.py:179} INFO - Processing /home/airflow/.local/lib/python3.8/site-packages/airflow/example_dags/example_branch_labels.py took 0.052 seconds
[2023-10-15T14:24:37.060+0000] {processor.py:157} INFO - Started process (PID=165) to work on /home/airflow/.local/lib/python3.8/site-packages/airflow/example_dags/example_branch_labels.py
[2023-10-15T14:24:37.061+0000] {processor.py:829} INFO - Processing file /home/airflow/.local/lib/python3.8/site-packages/airflow/example_dags/example_branch_labels.py for tasks to queue
[2023-10-15T14:24:37.063+0000] {logging_mixin.py:151} INFO - [2023-10-15T14:24:37.062+0000] {dagbag.py:539} INFO - Filling up the DagBag from /home/airflow/.local/lib/python3.8/site-packages/airflow/example_dags/example_branch_labels.py
[2023-10-15T14:24:37.068+0000] {processor.py:839} INFO - DAG(s) dict_keys(['example_branch_labels']) retrieved from /home/airflow/.local/lib/python3.8/site-packages/airflow/example_dags/example_branch_labels.py
[2023-10-15T14:24:37.081+0000] {logging_mixin.py:151} INFO - [2023-10-15T14:24:37.080+0000] {dag.py:2915} INFO - Sync 1 DAGs
[2023-10-15T14:24:37.093+0000] {logging_mixin.py:151} INFO - [2023-10-15T14:24:37.093+0000] {dag.py:3696} INFO - Setting next_dagrun for example_branch_labels to 2023-10-14T00:00:00+00:00, run_after=2023-10-15T00:00:00+00:00
[2023-10-15T14:24:37.102+0000] {processor.py:179} INFO - Processing /home/airflow/.local/lib/python3.8/site-packages/airflow/example_dags/example_branch_labels.py took 0.044 seconds
[2023-10-15T14:25:07.522+0000] {processor.py:157} INFO - Started process (PID=219) to work on /home/airflow/.local/lib/python3.8/site-packages/airflow/example_dags/example_branch_labels.py
[2023-10-15T14:25:07.523+0000] {processor.py:829} INFO - Processing file /home/airflow/.local/lib/python3.8/site-packages/airflow/example_dags/example_branch_labels.py for tasks to queue
[2023-10-15T14:25:07.525+0000] {logging_mixin.py:151} INFO - [2023-10-15T14:25:07.525+0000] {dagbag.py:539} INFO - Filling up the DagBag from /home/airflow/.local/lib/python3.8/site-packages/airflow/example_dags/example_branch_labels.py
[2023-10-15T14:25:07.530+0000] {processor.py:839} INFO - DAG(s) dict_keys(['example_branch_labels']) retrieved from /home/airflow/.local/lib/python3.8/site-packages/airflow/example_dags/example_branch_labels.py
[2023-10-15T14:25:07.543+0000] {logging_mixin.py:151} INFO - [2023-10-15T14:25:07.543+0000] {dag.py:2915} INFO - Sync 1 DAGs
[2023-10-15T14:25:07.554+0000] {logging_mixin.py:151} INFO - [2023-10-15T14:25:07.554+0000] {dag.py:3696} INFO - Setting next_dagrun for example_branch_labels to 2023-10-14T00:00:00+00:00, run_after=2023-10-15T00:00:00+00:00
[2023-10-15T14:25:07.564+0000] {processor.py:179} INFO - Processing /home/airflow/.local/lib/python3.8/site-packages/airflow/example_dags/example_branch_labels.py took 0.044 seconds
[2023-10-15T14:25:38.599+0000] {processor.py:157} INFO - Started process (PID=273) to work on /home/airflow/.local/lib/python3.8/site-packages/airflow/example_dags/example_branch_labels.py
[2023-10-15T14:25:38.600+0000] {processor.py:829} INFO - Processing file /home/airflow/.local/lib/python3.8/site-packages/airflow/example_dags/example_branch_labels.py for tasks to queue
[2023-10-15T14:25:38.602+0000] {logging_mixin.py:151} INFO - [2023-10-15T14:25:38.602+0000] {dagbag.py:539} INFO - Filling up the DagBag from /home/airflow/.local/lib/python3.8/site-packages/airflow/example_dags/example_branch_labels.py
[2023-10-15T14:25:38.607+0000] {processor.py:839} INFO - DAG(s) dict_keys(['example_branch_labels']) retrieved from /home/airflow/.local/lib/python3.8/site-packages/airflow/example_dags/example_branch_labels.py
[2023-10-15T14:25:38.620+0000] {logging_mixin.py:151} INFO - [2023-10-15T14:25:38.620+0000] {dag.py:2915} INFO - Sync 1 DAGs
[2023-10-15T14:25:38.634+0000] {logging_mixin.py:151} INFO - [2023-10-15T14:25:38.634+0000] {dag.py:3696} INFO - Setting next_dagrun for example_branch_labels to 2023-10-14T00:00:00+00:00, run_after=2023-10-15T00:00:00+00:00
[2023-10-15T14:25:38.643+0000] {processor.py:179} INFO - Processing /home/airflow/.local/lib/python3.8/site-packages/airflow/example_dags/example_branch_labels.py took 0.046 seconds
