[2023-10-15T14:23:37.221+0000] {processor.py:157} INFO - Started process (PID=68) to work on /home/airflow/.local/lib/python3.8/site-packages/airflow/example_dags/example_dag_decorator.py
[2023-10-15T14:23:37.223+0000] {processor.py:829} INFO - Processing file /home/airflow/.local/lib/python3.8/site-packages/airflow/example_dags/example_dag_decorator.py for tasks to queue
[2023-10-15T14:23:37.225+0000] {logging_mixin.py:151} INFO - [2023-10-15T14:23:37.225+0000] {dagbag.py:539} INFO - Filling up the DagBag from /home/airflow/.local/lib/python3.8/site-packages/airflow/example_dags/example_dag_decorator.py
[2023-10-15T14:23:37.296+0000] {processor.py:839} INFO - DAG(s) dict_keys(['example_dag_decorator']) retrieved from /home/airflow/.local/lib/python3.8/site-packages/airflow/example_dags/example_dag_decorator.py
[2023-10-15T14:23:37.377+0000] {logging_mixin.py:151} INFO - [2023-10-15T14:23:37.377+0000] {security.py:708} INFO - Not syncing DAG-level permissions for DAG 'DAG:example_dag_decorator' as access control is unset.
[2023-10-15T14:23:37.378+0000] {logging_mixin.py:151} INFO - [2023-10-15T14:23:37.378+0000] {dag.py:2915} INFO - Sync 1 DAGs
[2023-10-15T14:23:37.385+0000] {logging_mixin.py:151} INFO - [2023-10-15T14:23:37.385+0000] {dag.py:3696} INFO - Setting next_dagrun for example_dag_decorator to None, run_after=None
[2023-10-15T14:23:37.400+0000] {processor.py:179} INFO - Processing /home/airflow/.local/lib/python3.8/site-packages/airflow/example_dags/example_dag_decorator.py took 0.182 seconds
[2023-10-15T14:24:08.234+0000] {processor.py:157} INFO - Started process (PID=122) to work on /home/airflow/.local/lib/python3.8/site-packages/airflow/example_dags/example_dag_decorator.py
[2023-10-15T14:24:08.235+0000] {processor.py:829} INFO - Processing file /home/airflow/.local/lib/python3.8/site-packages/airflow/example_dags/example_dag_decorator.py for tasks to queue
[2023-10-15T14:24:08.237+0000] {logging_mixin.py:151} INFO - [2023-10-15T14:24:08.237+0000] {dagbag.py:539} INFO - Filling up the DagBag from /home/airflow/.local/lib/python3.8/site-packages/airflow/example_dags/example_dag_decorator.py
[2023-10-15T14:24:08.289+0000] {processor.py:839} INFO - DAG(s) dict_keys(['example_dag_decorator']) retrieved from /home/airflow/.local/lib/python3.8/site-packages/airflow/example_dags/example_dag_decorator.py
[2023-10-15T14:24:08.370+0000] {logging_mixin.py:151} INFO - [2023-10-15T14:24:08.369+0000] {security.py:708} INFO - Not syncing DAG-level permissions for DAG 'DAG:example_dag_decorator' as access control is unset.
[2023-10-15T14:24:08.370+0000] {logging_mixin.py:151} INFO - [2023-10-15T14:24:08.370+0000] {dag.py:2915} INFO - Sync 1 DAGs
[2023-10-15T14:24:08.376+0000] {logging_mixin.py:151} INFO - [2023-10-15T14:24:08.375+0000] {dag.py:3696} INFO - Setting next_dagrun for example_dag_decorator to None, run_after=None
[2023-10-15T14:24:08.384+0000] {processor.py:179} INFO - Processing /home/airflow/.local/lib/python3.8/site-packages/airflow/example_dags/example_dag_decorator.py took 0.152 seconds
[2023-10-15T14:24:38.548+0000] {processor.py:157} INFO - Started process (PID=178) to work on /home/airflow/.local/lib/python3.8/site-packages/airflow/example_dags/example_dag_decorator.py
[2023-10-15T14:24:38.549+0000] {processor.py:829} INFO - Processing file /home/airflow/.local/lib/python3.8/site-packages/airflow/example_dags/example_dag_decorator.py for tasks to queue
[2023-10-15T14:24:38.550+0000] {logging_mixin.py:151} INFO - [2023-10-15T14:24:38.550+0000] {dagbag.py:539} INFO - Filling up the DagBag from /home/airflow/.local/lib/python3.8/site-packages/airflow/example_dags/example_dag_decorator.py
[2023-10-15T14:24:38.608+0000] {processor.py:839} INFO - DAG(s) dict_keys(['example_dag_decorator']) retrieved from /home/airflow/.local/lib/python3.8/site-packages/airflow/example_dags/example_dag_decorator.py
[2023-10-15T14:24:38.679+0000] {logging_mixin.py:151} INFO - [2023-10-15T14:24:38.679+0000] {security.py:708} INFO - Not syncing DAG-level permissions for DAG 'DAG:example_dag_decorator' as access control is unset.
[2023-10-15T14:24:38.680+0000] {logging_mixin.py:151} INFO - [2023-10-15T14:24:38.680+0000] {dag.py:2915} INFO - Sync 1 DAGs
[2023-10-15T14:24:38.687+0000] {logging_mixin.py:151} INFO - [2023-10-15T14:24:38.687+0000] {dag.py:3696} INFO - Setting next_dagrun for example_dag_decorator to None, run_after=None
[2023-10-15T14:24:38.697+0000] {processor.py:179} INFO - Processing /home/airflow/.local/lib/python3.8/site-packages/airflow/example_dags/example_dag_decorator.py took 0.152 seconds
[2023-10-15T14:25:08.961+0000] {processor.py:157} INFO - Started process (PID=232) to work on /home/airflow/.local/lib/python3.8/site-packages/airflow/example_dags/example_dag_decorator.py
[2023-10-15T14:25:08.962+0000] {processor.py:829} INFO - Processing file /home/airflow/.local/lib/python3.8/site-packages/airflow/example_dags/example_dag_decorator.py for tasks to queue
[2023-10-15T14:25:08.964+0000] {logging_mixin.py:151} INFO - [2023-10-15T14:25:08.964+0000] {dagbag.py:539} INFO - Filling up the DagBag from /home/airflow/.local/lib/python3.8/site-packages/airflow/example_dags/example_dag_decorator.py
[2023-10-15T14:25:09.014+0000] {processor.py:839} INFO - DAG(s) dict_keys(['example_dag_decorator']) retrieved from /home/airflow/.local/lib/python3.8/site-packages/airflow/example_dags/example_dag_decorator.py
[2023-10-15T14:25:09.078+0000] {logging_mixin.py:151} INFO - [2023-10-15T14:25:09.078+0000] {security.py:708} INFO - Not syncing DAG-level permissions for DAG 'DAG:example_dag_decorator' as access control is unset.
[2023-10-15T14:25:09.079+0000] {logging_mixin.py:151} INFO - [2023-10-15T14:25:09.078+0000] {dag.py:2915} INFO - Sync 1 DAGs
[2023-10-15T14:25:09.084+0000] {logging_mixin.py:151} INFO - [2023-10-15T14:25:09.084+0000] {dag.py:3696} INFO - Setting next_dagrun for example_dag_decorator to None, run_after=None
[2023-10-15T14:25:09.095+0000] {processor.py:179} INFO - Processing /home/airflow/.local/lib/python3.8/site-packages/airflow/example_dags/example_dag_decorator.py took 0.136 seconds
[2023-10-15T14:25:40.008+0000] {processor.py:157} INFO - Started process (PID=284) to work on /home/airflow/.local/lib/python3.8/site-packages/airflow/example_dags/example_dag_decorator.py
[2023-10-15T14:25:40.010+0000] {processor.py:829} INFO - Processing file /home/airflow/.local/lib/python3.8/site-packages/airflow/example_dags/example_dag_decorator.py for tasks to queue
[2023-10-15T14:25:40.011+0000] {logging_mixin.py:151} INFO - [2023-10-15T14:25:40.011+0000] {dagbag.py:539} INFO - Filling up the DagBag from /home/airflow/.local/lib/python3.8/site-packages/airflow/example_dags/example_dag_decorator.py
[2023-10-15T14:25:40.053+0000] {processor.py:839} INFO - DAG(s) dict_keys(['example_dag_decorator']) retrieved from /home/airflow/.local/lib/python3.8/site-packages/airflow/example_dags/example_dag_decorator.py
[2023-10-15T14:25:40.114+0000] {logging_mixin.py:151} INFO - [2023-10-15T14:25:40.114+0000] {security.py:708} INFO - Not syncing DAG-level permissions for DAG 'DAG:example_dag_decorator' as access control is unset.
[2023-10-15T14:25:40.114+0000] {logging_mixin.py:151} INFO - [2023-10-15T14:25:40.114+0000] {dag.py:2915} INFO - Sync 1 DAGs
[2023-10-15T14:25:40.120+0000] {logging_mixin.py:151} INFO - [2023-10-15T14:25:40.120+0000] {dag.py:3696} INFO - Setting next_dagrun for example_dag_decorator to None, run_after=None
[2023-10-15T14:25:40.130+0000] {processor.py:179} INFO - Processing /home/airflow/.local/lib/python3.8/site-packages/airflow/example_dags/example_dag_decorator.py took 0.124 seconds
