[2023-10-15T14:23:37.001+0000] {processor.py:157} INFO - Started process (PID=63) to work on /home/airflow/.local/lib/python3.8/site-packages/airflow/example_dags/example_sensor_decorator.py
[2023-10-15T14:23:37.003+0000] {processor.py:829} INFO - Processing file /home/airflow/.local/lib/python3.8/site-packages/airflow/example_dags/example_sensor_decorator.py for tasks to queue
[2023-10-15T14:23:37.005+0000] {logging_mixin.py:151} INFO - [2023-10-15T14:23:37.005+0000] {dagbag.py:539} INFO - Filling up the DagBag from /home/airflow/.local/lib/python3.8/site-packages/airflow/example_dags/example_sensor_decorator.py
[2023-10-15T14:23:37.010+0000] {processor.py:839} INFO - DAG(s) dict_keys(['example_sensor_decorator']) retrieved from /home/airflow/.local/lib/python3.8/site-packages/airflow/example_dags/example_sensor_decorator.py
[2023-10-15T14:23:37.031+0000] {logging_mixin.py:151} INFO - [2023-10-15T14:23:37.030+0000] {dag.py:2915} INFO - Sync 1 DAGs
[2023-10-15T14:23:37.039+0000] {logging_mixin.py:151} INFO - [2023-10-15T14:23:37.039+0000] {dag.py:3696} INFO - Setting next_dagrun for example_sensor_decorator to None, run_after=None
[2023-10-15T14:23:37.058+0000] {processor.py:179} INFO - Processing /home/airflow/.local/lib/python3.8/site-packages/airflow/example_dags/example_sensor_decorator.py took 0.060 seconds
[2023-10-15T14:24:08.084+0000] {processor.py:157} INFO - Started process (PID=117) to work on /home/airflow/.local/lib/python3.8/site-packages/airflow/example_dags/example_sensor_decorator.py
[2023-10-15T14:24:08.084+0000] {processor.py:829} INFO - Processing file /home/airflow/.local/lib/python3.8/site-packages/airflow/example_dags/example_sensor_decorator.py for tasks to queue
[2023-10-15T14:24:08.086+0000] {logging_mixin.py:151} INFO - [2023-10-15T14:24:08.086+0000] {dagbag.py:539} INFO - Filling up the DagBag from /home/airflow/.local/lib/python3.8/site-packages/airflow/example_dags/example_sensor_decorator.py
[2023-10-15T14:24:08.091+0000] {processor.py:839} INFO - DAG(s) dict_keys(['example_sensor_decorator']) retrieved from /home/airflow/.local/lib/python3.8/site-packages/airflow/example_dags/example_sensor_decorator.py
[2023-10-15T14:24:08.103+0000] {logging_mixin.py:151} INFO - [2023-10-15T14:24:08.102+0000] {dag.py:2915} INFO - Sync 1 DAGs
[2023-10-15T14:24:08.109+0000] {logging_mixin.py:151} INFO - [2023-10-15T14:24:08.109+0000] {dag.py:3696} INFO - Setting next_dagrun for example_sensor_decorator to None, run_after=None
[2023-10-15T14:24:08.117+0000] {processor.py:179} INFO - Processing /home/airflow/.local/lib/python3.8/site-packages/airflow/example_dags/example_sensor_decorator.py took 0.035 seconds
[2023-10-15T14:24:38.255+0000] {processor.py:157} INFO - Started process (PID=171) to work on /home/airflow/.local/lib/python3.8/site-packages/airflow/example_dags/example_sensor_decorator.py
[2023-10-15T14:24:38.255+0000] {processor.py:829} INFO - Processing file /home/airflow/.local/lib/python3.8/site-packages/airflow/example_dags/example_sensor_decorator.py for tasks to queue
[2023-10-15T14:24:38.257+0000] {logging_mixin.py:151} INFO - [2023-10-15T14:24:38.257+0000] {dagbag.py:539} INFO - Filling up the DagBag from /home/airflow/.local/lib/python3.8/site-packages/airflow/example_dags/example_sensor_decorator.py
[2023-10-15T14:24:38.262+0000] {processor.py:839} INFO - DAG(s) dict_keys(['example_sensor_decorator']) retrieved from /home/airflow/.local/lib/python3.8/site-packages/airflow/example_dags/example_sensor_decorator.py
[2023-10-15T14:24:38.276+0000] {logging_mixin.py:151} INFO - [2023-10-15T14:24:38.276+0000] {dag.py:2915} INFO - Sync 1 DAGs
[2023-10-15T14:24:38.285+0000] {logging_mixin.py:151} INFO - [2023-10-15T14:24:38.285+0000] {dag.py:3696} INFO - Setting next_dagrun for example_sensor_decorator to None, run_after=None
[2023-10-15T14:24:38.296+0000] {processor.py:179} INFO - Processing /home/airflow/.local/lib/python3.8/site-packages/airflow/example_dags/example_sensor_decorator.py took 0.044 seconds
[2023-10-15T14:25:08.749+0000] {processor.py:157} INFO - Started process (PID=225) to work on /home/airflow/.local/lib/python3.8/site-packages/airflow/example_dags/example_sensor_decorator.py
[2023-10-15T14:25:08.749+0000] {processor.py:829} INFO - Processing file /home/airflow/.local/lib/python3.8/site-packages/airflow/example_dags/example_sensor_decorator.py for tasks to queue
[2023-10-15T14:25:08.751+0000] {logging_mixin.py:151} INFO - [2023-10-15T14:25:08.751+0000] {dagbag.py:539} INFO - Filling up the DagBag from /home/airflow/.local/lib/python3.8/site-packages/airflow/example_dags/example_sensor_decorator.py
[2023-10-15T14:25:08.755+0000] {processor.py:839} INFO - DAG(s) dict_keys(['example_sensor_decorator']) retrieved from /home/airflow/.local/lib/python3.8/site-packages/airflow/example_dags/example_sensor_decorator.py
[2023-10-15T14:25:08.767+0000] {logging_mixin.py:151} INFO - [2023-10-15T14:25:08.767+0000] {dag.py:2915} INFO - Sync 1 DAGs
[2023-10-15T14:25:08.773+0000] {logging_mixin.py:151} INFO - [2023-10-15T14:25:08.773+0000] {dag.py:3696} INFO - Setting next_dagrun for example_sensor_decorator to None, run_after=None
[2023-10-15T14:25:08.783+0000] {processor.py:179} INFO - Processing /home/airflow/.local/lib/python3.8/site-packages/airflow/example_dags/example_sensor_decorator.py took 0.036 seconds
[2023-10-15T14:25:39.819+0000] {processor.py:157} INFO - Started process (PID=279) to work on /home/airflow/.local/lib/python3.8/site-packages/airflow/example_dags/example_sensor_decorator.py
[2023-10-15T14:25:39.820+0000] {processor.py:829} INFO - Processing file /home/airflow/.local/lib/python3.8/site-packages/airflow/example_dags/example_sensor_decorator.py for tasks to queue
[2023-10-15T14:25:39.822+0000] {logging_mixin.py:151} INFO - [2023-10-15T14:25:39.822+0000] {dagbag.py:539} INFO - Filling up the DagBag from /home/airflow/.local/lib/python3.8/site-packages/airflow/example_dags/example_sensor_decorator.py
[2023-10-15T14:25:39.826+0000] {processor.py:839} INFO - DAG(s) dict_keys(['example_sensor_decorator']) retrieved from /home/airflow/.local/lib/python3.8/site-packages/airflow/example_dags/example_sensor_decorator.py
[2023-10-15T14:25:39.839+0000] {logging_mixin.py:151} INFO - [2023-10-15T14:25:39.839+0000] {dag.py:2915} INFO - Sync 1 DAGs
[2023-10-15T14:25:39.852+0000] {logging_mixin.py:151} INFO - [2023-10-15T14:25:39.852+0000] {dag.py:3696} INFO - Setting next_dagrun for example_sensor_decorator to None, run_after=None
[2023-10-15T14:25:39.868+0000] {processor.py:179} INFO - Processing /home/airflow/.local/lib/python3.8/site-packages/airflow/example_dags/example_sensor_decorator.py took 0.051 seconds
