[2023-10-15T14:23:34.072+0000] {processor.py:157} INFO - Started process (PID=37) to work on /home/airflow/.local/lib/python3.8/site-packages/airflow/example_dags/example_branch_operator.py
[2023-10-15T14:23:34.074+0000] {processor.py:829} INFO - Processing file /home/airflow/.local/lib/python3.8/site-packages/airflow/example_dags/example_branch_operator.py for tasks to queue
[2023-10-15T14:23:34.076+0000] {logging_mixin.py:151} INFO - [2023-10-15T14:23:34.076+0000] {dagbag.py:539} INFO - Filling up the DagBag from /home/airflow/.local/lib/python3.8/site-packages/airflow/example_dags/example_branch_operator.py
[2023-10-15T14:23:34.083+0000] {processor.py:839} INFO - DAG(s) dict_keys(['example_branch_operator']) retrieved from /home/airflow/.local/lib/python3.8/site-packages/airflow/example_dags/example_branch_operator.py
[2023-10-15T14:23:34.218+0000] {logging_mixin.py:151} INFO - [2023-10-15T14:23:34.218+0000] {dag.py:2915} INFO - Sync 1 DAGs
[2023-10-15T14:23:34.233+0000] {logging_mixin.py:151} INFO - [2023-10-15T14:23:34.233+0000] {dag.py:3696} INFO - Setting next_dagrun for example_branch_operator to 2023-10-14T00:00:00+00:00, run_after=2023-10-15T00:00:00+00:00
[2023-10-15T14:23:34.244+0000] {processor.py:179} INFO - Processing /home/airflow/.local/lib/python3.8/site-packages/airflow/example_dags/example_branch_operator.py took 0.176 seconds
[2023-10-15T14:24:04.886+0000] {processor.py:157} INFO - Started process (PID=91) to work on /home/airflow/.local/lib/python3.8/site-packages/airflow/example_dags/example_branch_operator.py
[2023-10-15T14:24:04.888+0000] {processor.py:829} INFO - Processing file /home/airflow/.local/lib/python3.8/site-packages/airflow/example_dags/example_branch_operator.py for tasks to queue
[2023-10-15T14:24:04.890+0000] {logging_mixin.py:151} INFO - [2023-10-15T14:24:04.890+0000] {dagbag.py:539} INFO - Filling up the DagBag from /home/airflow/.local/lib/python3.8/site-packages/airflow/example_dags/example_branch_operator.py
[2023-10-15T14:24:04.898+0000] {processor.py:839} INFO - DAG(s) dict_keys(['example_branch_operator']) retrieved from /home/airflow/.local/lib/python3.8/site-packages/airflow/example_dags/example_branch_operator.py
[2023-10-15T14:24:04.919+0000] {logging_mixin.py:151} INFO - [2023-10-15T14:24:04.919+0000] {dag.py:2915} INFO - Sync 1 DAGs
[2023-10-15T14:24:04.931+0000] {logging_mixin.py:151} INFO - [2023-10-15T14:24:04.931+0000] {dag.py:3696} INFO - Setting next_dagrun for example_branch_operator to 2023-10-14T00:00:00+00:00, run_after=2023-10-15T00:00:00+00:00
[2023-10-15T14:24:04.940+0000] {processor.py:179} INFO - Processing /home/airflow/.local/lib/python3.8/site-packages/airflow/example_dags/example_branch_operator.py took 0.059 seconds
[2023-10-15T14:24:35.246+0000] {processor.py:157} INFO - Started process (PID=145) to work on /home/airflow/.local/lib/python3.8/site-packages/airflow/example_dags/example_branch_operator.py
[2023-10-15T14:24:35.247+0000] {processor.py:829} INFO - Processing file /home/airflow/.local/lib/python3.8/site-packages/airflow/example_dags/example_branch_operator.py for tasks to queue
[2023-10-15T14:24:35.249+0000] {logging_mixin.py:151} INFO - [2023-10-15T14:24:35.249+0000] {dagbag.py:539} INFO - Filling up the DagBag from /home/airflow/.local/lib/python3.8/site-packages/airflow/example_dags/example_branch_operator.py
[2023-10-15T14:24:35.255+0000] {processor.py:839} INFO - DAG(s) dict_keys(['example_branch_operator']) retrieved from /home/airflow/.local/lib/python3.8/site-packages/airflow/example_dags/example_branch_operator.py
[2023-10-15T14:24:35.271+0000] {logging_mixin.py:151} INFO - [2023-10-15T14:24:35.270+0000] {dag.py:2915} INFO - Sync 1 DAGs
[2023-10-15T14:24:35.285+0000] {logging_mixin.py:151} INFO - [2023-10-15T14:24:35.285+0000] {dag.py:3696} INFO - Setting next_dagrun for example_branch_operator to 2023-10-14T00:00:00+00:00, run_after=2023-10-15T00:00:00+00:00
[2023-10-15T14:24:35.300+0000] {processor.py:179} INFO - Processing /home/airflow/.local/lib/python3.8/site-packages/airflow/example_dags/example_branch_operator.py took 0.058 seconds
[2023-10-15T14:25:05.534+0000] {processor.py:157} INFO - Started process (PID=198) to work on /home/airflow/.local/lib/python3.8/site-packages/airflow/example_dags/example_branch_operator.py
[2023-10-15T14:25:05.535+0000] {processor.py:829} INFO - Processing file /home/airflow/.local/lib/python3.8/site-packages/airflow/example_dags/example_branch_operator.py for tasks to queue
[2023-10-15T14:25:05.536+0000] {logging_mixin.py:151} INFO - [2023-10-15T14:25:05.536+0000] {dagbag.py:539} INFO - Filling up the DagBag from /home/airflow/.local/lib/python3.8/site-packages/airflow/example_dags/example_branch_operator.py
[2023-10-15T14:25:05.542+0000] {processor.py:839} INFO - DAG(s) dict_keys(['example_branch_operator']) retrieved from /home/airflow/.local/lib/python3.8/site-packages/airflow/example_dags/example_branch_operator.py
[2023-10-15T14:25:05.559+0000] {logging_mixin.py:151} INFO - [2023-10-15T14:25:05.559+0000] {dag.py:2915} INFO - Sync 1 DAGs
[2023-10-15T14:25:05.571+0000] {logging_mixin.py:151} INFO - [2023-10-15T14:25:05.571+0000] {dag.py:3696} INFO - Setting next_dagrun for example_branch_operator to 2023-10-14T00:00:00+00:00, run_after=2023-10-15T00:00:00+00:00
[2023-10-15T14:25:05.579+0000] {processor.py:179} INFO - Processing /home/airflow/.local/lib/python3.8/site-packages/airflow/example_dags/example_branch_operator.py took 0.047 seconds
[2023-10-15T14:25:35.792+0000] {processor.py:157} INFO - Started process (PID=252) to work on /home/airflow/.local/lib/python3.8/site-packages/airflow/example_dags/example_branch_operator.py
[2023-10-15T14:25:35.792+0000] {processor.py:829} INFO - Processing file /home/airflow/.local/lib/python3.8/site-packages/airflow/example_dags/example_branch_operator.py for tasks to queue
[2023-10-15T14:25:35.795+0000] {logging_mixin.py:151} INFO - [2023-10-15T14:25:35.795+0000] {dagbag.py:539} INFO - Filling up the DagBag from /home/airflow/.local/lib/python3.8/site-packages/airflow/example_dags/example_branch_operator.py
[2023-10-15T14:25:35.809+0000] {processor.py:839} INFO - DAG(s) dict_keys(['example_branch_operator']) retrieved from /home/airflow/.local/lib/python3.8/site-packages/airflow/example_dags/example_branch_operator.py
[2023-10-15T14:25:35.827+0000] {logging_mixin.py:151} INFO - [2023-10-15T14:25:35.827+0000] {dag.py:2915} INFO - Sync 1 DAGs
[2023-10-15T14:25:35.839+0000] {logging_mixin.py:151} INFO - [2023-10-15T14:25:35.839+0000] {dag.py:3696} INFO - Setting next_dagrun for example_branch_operator to 2023-10-14T00:00:00+00:00, run_after=2023-10-15T00:00:00+00:00
[2023-10-15T14:25:35.850+0000] {processor.py:179} INFO - Processing /home/airflow/.local/lib/python3.8/site-packages/airflow/example_dags/example_branch_operator.py took 0.060 seconds
