[2023-10-15T14:23:35.480+0000] {processor.py:157} INFO - Started process (PID=44) to work on /home/airflow/.local/lib/python3.8/site-packages/airflow/example_dags/example_dynamic_task_mapping_with_no_taskflow_operators.py
[2023-10-15T14:23:35.484+0000] {processor.py:829} INFO - Processing file /home/airflow/.local/lib/python3.8/site-packages/airflow/example_dags/example_dynamic_task_mapping_with_no_taskflow_operators.py for tasks to queue
[2023-10-15T14:23:35.494+0000] {logging_mixin.py:151} INFO - [2023-10-15T14:23:35.493+0000] {dagbag.py:539} INFO - Filling up the DagBag from /home/airflow/.local/lib/python3.8/site-packages/airflow/example_dags/example_dynamic_task_mapping_with_no_taskflow_operators.py
[2023-10-15T14:23:35.664+0000] {processor.py:839} INFO - DAG(s) dict_keys(['example_dynamic_task_mapping_with_no_taskflow_operators']) retrieved from /home/airflow/.local/lib/python3.8/site-packages/airflow/example_dags/example_dynamic_task_mapping_with_no_taskflow_operators.py
[2023-10-15T14:23:35.688+0000] {logging_mixin.py:151} INFO - [2023-10-15T14:23:35.688+0000] {dag.py:2915} INFO - Sync 1 DAGs
[2023-10-15T14:23:35.706+0000] {logging_mixin.py:151} INFO - [2023-10-15T14:23:35.706+0000] {dag.py:3696} INFO - Setting next_dagrun for example_dynamic_task_mapping_with_no_taskflow_operators to 2023-10-14T14:23:35.706206+00:00, run_after=2023-10-15T14:23:35.706206+00:00
[2023-10-15T14:23:35.717+0000] {processor.py:179} INFO - Processing /home/airflow/.local/lib/python3.8/site-packages/airflow/example_dags/example_dynamic_task_mapping_with_no_taskflow_operators.py took 0.240 seconds
[2023-10-15T14:24:06.125+0000] {processor.py:157} INFO - Started process (PID=98) to work on /home/airflow/.local/lib/python3.8/site-packages/airflow/example_dags/example_dynamic_task_mapping_with_no_taskflow_operators.py
[2023-10-15T14:24:06.126+0000] {processor.py:829} INFO - Processing file /home/airflow/.local/lib/python3.8/site-packages/airflow/example_dags/example_dynamic_task_mapping_with_no_taskflow_operators.py for tasks to queue
[2023-10-15T14:24:06.127+0000] {logging_mixin.py:151} INFO - [2023-10-15T14:24:06.127+0000] {dagbag.py:539} INFO - Filling up the DagBag from /home/airflow/.local/lib/python3.8/site-packages/airflow/example_dags/example_dynamic_task_mapping_with_no_taskflow_operators.py
[2023-10-15T14:24:06.133+0000] {processor.py:839} INFO - DAG(s) dict_keys(['example_dynamic_task_mapping_with_no_taskflow_operators']) retrieved from /home/airflow/.local/lib/python3.8/site-packages/airflow/example_dags/example_dynamic_task_mapping_with_no_taskflow_operators.py
[2023-10-15T14:24:06.144+0000] {logging_mixin.py:151} INFO - [2023-10-15T14:24:06.144+0000] {dag.py:2915} INFO - Sync 1 DAGs
[2023-10-15T14:24:06.158+0000] {logging_mixin.py:151} INFO - [2023-10-15T14:24:06.158+0000] {dag.py:3696} INFO - Setting next_dagrun for example_dynamic_task_mapping_with_no_taskflow_operators to 2023-10-14T14:24:06.158342+00:00, run_after=2023-10-15T14:24:06.158342+00:00
[2023-10-15T14:24:06.171+0000] {processor.py:179} INFO - Processing /home/airflow/.local/lib/python3.8/site-packages/airflow/example_dags/example_dynamic_task_mapping_with_no_taskflow_operators.py took 0.048 seconds
[2023-10-15T14:24:36.562+0000] {processor.py:157} INFO - Started process (PID=152) to work on /home/airflow/.local/lib/python3.8/site-packages/airflow/example_dags/example_dynamic_task_mapping_with_no_taskflow_operators.py
[2023-10-15T14:24:36.563+0000] {processor.py:829} INFO - Processing file /home/airflow/.local/lib/python3.8/site-packages/airflow/example_dags/example_dynamic_task_mapping_with_no_taskflow_operators.py for tasks to queue
[2023-10-15T14:24:36.565+0000] {logging_mixin.py:151} INFO - [2023-10-15T14:24:36.565+0000] {dagbag.py:539} INFO - Filling up the DagBag from /home/airflow/.local/lib/python3.8/site-packages/airflow/example_dags/example_dynamic_task_mapping_with_no_taskflow_operators.py
[2023-10-15T14:24:36.574+0000] {processor.py:839} INFO - DAG(s) dict_keys(['example_dynamic_task_mapping_with_no_taskflow_operators']) retrieved from /home/airflow/.local/lib/python3.8/site-packages/airflow/example_dags/example_dynamic_task_mapping_with_no_taskflow_operators.py
[2023-10-15T14:24:36.587+0000] {logging_mixin.py:151} INFO - [2023-10-15T14:24:36.587+0000] {dag.py:2915} INFO - Sync 1 DAGs
[2023-10-15T14:24:36.600+0000] {logging_mixin.py:151} INFO - [2023-10-15T14:24:36.600+0000] {dag.py:3696} INFO - Setting next_dagrun for example_dynamic_task_mapping_with_no_taskflow_operators to 2023-10-14T14:24:36.600393+00:00, run_after=2023-10-15T14:24:36.600393+00:00
[2023-10-15T14:24:36.612+0000] {processor.py:179} INFO - Processing /home/airflow/.local/lib/python3.8/site-packages/airflow/example_dags/example_dynamic_task_mapping_with_no_taskflow_operators.py took 0.053 seconds
[2023-10-15T14:25:06.999+0000] {processor.py:157} INFO - Started process (PID=206) to work on /home/airflow/.local/lib/python3.8/site-packages/airflow/example_dags/example_dynamic_task_mapping_with_no_taskflow_operators.py
[2023-10-15T14:25:07.000+0000] {processor.py:829} INFO - Processing file /home/airflow/.local/lib/python3.8/site-packages/airflow/example_dags/example_dynamic_task_mapping_with_no_taskflow_operators.py for tasks to queue
[2023-10-15T14:25:07.002+0000] {logging_mixin.py:151} INFO - [2023-10-15T14:25:07.002+0000] {dagbag.py:539} INFO - Filling up the DagBag from /home/airflow/.local/lib/python3.8/site-packages/airflow/example_dags/example_dynamic_task_mapping_with_no_taskflow_operators.py
[2023-10-15T14:25:07.006+0000] {processor.py:839} INFO - DAG(s) dict_keys(['example_dynamic_task_mapping_with_no_taskflow_operators']) retrieved from /home/airflow/.local/lib/python3.8/site-packages/airflow/example_dags/example_dynamic_task_mapping_with_no_taskflow_operators.py
[2023-10-15T14:25:07.020+0000] {logging_mixin.py:151} INFO - [2023-10-15T14:25:07.019+0000] {dag.py:2915} INFO - Sync 1 DAGs
[2023-10-15T14:25:07.033+0000] {logging_mixin.py:151} INFO - [2023-10-15T14:25:07.032+0000] {dag.py:3696} INFO - Setting next_dagrun for example_dynamic_task_mapping_with_no_taskflow_operators to 2023-10-14T14:25:07.032840+00:00, run_after=2023-10-15T14:25:07.032840+00:00
[2023-10-15T14:25:07.042+0000] {processor.py:179} INFO - Processing /home/airflow/.local/lib/python3.8/site-packages/airflow/example_dags/example_dynamic_task_mapping_with_no_taskflow_operators.py took 0.045 seconds
[2023-10-15T14:25:37.102+0000] {processor.py:157} INFO - Started process (PID=260) to work on /home/airflow/.local/lib/python3.8/site-packages/airflow/example_dags/example_dynamic_task_mapping_with_no_taskflow_operators.py
[2023-10-15T14:25:37.103+0000] {processor.py:829} INFO - Processing file /home/airflow/.local/lib/python3.8/site-packages/airflow/example_dags/example_dynamic_task_mapping_with_no_taskflow_operators.py for tasks to queue
[2023-10-15T14:25:37.105+0000] {logging_mixin.py:151} INFO - [2023-10-15T14:25:37.105+0000] {dagbag.py:539} INFO - Filling up the DagBag from /home/airflow/.local/lib/python3.8/site-packages/airflow/example_dags/example_dynamic_task_mapping_with_no_taskflow_operators.py
[2023-10-15T14:25:37.109+0000] {processor.py:839} INFO - DAG(s) dict_keys(['example_dynamic_task_mapping_with_no_taskflow_operators']) retrieved from /home/airflow/.local/lib/python3.8/site-packages/airflow/example_dags/example_dynamic_task_mapping_with_no_taskflow_operators.py
[2023-10-15T14:25:37.120+0000] {logging_mixin.py:151} INFO - [2023-10-15T14:25:37.120+0000] {dag.py:2915} INFO - Sync 1 DAGs
[2023-10-15T14:25:37.131+0000] {logging_mixin.py:151} INFO - [2023-10-15T14:25:37.131+0000] {dag.py:3696} INFO - Setting next_dagrun for example_dynamic_task_mapping_with_no_taskflow_operators to 2023-10-14T14:25:37.131317+00:00, run_after=2023-10-15T14:25:37.131317+00:00
[2023-10-15T14:25:37.140+0000] {processor.py:179} INFO - Processing /home/airflow/.local/lib/python3.8/site-packages/airflow/example_dags/example_dynamic_task_mapping_with_no_taskflow_operators.py took 0.040 seconds
