[2023-10-15T14:23:36.942+0000] {processor.py:157} INFO - Started process (PID=62) to work on /home/airflow/.local/lib/python3.8/site-packages/airflow/example_dags/example_task_group.py
[2023-10-15T14:23:36.943+0000] {processor.py:829} INFO - Processing file /home/airflow/.local/lib/python3.8/site-packages/airflow/example_dags/example_task_group.py for tasks to queue
[2023-10-15T14:23:36.946+0000] {logging_mixin.py:151} INFO - [2023-10-15T14:23:36.945+0000] {dagbag.py:539} INFO - Filling up the DagBag from /home/airflow/.local/lib/python3.8/site-packages/airflow/example_dags/example_task_group.py
[2023-10-15T14:23:36.953+0000] {processor.py:839} INFO - DAG(s) dict_keys(['example_task_group']) retrieved from /home/airflow/.local/lib/python3.8/site-packages/airflow/example_dags/example_task_group.py
[2023-10-15T14:23:36.975+0000] {logging_mixin.py:151} INFO - [2023-10-15T14:23:36.975+0000] {dag.py:2915} INFO - Sync 1 DAGs
[2023-10-15T14:23:36.989+0000] {logging_mixin.py:151} INFO - [2023-10-15T14:23:36.989+0000] {dag.py:3696} INFO - Setting next_dagrun for example_task_group to 2023-10-14T14:23:36.989239+00:00, run_after=2023-10-15T14:23:36.989239+00:00
[2023-10-15T14:23:37.006+0000] {processor.py:179} INFO - Processing /home/airflow/.local/lib/python3.8/site-packages/airflow/example_dags/example_task_group.py took 0.066 seconds
[2023-10-15T14:24:08.005+0000] {processor.py:157} INFO - Started process (PID=116) to work on /home/airflow/.local/lib/python3.8/site-packages/airflow/example_dags/example_task_group.py
[2023-10-15T14:24:08.007+0000] {processor.py:829} INFO - Processing file /home/airflow/.local/lib/python3.8/site-packages/airflow/example_dags/example_task_group.py for tasks to queue
[2023-10-15T14:24:08.012+0000] {logging_mixin.py:151} INFO - [2023-10-15T14:24:08.012+0000] {dagbag.py:539} INFO - Filling up the DagBag from /home/airflow/.local/lib/python3.8/site-packages/airflow/example_dags/example_task_group.py
[2023-10-15T14:24:08.022+0000] {processor.py:839} INFO - DAG(s) dict_keys(['example_task_group']) retrieved from /home/airflow/.local/lib/python3.8/site-packages/airflow/example_dags/example_task_group.py
[2023-10-15T14:24:08.045+0000] {logging_mixin.py:151} INFO - [2023-10-15T14:24:08.045+0000] {dag.py:2915} INFO - Sync 1 DAGs
[2023-10-15T14:24:08.060+0000] {logging_mixin.py:151} INFO - [2023-10-15T14:24:08.060+0000] {dag.py:3696} INFO - Setting next_dagrun for example_task_group to 2023-10-14T14:24:08.060501+00:00, run_after=2023-10-15T14:24:08.060501+00:00
[2023-10-15T14:24:08.070+0000] {processor.py:179} INFO - Processing /home/airflow/.local/lib/python3.8/site-packages/airflow/example_dags/example_task_group.py took 0.071 seconds
[2023-10-15T14:24:38.187+0000] {processor.py:157} INFO - Started process (PID=170) to work on /home/airflow/.local/lib/python3.8/site-packages/airflow/example_dags/example_task_group.py
[2023-10-15T14:24:38.188+0000] {processor.py:829} INFO - Processing file /home/airflow/.local/lib/python3.8/site-packages/airflow/example_dags/example_task_group.py for tasks to queue
[2023-10-15T14:24:38.191+0000] {logging_mixin.py:151} INFO - [2023-10-15T14:24:38.190+0000] {dagbag.py:539} INFO - Filling up the DagBag from /home/airflow/.local/lib/python3.8/site-packages/airflow/example_dags/example_task_group.py
[2023-10-15T14:24:38.196+0000] {processor.py:839} INFO - DAG(s) dict_keys(['example_task_group']) retrieved from /home/airflow/.local/lib/python3.8/site-packages/airflow/example_dags/example_task_group.py
[2023-10-15T14:24:38.213+0000] {logging_mixin.py:151} INFO - [2023-10-15T14:24:38.213+0000] {dag.py:2915} INFO - Sync 1 DAGs
[2023-10-15T14:24:38.231+0000] {logging_mixin.py:151} INFO - [2023-10-15T14:24:38.231+0000] {dag.py:3696} INFO - Setting next_dagrun for example_task_group to 2023-10-14T14:24:38.231047+00:00, run_after=2023-10-15T14:24:38.231047+00:00
[2023-10-15T14:24:38.242+0000] {processor.py:179} INFO - Processing /home/airflow/.local/lib/python3.8/site-packages/airflow/example_dags/example_task_group.py took 0.058 seconds
[2023-10-15T14:25:08.662+0000] {processor.py:157} INFO - Started process (PID=224) to work on /home/airflow/.local/lib/python3.8/site-packages/airflow/example_dags/example_task_group.py
[2023-10-15T14:25:08.664+0000] {processor.py:829} INFO - Processing file /home/airflow/.local/lib/python3.8/site-packages/airflow/example_dags/example_task_group.py for tasks to queue
[2023-10-15T14:25:08.669+0000] {logging_mixin.py:151} INFO - [2023-10-15T14:25:08.669+0000] {dagbag.py:539} INFO - Filling up the DagBag from /home/airflow/.local/lib/python3.8/site-packages/airflow/example_dags/example_task_group.py
[2023-10-15T14:25:08.678+0000] {processor.py:839} INFO - DAG(s) dict_keys(['example_task_group']) retrieved from /home/airflow/.local/lib/python3.8/site-packages/airflow/example_dags/example_task_group.py
[2023-10-15T14:25:08.707+0000] {logging_mixin.py:151} INFO - [2023-10-15T14:25:08.707+0000] {dag.py:2915} INFO - Sync 1 DAGs
[2023-10-15T14:25:08.724+0000] {logging_mixin.py:151} INFO - [2023-10-15T14:25:08.724+0000] {dag.py:3696} INFO - Setting next_dagrun for example_task_group to 2023-10-14T14:25:08.723974+00:00, run_after=2023-10-15T14:25:08.723974+00:00
[2023-10-15T14:25:08.735+0000] {processor.py:179} INFO - Processing /home/airflow/.local/lib/python3.8/site-packages/airflow/example_dags/example_task_group.py took 0.078 seconds
[2023-10-15T14:25:39.753+0000] {processor.py:157} INFO - Started process (PID=278) to work on /home/airflow/.local/lib/python3.8/site-packages/airflow/example_dags/example_task_group.py
[2023-10-15T14:25:39.755+0000] {processor.py:829} INFO - Processing file /home/airflow/.local/lib/python3.8/site-packages/airflow/example_dags/example_task_group.py for tasks to queue
[2023-10-15T14:25:39.758+0000] {logging_mixin.py:151} INFO - [2023-10-15T14:25:39.758+0000] {dagbag.py:539} INFO - Filling up the DagBag from /home/airflow/.local/lib/python3.8/site-packages/airflow/example_dags/example_task_group.py
[2023-10-15T14:25:39.764+0000] {processor.py:839} INFO - DAG(s) dict_keys(['example_task_group']) retrieved from /home/airflow/.local/lib/python3.8/site-packages/airflow/example_dags/example_task_group.py
[2023-10-15T14:25:39.783+0000] {logging_mixin.py:151} INFO - [2023-10-15T14:25:39.782+0000] {dag.py:2915} INFO - Sync 1 DAGs
[2023-10-15T14:25:39.797+0000] {logging_mixin.py:151} INFO - [2023-10-15T14:25:39.796+0000] {dag.py:3696} INFO - Setting next_dagrun for example_task_group to 2023-10-14T14:25:39.796724+00:00, run_after=2023-10-15T14:25:39.796724+00:00
[2023-10-15T14:25:39.806+0000] {processor.py:179} INFO - Processing /home/airflow/.local/lib/python3.8/site-packages/airflow/example_dags/example_task_group.py took 0.058 seconds
