[2023-10-15T14:23:36.377+0000] {processor.py:157} INFO - Started process (PID=51) to work on /home/airflow/.local/lib/python3.8/site-packages/airflow/example_dags/example_latest_only.py
[2023-10-15T14:23:36.378+0000] {processor.py:829} INFO - Processing file /home/airflow/.local/lib/python3.8/site-packages/airflow/example_dags/example_latest_only.py for tasks to queue
[2023-10-15T14:23:36.380+0000] {logging_mixin.py:151} INFO - [2023-10-15T14:23:36.380+0000] {dagbag.py:539} INFO - Filling up the DagBag from /home/airflow/.local/lib/python3.8/site-packages/airflow/example_dags/example_latest_only.py
[2023-10-15T14:23:36.384+0000] {processor.py:839} INFO - DAG(s) dict_keys(['latest_only']) retrieved from /home/airflow/.local/lib/python3.8/site-packages/airflow/example_dags/example_latest_only.py
[2023-10-15T14:23:36.411+0000] {logging_mixin.py:151} INFO - [2023-10-15T14:23:36.410+0000] {dag.py:2915} INFO - Sync 1 DAGs
[2023-10-15T14:23:36.436+0000] {logging_mixin.py:151} INFO - [2023-10-15T14:23:36.436+0000] {dag.py:3696} INFO - Setting next_dagrun for latest_only to 2023-10-15T10:23:36.436073+00:00, run_after=2023-10-15T14:23:36.436073+00:00
[2023-10-15T14:23:36.451+0000] {processor.py:179} INFO - Processing /home/airflow/.local/lib/python3.8/site-packages/airflow/example_dags/example_latest_only.py took 0.077 seconds
[2023-10-15T14:24:06.664+0000] {processor.py:157} INFO - Started process (PID=105) to work on /home/airflow/.local/lib/python3.8/site-packages/airflow/example_dags/example_latest_only.py
[2023-10-15T14:24:06.665+0000] {processor.py:829} INFO - Processing file /home/airflow/.local/lib/python3.8/site-packages/airflow/example_dags/example_latest_only.py for tasks to queue
[2023-10-15T14:24:06.667+0000] {logging_mixin.py:151} INFO - [2023-10-15T14:24:06.666+0000] {dagbag.py:539} INFO - Filling up the DagBag from /home/airflow/.local/lib/python3.8/site-packages/airflow/example_dags/example_latest_only.py
[2023-10-15T14:24:06.671+0000] {processor.py:839} INFO - DAG(s) dict_keys(['latest_only']) retrieved from /home/airflow/.local/lib/python3.8/site-packages/airflow/example_dags/example_latest_only.py
[2023-10-15T14:24:06.686+0000] {logging_mixin.py:151} INFO - [2023-10-15T14:24:06.686+0000] {dag.py:2915} INFO - Sync 1 DAGs
[2023-10-15T14:24:06.699+0000] {logging_mixin.py:151} INFO - [2023-10-15T14:24:06.699+0000] {dag.py:3696} INFO - Setting next_dagrun for latest_only to 2023-10-15T10:24:06.699367+00:00, run_after=2023-10-15T14:24:06.699367+00:00
[2023-10-15T14:24:06.711+0000] {processor.py:179} INFO - Processing /home/airflow/.local/lib/python3.8/site-packages/airflow/example_dags/example_latest_only.py took 0.049 seconds
[2023-10-15T14:24:36.889+0000] {processor.py:157} INFO - Started process (PID=159) to work on /home/airflow/.local/lib/python3.8/site-packages/airflow/example_dags/example_latest_only.py
[2023-10-15T14:24:36.890+0000] {processor.py:829} INFO - Processing file /home/airflow/.local/lib/python3.8/site-packages/airflow/example_dags/example_latest_only.py for tasks to queue
[2023-10-15T14:24:36.892+0000] {logging_mixin.py:151} INFO - [2023-10-15T14:24:36.891+0000] {dagbag.py:539} INFO - Filling up the DagBag from /home/airflow/.local/lib/python3.8/site-packages/airflow/example_dags/example_latest_only.py
[2023-10-15T14:24:36.901+0000] {processor.py:839} INFO - DAG(s) dict_keys(['latest_only']) retrieved from /home/airflow/.local/lib/python3.8/site-packages/airflow/example_dags/example_latest_only.py
[2023-10-15T14:24:36.914+0000] {logging_mixin.py:151} INFO - [2023-10-15T14:24:36.914+0000] {dag.py:2915} INFO - Sync 1 DAGs
[2023-10-15T14:24:36.929+0000] {logging_mixin.py:151} INFO - [2023-10-15T14:24:36.929+0000] {dag.py:3696} INFO - Setting next_dagrun for latest_only to 2023-10-15T10:24:36.929015+00:00, run_after=2023-10-15T14:24:36.929015+00:00
[2023-10-15T14:24:36.938+0000] {processor.py:179} INFO - Processing /home/airflow/.local/lib/python3.8/site-packages/airflow/example_dags/example_latest_only.py took 0.052 seconds
[2023-10-15T14:25:07.312+0000] {processor.py:157} INFO - Started process (PID=213) to work on /home/airflow/.local/lib/python3.8/site-packages/airflow/example_dags/example_latest_only.py
[2023-10-15T14:25:07.314+0000] {processor.py:829} INFO - Processing file /home/airflow/.local/lib/python3.8/site-packages/airflow/example_dags/example_latest_only.py for tasks to queue
[2023-10-15T14:25:07.315+0000] {logging_mixin.py:151} INFO - [2023-10-15T14:25:07.315+0000] {dagbag.py:539} INFO - Filling up the DagBag from /home/airflow/.local/lib/python3.8/site-packages/airflow/example_dags/example_latest_only.py
[2023-10-15T14:25:07.321+0000] {processor.py:839} INFO - DAG(s) dict_keys(['latest_only']) retrieved from /home/airflow/.local/lib/python3.8/site-packages/airflow/example_dags/example_latest_only.py
[2023-10-15T14:25:07.336+0000] {logging_mixin.py:151} INFO - [2023-10-15T14:25:07.336+0000] {dag.py:2915} INFO - Sync 1 DAGs
[2023-10-15T14:25:07.351+0000] {logging_mixin.py:151} INFO - [2023-10-15T14:25:07.351+0000] {dag.py:3696} INFO - Setting next_dagrun for latest_only to 2023-10-15T10:25:07.350761+00:00, run_after=2023-10-15T14:25:07.350761+00:00
[2023-10-15T14:25:07.365+0000] {processor.py:179} INFO - Processing /home/airflow/.local/lib/python3.8/site-packages/airflow/example_dags/example_latest_only.py took 0.057 seconds
[2023-10-15T14:25:38.345+0000] {processor.py:157} INFO - Started process (PID=267) to work on /home/airflow/.local/lib/python3.8/site-packages/airflow/example_dags/example_latest_only.py
[2023-10-15T14:25:38.346+0000] {processor.py:829} INFO - Processing file /home/airflow/.local/lib/python3.8/site-packages/airflow/example_dags/example_latest_only.py for tasks to queue
[2023-10-15T14:25:38.348+0000] {logging_mixin.py:151} INFO - [2023-10-15T14:25:38.347+0000] {dagbag.py:539} INFO - Filling up the DagBag from /home/airflow/.local/lib/python3.8/site-packages/airflow/example_dags/example_latest_only.py
[2023-10-15T14:25:38.352+0000] {processor.py:839} INFO - DAG(s) dict_keys(['latest_only']) retrieved from /home/airflow/.local/lib/python3.8/site-packages/airflow/example_dags/example_latest_only.py
[2023-10-15T14:25:38.367+0000] {logging_mixin.py:151} INFO - [2023-10-15T14:25:38.367+0000] {dag.py:2915} INFO - Sync 1 DAGs
[2023-10-15T14:25:38.380+0000] {logging_mixin.py:151} INFO - [2023-10-15T14:25:38.380+0000] {dag.py:3696} INFO - Setting next_dagrun for latest_only to 2023-10-15T10:25:38.380102+00:00, run_after=2023-10-15T14:25:38.380102+00:00
[2023-10-15T14:25:38.389+0000] {processor.py:179} INFO - Processing /home/airflow/.local/lib/python3.8/site-packages/airflow/example_dags/example_latest_only.py took 0.048 seconds
