[2023-10-15T14:23:36.858+0000] {processor.py:157} INFO - Started process (PID=60) to work on /home/airflow/.local/lib/python3.8/site-packages/airflow/example_dags/example_skip_dag.py
[2023-10-15T14:23:36.859+0000] {processor.py:829} INFO - Processing file /home/airflow/.local/lib/python3.8/site-packages/airflow/example_dags/example_skip_dag.py for tasks to queue
[2023-10-15T14:23:36.861+0000] {logging_mixin.py:151} INFO - [2023-10-15T14:23:36.861+0000] {dagbag.py:539} INFO - Filling up the DagBag from /home/airflow/.local/lib/python3.8/site-packages/airflow/example_dags/example_skip_dag.py
[2023-10-15T14:23:36.866+0000] {processor.py:839} INFO - DAG(s) dict_keys(['example_skip_dag']) retrieved from /home/airflow/.local/lib/python3.8/site-packages/airflow/example_dags/example_skip_dag.py
[2023-10-15T14:23:36.888+0000] {logging_mixin.py:151} INFO - [2023-10-15T14:23:36.888+0000] {dag.py:2915} INFO - Sync 1 DAGs
[2023-10-15T14:23:36.903+0000] {logging_mixin.py:151} INFO - [2023-10-15T14:23:36.903+0000] {dag.py:3696} INFO - Setting next_dagrun for example_skip_dag to 2023-10-14T14:23:36.903153+00:00, run_after=2023-10-15T14:23:36.903153+00:00
[2023-10-15T14:23:36.920+0000] {processor.py:179} INFO - Processing /home/airflow/.local/lib/python3.8/site-packages/airflow/example_dags/example_skip_dag.py took 0.065 seconds
[2023-10-15T14:24:06.942+0000] {processor.py:157} INFO - Started process (PID=114) to work on /home/airflow/.local/lib/python3.8/site-packages/airflow/example_dags/example_skip_dag.py
[2023-10-15T14:24:06.942+0000] {processor.py:829} INFO - Processing file /home/airflow/.local/lib/python3.8/site-packages/airflow/example_dags/example_skip_dag.py for tasks to queue
[2023-10-15T14:24:06.944+0000] {logging_mixin.py:151} INFO - [2023-10-15T14:24:06.944+0000] {dagbag.py:539} INFO - Filling up the DagBag from /home/airflow/.local/lib/python3.8/site-packages/airflow/example_dags/example_skip_dag.py
[2023-10-15T14:24:06.948+0000] {processor.py:839} INFO - DAG(s) dict_keys(['example_skip_dag']) retrieved from /home/airflow/.local/lib/python3.8/site-packages/airflow/example_dags/example_skip_dag.py
[2023-10-15T14:24:06.962+0000] {logging_mixin.py:151} INFO - [2023-10-15T14:24:06.961+0000] {dag.py:2915} INFO - Sync 1 DAGs
[2023-10-15T14:24:06.974+0000] {logging_mixin.py:151} INFO - [2023-10-15T14:24:06.973+0000] {dag.py:3696} INFO - Setting next_dagrun for example_skip_dag to 2023-10-14T14:24:06.973786+00:00, run_after=2023-10-15T14:24:06.973786+00:00
[2023-10-15T14:24:06.982+0000] {processor.py:179} INFO - Processing /home/airflow/.local/lib/python3.8/site-packages/airflow/example_dags/example_skip_dag.py took 0.043 seconds
[2023-10-15T14:24:37.170+0000] {processor.py:157} INFO - Started process (PID=168) to work on /home/airflow/.local/lib/python3.8/site-packages/airflow/example_dags/example_skip_dag.py
[2023-10-15T14:24:37.171+0000] {processor.py:829} INFO - Processing file /home/airflow/.local/lib/python3.8/site-packages/airflow/example_dags/example_skip_dag.py for tasks to queue
[2023-10-15T14:24:37.174+0000] {logging_mixin.py:151} INFO - [2023-10-15T14:24:37.174+0000] {dagbag.py:539} INFO - Filling up the DagBag from /home/airflow/.local/lib/python3.8/site-packages/airflow/example_dags/example_skip_dag.py
[2023-10-15T14:24:37.178+0000] {processor.py:839} INFO - DAG(s) dict_keys(['example_skip_dag']) retrieved from /home/airflow/.local/lib/python3.8/site-packages/airflow/example_dags/example_skip_dag.py
[2023-10-15T14:24:37.194+0000] {logging_mixin.py:151} INFO - [2023-10-15T14:24:37.194+0000] {dag.py:2915} INFO - Sync 1 DAGs
[2023-10-15T14:24:37.207+0000] {logging_mixin.py:151} INFO - [2023-10-15T14:24:37.207+0000] {dag.py:3696} INFO - Setting next_dagrun for example_skip_dag to 2023-10-14T14:24:37.207129+00:00, run_after=2023-10-15T14:24:37.207129+00:00
[2023-10-15T14:24:37.217+0000] {processor.py:179} INFO - Processing /home/airflow/.local/lib/python3.8/site-packages/airflow/example_dags/example_skip_dag.py took 0.049 seconds
[2023-10-15T14:25:07.623+0000] {processor.py:157} INFO - Started process (PID=222) to work on /home/airflow/.local/lib/python3.8/site-packages/airflow/example_dags/example_skip_dag.py
[2023-10-15T14:25:07.624+0000] {processor.py:829} INFO - Processing file /home/airflow/.local/lib/python3.8/site-packages/airflow/example_dags/example_skip_dag.py for tasks to queue
[2023-10-15T14:25:07.625+0000] {logging_mixin.py:151} INFO - [2023-10-15T14:25:07.625+0000] {dagbag.py:539} INFO - Filling up the DagBag from /home/airflow/.local/lib/python3.8/site-packages/airflow/example_dags/example_skip_dag.py
[2023-10-15T14:25:07.629+0000] {processor.py:839} INFO - DAG(s) dict_keys(['example_skip_dag']) retrieved from /home/airflow/.local/lib/python3.8/site-packages/airflow/example_dags/example_skip_dag.py
[2023-10-15T14:25:07.641+0000] {logging_mixin.py:151} INFO - [2023-10-15T14:25:07.640+0000] {dag.py:2915} INFO - Sync 1 DAGs
[2023-10-15T14:25:07.650+0000] {logging_mixin.py:151} INFO - [2023-10-15T14:25:07.650+0000] {dag.py:3696} INFO - Setting next_dagrun for example_skip_dag to 2023-10-14T14:25:07.650732+00:00, run_after=2023-10-15T14:25:07.650732+00:00
[2023-10-15T14:25:07.659+0000] {processor.py:179} INFO - Processing /home/airflow/.local/lib/python3.8/site-packages/airflow/example_dags/example_skip_dag.py took 0.038 seconds
[2023-10-15T14:25:38.691+0000] {processor.py:157} INFO - Started process (PID=276) to work on /home/airflow/.local/lib/python3.8/site-packages/airflow/example_dags/example_skip_dag.py
[2023-10-15T14:25:38.692+0000] {processor.py:829} INFO - Processing file /home/airflow/.local/lib/python3.8/site-packages/airflow/example_dags/example_skip_dag.py for tasks to queue
[2023-10-15T14:25:38.694+0000] {logging_mixin.py:151} INFO - [2023-10-15T14:25:38.693+0000] {dagbag.py:539} INFO - Filling up the DagBag from /home/airflow/.local/lib/python3.8/site-packages/airflow/example_dags/example_skip_dag.py
[2023-10-15T14:25:38.697+0000] {processor.py:839} INFO - DAG(s) dict_keys(['example_skip_dag']) retrieved from /home/airflow/.local/lib/python3.8/site-packages/airflow/example_dags/example_skip_dag.py
[2023-10-15T14:25:38.709+0000] {logging_mixin.py:151} INFO - [2023-10-15T14:25:38.709+0000] {dag.py:2915} INFO - Sync 1 DAGs
[2023-10-15T14:25:38.719+0000] {logging_mixin.py:151} INFO - [2023-10-15T14:25:38.719+0000] {dag.py:3696} INFO - Setting next_dagrun for example_skip_dag to 2023-10-14T14:25:38.719361+00:00, run_after=2023-10-15T14:25:38.719361+00:00
[2023-10-15T14:25:38.727+0000] {processor.py:179} INFO - Processing /home/airflow/.local/lib/python3.8/site-packages/airflow/example_dags/example_skip_dag.py took 0.039 seconds
