[2023-10-15T14:23:33.823+0000] {processor.py:157} INFO - Started process (PID=36) to work on /home/airflow/.local/lib/python3.8/site-packages/airflow/example_dags/example_subdag_operator.py
[2023-10-15T14:23:33.824+0000] {processor.py:829} INFO - Processing file /home/airflow/.local/lib/python3.8/site-packages/airflow/example_dags/example_subdag_operator.py for tasks to queue
[2023-10-15T14:23:33.827+0000] {logging_mixin.py:151} INFO - [2023-10-15T14:23:33.826+0000] {dagbag.py:539} INFO - Filling up the DagBag from /home/airflow/.local/lib/python3.8/site-packages/airflow/example_dags/example_subdag_operator.py
[2023-10-15T14:23:33.846+0000] {processor.py:839} INFO - DAG(s) dict_keys(['example_subdag_operator.section-1', 'example_subdag_operator.section-2', 'example_subdag_operator']) retrieved from /home/airflow/.local/lib/python3.8/site-packages/airflow/example_dags/example_subdag_operator.py
[2023-10-15T14:23:33.998+0000] {logging_mixin.py:151} INFO - [2023-10-15T14:23:33.998+0000] {dag.py:2915} INFO - Sync 3 DAGs
[2023-10-15T14:23:34.014+0000] {logging_mixin.py:151} INFO - [2023-10-15T14:23:34.014+0000] {dag.py:3696} INFO - Setting next_dagrun for example_subdag_operator to 2022-01-01T00:00:00+00:00, run_after=2022-01-01T00:00:00+00:00
[2023-10-15T14:23:34.016+0000] {logging_mixin.py:151} INFO - [2023-10-15T14:23:34.016+0000] {dag.py:3696} INFO - Setting next_dagrun for example_subdag_operator.section-1 to None, run_after=None
[2023-10-15T14:23:34.017+0000] {logging_mixin.py:151} INFO - [2023-10-15T14:23:34.017+0000] {dag.py:3696} INFO - Setting next_dagrun for example_subdag_operator.section-2 to None, run_after=None
[2023-10-15T14:23:34.024+0000] {logging_mixin.py:151} INFO - [2023-10-15T14:23:34.024+0000] {dag.py:2915} INFO - Sync 2 DAGs
[2023-10-15T14:23:34.034+0000] {logging_mixin.py:151} INFO - [2023-10-15T14:23:34.034+0000] {dag.py:3696} INFO - Setting next_dagrun for example_subdag_operator.section-1 to None, run_after=None
[2023-10-15T14:23:34.035+0000] {logging_mixin.py:151} INFO - [2023-10-15T14:23:34.035+0000] {dag.py:3696} INFO - Setting next_dagrun for example_subdag_operator.section-2 to None, run_after=None
[2023-10-15T14:23:34.048+0000] {processor.py:179} INFO - Processing /home/airflow/.local/lib/python3.8/site-packages/airflow/example_dags/example_subdag_operator.py took 0.229 seconds
[2023-10-15T14:24:04.143+0000] {processor.py:157} INFO - Started process (PID=89) to work on /home/airflow/.local/lib/python3.8/site-packages/airflow/example_dags/example_subdag_operator.py
[2023-10-15T14:24:04.144+0000] {processor.py:829} INFO - Processing file /home/airflow/.local/lib/python3.8/site-packages/airflow/example_dags/example_subdag_operator.py for tasks to queue
[2023-10-15T14:24:04.146+0000] {logging_mixin.py:151} INFO - [2023-10-15T14:24:04.146+0000] {dagbag.py:539} INFO - Filling up the DagBag from /home/airflow/.local/lib/python3.8/site-packages/airflow/example_dags/example_subdag_operator.py
[2023-10-15T14:24:04.268+0000] {processor.py:839} INFO - DAG(s) dict_keys(['example_subdag_operator.section-1', 'example_subdag_operator.section-2', 'example_subdag_operator']) retrieved from /home/airflow/.local/lib/python3.8/site-packages/airflow/example_dags/example_subdag_operator.py
[2023-10-15T14:24:04.294+0000] {logging_mixin.py:151} INFO - [2023-10-15T14:24:04.293+0000] {dag.py:2915} INFO - Sync 3 DAGs
[2023-10-15T14:24:04.329+0000] {logging_mixin.py:151} INFO - [2023-10-15T14:24:04.328+0000] {dag.py:3696} INFO - Setting next_dagrun for example_subdag_operator to 2022-01-01T00:00:00+00:00, run_after=2022-01-01T00:00:00+00:00
[2023-10-15T14:24:04.332+0000] {logging_mixin.py:151} INFO - [2023-10-15T14:24:04.332+0000] {dag.py:3696} INFO - Setting next_dagrun for example_subdag_operator.section-1 to None, run_after=None
[2023-10-15T14:24:04.333+0000] {logging_mixin.py:151} INFO - [2023-10-15T14:24:04.333+0000] {dag.py:3696} INFO - Setting next_dagrun for example_subdag_operator.section-2 to None, run_after=None
[2023-10-15T14:24:04.342+0000] {logging_mixin.py:151} INFO - [2023-10-15T14:24:04.342+0000] {dag.py:2915} INFO - Sync 2 DAGs
[2023-10-15T14:24:04.349+0000] {logging_mixin.py:151} INFO - [2023-10-15T14:24:04.348+0000] {dag.py:3696} INFO - Setting next_dagrun for example_subdag_operator.section-1 to None, run_after=None
[2023-10-15T14:24:04.350+0000] {logging_mixin.py:151} INFO - [2023-10-15T14:24:04.350+0000] {dag.py:3696} INFO - Setting next_dagrun for example_subdag_operator.section-2 to None, run_after=None
[2023-10-15T14:24:04.361+0000] {processor.py:179} INFO - Processing /home/airflow/.local/lib/python3.8/site-packages/airflow/example_dags/example_subdag_operator.py took 0.221 seconds
[2023-10-15T14:24:35.117+0000] {processor.py:157} INFO - Started process (PID=144) to work on /home/airflow/.local/lib/python3.8/site-packages/airflow/example_dags/example_subdag_operator.py
[2023-10-15T14:24:35.118+0000] {processor.py:829} INFO - Processing file /home/airflow/.local/lib/python3.8/site-packages/airflow/example_dags/example_subdag_operator.py for tasks to queue
[2023-10-15T14:24:35.121+0000] {logging_mixin.py:151} INFO - [2023-10-15T14:24:35.121+0000] {dagbag.py:539} INFO - Filling up the DagBag from /home/airflow/.local/lib/python3.8/site-packages/airflow/example_dags/example_subdag_operator.py
[2023-10-15T14:24:35.155+0000] {processor.py:839} INFO - DAG(s) dict_keys(['example_subdag_operator.section-1', 'example_subdag_operator.section-2', 'example_subdag_operator']) retrieved from /home/airflow/.local/lib/python3.8/site-packages/airflow/example_dags/example_subdag_operator.py
[2023-10-15T14:24:35.171+0000] {logging_mixin.py:151} INFO - [2023-10-15T14:24:35.170+0000] {dag.py:2915} INFO - Sync 3 DAGs
[2023-10-15T14:24:35.190+0000] {logging_mixin.py:151} INFO - [2023-10-15T14:24:35.189+0000] {dag.py:3696} INFO - Setting next_dagrun for example_subdag_operator to 2022-01-01T00:00:00+00:00, run_after=2022-01-01T00:00:00+00:00
[2023-10-15T14:24:35.192+0000] {logging_mixin.py:151} INFO - [2023-10-15T14:24:35.192+0000] {dag.py:3696} INFO - Setting next_dagrun for example_subdag_operator.section-1 to None, run_after=None
[2023-10-15T14:24:35.193+0000] {logging_mixin.py:151} INFO - [2023-10-15T14:24:35.193+0000] {dag.py:3696} INFO - Setting next_dagrun for example_subdag_operator.section-2 to None, run_after=None
[2023-10-15T14:24:35.198+0000] {logging_mixin.py:151} INFO - [2023-10-15T14:24:35.198+0000] {dag.py:2915} INFO - Sync 2 DAGs
[2023-10-15T14:24:35.201+0000] {logging_mixin.py:151} INFO - [2023-10-15T14:24:35.201+0000] {dag.py:3696} INFO - Setting next_dagrun for example_subdag_operator.section-1 to None, run_after=None
[2023-10-15T14:24:35.201+0000] {logging_mixin.py:151} INFO - [2023-10-15T14:24:35.201+0000] {dag.py:3696} INFO - Setting next_dagrun for example_subdag_operator.section-2 to None, run_after=None
[2023-10-15T14:24:35.216+0000] {processor.py:179} INFO - Processing /home/airflow/.local/lib/python3.8/site-packages/airflow/example_dags/example_subdag_operator.py took 0.102 seconds
[2023-10-15T14:25:05.399+0000] {processor.py:157} INFO - Started process (PID=197) to work on /home/airflow/.local/lib/python3.8/site-packages/airflow/example_dags/example_subdag_operator.py
[2023-10-15T14:25:05.403+0000] {processor.py:829} INFO - Processing file /home/airflow/.local/lib/python3.8/site-packages/airflow/example_dags/example_subdag_operator.py for tasks to queue
[2023-10-15T14:25:05.412+0000] {logging_mixin.py:151} INFO - [2023-10-15T14:25:05.411+0000] {dagbag.py:539} INFO - Filling up the DagBag from /home/airflow/.local/lib/python3.8/site-packages/airflow/example_dags/example_subdag_operator.py
[2023-10-15T14:25:05.448+0000] {processor.py:839} INFO - DAG(s) dict_keys(['example_subdag_operator.section-1', 'example_subdag_operator.section-2', 'example_subdag_operator']) retrieved from /home/airflow/.local/lib/python3.8/site-packages/airflow/example_dags/example_subdag_operator.py
[2023-10-15T14:25:05.460+0000] {logging_mixin.py:151} INFO - [2023-10-15T14:25:05.460+0000] {dag.py:2915} INFO - Sync 3 DAGs
[2023-10-15T14:25:05.497+0000] {logging_mixin.py:151} INFO - [2023-10-15T14:25:05.496+0000] {dag.py:3696} INFO - Setting next_dagrun for example_subdag_operator to 2022-01-01T00:00:00+00:00, run_after=2022-01-01T00:00:00+00:00
[2023-10-15T14:25:05.503+0000] {logging_mixin.py:151} INFO - [2023-10-15T14:25:05.503+0000] {dag.py:3696} INFO - Setting next_dagrun for example_subdag_operator.section-1 to None, run_after=None
[2023-10-15T14:25:05.505+0000] {logging_mixin.py:151} INFO - [2023-10-15T14:25:05.505+0000] {dag.py:3696} INFO - Setting next_dagrun for example_subdag_operator.section-2 to None, run_after=None
[2023-10-15T14:25:05.511+0000] {logging_mixin.py:151} INFO - [2023-10-15T14:25:05.510+0000] {dag.py:2915} INFO - Sync 2 DAGs
[2023-10-15T14:25:05.514+0000] {logging_mixin.py:151} INFO - [2023-10-15T14:25:05.514+0000] {dag.py:3696} INFO - Setting next_dagrun for example_subdag_operator.section-1 to None, run_after=None
[2023-10-15T14:25:05.514+0000] {logging_mixin.py:151} INFO - [2023-10-15T14:25:05.514+0000] {dag.py:3696} INFO - Setting next_dagrun for example_subdag_operator.section-2 to None, run_after=None
[2023-10-15T14:25:05.522+0000] {processor.py:179} INFO - Processing /home/airflow/.local/lib/python3.8/site-packages/airflow/example_dags/example_subdag_operator.py took 0.132 seconds
[2023-10-15T14:25:35.679+0000] {processor.py:157} INFO - Started process (PID=251) to work on /home/airflow/.local/lib/python3.8/site-packages/airflow/example_dags/example_subdag_operator.py
[2023-10-15T14:25:35.681+0000] {processor.py:829} INFO - Processing file /home/airflow/.local/lib/python3.8/site-packages/airflow/example_dags/example_subdag_operator.py for tasks to queue
[2023-10-15T14:25:35.685+0000] {logging_mixin.py:151} INFO - [2023-10-15T14:25:35.685+0000] {dagbag.py:539} INFO - Filling up the DagBag from /home/airflow/.local/lib/python3.8/site-packages/airflow/example_dags/example_subdag_operator.py
[2023-10-15T14:25:35.737+0000] {processor.py:839} INFO - DAG(s) dict_keys(['example_subdag_operator.section-1', 'example_subdag_operator.section-2', 'example_subdag_operator']) retrieved from /home/airflow/.local/lib/python3.8/site-packages/airflow/example_dags/example_subdag_operator.py
[2023-10-15T14:25:35.749+0000] {logging_mixin.py:151} INFO - [2023-10-15T14:25:35.748+0000] {dag.py:2915} INFO - Sync 3 DAGs
[2023-10-15T14:25:35.763+0000] {logging_mixin.py:151} INFO - [2023-10-15T14:25:35.763+0000] {dag.py:3696} INFO - Setting next_dagrun for example_subdag_operator to 2022-01-01T00:00:00+00:00, run_after=2022-01-01T00:00:00+00:00
[2023-10-15T14:25:35.765+0000] {logging_mixin.py:151} INFO - [2023-10-15T14:25:35.765+0000] {dag.py:3696} INFO - Setting next_dagrun for example_subdag_operator.section-1 to None, run_after=None
[2023-10-15T14:25:35.766+0000] {logging_mixin.py:151} INFO - [2023-10-15T14:25:35.766+0000] {dag.py:3696} INFO - Setting next_dagrun for example_subdag_operator.section-2 to None, run_after=None
[2023-10-15T14:25:35.770+0000] {logging_mixin.py:151} INFO - [2023-10-15T14:25:35.770+0000] {dag.py:2915} INFO - Sync 2 DAGs
[2023-10-15T14:25:35.773+0000] {logging_mixin.py:151} INFO - [2023-10-15T14:25:35.773+0000] {dag.py:3696} INFO - Setting next_dagrun for example_subdag_operator.section-1 to None, run_after=None
[2023-10-15T14:25:35.774+0000] {logging_mixin.py:151} INFO - [2023-10-15T14:25:35.773+0000] {dag.py:3696} INFO - Setting next_dagrun for example_subdag_operator.section-2 to None, run_after=None
[2023-10-15T14:25:35.782+0000] {processor.py:179} INFO - Processing /home/airflow/.local/lib/python3.8/site-packages/airflow/example_dags/example_subdag_operator.py took 0.111 seconds
