[2023-10-15T14:23:34.737+0000] {processor.py:157} INFO - Started process (PID=41) to work on /home/airflow/.local/lib/python3.8/site-packages/airflow/example_dags/example_setup_teardown.py
[2023-10-15T14:23:34.738+0000] {processor.py:829} INFO - Processing file /home/airflow/.local/lib/python3.8/site-packages/airflow/example_dags/example_setup_teardown.py for tasks to queue
[2023-10-15T14:23:34.741+0000] {logging_mixin.py:151} INFO - [2023-10-15T14:23:34.740+0000] {dagbag.py:539} INFO - Filling up the DagBag from /home/airflow/.local/lib/python3.8/site-packages/airflow/example_dags/example_setup_teardown.py
[2023-10-15T14:23:34.971+0000] {processor.py:839} INFO - DAG(s) dict_keys(['example_setup_teardown']) retrieved from /home/airflow/.local/lib/python3.8/site-packages/airflow/example_dags/example_setup_teardown.py
[2023-10-15T14:23:35.005+0000] {logging_mixin.py:151} INFO - [2023-10-15T14:23:35.005+0000] {dag.py:2915} INFO - Sync 1 DAGs
[2023-10-15T14:23:35.038+0000] {logging_mixin.py:151} INFO - [2023-10-15T14:23:35.038+0000] {dag.py:3696} INFO - Setting next_dagrun for example_setup_teardown to 2023-10-14T14:23:35.037971+00:00, run_after=2023-10-15T14:23:35.037971+00:00
[2023-10-15T14:23:35.065+0000] {processor.py:179} INFO - Processing /home/airflow/.local/lib/python3.8/site-packages/airflow/example_dags/example_setup_teardown.py took 0.332 seconds
[2023-10-15T14:24:06.026+0000] {processor.py:157} INFO - Started process (PID=95) to work on /home/airflow/.local/lib/python3.8/site-packages/airflow/example_dags/example_setup_teardown.py
[2023-10-15T14:24:06.027+0000] {processor.py:829} INFO - Processing file /home/airflow/.local/lib/python3.8/site-packages/airflow/example_dags/example_setup_teardown.py for tasks to queue
[2023-10-15T14:24:06.029+0000] {logging_mixin.py:151} INFO - [2023-10-15T14:24:06.028+0000] {dagbag.py:539} INFO - Filling up the DagBag from /home/airflow/.local/lib/python3.8/site-packages/airflow/example_dags/example_setup_teardown.py
[2023-10-15T14:24:06.036+0000] {processor.py:839} INFO - DAG(s) dict_keys(['example_setup_teardown']) retrieved from /home/airflow/.local/lib/python3.8/site-packages/airflow/example_dags/example_setup_teardown.py
[2023-10-15T14:24:06.055+0000] {logging_mixin.py:151} INFO - [2023-10-15T14:24:06.055+0000] {dag.py:2915} INFO - Sync 1 DAGs
[2023-10-15T14:24:06.071+0000] {logging_mixin.py:151} INFO - [2023-10-15T14:24:06.071+0000] {dag.py:3696} INFO - Setting next_dagrun for example_setup_teardown to 2023-10-14T14:24:06.071457+00:00, run_after=2023-10-15T14:24:06.071457+00:00
[2023-10-15T14:24:06.084+0000] {processor.py:179} INFO - Processing /home/airflow/.local/lib/python3.8/site-packages/airflow/example_dags/example_setup_teardown.py took 0.061 seconds
[2023-10-15T14:24:36.458+0000] {processor.py:157} INFO - Started process (PID=149) to work on /home/airflow/.local/lib/python3.8/site-packages/airflow/example_dags/example_setup_teardown.py
[2023-10-15T14:24:36.461+0000] {processor.py:829} INFO - Processing file /home/airflow/.local/lib/python3.8/site-packages/airflow/example_dags/example_setup_teardown.py for tasks to queue
[2023-10-15T14:24:36.466+0000] {logging_mixin.py:151} INFO - [2023-10-15T14:24:36.465+0000] {dagbag.py:539} INFO - Filling up the DagBag from /home/airflow/.local/lib/python3.8/site-packages/airflow/example_dags/example_setup_teardown.py
[2023-10-15T14:24:36.474+0000] {processor.py:839} INFO - DAG(s) dict_keys(['example_setup_teardown']) retrieved from /home/airflow/.local/lib/python3.8/site-packages/airflow/example_dags/example_setup_teardown.py
[2023-10-15T14:24:36.493+0000] {logging_mixin.py:151} INFO - [2023-10-15T14:24:36.493+0000] {dag.py:2915} INFO - Sync 1 DAGs
[2023-10-15T14:24:36.507+0000] {logging_mixin.py:151} INFO - [2023-10-15T14:24:36.507+0000] {dag.py:3696} INFO - Setting next_dagrun for example_setup_teardown to 2023-10-14T14:24:36.507623+00:00, run_after=2023-10-15T14:24:36.507623+00:00
[2023-10-15T14:24:36.520+0000] {processor.py:179} INFO - Processing /home/airflow/.local/lib/python3.8/site-packages/airflow/example_dags/example_setup_teardown.py took 0.077 seconds
[2023-10-15T14:25:06.876+0000] {processor.py:157} INFO - Started process (PID=203) to work on /home/airflow/.local/lib/python3.8/site-packages/airflow/example_dags/example_setup_teardown.py
[2023-10-15T14:25:06.877+0000] {processor.py:829} INFO - Processing file /home/airflow/.local/lib/python3.8/site-packages/airflow/example_dags/example_setup_teardown.py for tasks to queue
[2023-10-15T14:25:06.879+0000] {logging_mixin.py:151} INFO - [2023-10-15T14:25:06.879+0000] {dagbag.py:539} INFO - Filling up the DagBag from /home/airflow/.local/lib/python3.8/site-packages/airflow/example_dags/example_setup_teardown.py
[2023-10-15T14:25:06.884+0000] {processor.py:839} INFO - DAG(s) dict_keys(['example_setup_teardown']) retrieved from /home/airflow/.local/lib/python3.8/site-packages/airflow/example_dags/example_setup_teardown.py
[2023-10-15T14:25:06.907+0000] {logging_mixin.py:151} INFO - [2023-10-15T14:25:06.907+0000] {dag.py:2915} INFO - Sync 1 DAGs
[2023-10-15T14:25:06.933+0000] {logging_mixin.py:151} INFO - [2023-10-15T14:25:06.933+0000] {dag.py:3696} INFO - Setting next_dagrun for example_setup_teardown to 2023-10-14T14:25:06.932918+00:00, run_after=2023-10-15T14:25:06.932918+00:00
[2023-10-15T14:25:06.952+0000] {processor.py:179} INFO - Processing /home/airflow/.local/lib/python3.8/site-packages/airflow/example_dags/example_setup_teardown.py took 0.078 seconds
[2023-10-15T14:25:36.976+0000] {processor.py:157} INFO - Started process (PID=257) to work on /home/airflow/.local/lib/python3.8/site-packages/airflow/example_dags/example_setup_teardown.py
[2023-10-15T14:25:36.978+0000] {processor.py:829} INFO - Processing file /home/airflow/.local/lib/python3.8/site-packages/airflow/example_dags/example_setup_teardown.py for tasks to queue
[2023-10-15T14:25:36.979+0000] {logging_mixin.py:151} INFO - [2023-10-15T14:25:36.979+0000] {dagbag.py:539} INFO - Filling up the DagBag from /home/airflow/.local/lib/python3.8/site-packages/airflow/example_dags/example_setup_teardown.py
[2023-10-15T14:25:36.983+0000] {processor.py:839} INFO - DAG(s) dict_keys(['example_setup_teardown']) retrieved from /home/airflow/.local/lib/python3.8/site-packages/airflow/example_dags/example_setup_teardown.py
[2023-10-15T14:25:36.995+0000] {logging_mixin.py:151} INFO - [2023-10-15T14:25:36.995+0000] {dag.py:2915} INFO - Sync 1 DAGs
[2023-10-15T14:25:37.006+0000] {logging_mixin.py:151} INFO - [2023-10-15T14:25:37.005+0000] {dag.py:3696} INFO - Setting next_dagrun for example_setup_teardown to 2023-10-14T14:25:37.005761+00:00, run_after=2023-10-15T14:25:37.005761+00:00
[2023-10-15T14:25:37.014+0000] {processor.py:179} INFO - Processing /home/airflow/.local/lib/python3.8/site-packages/airflow/example_dags/example_setup_teardown.py took 0.040 seconds
