[2023-10-15T14:23:36.290+0000] {processor.py:157} INFO - Started process (PID=50) to work on /home/airflow/.local/lib/python3.8/site-packages/airflow/example_dags/example_short_circuit_decorator.py
[2023-10-15T14:23:36.291+0000] {processor.py:829} INFO - Processing file /home/airflow/.local/lib/python3.8/site-packages/airflow/example_dags/example_short_circuit_decorator.py for tasks to queue
[2023-10-15T14:23:36.294+0000] {logging_mixin.py:151} INFO - [2023-10-15T14:23:36.293+0000] {dagbag.py:539} INFO - Filling up the DagBag from /home/airflow/.local/lib/python3.8/site-packages/airflow/example_dags/example_short_circuit_decorator.py
[2023-10-15T14:23:36.304+0000] {processor.py:839} INFO - DAG(s) dict_keys(['example_short_circuit_decorator']) retrieved from /home/airflow/.local/lib/python3.8/site-packages/airflow/example_dags/example_short_circuit_decorator.py
[2023-10-15T14:23:36.332+0000] {logging_mixin.py:151} INFO - [2023-10-15T14:23:36.332+0000] {dag.py:2915} INFO - Sync 1 DAGs
[2023-10-15T14:23:36.347+0000] {logging_mixin.py:151} INFO - [2023-10-15T14:23:36.347+0000] {dag.py:3696} INFO - Setting next_dagrun for example_short_circuit_decorator to 2023-10-14T14:23:36.346859+00:00, run_after=2023-10-15T14:23:36.346859+00:00
[2023-10-15T14:23:36.359+0000] {processor.py:179} INFO - Processing /home/airflow/.local/lib/python3.8/site-packages/airflow/example_dags/example_short_circuit_decorator.py took 0.073 seconds
[2023-10-15T14:24:06.606+0000] {processor.py:157} INFO - Started process (PID=104) to work on /home/airflow/.local/lib/python3.8/site-packages/airflow/example_dags/example_short_circuit_decorator.py
[2023-10-15T14:24:06.607+0000] {processor.py:829} INFO - Processing file /home/airflow/.local/lib/python3.8/site-packages/airflow/example_dags/example_short_circuit_decorator.py for tasks to queue
[2023-10-15T14:24:06.609+0000] {logging_mixin.py:151} INFO - [2023-10-15T14:24:06.609+0000] {dagbag.py:539} INFO - Filling up the DagBag from /home/airflow/.local/lib/python3.8/site-packages/airflow/example_dags/example_short_circuit_decorator.py
[2023-10-15T14:24:06.615+0000] {processor.py:839} INFO - DAG(s) dict_keys(['example_short_circuit_decorator']) retrieved from /home/airflow/.local/lib/python3.8/site-packages/airflow/example_dags/example_short_circuit_decorator.py
[2023-10-15T14:24:06.628+0000] {logging_mixin.py:151} INFO - [2023-10-15T14:24:06.628+0000] {dag.py:2915} INFO - Sync 1 DAGs
[2023-10-15T14:24:06.640+0000] {logging_mixin.py:151} INFO - [2023-10-15T14:24:06.640+0000] {dag.py:3696} INFO - Setting next_dagrun for example_short_circuit_decorator to 2023-10-14T14:24:06.640327+00:00, run_after=2023-10-15T14:24:06.640327+00:00
[2023-10-15T14:24:06.650+0000] {processor.py:179} INFO - Processing /home/airflow/.local/lib/python3.8/site-packages/airflow/example_dags/example_short_circuit_decorator.py took 0.046 seconds
[2023-10-15T14:24:36.834+0000] {processor.py:157} INFO - Started process (PID=158) to work on /home/airflow/.local/lib/python3.8/site-packages/airflow/example_dags/example_short_circuit_decorator.py
[2023-10-15T14:24:36.835+0000] {processor.py:829} INFO - Processing file /home/airflow/.local/lib/python3.8/site-packages/airflow/example_dags/example_short_circuit_decorator.py for tasks to queue
[2023-10-15T14:24:36.836+0000] {logging_mixin.py:151} INFO - [2023-10-15T14:24:36.836+0000] {dagbag.py:539} INFO - Filling up the DagBag from /home/airflow/.local/lib/python3.8/site-packages/airflow/example_dags/example_short_circuit_decorator.py
[2023-10-15T14:24:36.842+0000] {processor.py:839} INFO - DAG(s) dict_keys(['example_short_circuit_decorator']) retrieved from /home/airflow/.local/lib/python3.8/site-packages/airflow/example_dags/example_short_circuit_decorator.py
[2023-10-15T14:24:36.859+0000] {logging_mixin.py:151} INFO - [2023-10-15T14:24:36.859+0000] {dag.py:2915} INFO - Sync 1 DAGs
[2023-10-15T14:24:36.884+0000] {logging_mixin.py:151} INFO - [2023-10-15T14:24:36.884+0000] {dag.py:3696} INFO - Setting next_dagrun for example_short_circuit_decorator to 2023-10-14T14:24:36.884469+00:00, run_after=2023-10-15T14:24:36.884469+00:00
[2023-10-15T14:24:36.899+0000] {processor.py:179} INFO - Processing /home/airflow/.local/lib/python3.8/site-packages/airflow/example_dags/example_short_circuit_decorator.py took 0.068 seconds
[2023-10-15T14:25:07.220+0000] {processor.py:157} INFO - Started process (PID=212) to work on /home/airflow/.local/lib/python3.8/site-packages/airflow/example_dags/example_short_circuit_decorator.py
[2023-10-15T14:25:07.221+0000] {processor.py:829} INFO - Processing file /home/airflow/.local/lib/python3.8/site-packages/airflow/example_dags/example_short_circuit_decorator.py for tasks to queue
[2023-10-15T14:25:07.223+0000] {logging_mixin.py:151} INFO - [2023-10-15T14:25:07.223+0000] {dagbag.py:539} INFO - Filling up the DagBag from /home/airflow/.local/lib/python3.8/site-packages/airflow/example_dags/example_short_circuit_decorator.py
[2023-10-15T14:25:07.229+0000] {processor.py:839} INFO - DAG(s) dict_keys(['example_short_circuit_decorator']) retrieved from /home/airflow/.local/lib/python3.8/site-packages/airflow/example_dags/example_short_circuit_decorator.py
[2023-10-15T14:25:07.243+0000] {logging_mixin.py:151} INFO - [2023-10-15T14:25:07.243+0000] {dag.py:2915} INFO - Sync 1 DAGs
[2023-10-15T14:25:07.260+0000] {logging_mixin.py:151} INFO - [2023-10-15T14:25:07.260+0000] {dag.py:3696} INFO - Setting next_dagrun for example_short_circuit_decorator to 2023-10-14T14:25:07.260102+00:00, run_after=2023-10-15T14:25:07.260102+00:00
[2023-10-15T14:25:07.287+0000] {processor.py:179} INFO - Processing /home/airflow/.local/lib/python3.8/site-packages/airflow/example_dags/example_short_circuit_decorator.py took 0.070 seconds
[2023-10-15T14:25:37.323+0000] {processor.py:157} INFO - Started process (PID=265) to work on /home/airflow/.local/lib/python3.8/site-packages/airflow/example_dags/example_short_circuit_decorator.py
[2023-10-15T14:25:37.324+0000] {processor.py:829} INFO - Processing file /home/airflow/.local/lib/python3.8/site-packages/airflow/example_dags/example_short_circuit_decorator.py for tasks to queue
[2023-10-15T14:25:37.326+0000] {logging_mixin.py:151} INFO - [2023-10-15T14:25:37.326+0000] {dagbag.py:539} INFO - Filling up the DagBag from /home/airflow/.local/lib/python3.8/site-packages/airflow/example_dags/example_short_circuit_decorator.py
[2023-10-15T14:25:37.331+0000] {processor.py:839} INFO - DAG(s) dict_keys(['example_short_circuit_decorator']) retrieved from /home/airflow/.local/lib/python3.8/site-packages/airflow/example_dags/example_short_circuit_decorator.py
[2023-10-15T14:25:37.344+0000] {logging_mixin.py:151} INFO - [2023-10-15T14:25:37.344+0000] {dag.py:2915} INFO - Sync 1 DAGs
[2023-10-15T14:25:37.355+0000] {logging_mixin.py:151} INFO - [2023-10-15T14:25:37.355+0000] {dag.py:3696} INFO - Setting next_dagrun for example_short_circuit_decorator to 2023-10-14T14:25:37.355421+00:00, run_after=2023-10-15T14:25:37.355421+00:00
[2023-10-15T14:25:37.364+0000] {processor.py:179} INFO - Processing /home/airflow/.local/lib/python3.8/site-packages/airflow/example_dags/example_short_circuit_decorator.py took 0.043 seconds
