[2023-10-15T14:23:36.749+0000] {processor.py:157} INFO - Started process (PID=58) to work on /home/airflow/.local/lib/python3.8/site-packages/airflow/example_dags/example_setup_teardown_taskflow.py
[2023-10-15T14:23:36.750+0000] {processor.py:829} INFO - Processing file /home/airflow/.local/lib/python3.8/site-packages/airflow/example_dags/example_setup_teardown_taskflow.py for tasks to queue
[2023-10-15T14:23:36.753+0000] {logging_mixin.py:151} INFO - [2023-10-15T14:23:36.752+0000] {dagbag.py:539} INFO - Filling up the DagBag from /home/airflow/.local/lib/python3.8/site-packages/airflow/example_dags/example_setup_teardown_taskflow.py
[2023-10-15T14:23:36.761+0000] {processor.py:839} INFO - DAG(s) dict_keys(['example_setup_teardown_taskflow']) retrieved from /home/airflow/.local/lib/python3.8/site-packages/airflow/example_dags/example_setup_teardown_taskflow.py
[2023-10-15T14:23:36.792+0000] {logging_mixin.py:151} INFO - [2023-10-15T14:23:36.792+0000] {dag.py:2915} INFO - Sync 1 DAGs
[2023-10-15T14:23:36.816+0000] {logging_mixin.py:151} INFO - [2023-10-15T14:23:36.815+0000] {dag.py:3696} INFO - Setting next_dagrun for example_setup_teardown_taskflow to 2023-10-14T14:23:36.815402+00:00, run_after=2023-10-15T14:23:36.815402+00:00
[2023-10-15T14:23:36.836+0000] {processor.py:179} INFO - Processing /home/airflow/.local/lib/python3.8/site-packages/airflow/example_dags/example_setup_teardown_taskflow.py took 0.091 seconds
[2023-10-15T14:24:06.875+0000] {processor.py:157} INFO - Started process (PID=112) to work on /home/airflow/.local/lib/python3.8/site-packages/airflow/example_dags/example_setup_teardown_taskflow.py
[2023-10-15T14:24:06.876+0000] {processor.py:829} INFO - Processing file /home/airflow/.local/lib/python3.8/site-packages/airflow/example_dags/example_setup_teardown_taskflow.py for tasks to queue
[2023-10-15T14:24:06.878+0000] {logging_mixin.py:151} INFO - [2023-10-15T14:24:06.877+0000] {dagbag.py:539} INFO - Filling up the DagBag from /home/airflow/.local/lib/python3.8/site-packages/airflow/example_dags/example_setup_teardown_taskflow.py
[2023-10-15T14:24:06.884+0000] {processor.py:839} INFO - DAG(s) dict_keys(['example_setup_teardown_taskflow']) retrieved from /home/airflow/.local/lib/python3.8/site-packages/airflow/example_dags/example_setup_teardown_taskflow.py
[2023-10-15T14:24:06.897+0000] {logging_mixin.py:151} INFO - [2023-10-15T14:24:06.897+0000] {dag.py:2915} INFO - Sync 1 DAGs
[2023-10-15T14:24:06.914+0000] {logging_mixin.py:151} INFO - [2023-10-15T14:24:06.914+0000] {dag.py:3696} INFO - Setting next_dagrun for example_setup_teardown_taskflow to 2023-10-14T14:24:06.914322+00:00, run_after=2023-10-15T14:24:06.914322+00:00
[2023-10-15T14:24:06.926+0000] {processor.py:179} INFO - Processing /home/airflow/.local/lib/python3.8/site-packages/airflow/example_dags/example_setup_teardown_taskflow.py took 0.053 seconds
[2023-10-15T14:24:37.102+0000] {processor.py:157} INFO - Started process (PID=166) to work on /home/airflow/.local/lib/python3.8/site-packages/airflow/example_dags/example_setup_teardown_taskflow.py
[2023-10-15T14:24:37.103+0000] {processor.py:829} INFO - Processing file /home/airflow/.local/lib/python3.8/site-packages/airflow/example_dags/example_setup_teardown_taskflow.py for tasks to queue
[2023-10-15T14:24:37.105+0000] {logging_mixin.py:151} INFO - [2023-10-15T14:24:37.105+0000] {dagbag.py:539} INFO - Filling up the DagBag from /home/airflow/.local/lib/python3.8/site-packages/airflow/example_dags/example_setup_teardown_taskflow.py
[2023-10-15T14:24:37.112+0000] {processor.py:839} INFO - DAG(s) dict_keys(['example_setup_teardown_taskflow']) retrieved from /home/airflow/.local/lib/python3.8/site-packages/airflow/example_dags/example_setup_teardown_taskflow.py
[2023-10-15T14:24:37.126+0000] {logging_mixin.py:151} INFO - [2023-10-15T14:24:37.126+0000] {dag.py:2915} INFO - Sync 1 DAGs
[2023-10-15T14:24:37.141+0000] {logging_mixin.py:151} INFO - [2023-10-15T14:24:37.141+0000] {dag.py:3696} INFO - Setting next_dagrun for example_setup_teardown_taskflow to 2023-10-14T14:24:37.141060+00:00, run_after=2023-10-15T14:24:37.141060+00:00
[2023-10-15T14:24:37.153+0000] {processor.py:179} INFO - Processing /home/airflow/.local/lib/python3.8/site-packages/airflow/example_dags/example_setup_teardown_taskflow.py took 0.052 seconds
[2023-10-15T14:25:07.569+0000] {processor.py:157} INFO - Started process (PID=220) to work on /home/airflow/.local/lib/python3.8/site-packages/airflow/example_dags/example_setup_teardown_taskflow.py
[2023-10-15T14:25:07.570+0000] {processor.py:829} INFO - Processing file /home/airflow/.local/lib/python3.8/site-packages/airflow/example_dags/example_setup_teardown_taskflow.py for tasks to queue
[2023-10-15T14:25:07.572+0000] {logging_mixin.py:151} INFO - [2023-10-15T14:25:07.571+0000] {dagbag.py:539} INFO - Filling up the DagBag from /home/airflow/.local/lib/python3.8/site-packages/airflow/example_dags/example_setup_teardown_taskflow.py
[2023-10-15T14:25:07.577+0000] {processor.py:839} INFO - DAG(s) dict_keys(['example_setup_teardown_taskflow']) retrieved from /home/airflow/.local/lib/python3.8/site-packages/airflow/example_dags/example_setup_teardown_taskflow.py
[2023-10-15T14:25:07.590+0000] {logging_mixin.py:151} INFO - [2023-10-15T14:25:07.590+0000] {dag.py:2915} INFO - Sync 1 DAGs
[2023-10-15T14:25:07.601+0000] {logging_mixin.py:151} INFO - [2023-10-15T14:25:07.601+0000] {dag.py:3696} INFO - Setting next_dagrun for example_setup_teardown_taskflow to 2023-10-14T14:25:07.601347+00:00, run_after=2023-10-15T14:25:07.601347+00:00
[2023-10-15T14:25:07.610+0000] {processor.py:179} INFO - Processing /home/airflow/.local/lib/python3.8/site-packages/airflow/example_dags/example_setup_teardown_taskflow.py took 0.043 seconds
[2023-10-15T14:25:38.635+0000] {processor.py:157} INFO - Started process (PID=274) to work on /home/airflow/.local/lib/python3.8/site-packages/airflow/example_dags/example_setup_teardown_taskflow.py
[2023-10-15T14:25:38.636+0000] {processor.py:829} INFO - Processing file /home/airflow/.local/lib/python3.8/site-packages/airflow/example_dags/example_setup_teardown_taskflow.py for tasks to queue
[2023-10-15T14:25:38.638+0000] {logging_mixin.py:151} INFO - [2023-10-15T14:25:38.638+0000] {dagbag.py:539} INFO - Filling up the DagBag from /home/airflow/.local/lib/python3.8/site-packages/airflow/example_dags/example_setup_teardown_taskflow.py
[2023-10-15T14:25:38.643+0000] {processor.py:839} INFO - DAG(s) dict_keys(['example_setup_teardown_taskflow']) retrieved from /home/airflow/.local/lib/python3.8/site-packages/airflow/example_dags/example_setup_teardown_taskflow.py
[2023-10-15T14:25:38.656+0000] {logging_mixin.py:151} INFO - [2023-10-15T14:25:38.656+0000] {dag.py:2915} INFO - Sync 1 DAGs
[2023-10-15T14:25:38.668+0000] {logging_mixin.py:151} INFO - [2023-10-15T14:25:38.668+0000] {dag.py:3696} INFO - Setting next_dagrun for example_setup_teardown_taskflow to 2023-10-14T14:25:38.667952+00:00, run_after=2023-10-15T14:25:38.667952+00:00
[2023-10-15T14:25:38.677+0000] {processor.py:179} INFO - Processing /home/airflow/.local/lib/python3.8/site-packages/airflow/example_dags/example_setup_teardown_taskflow.py took 0.044 seconds
