[2023-10-15T14:23:35.521+0000] {processor.py:157} INFO - Started process (PID=45) to work on /home/airflow/.local/lib/python3.8/site-packages/airflow/example_dags/example_nested_branch_dag.py
[2023-10-15T14:23:35.522+0000] {processor.py:829} INFO - Processing file /home/airflow/.local/lib/python3.8/site-packages/airflow/example_dags/example_nested_branch_dag.py for tasks to queue
[2023-10-15T14:23:35.528+0000] {logging_mixin.py:151} INFO - [2023-10-15T14:23:35.528+0000] {dagbag.py:539} INFO - Filling up the DagBag from /home/airflow/.local/lib/python3.8/site-packages/airflow/example_dags/example_nested_branch_dag.py
[2023-10-15T14:23:35.536+0000] {processor.py:839} INFO - DAG(s) dict_keys(['example_nested_branch_dag']) retrieved from /home/airflow/.local/lib/python3.8/site-packages/airflow/example_dags/example_nested_branch_dag.py
[2023-10-15T14:23:35.724+0000] {logging_mixin.py:151} INFO - [2023-10-15T14:23:35.723+0000] {dag.py:2915} INFO - Sync 1 DAGs
[2023-10-15T14:23:35.750+0000] {logging_mixin.py:151} INFO - [2023-10-15T14:23:35.749+0000] {dag.py:3696} INFO - Setting next_dagrun for example_nested_branch_dag to 2023-10-14T00:00:00+00:00, run_after=2023-10-15T00:00:00+00:00
[2023-10-15T14:23:35.773+0000] {processor.py:179} INFO - Processing /home/airflow/.local/lib/python3.8/site-packages/airflow/example_dags/example_nested_branch_dag.py took 0.256 seconds
[2023-10-15T14:24:06.168+0000] {processor.py:157} INFO - Started process (PID=99) to work on /home/airflow/.local/lib/python3.8/site-packages/airflow/example_dags/example_nested_branch_dag.py
[2023-10-15T14:24:06.169+0000] {processor.py:829} INFO - Processing file /home/airflow/.local/lib/python3.8/site-packages/airflow/example_dags/example_nested_branch_dag.py for tasks to queue
[2023-10-15T14:24:06.171+0000] {logging_mixin.py:151} INFO - [2023-10-15T14:24:06.170+0000] {dagbag.py:539} INFO - Filling up the DagBag from /home/airflow/.local/lib/python3.8/site-packages/airflow/example_dags/example_nested_branch_dag.py
[2023-10-15T14:24:06.178+0000] {processor.py:839} INFO - DAG(s) dict_keys(['example_nested_branch_dag']) retrieved from /home/airflow/.local/lib/python3.8/site-packages/airflow/example_dags/example_nested_branch_dag.py
[2023-10-15T14:24:06.196+0000] {logging_mixin.py:151} INFO - [2023-10-15T14:24:06.195+0000] {dag.py:2915} INFO - Sync 1 DAGs
[2023-10-15T14:24:06.212+0000] {logging_mixin.py:151} INFO - [2023-10-15T14:24:06.212+0000] {dag.py:3696} INFO - Setting next_dagrun for example_nested_branch_dag to 2023-10-14T00:00:00+00:00, run_after=2023-10-15T00:00:00+00:00
[2023-10-15T14:24:06.233+0000] {processor.py:179} INFO - Processing /home/airflow/.local/lib/python3.8/site-packages/airflow/example_dags/example_nested_branch_dag.py took 0.068 seconds
[2023-10-15T14:24:36.609+0000] {processor.py:157} INFO - Started process (PID=153) to work on /home/airflow/.local/lib/python3.8/site-packages/airflow/example_dags/example_nested_branch_dag.py
[2023-10-15T14:24:36.610+0000] {processor.py:829} INFO - Processing file /home/airflow/.local/lib/python3.8/site-packages/airflow/example_dags/example_nested_branch_dag.py for tasks to queue
[2023-10-15T14:24:36.613+0000] {logging_mixin.py:151} INFO - [2023-10-15T14:24:36.612+0000] {dagbag.py:539} INFO - Filling up the DagBag from /home/airflow/.local/lib/python3.8/site-packages/airflow/example_dags/example_nested_branch_dag.py
[2023-10-15T14:24:36.620+0000] {processor.py:839} INFO - DAG(s) dict_keys(['example_nested_branch_dag']) retrieved from /home/airflow/.local/lib/python3.8/site-packages/airflow/example_dags/example_nested_branch_dag.py
[2023-10-15T14:24:36.635+0000] {logging_mixin.py:151} INFO - [2023-10-15T14:24:36.635+0000] {dag.py:2915} INFO - Sync 1 DAGs
[2023-10-15T14:24:36.648+0000] {logging_mixin.py:151} INFO - [2023-10-15T14:24:36.648+0000] {dag.py:3696} INFO - Setting next_dagrun for example_nested_branch_dag to 2023-10-14T00:00:00+00:00, run_after=2023-10-15T00:00:00+00:00
[2023-10-15T14:24:36.658+0000] {processor.py:179} INFO - Processing /home/airflow/.local/lib/python3.8/site-packages/airflow/example_dags/example_nested_branch_dag.py took 0.051 seconds
[2023-10-15T14:25:07.035+0000] {processor.py:157} INFO - Started process (PID=207) to work on /home/airflow/.local/lib/python3.8/site-packages/airflow/example_dags/example_nested_branch_dag.py
[2023-10-15T14:25:07.036+0000] {processor.py:829} INFO - Processing file /home/airflow/.local/lib/python3.8/site-packages/airflow/example_dags/example_nested_branch_dag.py for tasks to queue
[2023-10-15T14:25:07.037+0000] {logging_mixin.py:151} INFO - [2023-10-15T14:25:07.037+0000] {dagbag.py:539} INFO - Filling up the DagBag from /home/airflow/.local/lib/python3.8/site-packages/airflow/example_dags/example_nested_branch_dag.py
[2023-10-15T14:25:07.044+0000] {processor.py:839} INFO - DAG(s) dict_keys(['example_nested_branch_dag']) retrieved from /home/airflow/.local/lib/python3.8/site-packages/airflow/example_dags/example_nested_branch_dag.py
[2023-10-15T14:25:07.062+0000] {logging_mixin.py:151} INFO - [2023-10-15T14:25:07.061+0000] {dag.py:2915} INFO - Sync 1 DAGs
[2023-10-15T14:25:07.075+0000] {logging_mixin.py:151} INFO - [2023-10-15T14:25:07.074+0000] {dag.py:3696} INFO - Setting next_dagrun for example_nested_branch_dag to 2023-10-14T00:00:00+00:00, run_after=2023-10-15T00:00:00+00:00
[2023-10-15T14:25:07.085+0000] {processor.py:179} INFO - Processing /home/airflow/.local/lib/python3.8/site-packages/airflow/example_dags/example_nested_branch_dag.py took 0.053 seconds
[2023-10-15T14:25:37.154+0000] {processor.py:157} INFO - Started process (PID=261) to work on /home/airflow/.local/lib/python3.8/site-packages/airflow/example_dags/example_nested_branch_dag.py
[2023-10-15T14:25:37.155+0000] {processor.py:829} INFO - Processing file /home/airflow/.local/lib/python3.8/site-packages/airflow/example_dags/example_nested_branch_dag.py for tasks to queue
[2023-10-15T14:25:37.156+0000] {logging_mixin.py:151} INFO - [2023-10-15T14:25:37.156+0000] {dagbag.py:539} INFO - Filling up the DagBag from /home/airflow/.local/lib/python3.8/site-packages/airflow/example_dags/example_nested_branch_dag.py
[2023-10-15T14:25:37.162+0000] {processor.py:839} INFO - DAG(s) dict_keys(['example_nested_branch_dag']) retrieved from /home/airflow/.local/lib/python3.8/site-packages/airflow/example_dags/example_nested_branch_dag.py
[2023-10-15T14:25:37.175+0000] {logging_mixin.py:151} INFO - [2023-10-15T14:25:37.175+0000] {dag.py:2915} INFO - Sync 1 DAGs
[2023-10-15T14:25:37.186+0000] {logging_mixin.py:151} INFO - [2023-10-15T14:25:37.186+0000] {dag.py:3696} INFO - Setting next_dagrun for example_nested_branch_dag to 2023-10-14T00:00:00+00:00, run_after=2023-10-15T00:00:00+00:00
[2023-10-15T14:25:37.194+0000] {processor.py:179} INFO - Processing /home/airflow/.local/lib/python3.8/site-packages/airflow/example_dags/example_nested_branch_dag.py took 0.042 seconds
