[2023-10-15T14:23:37.446+0000] {processor.py:157} INFO - Started process (PID=72) to work on /home/airflow/.local/lib/python3.8/site-packages/airflow/example_dags/example_xcomargs.py
[2023-10-15T14:23:37.447+0000] {processor.py:829} INFO - Processing file /home/airflow/.local/lib/python3.8/site-packages/airflow/example_dags/example_xcomargs.py for tasks to queue
[2023-10-15T14:23:37.449+0000] {logging_mixin.py:151} INFO - [2023-10-15T14:23:37.449+0000] {dagbag.py:539} INFO - Filling up the DagBag from /home/airflow/.local/lib/python3.8/site-packages/airflow/example_dags/example_xcomargs.py
[2023-10-15T14:23:37.454+0000] {processor.py:839} INFO - DAG(s) dict_keys(['example_xcom_args', 'example_xcom_args_with_operators']) retrieved from /home/airflow/.local/lib/python3.8/site-packages/airflow/example_dags/example_xcomargs.py
[2023-10-15T14:23:37.472+0000] {logging_mixin.py:151} INFO - [2023-10-15T14:23:37.472+0000] {dag.py:2915} INFO - Sync 2 DAGs
[2023-10-15T14:23:37.481+0000] {logging_mixin.py:151} INFO - [2023-10-15T14:23:37.481+0000] {dag.py:3696} INFO - Setting next_dagrun for example_xcom_args to None, run_after=None
[2023-10-15T14:23:37.484+0000] {logging_mixin.py:151} INFO - [2023-10-15T14:23:37.484+0000] {dag.py:3696} INFO - Setting next_dagrun for example_xcom_args_with_operators to None, run_after=None
[2023-10-15T14:23:37.495+0000] {processor.py:179} INFO - Processing /home/airflow/.local/lib/python3.8/site-packages/airflow/example_dags/example_xcomargs.py took 0.051 seconds
[2023-10-15T14:24:08.399+0000] {processor.py:157} INFO - Started process (PID=126) to work on /home/airflow/.local/lib/python3.8/site-packages/airflow/example_dags/example_xcomargs.py
[2023-10-15T14:24:08.400+0000] {processor.py:829} INFO - Processing file /home/airflow/.local/lib/python3.8/site-packages/airflow/example_dags/example_xcomargs.py for tasks to queue
[2023-10-15T14:24:08.402+0000] {logging_mixin.py:151} INFO - [2023-10-15T14:24:08.402+0000] {dagbag.py:539} INFO - Filling up the DagBag from /home/airflow/.local/lib/python3.8/site-packages/airflow/example_dags/example_xcomargs.py
[2023-10-15T14:24:08.407+0000] {processor.py:839} INFO - DAG(s) dict_keys(['example_xcom_args', 'example_xcom_args_with_operators']) retrieved from /home/airflow/.local/lib/python3.8/site-packages/airflow/example_dags/example_xcomargs.py
[2023-10-15T14:24:08.420+0000] {logging_mixin.py:151} INFO - [2023-10-15T14:24:08.420+0000] {dag.py:2915} INFO - Sync 2 DAGs
[2023-10-15T14:24:08.428+0000] {logging_mixin.py:151} INFO - [2023-10-15T14:24:08.428+0000] {dag.py:3696} INFO - Setting next_dagrun for example_xcom_args to None, run_after=None
[2023-10-15T14:24:08.430+0000] {logging_mixin.py:151} INFO - [2023-10-15T14:24:08.430+0000] {dag.py:3696} INFO - Setting next_dagrun for example_xcom_args_with_operators to None, run_after=None
[2023-10-15T14:24:08.438+0000] {processor.py:179} INFO - Processing /home/airflow/.local/lib/python3.8/site-packages/airflow/example_dags/example_xcomargs.py took 0.041 seconds
[2023-10-15T14:24:38.684+0000] {processor.py:157} INFO - Started process (PID=180) to work on /home/airflow/.local/lib/python3.8/site-packages/airflow/example_dags/example_xcomargs.py
[2023-10-15T14:24:38.686+0000] {processor.py:829} INFO - Processing file /home/airflow/.local/lib/python3.8/site-packages/airflow/example_dags/example_xcomargs.py for tasks to queue
[2023-10-15T14:24:38.687+0000] {logging_mixin.py:151} INFO - [2023-10-15T14:24:38.687+0000] {dagbag.py:539} INFO - Filling up the DagBag from /home/airflow/.local/lib/python3.8/site-packages/airflow/example_dags/example_xcomargs.py
[2023-10-15T14:24:38.693+0000] {processor.py:839} INFO - DAG(s) dict_keys(['example_xcom_args', 'example_xcom_args_with_operators']) retrieved from /home/airflow/.local/lib/python3.8/site-packages/airflow/example_dags/example_xcomargs.py
[2023-10-15T14:24:38.708+0000] {logging_mixin.py:151} INFO - [2023-10-15T14:24:38.708+0000] {dag.py:2915} INFO - Sync 2 DAGs
[2023-10-15T14:24:38.716+0000] {logging_mixin.py:151} INFO - [2023-10-15T14:24:38.716+0000] {dag.py:3696} INFO - Setting next_dagrun for example_xcom_args to None, run_after=None
[2023-10-15T14:24:38.718+0000] {logging_mixin.py:151} INFO - [2023-10-15T14:24:38.718+0000] {dag.py:3696} INFO - Setting next_dagrun for example_xcom_args_with_operators to None, run_after=None
[2023-10-15T14:24:38.727+0000] {processor.py:179} INFO - Processing /home/airflow/.local/lib/python3.8/site-packages/airflow/example_dags/example_xcomargs.py took 0.045 seconds
[2023-10-15T14:25:09.069+0000] {processor.py:157} INFO - Started process (PID=234) to work on /home/airflow/.local/lib/python3.8/site-packages/airflow/example_dags/example_xcomargs.py
[2023-10-15T14:25:09.071+0000] {processor.py:829} INFO - Processing file /home/airflow/.local/lib/python3.8/site-packages/airflow/example_dags/example_xcomargs.py for tasks to queue
[2023-10-15T14:25:09.072+0000] {logging_mixin.py:151} INFO - [2023-10-15T14:25:09.072+0000] {dagbag.py:539} INFO - Filling up the DagBag from /home/airflow/.local/lib/python3.8/site-packages/airflow/example_dags/example_xcomargs.py
[2023-10-15T14:25:09.077+0000] {processor.py:839} INFO - DAG(s) dict_keys(['example_xcom_args_with_operators', 'example_xcom_args']) retrieved from /home/airflow/.local/lib/python3.8/site-packages/airflow/example_dags/example_xcomargs.py
[2023-10-15T14:25:09.093+0000] {logging_mixin.py:151} INFO - [2023-10-15T14:25:09.092+0000] {dag.py:2915} INFO - Sync 2 DAGs
[2023-10-15T14:25:09.101+0000] {logging_mixin.py:151} INFO - [2023-10-15T14:25:09.101+0000] {dag.py:3696} INFO - Setting next_dagrun for example_xcom_args to None, run_after=None
[2023-10-15T14:25:09.103+0000] {logging_mixin.py:151} INFO - [2023-10-15T14:25:09.103+0000] {dag.py:3696} INFO - Setting next_dagrun for example_xcom_args_with_operators to None, run_after=None
[2023-10-15T14:25:09.114+0000] {processor.py:179} INFO - Processing /home/airflow/.local/lib/python3.8/site-packages/airflow/example_dags/example_xcomargs.py took 0.047 seconds
[2023-10-15T14:25:40.200+0000] {processor.py:157} INFO - Started process (PID=288) to work on /home/airflow/.local/lib/python3.8/site-packages/airflow/example_dags/example_xcomargs.py
[2023-10-15T14:25:40.201+0000] {processor.py:829} INFO - Processing file /home/airflow/.local/lib/python3.8/site-packages/airflow/example_dags/example_xcomargs.py for tasks to queue
[2023-10-15T14:25:40.204+0000] {logging_mixin.py:151} INFO - [2023-10-15T14:25:40.203+0000] {dagbag.py:539} INFO - Filling up the DagBag from /home/airflow/.local/lib/python3.8/site-packages/airflow/example_dags/example_xcomargs.py
[2023-10-15T14:25:40.211+0000] {processor.py:839} INFO - DAG(s) dict_keys(['example_xcom_args', 'example_xcom_args_with_operators']) retrieved from /home/airflow/.local/lib/python3.8/site-packages/airflow/example_dags/example_xcomargs.py
[2023-10-15T14:25:40.226+0000] {logging_mixin.py:151} INFO - [2023-10-15T14:25:40.226+0000] {dag.py:2915} INFO - Sync 2 DAGs
[2023-10-15T14:25:40.234+0000] {logging_mixin.py:151} INFO - [2023-10-15T14:25:40.234+0000] {dag.py:3696} INFO - Setting next_dagrun for example_xcom_args to None, run_after=None
[2023-10-15T14:25:40.236+0000] {logging_mixin.py:151} INFO - [2023-10-15T14:25:40.236+0000] {dag.py:3696} INFO - Setting next_dagrun for example_xcom_args_with_operators to None, run_after=None
[2023-10-15T14:25:40.246+0000] {processor.py:179} INFO - Processing /home/airflow/.local/lib/python3.8/site-packages/airflow/example_dags/example_xcomargs.py took 0.048 seconds
