[2023-10-15T14:23:33.409+0000] {processor.py:157} INFO - Started process (PID=34) to work on /home/airflow/.local/lib/python3.8/site-packages/airflow/example_dags/example_branch_python_dop_operator_3.py
[2023-10-15T14:23:33.411+0000] {processor.py:829} INFO - Processing file /home/airflow/.local/lib/python3.8/site-packages/airflow/example_dags/example_branch_python_dop_operator_3.py for tasks to queue
[2023-10-15T14:23:33.415+0000] {logging_mixin.py:151} INFO - [2023-10-15T14:23:33.415+0000] {dagbag.py:539} INFO - Filling up the DagBag from /home/airflow/.local/lib/python3.8/site-packages/airflow/example_dags/example_branch_python_dop_operator_3.py
[2023-10-15T14:23:33.443+0000] {processor.py:839} INFO - DAG(s) dict_keys(['example_branch_dop_operator_v3']) retrieved from /home/airflow/.local/lib/python3.8/site-packages/airflow/example_dags/example_branch_python_dop_operator_3.py
[2023-10-15T14:23:33.733+0000] {logging_mixin.py:151} INFO - [2023-10-15T14:23:33.732+0000] {dag.py:2915} INFO - Sync 1 DAGs
[2023-10-15T14:23:33.763+0000] {logging_mixin.py:151} INFO - [2023-10-15T14:23:33.762+0000] {dag.py:3696} INFO - Setting next_dagrun for example_branch_dop_operator_v3 to 2023-10-15T14:22:00+00:00, run_after=2023-10-15T14:23:00+00:00
[2023-10-15T14:23:33.782+0000] {processor.py:179} INFO - Processing /home/airflow/.local/lib/python3.8/site-packages/airflow/example_dags/example_branch_python_dop_operator_3.py took 0.382 seconds
[2023-10-15T14:24:04.139+0000] {processor.py:157} INFO - Started process (PID=88) to work on /home/airflow/.local/lib/python3.8/site-packages/airflow/example_dags/example_branch_python_dop_operator_3.py
[2023-10-15T14:24:04.140+0000] {processor.py:829} INFO - Processing file /home/airflow/.local/lib/python3.8/site-packages/airflow/example_dags/example_branch_python_dop_operator_3.py for tasks to queue
[2023-10-15T14:24:04.144+0000] {logging_mixin.py:151} INFO - [2023-10-15T14:24:04.144+0000] {dagbag.py:539} INFO - Filling up the DagBag from /home/airflow/.local/lib/python3.8/site-packages/airflow/example_dags/example_branch_python_dop_operator_3.py
[2023-10-15T14:24:04.190+0000] {processor.py:839} INFO - DAG(s) dict_keys(['example_branch_dop_operator_v3']) retrieved from /home/airflow/.local/lib/python3.8/site-packages/airflow/example_dags/example_branch_python_dop_operator_3.py
[2023-10-15T14:24:04.294+0000] {logging_mixin.py:151} INFO - [2023-10-15T14:24:04.294+0000] {dag.py:2915} INFO - Sync 1 DAGs
[2023-10-15T14:24:04.335+0000] {logging_mixin.py:151} INFO - [2023-10-15T14:24:04.335+0000] {dag.py:3696} INFO - Setting next_dagrun for example_branch_dop_operator_v3 to 2023-10-15T14:23:00+00:00, run_after=2023-10-15T14:24:00+00:00
[2023-10-15T14:24:04.359+0000] {processor.py:179} INFO - Processing /home/airflow/.local/lib/python3.8/site-packages/airflow/example_dags/example_branch_python_dop_operator_3.py took 0.226 seconds
[2023-10-15T14:24:34.932+0000] {processor.py:157} INFO - Started process (PID=142) to work on /home/airflow/.local/lib/python3.8/site-packages/airflow/example_dags/example_branch_python_dop_operator_3.py
[2023-10-15T14:24:34.934+0000] {processor.py:829} INFO - Processing file /home/airflow/.local/lib/python3.8/site-packages/airflow/example_dags/example_branch_python_dop_operator_3.py for tasks to queue
[2023-10-15T14:24:34.952+0000] {logging_mixin.py:151} INFO - [2023-10-15T14:24:34.950+0000] {dagbag.py:539} INFO - Filling up the DagBag from /home/airflow/.local/lib/python3.8/site-packages/airflow/example_dags/example_branch_python_dop_operator_3.py
[2023-10-15T14:24:34.970+0000] {processor.py:839} INFO - DAG(s) dict_keys(['example_branch_dop_operator_v3']) retrieved from /home/airflow/.local/lib/python3.8/site-packages/airflow/example_dags/example_branch_python_dop_operator_3.py
[2023-10-15T14:24:35.016+0000] {logging_mixin.py:151} INFO - [2023-10-15T14:24:35.016+0000] {dag.py:2915} INFO - Sync 1 DAGs
[2023-10-15T14:24:35.058+0000] {logging_mixin.py:151} INFO - [2023-10-15T14:24:35.058+0000] {dag.py:3696} INFO - Setting next_dagrun for example_branch_dop_operator_v3 to 2023-10-15T14:23:00+00:00, run_after=2023-10-15T14:24:00+00:00
[2023-10-15T14:24:35.095+0000] {processor.py:179} INFO - Processing /home/airflow/.local/lib/python3.8/site-packages/airflow/example_dags/example_branch_python_dop_operator_3.py took 0.170 seconds
[2023-10-15T14:25:05.399+0000] {processor.py:157} INFO - Started process (PID=196) to work on /home/airflow/.local/lib/python3.8/site-packages/airflow/example_dags/example_branch_python_dop_operator_3.py
[2023-10-15T14:25:05.403+0000] {processor.py:829} INFO - Processing file /home/airflow/.local/lib/python3.8/site-packages/airflow/example_dags/example_branch_python_dop_operator_3.py for tasks to queue
[2023-10-15T14:25:05.412+0000] {logging_mixin.py:151} INFO - [2023-10-15T14:25:05.411+0000] {dagbag.py:539} INFO - Filling up the DagBag from /home/airflow/.local/lib/python3.8/site-packages/airflow/example_dags/example_branch_python_dop_operator_3.py
[2023-10-15T14:25:05.431+0000] {processor.py:839} INFO - DAG(s) dict_keys(['example_branch_dop_operator_v3']) retrieved from /home/airflow/.local/lib/python3.8/site-packages/airflow/example_dags/example_branch_python_dop_operator_3.py
[2023-10-15T14:25:05.452+0000] {logging_mixin.py:151} INFO - [2023-10-15T14:25:05.452+0000] {dag.py:2915} INFO - Sync 1 DAGs
[2023-10-15T14:25:05.497+0000] {logging_mixin.py:151} INFO - [2023-10-15T14:25:05.497+0000] {dag.py:3696} INFO - Setting next_dagrun for example_branch_dop_operator_v3 to 2023-10-15T14:24:00+00:00, run_after=2023-10-15T14:25:00+00:00
[2023-10-15T14:25:05.516+0000] {processor.py:179} INFO - Processing /home/airflow/.local/lib/python3.8/site-packages/airflow/example_dags/example_branch_python_dop_operator_3.py took 0.131 seconds
[2023-10-15T14:25:35.674+0000] {processor.py:157} INFO - Started process (PID=250) to work on /home/airflow/.local/lib/python3.8/site-packages/airflow/example_dags/example_branch_python_dop_operator_3.py
[2023-10-15T14:25:35.677+0000] {processor.py:829} INFO - Processing file /home/airflow/.local/lib/python3.8/site-packages/airflow/example_dags/example_branch_python_dop_operator_3.py for tasks to queue
[2023-10-15T14:25:35.683+0000] {logging_mixin.py:151} INFO - [2023-10-15T14:25:35.682+0000] {dagbag.py:539} INFO - Filling up the DagBag from /home/airflow/.local/lib/python3.8/site-packages/airflow/example_dags/example_branch_python_dop_operator_3.py
[2023-10-15T14:25:35.719+0000] {processor.py:839} INFO - DAG(s) dict_keys(['example_branch_dop_operator_v3']) retrieved from /home/airflow/.local/lib/python3.8/site-packages/airflow/example_dags/example_branch_python_dop_operator_3.py
[2023-10-15T14:25:35.743+0000] {logging_mixin.py:151} INFO - [2023-10-15T14:25:35.743+0000] {dag.py:2915} INFO - Sync 1 DAGs
[2023-10-15T14:25:35.762+0000] {logging_mixin.py:151} INFO - [2023-10-15T14:25:35.762+0000] {dag.py:3696} INFO - Setting next_dagrun for example_branch_dop_operator_v3 to 2023-10-15T14:24:00+00:00, run_after=2023-10-15T14:25:00+00:00
[2023-10-15T14:25:35.775+0000] {processor.py:179} INFO - Processing /home/airflow/.local/lib/python3.8/site-packages/airflow/example_dags/example_branch_python_dop_operator_3.py took 0.112 seconds
