[2023-10-15T14:23:37.374+0000] {processor.py:157} INFO - Started process (PID=70) to work on /home/airflow/.local/lib/python3.8/site-packages/airflow/example_dags/example_complex.py
[2023-10-15T14:23:37.375+0000] {processor.py:829} INFO - Processing file /home/airflow/.local/lib/python3.8/site-packages/airflow/example_dags/example_complex.py for tasks to queue
[2023-10-15T14:23:37.378+0000] {logging_mixin.py:151} INFO - [2023-10-15T14:23:37.377+0000] {dagbag.py:539} INFO - Filling up the DagBag from /home/airflow/.local/lib/python3.8/site-packages/airflow/example_dags/example_complex.py
[2023-10-15T14:23:37.387+0000] {processor.py:839} INFO - DAG(s) dict_keys(['example_complex']) retrieved from /home/airflow/.local/lib/python3.8/site-packages/airflow/example_dags/example_complex.py
[2023-10-15T14:23:37.408+0000] {logging_mixin.py:151} INFO - [2023-10-15T14:23:37.408+0000] {dag.py:2915} INFO - Sync 1 DAGs
[2023-10-15T14:23:37.417+0000] {logging_mixin.py:151} INFO - [2023-10-15T14:23:37.417+0000] {dag.py:3696} INFO - Setting next_dagrun for example_complex to None, run_after=None
[2023-10-15T14:23:37.430+0000] {processor.py:179} INFO - Processing /home/airflow/.local/lib/python3.8/site-packages/airflow/example_dags/example_complex.py took 0.065 seconds
[2023-10-15T14:24:08.306+0000] {processor.py:157} INFO - Started process (PID=124) to work on /home/airflow/.local/lib/python3.8/site-packages/airflow/example_dags/example_complex.py
[2023-10-15T14:24:08.307+0000] {processor.py:829} INFO - Processing file /home/airflow/.local/lib/python3.8/site-packages/airflow/example_dags/example_complex.py for tasks to queue
[2023-10-15T14:24:08.309+0000] {logging_mixin.py:151} INFO - [2023-10-15T14:24:08.309+0000] {dagbag.py:539} INFO - Filling up the DagBag from /home/airflow/.local/lib/python3.8/site-packages/airflow/example_dags/example_complex.py
[2023-10-15T14:24:08.315+0000] {processor.py:839} INFO - DAG(s) dict_keys(['example_complex']) retrieved from /home/airflow/.local/lib/python3.8/site-packages/airflow/example_dags/example_complex.py
[2023-10-15T14:24:08.332+0000] {logging_mixin.py:151} INFO - [2023-10-15T14:24:08.332+0000] {dag.py:2915} INFO - Sync 1 DAGs
[2023-10-15T14:24:08.340+0000] {logging_mixin.py:151} INFO - [2023-10-15T14:24:08.339+0000] {dag.py:3696} INFO - Setting next_dagrun for example_complex to None, run_after=None
[2023-10-15T14:24:08.349+0000] {processor.py:179} INFO - Processing /home/airflow/.local/lib/python3.8/site-packages/airflow/example_dags/example_complex.py took 0.045 seconds
[2023-10-15T14:24:38.538+0000] {processor.py:157} INFO - Started process (PID=177) to work on /home/airflow/.local/lib/python3.8/site-packages/airflow/example_dags/example_complex.py
[2023-10-15T14:24:38.539+0000] {processor.py:829} INFO - Processing file /home/airflow/.local/lib/python3.8/site-packages/airflow/example_dags/example_complex.py for tasks to queue
[2023-10-15T14:24:38.541+0000] {logging_mixin.py:151} INFO - [2023-10-15T14:24:38.541+0000] {dagbag.py:539} INFO - Filling up the DagBag from /home/airflow/.local/lib/python3.8/site-packages/airflow/example_dags/example_complex.py
[2023-10-15T14:24:38.548+0000] {processor.py:839} INFO - DAG(s) dict_keys(['example_complex']) retrieved from /home/airflow/.local/lib/python3.8/site-packages/airflow/example_dags/example_complex.py
[2023-10-15T14:24:38.569+0000] {logging_mixin.py:151} INFO - [2023-10-15T14:24:38.568+0000] {dag.py:2915} INFO - Sync 1 DAGs
[2023-10-15T14:24:38.576+0000] {logging_mixin.py:151} INFO - [2023-10-15T14:24:38.576+0000] {dag.py:3696} INFO - Setting next_dagrun for example_complex to None, run_after=None
[2023-10-15T14:24:38.588+0000] {processor.py:179} INFO - Processing /home/airflow/.local/lib/python3.8/site-packages/airflow/example_dags/example_complex.py took 0.054 seconds
[2023-10-15T14:25:08.937+0000] {processor.py:157} INFO - Started process (PID=231) to work on /home/airflow/.local/lib/python3.8/site-packages/airflow/example_dags/example_complex.py
[2023-10-15T14:25:08.938+0000] {processor.py:829} INFO - Processing file /home/airflow/.local/lib/python3.8/site-packages/airflow/example_dags/example_complex.py for tasks to queue
[2023-10-15T14:25:08.940+0000] {logging_mixin.py:151} INFO - [2023-10-15T14:25:08.940+0000] {dagbag.py:539} INFO - Filling up the DagBag from /home/airflow/.local/lib/python3.8/site-packages/airflow/example_dags/example_complex.py
[2023-10-15T14:25:08.946+0000] {processor.py:839} INFO - DAG(s) dict_keys(['example_complex']) retrieved from /home/airflow/.local/lib/python3.8/site-packages/airflow/example_dags/example_complex.py
[2023-10-15T14:25:08.964+0000] {logging_mixin.py:151} INFO - [2023-10-15T14:25:08.964+0000] {dag.py:2915} INFO - Sync 1 DAGs
[2023-10-15T14:25:08.972+0000] {logging_mixin.py:151} INFO - [2023-10-15T14:25:08.972+0000] {dag.py:3696} INFO - Setting next_dagrun for example_complex to None, run_after=None
[2023-10-15T14:25:08.982+0000] {processor.py:179} INFO - Processing /home/airflow/.local/lib/python3.8/site-packages/airflow/example_dags/example_complex.py took 0.048 seconds
[2023-10-15T14:25:40.083+0000] {processor.py:157} INFO - Started process (PID=286) to work on /home/airflow/.local/lib/python3.8/site-packages/airflow/example_dags/example_complex.py
[2023-10-15T14:25:40.084+0000] {processor.py:829} INFO - Processing file /home/airflow/.local/lib/python3.8/site-packages/airflow/example_dags/example_complex.py for tasks to queue
[2023-10-15T14:25:40.086+0000] {logging_mixin.py:151} INFO - [2023-10-15T14:25:40.086+0000] {dagbag.py:539} INFO - Filling up the DagBag from /home/airflow/.local/lib/python3.8/site-packages/airflow/example_dags/example_complex.py
[2023-10-15T14:25:40.093+0000] {processor.py:839} INFO - DAG(s) dict_keys(['example_complex']) retrieved from /home/airflow/.local/lib/python3.8/site-packages/airflow/example_dags/example_complex.py
[2023-10-15T14:25:40.113+0000] {logging_mixin.py:151} INFO - [2023-10-15T14:25:40.113+0000] {dag.py:2915} INFO - Sync 1 DAGs
[2023-10-15T14:25:40.120+0000] {logging_mixin.py:151} INFO - [2023-10-15T14:25:40.120+0000] {dag.py:3696} INFO - Setting next_dagrun for example_complex to None, run_after=None
[2023-10-15T14:25:40.130+0000] {processor.py:179} INFO - Processing /home/airflow/.local/lib/python3.8/site-packages/airflow/example_dags/example_complex.py took 0.050 seconds
