[2023-10-15T14:23:34.277+0000] {processor.py:157} INFO - Started process (PID=38) to work on /home/airflow/.local/lib/python3.8/site-packages/airflow/example_dags/example_python_operator.py
[2023-10-15T14:23:34.278+0000] {processor.py:829} INFO - Processing file /home/airflow/.local/lib/python3.8/site-packages/airflow/example_dags/example_python_operator.py for tasks to queue
[2023-10-15T14:23:34.280+0000] {logging_mixin.py:151} INFO - [2023-10-15T14:23:34.280+0000] {dagbag.py:539} INFO - Filling up the DagBag from /home/airflow/.local/lib/python3.8/site-packages/airflow/example_dags/example_python_operator.py
[2023-10-15T14:23:34.290+0000] {processor.py:839} INFO - DAG(s) dict_keys(['example_python_operator']) retrieved from /home/airflow/.local/lib/python3.8/site-packages/airflow/example_dags/example_python_operator.py
[2023-10-15T14:23:34.668+0000] {logging_mixin.py:151} INFO - [2023-10-15T14:23:34.667+0000] {security.py:708} INFO - Not syncing DAG-level permissions for DAG 'DAG:example_python_operator' as access control is unset.
[2023-10-15T14:23:34.668+0000] {logging_mixin.py:151} INFO - [2023-10-15T14:23:34.668+0000] {dag.py:2915} INFO - Sync 1 DAGs
[2023-10-15T14:23:34.676+0000] {logging_mixin.py:151} INFO - [2023-10-15T14:23:34.676+0000] {dag.py:3696} INFO - Setting next_dagrun for example_python_operator to None, run_after=None
[2023-10-15T14:23:34.706+0000] {processor.py:179} INFO - Processing /home/airflow/.local/lib/python3.8/site-packages/airflow/example_dags/example_python_operator.py took 0.432 seconds
[2023-10-15T14:24:04.957+0000] {processor.py:157} INFO - Started process (PID=92) to work on /home/airflow/.local/lib/python3.8/site-packages/airflow/example_dags/example_python_operator.py
[2023-10-15T14:24:04.958+0000] {processor.py:829} INFO - Processing file /home/airflow/.local/lib/python3.8/site-packages/airflow/example_dags/example_python_operator.py for tasks to queue
[2023-10-15T14:24:04.959+0000] {logging_mixin.py:151} INFO - [2023-10-15T14:24:04.959+0000] {dagbag.py:539} INFO - Filling up the DagBag from /home/airflow/.local/lib/python3.8/site-packages/airflow/example_dags/example_python_operator.py
[2023-10-15T14:24:04.967+0000] {processor.py:839} INFO - DAG(s) dict_keys(['example_python_operator']) retrieved from /home/airflow/.local/lib/python3.8/site-packages/airflow/example_dags/example_python_operator.py
[2023-10-15T14:24:04.983+0000] {logging_mixin.py:151} INFO - [2023-10-15T14:24:04.983+0000] {dag.py:2915} INFO - Sync 1 DAGs
[2023-10-15T14:24:04.990+0000] {logging_mixin.py:151} INFO - [2023-10-15T14:24:04.990+0000] {dag.py:3696} INFO - Setting next_dagrun for example_python_operator to None, run_after=None
[2023-10-15T14:24:04.999+0000] {processor.py:179} INFO - Processing /home/airflow/.local/lib/python3.8/site-packages/airflow/example_dags/example_python_operator.py took 0.045 seconds
[2023-10-15T14:24:35.317+0000] {processor.py:157} INFO - Started process (PID=146) to work on /home/airflow/.local/lib/python3.8/site-packages/airflow/example_dags/example_python_operator.py
[2023-10-15T14:24:35.318+0000] {processor.py:829} INFO - Processing file /home/airflow/.local/lib/python3.8/site-packages/airflow/example_dags/example_python_operator.py for tasks to queue
[2023-10-15T14:24:35.320+0000] {logging_mixin.py:151} INFO - [2023-10-15T14:24:35.319+0000] {dagbag.py:539} INFO - Filling up the DagBag from /home/airflow/.local/lib/python3.8/site-packages/airflow/example_dags/example_python_operator.py
[2023-10-15T14:24:35.330+0000] {processor.py:839} INFO - DAG(s) dict_keys(['example_python_operator']) retrieved from /home/airflow/.local/lib/python3.8/site-packages/airflow/example_dags/example_python_operator.py
[2023-10-15T14:24:35.350+0000] {logging_mixin.py:151} INFO - [2023-10-15T14:24:35.349+0000] {dag.py:2915} INFO - Sync 1 DAGs
[2023-10-15T14:24:35.360+0000] {logging_mixin.py:151} INFO - [2023-10-15T14:24:35.360+0000] {dag.py:3696} INFO - Setting next_dagrun for example_python_operator to None, run_after=None
[2023-10-15T14:24:35.371+0000] {processor.py:179} INFO - Processing /home/airflow/.local/lib/python3.8/site-packages/airflow/example_dags/example_python_operator.py took 0.056 seconds
[2023-10-15T14:25:05.598+0000] {processor.py:157} INFO - Started process (PID=200) to work on /home/airflow/.local/lib/python3.8/site-packages/airflow/example_dags/example_python_operator.py
[2023-10-15T14:25:05.599+0000] {processor.py:829} INFO - Processing file /home/airflow/.local/lib/python3.8/site-packages/airflow/example_dags/example_python_operator.py for tasks to queue
[2023-10-15T14:25:05.601+0000] {logging_mixin.py:151} INFO - [2023-10-15T14:25:05.601+0000] {dagbag.py:539} INFO - Filling up the DagBag from /home/airflow/.local/lib/python3.8/site-packages/airflow/example_dags/example_python_operator.py
[2023-10-15T14:25:05.607+0000] {processor.py:839} INFO - DAG(s) dict_keys(['example_python_operator']) retrieved from /home/airflow/.local/lib/python3.8/site-packages/airflow/example_dags/example_python_operator.py
[2023-10-15T14:25:05.622+0000] {logging_mixin.py:151} INFO - [2023-10-15T14:25:05.622+0000] {dag.py:2915} INFO - Sync 1 DAGs
[2023-10-15T14:25:05.630+0000] {logging_mixin.py:151} INFO - [2023-10-15T14:25:05.630+0000] {dag.py:3696} INFO - Setting next_dagrun for example_python_operator to None, run_after=None
[2023-10-15T14:25:05.640+0000] {processor.py:179} INFO - Processing /home/airflow/.local/lib/python3.8/site-packages/airflow/example_dags/example_python_operator.py took 0.044 seconds
[2023-10-15T14:25:35.810+0000] {processor.py:157} INFO - Started process (PID=253) to work on /home/airflow/.local/lib/python3.8/site-packages/airflow/example_dags/example_python_operator.py
[2023-10-15T14:25:35.811+0000] {processor.py:829} INFO - Processing file /home/airflow/.local/lib/python3.8/site-packages/airflow/example_dags/example_python_operator.py for tasks to queue
[2023-10-15T14:25:35.813+0000] {logging_mixin.py:151} INFO - [2023-10-15T14:25:35.813+0000] {dagbag.py:539} INFO - Filling up the DagBag from /home/airflow/.local/lib/python3.8/site-packages/airflow/example_dags/example_python_operator.py
[2023-10-15T14:25:35.821+0000] {processor.py:839} INFO - DAG(s) dict_keys(['example_python_operator']) retrieved from /home/airflow/.local/lib/python3.8/site-packages/airflow/example_dags/example_python_operator.py
[2023-10-15T14:25:35.836+0000] {logging_mixin.py:151} INFO - [2023-10-15T14:25:35.836+0000] {dag.py:2915} INFO - Sync 1 DAGs
[2023-10-15T14:25:35.844+0000] {logging_mixin.py:151} INFO - [2023-10-15T14:25:35.844+0000] {dag.py:3696} INFO - Setting next_dagrun for example_python_operator to None, run_after=None
[2023-10-15T14:25:35.854+0000] {processor.py:179} INFO - Processing /home/airflow/.local/lib/python3.8/site-packages/airflow/example_dags/example_python_operator.py took 0.049 seconds
