[2023-10-15T14:23:37.123+0000] {processor.py:157} INFO - Started process (PID=66) to work on /home/airflow/.local/lib/python3.8/site-packages/airflow/example_dags/example_external_task_marker_dag.py
[2023-10-15T14:23:37.124+0000] {processor.py:829} INFO - Processing file /home/airflow/.local/lib/python3.8/site-packages/airflow/example_dags/example_external_task_marker_dag.py for tasks to queue
[2023-10-15T14:23:37.126+0000] {logging_mixin.py:151} INFO - [2023-10-15T14:23:37.126+0000] {dagbag.py:539} INFO - Filling up the DagBag from /home/airflow/.local/lib/python3.8/site-packages/airflow/example_dags/example_external_task_marker_dag.py
[2023-10-15T14:23:37.131+0000] {processor.py:839} INFO - DAG(s) dict_keys(['example_external_task_marker_parent', 'example_external_task_marker_child']) retrieved from /home/airflow/.local/lib/python3.8/site-packages/airflow/example_dags/example_external_task_marker_dag.py
[2023-10-15T14:23:37.163+0000] {logging_mixin.py:151} INFO - [2023-10-15T14:23:37.163+0000] {dag.py:2915} INFO - Sync 2 DAGs
[2023-10-15T14:23:37.178+0000] {logging_mixin.py:151} INFO - [2023-10-15T14:23:37.178+0000] {dag.py:3696} INFO - Setting next_dagrun for example_external_task_marker_child to None, run_after=None
[2023-10-15T14:23:37.182+0000] {logging_mixin.py:151} INFO - [2023-10-15T14:23:37.182+0000] {dag.py:3696} INFO - Setting next_dagrun for example_external_task_marker_parent to None, run_after=None
[2023-10-15T14:23:37.199+0000] {processor.py:179} INFO - Processing /home/airflow/.local/lib/python3.8/site-packages/airflow/example_dags/example_external_task_marker_dag.py took 0.079 seconds
[2023-10-15T14:24:08.183+0000] {processor.py:157} INFO - Started process (PID=120) to work on /home/airflow/.local/lib/python3.8/site-packages/airflow/example_dags/example_external_task_marker_dag.py
[2023-10-15T14:24:08.183+0000] {processor.py:829} INFO - Processing file /home/airflow/.local/lib/python3.8/site-packages/airflow/example_dags/example_external_task_marker_dag.py for tasks to queue
[2023-10-15T14:24:08.185+0000] {logging_mixin.py:151} INFO - [2023-10-15T14:24:08.185+0000] {dagbag.py:539} INFO - Filling up the DagBag from /home/airflow/.local/lib/python3.8/site-packages/airflow/example_dags/example_external_task_marker_dag.py
[2023-10-15T14:24:08.189+0000] {processor.py:839} INFO - DAG(s) dict_keys(['example_external_task_marker_child', 'example_external_task_marker_parent']) retrieved from /home/airflow/.local/lib/python3.8/site-packages/airflow/example_dags/example_external_task_marker_dag.py
[2023-10-15T14:24:08.203+0000] {logging_mixin.py:151} INFO - [2023-10-15T14:24:08.203+0000] {dag.py:2915} INFO - Sync 2 DAGs
[2023-10-15T14:24:08.210+0000] {logging_mixin.py:151} INFO - [2023-10-15T14:24:08.210+0000] {dag.py:3696} INFO - Setting next_dagrun for example_external_task_marker_child to None, run_after=None
[2023-10-15T14:24:08.212+0000] {logging_mixin.py:151} INFO - [2023-10-15T14:24:08.212+0000] {dag.py:3696} INFO - Setting next_dagrun for example_external_task_marker_parent to None, run_after=None
[2023-10-15T14:24:08.220+0000] {processor.py:179} INFO - Processing /home/airflow/.local/lib/python3.8/site-packages/airflow/example_dags/example_external_task_marker_dag.py took 0.040 seconds
[2023-10-15T14:24:38.376+0000] {processor.py:157} INFO - Started process (PID=174) to work on /home/airflow/.local/lib/python3.8/site-packages/airflow/example_dags/example_external_task_marker_dag.py
[2023-10-15T14:24:38.377+0000] {processor.py:829} INFO - Processing file /home/airflow/.local/lib/python3.8/site-packages/airflow/example_dags/example_external_task_marker_dag.py for tasks to queue
[2023-10-15T14:24:38.379+0000] {logging_mixin.py:151} INFO - [2023-10-15T14:24:38.379+0000] {dagbag.py:539} INFO - Filling up the DagBag from /home/airflow/.local/lib/python3.8/site-packages/airflow/example_dags/example_external_task_marker_dag.py
[2023-10-15T14:24:38.385+0000] {processor.py:839} INFO - DAG(s) dict_keys(['example_external_task_marker_parent', 'example_external_task_marker_child']) retrieved from /home/airflow/.local/lib/python3.8/site-packages/airflow/example_dags/example_external_task_marker_dag.py
[2023-10-15T14:24:38.414+0000] {logging_mixin.py:151} INFO - [2023-10-15T14:24:38.414+0000] {dag.py:2915} INFO - Sync 2 DAGs
[2023-10-15T14:24:38.429+0000] {logging_mixin.py:151} INFO - [2023-10-15T14:24:38.429+0000] {dag.py:3696} INFO - Setting next_dagrun for example_external_task_marker_child to None, run_after=None
[2023-10-15T14:24:38.431+0000] {logging_mixin.py:151} INFO - [2023-10-15T14:24:38.431+0000] {dag.py:3696} INFO - Setting next_dagrun for example_external_task_marker_parent to None, run_after=None
[2023-10-15T14:24:38.449+0000] {processor.py:179} INFO - Processing /home/airflow/.local/lib/python3.8/site-packages/airflow/example_dags/example_external_task_marker_dag.py took 0.075 seconds
[2023-10-15T14:25:08.854+0000] {processor.py:157} INFO - Started process (PID=228) to work on /home/airflow/.local/lib/python3.8/site-packages/airflow/example_dags/example_external_task_marker_dag.py
[2023-10-15T14:25:08.855+0000] {processor.py:829} INFO - Processing file /home/airflow/.local/lib/python3.8/site-packages/airflow/example_dags/example_external_task_marker_dag.py for tasks to queue
[2023-10-15T14:25:08.856+0000] {logging_mixin.py:151} INFO - [2023-10-15T14:25:08.856+0000] {dagbag.py:539} INFO - Filling up the DagBag from /home/airflow/.local/lib/python3.8/site-packages/airflow/example_dags/example_external_task_marker_dag.py
[2023-10-15T14:25:08.860+0000] {processor.py:839} INFO - DAG(s) dict_keys(['example_external_task_marker_parent', 'example_external_task_marker_child']) retrieved from /home/airflow/.local/lib/python3.8/site-packages/airflow/example_dags/example_external_task_marker_dag.py
[2023-10-15T14:25:08.876+0000] {logging_mixin.py:151} INFO - [2023-10-15T14:25:08.876+0000] {dag.py:2915} INFO - Sync 2 DAGs
[2023-10-15T14:25:08.883+0000] {logging_mixin.py:151} INFO - [2023-10-15T14:25:08.883+0000] {dag.py:3696} INFO - Setting next_dagrun for example_external_task_marker_child to None, run_after=None
[2023-10-15T14:25:08.885+0000] {logging_mixin.py:151} INFO - [2023-10-15T14:25:08.885+0000] {dag.py:3696} INFO - Setting next_dagrun for example_external_task_marker_parent to None, run_after=None
[2023-10-15T14:25:08.895+0000] {processor.py:179} INFO - Processing /home/airflow/.local/lib/python3.8/site-packages/airflow/example_dags/example_external_task_marker_dag.py took 0.043 seconds
[2023-10-15T14:25:39.951+0000] {processor.py:157} INFO - Started process (PID=282) to work on /home/airflow/.local/lib/python3.8/site-packages/airflow/example_dags/example_external_task_marker_dag.py
[2023-10-15T14:25:39.952+0000] {processor.py:829} INFO - Processing file /home/airflow/.local/lib/python3.8/site-packages/airflow/example_dags/example_external_task_marker_dag.py for tasks to queue
[2023-10-15T14:25:39.954+0000] {logging_mixin.py:151} INFO - [2023-10-15T14:25:39.954+0000] {dagbag.py:539} INFO - Filling up the DagBag from /home/airflow/.local/lib/python3.8/site-packages/airflow/example_dags/example_external_task_marker_dag.py
[2023-10-15T14:25:39.958+0000] {processor.py:839} INFO - DAG(s) dict_keys(['example_external_task_marker_parent', 'example_external_task_marker_child']) retrieved from /home/airflow/.local/lib/python3.8/site-packages/airflow/example_dags/example_external_task_marker_dag.py
[2023-10-15T14:25:39.974+0000] {logging_mixin.py:151} INFO - [2023-10-15T14:25:39.974+0000] {dag.py:2915} INFO - Sync 2 DAGs
[2023-10-15T14:25:39.982+0000] {logging_mixin.py:151} INFO - [2023-10-15T14:25:39.982+0000] {dag.py:3696} INFO - Setting next_dagrun for example_external_task_marker_child to None, run_after=None
[2023-10-15T14:25:39.984+0000] {logging_mixin.py:151} INFO - [2023-10-15T14:25:39.984+0000] {dag.py:3696} INFO - Setting next_dagrun for example_external_task_marker_parent to None, run_after=None
[2023-10-15T14:25:39.993+0000] {processor.py:179} INFO - Processing /home/airflow/.local/lib/python3.8/site-packages/airflow/example_dags/example_external_task_marker_dag.py took 0.044 seconds
