[2023-10-15T14:23:37.492+0000] {processor.py:157} INFO - Started process (PID=73) to work on /home/airflow/.local/lib/python3.8/site-packages/airflow/example_dags/example_branch_operator_decorator.py
[2023-10-15T14:23:37.493+0000] {processor.py:829} INFO - Processing file /home/airflow/.local/lib/python3.8/site-packages/airflow/example_dags/example_branch_operator_decorator.py for tasks to queue
[2023-10-15T14:23:37.495+0000] {logging_mixin.py:151} INFO - [2023-10-15T14:23:37.495+0000] {dagbag.py:539} INFO - Filling up the DagBag from /home/airflow/.local/lib/python3.8/site-packages/airflow/example_dags/example_branch_operator_decorator.py
[2023-10-15T14:23:37.505+0000] {processor.py:839} INFO - DAG(s) dict_keys(['example_branch_python_operator_decorator']) retrieved from /home/airflow/.local/lib/python3.8/site-packages/airflow/example_dags/example_branch_operator_decorator.py
[2023-10-15T14:23:37.535+0000] {logging_mixin.py:151} INFO - [2023-10-15T14:23:37.534+0000] {dag.py:2915} INFO - Sync 1 DAGs
[2023-10-15T14:23:37.557+0000] {logging_mixin.py:151} INFO - [2023-10-15T14:23:37.557+0000] {dag.py:3696} INFO - Setting next_dagrun for example_branch_python_operator_decorator to 2023-10-14T00:00:00+00:00, run_after=2023-10-15T00:00:00+00:00
[2023-10-15T14:23:37.578+0000] {processor.py:179} INFO - Processing /home/airflow/.local/lib/python3.8/site-packages/airflow/example_dags/example_branch_operator_decorator.py took 0.089 seconds
[2023-10-15T14:24:08.420+0000] {processor.py:157} INFO - Started process (PID=127) to work on /home/airflow/.local/lib/python3.8/site-packages/airflow/example_dags/example_branch_operator_decorator.py
[2023-10-15T14:24:08.421+0000] {processor.py:829} INFO - Processing file /home/airflow/.local/lib/python3.8/site-packages/airflow/example_dags/example_branch_operator_decorator.py for tasks to queue
[2023-10-15T14:24:08.422+0000] {logging_mixin.py:151} INFO - [2023-10-15T14:24:08.422+0000] {dagbag.py:539} INFO - Filling up the DagBag from /home/airflow/.local/lib/python3.8/site-packages/airflow/example_dags/example_branch_operator_decorator.py
[2023-10-15T14:24:08.429+0000] {processor.py:839} INFO - DAG(s) dict_keys(['example_branch_python_operator_decorator']) retrieved from /home/airflow/.local/lib/python3.8/site-packages/airflow/example_dags/example_branch_operator_decorator.py
[2023-10-15T14:24:08.442+0000] {logging_mixin.py:151} INFO - [2023-10-15T14:24:08.442+0000] {dag.py:2915} INFO - Sync 1 DAGs
[2023-10-15T14:24:08.455+0000] {logging_mixin.py:151} INFO - [2023-10-15T14:24:08.455+0000] {dag.py:3696} INFO - Setting next_dagrun for example_branch_python_operator_decorator to 2023-10-14T00:00:00+00:00, run_after=2023-10-15T00:00:00+00:00
[2023-10-15T14:24:08.465+0000] {processor.py:179} INFO - Processing /home/airflow/.local/lib/python3.8/site-packages/airflow/example_dags/example_branch_operator_decorator.py took 0.047 seconds
[2023-10-15T14:24:38.713+0000] {processor.py:157} INFO - Started process (PID=181) to work on /home/airflow/.local/lib/python3.8/site-packages/airflow/example_dags/example_branch_operator_decorator.py
[2023-10-15T14:24:38.714+0000] {processor.py:829} INFO - Processing file /home/airflow/.local/lib/python3.8/site-packages/airflow/example_dags/example_branch_operator_decorator.py for tasks to queue
[2023-10-15T14:24:38.715+0000] {logging_mixin.py:151} INFO - [2023-10-15T14:24:38.715+0000] {dagbag.py:539} INFO - Filling up the DagBag from /home/airflow/.local/lib/python3.8/site-packages/airflow/example_dags/example_branch_operator_decorator.py
[2023-10-15T14:24:38.723+0000] {processor.py:839} INFO - DAG(s) dict_keys(['example_branch_python_operator_decorator']) retrieved from /home/airflow/.local/lib/python3.8/site-packages/airflow/example_dags/example_branch_operator_decorator.py
[2023-10-15T14:24:38.737+0000] {logging_mixin.py:151} INFO - [2023-10-15T14:24:38.736+0000] {dag.py:2915} INFO - Sync 1 DAGs
[2023-10-15T14:24:38.749+0000] {logging_mixin.py:151} INFO - [2023-10-15T14:24:38.749+0000] {dag.py:3696} INFO - Setting next_dagrun for example_branch_python_operator_decorator to 2023-10-14T00:00:00+00:00, run_after=2023-10-15T00:00:00+00:00
[2023-10-15T14:24:38.758+0000] {processor.py:179} INFO - Processing /home/airflow/.local/lib/python3.8/site-packages/airflow/example_dags/example_branch_operator_decorator.py took 0.048 seconds
[2023-10-15T14:25:09.112+0000] {processor.py:157} INFO - Started process (PID=235) to work on /home/airflow/.local/lib/python3.8/site-packages/airflow/example_dags/example_branch_operator_decorator.py
[2023-10-15T14:25:09.113+0000] {processor.py:829} INFO - Processing file /home/airflow/.local/lib/python3.8/site-packages/airflow/example_dags/example_branch_operator_decorator.py for tasks to queue
[2023-10-15T14:25:09.115+0000] {logging_mixin.py:151} INFO - [2023-10-15T14:25:09.115+0000] {dagbag.py:539} INFO - Filling up the DagBag from /home/airflow/.local/lib/python3.8/site-packages/airflow/example_dags/example_branch_operator_decorator.py
[2023-10-15T14:25:09.125+0000] {processor.py:839} INFO - DAG(s) dict_keys(['example_branch_python_operator_decorator']) retrieved from /home/airflow/.local/lib/python3.8/site-packages/airflow/example_dags/example_branch_operator_decorator.py
[2023-10-15T14:25:09.143+0000] {logging_mixin.py:151} INFO - [2023-10-15T14:25:09.143+0000] {dag.py:2915} INFO - Sync 1 DAGs
[2023-10-15T14:25:09.157+0000] {logging_mixin.py:151} INFO - [2023-10-15T14:25:09.157+0000] {dag.py:3696} INFO - Setting next_dagrun for example_branch_python_operator_decorator to 2023-10-14T00:00:00+00:00, run_after=2023-10-15T00:00:00+00:00
[2023-10-15T14:25:09.166+0000] {processor.py:179} INFO - Processing /home/airflow/.local/lib/python3.8/site-packages/airflow/example_dags/example_branch_operator_decorator.py took 0.057 seconds
[2023-10-15T14:25:40.205+0000] {processor.py:157} INFO - Started process (PID=289) to work on /home/airflow/.local/lib/python3.8/site-packages/airflow/example_dags/example_branch_operator_decorator.py
[2023-10-15T14:25:40.206+0000] {processor.py:829} INFO - Processing file /home/airflow/.local/lib/python3.8/site-packages/airflow/example_dags/example_branch_operator_decorator.py for tasks to queue
[2023-10-15T14:25:40.208+0000] {logging_mixin.py:151} INFO - [2023-10-15T14:25:40.208+0000] {dagbag.py:539} INFO - Filling up the DagBag from /home/airflow/.local/lib/python3.8/site-packages/airflow/example_dags/example_branch_operator_decorator.py
[2023-10-15T14:25:40.215+0000] {processor.py:839} INFO - DAG(s) dict_keys(['example_branch_python_operator_decorator']) retrieved from /home/airflow/.local/lib/python3.8/site-packages/airflow/example_dags/example_branch_operator_decorator.py
[2023-10-15T14:25:40.229+0000] {logging_mixin.py:151} INFO - [2023-10-15T14:25:40.229+0000] {dag.py:2915} INFO - Sync 1 DAGs
[2023-10-15T14:25:40.242+0000] {logging_mixin.py:151} INFO - [2023-10-15T14:25:40.242+0000] {dag.py:3696} INFO - Setting next_dagrun for example_branch_python_operator_decorator to 2023-10-14T00:00:00+00:00, run_after=2023-10-15T00:00:00+00:00
[2023-10-15T14:25:40.253+0000] {processor.py:179} INFO - Processing /home/airflow/.local/lib/python3.8/site-packages/airflow/example_dags/example_branch_operator_decorator.py took 0.050 seconds
