[2023-10-15T14:23:36.613+0000] {processor.py:157} INFO - Started process (PID=56) to work on /home/airflow/.local/lib/python3.8/site-packages/airflow/example_dags/example_branch_datetime_operator.py
[2023-10-15T14:23:36.616+0000] {processor.py:829} INFO - Processing file /home/airflow/.local/lib/python3.8/site-packages/airflow/example_dags/example_branch_datetime_operator.py for tasks to queue
[2023-10-15T14:23:36.622+0000] {logging_mixin.py:151} INFO - [2023-10-15T14:23:36.621+0000] {dagbag.py:539} INFO - Filling up the DagBag from /home/airflow/.local/lib/python3.8/site-packages/airflow/example_dags/example_branch_datetime_operator.py
[2023-10-15T14:23:36.631+0000] {processor.py:839} INFO - DAG(s) dict_keys(['example_branch_datetime_operator_3', 'example_branch_datetime_operator_2', 'example_branch_datetime_operator']) retrieved from /home/airflow/.local/lib/python3.8/site-packages/airflow/example_dags/example_branch_datetime_operator.py
[2023-10-15T14:23:36.674+0000] {logging_mixin.py:151} INFO - [2023-10-15T14:23:36.674+0000] {dag.py:2915} INFO - Sync 3 DAGs
[2023-10-15T14:23:36.697+0000] {logging_mixin.py:151} INFO - [2023-10-15T14:23:36.697+0000] {dag.py:3696} INFO - Setting next_dagrun for example_branch_datetime_operator to 2023-10-14T00:00:00+00:00, run_after=2023-10-15T00:00:00+00:00
[2023-10-15T14:23:36.705+0000] {logging_mixin.py:151} INFO - [2023-10-15T14:23:36.705+0000] {dag.py:3696} INFO - Setting next_dagrun for example_branch_datetime_operator_2 to 2023-10-14T00:00:00+00:00, run_after=2023-10-15T00:00:00+00:00
[2023-10-15T14:23:36.707+0000] {logging_mixin.py:151} INFO - [2023-10-15T14:23:36.707+0000] {dag.py:3696} INFO - Setting next_dagrun for example_branch_datetime_operator_3 to 2023-10-14T00:00:00+00:00, run_after=2023-10-15T00:00:00+00:00
[2023-10-15T14:23:36.724+0000] {processor.py:179} INFO - Processing /home/airflow/.local/lib/python3.8/site-packages/airflow/example_dags/example_branch_datetime_operator.py took 0.114 seconds
[2023-10-15T14:24:06.806+0000] {processor.py:157} INFO - Started process (PID=110) to work on /home/airflow/.local/lib/python3.8/site-packages/airflow/example_dags/example_branch_datetime_operator.py
[2023-10-15T14:24:06.807+0000] {processor.py:829} INFO - Processing file /home/airflow/.local/lib/python3.8/site-packages/airflow/example_dags/example_branch_datetime_operator.py for tasks to queue
[2023-10-15T14:24:06.809+0000] {logging_mixin.py:151} INFO - [2023-10-15T14:24:06.809+0000] {dagbag.py:539} INFO - Filling up the DagBag from /home/airflow/.local/lib/python3.8/site-packages/airflow/example_dags/example_branch_datetime_operator.py
[2023-10-15T14:24:06.815+0000] {processor.py:839} INFO - DAG(s) dict_keys(['example_branch_datetime_operator_2', 'example_branch_datetime_operator', 'example_branch_datetime_operator_3']) retrieved from /home/airflow/.local/lib/python3.8/site-packages/airflow/example_dags/example_branch_datetime_operator.py
[2023-10-15T14:24:06.832+0000] {logging_mixin.py:151} INFO - [2023-10-15T14:24:06.832+0000] {dag.py:2915} INFO - Sync 3 DAGs
[2023-10-15T14:24:06.845+0000] {logging_mixin.py:151} INFO - [2023-10-15T14:24:06.845+0000] {dag.py:3696} INFO - Setting next_dagrun for example_branch_datetime_operator to 2023-10-14T00:00:00+00:00, run_after=2023-10-15T00:00:00+00:00
[2023-10-15T14:24:06.848+0000] {logging_mixin.py:151} INFO - [2023-10-15T14:24:06.848+0000] {dag.py:3696} INFO - Setting next_dagrun for example_branch_datetime_operator_2 to 2023-10-14T00:00:00+00:00, run_after=2023-10-15T00:00:00+00:00
[2023-10-15T14:24:06.850+0000] {logging_mixin.py:151} INFO - [2023-10-15T14:24:06.850+0000] {dag.py:3696} INFO - Setting next_dagrun for example_branch_datetime_operator_3 to 2023-10-14T00:00:00+00:00, run_after=2023-10-15T00:00:00+00:00
[2023-10-15T14:24:06.859+0000] {processor.py:179} INFO - Processing /home/airflow/.local/lib/python3.8/site-packages/airflow/example_dags/example_branch_datetime_operator.py took 0.055 seconds
[2023-10-15T14:24:37.039+0000] {processor.py:157} INFO - Started process (PID=164) to work on /home/airflow/.local/lib/python3.8/site-packages/airflow/example_dags/example_branch_datetime_operator.py
[2023-10-15T14:24:37.040+0000] {processor.py:829} INFO - Processing file /home/airflow/.local/lib/python3.8/site-packages/airflow/example_dags/example_branch_datetime_operator.py for tasks to queue
[2023-10-15T14:24:37.041+0000] {logging_mixin.py:151} INFO - [2023-10-15T14:24:37.041+0000] {dagbag.py:539} INFO - Filling up the DagBag from /home/airflow/.local/lib/python3.8/site-packages/airflow/example_dags/example_branch_datetime_operator.py
[2023-10-15T14:24:37.047+0000] {processor.py:839} INFO - DAG(s) dict_keys(['example_branch_datetime_operator_3', 'example_branch_datetime_operator', 'example_branch_datetime_operator_2']) retrieved from /home/airflow/.local/lib/python3.8/site-packages/airflow/example_dags/example_branch_datetime_operator.py
[2023-10-15T14:24:37.064+0000] {logging_mixin.py:151} INFO - [2023-10-15T14:24:37.064+0000] {dag.py:2915} INFO - Sync 3 DAGs
[2023-10-15T14:24:37.076+0000] {logging_mixin.py:151} INFO - [2023-10-15T14:24:37.076+0000] {dag.py:3696} INFO - Setting next_dagrun for example_branch_datetime_operator to 2023-10-14T00:00:00+00:00, run_after=2023-10-15T00:00:00+00:00
[2023-10-15T14:24:37.079+0000] {logging_mixin.py:151} INFO - [2023-10-15T14:24:37.079+0000] {dag.py:3696} INFO - Setting next_dagrun for example_branch_datetime_operator_2 to 2023-10-14T00:00:00+00:00, run_after=2023-10-15T00:00:00+00:00
[2023-10-15T14:24:37.080+0000] {logging_mixin.py:151} INFO - [2023-10-15T14:24:37.080+0000] {dag.py:3696} INFO - Setting next_dagrun for example_branch_datetime_operator_3 to 2023-10-14T00:00:00+00:00, run_after=2023-10-15T00:00:00+00:00
[2023-10-15T14:24:37.088+0000] {processor.py:179} INFO - Processing /home/airflow/.local/lib/python3.8/site-packages/airflow/example_dags/example_branch_datetime_operator.py took 0.052 seconds
[2023-10-15T14:25:07.506+0000] {processor.py:157} INFO - Started process (PID=218) to work on /home/airflow/.local/lib/python3.8/site-packages/airflow/example_dags/example_branch_datetime_operator.py
[2023-10-15T14:25:07.506+0000] {processor.py:829} INFO - Processing file /home/airflow/.local/lib/python3.8/site-packages/airflow/example_dags/example_branch_datetime_operator.py for tasks to queue
[2023-10-15T14:25:07.508+0000] {logging_mixin.py:151} INFO - [2023-10-15T14:25:07.508+0000] {dagbag.py:539} INFO - Filling up the DagBag from /home/airflow/.local/lib/python3.8/site-packages/airflow/example_dags/example_branch_datetime_operator.py
[2023-10-15T14:25:07.514+0000] {processor.py:839} INFO - DAG(s) dict_keys(['example_branch_datetime_operator', 'example_branch_datetime_operator_3', 'example_branch_datetime_operator_2']) retrieved from /home/airflow/.local/lib/python3.8/site-packages/airflow/example_dags/example_branch_datetime_operator.py
[2023-10-15T14:25:07.530+0000] {logging_mixin.py:151} INFO - [2023-10-15T14:25:07.530+0000] {dag.py:2915} INFO - Sync 3 DAGs
[2023-10-15T14:25:07.542+0000] {logging_mixin.py:151} INFO - [2023-10-15T14:25:07.542+0000] {dag.py:3696} INFO - Setting next_dagrun for example_branch_datetime_operator to 2023-10-14T00:00:00+00:00, run_after=2023-10-15T00:00:00+00:00
[2023-10-15T14:25:07.546+0000] {logging_mixin.py:151} INFO - [2023-10-15T14:25:07.545+0000] {dag.py:3696} INFO - Setting next_dagrun for example_branch_datetime_operator_2 to 2023-10-14T00:00:00+00:00, run_after=2023-10-15T00:00:00+00:00
[2023-10-15T14:25:07.547+0000] {logging_mixin.py:151} INFO - [2023-10-15T14:25:07.547+0000] {dag.py:3696} INFO - Setting next_dagrun for example_branch_datetime_operator_3 to 2023-10-14T00:00:00+00:00, run_after=2023-10-15T00:00:00+00:00
[2023-10-15T14:25:07.555+0000] {processor.py:179} INFO - Processing /home/airflow/.local/lib/python3.8/site-packages/airflow/example_dags/example_branch_datetime_operator.py took 0.051 seconds
[2023-10-15T14:25:38.570+0000] {processor.py:157} INFO - Started process (PID=272) to work on /home/airflow/.local/lib/python3.8/site-packages/airflow/example_dags/example_branch_datetime_operator.py
[2023-10-15T14:25:38.571+0000] {processor.py:829} INFO - Processing file /home/airflow/.local/lib/python3.8/site-packages/airflow/example_dags/example_branch_datetime_operator.py for tasks to queue
[2023-10-15T14:25:38.572+0000] {logging_mixin.py:151} INFO - [2023-10-15T14:25:38.572+0000] {dagbag.py:539} INFO - Filling up the DagBag from /home/airflow/.local/lib/python3.8/site-packages/airflow/example_dags/example_branch_datetime_operator.py
[2023-10-15T14:25:38.578+0000] {processor.py:839} INFO - DAG(s) dict_keys(['example_branch_datetime_operator', 'example_branch_datetime_operator_2', 'example_branch_datetime_operator_3']) retrieved from /home/airflow/.local/lib/python3.8/site-packages/airflow/example_dags/example_branch_datetime_operator.py
[2023-10-15T14:25:38.594+0000] {logging_mixin.py:151} INFO - [2023-10-15T14:25:38.594+0000] {dag.py:2915} INFO - Sync 3 DAGs
[2023-10-15T14:25:38.607+0000] {logging_mixin.py:151} INFO - [2023-10-15T14:25:38.607+0000] {dag.py:3696} INFO - Setting next_dagrun for example_branch_datetime_operator to 2023-10-14T00:00:00+00:00, run_after=2023-10-15T00:00:00+00:00
[2023-10-15T14:25:38.610+0000] {logging_mixin.py:151} INFO - [2023-10-15T14:25:38.609+0000] {dag.py:3696} INFO - Setting next_dagrun for example_branch_datetime_operator_2 to 2023-10-14T00:00:00+00:00, run_after=2023-10-15T00:00:00+00:00
[2023-10-15T14:25:38.611+0000] {logging_mixin.py:151} INFO - [2023-10-15T14:25:38.611+0000] {dag.py:3696} INFO - Setting next_dagrun for example_branch_datetime_operator_3 to 2023-10-14T00:00:00+00:00, run_after=2023-10-15T00:00:00+00:00
[2023-10-15T14:25:38.619+0000] {processor.py:179} INFO - Processing /home/airflow/.local/lib/python3.8/site-packages/airflow/example_dags/example_branch_datetime_operator.py took 0.051 seconds
