[2023-10-15T14:23:36.107+0000] {processor.py:157} INFO - Started process (PID=48) to work on /home/airflow/.local/lib/python3.8/site-packages/airflow/example_dags/tutorial.py
[2023-10-15T14:23:36.109+0000] {processor.py:829} INFO - Processing file /home/airflow/.local/lib/python3.8/site-packages/airflow/example_dags/tutorial.py for tasks to queue
[2023-10-15T14:23:36.113+0000] {logging_mixin.py:151} INFO - [2023-10-15T14:23:36.112+0000] {dagbag.py:539} INFO - Filling up the DagBag from /home/airflow/.local/lib/python3.8/site-packages/airflow/example_dags/tutorial.py
[2023-10-15T14:23:36.118+0000] {processor.py:839} INFO - DAG(s) dict_keys(['tutorial']) retrieved from /home/airflow/.local/lib/python3.8/site-packages/airflow/example_dags/tutorial.py
[2023-10-15T14:23:36.149+0000] {logging_mixin.py:151} INFO - [2023-10-15T14:23:36.149+0000] {dag.py:2915} INFO - Sync 1 DAGs
[2023-10-15T14:23:36.167+0000] {logging_mixin.py:151} INFO - [2023-10-15T14:23:36.167+0000] {dag.py:3696} INFO - Setting next_dagrun for tutorial to 2023-10-14T14:23:36.166988+00:00, run_after=2023-10-15T14:23:36.166988+00:00
[2023-10-15T14:23:36.181+0000] {processor.py:179} INFO - Processing /home/airflow/.local/lib/python3.8/site-packages/airflow/example_dags/tutorial.py took 0.079 seconds
[2023-10-15T14:24:06.259+0000] {processor.py:157} INFO - Started process (PID=101) to work on /home/airflow/.local/lib/python3.8/site-packages/airflow/example_dags/tutorial.py
[2023-10-15T14:24:06.261+0000] {processor.py:829} INFO - Processing file /home/airflow/.local/lib/python3.8/site-packages/airflow/example_dags/tutorial.py for tasks to queue
[2023-10-15T14:24:06.267+0000] {logging_mixin.py:151} INFO - [2023-10-15T14:24:06.266+0000] {dagbag.py:539} INFO - Filling up the DagBag from /home/airflow/.local/lib/python3.8/site-packages/airflow/example_dags/tutorial.py
[2023-10-15T14:24:06.279+0000] {processor.py:839} INFO - DAG(s) dict_keys(['tutorial']) retrieved from /home/airflow/.local/lib/python3.8/site-packages/airflow/example_dags/tutorial.py
[2023-10-15T14:24:06.309+0000] {logging_mixin.py:151} INFO - [2023-10-15T14:24:06.309+0000] {dag.py:2915} INFO - Sync 1 DAGs
[2023-10-15T14:24:06.330+0000] {logging_mixin.py:151} INFO - [2023-10-15T14:24:06.330+0000] {dag.py:3696} INFO - Setting next_dagrun for tutorial to 2023-10-14T14:24:06.330225+00:00, run_after=2023-10-15T14:24:06.330225+00:00
[2023-10-15T14:24:06.361+0000] {processor.py:179} INFO - Processing /home/airflow/.local/lib/python3.8/site-packages/airflow/example_dags/tutorial.py took 0.108 seconds
[2023-10-15T14:24:36.628+0000] {processor.py:157} INFO - Started process (PID=154) to work on /home/airflow/.local/lib/python3.8/site-packages/airflow/example_dags/tutorial.py
[2023-10-15T14:24:36.630+0000] {processor.py:829} INFO - Processing file /home/airflow/.local/lib/python3.8/site-packages/airflow/example_dags/tutorial.py for tasks to queue
[2023-10-15T14:24:36.632+0000] {logging_mixin.py:151} INFO - [2023-10-15T14:24:36.631+0000] {dagbag.py:539} INFO - Filling up the DagBag from /home/airflow/.local/lib/python3.8/site-packages/airflow/example_dags/tutorial.py
[2023-10-15T14:24:36.636+0000] {processor.py:839} INFO - DAG(s) dict_keys(['tutorial']) retrieved from /home/airflow/.local/lib/python3.8/site-packages/airflow/example_dags/tutorial.py
[2023-10-15T14:24:36.649+0000] {logging_mixin.py:151} INFO - [2023-10-15T14:24:36.649+0000] {dag.py:2915} INFO - Sync 1 DAGs
[2023-10-15T14:24:36.662+0000] {logging_mixin.py:151} INFO - [2023-10-15T14:24:36.662+0000] {dag.py:3696} INFO - Setting next_dagrun for tutorial to 2023-10-14T14:24:36.662115+00:00, run_after=2023-10-15T14:24:36.662115+00:00
[2023-10-15T14:24:36.672+0000] {processor.py:179} INFO - Processing /home/airflow/.local/lib/python3.8/site-packages/airflow/example_dags/tutorial.py took 0.046 seconds
[2023-10-15T14:25:07.100+0000] {processor.py:157} INFO - Started process (PID=209) to work on /home/airflow/.local/lib/python3.8/site-packages/airflow/example_dags/tutorial.py
[2023-10-15T14:25:07.101+0000] {processor.py:829} INFO - Processing file /home/airflow/.local/lib/python3.8/site-packages/airflow/example_dags/tutorial.py for tasks to queue
[2023-10-15T14:25:07.103+0000] {logging_mixin.py:151} INFO - [2023-10-15T14:25:07.102+0000] {dagbag.py:539} INFO - Filling up the DagBag from /home/airflow/.local/lib/python3.8/site-packages/airflow/example_dags/tutorial.py
[2023-10-15T14:25:07.106+0000] {processor.py:839} INFO - DAG(s) dict_keys(['tutorial']) retrieved from /home/airflow/.local/lib/python3.8/site-packages/airflow/example_dags/tutorial.py
[2023-10-15T14:25:07.120+0000] {logging_mixin.py:151} INFO - [2023-10-15T14:25:07.119+0000] {dag.py:2915} INFO - Sync 1 DAGs
[2023-10-15T14:25:07.142+0000] {logging_mixin.py:151} INFO - [2023-10-15T14:25:07.142+0000] {dag.py:3696} INFO - Setting next_dagrun for tutorial to 2023-10-14T14:25:07.142273+00:00, run_after=2023-10-15T14:25:07.142273+00:00
[2023-10-15T14:25:07.155+0000] {processor.py:179} INFO - Processing /home/airflow/.local/lib/python3.8/site-packages/airflow/example_dags/tutorial.py took 0.057 seconds
[2023-10-15T14:25:37.213+0000] {processor.py:157} INFO - Started process (PID=263) to work on /home/airflow/.local/lib/python3.8/site-packages/airflow/example_dags/tutorial.py
[2023-10-15T14:25:37.214+0000] {processor.py:829} INFO - Processing file /home/airflow/.local/lib/python3.8/site-packages/airflow/example_dags/tutorial.py for tasks to queue
[2023-10-15T14:25:37.216+0000] {logging_mixin.py:151} INFO - [2023-10-15T14:25:37.215+0000] {dagbag.py:539} INFO - Filling up the DagBag from /home/airflow/.local/lib/python3.8/site-packages/airflow/example_dags/tutorial.py
[2023-10-15T14:25:37.219+0000] {processor.py:839} INFO - DAG(s) dict_keys(['tutorial']) retrieved from /home/airflow/.local/lib/python3.8/site-packages/airflow/example_dags/tutorial.py
[2023-10-15T14:25:37.232+0000] {logging_mixin.py:151} INFO - [2023-10-15T14:25:37.232+0000] {dag.py:2915} INFO - Sync 1 DAGs
[2023-10-15T14:25:37.245+0000] {logging_mixin.py:151} INFO - [2023-10-15T14:25:37.245+0000] {dag.py:3696} INFO - Setting next_dagrun for tutorial to 2023-10-14T14:25:37.245271+00:00, run_after=2023-10-15T14:25:37.245271+00:00
[2023-10-15T14:25:37.254+0000] {processor.py:179} INFO - Processing /home/airflow/.local/lib/python3.8/site-packages/airflow/example_dags/tutorial.py took 0.044 seconds
