[2024-06-15T20:41:53.927+0000] {local_task_job_runner.py:120} INFO - ::group::Pre task execution logs
[2024-06-15T20:41:53.985+0000] {taskinstance.py:2076} INFO - Dependencies all met for dep_context=non-requeueable deps ti=<TaskInstance: full_dbt_execute.run_dbt manual__2024-06-15T20:41:50.111729+00:00 [queued]>
[2024-06-15T20:41:53.994+0000] {taskinstance.py:2076} INFO - Dependencies all met for dep_context=requeueable deps ti=<TaskInstance: full_dbt_execute.run_dbt manual__2024-06-15T20:41:50.111729+00:00 [queued]>
[2024-06-15T20:41:53.994+0000] {taskinstance.py:2306} INFO - Starting attempt 1 of 1
[2024-06-15T20:41:54.012+0000] {taskinstance.py:2330} INFO - Executing <Task(DockerOperator): run_dbt> on 2024-06-15 20:41:50.111729+00:00
[2024-06-15T20:41:54.023+0000] {warnings.py:112} WARNING - /home/***/.local/lib/python3.12/site-packages/***/task/task_runner/standard_task_runner.py:61: DeprecationWarning: This process (pid=69) is multi-threaded, use of fork() may lead to deadlocks in the child.
  pid = os.fork()

[2024-06-15T20:41:54.025+0000] {standard_task_runner.py:63} INFO - Started process 71 to run task
[2024-06-15T20:41:54.026+0000] {standard_task_runner.py:90} INFO - Running: ['***', 'tasks', 'run', 'full_dbt_execute', 'run_dbt', 'manual__2024-06-15T20:41:50.111729+00:00', '--job-id', '80', '--raw', '--subdir', 'DAGS_FOLDER/full_dbt_execute.py', '--cfg-path', '/tmp/tmpria8mm9z']
[2024-06-15T20:41:54.029+0000] {standard_task_runner.py:91} INFO - Job 80: Subtask run_dbt
[2024-06-15T20:41:54.096+0000] {task_command.py:426} INFO - Running <TaskInstance: full_dbt_execute.run_dbt manual__2024-06-15T20:41:50.111729+00:00 [running]> on host 6d95518e9d08
[2024-06-15T20:41:54.186+0000] {taskinstance.py:2648} INFO - Exporting env vars: AIRFLOW_CTX_DAG_OWNER='***' AIRFLOW_CTX_DAG_ID='full_dbt_execute' AIRFLOW_CTX_TASK_ID='run_dbt' AIRFLOW_CTX_EXECUTION_DATE='2024-06-15T20:41:50.111729+00:00' AIRFLOW_CTX_TRY_NUMBER='1' AIRFLOW_CTX_DAG_RUN_ID='manual__2024-06-15T20:41:50.111729+00:00'
[2024-06-15T20:41:54.191+0000] {taskinstance.py:430} INFO - ::endgroup::
[2024-06-15T20:41:54.203+0000] {docker.py:157} ERROR - Failed to establish connection to Docker host unix://var/run/docker.sock: Error while fetching server API version: ('Connection aborted.', FileNotFoundError(2, 'No such file or directory'))
[2024-06-15T20:41:54.203+0000] {taskinstance.py:441} INFO - ::group::Post task execution logs
[2024-06-15T20:41:54.222+0000] {taskinstance.py:2905} ERROR - Task failed with exception
Traceback (most recent call last):
  File "/home/airflow/.local/lib/python3.12/site-packages/airflow/models/taskinstance.py", line 465, in _execute_task
    result = _execute_callable(context=context, **execute_callable_kwargs)
             ^^^^^^^^^^^^^^^^^^^^^^^^^^^^^^^^^^^^^^^^^^^^^^^^^^^^^^^^^^^^^
  File "/home/airflow/.local/lib/python3.12/site-packages/airflow/models/taskinstance.py", line 432, in _execute_callable
    return execute_callable(context=context, **execute_callable_kwargs)
           ^^^^^^^^^^^^^^^^^^^^^^^^^^^^^^^^^^^^^^^^^^^^^^^^^^^^^^^^^^^^
  File "/home/airflow/.local/lib/python3.12/site-packages/airflow/models/baseoperator.py", line 401, in wrapper
    return func(self, *args, **kwargs)
           ^^^^^^^^^^^^^^^^^^^^^^^^^^^
  File "/home/airflow/.local/lib/python3.12/site-packages/airflow/providers/docker/operators/docker.py", line 492, in execute
    if self.force_pull or not self.cli.images(name=self.image):
                              ^^^^^^^^
  File "/home/airflow/.local/lib/python3.12/site-packages/airflow/providers/docker/operators/docker.py", line 362, in cli
    return self.hook.api_client
           ^^^^^^^^^^^^^^^^^^^^
  File "/usr/local/lib/python3.12/functools.py", line 995, in __get__
    val = self.func(instance)
          ^^^^^^^^^^^^^^^^^^^
  File "/home/airflow/.local/lib/python3.12/site-packages/airflow/providers/docker/hooks/docker.py", line 161, in api_client
    raise AirflowException("Failed to establish connection to any given Docker hosts.")
airflow.exceptions.AirflowException: Failed to establish connection to any given Docker hosts.
[2024-06-15T20:41:54.234+0000] {taskinstance.py:1206} INFO - Marking task as FAILED. dag_id=full_dbt_execute, task_id=run_dbt, run_id=manual__2024-06-15T20:41:50.111729+00:00, execution_date=20240615T204150, start_date=20240615T204153, end_date=20240615T204154
[2024-06-15T20:41:54.245+0000] {standard_task_runner.py:110} ERROR - Failed to execute job 80 for task run_dbt (Failed to establish connection to any given Docker hosts.; 71)
[2024-06-15T20:41:54.291+0000] {local_task_job_runner.py:240} INFO - Task exited with return code 1
[2024-06-15T20:41:54.327+0000] {taskinstance.py:3503} INFO - 0 downstream tasks scheduled from follow-on schedule check
[2024-06-15T20:41:54.332+0000] {local_task_job_runner.py:222} INFO - ::endgroup::
