[2024-06-13T14:56:15.958+0000] {processor.py:161} INFO - Started process (PID=34) to work on /home/airflow/.local/lib/python3.12/site-packages/airflow/example_dags/example_bash_decorator.py
[2024-06-13T14:56:15.960+0000] {processor.py:830} INFO - Processing file /home/airflow/.local/lib/python3.12/site-packages/airflow/example_dags/example_bash_decorator.py for tasks to queue
[2024-06-13T14:56:15.968+0000] {logging_mixin.py:188} INFO - [2024-06-13T14:56:15.966+0000] {dagbag.py:545} INFO - Filling up the DagBag from /home/airflow/.local/lib/python3.12/site-packages/airflow/example_dags/example_bash_decorator.py
[2024-06-13T14:56:16.018+0000] {processor.py:840} INFO - DAG(s) 'example_bash_decorator' retrieved from /home/airflow/.local/lib/python3.12/site-packages/airflow/example_dags/example_bash_decorator.py
[2024-06-13T14:56:16.407+0000] {logging_mixin.py:188} INFO - [2024-06-13T14:56:16.406+0000] {override.py:1829} INFO - Created Permission View: can read on DAG:example_bash_decorator
[2024-06-13T14:56:16.445+0000] {logging_mixin.py:188} INFO - [2024-06-13T14:56:16.443+0000] {override.py:1829} INFO - Created Permission View: can delete on DAG:example_bash_decorator
[2024-06-13T14:56:16.479+0000] {logging_mixin.py:188} INFO - [2024-06-13T14:56:16.478+0000] {override.py:1829} INFO - Created Permission View: can edit on DAG:example_bash_decorator
[2024-06-13T14:56:16.481+0000] {logging_mixin.py:188} INFO - [2024-06-13T14:56:16.480+0000] {dag.py:3096} INFO - Sync 1 DAGs
[2024-06-13T14:56:16.529+0000] {logging_mixin.py:188} INFO - [2024-06-13T14:56:16.529+0000] {dag.py:3118} INFO - Creating ORM DAG for example_bash_decorator
[2024-06-13T14:56:16.535+0000] {logging_mixin.py:188} INFO - [2024-06-13T14:56:16.535+0000] {dag.py:3954} INFO - Setting next_dagrun for example_bash_decorator to None, run_after=None
[2024-06-13T14:56:16.578+0000] {processor.py:183} INFO - Processing /home/airflow/.local/lib/python3.12/site-packages/airflow/example_dags/example_bash_decorator.py took 0.653 seconds
[2024-06-13T14:56:47.219+0000] {processor.py:161} INFO - Started process (PID=92) to work on /home/airflow/.local/lib/python3.12/site-packages/airflow/example_dags/example_bash_decorator.py
[2024-06-13T14:56:47.224+0000] {processor.py:830} INFO - Processing file /home/airflow/.local/lib/python3.12/site-packages/airflow/example_dags/example_bash_decorator.py for tasks to queue
[2024-06-13T14:56:47.225+0000] {logging_mixin.py:188} INFO - [2024-06-13T14:56:47.225+0000] {dagbag.py:545} INFO - Filling up the DagBag from /home/airflow/.local/lib/python3.12/site-packages/airflow/example_dags/example_bash_decorator.py
[2024-06-13T14:56:47.235+0000] {processor.py:840} INFO - DAG(s) 'example_bash_decorator' retrieved from /home/airflow/.local/lib/python3.12/site-packages/airflow/example_dags/example_bash_decorator.py
[2024-06-13T14:56:47.252+0000] {logging_mixin.py:188} INFO - [2024-06-13T14:56:47.251+0000] {dag.py:3096} INFO - Sync 1 DAGs
[2024-06-13T14:56:47.270+0000] {logging_mixin.py:188} INFO - [2024-06-13T14:56:47.270+0000] {dag.py:3954} INFO - Setting next_dagrun for example_bash_decorator to None, run_after=None
[2024-06-13T14:56:47.282+0000] {processor.py:183} INFO - Processing /home/airflow/.local/lib/python3.12/site-packages/airflow/example_dags/example_bash_decorator.py took 0.068 seconds
[2024-06-13T14:57:18.556+0000] {processor.py:161} INFO - Started process (PID=150) to work on /home/airflow/.local/lib/python3.12/site-packages/airflow/example_dags/example_bash_decorator.py
[2024-06-13T14:57:18.559+0000] {processor.py:830} INFO - Processing file /home/airflow/.local/lib/python3.12/site-packages/airflow/example_dags/example_bash_decorator.py for tasks to queue
[2024-06-13T14:57:18.560+0000] {logging_mixin.py:188} INFO - [2024-06-13T14:57:18.560+0000] {dagbag.py:545} INFO - Filling up the DagBag from /home/airflow/.local/lib/python3.12/site-packages/airflow/example_dags/example_bash_decorator.py
[2024-06-13T14:57:18.572+0000] {processor.py:840} INFO - DAG(s) 'example_bash_decorator' retrieved from /home/airflow/.local/lib/python3.12/site-packages/airflow/example_dags/example_bash_decorator.py
[2024-06-13T14:57:18.591+0000] {logging_mixin.py:188} INFO - [2024-06-13T14:57:18.590+0000] {dag.py:3096} INFO - Sync 1 DAGs
[2024-06-13T14:57:18.599+0000] {logging_mixin.py:188} INFO - [2024-06-13T14:57:18.599+0000] {dag.py:3954} INFO - Setting next_dagrun for example_bash_decorator to None, run_after=None
[2024-06-13T14:57:18.609+0000] {processor.py:183} INFO - Processing /home/airflow/.local/lib/python3.12/site-packages/airflow/example_dags/example_bash_decorator.py took 0.058 seconds
[2024-06-13T14:57:49.519+0000] {processor.py:161} INFO - Started process (PID=208) to work on /home/airflow/.local/lib/python3.12/site-packages/airflow/example_dags/example_bash_decorator.py
[2024-06-13T14:57:49.522+0000] {processor.py:830} INFO - Processing file /home/airflow/.local/lib/python3.12/site-packages/airflow/example_dags/example_bash_decorator.py for tasks to queue
[2024-06-13T14:57:49.527+0000] {logging_mixin.py:188} INFO - [2024-06-13T14:57:49.527+0000] {dagbag.py:545} INFO - Filling up the DagBag from /home/airflow/.local/lib/python3.12/site-packages/airflow/example_dags/example_bash_decorator.py
[2024-06-13T14:57:49.555+0000] {processor.py:840} INFO - DAG(s) 'example_bash_decorator' retrieved from /home/airflow/.local/lib/python3.12/site-packages/airflow/example_dags/example_bash_decorator.py
[2024-06-13T14:57:49.610+0000] {logging_mixin.py:188} INFO - [2024-06-13T14:57:49.610+0000] {dag.py:3096} INFO - Sync 1 DAGs
[2024-06-13T14:57:49.632+0000] {logging_mixin.py:188} INFO - [2024-06-13T14:57:49.631+0000] {dag.py:3954} INFO - Setting next_dagrun for example_bash_decorator to None, run_after=None
[2024-06-13T14:57:49.665+0000] {processor.py:183} INFO - Processing /home/airflow/.local/lib/python3.12/site-packages/airflow/example_dags/example_bash_decorator.py took 0.157 seconds
[2024-06-13T14:58:19.974+0000] {processor.py:161} INFO - Started process (PID=266) to work on /home/airflow/.local/lib/python3.12/site-packages/airflow/example_dags/example_bash_decorator.py
[2024-06-13T14:58:19.975+0000] {processor.py:830} INFO - Processing file /home/airflow/.local/lib/python3.12/site-packages/airflow/example_dags/example_bash_decorator.py for tasks to queue
[2024-06-13T14:58:19.976+0000] {logging_mixin.py:188} INFO - [2024-06-13T14:58:19.976+0000] {dagbag.py:545} INFO - Filling up the DagBag from /home/airflow/.local/lib/python3.12/site-packages/airflow/example_dags/example_bash_decorator.py
[2024-06-13T14:58:19.982+0000] {processor.py:840} INFO - DAG(s) 'example_bash_decorator' retrieved from /home/airflow/.local/lib/python3.12/site-packages/airflow/example_dags/example_bash_decorator.py
[2024-06-13T14:58:19.993+0000] {logging_mixin.py:188} INFO - [2024-06-13T14:58:19.993+0000] {dag.py:3096} INFO - Sync 1 DAGs
[2024-06-13T14:58:19.999+0000] {logging_mixin.py:188} INFO - [2024-06-13T14:58:19.999+0000] {dag.py:3954} INFO - Setting next_dagrun for example_bash_decorator to None, run_after=None
[2024-06-13T14:58:20.007+0000] {processor.py:183} INFO - Processing /home/airflow/.local/lib/python3.12/site-packages/airflow/example_dags/example_bash_decorator.py took 0.035 seconds
[2024-06-13T14:58:50.041+0000] {processor.py:161} INFO - Started process (PID=324) to work on /home/airflow/.local/lib/python3.12/site-packages/airflow/example_dags/example_bash_decorator.py
[2024-06-13T14:58:50.041+0000] {processor.py:830} INFO - Processing file /home/airflow/.local/lib/python3.12/site-packages/airflow/example_dags/example_bash_decorator.py for tasks to queue
[2024-06-13T14:58:50.042+0000] {logging_mixin.py:188} INFO - [2024-06-13T14:58:50.042+0000] {dagbag.py:545} INFO - Filling up the DagBag from /home/airflow/.local/lib/python3.12/site-packages/airflow/example_dags/example_bash_decorator.py
[2024-06-13T14:58:50.048+0000] {processor.py:840} INFO - DAG(s) 'example_bash_decorator' retrieved from /home/airflow/.local/lib/python3.12/site-packages/airflow/example_dags/example_bash_decorator.py
[2024-06-13T14:58:50.060+0000] {logging_mixin.py:188} INFO - [2024-06-13T14:58:50.060+0000] {dag.py:3096} INFO - Sync 1 DAGs
[2024-06-13T14:58:50.066+0000] {logging_mixin.py:188} INFO - [2024-06-13T14:58:50.066+0000] {dag.py:3954} INFO - Setting next_dagrun for example_bash_decorator to None, run_after=None
[2024-06-13T14:58:50.075+0000] {processor.py:183} INFO - Processing /home/airflow/.local/lib/python3.12/site-packages/airflow/example_dags/example_bash_decorator.py took 0.037 seconds
[2024-06-13T14:59:20.936+0000] {processor.py:161} INFO - Started process (PID=381) to work on /home/airflow/.local/lib/python3.12/site-packages/airflow/example_dags/example_bash_decorator.py
[2024-06-13T14:59:20.936+0000] {processor.py:830} INFO - Processing file /home/airflow/.local/lib/python3.12/site-packages/airflow/example_dags/example_bash_decorator.py for tasks to queue
[2024-06-13T14:59:20.937+0000] {logging_mixin.py:188} INFO - [2024-06-13T14:59:20.937+0000] {dagbag.py:545} INFO - Filling up the DagBag from /home/airflow/.local/lib/python3.12/site-packages/airflow/example_dags/example_bash_decorator.py
[2024-06-13T14:59:20.944+0000] {processor.py:840} INFO - DAG(s) 'example_bash_decorator' retrieved from /home/airflow/.local/lib/python3.12/site-packages/airflow/example_dags/example_bash_decorator.py
[2024-06-13T14:59:20.956+0000] {logging_mixin.py:188} INFO - [2024-06-13T14:59:20.956+0000] {dag.py:3096} INFO - Sync 1 DAGs
[2024-06-13T14:59:20.963+0000] {logging_mixin.py:188} INFO - [2024-06-13T14:59:20.962+0000] {dag.py:3954} INFO - Setting next_dagrun for example_bash_decorator to None, run_after=None
[2024-06-13T14:59:20.972+0000] {processor.py:183} INFO - Processing /home/airflow/.local/lib/python3.12/site-packages/airflow/example_dags/example_bash_decorator.py took 0.039 seconds
[2024-06-13T14:59:51.977+0000] {processor.py:161} INFO - Started process (PID=438) to work on /home/airflow/.local/lib/python3.12/site-packages/airflow/example_dags/example_bash_decorator.py
[2024-06-13T14:59:51.978+0000] {processor.py:830} INFO - Processing file /home/airflow/.local/lib/python3.12/site-packages/airflow/example_dags/example_bash_decorator.py for tasks to queue
[2024-06-13T14:59:51.979+0000] {logging_mixin.py:188} INFO - [2024-06-13T14:59:51.978+0000] {dagbag.py:545} INFO - Filling up the DagBag from /home/airflow/.local/lib/python3.12/site-packages/airflow/example_dags/example_bash_decorator.py
[2024-06-13T14:59:51.985+0000] {processor.py:840} INFO - DAG(s) 'example_bash_decorator' retrieved from /home/airflow/.local/lib/python3.12/site-packages/airflow/example_dags/example_bash_decorator.py
[2024-06-13T14:59:51.996+0000] {logging_mixin.py:188} INFO - [2024-06-13T14:59:51.996+0000] {dag.py:3096} INFO - Sync 1 DAGs
[2024-06-13T14:59:52.003+0000] {logging_mixin.py:188} INFO - [2024-06-13T14:59:52.002+0000] {dag.py:3954} INFO - Setting next_dagrun for example_bash_decorator to None, run_after=None
[2024-06-13T14:59:52.011+0000] {processor.py:183} INFO - Processing /home/airflow/.local/lib/python3.12/site-packages/airflow/example_dags/example_bash_decorator.py took 0.037 seconds
[2024-06-13T15:00:22.716+0000] {processor.py:161} INFO - Started process (PID=496) to work on /home/airflow/.local/lib/python3.12/site-packages/airflow/example_dags/example_bash_decorator.py
[2024-06-13T15:00:22.716+0000] {processor.py:830} INFO - Processing file /home/airflow/.local/lib/python3.12/site-packages/airflow/example_dags/example_bash_decorator.py for tasks to queue
[2024-06-13T15:00:22.717+0000] {logging_mixin.py:188} INFO - [2024-06-13T15:00:22.717+0000] {dagbag.py:545} INFO - Filling up the DagBag from /home/airflow/.local/lib/python3.12/site-packages/airflow/example_dags/example_bash_decorator.py
[2024-06-13T15:00:22.723+0000] {processor.py:840} INFO - DAG(s) 'example_bash_decorator' retrieved from /home/airflow/.local/lib/python3.12/site-packages/airflow/example_dags/example_bash_decorator.py
[2024-06-13T15:00:22.734+0000] {logging_mixin.py:188} INFO - [2024-06-13T15:00:22.734+0000] {dag.py:3096} INFO - Sync 1 DAGs
[2024-06-13T15:00:22.739+0000] {logging_mixin.py:188} INFO - [2024-06-13T15:00:22.739+0000] {dag.py:3954} INFO - Setting next_dagrun for example_bash_decorator to None, run_after=None
[2024-06-13T15:00:22.746+0000] {processor.py:183} INFO - Processing /home/airflow/.local/lib/python3.12/site-packages/airflow/example_dags/example_bash_decorator.py took 0.033 seconds
[2024-06-13T15:00:53.442+0000] {processor.py:161} INFO - Started process (PID=554) to work on /home/airflow/.local/lib/python3.12/site-packages/airflow/example_dags/example_bash_decorator.py
[2024-06-13T15:00:53.443+0000] {processor.py:830} INFO - Processing file /home/airflow/.local/lib/python3.12/site-packages/airflow/example_dags/example_bash_decorator.py for tasks to queue
[2024-06-13T15:00:53.444+0000] {logging_mixin.py:188} INFO - [2024-06-13T15:00:53.443+0000] {dagbag.py:545} INFO - Filling up the DagBag from /home/airflow/.local/lib/python3.12/site-packages/airflow/example_dags/example_bash_decorator.py
[2024-06-13T15:00:53.451+0000] {processor.py:840} INFO - DAG(s) 'example_bash_decorator' retrieved from /home/airflow/.local/lib/python3.12/site-packages/airflow/example_dags/example_bash_decorator.py
[2024-06-13T15:00:53.463+0000] {logging_mixin.py:188} INFO - [2024-06-13T15:00:53.463+0000] {dag.py:3096} INFO - Sync 1 DAGs
[2024-06-13T15:00:53.470+0000] {logging_mixin.py:188} INFO - [2024-06-13T15:00:53.469+0000] {dag.py:3954} INFO - Setting next_dagrun for example_bash_decorator to None, run_after=None
[2024-06-13T15:00:53.479+0000] {processor.py:183} INFO - Processing /home/airflow/.local/lib/python3.12/site-packages/airflow/example_dags/example_bash_decorator.py took 0.040 seconds
[2024-06-13T15:01:24.299+0000] {processor.py:161} INFO - Started process (PID=612) to work on /home/airflow/.local/lib/python3.12/site-packages/airflow/example_dags/example_bash_decorator.py
[2024-06-13T15:01:24.299+0000] {processor.py:830} INFO - Processing file /home/airflow/.local/lib/python3.12/site-packages/airflow/example_dags/example_bash_decorator.py for tasks to queue
[2024-06-13T15:01:24.301+0000] {logging_mixin.py:188} INFO - [2024-06-13T15:01:24.300+0000] {dagbag.py:545} INFO - Filling up the DagBag from /home/airflow/.local/lib/python3.12/site-packages/airflow/example_dags/example_bash_decorator.py
[2024-06-13T15:01:24.307+0000] {processor.py:840} INFO - DAG(s) 'example_bash_decorator' retrieved from /home/airflow/.local/lib/python3.12/site-packages/airflow/example_dags/example_bash_decorator.py
[2024-06-13T15:01:24.319+0000] {logging_mixin.py:188} INFO - [2024-06-13T15:01:24.319+0000] {dag.py:3096} INFO - Sync 1 DAGs
[2024-06-13T15:01:24.327+0000] {logging_mixin.py:188} INFO - [2024-06-13T15:01:24.326+0000] {dag.py:3954} INFO - Setting next_dagrun for example_bash_decorator to None, run_after=None
[2024-06-13T15:01:24.336+0000] {processor.py:183} INFO - Processing /home/airflow/.local/lib/python3.12/site-packages/airflow/example_dags/example_bash_decorator.py took 0.040 seconds
[2024-06-13T15:01:54.474+0000] {processor.py:161} INFO - Started process (PID=670) to work on /home/airflow/.local/lib/python3.12/site-packages/airflow/example_dags/example_bash_decorator.py
[2024-06-13T15:01:54.474+0000] {processor.py:830} INFO - Processing file /home/airflow/.local/lib/python3.12/site-packages/airflow/example_dags/example_bash_decorator.py for tasks to queue
[2024-06-13T15:01:54.475+0000] {logging_mixin.py:188} INFO - [2024-06-13T15:01:54.475+0000] {dagbag.py:545} INFO - Filling up the DagBag from /home/airflow/.local/lib/python3.12/site-packages/airflow/example_dags/example_bash_decorator.py
[2024-06-13T15:01:54.482+0000] {processor.py:840} INFO - DAG(s) 'example_bash_decorator' retrieved from /home/airflow/.local/lib/python3.12/site-packages/airflow/example_dags/example_bash_decorator.py
[2024-06-13T15:01:54.493+0000] {logging_mixin.py:188} INFO - [2024-06-13T15:01:54.493+0000] {dag.py:3096} INFO - Sync 1 DAGs
[2024-06-13T15:01:54.499+0000] {logging_mixin.py:188} INFO - [2024-06-13T15:01:54.499+0000] {dag.py:3954} INFO - Setting next_dagrun for example_bash_decorator to None, run_after=None
[2024-06-13T15:01:54.507+0000] {processor.py:183} INFO - Processing /home/airflow/.local/lib/python3.12/site-packages/airflow/example_dags/example_bash_decorator.py took 0.036 seconds
[2024-06-13T15:02:25.506+0000] {processor.py:161} INFO - Started process (PID=728) to work on /home/airflow/.local/lib/python3.12/site-packages/airflow/example_dags/example_bash_decorator.py
[2024-06-13T15:02:25.506+0000] {processor.py:830} INFO - Processing file /home/airflow/.local/lib/python3.12/site-packages/airflow/example_dags/example_bash_decorator.py for tasks to queue
[2024-06-13T15:02:25.507+0000] {logging_mixin.py:188} INFO - [2024-06-13T15:02:25.507+0000] {dagbag.py:545} INFO - Filling up the DagBag from /home/airflow/.local/lib/python3.12/site-packages/airflow/example_dags/example_bash_decorator.py
[2024-06-13T15:02:25.514+0000] {processor.py:840} INFO - DAG(s) 'example_bash_decorator' retrieved from /home/airflow/.local/lib/python3.12/site-packages/airflow/example_dags/example_bash_decorator.py
[2024-06-13T15:02:25.525+0000] {logging_mixin.py:188} INFO - [2024-06-13T15:02:25.524+0000] {dag.py:3096} INFO - Sync 1 DAGs
[2024-06-13T15:02:25.530+0000] {logging_mixin.py:188} INFO - [2024-06-13T15:02:25.530+0000] {dag.py:3954} INFO - Setting next_dagrun for example_bash_decorator to None, run_after=None
[2024-06-13T15:02:25.538+0000] {processor.py:183} INFO - Processing /home/airflow/.local/lib/python3.12/site-packages/airflow/example_dags/example_bash_decorator.py took 0.035 seconds
[2024-06-13T15:02:56.346+0000] {processor.py:161} INFO - Started process (PID=786) to work on /home/airflow/.local/lib/python3.12/site-packages/airflow/example_dags/example_bash_decorator.py
[2024-06-13T15:02:56.346+0000] {processor.py:830} INFO - Processing file /home/airflow/.local/lib/python3.12/site-packages/airflow/example_dags/example_bash_decorator.py for tasks to queue
[2024-06-13T15:02:56.347+0000] {logging_mixin.py:188} INFO - [2024-06-13T15:02:56.347+0000] {dagbag.py:545} INFO - Filling up the DagBag from /home/airflow/.local/lib/python3.12/site-packages/airflow/example_dags/example_bash_decorator.py
[2024-06-13T15:02:56.353+0000] {processor.py:840} INFO - DAG(s) 'example_bash_decorator' retrieved from /home/airflow/.local/lib/python3.12/site-packages/airflow/example_dags/example_bash_decorator.py
[2024-06-13T15:02:56.364+0000] {logging_mixin.py:188} INFO - [2024-06-13T15:02:56.364+0000] {dag.py:3096} INFO - Sync 1 DAGs
[2024-06-13T15:02:56.369+0000] {logging_mixin.py:188} INFO - [2024-06-13T15:02:56.369+0000] {dag.py:3954} INFO - Setting next_dagrun for example_bash_decorator to None, run_after=None
[2024-06-13T15:02:56.377+0000] {processor.py:183} INFO - Processing /home/airflow/.local/lib/python3.12/site-packages/airflow/example_dags/example_bash_decorator.py took 0.034 seconds
[2024-06-13T15:03:26.557+0000] {processor.py:161} INFO - Started process (PID=844) to work on /home/airflow/.local/lib/python3.12/site-packages/airflow/example_dags/example_bash_decorator.py
[2024-06-13T15:03:26.558+0000] {processor.py:830} INFO - Processing file /home/airflow/.local/lib/python3.12/site-packages/airflow/example_dags/example_bash_decorator.py for tasks to queue
[2024-06-13T15:03:26.559+0000] {logging_mixin.py:188} INFO - [2024-06-13T15:03:26.559+0000] {dagbag.py:545} INFO - Filling up the DagBag from /home/airflow/.local/lib/python3.12/site-packages/airflow/example_dags/example_bash_decorator.py
[2024-06-13T15:03:26.565+0000] {processor.py:840} INFO - DAG(s) 'example_bash_decorator' retrieved from /home/airflow/.local/lib/python3.12/site-packages/airflow/example_dags/example_bash_decorator.py
[2024-06-13T15:03:26.576+0000] {logging_mixin.py:188} INFO - [2024-06-13T15:03:26.576+0000] {dag.py:3096} INFO - Sync 1 DAGs
[2024-06-13T15:03:26.582+0000] {logging_mixin.py:188} INFO - [2024-06-13T15:03:26.582+0000] {dag.py:3954} INFO - Setting next_dagrun for example_bash_decorator to None, run_after=None
[2024-06-13T15:03:26.590+0000] {processor.py:183} INFO - Processing /home/airflow/.local/lib/python3.12/site-packages/airflow/example_dags/example_bash_decorator.py took 0.035 seconds
[2024-06-13T15:05:07.643+0000] {processor.py:161} INFO - Started process (PID=33) to work on /home/airflow/.local/lib/python3.12/site-packages/airflow/example_dags/example_bash_decorator.py
[2024-06-13T15:05:07.644+0000] {processor.py:830} INFO - Processing file /home/airflow/.local/lib/python3.12/site-packages/airflow/example_dags/example_bash_decorator.py for tasks to queue
[2024-06-13T15:05:07.647+0000] {logging_mixin.py:188} INFO - [2024-06-13T15:05:07.646+0000] {dagbag.py:545} INFO - Filling up the DagBag from /home/airflow/.local/lib/python3.12/site-packages/airflow/example_dags/example_bash_decorator.py
[2024-06-13T15:05:07.662+0000] {processor.py:840} INFO - DAG(s) 'example_bash_decorator' retrieved from /home/airflow/.local/lib/python3.12/site-packages/airflow/example_dags/example_bash_decorator.py
[2024-06-13T15:05:07.674+0000] {logging_mixin.py:188} INFO - [2024-06-13T15:05:07.673+0000] {dag.py:3096} INFO - Sync 1 DAGs
[2024-06-13T15:05:07.704+0000] {logging_mixin.py:188} INFO - [2024-06-13T15:05:07.704+0000] {dag.py:3954} INFO - Setting next_dagrun for example_bash_decorator to None, run_after=None
[2024-06-13T15:05:07.726+0000] {processor.py:183} INFO - Processing /home/airflow/.local/lib/python3.12/site-packages/airflow/example_dags/example_bash_decorator.py took 0.088 seconds
[2024-06-13T15:05:37.958+0000] {processor.py:161} INFO - Started process (PID=90) to work on /home/airflow/.local/lib/python3.12/site-packages/airflow/example_dags/example_bash_decorator.py
[2024-06-13T15:05:37.958+0000] {processor.py:830} INFO - Processing file /home/airflow/.local/lib/python3.12/site-packages/airflow/example_dags/example_bash_decorator.py for tasks to queue
[2024-06-13T15:05:37.959+0000] {logging_mixin.py:188} INFO - [2024-06-13T15:05:37.959+0000] {dagbag.py:545} INFO - Filling up the DagBag from /home/airflow/.local/lib/python3.12/site-packages/airflow/example_dags/example_bash_decorator.py
[2024-06-13T15:05:37.966+0000] {processor.py:840} INFO - DAG(s) 'example_bash_decorator' retrieved from /home/airflow/.local/lib/python3.12/site-packages/airflow/example_dags/example_bash_decorator.py
[2024-06-13T15:05:38.010+0000] {logging_mixin.py:188} INFO - [2024-06-13T15:05:38.010+0000] {dag.py:3096} INFO - Sync 1 DAGs
[2024-06-13T15:05:38.014+0000] {logging_mixin.py:188} INFO - [2024-06-13T15:05:38.014+0000] {dag.py:3954} INFO - Setting next_dagrun for example_bash_decorator to None, run_after=None
[2024-06-13T15:05:38.022+0000] {processor.py:183} INFO - Processing /home/airflow/.local/lib/python3.12/site-packages/airflow/example_dags/example_bash_decorator.py took 0.068 seconds
[2024-06-13T15:06:08.805+0000] {processor.py:161} INFO - Started process (PID=148) to work on /home/airflow/.local/lib/python3.12/site-packages/airflow/example_dags/example_bash_decorator.py
[2024-06-13T15:06:08.806+0000] {processor.py:830} INFO - Processing file /home/airflow/.local/lib/python3.12/site-packages/airflow/example_dags/example_bash_decorator.py for tasks to queue
[2024-06-13T15:06:08.807+0000] {logging_mixin.py:188} INFO - [2024-06-13T15:06:08.806+0000] {dagbag.py:545} INFO - Filling up the DagBag from /home/airflow/.local/lib/python3.12/site-packages/airflow/example_dags/example_bash_decorator.py
[2024-06-13T15:06:08.814+0000] {processor.py:840} INFO - DAG(s) 'example_bash_decorator' retrieved from /home/airflow/.local/lib/python3.12/site-packages/airflow/example_dags/example_bash_decorator.py
[2024-06-13T15:06:08.824+0000] {logging_mixin.py:188} INFO - [2024-06-13T15:06:08.824+0000] {dag.py:3096} INFO - Sync 1 DAGs
[2024-06-13T15:06:08.832+0000] {logging_mixin.py:188} INFO - [2024-06-13T15:06:08.832+0000] {dag.py:3954} INFO - Setting next_dagrun for example_bash_decorator to None, run_after=None
[2024-06-13T15:06:08.842+0000] {processor.py:183} INFO - Processing /home/airflow/.local/lib/python3.12/site-packages/airflow/example_dags/example_bash_decorator.py took 0.040 seconds
[2024-06-13T15:06:38.983+0000] {processor.py:161} INFO - Started process (PID=206) to work on /home/airflow/.local/lib/python3.12/site-packages/airflow/example_dags/example_bash_decorator.py
[2024-06-13T15:06:38.984+0000] {processor.py:830} INFO - Processing file /home/airflow/.local/lib/python3.12/site-packages/airflow/example_dags/example_bash_decorator.py for tasks to queue
[2024-06-13T15:06:38.985+0000] {logging_mixin.py:188} INFO - [2024-06-13T15:06:38.985+0000] {dagbag.py:545} INFO - Filling up the DagBag from /home/airflow/.local/lib/python3.12/site-packages/airflow/example_dags/example_bash_decorator.py
[2024-06-13T15:06:38.993+0000] {processor.py:840} INFO - DAG(s) 'example_bash_decorator' retrieved from /home/airflow/.local/lib/python3.12/site-packages/airflow/example_dags/example_bash_decorator.py
[2024-06-13T15:06:39.006+0000] {logging_mixin.py:188} INFO - [2024-06-13T15:06:39.005+0000] {dag.py:3096} INFO - Sync 1 DAGs
[2024-06-13T15:06:39.013+0000] {logging_mixin.py:188} INFO - [2024-06-13T15:06:39.013+0000] {dag.py:3954} INFO - Setting next_dagrun for example_bash_decorator to None, run_after=None
[2024-06-13T15:06:39.022+0000] {processor.py:183} INFO - Processing /home/airflow/.local/lib/python3.12/site-packages/airflow/example_dags/example_bash_decorator.py took 0.042 seconds
[2024-06-13T15:07:09.232+0000] {processor.py:161} INFO - Started process (PID=264) to work on /home/airflow/.local/lib/python3.12/site-packages/airflow/example_dags/example_bash_decorator.py
[2024-06-13T15:07:09.233+0000] {processor.py:830} INFO - Processing file /home/airflow/.local/lib/python3.12/site-packages/airflow/example_dags/example_bash_decorator.py for tasks to queue
[2024-06-13T15:07:09.234+0000] {logging_mixin.py:188} INFO - [2024-06-13T15:07:09.234+0000] {dagbag.py:545} INFO - Filling up the DagBag from /home/airflow/.local/lib/python3.12/site-packages/airflow/example_dags/example_bash_decorator.py
[2024-06-13T15:07:09.241+0000] {processor.py:840} INFO - DAG(s) 'example_bash_decorator' retrieved from /home/airflow/.local/lib/python3.12/site-packages/airflow/example_dags/example_bash_decorator.py
[2024-06-13T15:07:09.252+0000] {logging_mixin.py:188} INFO - [2024-06-13T15:07:09.252+0000] {dag.py:3096} INFO - Sync 1 DAGs
[2024-06-13T15:07:09.258+0000] {logging_mixin.py:188} INFO - [2024-06-13T15:07:09.258+0000] {dag.py:3954} INFO - Setting next_dagrun for example_bash_decorator to None, run_after=None
[2024-06-13T15:07:09.266+0000] {processor.py:183} INFO - Processing /home/airflow/.local/lib/python3.12/site-packages/airflow/example_dags/example_bash_decorator.py took 0.036 seconds
[2024-06-13T15:07:39.535+0000] {processor.py:161} INFO - Started process (PID=322) to work on /home/airflow/.local/lib/python3.12/site-packages/airflow/example_dags/example_bash_decorator.py
[2024-06-13T15:07:39.536+0000] {processor.py:830} INFO - Processing file /home/airflow/.local/lib/python3.12/site-packages/airflow/example_dags/example_bash_decorator.py for tasks to queue
[2024-06-13T15:07:39.537+0000] {logging_mixin.py:188} INFO - [2024-06-13T15:07:39.537+0000] {dagbag.py:545} INFO - Filling up the DagBag from /home/airflow/.local/lib/python3.12/site-packages/airflow/example_dags/example_bash_decorator.py
[2024-06-13T15:07:39.544+0000] {processor.py:840} INFO - DAG(s) 'example_bash_decorator' retrieved from /home/airflow/.local/lib/python3.12/site-packages/airflow/example_dags/example_bash_decorator.py
[2024-06-13T15:07:39.554+0000] {logging_mixin.py:188} INFO - [2024-06-13T15:07:39.554+0000] {dag.py:3096} INFO - Sync 1 DAGs
[2024-06-13T15:07:39.560+0000] {logging_mixin.py:188} INFO - [2024-06-13T15:07:39.560+0000] {dag.py:3954} INFO - Setting next_dagrun for example_bash_decorator to None, run_after=None
[2024-06-13T15:07:39.568+0000] {processor.py:183} INFO - Processing /home/airflow/.local/lib/python3.12/site-packages/airflow/example_dags/example_bash_decorator.py took 0.035 seconds
