[2024-06-13T14:56:28.619+0000] {processor.py:161} INFO - Started process (PID=72) to work on /home/airflow/.local/lib/python3.12/site-packages/airflow/example_dags/example_external_task_marker_dag.py
[2024-06-13T14:56:28.635+0000] {processor.py:830} INFO - Processing file /home/airflow/.local/lib/python3.12/site-packages/airflow/example_dags/example_external_task_marker_dag.py for tasks to queue
[2024-06-13T14:56:28.646+0000] {logging_mixin.py:188} INFO - [2024-06-13T14:56:28.645+0000] {dagbag.py:545} INFO - Filling up the DagBag from /home/airflow/.local/lib/python3.12/site-packages/airflow/example_dags/example_external_task_marker_dag.py
[2024-06-13T14:56:28.667+0000] {processor.py:840} INFO - DAG(s) 'example_external_task_marker_parent', 'example_external_task_marker_child' retrieved from /home/airflow/.local/lib/python3.12/site-packages/airflow/example_dags/example_external_task_marker_dag.py
[2024-06-13T14:56:28.932+0000] {logging_mixin.py:188} INFO - [2024-06-13T14:56:28.931+0000] {override.py:1829} INFO - Created Permission View: can read on DAG:example_external_task_marker_parent
[2024-06-13T14:56:28.959+0000] {logging_mixin.py:188} INFO - [2024-06-13T14:56:28.958+0000] {override.py:1829} INFO - Created Permission View: can delete on DAG:example_external_task_marker_parent
[2024-06-13T14:56:28.977+0000] {logging_mixin.py:188} INFO - [2024-06-13T14:56:28.976+0000] {override.py:1829} INFO - Created Permission View: can edit on DAG:example_external_task_marker_parent
[2024-06-13T14:56:29.002+0000] {logging_mixin.py:188} INFO - [2024-06-13T14:56:29.002+0000] {override.py:1829} INFO - Created Permission View: can read on DAG:example_external_task_marker_child
[2024-06-13T14:56:29.010+0000] {logging_mixin.py:188} INFO - [2024-06-13T14:56:29.010+0000] {override.py:1829} INFO - Created Permission View: can delete on DAG:example_external_task_marker_child
[2024-06-13T14:56:29.022+0000] {logging_mixin.py:188} INFO - [2024-06-13T14:56:29.021+0000] {override.py:1829} INFO - Created Permission View: can edit on DAG:example_external_task_marker_child
[2024-06-13T14:56:29.027+0000] {logging_mixin.py:188} INFO - [2024-06-13T14:56:29.026+0000] {dag.py:3096} INFO - Sync 2 DAGs
[2024-06-13T14:56:29.108+0000] {logging_mixin.py:188} INFO - [2024-06-13T14:56:29.102+0000] {dag.py:3118} INFO - Creating ORM DAG for example_external_task_marker_parent
[2024-06-13T14:56:29.147+0000] {logging_mixin.py:188} INFO - [2024-06-13T14:56:29.145+0000] {dag.py:3118} INFO - Creating ORM DAG for example_external_task_marker_child
[2024-06-13T14:56:29.149+0000] {logging_mixin.py:188} INFO - [2024-06-13T14:56:29.149+0000] {dag.py:3954} INFO - Setting next_dagrun for example_external_task_marker_child to None, run_after=None
[2024-06-13T14:56:29.151+0000] {logging_mixin.py:188} INFO - [2024-06-13T14:56:29.151+0000] {dag.py:3954} INFO - Setting next_dagrun for example_external_task_marker_parent to None, run_after=None
[2024-06-13T14:56:29.195+0000] {processor.py:183} INFO - Processing /home/airflow/.local/lib/python3.12/site-packages/airflow/example_dags/example_external_task_marker_dag.py took 0.591 seconds
[2024-06-13T14:56:59.829+0000] {processor.py:161} INFO - Started process (PID=130) to work on /home/airflow/.local/lib/python3.12/site-packages/airflow/example_dags/example_external_task_marker_dag.py
[2024-06-13T14:56:59.832+0000] {processor.py:830} INFO - Processing file /home/airflow/.local/lib/python3.12/site-packages/airflow/example_dags/example_external_task_marker_dag.py for tasks to queue
[2024-06-13T14:56:59.836+0000] {logging_mixin.py:188} INFO - [2024-06-13T14:56:59.835+0000] {dagbag.py:545} INFO - Filling up the DagBag from /home/airflow/.local/lib/python3.12/site-packages/airflow/example_dags/example_external_task_marker_dag.py
[2024-06-13T14:56:59.846+0000] {processor.py:840} INFO - DAG(s) 'example_external_task_marker_child', 'example_external_task_marker_parent' retrieved from /home/airflow/.local/lib/python3.12/site-packages/airflow/example_dags/example_external_task_marker_dag.py
[2024-06-13T14:56:59.932+0000] {logging_mixin.py:188} INFO - [2024-06-13T14:56:59.931+0000] {dag.py:3096} INFO - Sync 2 DAGs
[2024-06-13T14:56:59.999+0000] {logging_mixin.py:188} INFO - [2024-06-13T14:56:59.999+0000] {dag.py:3954} INFO - Setting next_dagrun for example_external_task_marker_child to None, run_after=None
[2024-06-13T14:57:00.013+0000] {logging_mixin.py:188} INFO - [2024-06-13T14:57:00.013+0000] {dag.py:3954} INFO - Setting next_dagrun for example_external_task_marker_parent to None, run_after=None
[2024-06-13T14:57:00.033+0000] {processor.py:183} INFO - Processing /home/airflow/.local/lib/python3.12/site-packages/airflow/example_dags/example_external_task_marker_dag.py took 0.233 seconds
[2024-06-13T14:57:30.539+0000] {processor.py:161} INFO - Started process (PID=188) to work on /home/airflow/.local/lib/python3.12/site-packages/airflow/example_dags/example_external_task_marker_dag.py
[2024-06-13T14:57:30.542+0000] {processor.py:830} INFO - Processing file /home/airflow/.local/lib/python3.12/site-packages/airflow/example_dags/example_external_task_marker_dag.py for tasks to queue
[2024-06-13T14:57:30.547+0000] {logging_mixin.py:188} INFO - [2024-06-13T14:57:30.546+0000] {dagbag.py:545} INFO - Filling up the DagBag from /home/airflow/.local/lib/python3.12/site-packages/airflow/example_dags/example_external_task_marker_dag.py
[2024-06-13T14:57:30.586+0000] {processor.py:840} INFO - DAG(s) 'example_external_task_marker_child', 'example_external_task_marker_parent' retrieved from /home/airflow/.local/lib/python3.12/site-packages/airflow/example_dags/example_external_task_marker_dag.py
[2024-06-13T14:57:30.630+0000] {logging_mixin.py:188} INFO - [2024-06-13T14:57:30.629+0000] {dag.py:3096} INFO - Sync 2 DAGs
[2024-06-13T14:57:30.657+0000] {logging_mixin.py:188} INFO - [2024-06-13T14:57:30.657+0000] {dag.py:3954} INFO - Setting next_dagrun for example_external_task_marker_child to None, run_after=None
[2024-06-13T14:57:30.663+0000] {logging_mixin.py:188} INFO - [2024-06-13T14:57:30.662+0000] {dag.py:3954} INFO - Setting next_dagrun for example_external_task_marker_parent to None, run_after=None
[2024-06-13T14:57:30.686+0000] {processor.py:183} INFO - Processing /home/airflow/.local/lib/python3.12/site-packages/airflow/example_dags/example_external_task_marker_dag.py took 0.164 seconds
[2024-06-13T14:58:00.771+0000] {processor.py:161} INFO - Started process (PID=246) to work on /home/airflow/.local/lib/python3.12/site-packages/airflow/example_dags/example_external_task_marker_dag.py
[2024-06-13T14:58:00.772+0000] {processor.py:830} INFO - Processing file /home/airflow/.local/lib/python3.12/site-packages/airflow/example_dags/example_external_task_marker_dag.py for tasks to queue
[2024-06-13T14:58:00.774+0000] {logging_mixin.py:188} INFO - [2024-06-13T14:58:00.773+0000] {dagbag.py:545} INFO - Filling up the DagBag from /home/airflow/.local/lib/python3.12/site-packages/airflow/example_dags/example_external_task_marker_dag.py
[2024-06-13T14:58:00.789+0000] {processor.py:840} INFO - DAG(s) 'example_external_task_marker_parent', 'example_external_task_marker_child' retrieved from /home/airflow/.local/lib/python3.12/site-packages/airflow/example_dags/example_external_task_marker_dag.py
[2024-06-13T14:58:00.820+0000] {logging_mixin.py:188} INFO - [2024-06-13T14:58:00.819+0000] {dag.py:3096} INFO - Sync 2 DAGs
[2024-06-13T14:58:00.852+0000] {logging_mixin.py:188} INFO - [2024-06-13T14:58:00.852+0000] {dag.py:3954} INFO - Setting next_dagrun for example_external_task_marker_child to None, run_after=None
[2024-06-13T14:58:00.856+0000] {logging_mixin.py:188} INFO - [2024-06-13T14:58:00.856+0000] {dag.py:3954} INFO - Setting next_dagrun for example_external_task_marker_parent to None, run_after=None
[2024-06-13T14:58:00.872+0000] {processor.py:183} INFO - Processing /home/airflow/.local/lib/python3.12/site-packages/airflow/example_dags/example_external_task_marker_dag.py took 0.107 seconds
[2024-06-13T14:58:30.981+0000] {processor.py:161} INFO - Started process (PID=304) to work on /home/airflow/.local/lib/python3.12/site-packages/airflow/example_dags/example_external_task_marker_dag.py
[2024-06-13T14:58:30.983+0000] {processor.py:830} INFO - Processing file /home/airflow/.local/lib/python3.12/site-packages/airflow/example_dags/example_external_task_marker_dag.py for tasks to queue
[2024-06-13T14:58:30.985+0000] {logging_mixin.py:188} INFO - [2024-06-13T14:58:30.985+0000] {dagbag.py:545} INFO - Filling up the DagBag from /home/airflow/.local/lib/python3.12/site-packages/airflow/example_dags/example_external_task_marker_dag.py
[2024-06-13T14:58:30.991+0000] {processor.py:840} INFO - DAG(s) 'example_external_task_marker_parent', 'example_external_task_marker_child' retrieved from /home/airflow/.local/lib/python3.12/site-packages/airflow/example_dags/example_external_task_marker_dag.py
[2024-06-13T14:58:31.009+0000] {logging_mixin.py:188} INFO - [2024-06-13T14:58:31.009+0000] {dag.py:3096} INFO - Sync 2 DAGs
[2024-06-13T14:58:31.017+0000] {logging_mixin.py:188} INFO - [2024-06-13T14:58:31.016+0000] {dag.py:3954} INFO - Setting next_dagrun for example_external_task_marker_child to None, run_after=None
[2024-06-13T14:58:31.019+0000] {logging_mixin.py:188} INFO - [2024-06-13T14:58:31.019+0000] {dag.py:3954} INFO - Setting next_dagrun for example_external_task_marker_parent to None, run_after=None
[2024-06-13T14:58:31.027+0000] {processor.py:183} INFO - Processing /home/airflow/.local/lib/python3.12/site-packages/airflow/example_dags/example_external_task_marker_dag.py took 0.053 seconds
[2024-06-13T14:59:01.149+0000] {processor.py:161} INFO - Started process (PID=363) to work on /home/airflow/.local/lib/python3.12/site-packages/airflow/example_dags/example_external_task_marker_dag.py
[2024-06-13T14:59:01.150+0000] {processor.py:830} INFO - Processing file /home/airflow/.local/lib/python3.12/site-packages/airflow/example_dags/example_external_task_marker_dag.py for tasks to queue
[2024-06-13T14:59:01.152+0000] {logging_mixin.py:188} INFO - [2024-06-13T14:59:01.152+0000] {dagbag.py:545} INFO - Filling up the DagBag from /home/airflow/.local/lib/python3.12/site-packages/airflow/example_dags/example_external_task_marker_dag.py
[2024-06-13T14:59:01.158+0000] {processor.py:840} INFO - DAG(s) 'example_external_task_marker_child', 'example_external_task_marker_parent' retrieved from /home/airflow/.local/lib/python3.12/site-packages/airflow/example_dags/example_external_task_marker_dag.py
[2024-06-13T14:59:01.177+0000] {logging_mixin.py:188} INFO - [2024-06-13T14:59:01.176+0000] {dag.py:3096} INFO - Sync 2 DAGs
[2024-06-13T14:59:01.184+0000] {logging_mixin.py:188} INFO - [2024-06-13T14:59:01.184+0000] {dag.py:3954} INFO - Setting next_dagrun for example_external_task_marker_child to None, run_after=None
[2024-06-13T14:59:01.187+0000] {logging_mixin.py:188} INFO - [2024-06-13T14:59:01.187+0000] {dag.py:3954} INFO - Setting next_dagrun for example_external_task_marker_parent to None, run_after=None
[2024-06-13T14:59:01.195+0000] {processor.py:183} INFO - Processing /home/airflow/.local/lib/python3.12/site-packages/airflow/example_dags/example_external_task_marker_dag.py took 0.053 seconds
[2024-06-13T14:59:32.205+0000] {processor.py:161} INFO - Started process (PID=420) to work on /home/airflow/.local/lib/python3.12/site-packages/airflow/example_dags/example_external_task_marker_dag.py
[2024-06-13T14:59:32.206+0000] {processor.py:830} INFO - Processing file /home/airflow/.local/lib/python3.12/site-packages/airflow/example_dags/example_external_task_marker_dag.py for tasks to queue
[2024-06-13T14:59:32.208+0000] {logging_mixin.py:188} INFO - [2024-06-13T14:59:32.208+0000] {dagbag.py:545} INFO - Filling up the DagBag from /home/airflow/.local/lib/python3.12/site-packages/airflow/example_dags/example_external_task_marker_dag.py
[2024-06-13T14:59:32.214+0000] {processor.py:840} INFO - DAG(s) 'example_external_task_marker_parent', 'example_external_task_marker_child' retrieved from /home/airflow/.local/lib/python3.12/site-packages/airflow/example_dags/example_external_task_marker_dag.py
[2024-06-13T14:59:32.232+0000] {logging_mixin.py:188} INFO - [2024-06-13T14:59:32.232+0000] {dag.py:3096} INFO - Sync 2 DAGs
[2024-06-13T14:59:32.243+0000] {logging_mixin.py:188} INFO - [2024-06-13T14:59:32.243+0000] {dag.py:3954} INFO - Setting next_dagrun for example_external_task_marker_child to None, run_after=None
[2024-06-13T14:59:32.248+0000] {logging_mixin.py:188} INFO - [2024-06-13T14:59:32.248+0000] {dag.py:3954} INFO - Setting next_dagrun for example_external_task_marker_parent to None, run_after=None
[2024-06-13T14:59:32.256+0000] {processor.py:183} INFO - Processing /home/airflow/.local/lib/python3.12/site-packages/airflow/example_dags/example_external_task_marker_dag.py took 0.058 seconds
[2024-06-13T15:00:02.965+0000] {processor.py:161} INFO - Started process (PID=478) to work on /home/airflow/.local/lib/python3.12/site-packages/airflow/example_dags/example_external_task_marker_dag.py
[2024-06-13T15:00:02.966+0000] {processor.py:830} INFO - Processing file /home/airflow/.local/lib/python3.12/site-packages/airflow/example_dags/example_external_task_marker_dag.py for tasks to queue
[2024-06-13T15:00:02.968+0000] {logging_mixin.py:188} INFO - [2024-06-13T15:00:02.968+0000] {dagbag.py:545} INFO - Filling up the DagBag from /home/airflow/.local/lib/python3.12/site-packages/airflow/example_dags/example_external_task_marker_dag.py
[2024-06-13T15:00:02.974+0000] {processor.py:840} INFO - DAG(s) 'example_external_task_marker_parent', 'example_external_task_marker_child' retrieved from /home/airflow/.local/lib/python3.12/site-packages/airflow/example_dags/example_external_task_marker_dag.py
[2024-06-13T15:00:02.993+0000] {logging_mixin.py:188} INFO - [2024-06-13T15:00:02.993+0000] {dag.py:3096} INFO - Sync 2 DAGs
[2024-06-13T15:00:03.001+0000] {logging_mixin.py:188} INFO - [2024-06-13T15:00:03.001+0000] {dag.py:3954} INFO - Setting next_dagrun for example_external_task_marker_child to None, run_after=None
[2024-06-13T15:00:03.003+0000] {logging_mixin.py:188} INFO - [2024-06-13T15:00:03.003+0000] {dag.py:3954} INFO - Setting next_dagrun for example_external_task_marker_parent to None, run_after=None
[2024-06-13T15:00:03.012+0000] {processor.py:183} INFO - Processing /home/airflow/.local/lib/python3.12/site-packages/airflow/example_dags/example_external_task_marker_dag.py took 0.054 seconds
[2024-06-13T15:00:33.648+0000] {processor.py:161} INFO - Started process (PID=536) to work on /home/airflow/.local/lib/python3.12/site-packages/airflow/example_dags/example_external_task_marker_dag.py
[2024-06-13T15:00:33.649+0000] {processor.py:830} INFO - Processing file /home/airflow/.local/lib/python3.12/site-packages/airflow/example_dags/example_external_task_marker_dag.py for tasks to queue
[2024-06-13T15:00:33.651+0000] {logging_mixin.py:188} INFO - [2024-06-13T15:00:33.650+0000] {dagbag.py:545} INFO - Filling up the DagBag from /home/airflow/.local/lib/python3.12/site-packages/airflow/example_dags/example_external_task_marker_dag.py
[2024-06-13T15:00:33.657+0000] {processor.py:840} INFO - DAG(s) 'example_external_task_marker_parent', 'example_external_task_marker_child' retrieved from /home/airflow/.local/lib/python3.12/site-packages/airflow/example_dags/example_external_task_marker_dag.py
[2024-06-13T15:00:33.676+0000] {logging_mixin.py:188} INFO - [2024-06-13T15:00:33.676+0000] {dag.py:3096} INFO - Sync 2 DAGs
[2024-06-13T15:00:33.684+0000] {logging_mixin.py:188} INFO - [2024-06-13T15:00:33.684+0000] {dag.py:3954} INFO - Setting next_dagrun for example_external_task_marker_child to None, run_after=None
[2024-06-13T15:00:33.686+0000] {logging_mixin.py:188} INFO - [2024-06-13T15:00:33.686+0000] {dag.py:3954} INFO - Setting next_dagrun for example_external_task_marker_parent to None, run_after=None
[2024-06-13T15:00:33.695+0000] {processor.py:183} INFO - Processing /home/airflow/.local/lib/python3.12/site-packages/airflow/example_dags/example_external_task_marker_dag.py took 0.054 seconds
[2024-06-13T15:01:04.415+0000] {processor.py:161} INFO - Started process (PID=594) to work on /home/airflow/.local/lib/python3.12/site-packages/airflow/example_dags/example_external_task_marker_dag.py
[2024-06-13T15:01:04.416+0000] {processor.py:830} INFO - Processing file /home/airflow/.local/lib/python3.12/site-packages/airflow/example_dags/example_external_task_marker_dag.py for tasks to queue
[2024-06-13T15:01:04.419+0000] {logging_mixin.py:188} INFO - [2024-06-13T15:01:04.419+0000] {dagbag.py:545} INFO - Filling up the DagBag from /home/airflow/.local/lib/python3.12/site-packages/airflow/example_dags/example_external_task_marker_dag.py
[2024-06-13T15:01:04.426+0000] {processor.py:840} INFO - DAG(s) 'example_external_task_marker_child', 'example_external_task_marker_parent' retrieved from /home/airflow/.local/lib/python3.12/site-packages/airflow/example_dags/example_external_task_marker_dag.py
[2024-06-13T15:01:04.447+0000] {logging_mixin.py:188} INFO - [2024-06-13T15:01:04.447+0000] {dag.py:3096} INFO - Sync 2 DAGs
[2024-06-13T15:01:04.455+0000] {logging_mixin.py:188} INFO - [2024-06-13T15:01:04.455+0000] {dag.py:3954} INFO - Setting next_dagrun for example_external_task_marker_child to None, run_after=None
[2024-06-13T15:01:04.457+0000] {logging_mixin.py:188} INFO - [2024-06-13T15:01:04.457+0000] {dag.py:3954} INFO - Setting next_dagrun for example_external_task_marker_parent to None, run_after=None
[2024-06-13T15:01:04.466+0000] {processor.py:183} INFO - Processing /home/airflow/.local/lib/python3.12/site-packages/airflow/example_dags/example_external_task_marker_dag.py took 0.058 seconds
[2024-06-13T15:01:34.588+0000] {processor.py:161} INFO - Started process (PID=652) to work on /home/airflow/.local/lib/python3.12/site-packages/airflow/example_dags/example_external_task_marker_dag.py
[2024-06-13T15:01:34.589+0000] {processor.py:830} INFO - Processing file /home/airflow/.local/lib/python3.12/site-packages/airflow/example_dags/example_external_task_marker_dag.py for tasks to queue
[2024-06-13T15:01:34.591+0000] {logging_mixin.py:188} INFO - [2024-06-13T15:01:34.591+0000] {dagbag.py:545} INFO - Filling up the DagBag from /home/airflow/.local/lib/python3.12/site-packages/airflow/example_dags/example_external_task_marker_dag.py
[2024-06-13T15:01:34.597+0000] {processor.py:840} INFO - DAG(s) 'example_external_task_marker_child', 'example_external_task_marker_parent' retrieved from /home/airflow/.local/lib/python3.12/site-packages/airflow/example_dags/example_external_task_marker_dag.py
[2024-06-13T15:01:34.615+0000] {logging_mixin.py:188} INFO - [2024-06-13T15:01:34.615+0000] {dag.py:3096} INFO - Sync 2 DAGs
[2024-06-13T15:01:34.623+0000] {logging_mixin.py:188} INFO - [2024-06-13T15:01:34.623+0000] {dag.py:3954} INFO - Setting next_dagrun for example_external_task_marker_child to None, run_after=None
[2024-06-13T15:01:34.625+0000] {logging_mixin.py:188} INFO - [2024-06-13T15:01:34.625+0000] {dag.py:3954} INFO - Setting next_dagrun for example_external_task_marker_parent to None, run_after=None
[2024-06-13T15:01:34.635+0000] {processor.py:183} INFO - Processing /home/airflow/.local/lib/python3.12/site-packages/airflow/example_dags/example_external_task_marker_dag.py took 0.053 seconds
[2024-06-13T15:02:04.692+0000] {processor.py:161} INFO - Started process (PID=710) to work on /home/airflow/.local/lib/python3.12/site-packages/airflow/example_dags/example_external_task_marker_dag.py
[2024-06-13T15:02:04.693+0000] {processor.py:830} INFO - Processing file /home/airflow/.local/lib/python3.12/site-packages/airflow/example_dags/example_external_task_marker_dag.py for tasks to queue
[2024-06-13T15:02:04.695+0000] {logging_mixin.py:188} INFO - [2024-06-13T15:02:04.695+0000] {dagbag.py:545} INFO - Filling up the DagBag from /home/airflow/.local/lib/python3.12/site-packages/airflow/example_dags/example_external_task_marker_dag.py
[2024-06-13T15:02:04.702+0000] {processor.py:840} INFO - DAG(s) 'example_external_task_marker_child', 'example_external_task_marker_parent' retrieved from /home/airflow/.local/lib/python3.12/site-packages/airflow/example_dags/example_external_task_marker_dag.py
[2024-06-13T15:02:04.721+0000] {logging_mixin.py:188} INFO - [2024-06-13T15:02:04.721+0000] {dag.py:3096} INFO - Sync 2 DAGs
[2024-06-13T15:02:04.729+0000] {logging_mixin.py:188} INFO - [2024-06-13T15:02:04.729+0000] {dag.py:3954} INFO - Setting next_dagrun for example_external_task_marker_child to None, run_after=None
[2024-06-13T15:02:04.732+0000] {logging_mixin.py:188} INFO - [2024-06-13T15:02:04.732+0000] {dag.py:3954} INFO - Setting next_dagrun for example_external_task_marker_parent to None, run_after=None
[2024-06-13T15:02:04.740+0000] {processor.py:183} INFO - Processing /home/airflow/.local/lib/python3.12/site-packages/airflow/example_dags/example_external_task_marker_dag.py took 0.057 seconds
[2024-06-13T15:02:35.502+0000] {processor.py:161} INFO - Started process (PID=768) to work on /home/airflow/.local/lib/python3.12/site-packages/airflow/example_dags/example_external_task_marker_dag.py
[2024-06-13T15:02:35.503+0000] {processor.py:830} INFO - Processing file /home/airflow/.local/lib/python3.12/site-packages/airflow/example_dags/example_external_task_marker_dag.py for tasks to queue
[2024-06-13T15:02:35.505+0000] {logging_mixin.py:188} INFO - [2024-06-13T15:02:35.505+0000] {dagbag.py:545} INFO - Filling up the DagBag from /home/airflow/.local/lib/python3.12/site-packages/airflow/example_dags/example_external_task_marker_dag.py
[2024-06-13T15:02:35.512+0000] {processor.py:840} INFO - DAG(s) 'example_external_task_marker_parent', 'example_external_task_marker_child' retrieved from /home/airflow/.local/lib/python3.12/site-packages/airflow/example_dags/example_external_task_marker_dag.py
[2024-06-13T15:02:35.532+0000] {logging_mixin.py:188} INFO - [2024-06-13T15:02:35.532+0000] {dag.py:3096} INFO - Sync 2 DAGs
[2024-06-13T15:02:35.539+0000] {logging_mixin.py:188} INFO - [2024-06-13T15:02:35.539+0000] {dag.py:3954} INFO - Setting next_dagrun for example_external_task_marker_child to None, run_after=None
[2024-06-13T15:02:35.542+0000] {logging_mixin.py:188} INFO - [2024-06-13T15:02:35.542+0000] {dag.py:3954} INFO - Setting next_dagrun for example_external_task_marker_parent to None, run_after=None
[2024-06-13T15:02:35.550+0000] {processor.py:183} INFO - Processing /home/airflow/.local/lib/python3.12/site-packages/airflow/example_dags/example_external_task_marker_dag.py took 0.055 seconds
[2024-06-13T15:03:05.755+0000] {processor.py:161} INFO - Started process (PID=826) to work on /home/airflow/.local/lib/python3.12/site-packages/airflow/example_dags/example_external_task_marker_dag.py
[2024-06-13T15:03:05.757+0000] {processor.py:830} INFO - Processing file /home/airflow/.local/lib/python3.12/site-packages/airflow/example_dags/example_external_task_marker_dag.py for tasks to queue
[2024-06-13T15:03:05.759+0000] {logging_mixin.py:188} INFO - [2024-06-13T15:03:05.759+0000] {dagbag.py:545} INFO - Filling up the DagBag from /home/airflow/.local/lib/python3.12/site-packages/airflow/example_dags/example_external_task_marker_dag.py
[2024-06-13T15:03:05.766+0000] {processor.py:840} INFO - DAG(s) 'example_external_task_marker_child', 'example_external_task_marker_parent' retrieved from /home/airflow/.local/lib/python3.12/site-packages/airflow/example_dags/example_external_task_marker_dag.py
[2024-06-13T15:03:05.788+0000] {logging_mixin.py:188} INFO - [2024-06-13T15:03:05.788+0000] {dag.py:3096} INFO - Sync 2 DAGs
[2024-06-13T15:03:05.797+0000] {logging_mixin.py:188} INFO - [2024-06-13T15:03:05.797+0000] {dag.py:3954} INFO - Setting next_dagrun for example_external_task_marker_child to None, run_after=None
[2024-06-13T15:03:05.800+0000] {logging_mixin.py:188} INFO - [2024-06-13T15:03:05.800+0000] {dag.py:3954} INFO - Setting next_dagrun for example_external_task_marker_parent to None, run_after=None
[2024-06-13T15:03:05.808+0000] {processor.py:183} INFO - Processing /home/airflow/.local/lib/python3.12/site-packages/airflow/example_dags/example_external_task_marker_dag.py took 0.061 seconds
[2024-06-13T15:03:36.507+0000] {processor.py:161} INFO - Started process (PID=884) to work on /home/airflow/.local/lib/python3.12/site-packages/airflow/example_dags/example_external_task_marker_dag.py
[2024-06-13T15:03:36.508+0000] {processor.py:830} INFO - Processing file /home/airflow/.local/lib/python3.12/site-packages/airflow/example_dags/example_external_task_marker_dag.py for tasks to queue
[2024-06-13T15:03:36.509+0000] {logging_mixin.py:188} INFO - [2024-06-13T15:03:36.509+0000] {dagbag.py:545} INFO - Filling up the DagBag from /home/airflow/.local/lib/python3.12/site-packages/airflow/example_dags/example_external_task_marker_dag.py
[2024-06-13T15:03:36.515+0000] {processor.py:840} INFO - DAG(s) 'example_external_task_marker_parent', 'example_external_task_marker_child' retrieved from /home/airflow/.local/lib/python3.12/site-packages/airflow/example_dags/example_external_task_marker_dag.py
[2024-06-13T15:03:36.532+0000] {logging_mixin.py:188} INFO - [2024-06-13T15:03:36.532+0000] {dag.py:3096} INFO - Sync 2 DAGs
[2024-06-13T15:03:36.540+0000] {logging_mixin.py:188} INFO - [2024-06-13T15:03:36.539+0000] {dag.py:3954} INFO - Setting next_dagrun for example_external_task_marker_child to None, run_after=None
[2024-06-13T15:03:36.542+0000] {logging_mixin.py:188} INFO - [2024-06-13T15:03:36.542+0000] {dag.py:3954} INFO - Setting next_dagrun for example_external_task_marker_parent to None, run_after=None
[2024-06-13T15:03:36.550+0000] {processor.py:183} INFO - Processing /home/airflow/.local/lib/python3.12/site-packages/airflow/example_dags/example_external_task_marker_dag.py took 0.049 seconds
[2024-06-13T15:05:09.817+0000] {processor.py:161} INFO - Started process (PID=65) to work on /home/airflow/.local/lib/python3.12/site-packages/airflow/example_dags/example_external_task_marker_dag.py
[2024-06-13T15:05:09.818+0000] {processor.py:830} INFO - Processing file /home/airflow/.local/lib/python3.12/site-packages/airflow/example_dags/example_external_task_marker_dag.py for tasks to queue
[2024-06-13T15:05:09.821+0000] {logging_mixin.py:188} INFO - [2024-06-13T15:05:09.821+0000] {dagbag.py:545} INFO - Filling up the DagBag from /home/airflow/.local/lib/python3.12/site-packages/airflow/example_dags/example_external_task_marker_dag.py
[2024-06-13T15:05:09.828+0000] {processor.py:840} INFO - DAG(s) 'example_external_task_marker_child', 'example_external_task_marker_parent' retrieved from /home/airflow/.local/lib/python3.12/site-packages/airflow/example_dags/example_external_task_marker_dag.py
[2024-06-13T15:05:09.840+0000] {logging_mixin.py:188} INFO - [2024-06-13T15:05:09.840+0000] {dag.py:3096} INFO - Sync 2 DAGs
[2024-06-13T15:05:09.853+0000] {logging_mixin.py:188} INFO - [2024-06-13T15:05:09.852+0000] {dag.py:3954} INFO - Setting next_dagrun for example_external_task_marker_child to None, run_after=None
[2024-06-13T15:05:09.856+0000] {logging_mixin.py:188} INFO - [2024-06-13T15:05:09.856+0000] {dag.py:3954} INFO - Setting next_dagrun for example_external_task_marker_parent to None, run_after=None
[2024-06-13T15:05:09.870+0000] {processor.py:183} INFO - Processing /home/airflow/.local/lib/python3.12/site-packages/airflow/example_dags/example_external_task_marker_dag.py took 0.067 seconds
[2024-06-13T15:05:40.514+0000] {processor.py:161} INFO - Started process (PID=122) to work on /home/airflow/.local/lib/python3.12/site-packages/airflow/example_dags/example_external_task_marker_dag.py
[2024-06-13T15:05:40.515+0000] {processor.py:830} INFO - Processing file /home/airflow/.local/lib/python3.12/site-packages/airflow/example_dags/example_external_task_marker_dag.py for tasks to queue
[2024-06-13T15:05:40.516+0000] {logging_mixin.py:188} INFO - [2024-06-13T15:05:40.516+0000] {dagbag.py:545} INFO - Filling up the DagBag from /home/airflow/.local/lib/python3.12/site-packages/airflow/example_dags/example_external_task_marker_dag.py
[2024-06-13T15:05:40.525+0000] {processor.py:840} INFO - DAG(s) 'example_external_task_marker_parent', 'example_external_task_marker_child' retrieved from /home/airflow/.local/lib/python3.12/site-packages/airflow/example_dags/example_external_task_marker_dag.py
[2024-06-13T15:05:40.617+0000] {logging_mixin.py:188} INFO - [2024-06-13T15:05:40.617+0000] {dag.py:3096} INFO - Sync 2 DAGs
[2024-06-13T15:05:40.623+0000] {logging_mixin.py:188} INFO - [2024-06-13T15:05:40.622+0000] {dag.py:3954} INFO - Setting next_dagrun for example_external_task_marker_child to None, run_after=None
[2024-06-13T15:05:40.624+0000] {logging_mixin.py:188} INFO - [2024-06-13T15:05:40.624+0000] {dag.py:3954} INFO - Setting next_dagrun for example_external_task_marker_parent to None, run_after=None
[2024-06-13T15:05:40.633+0000] {processor.py:183} INFO - Processing /home/airflow/.local/lib/python3.12/site-packages/airflow/example_dags/example_external_task_marker_dag.py took 0.123 seconds
[2024-06-13T15:06:10.654+0000] {processor.py:161} INFO - Started process (PID=180) to work on /home/airflow/.local/lib/python3.12/site-packages/airflow/example_dags/example_external_task_marker_dag.py
[2024-06-13T15:06:10.654+0000] {processor.py:830} INFO - Processing file /home/airflow/.local/lib/python3.12/site-packages/airflow/example_dags/example_external_task_marker_dag.py for tasks to queue
[2024-06-13T15:06:10.655+0000] {logging_mixin.py:188} INFO - [2024-06-13T15:06:10.655+0000] {dagbag.py:545} INFO - Filling up the DagBag from /home/airflow/.local/lib/python3.12/site-packages/airflow/example_dags/example_external_task_marker_dag.py
[2024-06-13T15:06:10.658+0000] {processor.py:840} INFO - DAG(s) 'example_external_task_marker_child', 'example_external_task_marker_parent' retrieved from /home/airflow/.local/lib/python3.12/site-packages/airflow/example_dags/example_external_task_marker_dag.py
[2024-06-13T15:06:10.670+0000] {logging_mixin.py:188} INFO - [2024-06-13T15:06:10.669+0000] {dag.py:3096} INFO - Sync 2 DAGs
[2024-06-13T15:06:10.675+0000] {logging_mixin.py:188} INFO - [2024-06-13T15:06:10.675+0000] {dag.py:3954} INFO - Setting next_dagrun for example_external_task_marker_child to None, run_after=None
[2024-06-13T15:06:10.677+0000] {logging_mixin.py:188} INFO - [2024-06-13T15:06:10.677+0000] {dag.py:3954} INFO - Setting next_dagrun for example_external_task_marker_parent to None, run_after=None
[2024-06-13T15:06:10.684+0000] {processor.py:183} INFO - Processing /home/airflow/.local/lib/python3.12/site-packages/airflow/example_dags/example_external_task_marker_dag.py took 0.033 seconds
[2024-06-13T15:06:40.913+0000] {processor.py:161} INFO - Started process (PID=237) to work on /home/airflow/.local/lib/python3.12/site-packages/airflow/example_dags/example_external_task_marker_dag.py
[2024-06-13T15:06:40.914+0000] {processor.py:830} INFO - Processing file /home/airflow/.local/lib/python3.12/site-packages/airflow/example_dags/example_external_task_marker_dag.py for tasks to queue
[2024-06-13T15:06:40.915+0000] {logging_mixin.py:188} INFO - [2024-06-13T15:06:40.915+0000] {dagbag.py:545} INFO - Filling up the DagBag from /home/airflow/.local/lib/python3.12/site-packages/airflow/example_dags/example_external_task_marker_dag.py
[2024-06-13T15:06:40.919+0000] {processor.py:840} INFO - DAG(s) 'example_external_task_marker_child', 'example_external_task_marker_parent' retrieved from /home/airflow/.local/lib/python3.12/site-packages/airflow/example_dags/example_external_task_marker_dag.py
[2024-06-13T15:06:40.930+0000] {logging_mixin.py:188} INFO - [2024-06-13T15:06:40.930+0000] {dag.py:3096} INFO - Sync 2 DAGs
[2024-06-13T15:06:40.936+0000] {logging_mixin.py:188} INFO - [2024-06-13T15:06:40.936+0000] {dag.py:3954} INFO - Setting next_dagrun for example_external_task_marker_child to None, run_after=None
[2024-06-13T15:06:40.937+0000] {logging_mixin.py:188} INFO - [2024-06-13T15:06:40.937+0000] {dag.py:3954} INFO - Setting next_dagrun for example_external_task_marker_parent to None, run_after=None
[2024-06-13T15:06:40.944+0000] {processor.py:183} INFO - Processing /home/airflow/.local/lib/python3.12/site-packages/airflow/example_dags/example_external_task_marker_dag.py took 0.034 seconds
[2024-06-13T15:07:11.103+0000] {processor.py:161} INFO - Started process (PID=295) to work on /home/airflow/.local/lib/python3.12/site-packages/airflow/example_dags/example_external_task_marker_dag.py
[2024-06-13T15:07:11.103+0000] {processor.py:830} INFO - Processing file /home/airflow/.local/lib/python3.12/site-packages/airflow/example_dags/example_external_task_marker_dag.py for tasks to queue
[2024-06-13T15:07:11.104+0000] {logging_mixin.py:188} INFO - [2024-06-13T15:07:11.104+0000] {dagbag.py:545} INFO - Filling up the DagBag from /home/airflow/.local/lib/python3.12/site-packages/airflow/example_dags/example_external_task_marker_dag.py
[2024-06-13T15:07:11.107+0000] {processor.py:840} INFO - DAG(s) 'example_external_task_marker_parent', 'example_external_task_marker_child' retrieved from /home/airflow/.local/lib/python3.12/site-packages/airflow/example_dags/example_external_task_marker_dag.py
[2024-06-13T15:07:11.117+0000] {logging_mixin.py:188} INFO - [2024-06-13T15:07:11.117+0000] {dag.py:3096} INFO - Sync 2 DAGs
[2024-06-13T15:07:11.123+0000] {logging_mixin.py:188} INFO - [2024-06-13T15:07:11.123+0000] {dag.py:3954} INFO - Setting next_dagrun for example_external_task_marker_child to None, run_after=None
[2024-06-13T15:07:11.124+0000] {logging_mixin.py:188} INFO - [2024-06-13T15:07:11.124+0000] {dag.py:3954} INFO - Setting next_dagrun for example_external_task_marker_parent to None, run_after=None
[2024-06-13T15:07:11.131+0000] {processor.py:183} INFO - Processing /home/airflow/.local/lib/python3.12/site-packages/airflow/example_dags/example_external_task_marker_dag.py took 0.031 seconds
[2024-06-13T15:07:41.379+0000] {processor.py:161} INFO - Started process (PID=353) to work on /home/airflow/.local/lib/python3.12/site-packages/airflow/example_dags/example_external_task_marker_dag.py
[2024-06-13T15:07:41.380+0000] {processor.py:830} INFO - Processing file /home/airflow/.local/lib/python3.12/site-packages/airflow/example_dags/example_external_task_marker_dag.py for tasks to queue
[2024-06-13T15:07:41.380+0000] {logging_mixin.py:188} INFO - [2024-06-13T15:07:41.380+0000] {dagbag.py:545} INFO - Filling up the DagBag from /home/airflow/.local/lib/python3.12/site-packages/airflow/example_dags/example_external_task_marker_dag.py
[2024-06-13T15:07:41.383+0000] {processor.py:840} INFO - DAG(s) 'example_external_task_marker_child', 'example_external_task_marker_parent' retrieved from /home/airflow/.local/lib/python3.12/site-packages/airflow/example_dags/example_external_task_marker_dag.py
[2024-06-13T15:07:41.393+0000] {logging_mixin.py:188} INFO - [2024-06-13T15:07:41.393+0000] {dag.py:3096} INFO - Sync 2 DAGs
[2024-06-13T15:07:41.399+0000] {logging_mixin.py:188} INFO - [2024-06-13T15:07:41.399+0000] {dag.py:3954} INFO - Setting next_dagrun for example_external_task_marker_child to None, run_after=None
[2024-06-13T15:07:41.401+0000] {logging_mixin.py:188} INFO - [2024-06-13T15:07:41.401+0000] {dag.py:3954} INFO - Setting next_dagrun for example_external_task_marker_parent to None, run_after=None
[2024-06-13T15:07:41.407+0000] {processor.py:183} INFO - Processing /home/airflow/.local/lib/python3.12/site-packages/airflow/example_dags/example_external_task_marker_dag.py took 0.031 seconds
