[2024-06-13T14:56:19.158+0000] {processor.py:161} INFO - Started process (PID=42) to work on /home/airflow/.local/lib/python3.12/site-packages/airflow/example_dags/example_nested_branch_dag.py
[2024-06-13T14:56:19.162+0000] {processor.py:830} INFO - Processing file /home/airflow/.local/lib/python3.12/site-packages/airflow/example_dags/example_nested_branch_dag.py for tasks to queue
[2024-06-13T14:56:19.167+0000] {logging_mixin.py:188} INFO - [2024-06-13T14:56:19.166+0000] {dagbag.py:545} INFO - Filling up the DagBag from /home/airflow/.local/lib/python3.12/site-packages/airflow/example_dags/example_nested_branch_dag.py
[2024-06-13T14:56:19.209+0000] {processor.py:840} INFO - DAG(s) 'example_nested_branch_dag' retrieved from /home/airflow/.local/lib/python3.12/site-packages/airflow/example_dags/example_nested_branch_dag.py
[2024-06-13T14:56:19.410+0000] {logging_mixin.py:188} INFO - [2024-06-13T14:56:19.409+0000] {override.py:1829} INFO - Created Permission View: can read on DAG:example_nested_branch_dag
[2024-06-13T14:56:19.424+0000] {logging_mixin.py:188} INFO - [2024-06-13T14:56:19.424+0000] {override.py:1829} INFO - Created Permission View: can delete on DAG:example_nested_branch_dag
[2024-06-13T14:56:19.436+0000] {logging_mixin.py:188} INFO - [2024-06-13T14:56:19.436+0000] {override.py:1829} INFO - Created Permission View: can edit on DAG:example_nested_branch_dag
[2024-06-13T14:56:19.437+0000] {logging_mixin.py:188} INFO - [2024-06-13T14:56:19.437+0000] {dag.py:3096} INFO - Sync 1 DAGs
[2024-06-13T14:56:19.475+0000] {logging_mixin.py:188} INFO - [2024-06-13T14:56:19.475+0000] {dag.py:3118} INFO - Creating ORM DAG for example_nested_branch_dag
[2024-06-13T14:56:19.504+0000] {logging_mixin.py:188} INFO - [2024-06-13T14:56:19.504+0000] {dag.py:3954} INFO - Setting next_dagrun for example_nested_branch_dag to 2024-06-12 00:00:00+00:00, run_after=2024-06-13 00:00:00+00:00
[2024-06-13T14:56:19.529+0000] {processor.py:183} INFO - Processing /home/airflow/.local/lib/python3.12/site-packages/airflow/example_dags/example_nested_branch_dag.py took 0.393 seconds
[2024-06-13T14:56:50.060+0000] {processor.py:161} INFO - Started process (PID=100) to work on /home/airflow/.local/lib/python3.12/site-packages/airflow/example_dags/example_nested_branch_dag.py
[2024-06-13T14:56:50.065+0000] {processor.py:830} INFO - Processing file /home/airflow/.local/lib/python3.12/site-packages/airflow/example_dags/example_nested_branch_dag.py for tasks to queue
[2024-06-13T14:56:50.067+0000] {logging_mixin.py:188} INFO - [2024-06-13T14:56:50.066+0000] {dagbag.py:545} INFO - Filling up the DagBag from /home/airflow/.local/lib/python3.12/site-packages/airflow/example_dags/example_nested_branch_dag.py
[2024-06-13T14:56:50.080+0000] {processor.py:840} INFO - DAG(s) 'example_nested_branch_dag' retrieved from /home/airflow/.local/lib/python3.12/site-packages/airflow/example_dags/example_nested_branch_dag.py
[2024-06-13T14:56:50.107+0000] {logging_mixin.py:188} INFO - [2024-06-13T14:56:50.107+0000] {dag.py:3096} INFO - Sync 1 DAGs
[2024-06-13T14:56:50.128+0000] {logging_mixin.py:188} INFO - [2024-06-13T14:56:50.127+0000] {dag.py:3954} INFO - Setting next_dagrun for example_nested_branch_dag to 2024-06-12 00:00:00+00:00, run_after=2024-06-13 00:00:00+00:00
[2024-06-13T14:56:50.163+0000] {processor.py:183} INFO - Processing /home/airflow/.local/lib/python3.12/site-packages/airflow/example_dags/example_nested_branch_dag.py took 0.109 seconds
[2024-06-13T14:57:20.615+0000] {processor.py:161} INFO - Started process (PID=158) to work on /home/airflow/.local/lib/python3.12/site-packages/airflow/example_dags/example_nested_branch_dag.py
[2024-06-13T14:57:20.618+0000] {processor.py:830} INFO - Processing file /home/airflow/.local/lib/python3.12/site-packages/airflow/example_dags/example_nested_branch_dag.py for tasks to queue
[2024-06-13T14:57:20.625+0000] {logging_mixin.py:188} INFO - [2024-06-13T14:57:20.624+0000] {dagbag.py:545} INFO - Filling up the DagBag from /home/airflow/.local/lib/python3.12/site-packages/airflow/example_dags/example_nested_branch_dag.py
[2024-06-13T14:57:20.642+0000] {processor.py:840} INFO - DAG(s) 'example_nested_branch_dag' retrieved from /home/airflow/.local/lib/python3.12/site-packages/airflow/example_dags/example_nested_branch_dag.py
[2024-06-13T14:57:20.670+0000] {logging_mixin.py:188} INFO - [2024-06-13T14:57:20.670+0000] {dag.py:3096} INFO - Sync 1 DAGs
[2024-06-13T14:57:20.684+0000] {logging_mixin.py:188} INFO - [2024-06-13T14:57:20.684+0000] {dag.py:3954} INFO - Setting next_dagrun for example_nested_branch_dag to 2024-06-12 00:00:00+00:00, run_after=2024-06-13 00:00:00+00:00
[2024-06-13T14:57:20.694+0000] {processor.py:183} INFO - Processing /home/airflow/.local/lib/python3.12/site-packages/airflow/example_dags/example_nested_branch_dag.py took 0.087 seconds
[2024-06-13T14:57:51.404+0000] {processor.py:161} INFO - Started process (PID=216) to work on /home/airflow/.local/lib/python3.12/site-packages/airflow/example_dags/example_nested_branch_dag.py
[2024-06-13T14:57:51.405+0000] {processor.py:830} INFO - Processing file /home/airflow/.local/lib/python3.12/site-packages/airflow/example_dags/example_nested_branch_dag.py for tasks to queue
[2024-06-13T14:57:51.407+0000] {logging_mixin.py:188} INFO - [2024-06-13T14:57:51.406+0000] {dagbag.py:545} INFO - Filling up the DagBag from /home/airflow/.local/lib/python3.12/site-packages/airflow/example_dags/example_nested_branch_dag.py
[2024-06-13T14:57:51.413+0000] {processor.py:840} INFO - DAG(s) 'example_nested_branch_dag' retrieved from /home/airflow/.local/lib/python3.12/site-packages/airflow/example_dags/example_nested_branch_dag.py
[2024-06-13T14:57:51.440+0000] {logging_mixin.py:188} INFO - [2024-06-13T14:57:51.439+0000] {dag.py:3096} INFO - Sync 1 DAGs
[2024-06-13T14:57:51.461+0000] {logging_mixin.py:188} INFO - [2024-06-13T14:57:51.460+0000] {dag.py:3954} INFO - Setting next_dagrun for example_nested_branch_dag to 2024-06-12 00:00:00+00:00, run_after=2024-06-13 00:00:00+00:00
[2024-06-13T14:57:51.479+0000] {processor.py:183} INFO - Processing /home/airflow/.local/lib/python3.12/site-packages/airflow/example_dags/example_nested_branch_dag.py took 0.081 seconds
[2024-06-13T14:58:22.253+0000] {processor.py:161} INFO - Started process (PID=274) to work on /home/airflow/.local/lib/python3.12/site-packages/airflow/example_dags/example_nested_branch_dag.py
[2024-06-13T14:58:22.253+0000] {processor.py:830} INFO - Processing file /home/airflow/.local/lib/python3.12/site-packages/airflow/example_dags/example_nested_branch_dag.py for tasks to queue
[2024-06-13T14:58:22.254+0000] {logging_mixin.py:188} INFO - [2024-06-13T14:58:22.254+0000] {dagbag.py:545} INFO - Filling up the DagBag from /home/airflow/.local/lib/python3.12/site-packages/airflow/example_dags/example_nested_branch_dag.py
[2024-06-13T14:58:22.260+0000] {processor.py:840} INFO - DAG(s) 'example_nested_branch_dag' retrieved from /home/airflow/.local/lib/python3.12/site-packages/airflow/example_dags/example_nested_branch_dag.py
[2024-06-13T14:58:22.270+0000] {logging_mixin.py:188} INFO - [2024-06-13T14:58:22.270+0000] {dag.py:3096} INFO - Sync 1 DAGs
[2024-06-13T14:58:22.281+0000] {logging_mixin.py:188} INFO - [2024-06-13T14:58:22.281+0000] {dag.py:3954} INFO - Setting next_dagrun for example_nested_branch_dag to 2024-06-12 00:00:00+00:00, run_after=2024-06-13 00:00:00+00:00
[2024-06-13T14:58:22.289+0000] {processor.py:183} INFO - Processing /home/airflow/.local/lib/python3.12/site-packages/airflow/example_dags/example_nested_branch_dag.py took 0.040 seconds
[2024-06-13T14:58:53.375+0000] {processor.py:161} INFO - Started process (PID=332) to work on /home/airflow/.local/lib/python3.12/site-packages/airflow/example_dags/example_nested_branch_dag.py
[2024-06-13T14:58:53.376+0000] {processor.py:830} INFO - Processing file /home/airflow/.local/lib/python3.12/site-packages/airflow/example_dags/example_nested_branch_dag.py for tasks to queue
[2024-06-13T14:58:53.377+0000] {logging_mixin.py:188} INFO - [2024-06-13T14:58:53.377+0000] {dagbag.py:545} INFO - Filling up the DagBag from /home/airflow/.local/lib/python3.12/site-packages/airflow/example_dags/example_nested_branch_dag.py
[2024-06-13T14:58:53.381+0000] {processor.py:840} INFO - DAG(s) 'example_nested_branch_dag' retrieved from /home/airflow/.local/lib/python3.12/site-packages/airflow/example_dags/example_nested_branch_dag.py
[2024-06-13T14:58:53.391+0000] {logging_mixin.py:188} INFO - [2024-06-13T14:58:53.391+0000] {dag.py:3096} INFO - Sync 1 DAGs
[2024-06-13T14:58:53.400+0000] {logging_mixin.py:188} INFO - [2024-06-13T14:58:53.400+0000] {dag.py:3954} INFO - Setting next_dagrun for example_nested_branch_dag to 2024-06-12 00:00:00+00:00, run_after=2024-06-13 00:00:00+00:00
[2024-06-13T14:58:53.408+0000] {processor.py:183} INFO - Processing /home/airflow/.local/lib/python3.12/site-packages/airflow/example_dags/example_nested_branch_dag.py took 0.035 seconds
[2024-06-13T14:59:23.467+0000] {processor.py:161} INFO - Started process (PID=391) to work on /home/airflow/.local/lib/python3.12/site-packages/airflow/example_dags/example_nested_branch_dag.py
[2024-06-13T14:59:23.467+0000] {processor.py:830} INFO - Processing file /home/airflow/.local/lib/python3.12/site-packages/airflow/example_dags/example_nested_branch_dag.py for tasks to queue
[2024-06-13T14:59:23.468+0000] {logging_mixin.py:188} INFO - [2024-06-13T14:59:23.468+0000] {dagbag.py:545} INFO - Filling up the DagBag from /home/airflow/.local/lib/python3.12/site-packages/airflow/example_dags/example_nested_branch_dag.py
[2024-06-13T14:59:23.473+0000] {processor.py:840} INFO - DAG(s) 'example_nested_branch_dag' retrieved from /home/airflow/.local/lib/python3.12/site-packages/airflow/example_dags/example_nested_branch_dag.py
[2024-06-13T14:59:23.484+0000] {logging_mixin.py:188} INFO - [2024-06-13T14:59:23.484+0000] {dag.py:3096} INFO - Sync 1 DAGs
[2024-06-13T14:59:23.495+0000] {logging_mixin.py:188} INFO - [2024-06-13T14:59:23.494+0000] {dag.py:3954} INFO - Setting next_dagrun for example_nested_branch_dag to 2024-06-12 00:00:00+00:00, run_after=2024-06-13 00:00:00+00:00
[2024-06-13T14:59:23.504+0000] {processor.py:183} INFO - Processing /home/airflow/.local/lib/python3.12/site-packages/airflow/example_dags/example_nested_branch_dag.py took 0.040 seconds
[2024-06-13T14:59:54.248+0000] {processor.py:161} INFO - Started process (PID=448) to work on /home/airflow/.local/lib/python3.12/site-packages/airflow/example_dags/example_nested_branch_dag.py
[2024-06-13T14:59:54.249+0000] {processor.py:830} INFO - Processing file /home/airflow/.local/lib/python3.12/site-packages/airflow/example_dags/example_nested_branch_dag.py for tasks to queue
[2024-06-13T14:59:54.250+0000] {logging_mixin.py:188} INFO - [2024-06-13T14:59:54.249+0000] {dagbag.py:545} INFO - Filling up the DagBag from /home/airflow/.local/lib/python3.12/site-packages/airflow/example_dags/example_nested_branch_dag.py
[2024-06-13T14:59:54.255+0000] {processor.py:840} INFO - DAG(s) 'example_nested_branch_dag' retrieved from /home/airflow/.local/lib/python3.12/site-packages/airflow/example_dags/example_nested_branch_dag.py
[2024-06-13T14:59:54.266+0000] {logging_mixin.py:188} INFO - [2024-06-13T14:59:54.266+0000] {dag.py:3096} INFO - Sync 1 DAGs
[2024-06-13T14:59:54.276+0000] {logging_mixin.py:188} INFO - [2024-06-13T14:59:54.276+0000] {dag.py:3954} INFO - Setting next_dagrun for example_nested_branch_dag to 2024-06-12 00:00:00+00:00, run_after=2024-06-13 00:00:00+00:00
[2024-06-13T14:59:54.284+0000] {processor.py:183} INFO - Processing /home/airflow/.local/lib/python3.12/site-packages/airflow/example_dags/example_nested_branch_dag.py took 0.039 seconds
[2024-06-13T15:00:24.951+0000] {processor.py:161} INFO - Started process (PID=506) to work on /home/airflow/.local/lib/python3.12/site-packages/airflow/example_dags/example_nested_branch_dag.py
[2024-06-13T15:00:24.952+0000] {processor.py:830} INFO - Processing file /home/airflow/.local/lib/python3.12/site-packages/airflow/example_dags/example_nested_branch_dag.py for tasks to queue
[2024-06-13T15:00:24.953+0000] {logging_mixin.py:188} INFO - [2024-06-13T15:00:24.952+0000] {dagbag.py:545} INFO - Filling up the DagBag from /home/airflow/.local/lib/python3.12/site-packages/airflow/example_dags/example_nested_branch_dag.py
[2024-06-13T15:00:24.958+0000] {processor.py:840} INFO - DAG(s) 'example_nested_branch_dag' retrieved from /home/airflow/.local/lib/python3.12/site-packages/airflow/example_dags/example_nested_branch_dag.py
[2024-06-13T15:00:24.968+0000] {logging_mixin.py:188} INFO - [2024-06-13T15:00:24.968+0000] {dag.py:3096} INFO - Sync 1 DAGs
[2024-06-13T15:00:24.979+0000] {logging_mixin.py:188} INFO - [2024-06-13T15:00:24.979+0000] {dag.py:3954} INFO - Setting next_dagrun for example_nested_branch_dag to 2024-06-12 00:00:00+00:00, run_after=2024-06-13 00:00:00+00:00
[2024-06-13T15:00:24.987+0000] {processor.py:183} INFO - Processing /home/airflow/.local/lib/python3.12/site-packages/airflow/example_dags/example_nested_branch_dag.py took 0.039 seconds
[2024-06-13T15:00:55.694+0000] {processor.py:161} INFO - Started process (PID=564) to work on /home/airflow/.local/lib/python3.12/site-packages/airflow/example_dags/example_nested_branch_dag.py
[2024-06-13T15:00:55.695+0000] {processor.py:830} INFO - Processing file /home/airflow/.local/lib/python3.12/site-packages/airflow/example_dags/example_nested_branch_dag.py for tasks to queue
[2024-06-13T15:00:55.696+0000] {logging_mixin.py:188} INFO - [2024-06-13T15:00:55.696+0000] {dagbag.py:545} INFO - Filling up the DagBag from /home/airflow/.local/lib/python3.12/site-packages/airflow/example_dags/example_nested_branch_dag.py
[2024-06-13T15:00:55.701+0000] {processor.py:840} INFO - DAG(s) 'example_nested_branch_dag' retrieved from /home/airflow/.local/lib/python3.12/site-packages/airflow/example_dags/example_nested_branch_dag.py
[2024-06-13T15:00:55.713+0000] {logging_mixin.py:188} INFO - [2024-06-13T15:00:55.713+0000] {dag.py:3096} INFO - Sync 1 DAGs
[2024-06-13T15:00:55.727+0000] {logging_mixin.py:188} INFO - [2024-06-13T15:00:55.727+0000] {dag.py:3954} INFO - Setting next_dagrun for example_nested_branch_dag to 2024-06-12 00:00:00+00:00, run_after=2024-06-13 00:00:00+00:00
[2024-06-13T15:00:55.738+0000] {processor.py:183} INFO - Processing /home/airflow/.local/lib/python3.12/site-packages/airflow/example_dags/example_nested_branch_dag.py took 0.047 seconds
[2024-06-13T15:01:25.849+0000] {processor.py:161} INFO - Started process (PID=622) to work on /home/airflow/.local/lib/python3.12/site-packages/airflow/example_dags/example_nested_branch_dag.py
[2024-06-13T15:01:25.850+0000] {processor.py:830} INFO - Processing file /home/airflow/.local/lib/python3.12/site-packages/airflow/example_dags/example_nested_branch_dag.py for tasks to queue
[2024-06-13T15:01:25.851+0000] {logging_mixin.py:188} INFO - [2024-06-13T15:01:25.851+0000] {dagbag.py:545} INFO - Filling up the DagBag from /home/airflow/.local/lib/python3.12/site-packages/airflow/example_dags/example_nested_branch_dag.py
[2024-06-13T15:01:25.856+0000] {processor.py:840} INFO - DAG(s) 'example_nested_branch_dag' retrieved from /home/airflow/.local/lib/python3.12/site-packages/airflow/example_dags/example_nested_branch_dag.py
[2024-06-13T15:01:25.867+0000] {logging_mixin.py:188} INFO - [2024-06-13T15:01:25.866+0000] {dag.py:3096} INFO - Sync 1 DAGs
[2024-06-13T15:01:25.877+0000] {logging_mixin.py:188} INFO - [2024-06-13T15:01:25.877+0000] {dag.py:3954} INFO - Setting next_dagrun for example_nested_branch_dag to 2024-06-12 00:00:00+00:00, run_after=2024-06-13 00:00:00+00:00
[2024-06-13T15:01:25.886+0000] {processor.py:183} INFO - Processing /home/airflow/.local/lib/python3.12/site-packages/airflow/example_dags/example_nested_branch_dag.py took 0.040 seconds
[2024-06-13T15:01:55.931+0000] {processor.py:161} INFO - Started process (PID=680) to work on /home/airflow/.local/lib/python3.12/site-packages/airflow/example_dags/example_nested_branch_dag.py
[2024-06-13T15:01:55.931+0000] {processor.py:830} INFO - Processing file /home/airflow/.local/lib/python3.12/site-packages/airflow/example_dags/example_nested_branch_dag.py for tasks to queue
[2024-06-13T15:01:55.932+0000] {logging_mixin.py:188} INFO - [2024-06-13T15:01:55.932+0000] {dagbag.py:545} INFO - Filling up the DagBag from /home/airflow/.local/lib/python3.12/site-packages/airflow/example_dags/example_nested_branch_dag.py
[2024-06-13T15:01:55.939+0000] {processor.py:840} INFO - DAG(s) 'example_nested_branch_dag' retrieved from /home/airflow/.local/lib/python3.12/site-packages/airflow/example_dags/example_nested_branch_dag.py
[2024-06-13T15:01:55.951+0000] {logging_mixin.py:188} INFO - [2024-06-13T15:01:55.951+0000] {dag.py:3096} INFO - Sync 1 DAGs
[2024-06-13T15:01:55.963+0000] {logging_mixin.py:188} INFO - [2024-06-13T15:01:55.963+0000] {dag.py:3954} INFO - Setting next_dagrun for example_nested_branch_dag to 2024-06-12 00:00:00+00:00, run_after=2024-06-13 00:00:00+00:00
[2024-06-13T15:01:55.972+0000] {processor.py:183} INFO - Processing /home/airflow/.local/lib/python3.12/site-packages/airflow/example_dags/example_nested_branch_dag.py took 0.045 seconds
[2024-06-13T15:02:26.734+0000] {processor.py:161} INFO - Started process (PID=736) to work on /home/airflow/.local/lib/python3.12/site-packages/airflow/example_dags/example_nested_branch_dag.py
[2024-06-13T15:02:26.734+0000] {processor.py:830} INFO - Processing file /home/airflow/.local/lib/python3.12/site-packages/airflow/example_dags/example_nested_branch_dag.py for tasks to queue
[2024-06-13T15:02:26.735+0000] {logging_mixin.py:188} INFO - [2024-06-13T15:02:26.735+0000] {dagbag.py:545} INFO - Filling up the DagBag from /home/airflow/.local/lib/python3.12/site-packages/airflow/example_dags/example_nested_branch_dag.py
[2024-06-13T15:02:26.741+0000] {processor.py:840} INFO - DAG(s) 'example_nested_branch_dag' retrieved from /home/airflow/.local/lib/python3.12/site-packages/airflow/example_dags/example_nested_branch_dag.py
[2024-06-13T15:02:26.752+0000] {logging_mixin.py:188} INFO - [2024-06-13T15:02:26.751+0000] {dag.py:3096} INFO - Sync 1 DAGs
[2024-06-13T15:02:26.765+0000] {logging_mixin.py:188} INFO - [2024-06-13T15:02:26.765+0000] {dag.py:3954} INFO - Setting next_dagrun for example_nested_branch_dag to 2024-06-12 00:00:00+00:00, run_after=2024-06-13 00:00:00+00:00
[2024-06-13T15:02:26.774+0000] {processor.py:183} INFO - Processing /home/airflow/.local/lib/python3.12/site-packages/airflow/example_dags/example_nested_branch_dag.py took 0.044 seconds
[2024-06-13T15:02:57.625+0000] {processor.py:161} INFO - Started process (PID=794) to work on /home/airflow/.local/lib/python3.12/site-packages/airflow/example_dags/example_nested_branch_dag.py
[2024-06-13T15:02:57.625+0000] {processor.py:830} INFO - Processing file /home/airflow/.local/lib/python3.12/site-packages/airflow/example_dags/example_nested_branch_dag.py for tasks to queue
[2024-06-13T15:02:57.626+0000] {logging_mixin.py:188} INFO - [2024-06-13T15:02:57.626+0000] {dagbag.py:545} INFO - Filling up the DagBag from /home/airflow/.local/lib/python3.12/site-packages/airflow/example_dags/example_nested_branch_dag.py
[2024-06-13T15:02:57.631+0000] {processor.py:840} INFO - DAG(s) 'example_nested_branch_dag' retrieved from /home/airflow/.local/lib/python3.12/site-packages/airflow/example_dags/example_nested_branch_dag.py
[2024-06-13T15:02:57.641+0000] {logging_mixin.py:188} INFO - [2024-06-13T15:02:57.641+0000] {dag.py:3096} INFO - Sync 1 DAGs
[2024-06-13T15:02:57.650+0000] {logging_mixin.py:188} INFO - [2024-06-13T15:02:57.650+0000] {dag.py:3954} INFO - Setting next_dagrun for example_nested_branch_dag to 2024-06-12 00:00:00+00:00, run_after=2024-06-13 00:00:00+00:00
[2024-06-13T15:02:57.657+0000] {processor.py:183} INFO - Processing /home/airflow/.local/lib/python3.12/site-packages/airflow/example_dags/example_nested_branch_dag.py took 0.036 seconds
[2024-06-13T15:03:27.776+0000] {processor.py:161} INFO - Started process (PID=852) to work on /home/airflow/.local/lib/python3.12/site-packages/airflow/example_dags/example_nested_branch_dag.py
[2024-06-13T15:03:27.777+0000] {processor.py:830} INFO - Processing file /home/airflow/.local/lib/python3.12/site-packages/airflow/example_dags/example_nested_branch_dag.py for tasks to queue
[2024-06-13T15:03:27.778+0000] {logging_mixin.py:188} INFO - [2024-06-13T15:03:27.778+0000] {dagbag.py:545} INFO - Filling up the DagBag from /home/airflow/.local/lib/python3.12/site-packages/airflow/example_dags/example_nested_branch_dag.py
[2024-06-13T15:03:27.783+0000] {processor.py:840} INFO - DAG(s) 'example_nested_branch_dag' retrieved from /home/airflow/.local/lib/python3.12/site-packages/airflow/example_dags/example_nested_branch_dag.py
[2024-06-13T15:03:27.794+0000] {logging_mixin.py:188} INFO - [2024-06-13T15:03:27.794+0000] {dag.py:3096} INFO - Sync 1 DAGs
[2024-06-13T15:03:27.805+0000] {logging_mixin.py:188} INFO - [2024-06-13T15:03:27.805+0000] {dag.py:3954} INFO - Setting next_dagrun for example_nested_branch_dag to 2024-06-12 00:00:00+00:00, run_after=2024-06-13 00:00:00+00:00
[2024-06-13T15:03:27.814+0000] {processor.py:183} INFO - Processing /home/airflow/.local/lib/python3.12/site-packages/airflow/example_dags/example_nested_branch_dag.py took 0.040 seconds
[2024-06-13T15:05:08.114+0000] {processor.py:161} INFO - Started process (PID=41) to work on /home/airflow/.local/lib/python3.12/site-packages/airflow/example_dags/example_nested_branch_dag.py
[2024-06-13T15:05:08.117+0000] {processor.py:830} INFO - Processing file /home/airflow/.local/lib/python3.12/site-packages/airflow/example_dags/example_nested_branch_dag.py for tasks to queue
[2024-06-13T15:05:08.120+0000] {logging_mixin.py:188} INFO - [2024-06-13T15:05:08.120+0000] {dagbag.py:545} INFO - Filling up the DagBag from /home/airflow/.local/lib/python3.12/site-packages/airflow/example_dags/example_nested_branch_dag.py
[2024-06-13T15:05:08.131+0000] {processor.py:840} INFO - DAG(s) 'example_nested_branch_dag' retrieved from /home/airflow/.local/lib/python3.12/site-packages/airflow/example_dags/example_nested_branch_dag.py
[2024-06-13T15:05:08.143+0000] {logging_mixin.py:188} INFO - [2024-06-13T15:05:08.143+0000] {dag.py:3096} INFO - Sync 1 DAGs
[2024-06-13T15:05:08.163+0000] {logging_mixin.py:188} INFO - [2024-06-13T15:05:08.163+0000] {dag.py:3954} INFO - Setting next_dagrun for example_nested_branch_dag to 2024-06-12 00:00:00+00:00, run_after=2024-06-13 00:00:00+00:00
[2024-06-13T15:05:08.180+0000] {processor.py:183} INFO - Processing /home/airflow/.local/lib/python3.12/site-packages/airflow/example_dags/example_nested_branch_dag.py took 0.077 seconds
[2024-06-13T15:05:38.382+0000] {processor.py:161} INFO - Started process (PID=98) to work on /home/airflow/.local/lib/python3.12/site-packages/airflow/example_dags/example_nested_branch_dag.py
[2024-06-13T15:05:38.383+0000] {processor.py:830} INFO - Processing file /home/airflow/.local/lib/python3.12/site-packages/airflow/example_dags/example_nested_branch_dag.py for tasks to queue
[2024-06-13T15:05:38.384+0000] {logging_mixin.py:188} INFO - [2024-06-13T15:05:38.383+0000] {dagbag.py:545} INFO - Filling up the DagBag from /home/airflow/.local/lib/python3.12/site-packages/airflow/example_dags/example_nested_branch_dag.py
[2024-06-13T15:05:38.388+0000] {processor.py:840} INFO - DAG(s) 'example_nested_branch_dag' retrieved from /home/airflow/.local/lib/python3.12/site-packages/airflow/example_dags/example_nested_branch_dag.py
[2024-06-13T15:05:38.433+0000] {logging_mixin.py:188} INFO - [2024-06-13T15:05:38.433+0000] {dag.py:3096} INFO - Sync 1 DAGs
[2024-06-13T15:05:38.441+0000] {logging_mixin.py:188} INFO - [2024-06-13T15:05:38.441+0000] {dag.py:3954} INFO - Setting next_dagrun for example_nested_branch_dag to 2024-06-12 00:00:00+00:00, run_after=2024-06-13 00:00:00+00:00
[2024-06-13T15:05:38.450+0000] {processor.py:183} INFO - Processing /home/airflow/.local/lib/python3.12/site-packages/airflow/example_dags/example_nested_branch_dag.py took 0.071 seconds
[2024-06-13T15:06:09.032+0000] {processor.py:161} INFO - Started process (PID=156) to work on /home/airflow/.local/lib/python3.12/site-packages/airflow/example_dags/example_nested_branch_dag.py
[2024-06-13T15:06:09.034+0000] {processor.py:830} INFO - Processing file /home/airflow/.local/lib/python3.12/site-packages/airflow/example_dags/example_nested_branch_dag.py for tasks to queue
[2024-06-13T15:06:09.035+0000] {logging_mixin.py:188} INFO - [2024-06-13T15:06:09.035+0000] {dagbag.py:545} INFO - Filling up the DagBag from /home/airflow/.local/lib/python3.12/site-packages/airflow/example_dags/example_nested_branch_dag.py
[2024-06-13T15:06:09.042+0000] {processor.py:840} INFO - DAG(s) 'example_nested_branch_dag' retrieved from /home/airflow/.local/lib/python3.12/site-packages/airflow/example_dags/example_nested_branch_dag.py
[2024-06-13T15:06:09.054+0000] {logging_mixin.py:188} INFO - [2024-06-13T15:06:09.054+0000] {dag.py:3096} INFO - Sync 1 DAGs
[2024-06-13T15:06:09.066+0000] {logging_mixin.py:188} INFO - [2024-06-13T15:06:09.065+0000] {dag.py:3954} INFO - Setting next_dagrun for example_nested_branch_dag to 2024-06-12 00:00:00+00:00, run_after=2024-06-13 00:00:00+00:00
[2024-06-13T15:06:09.076+0000] {processor.py:183} INFO - Processing /home/airflow/.local/lib/python3.12/site-packages/airflow/example_dags/example_nested_branch_dag.py took 0.048 seconds
[2024-06-13T15:06:39.277+0000] {processor.py:161} INFO - Started process (PID=214) to work on /home/airflow/.local/lib/python3.12/site-packages/airflow/example_dags/example_nested_branch_dag.py
[2024-06-13T15:06:39.278+0000] {processor.py:830} INFO - Processing file /home/airflow/.local/lib/python3.12/site-packages/airflow/example_dags/example_nested_branch_dag.py for tasks to queue
[2024-06-13T15:06:39.279+0000] {logging_mixin.py:188} INFO - [2024-06-13T15:06:39.278+0000] {dagbag.py:545} INFO - Filling up the DagBag from /home/airflow/.local/lib/python3.12/site-packages/airflow/example_dags/example_nested_branch_dag.py
[2024-06-13T15:06:39.284+0000] {processor.py:840} INFO - DAG(s) 'example_nested_branch_dag' retrieved from /home/airflow/.local/lib/python3.12/site-packages/airflow/example_dags/example_nested_branch_dag.py
[2024-06-13T15:06:39.295+0000] {logging_mixin.py:188} INFO - [2024-06-13T15:06:39.294+0000] {dag.py:3096} INFO - Sync 1 DAGs
[2024-06-13T15:06:39.307+0000] {logging_mixin.py:188} INFO - [2024-06-13T15:06:39.307+0000] {dag.py:3954} INFO - Setting next_dagrun for example_nested_branch_dag to 2024-06-12 00:00:00+00:00, run_after=2024-06-13 00:00:00+00:00
[2024-06-13T15:06:39.316+0000] {processor.py:183} INFO - Processing /home/airflow/.local/lib/python3.12/site-packages/airflow/example_dags/example_nested_branch_dag.py took 0.043 seconds
[2024-06-13T15:07:09.438+0000] {processor.py:161} INFO - Started process (PID=272) to work on /home/airflow/.local/lib/python3.12/site-packages/airflow/example_dags/example_nested_branch_dag.py
[2024-06-13T15:07:09.438+0000] {processor.py:830} INFO - Processing file /home/airflow/.local/lib/python3.12/site-packages/airflow/example_dags/example_nested_branch_dag.py for tasks to queue
[2024-06-13T15:07:09.439+0000] {logging_mixin.py:188} INFO - [2024-06-13T15:07:09.439+0000] {dagbag.py:545} INFO - Filling up the DagBag from /home/airflow/.local/lib/python3.12/site-packages/airflow/example_dags/example_nested_branch_dag.py
[2024-06-13T15:07:09.447+0000] {processor.py:840} INFO - DAG(s) 'example_nested_branch_dag' retrieved from /home/airflow/.local/lib/python3.12/site-packages/airflow/example_dags/example_nested_branch_dag.py
[2024-06-13T15:07:09.462+0000] {logging_mixin.py:188} INFO - [2024-06-13T15:07:09.462+0000] {dag.py:3096} INFO - Sync 1 DAGs
[2024-06-13T15:07:09.475+0000] {logging_mixin.py:188} INFO - [2024-06-13T15:07:09.475+0000] {dag.py:3954} INFO - Setting next_dagrun for example_nested_branch_dag to 2024-06-12 00:00:00+00:00, run_after=2024-06-13 00:00:00+00:00
[2024-06-13T15:07:09.485+0000] {processor.py:183} INFO - Processing /home/airflow/.local/lib/python3.12/site-packages/airflow/example_dags/example_nested_branch_dag.py took 0.050 seconds
[2024-06-13T15:07:39.746+0000] {processor.py:161} INFO - Started process (PID=330) to work on /home/airflow/.local/lib/python3.12/site-packages/airflow/example_dags/example_nested_branch_dag.py
[2024-06-13T15:07:39.747+0000] {processor.py:830} INFO - Processing file /home/airflow/.local/lib/python3.12/site-packages/airflow/example_dags/example_nested_branch_dag.py for tasks to queue
[2024-06-13T15:07:39.748+0000] {logging_mixin.py:188} INFO - [2024-06-13T15:07:39.748+0000] {dagbag.py:545} INFO - Filling up the DagBag from /home/airflow/.local/lib/python3.12/site-packages/airflow/example_dags/example_nested_branch_dag.py
[2024-06-13T15:07:39.753+0000] {processor.py:840} INFO - DAG(s) 'example_nested_branch_dag' retrieved from /home/airflow/.local/lib/python3.12/site-packages/airflow/example_dags/example_nested_branch_dag.py
[2024-06-13T15:07:39.764+0000] {logging_mixin.py:188} INFO - [2024-06-13T15:07:39.764+0000] {dag.py:3096} INFO - Sync 1 DAGs
[2024-06-13T15:07:39.775+0000] {logging_mixin.py:188} INFO - [2024-06-13T15:07:39.774+0000] {dag.py:3954} INFO - Setting next_dagrun for example_nested_branch_dag to 2024-06-12 00:00:00+00:00, run_after=2024-06-13 00:00:00+00:00
[2024-06-13T15:07:39.783+0000] {processor.py:183} INFO - Processing /home/airflow/.local/lib/python3.12/site-packages/airflow/example_dags/example_nested_branch_dag.py took 0.040 seconds
