[2024-06-13T14:56:30.246+0000] {processor.py:161} INFO - Started process (PID=76) to work on /home/airflow/.local/lib/python3.12/site-packages/airflow/example_dags/example_complex.py
[2024-06-13T14:56:30.249+0000] {processor.py:830} INFO - Processing file /home/airflow/.local/lib/python3.12/site-packages/airflow/example_dags/example_complex.py for tasks to queue
[2024-06-13T14:56:30.256+0000] {logging_mixin.py:188} INFO - [2024-06-13T14:56:30.254+0000] {dagbag.py:545} INFO - Filling up the DagBag from /home/airflow/.local/lib/python3.12/site-packages/airflow/example_dags/example_complex.py
[2024-06-13T14:56:30.273+0000] {processor.py:840} INFO - DAG(s) 'example_complex' retrieved from /home/airflow/.local/lib/python3.12/site-packages/airflow/example_dags/example_complex.py
[2024-06-13T14:56:30.471+0000] {logging_mixin.py:188} INFO - [2024-06-13T14:56:30.467+0000] {override.py:1829} INFO - Created Permission View: can read on DAG:example_complex
[2024-06-13T14:56:30.493+0000] {logging_mixin.py:188} INFO - [2024-06-13T14:56:30.492+0000] {override.py:1829} INFO - Created Permission View: can delete on DAG:example_complex
[2024-06-13T14:56:30.533+0000] {logging_mixin.py:188} INFO - [2024-06-13T14:56:30.532+0000] {override.py:1829} INFO - Created Permission View: can edit on DAG:example_complex
[2024-06-13T14:56:30.535+0000] {logging_mixin.py:188} INFO - [2024-06-13T14:56:30.535+0000] {dag.py:3096} INFO - Sync 1 DAGs
[2024-06-13T14:56:30.555+0000] {logging_mixin.py:188} INFO - [2024-06-13T14:56:30.554+0000] {dag.py:3118} INFO - Creating ORM DAG for example_complex
[2024-06-13T14:56:30.556+0000] {logging_mixin.py:188} INFO - [2024-06-13T14:56:30.556+0000] {dag.py:3954} INFO - Setting next_dagrun for example_complex to None, run_after=None
[2024-06-13T14:56:30.591+0000] {processor.py:183} INFO - Processing /home/airflow/.local/lib/python3.12/site-packages/airflow/example_dags/example_complex.py took 0.364 seconds
[2024-06-13T14:57:01.307+0000] {processor.py:161} INFO - Started process (PID=134) to work on /home/airflow/.local/lib/python3.12/site-packages/airflow/example_dags/example_complex.py
[2024-06-13T14:57:01.308+0000] {processor.py:830} INFO - Processing file /home/airflow/.local/lib/python3.12/site-packages/airflow/example_dags/example_complex.py for tasks to queue
[2024-06-13T14:57:01.313+0000] {logging_mixin.py:188} INFO - [2024-06-13T14:57:01.312+0000] {dagbag.py:545} INFO - Filling up the DagBag from /home/airflow/.local/lib/python3.12/site-packages/airflow/example_dags/example_complex.py
[2024-06-13T14:57:01.328+0000] {processor.py:840} INFO - DAG(s) 'example_complex' retrieved from /home/airflow/.local/lib/python3.12/site-packages/airflow/example_dags/example_complex.py
[2024-06-13T14:57:01.396+0000] {logging_mixin.py:188} INFO - [2024-06-13T14:57:01.396+0000] {dag.py:3096} INFO - Sync 1 DAGs
[2024-06-13T14:57:01.430+0000] {logging_mixin.py:188} INFO - [2024-06-13T14:57:01.429+0000] {dag.py:3954} INFO - Setting next_dagrun for example_complex to None, run_after=None
[2024-06-13T14:57:01.474+0000] {processor.py:183} INFO - Processing /home/airflow/.local/lib/python3.12/site-packages/airflow/example_dags/example_complex.py took 0.173 seconds
[2024-06-13T14:57:31.903+0000] {processor.py:161} INFO - Started process (PID=191) to work on /home/airflow/.local/lib/python3.12/site-packages/airflow/example_dags/example_complex.py
[2024-06-13T14:57:31.909+0000] {processor.py:830} INFO - Processing file /home/airflow/.local/lib/python3.12/site-packages/airflow/example_dags/example_complex.py for tasks to queue
[2024-06-13T14:57:31.927+0000] {logging_mixin.py:188} INFO - [2024-06-13T14:57:31.924+0000] {dagbag.py:545} INFO - Filling up the DagBag from /home/airflow/.local/lib/python3.12/site-packages/airflow/example_dags/example_complex.py
[2024-06-13T14:57:31.943+0000] {processor.py:840} INFO - DAG(s) 'example_complex' retrieved from /home/airflow/.local/lib/python3.12/site-packages/airflow/example_dags/example_complex.py
[2024-06-13T14:57:31.995+0000] {logging_mixin.py:188} INFO - [2024-06-13T14:57:31.994+0000] {dag.py:3096} INFO - Sync 1 DAGs
[2024-06-13T14:57:32.013+0000] {logging_mixin.py:188} INFO - [2024-06-13T14:57:32.012+0000] {dag.py:3954} INFO - Setting next_dagrun for example_complex to None, run_after=None
[2024-06-13T14:57:32.065+0000] {processor.py:183} INFO - Processing /home/airflow/.local/lib/python3.12/site-packages/airflow/example_dags/example_complex.py took 0.199 seconds
[2024-06-13T14:58:03.012+0000] {processor.py:161} INFO - Started process (PID=250) to work on /home/airflow/.local/lib/python3.12/site-packages/airflow/example_dags/example_complex.py
[2024-06-13T14:58:03.033+0000] {processor.py:830} INFO - Processing file /home/airflow/.local/lib/python3.12/site-packages/airflow/example_dags/example_complex.py for tasks to queue
[2024-06-13T14:58:03.036+0000] {logging_mixin.py:188} INFO - [2024-06-13T14:58:03.036+0000] {dagbag.py:545} INFO - Filling up the DagBag from /home/airflow/.local/lib/python3.12/site-packages/airflow/example_dags/example_complex.py
[2024-06-13T14:58:03.048+0000] {processor.py:840} INFO - DAG(s) 'example_complex' retrieved from /home/airflow/.local/lib/python3.12/site-packages/airflow/example_dags/example_complex.py
[2024-06-13T14:58:03.081+0000] {logging_mixin.py:188} INFO - [2024-06-13T14:58:03.080+0000] {dag.py:3096} INFO - Sync 1 DAGs
[2024-06-13T14:58:03.094+0000] {logging_mixin.py:188} INFO - [2024-06-13T14:58:03.094+0000] {dag.py:3954} INFO - Setting next_dagrun for example_complex to None, run_after=None
[2024-06-13T14:58:03.106+0000] {processor.py:183} INFO - Processing /home/airflow/.local/lib/python3.12/site-packages/airflow/example_dags/example_complex.py took 0.102 seconds
[2024-06-13T14:58:34.118+0000] {processor.py:161} INFO - Started process (PID=308) to work on /home/airflow/.local/lib/python3.12/site-packages/airflow/example_dags/example_complex.py
[2024-06-13T14:58:34.119+0000] {processor.py:830} INFO - Processing file /home/airflow/.local/lib/python3.12/site-packages/airflow/example_dags/example_complex.py for tasks to queue
[2024-06-13T14:58:34.121+0000] {logging_mixin.py:188} INFO - [2024-06-13T14:58:34.121+0000] {dagbag.py:545} INFO - Filling up the DagBag from /home/airflow/.local/lib/python3.12/site-packages/airflow/example_dags/example_complex.py
[2024-06-13T14:58:34.131+0000] {processor.py:840} INFO - DAG(s) 'example_complex' retrieved from /home/airflow/.local/lib/python3.12/site-packages/airflow/example_dags/example_complex.py
[2024-06-13T14:58:34.151+0000] {logging_mixin.py:188} INFO - [2024-06-13T14:58:34.151+0000] {dag.py:3096} INFO - Sync 1 DAGs
[2024-06-13T14:58:34.158+0000] {logging_mixin.py:188} INFO - [2024-06-13T14:58:34.158+0000] {dag.py:3954} INFO - Setting next_dagrun for example_complex to None, run_after=None
[2024-06-13T14:58:34.168+0000] {processor.py:183} INFO - Processing /home/airflow/.local/lib/python3.12/site-packages/airflow/example_dags/example_complex.py took 0.057 seconds
[2024-06-13T14:59:04.321+0000] {processor.py:161} INFO - Started process (PID=367) to work on /home/airflow/.local/lib/python3.12/site-packages/airflow/example_dags/example_complex.py
[2024-06-13T14:59:04.322+0000] {processor.py:830} INFO - Processing file /home/airflow/.local/lib/python3.12/site-packages/airflow/example_dags/example_complex.py for tasks to queue
[2024-06-13T14:59:04.324+0000] {logging_mixin.py:188} INFO - [2024-06-13T14:59:04.324+0000] {dagbag.py:545} INFO - Filling up the DagBag from /home/airflow/.local/lib/python3.12/site-packages/airflow/example_dags/example_complex.py
[2024-06-13T14:59:04.334+0000] {processor.py:840} INFO - DAG(s) 'example_complex' retrieved from /home/airflow/.local/lib/python3.12/site-packages/airflow/example_dags/example_complex.py
[2024-06-13T14:59:04.356+0000] {logging_mixin.py:188} INFO - [2024-06-13T14:59:04.355+0000] {dag.py:3096} INFO - Sync 1 DAGs
[2024-06-13T14:59:04.363+0000] {logging_mixin.py:188} INFO - [2024-06-13T14:59:04.363+0000] {dag.py:3954} INFO - Setting next_dagrun for example_complex to None, run_after=None
[2024-06-13T14:59:04.372+0000] {processor.py:183} INFO - Processing /home/airflow/.local/lib/python3.12/site-packages/airflow/example_dags/example_complex.py took 0.059 seconds
[2024-06-13T14:59:35.380+0000] {processor.py:161} INFO - Started process (PID=424) to work on /home/airflow/.local/lib/python3.12/site-packages/airflow/example_dags/example_complex.py
[2024-06-13T14:59:35.381+0000] {processor.py:830} INFO - Processing file /home/airflow/.local/lib/python3.12/site-packages/airflow/example_dags/example_complex.py for tasks to queue
[2024-06-13T14:59:35.383+0000] {logging_mixin.py:188} INFO - [2024-06-13T14:59:35.383+0000] {dagbag.py:545} INFO - Filling up the DagBag from /home/airflow/.local/lib/python3.12/site-packages/airflow/example_dags/example_complex.py
[2024-06-13T14:59:35.392+0000] {processor.py:840} INFO - DAG(s) 'example_complex' retrieved from /home/airflow/.local/lib/python3.12/site-packages/airflow/example_dags/example_complex.py
[2024-06-13T14:59:35.413+0000] {logging_mixin.py:188} INFO - [2024-06-13T14:59:35.413+0000] {dag.py:3096} INFO - Sync 1 DAGs
[2024-06-13T14:59:35.420+0000] {logging_mixin.py:188} INFO - [2024-06-13T14:59:35.420+0000] {dag.py:3954} INFO - Setting next_dagrun for example_complex to None, run_after=None
[2024-06-13T14:59:35.433+0000] {processor.py:183} INFO - Processing /home/airflow/.local/lib/python3.12/site-packages/airflow/example_dags/example_complex.py took 0.059 seconds
[2024-06-13T15:00:06.103+0000] {processor.py:161} INFO - Started process (PID=482) to work on /home/airflow/.local/lib/python3.12/site-packages/airflow/example_dags/example_complex.py
[2024-06-13T15:00:06.104+0000] {processor.py:830} INFO - Processing file /home/airflow/.local/lib/python3.12/site-packages/airflow/example_dags/example_complex.py for tasks to queue
[2024-06-13T15:00:06.106+0000] {logging_mixin.py:188} INFO - [2024-06-13T15:00:06.106+0000] {dagbag.py:545} INFO - Filling up the DagBag from /home/airflow/.local/lib/python3.12/site-packages/airflow/example_dags/example_complex.py
[2024-06-13T15:00:06.116+0000] {processor.py:840} INFO - DAG(s) 'example_complex' retrieved from /home/airflow/.local/lib/python3.12/site-packages/airflow/example_dags/example_complex.py
[2024-06-13T15:00:06.137+0000] {logging_mixin.py:188} INFO - [2024-06-13T15:00:06.136+0000] {dag.py:3096} INFO - Sync 1 DAGs
[2024-06-13T15:00:06.144+0000] {logging_mixin.py:188} INFO - [2024-06-13T15:00:06.144+0000] {dag.py:3954} INFO - Setting next_dagrun for example_complex to None, run_after=None
[2024-06-13T15:00:06.153+0000] {processor.py:183} INFO - Processing /home/airflow/.local/lib/python3.12/site-packages/airflow/example_dags/example_complex.py took 0.057 seconds
[2024-06-13T15:00:36.813+0000] {processor.py:161} INFO - Started process (PID=540) to work on /home/airflow/.local/lib/python3.12/site-packages/airflow/example_dags/example_complex.py
[2024-06-13T15:00:36.814+0000] {processor.py:830} INFO - Processing file /home/airflow/.local/lib/python3.12/site-packages/airflow/example_dags/example_complex.py for tasks to queue
[2024-06-13T15:00:36.817+0000] {logging_mixin.py:188} INFO - [2024-06-13T15:00:36.816+0000] {dagbag.py:545} INFO - Filling up the DagBag from /home/airflow/.local/lib/python3.12/site-packages/airflow/example_dags/example_complex.py
[2024-06-13T15:00:36.826+0000] {processor.py:840} INFO - DAG(s) 'example_complex' retrieved from /home/airflow/.local/lib/python3.12/site-packages/airflow/example_dags/example_complex.py
[2024-06-13T15:00:36.845+0000] {logging_mixin.py:188} INFO - [2024-06-13T15:00:36.845+0000] {dag.py:3096} INFO - Sync 1 DAGs
[2024-06-13T15:00:36.852+0000] {logging_mixin.py:188} INFO - [2024-06-13T15:00:36.852+0000] {dag.py:3954} INFO - Setting next_dagrun for example_complex to None, run_after=None
[2024-06-13T15:00:36.861+0000] {processor.py:183} INFO - Processing /home/airflow/.local/lib/python3.12/site-packages/airflow/example_dags/example_complex.py took 0.054 seconds
[2024-06-13T15:01:07.603+0000] {processor.py:161} INFO - Started process (PID=598) to work on /home/airflow/.local/lib/python3.12/site-packages/airflow/example_dags/example_complex.py
[2024-06-13T15:01:07.604+0000] {processor.py:830} INFO - Processing file /home/airflow/.local/lib/python3.12/site-packages/airflow/example_dags/example_complex.py for tasks to queue
[2024-06-13T15:01:07.607+0000] {logging_mixin.py:188} INFO - [2024-06-13T15:01:07.606+0000] {dagbag.py:545} INFO - Filling up the DagBag from /home/airflow/.local/lib/python3.12/site-packages/airflow/example_dags/example_complex.py
[2024-06-13T15:01:07.619+0000] {processor.py:840} INFO - DAG(s) 'example_complex' retrieved from /home/airflow/.local/lib/python3.12/site-packages/airflow/example_dags/example_complex.py
[2024-06-13T15:01:07.641+0000] {logging_mixin.py:188} INFO - [2024-06-13T15:01:07.640+0000] {dag.py:3096} INFO - Sync 1 DAGs
[2024-06-13T15:01:07.649+0000] {logging_mixin.py:188} INFO - [2024-06-13T15:01:07.649+0000] {dag.py:3954} INFO - Setting next_dagrun for example_complex to None, run_after=None
[2024-06-13T15:01:07.660+0000] {processor.py:183} INFO - Processing /home/airflow/.local/lib/python3.12/site-packages/airflow/example_dags/example_complex.py took 0.064 seconds
[2024-06-13T15:01:37.755+0000] {processor.py:161} INFO - Started process (PID=655) to work on /home/airflow/.local/lib/python3.12/site-packages/airflow/example_dags/example_complex.py
[2024-06-13T15:01:37.756+0000] {processor.py:830} INFO - Processing file /home/airflow/.local/lib/python3.12/site-packages/airflow/example_dags/example_complex.py for tasks to queue
[2024-06-13T15:01:37.759+0000] {logging_mixin.py:188} INFO - [2024-06-13T15:01:37.758+0000] {dagbag.py:545} INFO - Filling up the DagBag from /home/airflow/.local/lib/python3.12/site-packages/airflow/example_dags/example_complex.py
[2024-06-13T15:01:37.771+0000] {processor.py:840} INFO - DAG(s) 'example_complex' retrieved from /home/airflow/.local/lib/python3.12/site-packages/airflow/example_dags/example_complex.py
[2024-06-13T15:01:37.793+0000] {logging_mixin.py:188} INFO - [2024-06-13T15:01:37.793+0000] {dag.py:3096} INFO - Sync 1 DAGs
[2024-06-13T15:01:37.800+0000] {logging_mixin.py:188} INFO - [2024-06-13T15:01:37.800+0000] {dag.py:3954} INFO - Setting next_dagrun for example_complex to None, run_after=None
[2024-06-13T15:01:37.809+0000] {processor.py:183} INFO - Processing /home/airflow/.local/lib/python3.12/site-packages/airflow/example_dags/example_complex.py took 0.063 seconds
[2024-06-13T15:02:07.864+0000] {processor.py:161} INFO - Started process (PID=713) to work on /home/airflow/.local/lib/python3.12/site-packages/airflow/example_dags/example_complex.py
[2024-06-13T15:02:07.865+0000] {processor.py:830} INFO - Processing file /home/airflow/.local/lib/python3.12/site-packages/airflow/example_dags/example_complex.py for tasks to queue
[2024-06-13T15:02:07.868+0000] {logging_mixin.py:188} INFO - [2024-06-13T15:02:07.867+0000] {dagbag.py:545} INFO - Filling up the DagBag from /home/airflow/.local/lib/python3.12/site-packages/airflow/example_dags/example_complex.py
[2024-06-13T15:02:07.878+0000] {processor.py:840} INFO - DAG(s) 'example_complex' retrieved from /home/airflow/.local/lib/python3.12/site-packages/airflow/example_dags/example_complex.py
[2024-06-13T15:02:07.900+0000] {logging_mixin.py:188} INFO - [2024-06-13T15:02:07.899+0000] {dag.py:3096} INFO - Sync 1 DAGs
[2024-06-13T15:02:07.907+0000] {logging_mixin.py:188} INFO - [2024-06-13T15:02:07.906+0000] {dag.py:3954} INFO - Setting next_dagrun for example_complex to None, run_after=None
[2024-06-13T15:02:07.916+0000] {processor.py:183} INFO - Processing /home/airflow/.local/lib/python3.12/site-packages/airflow/example_dags/example_complex.py took 0.061 seconds
[2024-06-13T15:02:38.668+0000] {processor.py:161} INFO - Started process (PID=771) to work on /home/airflow/.local/lib/python3.12/site-packages/airflow/example_dags/example_complex.py
[2024-06-13T15:02:38.670+0000] {processor.py:830} INFO - Processing file /home/airflow/.local/lib/python3.12/site-packages/airflow/example_dags/example_complex.py for tasks to queue
[2024-06-13T15:02:38.673+0000] {logging_mixin.py:188} INFO - [2024-06-13T15:02:38.673+0000] {dagbag.py:545} INFO - Filling up the DagBag from /home/airflow/.local/lib/python3.12/site-packages/airflow/example_dags/example_complex.py
[2024-06-13T15:02:38.684+0000] {processor.py:840} INFO - DAG(s) 'example_complex' retrieved from /home/airflow/.local/lib/python3.12/site-packages/airflow/example_dags/example_complex.py
[2024-06-13T15:02:38.705+0000] {logging_mixin.py:188} INFO - [2024-06-13T15:02:38.705+0000] {dag.py:3096} INFO - Sync 1 DAGs
[2024-06-13T15:02:38.714+0000] {logging_mixin.py:188} INFO - [2024-06-13T15:02:38.714+0000] {dag.py:3954} INFO - Setting next_dagrun for example_complex to None, run_after=None
[2024-06-13T15:02:38.724+0000] {processor.py:183} INFO - Processing /home/airflow/.local/lib/python3.12/site-packages/airflow/example_dags/example_complex.py took 0.066 seconds
[2024-06-13T15:03:08.930+0000] {processor.py:161} INFO - Started process (PID=829) to work on /home/airflow/.local/lib/python3.12/site-packages/airflow/example_dags/example_complex.py
[2024-06-13T15:03:08.931+0000] {processor.py:830} INFO - Processing file /home/airflow/.local/lib/python3.12/site-packages/airflow/example_dags/example_complex.py for tasks to queue
[2024-06-13T15:03:08.933+0000] {logging_mixin.py:188} INFO - [2024-06-13T15:03:08.933+0000] {dagbag.py:545} INFO - Filling up the DagBag from /home/airflow/.local/lib/python3.12/site-packages/airflow/example_dags/example_complex.py
[2024-06-13T15:03:08.943+0000] {processor.py:840} INFO - DAG(s) 'example_complex' retrieved from /home/airflow/.local/lib/python3.12/site-packages/airflow/example_dags/example_complex.py
[2024-06-13T15:03:08.965+0000] {logging_mixin.py:188} INFO - [2024-06-13T15:03:08.965+0000] {dag.py:3096} INFO - Sync 1 DAGs
[2024-06-13T15:03:08.972+0000] {logging_mixin.py:188} INFO - [2024-06-13T15:03:08.972+0000] {dag.py:3954} INFO - Setting next_dagrun for example_complex to None, run_after=None
[2024-06-13T15:03:08.981+0000] {processor.py:183} INFO - Processing /home/airflow/.local/lib/python3.12/site-packages/airflow/example_dags/example_complex.py took 0.059 seconds
[2024-06-13T15:03:39.628+0000] {processor.py:161} INFO - Started process (PID=887) to work on /home/airflow/.local/lib/python3.12/site-packages/airflow/example_dags/example_complex.py
[2024-06-13T15:03:39.629+0000] {processor.py:830} INFO - Processing file /home/airflow/.local/lib/python3.12/site-packages/airflow/example_dags/example_complex.py for tasks to queue
[2024-06-13T15:03:39.631+0000] {logging_mixin.py:188} INFO - [2024-06-13T15:03:39.631+0000] {dagbag.py:545} INFO - Filling up the DagBag from /home/airflow/.local/lib/python3.12/site-packages/airflow/example_dags/example_complex.py
[2024-06-13T15:03:39.641+0000] {processor.py:840} INFO - DAG(s) 'example_complex' retrieved from /home/airflow/.local/lib/python3.12/site-packages/airflow/example_dags/example_complex.py
[2024-06-13T15:03:39.663+0000] {logging_mixin.py:188} INFO - [2024-06-13T15:03:39.663+0000] {dag.py:3096} INFO - Sync 1 DAGs
[2024-06-13T15:03:39.670+0000] {logging_mixin.py:188} INFO - [2024-06-13T15:03:39.670+0000] {dag.py:3954} INFO - Setting next_dagrun for example_complex to None, run_after=None
[2024-06-13T15:03:39.680+0000] {processor.py:183} INFO - Processing /home/airflow/.local/lib/python3.12/site-packages/airflow/example_dags/example_complex.py took 0.060 seconds
[2024-06-13T15:05:10.066+0000] {processor.py:161} INFO - Started process (PID=69) to work on /home/airflow/.local/lib/python3.12/site-packages/airflow/example_dags/example_complex.py
[2024-06-13T15:05:10.067+0000] {processor.py:830} INFO - Processing file /home/airflow/.local/lib/python3.12/site-packages/airflow/example_dags/example_complex.py for tasks to queue
[2024-06-13T15:05:10.068+0000] {logging_mixin.py:188} INFO - [2024-06-13T15:05:10.068+0000] {dagbag.py:545} INFO - Filling up the DagBag from /home/airflow/.local/lib/python3.12/site-packages/airflow/example_dags/example_complex.py
[2024-06-13T15:05:10.073+0000] {processor.py:840} INFO - DAG(s) 'example_complex' retrieved from /home/airflow/.local/lib/python3.12/site-packages/airflow/example_dags/example_complex.py
[2024-06-13T15:05:10.081+0000] {logging_mixin.py:188} INFO - [2024-06-13T15:05:10.080+0000] {dag.py:3096} INFO - Sync 1 DAGs
[2024-06-13T15:05:10.088+0000] {logging_mixin.py:188} INFO - [2024-06-13T15:05:10.088+0000] {dag.py:3954} INFO - Setting next_dagrun for example_complex to None, run_after=None
[2024-06-13T15:05:10.099+0000] {processor.py:183} INFO - Processing /home/airflow/.local/lib/python3.12/site-packages/airflow/example_dags/example_complex.py took 0.036 seconds
[2024-06-13T15:05:40.804+0000] {processor.py:161} INFO - Started process (PID=126) to work on /home/airflow/.local/lib/python3.12/site-packages/airflow/example_dags/example_complex.py
[2024-06-13T15:05:40.805+0000] {processor.py:830} INFO - Processing file /home/airflow/.local/lib/python3.12/site-packages/airflow/example_dags/example_complex.py for tasks to queue
[2024-06-13T15:05:40.806+0000] {logging_mixin.py:188} INFO - [2024-06-13T15:05:40.805+0000] {dagbag.py:545} INFO - Filling up the DagBag from /home/airflow/.local/lib/python3.12/site-packages/airflow/example_dags/example_complex.py
[2024-06-13T15:05:40.810+0000] {processor.py:840} INFO - DAG(s) 'example_complex' retrieved from /home/airflow/.local/lib/python3.12/site-packages/airflow/example_dags/example_complex.py
[2024-06-13T15:05:40.858+0000] {logging_mixin.py:188} INFO - [2024-06-13T15:05:40.858+0000] {dag.py:3096} INFO - Sync 1 DAGs
[2024-06-13T15:05:40.863+0000] {logging_mixin.py:188} INFO - [2024-06-13T15:05:40.863+0000] {dag.py:3954} INFO - Setting next_dagrun for example_complex to None, run_after=None
[2024-06-13T15:05:40.872+0000] {processor.py:183} INFO - Processing /home/airflow/.local/lib/python3.12/site-packages/airflow/example_dags/example_complex.py took 0.071 seconds
[2024-06-13T15:06:11.843+0000] {processor.py:161} INFO - Started process (PID=184) to work on /home/airflow/.local/lib/python3.12/site-packages/airflow/example_dags/example_complex.py
[2024-06-13T15:06:11.845+0000] {processor.py:830} INFO - Processing file /home/airflow/.local/lib/python3.12/site-packages/airflow/example_dags/example_complex.py for tasks to queue
[2024-06-13T15:06:11.853+0000] {logging_mixin.py:188} INFO - [2024-06-13T15:06:11.851+0000] {dagbag.py:545} INFO - Filling up the DagBag from /home/airflow/.local/lib/python3.12/site-packages/airflow/example_dags/example_complex.py
[2024-06-13T15:06:11.884+0000] {processor.py:840} INFO - DAG(s) 'example_complex' retrieved from /home/airflow/.local/lib/python3.12/site-packages/airflow/example_dags/example_complex.py
[2024-06-13T15:06:11.945+0000] {logging_mixin.py:188} INFO - [2024-06-13T15:06:11.944+0000] {dag.py:3096} INFO - Sync 1 DAGs
[2024-06-13T15:06:11.973+0000] {logging_mixin.py:188} INFO - [2024-06-13T15:06:11.972+0000] {dag.py:3954} INFO - Setting next_dagrun for example_complex to None, run_after=None
[2024-06-13T15:06:12.005+0000] {processor.py:183} INFO - Processing /home/airflow/.local/lib/python3.12/site-packages/airflow/example_dags/example_complex.py took 0.171 seconds
[2024-06-13T15:06:42.053+0000] {processor.py:161} INFO - Started process (PID=241) to work on /home/airflow/.local/lib/python3.12/site-packages/airflow/example_dags/example_complex.py
[2024-06-13T15:06:42.053+0000] {processor.py:830} INFO - Processing file /home/airflow/.local/lib/python3.12/site-packages/airflow/example_dags/example_complex.py for tasks to queue
[2024-06-13T15:06:42.054+0000] {logging_mixin.py:188} INFO - [2024-06-13T15:06:42.054+0000] {dagbag.py:545} INFO - Filling up the DagBag from /home/airflow/.local/lib/python3.12/site-packages/airflow/example_dags/example_complex.py
[2024-06-13T15:06:42.059+0000] {processor.py:840} INFO - DAG(s) 'example_complex' retrieved from /home/airflow/.local/lib/python3.12/site-packages/airflow/example_dags/example_complex.py
[2024-06-13T15:06:42.072+0000] {logging_mixin.py:188} INFO - [2024-06-13T15:06:42.072+0000] {dag.py:3096} INFO - Sync 1 DAGs
[2024-06-13T15:06:42.077+0000] {logging_mixin.py:188} INFO - [2024-06-13T15:06:42.077+0000] {dag.py:3954} INFO - Setting next_dagrun for example_complex to None, run_after=None
[2024-06-13T15:06:42.084+0000] {processor.py:183} INFO - Processing /home/airflow/.local/lib/python3.12/site-packages/airflow/example_dags/example_complex.py took 0.035 seconds
[2024-06-13T15:07:12.236+0000] {processor.py:161} INFO - Started process (PID=299) to work on /home/airflow/.local/lib/python3.12/site-packages/airflow/example_dags/example_complex.py
[2024-06-13T15:07:12.237+0000] {processor.py:830} INFO - Processing file /home/airflow/.local/lib/python3.12/site-packages/airflow/example_dags/example_complex.py for tasks to queue
[2024-06-13T15:07:12.238+0000] {logging_mixin.py:188} INFO - [2024-06-13T15:07:12.237+0000] {dagbag.py:545} INFO - Filling up the DagBag from /home/airflow/.local/lib/python3.12/site-packages/airflow/example_dags/example_complex.py
[2024-06-13T15:07:12.242+0000] {processor.py:840} INFO - DAG(s) 'example_complex' retrieved from /home/airflow/.local/lib/python3.12/site-packages/airflow/example_dags/example_complex.py
[2024-06-13T15:07:12.255+0000] {logging_mixin.py:188} INFO - [2024-06-13T15:07:12.255+0000] {dag.py:3096} INFO - Sync 1 DAGs
[2024-06-13T15:07:12.261+0000] {logging_mixin.py:188} INFO - [2024-06-13T15:07:12.261+0000] {dag.py:3954} INFO - Setting next_dagrun for example_complex to None, run_after=None
[2024-06-13T15:07:12.268+0000] {processor.py:183} INFO - Processing /home/airflow/.local/lib/python3.12/site-packages/airflow/example_dags/example_complex.py took 0.035 seconds
[2024-06-13T15:07:42.511+0000] {processor.py:161} INFO - Started process (PID=357) to work on /home/airflow/.local/lib/python3.12/site-packages/airflow/example_dags/example_complex.py
[2024-06-13T15:07:42.512+0000] {processor.py:830} INFO - Processing file /home/airflow/.local/lib/python3.12/site-packages/airflow/example_dags/example_complex.py for tasks to queue
[2024-06-13T15:07:42.513+0000] {logging_mixin.py:188} INFO - [2024-06-13T15:07:42.512+0000] {dagbag.py:545} INFO - Filling up the DagBag from /home/airflow/.local/lib/python3.12/site-packages/airflow/example_dags/example_complex.py
[2024-06-13T15:07:42.517+0000] {processor.py:840} INFO - DAG(s) 'example_complex' retrieved from /home/airflow/.local/lib/python3.12/site-packages/airflow/example_dags/example_complex.py
[2024-06-13T15:07:42.532+0000] {logging_mixin.py:188} INFO - [2024-06-13T15:07:42.532+0000] {dag.py:3096} INFO - Sync 1 DAGs
[2024-06-13T15:07:42.537+0000] {logging_mixin.py:188} INFO - [2024-06-13T15:07:42.537+0000] {dag.py:3954} INFO - Setting next_dagrun for example_complex to None, run_after=None
[2024-06-13T15:07:42.546+0000] {processor.py:183} INFO - Processing /home/airflow/.local/lib/python3.12/site-packages/airflow/example_dags/example_complex.py took 0.038 seconds
