[2024-06-13T14:56:20.664+0000] {processor.py:161} INFO - Started process (PID=46) to work on /home/airflow/.local/lib/python3.12/site-packages/airflow/example_dags/example_xcom.py
[2024-06-13T14:56:20.669+0000] {processor.py:830} INFO - Processing file /home/airflow/.local/lib/python3.12/site-packages/airflow/example_dags/example_xcom.py for tasks to queue
[2024-06-13T14:56:20.674+0000] {logging_mixin.py:188} INFO - [2024-06-13T14:56:20.674+0000] {dagbag.py:545} INFO - Filling up the DagBag from /home/airflow/.local/lib/python3.12/site-packages/airflow/example_dags/example_xcom.py
[2024-06-13T14:56:20.727+0000] {processor.py:840} INFO - DAG(s) 'example_xcom' retrieved from /home/airflow/.local/lib/python3.12/site-packages/airflow/example_dags/example_xcom.py
[2024-06-13T14:56:20.976+0000] {logging_mixin.py:188} INFO - [2024-06-13T14:56:20.975+0000] {override.py:1829} INFO - Created Permission View: can read on DAG:example_xcom
[2024-06-13T14:56:20.986+0000] {logging_mixin.py:188} INFO - [2024-06-13T14:56:20.985+0000] {override.py:1829} INFO - Created Permission View: can delete on DAG:example_xcom
[2024-06-13T14:56:20.993+0000] {logging_mixin.py:188} INFO - [2024-06-13T14:56:20.992+0000] {override.py:1829} INFO - Created Permission View: can edit on DAG:example_xcom
[2024-06-13T14:56:20.994+0000] {logging_mixin.py:188} INFO - [2024-06-13T14:56:20.994+0000] {dag.py:3096} INFO - Sync 1 DAGs
[2024-06-13T14:56:21.012+0000] {logging_mixin.py:188} INFO - [2024-06-13T14:56:21.011+0000] {dag.py:3118} INFO - Creating ORM DAG for example_xcom
[2024-06-13T14:56:21.020+0000] {logging_mixin.py:188} INFO - [2024-06-13T14:56:21.020+0000] {dag.py:3954} INFO - Setting next_dagrun for example_xcom to 2021-01-01 00:00:00+00:00, run_after=2021-01-01 00:00:00+00:00
[2024-06-13T14:56:21.049+0000] {processor.py:183} INFO - Processing /home/airflow/.local/lib/python3.12/site-packages/airflow/example_dags/example_xcom.py took 0.412 seconds
[2024-06-13T14:56:51.539+0000] {processor.py:161} INFO - Started process (PID=104) to work on /home/airflow/.local/lib/python3.12/site-packages/airflow/example_dags/example_xcom.py
[2024-06-13T14:56:51.542+0000] {processor.py:830} INFO - Processing file /home/airflow/.local/lib/python3.12/site-packages/airflow/example_dags/example_xcom.py for tasks to queue
[2024-06-13T14:56:51.544+0000] {logging_mixin.py:188} INFO - [2024-06-13T14:56:51.544+0000] {dagbag.py:545} INFO - Filling up the DagBag from /home/airflow/.local/lib/python3.12/site-packages/airflow/example_dags/example_xcom.py
[2024-06-13T14:56:51.553+0000] {processor.py:840} INFO - DAG(s) 'example_xcom' retrieved from /home/airflow/.local/lib/python3.12/site-packages/airflow/example_dags/example_xcom.py
[2024-06-13T14:56:51.572+0000] {logging_mixin.py:188} INFO - [2024-06-13T14:56:51.572+0000] {dag.py:3096} INFO - Sync 1 DAGs
[2024-06-13T14:56:51.596+0000] {logging_mixin.py:188} INFO - [2024-06-13T14:56:51.596+0000] {dag.py:3954} INFO - Setting next_dagrun for example_xcom to 2021-01-01 00:00:00+00:00, run_after=2021-01-01 00:00:00+00:00
[2024-06-13T14:56:51.612+0000] {processor.py:183} INFO - Processing /home/airflow/.local/lib/python3.12/site-packages/airflow/example_dags/example_xcom.py took 0.078 seconds
[2024-06-13T14:57:22.233+0000] {processor.py:161} INFO - Started process (PID=162) to work on /home/airflow/.local/lib/python3.12/site-packages/airflow/example_dags/example_xcom.py
[2024-06-13T14:57:22.238+0000] {processor.py:830} INFO - Processing file /home/airflow/.local/lib/python3.12/site-packages/airflow/example_dags/example_xcom.py for tasks to queue
[2024-06-13T14:57:22.246+0000] {logging_mixin.py:188} INFO - [2024-06-13T14:57:22.245+0000] {dagbag.py:545} INFO - Filling up the DagBag from /home/airflow/.local/lib/python3.12/site-packages/airflow/example_dags/example_xcom.py
[2024-06-13T14:57:22.265+0000] {processor.py:840} INFO - DAG(s) 'example_xcom' retrieved from /home/airflow/.local/lib/python3.12/site-packages/airflow/example_dags/example_xcom.py
[2024-06-13T14:57:22.285+0000] {logging_mixin.py:188} INFO - [2024-06-13T14:57:22.285+0000] {dag.py:3096} INFO - Sync 1 DAGs
[2024-06-13T14:57:22.303+0000] {logging_mixin.py:188} INFO - [2024-06-13T14:57:22.303+0000] {dag.py:3954} INFO - Setting next_dagrun for example_xcom to 2021-01-01 00:00:00+00:00, run_after=2021-01-01 00:00:00+00:00
[2024-06-13T14:57:22.318+0000] {processor.py:183} INFO - Processing /home/airflow/.local/lib/python3.12/site-packages/airflow/example_dags/example_xcom.py took 0.095 seconds
[2024-06-13T14:57:52.686+0000] {processor.py:161} INFO - Started process (PID=220) to work on /home/airflow/.local/lib/python3.12/site-packages/airflow/example_dags/example_xcom.py
[2024-06-13T14:57:52.688+0000] {processor.py:830} INFO - Processing file /home/airflow/.local/lib/python3.12/site-packages/airflow/example_dags/example_xcom.py for tasks to queue
[2024-06-13T14:57:52.691+0000] {logging_mixin.py:188} INFO - [2024-06-13T14:57:52.691+0000] {dagbag.py:545} INFO - Filling up the DagBag from /home/airflow/.local/lib/python3.12/site-packages/airflow/example_dags/example_xcom.py
[2024-06-13T14:57:52.708+0000] {processor.py:840} INFO - DAG(s) 'example_xcom' retrieved from /home/airflow/.local/lib/python3.12/site-packages/airflow/example_dags/example_xcom.py
[2024-06-13T14:57:52.749+0000] {logging_mixin.py:188} INFO - [2024-06-13T14:57:52.748+0000] {dag.py:3096} INFO - Sync 1 DAGs
[2024-06-13T14:57:52.767+0000] {logging_mixin.py:188} INFO - [2024-06-13T14:57:52.767+0000] {dag.py:3954} INFO - Setting next_dagrun for example_xcom to 2021-01-01 00:00:00+00:00, run_after=2021-01-01 00:00:00+00:00
[2024-06-13T14:57:52.779+0000] {processor.py:183} INFO - Processing /home/airflow/.local/lib/python3.12/site-packages/airflow/example_dags/example_xcom.py took 0.103 seconds
[2024-06-13T14:58:23.406+0000] {processor.py:161} INFO - Started process (PID=278) to work on /home/airflow/.local/lib/python3.12/site-packages/airflow/example_dags/example_xcom.py
[2024-06-13T14:58:23.407+0000] {processor.py:830} INFO - Processing file /home/airflow/.local/lib/python3.12/site-packages/airflow/example_dags/example_xcom.py for tasks to queue
[2024-06-13T14:58:23.408+0000] {logging_mixin.py:188} INFO - [2024-06-13T14:58:23.408+0000] {dagbag.py:545} INFO - Filling up the DagBag from /home/airflow/.local/lib/python3.12/site-packages/airflow/example_dags/example_xcom.py
[2024-06-13T14:58:23.412+0000] {processor.py:840} INFO - DAG(s) 'example_xcom' retrieved from /home/airflow/.local/lib/python3.12/site-packages/airflow/example_dags/example_xcom.py
[2024-06-13T14:58:23.422+0000] {logging_mixin.py:188} INFO - [2024-06-13T14:58:23.422+0000] {dag.py:3096} INFO - Sync 1 DAGs
[2024-06-13T14:58:23.432+0000] {logging_mixin.py:188} INFO - [2024-06-13T14:58:23.432+0000] {dag.py:3954} INFO - Setting next_dagrun for example_xcom to 2021-01-01 00:00:00+00:00, run_after=2021-01-01 00:00:00+00:00
[2024-06-13T14:58:23.440+0000] {processor.py:183} INFO - Processing /home/airflow/.local/lib/python3.12/site-packages/airflow/example_dags/example_xcom.py took 0.037 seconds
[2024-06-13T14:58:53.513+0000] {processor.py:161} INFO - Started process (PID=336) to work on /home/airflow/.local/lib/python3.12/site-packages/airflow/example_dags/example_xcom.py
[2024-06-13T14:58:53.513+0000] {processor.py:830} INFO - Processing file /home/airflow/.local/lib/python3.12/site-packages/airflow/example_dags/example_xcom.py for tasks to queue
[2024-06-13T14:58:53.514+0000] {logging_mixin.py:188} INFO - [2024-06-13T14:58:53.514+0000] {dagbag.py:545} INFO - Filling up the DagBag from /home/airflow/.local/lib/python3.12/site-packages/airflow/example_dags/example_xcom.py
[2024-06-13T14:58:53.518+0000] {processor.py:840} INFO - DAG(s) 'example_xcom' retrieved from /home/airflow/.local/lib/python3.12/site-packages/airflow/example_dags/example_xcom.py
[2024-06-13T14:58:53.528+0000] {logging_mixin.py:188} INFO - [2024-06-13T14:58:53.528+0000] {dag.py:3096} INFO - Sync 1 DAGs
[2024-06-13T14:58:53.538+0000] {logging_mixin.py:188} INFO - [2024-06-13T14:58:53.538+0000] {dag.py:3954} INFO - Setting next_dagrun for example_xcom to 2021-01-01 00:00:00+00:00, run_after=2021-01-01 00:00:00+00:00
[2024-06-13T14:58:53.546+0000] {processor.py:183} INFO - Processing /home/airflow/.local/lib/python3.12/site-packages/airflow/example_dags/example_xcom.py took 0.036 seconds
[2024-06-13T14:59:23.561+0000] {processor.py:161} INFO - Started process (PID=395) to work on /home/airflow/.local/lib/python3.12/site-packages/airflow/example_dags/example_xcom.py
[2024-06-13T14:59:23.562+0000] {processor.py:830} INFO - Processing file /home/airflow/.local/lib/python3.12/site-packages/airflow/example_dags/example_xcom.py for tasks to queue
[2024-06-13T14:59:23.563+0000] {logging_mixin.py:188} INFO - [2024-06-13T14:59:23.563+0000] {dagbag.py:545} INFO - Filling up the DagBag from /home/airflow/.local/lib/python3.12/site-packages/airflow/example_dags/example_xcom.py
[2024-06-13T14:59:23.567+0000] {processor.py:840} INFO - DAG(s) 'example_xcom' retrieved from /home/airflow/.local/lib/python3.12/site-packages/airflow/example_dags/example_xcom.py
[2024-06-13T14:59:23.576+0000] {logging_mixin.py:188} INFO - [2024-06-13T14:59:23.576+0000] {dag.py:3096} INFO - Sync 1 DAGs
[2024-06-13T14:59:23.585+0000] {logging_mixin.py:188} INFO - [2024-06-13T14:59:23.585+0000] {dag.py:3954} INFO - Setting next_dagrun for example_xcom to 2021-01-01 00:00:00+00:00, run_after=2021-01-01 00:00:00+00:00
[2024-06-13T14:59:23.594+0000] {processor.py:183} INFO - Processing /home/airflow/.local/lib/python3.12/site-packages/airflow/example_dags/example_xcom.py took 0.035 seconds
[2024-06-13T14:59:54.354+0000] {processor.py:161} INFO - Started process (PID=452) to work on /home/airflow/.local/lib/python3.12/site-packages/airflow/example_dags/example_xcom.py
[2024-06-13T14:59:54.354+0000] {processor.py:830} INFO - Processing file /home/airflow/.local/lib/python3.12/site-packages/airflow/example_dags/example_xcom.py for tasks to queue
[2024-06-13T14:59:54.355+0000] {logging_mixin.py:188} INFO - [2024-06-13T14:59:54.355+0000] {dagbag.py:545} INFO - Filling up the DagBag from /home/airflow/.local/lib/python3.12/site-packages/airflow/example_dags/example_xcom.py
[2024-06-13T14:59:54.359+0000] {processor.py:840} INFO - DAG(s) 'example_xcom' retrieved from /home/airflow/.local/lib/python3.12/site-packages/airflow/example_dags/example_xcom.py
[2024-06-13T14:59:54.370+0000] {logging_mixin.py:188} INFO - [2024-06-13T14:59:54.370+0000] {dag.py:3096} INFO - Sync 1 DAGs
[2024-06-13T14:59:54.380+0000] {logging_mixin.py:188} INFO - [2024-06-13T14:59:54.380+0000] {dag.py:3954} INFO - Setting next_dagrun for example_xcom to 2021-01-01 00:00:00+00:00, run_after=2021-01-01 00:00:00+00:00
[2024-06-13T14:59:54.388+0000] {processor.py:183} INFO - Processing /home/airflow/.local/lib/python3.12/site-packages/airflow/example_dags/example_xcom.py took 0.037 seconds
[2024-06-13T15:00:25.057+0000] {processor.py:161} INFO - Started process (PID=510) to work on /home/airflow/.local/lib/python3.12/site-packages/airflow/example_dags/example_xcom.py
[2024-06-13T15:00:25.057+0000] {processor.py:830} INFO - Processing file /home/airflow/.local/lib/python3.12/site-packages/airflow/example_dags/example_xcom.py for tasks to queue
[2024-06-13T15:00:25.058+0000] {logging_mixin.py:188} INFO - [2024-06-13T15:00:25.058+0000] {dagbag.py:545} INFO - Filling up the DagBag from /home/airflow/.local/lib/python3.12/site-packages/airflow/example_dags/example_xcom.py
[2024-06-13T15:00:25.062+0000] {processor.py:840} INFO - DAG(s) 'example_xcom' retrieved from /home/airflow/.local/lib/python3.12/site-packages/airflow/example_dags/example_xcom.py
[2024-06-13T15:00:25.073+0000] {logging_mixin.py:188} INFO - [2024-06-13T15:00:25.073+0000] {dag.py:3096} INFO - Sync 1 DAGs
[2024-06-13T15:00:25.083+0000] {logging_mixin.py:188} INFO - [2024-06-13T15:00:25.083+0000] {dag.py:3954} INFO - Setting next_dagrun for example_xcom to 2021-01-01 00:00:00+00:00, run_after=2021-01-01 00:00:00+00:00
[2024-06-13T15:00:25.091+0000] {processor.py:183} INFO - Processing /home/airflow/.local/lib/python3.12/site-packages/airflow/example_dags/example_xcom.py took 0.038 seconds
[2024-06-13T15:00:55.817+0000] {processor.py:161} INFO - Started process (PID=568) to work on /home/airflow/.local/lib/python3.12/site-packages/airflow/example_dags/example_xcom.py
[2024-06-13T15:00:55.818+0000] {processor.py:830} INFO - Processing file /home/airflow/.local/lib/python3.12/site-packages/airflow/example_dags/example_xcom.py for tasks to queue
[2024-06-13T15:00:55.819+0000] {logging_mixin.py:188} INFO - [2024-06-13T15:00:55.819+0000] {dagbag.py:545} INFO - Filling up the DagBag from /home/airflow/.local/lib/python3.12/site-packages/airflow/example_dags/example_xcom.py
[2024-06-13T15:00:55.823+0000] {processor.py:840} INFO - DAG(s) 'example_xcom' retrieved from /home/airflow/.local/lib/python3.12/site-packages/airflow/example_dags/example_xcom.py
[2024-06-13T15:00:55.834+0000] {logging_mixin.py:188} INFO - [2024-06-13T15:00:55.834+0000] {dag.py:3096} INFO - Sync 1 DAGs
[2024-06-13T15:00:55.844+0000] {logging_mixin.py:188} INFO - [2024-06-13T15:00:55.844+0000] {dag.py:3954} INFO - Setting next_dagrun for example_xcom to 2021-01-01 00:00:00+00:00, run_after=2021-01-01 00:00:00+00:00
[2024-06-13T15:00:55.854+0000] {processor.py:183} INFO - Processing /home/airflow/.local/lib/python3.12/site-packages/airflow/example_dags/example_xcom.py took 0.039 seconds
[2024-06-13T15:01:25.956+0000] {processor.py:161} INFO - Started process (PID=626) to work on /home/airflow/.local/lib/python3.12/site-packages/airflow/example_dags/example_xcom.py
[2024-06-13T15:01:25.956+0000] {processor.py:830} INFO - Processing file /home/airflow/.local/lib/python3.12/site-packages/airflow/example_dags/example_xcom.py for tasks to queue
[2024-06-13T15:01:25.957+0000] {logging_mixin.py:188} INFO - [2024-06-13T15:01:25.957+0000] {dagbag.py:545} INFO - Filling up the DagBag from /home/airflow/.local/lib/python3.12/site-packages/airflow/example_dags/example_xcom.py
[2024-06-13T15:01:25.961+0000] {processor.py:840} INFO - DAG(s) 'example_xcom' retrieved from /home/airflow/.local/lib/python3.12/site-packages/airflow/example_dags/example_xcom.py
[2024-06-13T15:01:25.972+0000] {logging_mixin.py:188} INFO - [2024-06-13T15:01:25.972+0000] {dag.py:3096} INFO - Sync 1 DAGs
[2024-06-13T15:01:25.982+0000] {logging_mixin.py:188} INFO - [2024-06-13T15:01:25.982+0000] {dag.py:3954} INFO - Setting next_dagrun for example_xcom to 2021-01-01 00:00:00+00:00, run_after=2021-01-01 00:00:00+00:00
[2024-06-13T15:01:25.990+0000] {processor.py:183} INFO - Processing /home/airflow/.local/lib/python3.12/site-packages/airflow/example_dags/example_xcom.py took 0.037 seconds
[2024-06-13T15:01:56.046+0000] {processor.py:161} INFO - Started process (PID=684) to work on /home/airflow/.local/lib/python3.12/site-packages/airflow/example_dags/example_xcom.py
[2024-06-13T15:01:56.047+0000] {processor.py:830} INFO - Processing file /home/airflow/.local/lib/python3.12/site-packages/airflow/example_dags/example_xcom.py for tasks to queue
[2024-06-13T15:01:56.048+0000] {logging_mixin.py:188} INFO - [2024-06-13T15:01:56.048+0000] {dagbag.py:545} INFO - Filling up the DagBag from /home/airflow/.local/lib/python3.12/site-packages/airflow/example_dags/example_xcom.py
[2024-06-13T15:01:56.052+0000] {processor.py:840} INFO - DAG(s) 'example_xcom' retrieved from /home/airflow/.local/lib/python3.12/site-packages/airflow/example_dags/example_xcom.py
[2024-06-13T15:01:56.064+0000] {logging_mixin.py:188} INFO - [2024-06-13T15:01:56.063+0000] {dag.py:3096} INFO - Sync 1 DAGs
[2024-06-13T15:01:56.075+0000] {logging_mixin.py:188} INFO - [2024-06-13T15:01:56.075+0000] {dag.py:3954} INFO - Setting next_dagrun for example_xcom to 2021-01-01 00:00:00+00:00, run_after=2021-01-01 00:00:00+00:00
[2024-06-13T15:01:56.084+0000] {processor.py:183} INFO - Processing /home/airflow/.local/lib/python3.12/site-packages/airflow/example_dags/example_xcom.py took 0.040 seconds
[2024-06-13T15:02:26.850+0000] {processor.py:161} INFO - Started process (PID=740) to work on /home/airflow/.local/lib/python3.12/site-packages/airflow/example_dags/example_xcom.py
[2024-06-13T15:02:26.851+0000] {processor.py:830} INFO - Processing file /home/airflow/.local/lib/python3.12/site-packages/airflow/example_dags/example_xcom.py for tasks to queue
[2024-06-13T15:02:26.852+0000] {logging_mixin.py:188} INFO - [2024-06-13T15:02:26.852+0000] {dagbag.py:545} INFO - Filling up the DagBag from /home/airflow/.local/lib/python3.12/site-packages/airflow/example_dags/example_xcom.py
[2024-06-13T15:02:26.856+0000] {processor.py:840} INFO - DAG(s) 'example_xcom' retrieved from /home/airflow/.local/lib/python3.12/site-packages/airflow/example_dags/example_xcom.py
[2024-06-13T15:02:26.867+0000] {logging_mixin.py:188} INFO - [2024-06-13T15:02:26.867+0000] {dag.py:3096} INFO - Sync 1 DAGs
[2024-06-13T15:02:26.878+0000] {logging_mixin.py:188} INFO - [2024-06-13T15:02:26.878+0000] {dag.py:3954} INFO - Setting next_dagrun for example_xcom to 2021-01-01 00:00:00+00:00, run_after=2021-01-01 00:00:00+00:00
[2024-06-13T15:02:26.887+0000] {processor.py:183} INFO - Processing /home/airflow/.local/lib/python3.12/site-packages/airflow/example_dags/example_xcom.py took 0.040 seconds
[2024-06-13T15:02:57.729+0000] {processor.py:161} INFO - Started process (PID=798) to work on /home/airflow/.local/lib/python3.12/site-packages/airflow/example_dags/example_xcom.py
[2024-06-13T15:02:57.730+0000] {processor.py:830} INFO - Processing file /home/airflow/.local/lib/python3.12/site-packages/airflow/example_dags/example_xcom.py for tasks to queue
[2024-06-13T15:02:57.731+0000] {logging_mixin.py:188} INFO - [2024-06-13T15:02:57.731+0000] {dagbag.py:545} INFO - Filling up the DagBag from /home/airflow/.local/lib/python3.12/site-packages/airflow/example_dags/example_xcom.py
[2024-06-13T15:02:57.735+0000] {processor.py:840} INFO - DAG(s) 'example_xcom' retrieved from /home/airflow/.local/lib/python3.12/site-packages/airflow/example_dags/example_xcom.py
[2024-06-13T15:02:57.745+0000] {logging_mixin.py:188} INFO - [2024-06-13T15:02:57.745+0000] {dag.py:3096} INFO - Sync 1 DAGs
[2024-06-13T15:02:57.757+0000] {logging_mixin.py:188} INFO - [2024-06-13T15:02:57.757+0000] {dag.py:3954} INFO - Setting next_dagrun for example_xcom to 2021-01-01 00:00:00+00:00, run_after=2021-01-01 00:00:00+00:00
[2024-06-13T15:02:57.766+0000] {processor.py:183} INFO - Processing /home/airflow/.local/lib/python3.12/site-packages/airflow/example_dags/example_xcom.py took 0.040 seconds
[2024-06-13T15:03:27.883+0000] {processor.py:161} INFO - Started process (PID=856) to work on /home/airflow/.local/lib/python3.12/site-packages/airflow/example_dags/example_xcom.py
[2024-06-13T15:03:27.884+0000] {processor.py:830} INFO - Processing file /home/airflow/.local/lib/python3.12/site-packages/airflow/example_dags/example_xcom.py for tasks to queue
[2024-06-13T15:03:27.885+0000] {logging_mixin.py:188} INFO - [2024-06-13T15:03:27.885+0000] {dagbag.py:545} INFO - Filling up the DagBag from /home/airflow/.local/lib/python3.12/site-packages/airflow/example_dags/example_xcom.py
[2024-06-13T15:03:27.889+0000] {processor.py:840} INFO - DAG(s) 'example_xcom' retrieved from /home/airflow/.local/lib/python3.12/site-packages/airflow/example_dags/example_xcom.py
[2024-06-13T15:03:27.899+0000] {logging_mixin.py:188} INFO - [2024-06-13T15:03:27.899+0000] {dag.py:3096} INFO - Sync 1 DAGs
[2024-06-13T15:03:27.909+0000] {logging_mixin.py:188} INFO - [2024-06-13T15:03:27.909+0000] {dag.py:3954} INFO - Setting next_dagrun for example_xcom to 2021-01-01 00:00:00+00:00, run_after=2021-01-01 00:00:00+00:00
[2024-06-13T15:03:27.917+0000] {processor.py:183} INFO - Processing /home/airflow/.local/lib/python3.12/site-packages/airflow/example_dags/example_xcom.py took 0.037 seconds
[2024-06-13T15:05:08.336+0000] {processor.py:161} INFO - Started process (PID=45) to work on /home/airflow/.local/lib/python3.12/site-packages/airflow/example_dags/example_xcom.py
[2024-06-13T15:05:08.337+0000] {processor.py:830} INFO - Processing file /home/airflow/.local/lib/python3.12/site-packages/airflow/example_dags/example_xcom.py for tasks to queue
[2024-06-13T15:05:08.339+0000] {logging_mixin.py:188} INFO - [2024-06-13T15:05:08.338+0000] {dagbag.py:545} INFO - Filling up the DagBag from /home/airflow/.local/lib/python3.12/site-packages/airflow/example_dags/example_xcom.py
[2024-06-13T15:05:08.347+0000] {processor.py:840} INFO - DAG(s) 'example_xcom' retrieved from /home/airflow/.local/lib/python3.12/site-packages/airflow/example_dags/example_xcom.py
[2024-06-13T15:05:08.360+0000] {logging_mixin.py:188} INFO - [2024-06-13T15:05:08.360+0000] {dag.py:3096} INFO - Sync 1 DAGs
[2024-06-13T15:05:08.380+0000] {logging_mixin.py:188} INFO - [2024-06-13T15:05:08.380+0000] {dag.py:3954} INFO - Setting next_dagrun for example_xcom to 2021-01-01 00:00:00+00:00, run_after=2021-01-01 00:00:00+00:00
[2024-06-13T15:05:08.408+0000] {processor.py:183} INFO - Processing /home/airflow/.local/lib/python3.12/site-packages/airflow/example_dags/example_xcom.py took 0.077 seconds
[2024-06-13T15:05:38.613+0000] {processor.py:161} INFO - Started process (PID=102) to work on /home/airflow/.local/lib/python3.12/site-packages/airflow/example_dags/example_xcom.py
[2024-06-13T15:05:38.614+0000] {processor.py:830} INFO - Processing file /home/airflow/.local/lib/python3.12/site-packages/airflow/example_dags/example_xcom.py for tasks to queue
[2024-06-13T15:05:38.615+0000] {logging_mixin.py:188} INFO - [2024-06-13T15:05:38.615+0000] {dagbag.py:545} INFO - Filling up the DagBag from /home/airflow/.local/lib/python3.12/site-packages/airflow/example_dags/example_xcom.py
[2024-06-13T15:05:38.619+0000] {processor.py:840} INFO - DAG(s) 'example_xcom' retrieved from /home/airflow/.local/lib/python3.12/site-packages/airflow/example_dags/example_xcom.py
[2024-06-13T15:05:38.667+0000] {logging_mixin.py:188} INFO - [2024-06-13T15:05:38.667+0000] {dag.py:3096} INFO - Sync 1 DAGs
[2024-06-13T15:05:38.675+0000] {logging_mixin.py:188} INFO - [2024-06-13T15:05:38.674+0000] {dag.py:3954} INFO - Setting next_dagrun for example_xcom to 2021-01-01 00:00:00+00:00, run_after=2021-01-01 00:00:00+00:00
[2024-06-13T15:05:38.683+0000] {processor.py:183} INFO - Processing /home/airflow/.local/lib/python3.12/site-packages/airflow/example_dags/example_xcom.py took 0.072 seconds
[2024-06-13T15:06:09.149+0000] {processor.py:161} INFO - Started process (PID=160) to work on /home/airflow/.local/lib/python3.12/site-packages/airflow/example_dags/example_xcom.py
[2024-06-13T15:06:09.150+0000] {processor.py:830} INFO - Processing file /home/airflow/.local/lib/python3.12/site-packages/airflow/example_dags/example_xcom.py for tasks to queue
[2024-06-13T15:06:09.151+0000] {logging_mixin.py:188} INFO - [2024-06-13T15:06:09.150+0000] {dagbag.py:545} INFO - Filling up the DagBag from /home/airflow/.local/lib/python3.12/site-packages/airflow/example_dags/example_xcom.py
[2024-06-13T15:06:09.154+0000] {processor.py:840} INFO - DAG(s) 'example_xcom' retrieved from /home/airflow/.local/lib/python3.12/site-packages/airflow/example_dags/example_xcom.py
[2024-06-13T15:06:09.165+0000] {logging_mixin.py:188} INFO - [2024-06-13T15:06:09.164+0000] {dag.py:3096} INFO - Sync 1 DAGs
[2024-06-13T15:06:09.175+0000] {logging_mixin.py:188} INFO - [2024-06-13T15:06:09.174+0000] {dag.py:3954} INFO - Setting next_dagrun for example_xcom to 2021-01-01 00:00:00+00:00, run_after=2021-01-01 00:00:00+00:00
[2024-06-13T15:06:09.183+0000] {processor.py:183} INFO - Processing /home/airflow/.local/lib/python3.12/site-packages/airflow/example_dags/example_xcom.py took 0.036 seconds
[2024-06-13T15:06:39.390+0000] {processor.py:161} INFO - Started process (PID=218) to work on /home/airflow/.local/lib/python3.12/site-packages/airflow/example_dags/example_xcom.py
[2024-06-13T15:06:39.391+0000] {processor.py:830} INFO - Processing file /home/airflow/.local/lib/python3.12/site-packages/airflow/example_dags/example_xcom.py for tasks to queue
[2024-06-13T15:06:39.392+0000] {logging_mixin.py:188} INFO - [2024-06-13T15:06:39.391+0000] {dagbag.py:545} INFO - Filling up the DagBag from /home/airflow/.local/lib/python3.12/site-packages/airflow/example_dags/example_xcom.py
[2024-06-13T15:06:39.396+0000] {processor.py:840} INFO - DAG(s) 'example_xcom' retrieved from /home/airflow/.local/lib/python3.12/site-packages/airflow/example_dags/example_xcom.py
[2024-06-13T15:06:39.406+0000] {logging_mixin.py:188} INFO - [2024-06-13T15:06:39.406+0000] {dag.py:3096} INFO - Sync 1 DAGs
[2024-06-13T15:06:39.415+0000] {logging_mixin.py:188} INFO - [2024-06-13T15:06:39.415+0000] {dag.py:3954} INFO - Setting next_dagrun for example_xcom to 2021-01-01 00:00:00+00:00, run_after=2021-01-01 00:00:00+00:00
[2024-06-13T15:06:39.423+0000] {processor.py:183} INFO - Processing /home/airflow/.local/lib/python3.12/site-packages/airflow/example_dags/example_xcom.py took 0.036 seconds
[2024-06-13T15:07:09.563+0000] {processor.py:161} INFO - Started process (PID=276) to work on /home/airflow/.local/lib/python3.12/site-packages/airflow/example_dags/example_xcom.py
[2024-06-13T15:07:09.564+0000] {processor.py:830} INFO - Processing file /home/airflow/.local/lib/python3.12/site-packages/airflow/example_dags/example_xcom.py for tasks to queue
[2024-06-13T15:07:09.565+0000] {logging_mixin.py:188} INFO - [2024-06-13T15:07:09.565+0000] {dagbag.py:545} INFO - Filling up the DagBag from /home/airflow/.local/lib/python3.12/site-packages/airflow/example_dags/example_xcom.py
[2024-06-13T15:07:09.569+0000] {processor.py:840} INFO - DAG(s) 'example_xcom' retrieved from /home/airflow/.local/lib/python3.12/site-packages/airflow/example_dags/example_xcom.py
[2024-06-13T15:07:09.584+0000] {logging_mixin.py:188} INFO - [2024-06-13T15:07:09.583+0000] {dag.py:3096} INFO - Sync 1 DAGs
[2024-06-13T15:07:09.596+0000] {logging_mixin.py:188} INFO - [2024-06-13T15:07:09.596+0000] {dag.py:3954} INFO - Setting next_dagrun for example_xcom to 2021-01-01 00:00:00+00:00, run_after=2021-01-01 00:00:00+00:00
[2024-06-13T15:07:09.605+0000] {processor.py:183} INFO - Processing /home/airflow/.local/lib/python3.12/site-packages/airflow/example_dags/example_xcom.py took 0.044 seconds
[2024-06-13T15:07:39.865+0000] {processor.py:161} INFO - Started process (PID=334) to work on /home/airflow/.local/lib/python3.12/site-packages/airflow/example_dags/example_xcom.py
[2024-06-13T15:07:39.866+0000] {processor.py:830} INFO - Processing file /home/airflow/.local/lib/python3.12/site-packages/airflow/example_dags/example_xcom.py for tasks to queue
[2024-06-13T15:07:39.867+0000] {logging_mixin.py:188} INFO - [2024-06-13T15:07:39.867+0000] {dagbag.py:545} INFO - Filling up the DagBag from /home/airflow/.local/lib/python3.12/site-packages/airflow/example_dags/example_xcom.py
[2024-06-13T15:07:39.871+0000] {processor.py:840} INFO - DAG(s) 'example_xcom' retrieved from /home/airflow/.local/lib/python3.12/site-packages/airflow/example_dags/example_xcom.py
[2024-06-13T15:07:39.881+0000] {logging_mixin.py:188} INFO - [2024-06-13T15:07:39.881+0000] {dag.py:3096} INFO - Sync 1 DAGs
[2024-06-13T15:07:39.892+0000] {logging_mixin.py:188} INFO - [2024-06-13T15:07:39.892+0000] {dag.py:3954} INFO - Setting next_dagrun for example_xcom to 2021-01-01 00:00:00+00:00, run_after=2021-01-01 00:00:00+00:00
[2024-06-13T15:07:39.901+0000] {processor.py:183} INFO - Processing /home/airflow/.local/lib/python3.12/site-packages/airflow/example_dags/example_xcom.py took 0.040 seconds
