[2024-06-13T14:56:21.109+0000] {processor.py:161} INFO - Started process (PID=48) to work on /home/airflow/.local/lib/python3.12/site-packages/airflow/example_dags/example_latest_only.py
[2024-06-13T14:56:21.111+0000] {processor.py:830} INFO - Processing file /home/airflow/.local/lib/python3.12/site-packages/airflow/example_dags/example_latest_only.py for tasks to queue
[2024-06-13T14:56:21.115+0000] {logging_mixin.py:188} INFO - [2024-06-13T14:56:21.114+0000] {dagbag.py:545} INFO - Filling up the DagBag from /home/airflow/.local/lib/python3.12/site-packages/airflow/example_dags/example_latest_only.py
[2024-06-13T14:56:21.126+0000] {processor.py:840} INFO - DAG(s) 'latest_only' retrieved from /home/airflow/.local/lib/python3.12/site-packages/airflow/example_dags/example_latest_only.py
[2024-06-13T14:56:21.358+0000] {logging_mixin.py:188} INFO - [2024-06-13T14:56:21.357+0000] {override.py:1829} INFO - Created Permission View: can read on DAG:latest_only
[2024-06-13T14:56:21.380+0000] {logging_mixin.py:188} INFO - [2024-06-13T14:56:21.379+0000] {override.py:1829} INFO - Created Permission View: can delete on DAG:latest_only
[2024-06-13T14:56:21.393+0000] {logging_mixin.py:188} INFO - [2024-06-13T14:56:21.392+0000] {override.py:1829} INFO - Created Permission View: can edit on DAG:latest_only
[2024-06-13T14:56:21.394+0000] {logging_mixin.py:188} INFO - [2024-06-13T14:56:21.394+0000] {dag.py:3096} INFO - Sync 1 DAGs
[2024-06-13T14:56:21.425+0000] {logging_mixin.py:188} INFO - [2024-06-13T14:56:21.424+0000] {dag.py:3118} INFO - Creating ORM DAG for latest_only
[2024-06-13T14:56:21.440+0000] {logging_mixin.py:188} INFO - [2024-06-13T14:56:21.440+0000] {dag.py:3954} INFO - Setting next_dagrun for latest_only to 2024-06-13 08:00:00+00:00, run_after=2024-06-13 12:00:00+00:00
[2024-06-13T14:56:21.476+0000] {processor.py:183} INFO - Processing /home/airflow/.local/lib/python3.12/site-packages/airflow/example_dags/example_latest_only.py took 0.377 seconds
[2024-06-13T14:56:51.635+0000] {processor.py:161} INFO - Started process (PID=106) to work on /home/airflow/.local/lib/python3.12/site-packages/airflow/example_dags/example_latest_only.py
[2024-06-13T14:56:51.638+0000] {processor.py:830} INFO - Processing file /home/airflow/.local/lib/python3.12/site-packages/airflow/example_dags/example_latest_only.py for tasks to queue
[2024-06-13T14:56:51.642+0000] {logging_mixin.py:188} INFO - [2024-06-13T14:56:51.642+0000] {dagbag.py:545} INFO - Filling up the DagBag from /home/airflow/.local/lib/python3.12/site-packages/airflow/example_dags/example_latest_only.py
[2024-06-13T14:56:51.648+0000] {processor.py:840} INFO - DAG(s) 'latest_only' retrieved from /home/airflow/.local/lib/python3.12/site-packages/airflow/example_dags/example_latest_only.py
[2024-06-13T14:56:51.703+0000] {logging_mixin.py:188} INFO - [2024-06-13T14:56:51.703+0000] {dag.py:3096} INFO - Sync 1 DAGs
[2024-06-13T14:56:51.788+0000] {logging_mixin.py:188} INFO - [2024-06-13T14:56:51.787+0000] {dag.py:3954} INFO - Setting next_dagrun for latest_only to 2024-06-13 08:00:00+00:00, run_after=2024-06-13 12:00:00+00:00
[2024-06-13T14:56:51.802+0000] {processor.py:183} INFO - Processing /home/airflow/.local/lib/python3.12/site-packages/airflow/example_dags/example_latest_only.py took 0.170 seconds
[2024-06-13T14:57:22.349+0000] {processor.py:161} INFO - Started process (PID=164) to work on /home/airflow/.local/lib/python3.12/site-packages/airflow/example_dags/example_latest_only.py
[2024-06-13T14:57:22.357+0000] {processor.py:830} INFO - Processing file /home/airflow/.local/lib/python3.12/site-packages/airflow/example_dags/example_latest_only.py for tasks to queue
[2024-06-13T14:57:22.359+0000] {logging_mixin.py:188} INFO - [2024-06-13T14:57:22.359+0000] {dagbag.py:545} INFO - Filling up the DagBag from /home/airflow/.local/lib/python3.12/site-packages/airflow/example_dags/example_latest_only.py
[2024-06-13T14:57:22.370+0000] {processor.py:840} INFO - DAG(s) 'latest_only' retrieved from /home/airflow/.local/lib/python3.12/site-packages/airflow/example_dags/example_latest_only.py
[2024-06-13T14:57:22.384+0000] {logging_mixin.py:188} INFO - [2024-06-13T14:57:22.384+0000] {dag.py:3096} INFO - Sync 1 DAGs
[2024-06-13T14:57:22.398+0000] {logging_mixin.py:188} INFO - [2024-06-13T14:57:22.398+0000] {dag.py:3954} INFO - Setting next_dagrun for latest_only to 2024-06-13 08:00:00+00:00, run_after=2024-06-13 12:00:00+00:00
[2024-06-13T14:57:22.411+0000] {processor.py:183} INFO - Processing /home/airflow/.local/lib/python3.12/site-packages/airflow/example_dags/example_latest_only.py took 0.071 seconds
[2024-06-13T14:57:52.797+0000] {processor.py:161} INFO - Started process (PID=222) to work on /home/airflow/.local/lib/python3.12/site-packages/airflow/example_dags/example_latest_only.py
[2024-06-13T14:57:52.798+0000] {processor.py:830} INFO - Processing file /home/airflow/.local/lib/python3.12/site-packages/airflow/example_dags/example_latest_only.py for tasks to queue
[2024-06-13T14:57:52.799+0000] {logging_mixin.py:188} INFO - [2024-06-13T14:57:52.799+0000] {dagbag.py:545} INFO - Filling up the DagBag from /home/airflow/.local/lib/python3.12/site-packages/airflow/example_dags/example_latest_only.py
[2024-06-13T14:57:52.804+0000] {processor.py:840} INFO - DAG(s) 'latest_only' retrieved from /home/airflow/.local/lib/python3.12/site-packages/airflow/example_dags/example_latest_only.py
[2024-06-13T14:57:52.827+0000] {logging_mixin.py:188} INFO - [2024-06-13T14:57:52.827+0000] {dag.py:3096} INFO - Sync 1 DAGs
[2024-06-13T14:57:52.851+0000] {logging_mixin.py:188} INFO - [2024-06-13T14:57:52.851+0000] {dag.py:3954} INFO - Setting next_dagrun for latest_only to 2024-06-13 08:00:00+00:00, run_after=2024-06-13 12:00:00+00:00
[2024-06-13T14:57:52.876+0000] {processor.py:183} INFO - Processing /home/airflow/.local/lib/python3.12/site-packages/airflow/example_dags/example_latest_only.py took 0.083 seconds
[2024-06-13T14:58:23.454+0000] {processor.py:161} INFO - Started process (PID=280) to work on /home/airflow/.local/lib/python3.12/site-packages/airflow/example_dags/example_latest_only.py
[2024-06-13T14:58:23.454+0000] {processor.py:830} INFO - Processing file /home/airflow/.local/lib/python3.12/site-packages/airflow/example_dags/example_latest_only.py for tasks to queue
[2024-06-13T14:58:23.457+0000] {logging_mixin.py:188} INFO - [2024-06-13T14:58:23.457+0000] {dagbag.py:545} INFO - Filling up the DagBag from /home/airflow/.local/lib/python3.12/site-packages/airflow/example_dags/example_latest_only.py
[2024-06-13T14:58:23.460+0000] {processor.py:840} INFO - DAG(s) 'latest_only' retrieved from /home/airflow/.local/lib/python3.12/site-packages/airflow/example_dags/example_latest_only.py
[2024-06-13T14:58:23.469+0000] {logging_mixin.py:188} INFO - [2024-06-13T14:58:23.469+0000] {dag.py:3096} INFO - Sync 1 DAGs
[2024-06-13T14:58:23.479+0000] {logging_mixin.py:188} INFO - [2024-06-13T14:58:23.478+0000] {dag.py:3954} INFO - Setting next_dagrun for latest_only to 2024-06-13 08:00:00+00:00, run_after=2024-06-13 12:00:00+00:00
[2024-06-13T14:58:23.486+0000] {processor.py:183} INFO - Processing /home/airflow/.local/lib/python3.12/site-packages/airflow/example_dags/example_latest_only.py took 0.035 seconds
[2024-06-13T14:58:53.558+0000] {processor.py:161} INFO - Started process (PID=338) to work on /home/airflow/.local/lib/python3.12/site-packages/airflow/example_dags/example_latest_only.py
[2024-06-13T14:58:53.558+0000] {processor.py:830} INFO - Processing file /home/airflow/.local/lib/python3.12/site-packages/airflow/example_dags/example_latest_only.py for tasks to queue
[2024-06-13T14:58:53.559+0000] {logging_mixin.py:188} INFO - [2024-06-13T14:58:53.559+0000] {dagbag.py:545} INFO - Filling up the DagBag from /home/airflow/.local/lib/python3.12/site-packages/airflow/example_dags/example_latest_only.py
[2024-06-13T14:58:53.562+0000] {processor.py:840} INFO - DAG(s) 'latest_only' retrieved from /home/airflow/.local/lib/python3.12/site-packages/airflow/example_dags/example_latest_only.py
[2024-06-13T14:58:53.572+0000] {logging_mixin.py:188} INFO - [2024-06-13T14:58:53.572+0000] {dag.py:3096} INFO - Sync 1 DAGs
[2024-06-13T14:58:53.581+0000] {logging_mixin.py:188} INFO - [2024-06-13T14:58:53.581+0000] {dag.py:3954} INFO - Setting next_dagrun for latest_only to 2024-06-13 08:00:00+00:00, run_after=2024-06-13 12:00:00+00:00
[2024-06-13T14:58:53.588+0000] {processor.py:183} INFO - Processing /home/airflow/.local/lib/python3.12/site-packages/airflow/example_dags/example_latest_only.py took 0.034 seconds
[2024-06-13T14:59:23.606+0000] {processor.py:161} INFO - Started process (PID=397) to work on /home/airflow/.local/lib/python3.12/site-packages/airflow/example_dags/example_latest_only.py
[2024-06-13T14:59:23.607+0000] {processor.py:830} INFO - Processing file /home/airflow/.local/lib/python3.12/site-packages/airflow/example_dags/example_latest_only.py for tasks to queue
[2024-06-13T14:59:23.608+0000] {logging_mixin.py:188} INFO - [2024-06-13T14:59:23.607+0000] {dagbag.py:545} INFO - Filling up the DagBag from /home/airflow/.local/lib/python3.12/site-packages/airflow/example_dags/example_latest_only.py
[2024-06-13T14:59:23.610+0000] {processor.py:840} INFO - DAG(s) 'latest_only' retrieved from /home/airflow/.local/lib/python3.12/site-packages/airflow/example_dags/example_latest_only.py
[2024-06-13T14:59:23.620+0000] {logging_mixin.py:188} INFO - [2024-06-13T14:59:23.620+0000] {dag.py:3096} INFO - Sync 1 DAGs
[2024-06-13T14:59:23.629+0000] {logging_mixin.py:188} INFO - [2024-06-13T14:59:23.629+0000] {dag.py:3954} INFO - Setting next_dagrun for latest_only to 2024-06-13 08:00:00+00:00, run_after=2024-06-13 12:00:00+00:00
[2024-06-13T14:59:23.637+0000] {processor.py:183} INFO - Processing /home/airflow/.local/lib/python3.12/site-packages/airflow/example_dags/example_latest_only.py took 0.034 seconds
[2024-06-13T14:59:54.400+0000] {processor.py:161} INFO - Started process (PID=454) to work on /home/airflow/.local/lib/python3.12/site-packages/airflow/example_dags/example_latest_only.py
[2024-06-13T14:59:54.400+0000] {processor.py:830} INFO - Processing file /home/airflow/.local/lib/python3.12/site-packages/airflow/example_dags/example_latest_only.py for tasks to queue
[2024-06-13T14:59:54.401+0000] {logging_mixin.py:188} INFO - [2024-06-13T14:59:54.401+0000] {dagbag.py:545} INFO - Filling up the DagBag from /home/airflow/.local/lib/python3.12/site-packages/airflow/example_dags/example_latest_only.py
[2024-06-13T14:59:54.404+0000] {processor.py:840} INFO - DAG(s) 'latest_only' retrieved from /home/airflow/.local/lib/python3.12/site-packages/airflow/example_dags/example_latest_only.py
[2024-06-13T14:59:54.414+0000] {logging_mixin.py:188} INFO - [2024-06-13T14:59:54.414+0000] {dag.py:3096} INFO - Sync 1 DAGs
[2024-06-13T14:59:54.423+0000] {logging_mixin.py:188} INFO - [2024-06-13T14:59:54.423+0000] {dag.py:3954} INFO - Setting next_dagrun for latest_only to 2024-06-13 08:00:00+00:00, run_after=2024-06-13 12:00:00+00:00
[2024-06-13T14:59:54.430+0000] {processor.py:183} INFO - Processing /home/airflow/.local/lib/python3.12/site-packages/airflow/example_dags/example_latest_only.py took 0.034 seconds
[2024-06-13T15:00:25.103+0000] {processor.py:161} INFO - Started process (PID=512) to work on /home/airflow/.local/lib/python3.12/site-packages/airflow/example_dags/example_latest_only.py
[2024-06-13T15:00:25.104+0000] {processor.py:830} INFO - Processing file /home/airflow/.local/lib/python3.12/site-packages/airflow/example_dags/example_latest_only.py for tasks to queue
[2024-06-13T15:00:25.104+0000] {logging_mixin.py:188} INFO - [2024-06-13T15:00:25.104+0000] {dagbag.py:545} INFO - Filling up the DagBag from /home/airflow/.local/lib/python3.12/site-packages/airflow/example_dags/example_latest_only.py
[2024-06-13T15:00:25.107+0000] {processor.py:840} INFO - DAG(s) 'latest_only' retrieved from /home/airflow/.local/lib/python3.12/site-packages/airflow/example_dags/example_latest_only.py
[2024-06-13T15:00:25.117+0000] {logging_mixin.py:188} INFO - [2024-06-13T15:00:25.117+0000] {dag.py:3096} INFO - Sync 1 DAGs
[2024-06-13T15:00:25.126+0000] {logging_mixin.py:188} INFO - [2024-06-13T15:00:25.126+0000] {dag.py:3954} INFO - Setting next_dagrun for latest_only to 2024-06-13 08:00:00+00:00, run_after=2024-06-13 12:00:00+00:00
[2024-06-13T15:00:25.134+0000] {processor.py:183} INFO - Processing /home/airflow/.local/lib/python3.12/site-packages/airflow/example_dags/example_latest_only.py took 0.034 seconds
[2024-06-13T15:00:55.866+0000] {processor.py:161} INFO - Started process (PID=570) to work on /home/airflow/.local/lib/python3.12/site-packages/airflow/example_dags/example_latest_only.py
[2024-06-13T15:00:55.867+0000] {processor.py:830} INFO - Processing file /home/airflow/.local/lib/python3.12/site-packages/airflow/example_dags/example_latest_only.py for tasks to queue
[2024-06-13T15:00:55.868+0000] {logging_mixin.py:188} INFO - [2024-06-13T15:00:55.868+0000] {dagbag.py:545} INFO - Filling up the DagBag from /home/airflow/.local/lib/python3.12/site-packages/airflow/example_dags/example_latest_only.py
[2024-06-13T15:00:55.870+0000] {processor.py:840} INFO - DAG(s) 'latest_only' retrieved from /home/airflow/.local/lib/python3.12/site-packages/airflow/example_dags/example_latest_only.py
[2024-06-13T15:00:55.881+0000] {logging_mixin.py:188} INFO - [2024-06-13T15:00:55.881+0000] {dag.py:3096} INFO - Sync 1 DAGs
[2024-06-13T15:00:55.891+0000] {logging_mixin.py:188} INFO - [2024-06-13T15:00:55.891+0000] {dag.py:3954} INFO - Setting next_dagrun for latest_only to 2024-06-13 08:00:00+00:00, run_after=2024-06-13 12:00:00+00:00
[2024-06-13T15:00:55.899+0000] {processor.py:183} INFO - Processing /home/airflow/.local/lib/python3.12/site-packages/airflow/example_dags/example_latest_only.py took 0.036 seconds
[2024-06-13T15:01:26.002+0000] {processor.py:161} INFO - Started process (PID=628) to work on /home/airflow/.local/lib/python3.12/site-packages/airflow/example_dags/example_latest_only.py
[2024-06-13T15:01:26.003+0000] {processor.py:830} INFO - Processing file /home/airflow/.local/lib/python3.12/site-packages/airflow/example_dags/example_latest_only.py for tasks to queue
[2024-06-13T15:01:26.004+0000] {logging_mixin.py:188} INFO - [2024-06-13T15:01:26.004+0000] {dagbag.py:545} INFO - Filling up the DagBag from /home/airflow/.local/lib/python3.12/site-packages/airflow/example_dags/example_latest_only.py
[2024-06-13T15:01:26.007+0000] {processor.py:840} INFO - DAG(s) 'latest_only' retrieved from /home/airflow/.local/lib/python3.12/site-packages/airflow/example_dags/example_latest_only.py
[2024-06-13T15:01:26.016+0000] {logging_mixin.py:188} INFO - [2024-06-13T15:01:26.016+0000] {dag.py:3096} INFO - Sync 1 DAGs
[2024-06-13T15:01:26.026+0000] {logging_mixin.py:188} INFO - [2024-06-13T15:01:26.026+0000] {dag.py:3954} INFO - Setting next_dagrun for latest_only to 2024-06-13 08:00:00+00:00, run_after=2024-06-13 12:00:00+00:00
[2024-06-13T15:01:26.033+0000] {processor.py:183} INFO - Processing /home/airflow/.local/lib/python3.12/site-packages/airflow/example_dags/example_latest_only.py took 0.033 seconds
[2024-06-13T15:01:56.096+0000] {processor.py:161} INFO - Started process (PID=686) to work on /home/airflow/.local/lib/python3.12/site-packages/airflow/example_dags/example_latest_only.py
[2024-06-13T15:01:56.097+0000] {processor.py:830} INFO - Processing file /home/airflow/.local/lib/python3.12/site-packages/airflow/example_dags/example_latest_only.py for tasks to queue
[2024-06-13T15:01:56.098+0000] {logging_mixin.py:188} INFO - [2024-06-13T15:01:56.098+0000] {dagbag.py:545} INFO - Filling up the DagBag from /home/airflow/.local/lib/python3.12/site-packages/airflow/example_dags/example_latest_only.py
[2024-06-13T15:01:56.101+0000] {processor.py:840} INFO - DAG(s) 'latest_only' retrieved from /home/airflow/.local/lib/python3.12/site-packages/airflow/example_dags/example_latest_only.py
[2024-06-13T15:01:56.111+0000] {logging_mixin.py:188} INFO - [2024-06-13T15:01:56.111+0000] {dag.py:3096} INFO - Sync 1 DAGs
[2024-06-13T15:01:56.122+0000] {logging_mixin.py:188} INFO - [2024-06-13T15:01:56.122+0000] {dag.py:3954} INFO - Setting next_dagrun for latest_only to 2024-06-13 08:00:00+00:00, run_after=2024-06-13 12:00:00+00:00
[2024-06-13T15:01:56.130+0000] {processor.py:183} INFO - Processing /home/airflow/.local/lib/python3.12/site-packages/airflow/example_dags/example_latest_only.py took 0.037 seconds
[2024-06-13T15:02:26.900+0000] {processor.py:161} INFO - Started process (PID=742) to work on /home/airflow/.local/lib/python3.12/site-packages/airflow/example_dags/example_latest_only.py
[2024-06-13T15:02:26.900+0000] {processor.py:830} INFO - Processing file /home/airflow/.local/lib/python3.12/site-packages/airflow/example_dags/example_latest_only.py for tasks to queue
[2024-06-13T15:02:26.901+0000] {logging_mixin.py:188} INFO - [2024-06-13T15:02:26.901+0000] {dagbag.py:545} INFO - Filling up the DagBag from /home/airflow/.local/lib/python3.12/site-packages/airflow/example_dags/example_latest_only.py
[2024-06-13T15:02:26.904+0000] {processor.py:840} INFO - DAG(s) 'latest_only' retrieved from /home/airflow/.local/lib/python3.12/site-packages/airflow/example_dags/example_latest_only.py
[2024-06-13T15:02:26.915+0000] {logging_mixin.py:188} INFO - [2024-06-13T15:02:26.914+0000] {dag.py:3096} INFO - Sync 1 DAGs
[2024-06-13T15:02:26.926+0000] {logging_mixin.py:188} INFO - [2024-06-13T15:02:26.926+0000] {dag.py:3954} INFO - Setting next_dagrun for latest_only to 2024-06-13 08:00:00+00:00, run_after=2024-06-13 12:00:00+00:00
[2024-06-13T15:02:26.935+0000] {processor.py:183} INFO - Processing /home/airflow/.local/lib/python3.12/site-packages/airflow/example_dags/example_latest_only.py took 0.039 seconds
[2024-06-13T15:02:57.779+0000] {processor.py:161} INFO - Started process (PID=800) to work on /home/airflow/.local/lib/python3.12/site-packages/airflow/example_dags/example_latest_only.py
[2024-06-13T15:02:57.780+0000] {processor.py:830} INFO - Processing file /home/airflow/.local/lib/python3.12/site-packages/airflow/example_dags/example_latest_only.py for tasks to queue
[2024-06-13T15:02:57.781+0000] {logging_mixin.py:188} INFO - [2024-06-13T15:02:57.781+0000] {dagbag.py:545} INFO - Filling up the DagBag from /home/airflow/.local/lib/python3.12/site-packages/airflow/example_dags/example_latest_only.py
[2024-06-13T15:02:57.783+0000] {processor.py:840} INFO - DAG(s) 'latest_only' retrieved from /home/airflow/.local/lib/python3.12/site-packages/airflow/example_dags/example_latest_only.py
[2024-06-13T15:02:57.793+0000] {logging_mixin.py:188} INFO - [2024-06-13T15:02:57.793+0000] {dag.py:3096} INFO - Sync 1 DAGs
[2024-06-13T15:02:57.803+0000] {logging_mixin.py:188} INFO - [2024-06-13T15:02:57.802+0000] {dag.py:3954} INFO - Setting next_dagrun for latest_only to 2024-06-13 08:00:00+00:00, run_after=2024-06-13 12:00:00+00:00
[2024-06-13T15:02:57.811+0000] {processor.py:183} INFO - Processing /home/airflow/.local/lib/python3.12/site-packages/airflow/example_dags/example_latest_only.py took 0.035 seconds
[2024-06-13T15:03:27.929+0000] {processor.py:161} INFO - Started process (PID=858) to work on /home/airflow/.local/lib/python3.12/site-packages/airflow/example_dags/example_latest_only.py
[2024-06-13T15:03:27.930+0000] {processor.py:830} INFO - Processing file /home/airflow/.local/lib/python3.12/site-packages/airflow/example_dags/example_latest_only.py for tasks to queue
[2024-06-13T15:03:27.931+0000] {logging_mixin.py:188} INFO - [2024-06-13T15:03:27.931+0000] {dagbag.py:545} INFO - Filling up the DagBag from /home/airflow/.local/lib/python3.12/site-packages/airflow/example_dags/example_latest_only.py
[2024-06-13T15:03:27.933+0000] {processor.py:840} INFO - DAG(s) 'latest_only' retrieved from /home/airflow/.local/lib/python3.12/site-packages/airflow/example_dags/example_latest_only.py
[2024-06-13T15:03:27.944+0000] {logging_mixin.py:188} INFO - [2024-06-13T15:03:27.943+0000] {dag.py:3096} INFO - Sync 1 DAGs
[2024-06-13T15:03:27.953+0000] {logging_mixin.py:188} INFO - [2024-06-13T15:03:27.952+0000] {dag.py:3954} INFO - Setting next_dagrun for latest_only to 2024-06-13 08:00:00+00:00, run_after=2024-06-13 12:00:00+00:00
[2024-06-13T15:03:27.960+0000] {processor.py:183} INFO - Processing /home/airflow/.local/lib/python3.12/site-packages/airflow/example_dags/example_latest_only.py took 0.033 seconds
[2024-06-13T15:05:08.442+0000] {processor.py:161} INFO - Started process (PID=47) to work on /home/airflow/.local/lib/python3.12/site-packages/airflow/example_dags/example_latest_only.py
[2024-06-13T15:05:08.446+0000] {processor.py:830} INFO - Processing file /home/airflow/.local/lib/python3.12/site-packages/airflow/example_dags/example_latest_only.py for tasks to queue
[2024-06-13T15:05:08.452+0000] {logging_mixin.py:188} INFO - [2024-06-13T15:05:08.451+0000] {dagbag.py:545} INFO - Filling up the DagBag from /home/airflow/.local/lib/python3.12/site-packages/airflow/example_dags/example_latest_only.py
[2024-06-13T15:05:08.458+0000] {processor.py:840} INFO - DAG(s) 'latest_only' retrieved from /home/airflow/.local/lib/python3.12/site-packages/airflow/example_dags/example_latest_only.py
[2024-06-13T15:05:08.475+0000] {logging_mixin.py:188} INFO - [2024-06-13T15:05:08.475+0000] {dag.py:3096} INFO - Sync 1 DAGs
[2024-06-13T15:05:08.496+0000] {logging_mixin.py:188} INFO - [2024-06-13T15:05:08.496+0000] {dag.py:3954} INFO - Setting next_dagrun for latest_only to 2024-06-13 08:00:00+00:00, run_after=2024-06-13 12:00:00+00:00
[2024-06-13T15:05:08.510+0000] {processor.py:183} INFO - Processing /home/airflow/.local/lib/python3.12/site-packages/airflow/example_dags/example_latest_only.py took 0.084 seconds
[2024-06-13T15:05:38.693+0000] {processor.py:161} INFO - Started process (PID=104) to work on /home/airflow/.local/lib/python3.12/site-packages/airflow/example_dags/example_latest_only.py
[2024-06-13T15:05:38.694+0000] {processor.py:830} INFO - Processing file /home/airflow/.local/lib/python3.12/site-packages/airflow/example_dags/example_latest_only.py for tasks to queue
[2024-06-13T15:05:38.695+0000] {logging_mixin.py:188} INFO - [2024-06-13T15:05:38.695+0000] {dagbag.py:545} INFO - Filling up the DagBag from /home/airflow/.local/lib/python3.12/site-packages/airflow/example_dags/example_latest_only.py
[2024-06-13T15:05:38.697+0000] {processor.py:840} INFO - DAG(s) 'latest_only' retrieved from /home/airflow/.local/lib/python3.12/site-packages/airflow/example_dags/example_latest_only.py
[2024-06-13T15:05:38.747+0000] {logging_mixin.py:188} INFO - [2024-06-13T15:05:38.747+0000] {dag.py:3096} INFO - Sync 1 DAGs
[2024-06-13T15:05:38.756+0000] {logging_mixin.py:188} INFO - [2024-06-13T15:05:38.755+0000] {dag.py:3954} INFO - Setting next_dagrun for latest_only to 2024-06-13 08:00:00+00:00, run_after=2024-06-13 12:00:00+00:00
[2024-06-13T15:05:38.763+0000] {processor.py:183} INFO - Processing /home/airflow/.local/lib/python3.12/site-packages/airflow/example_dags/example_latest_only.py took 0.072 seconds
[2024-06-13T15:06:09.194+0000] {processor.py:161} INFO - Started process (PID=162) to work on /home/airflow/.local/lib/python3.12/site-packages/airflow/example_dags/example_latest_only.py
[2024-06-13T15:06:09.194+0000] {processor.py:830} INFO - Processing file /home/airflow/.local/lib/python3.12/site-packages/airflow/example_dags/example_latest_only.py for tasks to queue
[2024-06-13T15:06:09.195+0000] {logging_mixin.py:188} INFO - [2024-06-13T15:06:09.195+0000] {dagbag.py:545} INFO - Filling up the DagBag from /home/airflow/.local/lib/python3.12/site-packages/airflow/example_dags/example_latest_only.py
[2024-06-13T15:06:09.198+0000] {processor.py:840} INFO - DAG(s) 'latest_only' retrieved from /home/airflow/.local/lib/python3.12/site-packages/airflow/example_dags/example_latest_only.py
[2024-06-13T15:06:09.208+0000] {logging_mixin.py:188} INFO - [2024-06-13T15:06:09.208+0000] {dag.py:3096} INFO - Sync 1 DAGs
[2024-06-13T15:06:09.219+0000] {logging_mixin.py:188} INFO - [2024-06-13T15:06:09.219+0000] {dag.py:3954} INFO - Setting next_dagrun for latest_only to 2024-06-13 08:00:00+00:00, run_after=2024-06-13 12:00:00+00:00
[2024-06-13T15:06:09.227+0000] {processor.py:183} INFO - Processing /home/airflow/.local/lib/python3.12/site-packages/airflow/example_dags/example_latest_only.py took 0.036 seconds
[2024-06-13T15:06:39.437+0000] {processor.py:161} INFO - Started process (PID=220) to work on /home/airflow/.local/lib/python3.12/site-packages/airflow/example_dags/example_latest_only.py
[2024-06-13T15:06:39.439+0000] {processor.py:830} INFO - Processing file /home/airflow/.local/lib/python3.12/site-packages/airflow/example_dags/example_latest_only.py for tasks to queue
[2024-06-13T15:06:39.441+0000] {logging_mixin.py:188} INFO - [2024-06-13T15:06:39.441+0000] {dagbag.py:545} INFO - Filling up the DagBag from /home/airflow/.local/lib/python3.12/site-packages/airflow/example_dags/example_latest_only.py
[2024-06-13T15:06:39.444+0000] {processor.py:840} INFO - DAG(s) 'latest_only' retrieved from /home/airflow/.local/lib/python3.12/site-packages/airflow/example_dags/example_latest_only.py
[2024-06-13T15:06:39.458+0000] {logging_mixin.py:188} INFO - [2024-06-13T15:06:39.458+0000] {dag.py:3096} INFO - Sync 1 DAGs
[2024-06-13T15:06:39.471+0000] {logging_mixin.py:188} INFO - [2024-06-13T15:06:39.471+0000] {dag.py:3954} INFO - Setting next_dagrun for latest_only to 2024-06-13 08:00:00+00:00, run_after=2024-06-13 12:00:00+00:00
[2024-06-13T15:06:39.480+0000] {processor.py:183} INFO - Processing /home/airflow/.local/lib/python3.12/site-packages/airflow/example_dags/example_latest_only.py took 0.046 seconds
[2024-06-13T15:07:09.616+0000] {processor.py:161} INFO - Started process (PID=278) to work on /home/airflow/.local/lib/python3.12/site-packages/airflow/example_dags/example_latest_only.py
[2024-06-13T15:07:09.617+0000] {processor.py:830} INFO - Processing file /home/airflow/.local/lib/python3.12/site-packages/airflow/example_dags/example_latest_only.py for tasks to queue
[2024-06-13T15:07:09.618+0000] {logging_mixin.py:188} INFO - [2024-06-13T15:07:09.618+0000] {dagbag.py:545} INFO - Filling up the DagBag from /home/airflow/.local/lib/python3.12/site-packages/airflow/example_dags/example_latest_only.py
[2024-06-13T15:07:09.623+0000] {processor.py:840} INFO - DAG(s) 'latest_only' retrieved from /home/airflow/.local/lib/python3.12/site-packages/airflow/example_dags/example_latest_only.py
[2024-06-13T15:07:09.633+0000] {logging_mixin.py:188} INFO - [2024-06-13T15:07:09.633+0000] {dag.py:3096} INFO - Sync 1 DAGs
[2024-06-13T15:07:09.643+0000] {logging_mixin.py:188} INFO - [2024-06-13T15:07:09.643+0000] {dag.py:3954} INFO - Setting next_dagrun for latest_only to 2024-06-13 08:00:00+00:00, run_after=2024-06-13 12:00:00+00:00
[2024-06-13T15:07:09.652+0000] {processor.py:183} INFO - Processing /home/airflow/.local/lib/python3.12/site-packages/airflow/example_dags/example_latest_only.py took 0.039 seconds
[2024-06-13T15:07:39.912+0000] {processor.py:161} INFO - Started process (PID=336) to work on /home/airflow/.local/lib/python3.12/site-packages/airflow/example_dags/example_latest_only.py
[2024-06-13T15:07:39.913+0000] {processor.py:830} INFO - Processing file /home/airflow/.local/lib/python3.12/site-packages/airflow/example_dags/example_latest_only.py for tasks to queue
[2024-06-13T15:07:39.914+0000] {logging_mixin.py:188} INFO - [2024-06-13T15:07:39.914+0000] {dagbag.py:545} INFO - Filling up the DagBag from /home/airflow/.local/lib/python3.12/site-packages/airflow/example_dags/example_latest_only.py
[2024-06-13T15:07:39.916+0000] {processor.py:840} INFO - DAG(s) 'latest_only' retrieved from /home/airflow/.local/lib/python3.12/site-packages/airflow/example_dags/example_latest_only.py
[2024-06-13T15:07:39.926+0000] {logging_mixin.py:188} INFO - [2024-06-13T15:07:39.926+0000] {dag.py:3096} INFO - Sync 1 DAGs
[2024-06-13T15:07:39.937+0000] {logging_mixin.py:188} INFO - [2024-06-13T15:07:39.936+0000] {dag.py:3954} INFO - Setting next_dagrun for latest_only to 2024-06-13 08:00:00+00:00, run_after=2024-06-13 12:00:00+00:00
[2024-06-13T15:07:39.946+0000] {processor.py:183} INFO - Processing /home/airflow/.local/lib/python3.12/site-packages/airflow/example_dags/example_latest_only.py took 0.037 seconds
