[2024-06-13T14:56:29.323+0000] {processor.py:161} INFO - Started process (PID=74) to work on /home/airflow/.local/lib/python3.12/site-packages/airflow/example_dags/example_dag_decorator.py
[2024-06-13T14:56:29.325+0000] {processor.py:830} INFO - Processing file /home/airflow/.local/lib/python3.12/site-packages/airflow/example_dags/example_dag_decorator.py for tasks to queue
[2024-06-13T14:56:29.327+0000] {logging_mixin.py:188} INFO - [2024-06-13T14:56:29.327+0000] {dagbag.py:545} INFO - Filling up the DagBag from /home/airflow/.local/lib/python3.12/site-packages/airflow/example_dags/example_dag_decorator.py
[2024-06-13T14:56:30.125+0000] {processor.py:840} INFO - DAG(s) 'example_dag_decorator' retrieved from /home/airflow/.local/lib/python3.12/site-packages/airflow/example_dags/example_dag_decorator.py
[2024-06-13T14:56:30.340+0000] {logging_mixin.py:188} INFO - [2024-06-13T14:56:30.338+0000] {override.py:1829} INFO - Created Permission View: can read on DAG:example_dag_decorator
[2024-06-13T14:56:30.364+0000] {logging_mixin.py:188} INFO - [2024-06-13T14:56:30.363+0000] {override.py:1829} INFO - Created Permission View: can delete on DAG:example_dag_decorator
[2024-06-13T14:56:30.378+0000] {logging_mixin.py:188} INFO - [2024-06-13T14:56:30.377+0000] {override.py:1829} INFO - Created Permission View: can edit on DAG:example_dag_decorator
[2024-06-13T14:56:30.379+0000] {logging_mixin.py:188} INFO - [2024-06-13T14:56:30.378+0000] {dag.py:3096} INFO - Sync 1 DAGs
[2024-06-13T14:56:30.395+0000] {logging_mixin.py:188} INFO - [2024-06-13T14:56:30.395+0000] {dag.py:3118} INFO - Creating ORM DAG for example_dag_decorator
[2024-06-13T14:56:30.398+0000] {logging_mixin.py:188} INFO - [2024-06-13T14:56:30.398+0000] {dag.py:3954} INFO - Setting next_dagrun for example_dag_decorator to None, run_after=None
[2024-06-13T14:56:30.415+0000] {processor.py:183} INFO - Processing /home/airflow/.local/lib/python3.12/site-packages/airflow/example_dags/example_dag_decorator.py took 1.097 seconds
[2024-06-13T14:57:01.304+0000] {processor.py:161} INFO - Started process (PID=133) to work on /home/airflow/.local/lib/python3.12/site-packages/airflow/example_dags/example_dag_decorator.py
[2024-06-13T14:57:01.306+0000] {processor.py:830} INFO - Processing file /home/airflow/.local/lib/python3.12/site-packages/airflow/example_dags/example_dag_decorator.py for tasks to queue
[2024-06-13T14:57:01.312+0000] {logging_mixin.py:188} INFO - [2024-06-13T14:57:01.311+0000] {dagbag.py:545} INFO - Filling up the DagBag from /home/airflow/.local/lib/python3.12/site-packages/airflow/example_dags/example_dag_decorator.py
[2024-06-13T14:57:01.671+0000] {processor.py:840} INFO - DAG(s) 'example_dag_decorator' retrieved from /home/airflow/.local/lib/python3.12/site-packages/airflow/example_dags/example_dag_decorator.py
[2024-06-13T14:57:01.935+0000] {logging_mixin.py:188} INFO - [2024-06-13T14:57:01.934+0000] {dag.py:3096} INFO - Sync 1 DAGs
[2024-06-13T14:57:01.953+0000] {logging_mixin.py:188} INFO - [2024-06-13T14:57:01.952+0000] {dag.py:3954} INFO - Setting next_dagrun for example_dag_decorator to None, run_after=None
[2024-06-13T14:57:01.987+0000] {processor.py:183} INFO - Processing /home/airflow/.local/lib/python3.12/site-packages/airflow/example_dags/example_dag_decorator.py took 0.706 seconds
[2024-06-13T14:57:32.124+0000] {processor.py:161} INFO - Started process (PID=193) to work on /home/airflow/.local/lib/python3.12/site-packages/airflow/example_dags/example_dag_decorator.py
[2024-06-13T14:57:32.125+0000] {processor.py:830} INFO - Processing file /home/airflow/.local/lib/python3.12/site-packages/airflow/example_dags/example_dag_decorator.py for tasks to queue
[2024-06-13T14:57:32.127+0000] {logging_mixin.py:188} INFO - [2024-06-13T14:57:32.127+0000] {dagbag.py:545} INFO - Filling up the DagBag from /home/airflow/.local/lib/python3.12/site-packages/airflow/example_dags/example_dag_decorator.py
[2024-06-13T14:57:32.434+0000] {processor.py:840} INFO - DAG(s) 'example_dag_decorator' retrieved from /home/airflow/.local/lib/python3.12/site-packages/airflow/example_dags/example_dag_decorator.py
[2024-06-13T14:57:32.475+0000] {logging_mixin.py:188} INFO - [2024-06-13T14:57:32.475+0000] {dag.py:3096} INFO - Sync 1 DAGs
[2024-06-13T14:57:32.483+0000] {logging_mixin.py:188} INFO - [2024-06-13T14:57:32.483+0000] {dag.py:3954} INFO - Setting next_dagrun for example_dag_decorator to None, run_after=None
[2024-06-13T14:57:32.496+0000] {processor.py:183} INFO - Processing /home/airflow/.local/lib/python3.12/site-packages/airflow/example_dags/example_dag_decorator.py took 0.380 seconds
[2024-06-13T14:58:03.010+0000] {processor.py:161} INFO - Started process (PID=249) to work on /home/airflow/.local/lib/python3.12/site-packages/airflow/example_dags/example_dag_decorator.py
[2024-06-13T14:58:03.033+0000] {processor.py:830} INFO - Processing file /home/airflow/.local/lib/python3.12/site-packages/airflow/example_dags/example_dag_decorator.py for tasks to queue
[2024-06-13T14:58:03.036+0000] {logging_mixin.py:188} INFO - [2024-06-13T14:58:03.036+0000] {dagbag.py:545} INFO - Filling up the DagBag from /home/airflow/.local/lib/python3.12/site-packages/airflow/example_dags/example_dag_decorator.py
[2024-06-13T14:58:03.197+0000] {processor.py:840} INFO - DAG(s) 'example_dag_decorator' retrieved from /home/airflow/.local/lib/python3.12/site-packages/airflow/example_dags/example_dag_decorator.py
[2024-06-13T14:58:03.327+0000] {logging_mixin.py:188} INFO - [2024-06-13T14:58:03.327+0000] {dag.py:3096} INFO - Sync 1 DAGs
[2024-06-13T14:58:03.333+0000] {logging_mixin.py:188} INFO - [2024-06-13T14:58:03.333+0000] {dag.py:3954} INFO - Setting next_dagrun for example_dag_decorator to None, run_after=None
[2024-06-13T14:58:03.343+0000] {processor.py:183} INFO - Processing /home/airflow/.local/lib/python3.12/site-packages/airflow/example_dags/example_dag_decorator.py took 0.344 seconds
[2024-06-13T14:58:34.109+0000] {processor.py:161} INFO - Started process (PID=307) to work on /home/airflow/.local/lib/python3.12/site-packages/airflow/example_dags/example_dag_decorator.py
[2024-06-13T14:58:34.112+0000] {processor.py:830} INFO - Processing file /home/airflow/.local/lib/python3.12/site-packages/airflow/example_dags/example_dag_decorator.py for tasks to queue
[2024-06-13T14:58:34.114+0000] {logging_mixin.py:188} INFO - [2024-06-13T14:58:34.114+0000] {dagbag.py:545} INFO - Filling up the DagBag from /home/airflow/.local/lib/python3.12/site-packages/airflow/example_dags/example_dag_decorator.py
[2024-06-13T14:58:34.182+0000] {processor.py:840} INFO - DAG(s) 'example_dag_decorator' retrieved from /home/airflow/.local/lib/python3.12/site-packages/airflow/example_dags/example_dag_decorator.py
[2024-06-13T14:58:34.233+0000] {logging_mixin.py:188} INFO - [2024-06-13T14:58:34.233+0000] {dag.py:3096} INFO - Sync 1 DAGs
[2024-06-13T14:58:34.238+0000] {logging_mixin.py:188} INFO - [2024-06-13T14:58:34.238+0000] {dag.py:3954} INFO - Setting next_dagrun for example_dag_decorator to None, run_after=None
[2024-06-13T14:58:34.246+0000] {processor.py:183} INFO - Processing /home/airflow/.local/lib/python3.12/site-packages/airflow/example_dags/example_dag_decorator.py took 0.147 seconds
[2024-06-13T14:59:04.314+0000] {processor.py:161} INFO - Started process (PID=366) to work on /home/airflow/.local/lib/python3.12/site-packages/airflow/example_dags/example_dag_decorator.py
[2024-06-13T14:59:04.315+0000] {processor.py:830} INFO - Processing file /home/airflow/.local/lib/python3.12/site-packages/airflow/example_dags/example_dag_decorator.py for tasks to queue
[2024-06-13T14:59:04.317+0000] {logging_mixin.py:188} INFO - [2024-06-13T14:59:04.317+0000] {dagbag.py:545} INFO - Filling up the DagBag from /home/airflow/.local/lib/python3.12/site-packages/airflow/example_dags/example_dag_decorator.py
[2024-06-13T14:59:04.385+0000] {processor.py:840} INFO - DAG(s) 'example_dag_decorator' retrieved from /home/airflow/.local/lib/python3.12/site-packages/airflow/example_dags/example_dag_decorator.py
[2024-06-13T14:59:04.437+0000] {logging_mixin.py:188} INFO - [2024-06-13T14:59:04.437+0000] {dag.py:3096} INFO - Sync 1 DAGs
[2024-06-13T14:59:04.442+0000] {logging_mixin.py:188} INFO - [2024-06-13T14:59:04.442+0000] {dag.py:3954} INFO - Setting next_dagrun for example_dag_decorator to None, run_after=None
[2024-06-13T14:59:04.451+0000] {processor.py:183} INFO - Processing /home/airflow/.local/lib/python3.12/site-packages/airflow/example_dags/example_dag_decorator.py took 0.146 seconds
[2024-06-13T14:59:35.373+0000] {processor.py:161} INFO - Started process (PID=423) to work on /home/airflow/.local/lib/python3.12/site-packages/airflow/example_dags/example_dag_decorator.py
[2024-06-13T14:59:35.374+0000] {processor.py:830} INFO - Processing file /home/airflow/.local/lib/python3.12/site-packages/airflow/example_dags/example_dag_decorator.py for tasks to queue
[2024-06-13T14:59:35.377+0000] {logging_mixin.py:188} INFO - [2024-06-13T14:59:35.376+0000] {dagbag.py:545} INFO - Filling up the DagBag from /home/airflow/.local/lib/python3.12/site-packages/airflow/example_dags/example_dag_decorator.py
[2024-06-13T14:59:35.439+0000] {processor.py:840} INFO - DAG(s) 'example_dag_decorator' retrieved from /home/airflow/.local/lib/python3.12/site-packages/airflow/example_dags/example_dag_decorator.py
[2024-06-13T14:59:35.484+0000] {logging_mixin.py:188} INFO - [2024-06-13T14:59:35.484+0000] {dag.py:3096} INFO - Sync 1 DAGs
[2024-06-13T14:59:35.490+0000] {logging_mixin.py:188} INFO - [2024-06-13T14:59:35.490+0000] {dag.py:3954} INFO - Setting next_dagrun for example_dag_decorator to None, run_after=None
[2024-06-13T14:59:35.499+0000] {processor.py:183} INFO - Processing /home/airflow/.local/lib/python3.12/site-packages/airflow/example_dags/example_dag_decorator.py took 0.134 seconds
[2024-06-13T15:00:06.096+0000] {processor.py:161} INFO - Started process (PID=481) to work on /home/airflow/.local/lib/python3.12/site-packages/airflow/example_dags/example_dag_decorator.py
[2024-06-13T15:00:06.097+0000] {processor.py:830} INFO - Processing file /home/airflow/.local/lib/python3.12/site-packages/airflow/example_dags/example_dag_decorator.py for tasks to queue
[2024-06-13T15:00:06.100+0000] {logging_mixin.py:188} INFO - [2024-06-13T15:00:06.099+0000] {dagbag.py:545} INFO - Filling up the DagBag from /home/airflow/.local/lib/python3.12/site-packages/airflow/example_dags/example_dag_decorator.py
[2024-06-13T15:00:06.167+0000] {processor.py:840} INFO - DAG(s) 'example_dag_decorator' retrieved from /home/airflow/.local/lib/python3.12/site-packages/airflow/example_dags/example_dag_decorator.py
[2024-06-13T15:00:06.215+0000] {logging_mixin.py:188} INFO - [2024-06-13T15:00:06.215+0000] {dag.py:3096} INFO - Sync 1 DAGs
[2024-06-13T15:00:06.221+0000] {logging_mixin.py:188} INFO - [2024-06-13T15:00:06.221+0000] {dag.py:3954} INFO - Setting next_dagrun for example_dag_decorator to None, run_after=None
[2024-06-13T15:00:06.230+0000] {processor.py:183} INFO - Processing /home/airflow/.local/lib/python3.12/site-packages/airflow/example_dags/example_dag_decorator.py took 0.143 seconds
[2024-06-13T15:00:36.807+0000] {processor.py:161} INFO - Started process (PID=539) to work on /home/airflow/.local/lib/python3.12/site-packages/airflow/example_dags/example_dag_decorator.py
[2024-06-13T15:00:36.808+0000] {processor.py:830} INFO - Processing file /home/airflow/.local/lib/python3.12/site-packages/airflow/example_dags/example_dag_decorator.py for tasks to queue
[2024-06-13T15:00:36.810+0000] {logging_mixin.py:188} INFO - [2024-06-13T15:00:36.810+0000] {dagbag.py:545} INFO - Filling up the DagBag from /home/airflow/.local/lib/python3.12/site-packages/airflow/example_dags/example_dag_decorator.py
[2024-06-13T15:00:36.873+0000] {processor.py:840} INFO - DAG(s) 'example_dag_decorator' retrieved from /home/airflow/.local/lib/python3.12/site-packages/airflow/example_dags/example_dag_decorator.py
[2024-06-13T15:00:36.925+0000] {logging_mixin.py:188} INFO - [2024-06-13T15:00:36.925+0000] {dag.py:3096} INFO - Sync 1 DAGs
[2024-06-13T15:00:36.931+0000] {logging_mixin.py:188} INFO - [2024-06-13T15:00:36.931+0000] {dag.py:3954} INFO - Setting next_dagrun for example_dag_decorator to None, run_after=None
[2024-06-13T15:00:36.941+0000] {processor.py:183} INFO - Processing /home/airflow/.local/lib/python3.12/site-packages/airflow/example_dags/example_dag_decorator.py took 0.142 seconds
[2024-06-13T15:01:07.595+0000] {processor.py:161} INFO - Started process (PID=597) to work on /home/airflow/.local/lib/python3.12/site-packages/airflow/example_dags/example_dag_decorator.py
[2024-06-13T15:01:07.597+0000] {processor.py:830} INFO - Processing file /home/airflow/.local/lib/python3.12/site-packages/airflow/example_dags/example_dag_decorator.py for tasks to queue
[2024-06-13T15:01:07.599+0000] {logging_mixin.py:188} INFO - [2024-06-13T15:01:07.599+0000] {dagbag.py:545} INFO - Filling up the DagBag from /home/airflow/.local/lib/python3.12/site-packages/airflow/example_dags/example_dag_decorator.py
[2024-06-13T15:01:07.678+0000] {processor.py:840} INFO - DAG(s) 'example_dag_decorator' retrieved from /home/airflow/.local/lib/python3.12/site-packages/airflow/example_dags/example_dag_decorator.py
[2024-06-13T15:01:07.733+0000] {logging_mixin.py:188} INFO - [2024-06-13T15:01:07.732+0000] {dag.py:3096} INFO - Sync 1 DAGs
[2024-06-13T15:01:07.738+0000] {logging_mixin.py:188} INFO - [2024-06-13T15:01:07.738+0000] {dag.py:3954} INFO - Setting next_dagrun for example_dag_decorator to None, run_after=None
[2024-06-13T15:01:07.748+0000] {processor.py:183} INFO - Processing /home/airflow/.local/lib/python3.12/site-packages/airflow/example_dags/example_dag_decorator.py took 0.162 seconds
[2024-06-13T15:01:37.820+0000] {processor.py:161} INFO - Started process (PID=657) to work on /home/airflow/.local/lib/python3.12/site-packages/airflow/example_dags/example_dag_decorator.py
[2024-06-13T15:01:37.821+0000] {processor.py:830} INFO - Processing file /home/airflow/.local/lib/python3.12/site-packages/airflow/example_dags/example_dag_decorator.py for tasks to queue
[2024-06-13T15:01:37.822+0000] {logging_mixin.py:188} INFO - [2024-06-13T15:01:37.822+0000] {dagbag.py:545} INFO - Filling up the DagBag from /home/airflow/.local/lib/python3.12/site-packages/airflow/example_dags/example_dag_decorator.py
[2024-06-13T15:01:37.865+0000] {processor.py:840} INFO - DAG(s) 'example_dag_decorator' retrieved from /home/airflow/.local/lib/python3.12/site-packages/airflow/example_dags/example_dag_decorator.py
[2024-06-13T15:01:37.907+0000] {logging_mixin.py:188} INFO - [2024-06-13T15:01:37.907+0000] {dag.py:3096} INFO - Sync 1 DAGs
[2024-06-13T15:01:37.912+0000] {logging_mixin.py:188} INFO - [2024-06-13T15:01:37.911+0000] {dag.py:3954} INFO - Setting next_dagrun for example_dag_decorator to None, run_after=None
[2024-06-13T15:01:37.919+0000] {processor.py:183} INFO - Processing /home/airflow/.local/lib/python3.12/site-packages/airflow/example_dags/example_dag_decorator.py took 0.102 seconds
[2024-06-13T15:02:08.907+0000] {processor.py:161} INFO - Started process (PID=715) to work on /home/airflow/.local/lib/python3.12/site-packages/airflow/example_dags/example_dag_decorator.py
[2024-06-13T15:02:08.908+0000] {processor.py:830} INFO - Processing file /home/airflow/.local/lib/python3.12/site-packages/airflow/example_dags/example_dag_decorator.py for tasks to queue
[2024-06-13T15:02:08.910+0000] {logging_mixin.py:188} INFO - [2024-06-13T15:02:08.910+0000] {dagbag.py:545} INFO - Filling up the DagBag from /home/airflow/.local/lib/python3.12/site-packages/airflow/example_dags/example_dag_decorator.py
[2024-06-13T15:02:08.978+0000] {processor.py:840} INFO - DAG(s) 'example_dag_decorator' retrieved from /home/airflow/.local/lib/python3.12/site-packages/airflow/example_dags/example_dag_decorator.py
[2024-06-13T15:02:09.024+0000] {logging_mixin.py:188} INFO - [2024-06-13T15:02:09.024+0000] {dag.py:3096} INFO - Sync 1 DAGs
[2024-06-13T15:02:09.029+0000] {logging_mixin.py:188} INFO - [2024-06-13T15:02:09.028+0000] {dag.py:3954} INFO - Setting next_dagrun for example_dag_decorator to None, run_after=None
[2024-06-13T15:02:09.036+0000] {processor.py:183} INFO - Processing /home/airflow/.local/lib/python3.12/site-packages/airflow/example_dags/example_dag_decorator.py took 0.137 seconds
[2024-06-13T15:02:39.707+0000] {processor.py:161} INFO - Started process (PID=773) to work on /home/airflow/.local/lib/python3.12/site-packages/airflow/example_dags/example_dag_decorator.py
[2024-06-13T15:02:39.709+0000] {processor.py:830} INFO - Processing file /home/airflow/.local/lib/python3.12/site-packages/airflow/example_dags/example_dag_decorator.py for tasks to queue
[2024-06-13T15:02:39.711+0000] {logging_mixin.py:188} INFO - [2024-06-13T15:02:39.711+0000] {dagbag.py:545} INFO - Filling up the DagBag from /home/airflow/.local/lib/python3.12/site-packages/airflow/example_dags/example_dag_decorator.py
[2024-06-13T15:02:39.787+0000] {processor.py:840} INFO - DAG(s) 'example_dag_decorator' retrieved from /home/airflow/.local/lib/python3.12/site-packages/airflow/example_dags/example_dag_decorator.py
[2024-06-13T15:02:39.839+0000] {logging_mixin.py:188} INFO - [2024-06-13T15:02:39.839+0000] {dag.py:3096} INFO - Sync 1 DAGs
[2024-06-13T15:02:39.843+0000] {logging_mixin.py:188} INFO - [2024-06-13T15:02:39.843+0000] {dag.py:3954} INFO - Setting next_dagrun for example_dag_decorator to None, run_after=None
[2024-06-13T15:02:39.851+0000] {processor.py:183} INFO - Processing /home/airflow/.local/lib/python3.12/site-packages/airflow/example_dags/example_dag_decorator.py took 0.152 seconds
[2024-06-13T15:03:09.973+0000] {processor.py:161} INFO - Started process (PID=831) to work on /home/airflow/.local/lib/python3.12/site-packages/airflow/example_dags/example_dag_decorator.py
[2024-06-13T15:03:09.975+0000] {processor.py:830} INFO - Processing file /home/airflow/.local/lib/python3.12/site-packages/airflow/example_dags/example_dag_decorator.py for tasks to queue
[2024-06-13T15:03:09.977+0000] {logging_mixin.py:188} INFO - [2024-06-13T15:03:09.977+0000] {dagbag.py:545} INFO - Filling up the DagBag from /home/airflow/.local/lib/python3.12/site-packages/airflow/example_dags/example_dag_decorator.py
[2024-06-13T15:03:10.049+0000] {processor.py:840} INFO - DAG(s) 'example_dag_decorator' retrieved from /home/airflow/.local/lib/python3.12/site-packages/airflow/example_dags/example_dag_decorator.py
[2024-06-13T15:03:10.097+0000] {logging_mixin.py:188} INFO - [2024-06-13T15:03:10.097+0000] {dag.py:3096} INFO - Sync 1 DAGs
[2024-06-13T15:03:10.101+0000] {logging_mixin.py:188} INFO - [2024-06-13T15:03:10.101+0000] {dag.py:3954} INFO - Setting next_dagrun for example_dag_decorator to None, run_after=None
[2024-06-13T15:03:10.109+0000] {processor.py:183} INFO - Processing /home/airflow/.local/lib/python3.12/site-packages/airflow/example_dags/example_dag_decorator.py took 0.143 seconds
[2024-06-13T15:03:40.676+0000] {processor.py:161} INFO - Started process (PID=889) to work on /home/airflow/.local/lib/python3.12/site-packages/airflow/example_dags/example_dag_decorator.py
[2024-06-13T15:03:40.678+0000] {processor.py:830} INFO - Processing file /home/airflow/.local/lib/python3.12/site-packages/airflow/example_dags/example_dag_decorator.py for tasks to queue
[2024-06-13T15:03:40.680+0000] {logging_mixin.py:188} INFO - [2024-06-13T15:03:40.680+0000] {dagbag.py:545} INFO - Filling up the DagBag from /home/airflow/.local/lib/python3.12/site-packages/airflow/example_dags/example_dag_decorator.py
[2024-06-13T15:03:40.753+0000] {processor.py:840} INFO - DAG(s) 'example_dag_decorator' retrieved from /home/airflow/.local/lib/python3.12/site-packages/airflow/example_dags/example_dag_decorator.py
[2024-06-13T15:03:40.800+0000] {logging_mixin.py:188} INFO - [2024-06-13T15:03:40.800+0000] {dag.py:3096} INFO - Sync 1 DAGs
[2024-06-13T15:03:40.805+0000] {logging_mixin.py:188} INFO - [2024-06-13T15:03:40.805+0000] {dag.py:3954} INFO - Setting next_dagrun for example_dag_decorator to None, run_after=None
[2024-06-13T15:03:40.813+0000] {processor.py:183} INFO - Processing /home/airflow/.local/lib/python3.12/site-packages/airflow/example_dags/example_dag_decorator.py took 0.145 seconds
[2024-06-13T15:05:09.913+0000] {processor.py:161} INFO - Started process (PID=67) to work on /home/airflow/.local/lib/python3.12/site-packages/airflow/example_dags/example_dag_decorator.py
[2024-06-13T15:05:09.914+0000] {processor.py:830} INFO - Processing file /home/airflow/.local/lib/python3.12/site-packages/airflow/example_dags/example_dag_decorator.py for tasks to queue
[2024-06-13T15:05:09.916+0000] {logging_mixin.py:188} INFO - [2024-06-13T15:05:09.915+0000] {dagbag.py:545} INFO - Filling up the DagBag from /home/airflow/.local/lib/python3.12/site-packages/airflow/example_dags/example_dag_decorator.py
[2024-06-13T15:05:10.041+0000] {processor.py:840} INFO - DAG(s) 'example_dag_decorator' retrieved from /home/airflow/.local/lib/python3.12/site-packages/airflow/example_dags/example_dag_decorator.py
[2024-06-13T15:05:10.051+0000] {logging_mixin.py:188} INFO - [2024-06-13T15:05:10.051+0000] {dag.py:3096} INFO - Sync 1 DAGs
[2024-06-13T15:05:10.061+0000] {logging_mixin.py:188} INFO - [2024-06-13T15:05:10.061+0000] {dag.py:3954} INFO - Setting next_dagrun for example_dag_decorator to None, run_after=None
[2024-06-13T15:05:10.071+0000] {processor.py:183} INFO - Processing /home/airflow/.local/lib/python3.12/site-packages/airflow/example_dags/example_dag_decorator.py took 0.161 seconds
[2024-06-13T15:05:40.725+0000] {processor.py:161} INFO - Started process (PID=124) to work on /home/airflow/.local/lib/python3.12/site-packages/airflow/example_dags/example_dag_decorator.py
[2024-06-13T15:05:40.726+0000] {processor.py:830} INFO - Processing file /home/airflow/.local/lib/python3.12/site-packages/airflow/example_dags/example_dag_decorator.py for tasks to queue
[2024-06-13T15:05:40.727+0000] {logging_mixin.py:188} INFO - [2024-06-13T15:05:40.727+0000] {dagbag.py:545} INFO - Filling up the DagBag from /home/airflow/.local/lib/python3.12/site-packages/airflow/example_dags/example_dag_decorator.py
[2024-06-13T15:05:40.782+0000] {processor.py:840} INFO - DAG(s) 'example_dag_decorator' retrieved from /home/airflow/.local/lib/python3.12/site-packages/airflow/example_dags/example_dag_decorator.py
[2024-06-13T15:05:40.828+0000] {logging_mixin.py:188} INFO - [2024-06-13T15:05:40.828+0000] {dag.py:3096} INFO - Sync 1 DAGs
[2024-06-13T15:05:40.833+0000] {logging_mixin.py:188} INFO - [2024-06-13T15:05:40.833+0000] {dag.py:3954} INFO - Setting next_dagrun for example_dag_decorator to None, run_after=None
[2024-06-13T15:05:40.841+0000] {processor.py:183} INFO - Processing /home/airflow/.local/lib/python3.12/site-packages/airflow/example_dags/example_dag_decorator.py took 0.118 seconds
[2024-06-13T15:06:11.710+0000] {processor.py:161} INFO - Started process (PID=182) to work on /home/airflow/.local/lib/python3.12/site-packages/airflow/example_dags/example_dag_decorator.py
[2024-06-13T15:06:11.711+0000] {processor.py:830} INFO - Processing file /home/airflow/.local/lib/python3.12/site-packages/airflow/example_dags/example_dag_decorator.py for tasks to queue
[2024-06-13T15:06:11.712+0000] {logging_mixin.py:188} INFO - [2024-06-13T15:06:11.712+0000] {dagbag.py:545} INFO - Filling up the DagBag from /home/airflow/.local/lib/python3.12/site-packages/airflow/example_dags/example_dag_decorator.py
[2024-06-13T15:06:11.792+0000] {processor.py:840} INFO - DAG(s) 'example_dag_decorator' retrieved from /home/airflow/.local/lib/python3.12/site-packages/airflow/example_dags/example_dag_decorator.py
[2024-06-13T15:06:11.994+0000] {logging_mixin.py:188} INFO - [2024-06-13T15:06:11.993+0000] {dag.py:3096} INFO - Sync 1 DAGs
[2024-06-13T15:06:12.014+0000] {logging_mixin.py:188} INFO - [2024-06-13T15:06:12.013+0000] {dag.py:3954} INFO - Setting next_dagrun for example_dag_decorator to None, run_after=None
[2024-06-13T15:06:12.050+0000] {processor.py:183} INFO - Processing /home/airflow/.local/lib/python3.12/site-packages/airflow/example_dags/example_dag_decorator.py took 0.345 seconds
[2024-06-13T15:06:42.095+0000] {processor.py:161} INFO - Started process (PID=242) to work on /home/airflow/.local/lib/python3.12/site-packages/airflow/example_dags/example_dag_decorator.py
[2024-06-13T15:06:42.095+0000] {processor.py:830} INFO - Processing file /home/airflow/.local/lib/python3.12/site-packages/airflow/example_dags/example_dag_decorator.py for tasks to queue
[2024-06-13T15:06:42.096+0000] {logging_mixin.py:188} INFO - [2024-06-13T15:06:42.096+0000] {dagbag.py:545} INFO - Filling up the DagBag from /home/airflow/.local/lib/python3.12/site-packages/airflow/example_dags/example_dag_decorator.py
[2024-06-13T15:06:42.157+0000] {processor.py:840} INFO - DAG(s) 'example_dag_decorator' retrieved from /home/airflow/.local/lib/python3.12/site-packages/airflow/example_dags/example_dag_decorator.py
[2024-06-13T15:06:42.234+0000] {logging_mixin.py:188} INFO - [2024-06-13T15:06:42.234+0000] {dag.py:3096} INFO - Sync 1 DAGs
[2024-06-13T15:06:42.242+0000] {logging_mixin.py:188} INFO - [2024-06-13T15:06:42.241+0000] {dag.py:3954} INFO - Setting next_dagrun for example_dag_decorator to None, run_after=None
[2024-06-13T15:06:42.258+0000] {processor.py:183} INFO - Processing /home/airflow/.local/lib/python3.12/site-packages/airflow/example_dags/example_dag_decorator.py took 0.165 seconds
[2024-06-13T15:07:12.278+0000] {processor.py:161} INFO - Started process (PID=300) to work on /home/airflow/.local/lib/python3.12/site-packages/airflow/example_dags/example_dag_decorator.py
[2024-06-13T15:07:12.278+0000] {processor.py:830} INFO - Processing file /home/airflow/.local/lib/python3.12/site-packages/airflow/example_dags/example_dag_decorator.py for tasks to queue
[2024-06-13T15:07:12.279+0000] {logging_mixin.py:188} INFO - [2024-06-13T15:07:12.279+0000] {dagbag.py:545} INFO - Filling up the DagBag from /home/airflow/.local/lib/python3.12/site-packages/airflow/example_dags/example_dag_decorator.py
[2024-06-13T15:07:12.346+0000] {processor.py:840} INFO - DAG(s) 'example_dag_decorator' retrieved from /home/airflow/.local/lib/python3.12/site-packages/airflow/example_dags/example_dag_decorator.py
[2024-06-13T15:07:12.408+0000] {logging_mixin.py:188} INFO - [2024-06-13T15:07:12.408+0000] {dag.py:3096} INFO - Sync 1 DAGs
[2024-06-13T15:07:12.416+0000] {logging_mixin.py:188} INFO - [2024-06-13T15:07:12.416+0000] {dag.py:3954} INFO - Setting next_dagrun for example_dag_decorator to None, run_after=None
[2024-06-13T15:07:12.433+0000] {processor.py:183} INFO - Processing /home/airflow/.local/lib/python3.12/site-packages/airflow/example_dags/example_dag_decorator.py took 0.158 seconds
[2024-06-13T15:07:42.516+0000] {processor.py:161} INFO - Started process (PID=358) to work on /home/airflow/.local/lib/python3.12/site-packages/airflow/example_dags/example_dag_decorator.py
[2024-06-13T15:07:42.517+0000] {processor.py:830} INFO - Processing file /home/airflow/.local/lib/python3.12/site-packages/airflow/example_dags/example_dag_decorator.py for tasks to queue
[2024-06-13T15:07:42.517+0000] {logging_mixin.py:188} INFO - [2024-06-13T15:07:42.517+0000] {dagbag.py:545} INFO - Filling up the DagBag from /home/airflow/.local/lib/python3.12/site-packages/airflow/example_dags/example_dag_decorator.py
[2024-06-13T15:07:42.583+0000] {processor.py:840} INFO - DAG(s) 'example_dag_decorator' retrieved from /home/airflow/.local/lib/python3.12/site-packages/airflow/example_dags/example_dag_decorator.py
[2024-06-13T15:07:42.662+0000] {logging_mixin.py:188} INFO - [2024-06-13T15:07:42.662+0000] {dag.py:3096} INFO - Sync 1 DAGs
[2024-06-13T15:07:42.667+0000] {logging_mixin.py:188} INFO - [2024-06-13T15:07:42.667+0000] {dag.py:3954} INFO - Setting next_dagrun for example_dag_decorator to None, run_after=None
[2024-06-13T15:07:42.676+0000] {processor.py:183} INFO - Processing /home/airflow/.local/lib/python3.12/site-packages/airflow/example_dags/example_dag_decorator.py took 0.164 seconds
