[2024-06-13T14:56:14.364+0000] {processor.py:161} INFO - Started process (PID=30) to work on /home/airflow/.local/lib/python3.12/site-packages/airflow/example_dags/example_branch_python_dop_operator_3.py
[2024-06-13T14:56:14.374+0000] {processor.py:830} INFO - Processing file /home/airflow/.local/lib/python3.12/site-packages/airflow/example_dags/example_branch_python_dop_operator_3.py for tasks to queue
[2024-06-13T14:56:14.382+0000] {logging_mixin.py:188} INFO - [2024-06-13T14:56:14.382+0000] {dagbag.py:545} INFO - Filling up the DagBag from /home/airflow/.local/lib/python3.12/site-packages/airflow/example_dags/example_branch_python_dop_operator_3.py
[2024-06-13T14:56:14.417+0000] {processor.py:840} INFO - DAG(s) 'example_branch_dop_operator_v3' retrieved from /home/airflow/.local/lib/python3.12/site-packages/airflow/example_dags/example_branch_python_dop_operator_3.py
[2024-06-13T14:56:14.826+0000] {logging_mixin.py:188} INFO - [2024-06-13T14:56:14.825+0000] {override.py:1829} INFO - Created Permission View: can read on DAG:example_branch_dop_operator_v3
[2024-06-13T14:56:14.841+0000] {logging_mixin.py:188} INFO - [2024-06-13T14:56:14.841+0000] {override.py:1829} INFO - Created Permission View: can delete on DAG:example_branch_dop_operator_v3
[2024-06-13T14:56:14.857+0000] {logging_mixin.py:188} INFO - [2024-06-13T14:56:14.856+0000] {override.py:1829} INFO - Created Permission View: can edit on DAG:example_branch_dop_operator_v3
[2024-06-13T14:56:14.863+0000] {logging_mixin.py:188} INFO - [2024-06-13T14:56:14.861+0000] {dag.py:3096} INFO - Sync 1 DAGs
[2024-06-13T14:56:14.905+0000] {logging_mixin.py:188} INFO - [2024-06-13T14:56:14.905+0000] {dag.py:3118} INFO - Creating ORM DAG for example_branch_dop_operator_v3
[2024-06-13T14:56:14.970+0000] {logging_mixin.py:188} INFO - [2024-06-13T14:56:14.970+0000] {dag.py:3954} INFO - Setting next_dagrun for example_branch_dop_operator_v3 to 2024-06-13 14:55:00+00:00, run_after=2024-06-13 14:56:00+00:00
[2024-06-13T14:56:15.005+0000] {processor.py:183} INFO - Processing /home/airflow/.local/lib/python3.12/site-packages/airflow/example_dags/example_branch_python_dop_operator_3.py took 0.664 seconds
[2024-06-13T14:56:45.664+0000] {processor.py:161} INFO - Started process (PID=88) to work on /home/airflow/.local/lib/python3.12/site-packages/airflow/example_dags/example_branch_python_dop_operator_3.py
[2024-06-13T14:56:45.698+0000] {processor.py:830} INFO - Processing file /home/airflow/.local/lib/python3.12/site-packages/airflow/example_dags/example_branch_python_dop_operator_3.py for tasks to queue
[2024-06-13T14:56:45.743+0000] {logging_mixin.py:188} INFO - [2024-06-13T14:56:45.733+0000] {dagbag.py:545} INFO - Filling up the DagBag from /home/airflow/.local/lib/python3.12/site-packages/airflow/example_dags/example_branch_python_dop_operator_3.py
[2024-06-13T14:56:46.041+0000] {processor.py:840} INFO - DAG(s) 'example_branch_dop_operator_v3' retrieved from /home/airflow/.local/lib/python3.12/site-packages/airflow/example_dags/example_branch_python_dop_operator_3.py
[2024-06-13T14:56:46.453+0000] {logging_mixin.py:188} INFO - [2024-06-13T14:56:46.450+0000] {dag.py:3096} INFO - Sync 1 DAGs
[2024-06-13T14:56:46.662+0000] {logging_mixin.py:188} INFO - [2024-06-13T14:56:46.662+0000] {dag.py:3954} INFO - Setting next_dagrun for example_branch_dop_operator_v3 to 2024-06-13 14:55:00+00:00, run_after=2024-06-13 14:56:00+00:00
[2024-06-13T14:56:46.808+0000] {processor.py:183} INFO - Processing /home/airflow/.local/lib/python3.12/site-packages/airflow/example_dags/example_branch_python_dop_operator_3.py took 1.326 seconds
[2024-06-13T14:57:17.516+0000] {processor.py:161} INFO - Started process (PID=146) to work on /home/airflow/.local/lib/python3.12/site-packages/airflow/example_dags/example_branch_python_dop_operator_3.py
[2024-06-13T14:57:17.526+0000] {processor.py:830} INFO - Processing file /home/airflow/.local/lib/python3.12/site-packages/airflow/example_dags/example_branch_python_dop_operator_3.py for tasks to queue
[2024-06-13T14:57:17.623+0000] {logging_mixin.py:188} INFO - [2024-06-13T14:57:17.618+0000] {dagbag.py:545} INFO - Filling up the DagBag from /home/airflow/.local/lib/python3.12/site-packages/airflow/example_dags/example_branch_python_dop_operator_3.py
[2024-06-13T14:57:17.857+0000] {processor.py:840} INFO - DAG(s) 'example_branch_dop_operator_v3' retrieved from /home/airflow/.local/lib/python3.12/site-packages/airflow/example_dags/example_branch_python_dop_operator_3.py
[2024-06-13T14:57:18.161+0000] {logging_mixin.py:188} INFO - [2024-06-13T14:57:18.161+0000] {dag.py:3096} INFO - Sync 1 DAGs
[2024-06-13T14:57:18.346+0000] {logging_mixin.py:188} INFO - [2024-06-13T14:57:18.345+0000] {dag.py:3954} INFO - Setting next_dagrun for example_branch_dop_operator_v3 to 2024-06-13 14:56:00+00:00, run_after=2024-06-13 14:57:00+00:00
[2024-06-13T14:57:18.397+0000] {processor.py:183} INFO - Processing /home/airflow/.local/lib/python3.12/site-packages/airflow/example_dags/example_branch_python_dop_operator_3.py took 0.952 seconds
[2024-06-13T14:57:48.992+0000] {processor.py:161} INFO - Started process (PID=204) to work on /home/airflow/.local/lib/python3.12/site-packages/airflow/example_dags/example_branch_python_dop_operator_3.py
[2024-06-13T14:57:49.011+0000] {processor.py:830} INFO - Processing file /home/airflow/.local/lib/python3.12/site-packages/airflow/example_dags/example_branch_python_dop_operator_3.py for tasks to queue
[2024-06-13T14:57:49.029+0000] {logging_mixin.py:188} INFO - [2024-06-13T14:57:49.027+0000] {dagbag.py:545} INFO - Filling up the DagBag from /home/airflow/.local/lib/python3.12/site-packages/airflow/example_dags/example_branch_python_dop_operator_3.py
[2024-06-13T14:57:49.088+0000] {processor.py:840} INFO - DAG(s) 'example_branch_dop_operator_v3' retrieved from /home/airflow/.local/lib/python3.12/site-packages/airflow/example_dags/example_branch_python_dop_operator_3.py
[2024-06-13T14:57:49.154+0000] {logging_mixin.py:188} INFO - [2024-06-13T14:57:49.154+0000] {dag.py:3096} INFO - Sync 1 DAGs
[2024-06-13T14:57:49.238+0000] {logging_mixin.py:188} INFO - [2024-06-13T14:57:49.237+0000] {dag.py:3954} INFO - Setting next_dagrun for example_branch_dop_operator_v3 to 2024-06-13 14:56:00+00:00, run_after=2024-06-13 14:57:00+00:00
[2024-06-13T14:57:49.298+0000] {processor.py:183} INFO - Processing /home/airflow/.local/lib/python3.12/site-packages/airflow/example_dags/example_branch_python_dop_operator_3.py took 0.363 seconds
[2024-06-13T14:58:19.852+0000] {processor.py:161} INFO - Started process (PID=262) to work on /home/airflow/.local/lib/python3.12/site-packages/airflow/example_dags/example_branch_python_dop_operator_3.py
[2024-06-13T14:58:19.854+0000] {processor.py:830} INFO - Processing file /home/airflow/.local/lib/python3.12/site-packages/airflow/example_dags/example_branch_python_dop_operator_3.py for tasks to queue
[2024-06-13T14:58:19.857+0000] {logging_mixin.py:188} INFO - [2024-06-13T14:58:19.856+0000] {dagbag.py:545} INFO - Filling up the DagBag from /home/airflow/.local/lib/python3.12/site-packages/airflow/example_dags/example_branch_python_dop_operator_3.py
[2024-06-13T14:58:19.867+0000] {processor.py:840} INFO - DAG(s) 'example_branch_dop_operator_v3' retrieved from /home/airflow/.local/lib/python3.12/site-packages/airflow/example_dags/example_branch_python_dop_operator_3.py
[2024-06-13T14:58:19.885+0000] {logging_mixin.py:188} INFO - [2024-06-13T14:58:19.884+0000] {dag.py:3096} INFO - Sync 1 DAGs
[2024-06-13T14:58:19.899+0000] {logging_mixin.py:188} INFO - [2024-06-13T14:58:19.899+0000] {dag.py:3954} INFO - Setting next_dagrun for example_branch_dop_operator_v3 to 2024-06-13 14:57:00+00:00, run_after=2024-06-13 14:58:00+00:00
[2024-06-13T14:58:19.908+0000] {processor.py:183} INFO - Processing /home/airflow/.local/lib/python3.12/site-packages/airflow/example_dags/example_branch_python_dop_operator_3.py took 0.065 seconds
[2024-06-13T14:58:49.925+0000] {processor.py:161} INFO - Started process (PID=320) to work on /home/airflow/.local/lib/python3.12/site-packages/airflow/example_dags/example_branch_python_dop_operator_3.py
[2024-06-13T14:58:49.926+0000] {processor.py:830} INFO - Processing file /home/airflow/.local/lib/python3.12/site-packages/airflow/example_dags/example_branch_python_dop_operator_3.py for tasks to queue
[2024-06-13T14:58:49.928+0000] {logging_mixin.py:188} INFO - [2024-06-13T14:58:49.928+0000] {dagbag.py:545} INFO - Filling up the DagBag from /home/airflow/.local/lib/python3.12/site-packages/airflow/example_dags/example_branch_python_dop_operator_3.py
[2024-06-13T14:58:49.934+0000] {processor.py:840} INFO - DAG(s) 'example_branch_dop_operator_v3' retrieved from /home/airflow/.local/lib/python3.12/site-packages/airflow/example_dags/example_branch_python_dop_operator_3.py
[2024-06-13T14:58:49.948+0000] {logging_mixin.py:188} INFO - [2024-06-13T14:58:49.948+0000] {dag.py:3096} INFO - Sync 1 DAGs
[2024-06-13T14:58:49.961+0000] {logging_mixin.py:188} INFO - [2024-06-13T14:58:49.961+0000] {dag.py:3954} INFO - Setting next_dagrun for example_branch_dop_operator_v3 to 2024-06-13 14:57:00+00:00, run_after=2024-06-13 14:58:00+00:00
[2024-06-13T14:58:49.970+0000] {processor.py:183} INFO - Processing /home/airflow/.local/lib/python3.12/site-packages/airflow/example_dags/example_branch_python_dop_operator_3.py took 0.049 seconds
[2024-06-13T14:59:20.815+0000] {processor.py:161} INFO - Started process (PID=377) to work on /home/airflow/.local/lib/python3.12/site-packages/airflow/example_dags/example_branch_python_dop_operator_3.py
[2024-06-13T14:59:20.816+0000] {processor.py:830} INFO - Processing file /home/airflow/.local/lib/python3.12/site-packages/airflow/example_dags/example_branch_python_dop_operator_3.py for tasks to queue
[2024-06-13T14:59:20.817+0000] {logging_mixin.py:188} INFO - [2024-06-13T14:59:20.817+0000] {dagbag.py:545} INFO - Filling up the DagBag from /home/airflow/.local/lib/python3.12/site-packages/airflow/example_dags/example_branch_python_dop_operator_3.py
[2024-06-13T14:59:20.823+0000] {processor.py:840} INFO - DAG(s) 'example_branch_dop_operator_v3' retrieved from /home/airflow/.local/lib/python3.12/site-packages/airflow/example_dags/example_branch_python_dop_operator_3.py
[2024-06-13T14:59:20.836+0000] {logging_mixin.py:188} INFO - [2024-06-13T14:59:20.836+0000] {dag.py:3096} INFO - Sync 1 DAGs
[2024-06-13T14:59:20.852+0000] {logging_mixin.py:188} INFO - [2024-06-13T14:59:20.851+0000] {dag.py:3954} INFO - Setting next_dagrun for example_branch_dop_operator_v3 to 2024-06-13 14:58:00+00:00, run_after=2024-06-13 14:59:00+00:00
[2024-06-13T14:59:20.863+0000] {processor.py:183} INFO - Processing /home/airflow/.local/lib/python3.12/site-packages/airflow/example_dags/example_branch_python_dop_operator_3.py took 0.051 seconds
[2024-06-13T14:59:51.862+0000] {processor.py:161} INFO - Started process (PID=434) to work on /home/airflow/.local/lib/python3.12/site-packages/airflow/example_dags/example_branch_python_dop_operator_3.py
[2024-06-13T14:59:51.863+0000] {processor.py:830} INFO - Processing file /home/airflow/.local/lib/python3.12/site-packages/airflow/example_dags/example_branch_python_dop_operator_3.py for tasks to queue
[2024-06-13T14:59:51.864+0000] {logging_mixin.py:188} INFO - [2024-06-13T14:59:51.864+0000] {dagbag.py:545} INFO - Filling up the DagBag from /home/airflow/.local/lib/python3.12/site-packages/airflow/example_dags/example_branch_python_dop_operator_3.py
[2024-06-13T14:59:51.871+0000] {processor.py:840} INFO - DAG(s) 'example_branch_dop_operator_v3' retrieved from /home/airflow/.local/lib/python3.12/site-packages/airflow/example_dags/example_branch_python_dop_operator_3.py
[2024-06-13T14:59:51.884+0000] {logging_mixin.py:188} INFO - [2024-06-13T14:59:51.884+0000] {dag.py:3096} INFO - Sync 1 DAGs
[2024-06-13T14:59:51.898+0000] {logging_mixin.py:188} INFO - [2024-06-13T14:59:51.898+0000] {dag.py:3954} INFO - Setting next_dagrun for example_branch_dop_operator_v3 to 2024-06-13 14:58:00+00:00, run_after=2024-06-13 14:59:00+00:00
[2024-06-13T14:59:51.907+0000] {processor.py:183} INFO - Processing /home/airflow/.local/lib/python3.12/site-packages/airflow/example_dags/example_branch_python_dop_operator_3.py took 0.050 seconds
[2024-06-13T15:00:22.603+0000] {processor.py:161} INFO - Started process (PID=492) to work on /home/airflow/.local/lib/python3.12/site-packages/airflow/example_dags/example_branch_python_dop_operator_3.py
[2024-06-13T15:00:22.604+0000] {processor.py:830} INFO - Processing file /home/airflow/.local/lib/python3.12/site-packages/airflow/example_dags/example_branch_python_dop_operator_3.py for tasks to queue
[2024-06-13T15:00:22.606+0000] {logging_mixin.py:188} INFO - [2024-06-13T15:00:22.606+0000] {dagbag.py:545} INFO - Filling up the DagBag from /home/airflow/.local/lib/python3.12/site-packages/airflow/example_dags/example_branch_python_dop_operator_3.py
[2024-06-13T15:00:22.614+0000] {processor.py:840} INFO - DAG(s) 'example_branch_dop_operator_v3' retrieved from /home/airflow/.local/lib/python3.12/site-packages/airflow/example_dags/example_branch_python_dop_operator_3.py
[2024-06-13T15:00:22.629+0000] {logging_mixin.py:188} INFO - [2024-06-13T15:00:22.629+0000] {dag.py:3096} INFO - Sync 1 DAGs
[2024-06-13T15:00:22.642+0000] {logging_mixin.py:188} INFO - [2024-06-13T15:00:22.642+0000] {dag.py:3954} INFO - Setting next_dagrun for example_branch_dop_operator_v3 to 2024-06-13 14:59:00+00:00, run_after=2024-06-13 15:00:00+00:00
[2024-06-13T15:00:22.652+0000] {processor.py:183} INFO - Processing /home/airflow/.local/lib/python3.12/site-packages/airflow/example_dags/example_branch_python_dop_operator_3.py took 0.056 seconds
[2024-06-13T15:00:53.322+0000] {processor.py:161} INFO - Started process (PID=550) to work on /home/airflow/.local/lib/python3.12/site-packages/airflow/example_dags/example_branch_python_dop_operator_3.py
[2024-06-13T15:00:53.323+0000] {processor.py:830} INFO - Processing file /home/airflow/.local/lib/python3.12/site-packages/airflow/example_dags/example_branch_python_dop_operator_3.py for tasks to queue
[2024-06-13T15:00:53.324+0000] {logging_mixin.py:188} INFO - [2024-06-13T15:00:53.324+0000] {dagbag.py:545} INFO - Filling up the DagBag from /home/airflow/.local/lib/python3.12/site-packages/airflow/example_dags/example_branch_python_dop_operator_3.py
[2024-06-13T15:00:53.330+0000] {processor.py:840} INFO - DAG(s) 'example_branch_dop_operator_v3' retrieved from /home/airflow/.local/lib/python3.12/site-packages/airflow/example_dags/example_branch_python_dop_operator_3.py
[2024-06-13T15:00:53.344+0000] {logging_mixin.py:188} INFO - [2024-06-13T15:00:53.344+0000] {dag.py:3096} INFO - Sync 1 DAGs
[2024-06-13T15:00:53.359+0000] {logging_mixin.py:188} INFO - [2024-06-13T15:00:53.359+0000] {dag.py:3954} INFO - Setting next_dagrun for example_branch_dop_operator_v3 to 2024-06-13 14:59:00+00:00, run_after=2024-06-13 15:00:00+00:00
[2024-06-13T15:00:53.370+0000] {processor.py:183} INFO - Processing /home/airflow/.local/lib/python3.12/site-packages/airflow/example_dags/example_branch_python_dop_operator_3.py took 0.052 seconds
[2024-06-13T15:01:24.173+0000] {processor.py:161} INFO - Started process (PID=608) to work on /home/airflow/.local/lib/python3.12/site-packages/airflow/example_dags/example_branch_python_dop_operator_3.py
[2024-06-13T15:01:24.174+0000] {processor.py:830} INFO - Processing file /home/airflow/.local/lib/python3.12/site-packages/airflow/example_dags/example_branch_python_dop_operator_3.py for tasks to queue
[2024-06-13T15:01:24.175+0000] {logging_mixin.py:188} INFO - [2024-06-13T15:01:24.175+0000] {dagbag.py:545} INFO - Filling up the DagBag from /home/airflow/.local/lib/python3.12/site-packages/airflow/example_dags/example_branch_python_dop_operator_3.py
[2024-06-13T15:01:24.180+0000] {processor.py:840} INFO - DAG(s) 'example_branch_dop_operator_v3' retrieved from /home/airflow/.local/lib/python3.12/site-packages/airflow/example_dags/example_branch_python_dop_operator_3.py
[2024-06-13T15:01:24.193+0000] {logging_mixin.py:188} INFO - [2024-06-13T15:01:24.193+0000] {dag.py:3096} INFO - Sync 1 DAGs
[2024-06-13T15:01:24.210+0000] {logging_mixin.py:188} INFO - [2024-06-13T15:01:24.210+0000] {dag.py:3954} INFO - Setting next_dagrun for example_branch_dop_operator_v3 to 2024-06-13 15:00:00+00:00, run_after=2024-06-13 15:01:00+00:00
[2024-06-13T15:01:24.222+0000] {processor.py:183} INFO - Processing /home/airflow/.local/lib/python3.12/site-packages/airflow/example_dags/example_branch_python_dop_operator_3.py took 0.052 seconds
[2024-06-13T15:01:54.357+0000] {processor.py:161} INFO - Started process (PID=666) to work on /home/airflow/.local/lib/python3.12/site-packages/airflow/example_dags/example_branch_python_dop_operator_3.py
[2024-06-13T15:01:54.358+0000] {processor.py:830} INFO - Processing file /home/airflow/.local/lib/python3.12/site-packages/airflow/example_dags/example_branch_python_dop_operator_3.py for tasks to queue
[2024-06-13T15:01:54.360+0000] {logging_mixin.py:188} INFO - [2024-06-13T15:01:54.360+0000] {dagbag.py:545} INFO - Filling up the DagBag from /home/airflow/.local/lib/python3.12/site-packages/airflow/example_dags/example_branch_python_dop_operator_3.py
[2024-06-13T15:01:54.369+0000] {processor.py:840} INFO - DAG(s) 'example_branch_dop_operator_v3' retrieved from /home/airflow/.local/lib/python3.12/site-packages/airflow/example_dags/example_branch_python_dop_operator_3.py
[2024-06-13T15:01:54.386+0000] {logging_mixin.py:188} INFO - [2024-06-13T15:01:54.386+0000] {dag.py:3096} INFO - Sync 1 DAGs
[2024-06-13T15:01:54.400+0000] {logging_mixin.py:188} INFO - [2024-06-13T15:01:54.400+0000] {dag.py:3954} INFO - Setting next_dagrun for example_branch_dop_operator_v3 to 2024-06-13 15:00:00+00:00, run_after=2024-06-13 15:01:00+00:00
[2024-06-13T15:01:54.409+0000] {processor.py:183} INFO - Processing /home/airflow/.local/lib/python3.12/site-packages/airflow/example_dags/example_branch_python_dop_operator_3.py took 0.061 seconds
[2024-06-13T15:02:25.388+0000] {processor.py:161} INFO - Started process (PID=724) to work on /home/airflow/.local/lib/python3.12/site-packages/airflow/example_dags/example_branch_python_dop_operator_3.py
[2024-06-13T15:02:25.389+0000] {processor.py:830} INFO - Processing file /home/airflow/.local/lib/python3.12/site-packages/airflow/example_dags/example_branch_python_dop_operator_3.py for tasks to queue
[2024-06-13T15:02:25.391+0000] {logging_mixin.py:188} INFO - [2024-06-13T15:02:25.391+0000] {dagbag.py:545} INFO - Filling up the DagBag from /home/airflow/.local/lib/python3.12/site-packages/airflow/example_dags/example_branch_python_dop_operator_3.py
[2024-06-13T15:02:25.400+0000] {processor.py:840} INFO - DAG(s) 'example_branch_dop_operator_v3' retrieved from /home/airflow/.local/lib/python3.12/site-packages/airflow/example_dags/example_branch_python_dop_operator_3.py
[2024-06-13T15:02:25.417+0000] {logging_mixin.py:188} INFO - [2024-06-13T15:02:25.416+0000] {dag.py:3096} INFO - Sync 1 DAGs
[2024-06-13T15:02:25.431+0000] {logging_mixin.py:188} INFO - [2024-06-13T15:02:25.430+0000] {dag.py:3954} INFO - Setting next_dagrun for example_branch_dop_operator_v3 to 2024-06-13 15:01:00+00:00, run_after=2024-06-13 15:02:00+00:00
[2024-06-13T15:02:25.440+0000] {processor.py:183} INFO - Processing /home/airflow/.local/lib/python3.12/site-packages/airflow/example_dags/example_branch_python_dop_operator_3.py took 0.060 seconds
[2024-06-13T15:02:56.220+0000] {processor.py:161} INFO - Started process (PID=782) to work on /home/airflow/.local/lib/python3.12/site-packages/airflow/example_dags/example_branch_python_dop_operator_3.py
[2024-06-13T15:02:56.221+0000] {processor.py:830} INFO - Processing file /home/airflow/.local/lib/python3.12/site-packages/airflow/example_dags/example_branch_python_dop_operator_3.py for tasks to queue
[2024-06-13T15:02:56.223+0000] {logging_mixin.py:188} INFO - [2024-06-13T15:02:56.223+0000] {dagbag.py:545} INFO - Filling up the DagBag from /home/airflow/.local/lib/python3.12/site-packages/airflow/example_dags/example_branch_python_dop_operator_3.py
[2024-06-13T15:02:56.234+0000] {processor.py:840} INFO - DAG(s) 'example_branch_dop_operator_v3' retrieved from /home/airflow/.local/lib/python3.12/site-packages/airflow/example_dags/example_branch_python_dop_operator_3.py
[2024-06-13T15:02:56.252+0000] {logging_mixin.py:188} INFO - [2024-06-13T15:02:56.252+0000] {dag.py:3096} INFO - Sync 1 DAGs
[2024-06-13T15:02:56.267+0000] {logging_mixin.py:188} INFO - [2024-06-13T15:02:56.267+0000] {dag.py:3954} INFO - Setting next_dagrun for example_branch_dop_operator_v3 to 2024-06-13 15:01:00+00:00, run_after=2024-06-13 15:02:00+00:00
[2024-06-13T15:02:56.276+0000] {processor.py:183} INFO - Processing /home/airflow/.local/lib/python3.12/site-packages/airflow/example_dags/example_branch_python_dop_operator_3.py took 0.067 seconds
[2024-06-13T15:03:26.439+0000] {processor.py:161} INFO - Started process (PID=840) to work on /home/airflow/.local/lib/python3.12/site-packages/airflow/example_dags/example_branch_python_dop_operator_3.py
[2024-06-13T15:03:26.440+0000] {processor.py:830} INFO - Processing file /home/airflow/.local/lib/python3.12/site-packages/airflow/example_dags/example_branch_python_dop_operator_3.py for tasks to queue
[2024-06-13T15:03:26.442+0000] {logging_mixin.py:188} INFO - [2024-06-13T15:03:26.442+0000] {dagbag.py:545} INFO - Filling up the DagBag from /home/airflow/.local/lib/python3.12/site-packages/airflow/example_dags/example_branch_python_dop_operator_3.py
[2024-06-13T15:03:26.450+0000] {processor.py:840} INFO - DAG(s) 'example_branch_dop_operator_v3' retrieved from /home/airflow/.local/lib/python3.12/site-packages/airflow/example_dags/example_branch_python_dop_operator_3.py
[2024-06-13T15:03:26.466+0000] {logging_mixin.py:188} INFO - [2024-06-13T15:03:26.466+0000] {dag.py:3096} INFO - Sync 1 DAGs
[2024-06-13T15:03:26.482+0000] {logging_mixin.py:188} INFO - [2024-06-13T15:03:26.482+0000] {dag.py:3954} INFO - Setting next_dagrun for example_branch_dop_operator_v3 to 2024-06-13 15:02:00+00:00, run_after=2024-06-13 15:03:00+00:00
[2024-06-13T15:03:26.491+0000] {processor.py:183} INFO - Processing /home/airflow/.local/lib/python3.12/site-packages/airflow/example_dags/example_branch_python_dop_operator_3.py took 0.061 seconds
[2024-06-13T15:05:07.272+0000] {processor.py:161} INFO - Started process (PID=29) to work on /home/airflow/.local/lib/python3.12/site-packages/airflow/example_dags/example_branch_python_dop_operator_3.py
[2024-06-13T15:05:07.274+0000] {processor.py:830} INFO - Processing file /home/airflow/.local/lib/python3.12/site-packages/airflow/example_dags/example_branch_python_dop_operator_3.py for tasks to queue
[2024-06-13T15:05:07.277+0000] {logging_mixin.py:188} INFO - [2024-06-13T15:05:07.276+0000] {dagbag.py:545} INFO - Filling up the DagBag from /home/airflow/.local/lib/python3.12/site-packages/airflow/example_dags/example_branch_python_dop_operator_3.py
[2024-06-13T15:05:07.304+0000] {processor.py:840} INFO - DAG(s) 'example_branch_dop_operator_v3' retrieved from /home/airflow/.local/lib/python3.12/site-packages/airflow/example_dags/example_branch_python_dop_operator_3.py
[2024-06-13T15:05:07.353+0000] {logging_mixin.py:188} INFO - [2024-06-13T15:05:07.353+0000] {dag.py:3096} INFO - Sync 1 DAGs
[2024-06-13T15:05:07.428+0000] {logging_mixin.py:188} INFO - [2024-06-13T15:05:07.427+0000] {dag.py:3954} INFO - Setting next_dagrun for example_branch_dop_operator_v3 to 2024-06-13 15:04:00+00:00, run_after=2024-06-13 15:05:00+00:00
[2024-06-13T15:05:07.476+0000] {processor.py:183} INFO - Processing /home/airflow/.local/lib/python3.12/site-packages/airflow/example_dags/example_branch_python_dop_operator_3.py took 0.211 seconds
[2024-06-13T15:05:37.715+0000] {processor.py:161} INFO - Started process (PID=86) to work on /home/airflow/.local/lib/python3.12/site-packages/airflow/example_dags/example_branch_python_dop_operator_3.py
[2024-06-13T15:05:37.718+0000] {processor.py:830} INFO - Processing file /home/airflow/.local/lib/python3.12/site-packages/airflow/example_dags/example_branch_python_dop_operator_3.py for tasks to queue
[2024-06-13T15:05:37.729+0000] {logging_mixin.py:188} INFO - [2024-06-13T15:05:37.729+0000] {dagbag.py:545} INFO - Filling up the DagBag from /home/airflow/.local/lib/python3.12/site-packages/airflow/example_dags/example_branch_python_dop_operator_3.py
[2024-06-13T15:05:37.742+0000] {processor.py:840} INFO - DAG(s) 'example_branch_dop_operator_v3' retrieved from /home/airflow/.local/lib/python3.12/site-packages/airflow/example_dags/example_branch_python_dop_operator_3.py
[2024-06-13T15:05:37.834+0000] {logging_mixin.py:188} INFO - [2024-06-13T15:05:37.834+0000] {dag.py:3096} INFO - Sync 1 DAGs
[2024-06-13T15:05:37.848+0000] {logging_mixin.py:188} INFO - [2024-06-13T15:05:37.848+0000] {dag.py:3954} INFO - Setting next_dagrun for example_branch_dop_operator_v3 to 2024-06-13 15:04:00+00:00, run_after=2024-06-13 15:05:00+00:00
[2024-06-13T15:05:37.858+0000] {processor.py:183} INFO - Processing /home/airflow/.local/lib/python3.12/site-packages/airflow/example_dags/example_branch_python_dop_operator_3.py took 0.164 seconds
[2024-06-13T15:06:08.661+0000] {processor.py:161} INFO - Started process (PID=144) to work on /home/airflow/.local/lib/python3.12/site-packages/airflow/example_dags/example_branch_python_dop_operator_3.py
[2024-06-13T15:06:08.663+0000] {processor.py:830} INFO - Processing file /home/airflow/.local/lib/python3.12/site-packages/airflow/example_dags/example_branch_python_dop_operator_3.py for tasks to queue
[2024-06-13T15:06:08.666+0000] {logging_mixin.py:188} INFO - [2024-06-13T15:06:08.665+0000] {dagbag.py:545} INFO - Filling up the DagBag from /home/airflow/.local/lib/python3.12/site-packages/airflow/example_dags/example_branch_python_dop_operator_3.py
[2024-06-13T15:06:08.679+0000] {processor.py:840} INFO - DAG(s) 'example_branch_dop_operator_v3' retrieved from /home/airflow/.local/lib/python3.12/site-packages/airflow/example_dags/example_branch_python_dop_operator_3.py
[2024-06-13T15:06:08.698+0000] {logging_mixin.py:188} INFO - [2024-06-13T15:06:08.698+0000] {dag.py:3096} INFO - Sync 1 DAGs
[2024-06-13T15:06:08.716+0000] {logging_mixin.py:188} INFO - [2024-06-13T15:06:08.716+0000] {dag.py:3954} INFO - Setting next_dagrun for example_branch_dop_operator_v3 to 2024-06-13 15:05:00+00:00, run_after=2024-06-13 15:06:00+00:00
[2024-06-13T15:06:08.727+0000] {processor.py:183} INFO - Processing /home/airflow/.local/lib/python3.12/site-packages/airflow/example_dags/example_branch_python_dop_operator_3.py took 0.089 seconds
[2024-06-13T15:06:38.805+0000] {processor.py:161} INFO - Started process (PID=202) to work on /home/airflow/.local/lib/python3.12/site-packages/airflow/example_dags/example_branch_python_dop_operator_3.py
[2024-06-13T15:06:38.807+0000] {processor.py:830} INFO - Processing file /home/airflow/.local/lib/python3.12/site-packages/airflow/example_dags/example_branch_python_dop_operator_3.py for tasks to queue
[2024-06-13T15:06:38.810+0000] {logging_mixin.py:188} INFO - [2024-06-13T15:06:38.810+0000] {dagbag.py:545} INFO - Filling up the DagBag from /home/airflow/.local/lib/python3.12/site-packages/airflow/example_dags/example_branch_python_dop_operator_3.py
[2024-06-13T15:06:38.823+0000] {processor.py:840} INFO - DAG(s) 'example_branch_dop_operator_v3' retrieved from /home/airflow/.local/lib/python3.12/site-packages/airflow/example_dags/example_branch_python_dop_operator_3.py
[2024-06-13T15:06:38.861+0000] {logging_mixin.py:188} INFO - [2024-06-13T15:06:38.861+0000] {dag.py:3096} INFO - Sync 1 DAGs
[2024-06-13T15:06:38.884+0000] {logging_mixin.py:188} INFO - [2024-06-13T15:06:38.884+0000] {dag.py:3954} INFO - Setting next_dagrun for example_branch_dop_operator_v3 to 2024-06-13 15:05:00+00:00, run_after=2024-06-13 15:06:00+00:00
[2024-06-13T15:06:38.896+0000] {processor.py:183} INFO - Processing /home/airflow/.local/lib/python3.12/site-packages/airflow/example_dags/example_branch_python_dop_operator_3.py took 0.104 seconds
[2024-06-13T15:07:09.097+0000] {processor.py:161} INFO - Started process (PID=260) to work on /home/airflow/.local/lib/python3.12/site-packages/airflow/example_dags/example_branch_python_dop_operator_3.py
[2024-06-13T15:07:09.099+0000] {processor.py:830} INFO - Processing file /home/airflow/.local/lib/python3.12/site-packages/airflow/example_dags/example_branch_python_dop_operator_3.py for tasks to queue
[2024-06-13T15:07:09.102+0000] {logging_mixin.py:188} INFO - [2024-06-13T15:07:09.102+0000] {dagbag.py:545} INFO - Filling up the DagBag from /home/airflow/.local/lib/python3.12/site-packages/airflow/example_dags/example_branch_python_dop_operator_3.py
[2024-06-13T15:07:09.115+0000] {processor.py:840} INFO - DAG(s) 'example_branch_dop_operator_v3' retrieved from /home/airflow/.local/lib/python3.12/site-packages/airflow/example_dags/example_branch_python_dop_operator_3.py
[2024-06-13T15:07:09.141+0000] {logging_mixin.py:188} INFO - [2024-06-13T15:07:09.141+0000] {dag.py:3096} INFO - Sync 1 DAGs
[2024-06-13T15:07:09.156+0000] {logging_mixin.py:188} INFO - [2024-06-13T15:07:09.156+0000] {dag.py:3954} INFO - Setting next_dagrun for example_branch_dop_operator_v3 to 2024-06-13 15:06:00+00:00, run_after=2024-06-13 15:07:00+00:00
[2024-06-13T15:07:09.164+0000] {processor.py:183} INFO - Processing /home/airflow/.local/lib/python3.12/site-packages/airflow/example_dags/example_branch_python_dop_operator_3.py took 0.081 seconds
[2024-06-13T15:07:39.416+0000] {processor.py:161} INFO - Started process (PID=318) to work on /home/airflow/.local/lib/python3.12/site-packages/airflow/example_dags/example_branch_python_dop_operator_3.py
[2024-06-13T15:07:39.419+0000] {processor.py:830} INFO - Processing file /home/airflow/.local/lib/python3.12/site-packages/airflow/example_dags/example_branch_python_dop_operator_3.py for tasks to queue
[2024-06-13T15:07:39.422+0000] {logging_mixin.py:188} INFO - [2024-06-13T15:07:39.421+0000] {dagbag.py:545} INFO - Filling up the DagBag from /home/airflow/.local/lib/python3.12/site-packages/airflow/example_dags/example_branch_python_dop_operator_3.py
[2024-06-13T15:07:39.433+0000] {processor.py:840} INFO - DAG(s) 'example_branch_dop_operator_v3' retrieved from /home/airflow/.local/lib/python3.12/site-packages/airflow/example_dags/example_branch_python_dop_operator_3.py
[2024-06-13T15:07:39.449+0000] {logging_mixin.py:188} INFO - [2024-06-13T15:07:39.449+0000] {dag.py:3096} INFO - Sync 1 DAGs
[2024-06-13T15:07:39.464+0000] {logging_mixin.py:188} INFO - [2024-06-13T15:07:39.464+0000] {dag.py:3954} INFO - Setting next_dagrun for example_branch_dop_operator_v3 to 2024-06-13 15:06:00+00:00, run_after=2024-06-13 15:07:00+00:00
[2024-06-13T15:07:39.472+0000] {processor.py:183} INFO - Processing /home/airflow/.local/lib/python3.12/site-packages/airflow/example_dags/example_branch_python_dop_operator_3.py took 0.066 seconds
