[2024-06-13T14:56:15.533+0000] {processor.py:161} INFO - Started process (PID=33) to work on /home/airflow/.local/lib/python3.12/site-packages/airflow/example_dags/example_branch_operator.py
[2024-06-13T14:56:15.535+0000] {processor.py:830} INFO - Processing file /home/airflow/.local/lib/python3.12/site-packages/airflow/example_dags/example_branch_operator.py for tasks to queue
[2024-06-13T14:56:15.542+0000] {logging_mixin.py:188} INFO - [2024-06-13T14:56:15.542+0000] {dagbag.py:545} INFO - Filling up the DagBag from /home/airflow/.local/lib/python3.12/site-packages/airflow/example_dags/example_branch_operator.py
[2024-06-13T14:56:15.589+0000] {processor.py:840} INFO - DAG(s) 'example_branch_operator' retrieved from /home/airflow/.local/lib/python3.12/site-packages/airflow/example_dags/example_branch_operator.py
[2024-06-13T14:56:15.988+0000] {logging_mixin.py:188} INFO - [2024-06-13T14:56:15.986+0000] {override.py:1829} INFO - Created Permission View: can read on DAG:example_branch_operator
[2024-06-13T14:56:16.027+0000] {logging_mixin.py:188} INFO - [2024-06-13T14:56:16.027+0000] {override.py:1829} INFO - Created Permission View: can delete on DAG:example_branch_operator
[2024-06-13T14:56:16.035+0000] {logging_mixin.py:188} INFO - [2024-06-13T14:56:16.035+0000] {override.py:1829} INFO - Created Permission View: can edit on DAG:example_branch_operator
[2024-06-13T14:56:16.036+0000] {logging_mixin.py:188} INFO - [2024-06-13T14:56:16.036+0000] {dag.py:3096} INFO - Sync 1 DAGs
[2024-06-13T14:56:16.088+0000] {logging_mixin.py:188} INFO - [2024-06-13T14:56:16.088+0000] {dag.py:3118} INFO - Creating ORM DAG for example_branch_operator
[2024-06-13T14:56:16.113+0000] {logging_mixin.py:188} INFO - [2024-06-13T14:56:16.113+0000] {dag.py:3954} INFO - Setting next_dagrun for example_branch_operator to 2024-06-12 00:00:00+00:00, run_after=2024-06-13 00:00:00+00:00
[2024-06-13T14:56:16.253+0000] {processor.py:183} INFO - Processing /home/airflow/.local/lib/python3.12/site-packages/airflow/example_dags/example_branch_operator.py took 0.750 seconds
[2024-06-13T14:56:46.910+0000] {processor.py:161} INFO - Started process (PID=91) to work on /home/airflow/.local/lib/python3.12/site-packages/airflow/example_dags/example_branch_operator.py
[2024-06-13T14:56:46.912+0000] {processor.py:830} INFO - Processing file /home/airflow/.local/lib/python3.12/site-packages/airflow/example_dags/example_branch_operator.py for tasks to queue
[2024-06-13T14:56:46.914+0000] {logging_mixin.py:188} INFO - [2024-06-13T14:56:46.914+0000] {dagbag.py:545} INFO - Filling up the DagBag from /home/airflow/.local/lib/python3.12/site-packages/airflow/example_dags/example_branch_operator.py
[2024-06-13T14:56:47.114+0000] {processor.py:840} INFO - DAG(s) 'example_branch_operator' retrieved from /home/airflow/.local/lib/python3.12/site-packages/airflow/example_dags/example_branch_operator.py
[2024-06-13T14:56:47.212+0000] {logging_mixin.py:188} INFO - [2024-06-13T14:56:47.211+0000] {dag.py:3096} INFO - Sync 1 DAGs
[2024-06-13T14:56:47.231+0000] {logging_mixin.py:188} INFO - [2024-06-13T14:56:47.231+0000] {dag.py:3954} INFO - Setting next_dagrun for example_branch_operator to 2024-06-12 00:00:00+00:00, run_after=2024-06-13 00:00:00+00:00
[2024-06-13T14:56:47.245+0000] {processor.py:183} INFO - Processing /home/airflow/.local/lib/python3.12/site-packages/airflow/example_dags/example_branch_operator.py took 0.339 seconds
[2024-06-13T14:57:18.486+0000] {processor.py:161} INFO - Started process (PID=149) to work on /home/airflow/.local/lib/python3.12/site-packages/airflow/example_dags/example_branch_operator.py
[2024-06-13T14:57:18.494+0000] {processor.py:830} INFO - Processing file /home/airflow/.local/lib/python3.12/site-packages/airflow/example_dags/example_branch_operator.py for tasks to queue
[2024-06-13T14:57:18.495+0000] {logging_mixin.py:188} INFO - [2024-06-13T14:57:18.495+0000] {dagbag.py:545} INFO - Filling up the DagBag from /home/airflow/.local/lib/python3.12/site-packages/airflow/example_dags/example_branch_operator.py
[2024-06-13T14:57:18.540+0000] {processor.py:840} INFO - DAG(s) 'example_branch_operator' retrieved from /home/airflow/.local/lib/python3.12/site-packages/airflow/example_dags/example_branch_operator.py
[2024-06-13T14:57:18.566+0000] {logging_mixin.py:188} INFO - [2024-06-13T14:57:18.566+0000] {dag.py:3096} INFO - Sync 1 DAGs
[2024-06-13T14:57:18.582+0000] {logging_mixin.py:188} INFO - [2024-06-13T14:57:18.582+0000] {dag.py:3954} INFO - Setting next_dagrun for example_branch_operator to 2024-06-12 00:00:00+00:00, run_after=2024-06-13 00:00:00+00:00
[2024-06-13T14:57:18.595+0000] {processor.py:183} INFO - Processing /home/airflow/.local/lib/python3.12/site-packages/airflow/example_dags/example_branch_operator.py took 0.114 seconds
[2024-06-13T14:57:49.508+0000] {processor.py:161} INFO - Started process (PID=207) to work on /home/airflow/.local/lib/python3.12/site-packages/airflow/example_dags/example_branch_operator.py
[2024-06-13T14:57:49.509+0000] {processor.py:830} INFO - Processing file /home/airflow/.local/lib/python3.12/site-packages/airflow/example_dags/example_branch_operator.py for tasks to queue
[2024-06-13T14:57:49.513+0000] {logging_mixin.py:188} INFO - [2024-06-13T14:57:49.512+0000] {dagbag.py:545} INFO - Filling up the DagBag from /home/airflow/.local/lib/python3.12/site-packages/airflow/example_dags/example_branch_operator.py
[2024-06-13T14:57:49.544+0000] {processor.py:840} INFO - DAG(s) 'example_branch_operator' retrieved from /home/airflow/.local/lib/python3.12/site-packages/airflow/example_dags/example_branch_operator.py
[2024-06-13T14:57:49.640+0000] {logging_mixin.py:188} INFO - [2024-06-13T14:57:49.640+0000] {dag.py:3096} INFO - Sync 1 DAGs
[2024-06-13T14:57:49.691+0000] {logging_mixin.py:188} INFO - [2024-06-13T14:57:49.691+0000] {dag.py:3954} INFO - Setting next_dagrun for example_branch_operator to 2024-06-12 00:00:00+00:00, run_after=2024-06-13 00:00:00+00:00
[2024-06-13T14:57:49.712+0000] {processor.py:183} INFO - Processing /home/airflow/.local/lib/python3.12/site-packages/airflow/example_dags/example_branch_operator.py took 0.211 seconds
[2024-06-13T14:58:19.972+0000] {processor.py:161} INFO - Started process (PID=265) to work on /home/airflow/.local/lib/python3.12/site-packages/airflow/example_dags/example_branch_operator.py
[2024-06-13T14:58:19.973+0000] {processor.py:830} INFO - Processing file /home/airflow/.local/lib/python3.12/site-packages/airflow/example_dags/example_branch_operator.py for tasks to queue
[2024-06-13T14:58:19.974+0000] {logging_mixin.py:188} INFO - [2024-06-13T14:58:19.974+0000] {dagbag.py:545} INFO - Filling up the DagBag from /home/airflow/.local/lib/python3.12/site-packages/airflow/example_dags/example_branch_operator.py
[2024-06-13T14:58:19.982+0000] {processor.py:840} INFO - DAG(s) 'example_branch_operator' retrieved from /home/airflow/.local/lib/python3.12/site-packages/airflow/example_dags/example_branch_operator.py
[2024-06-13T14:58:19.995+0000] {logging_mixin.py:188} INFO - [2024-06-13T14:58:19.995+0000] {dag.py:3096} INFO - Sync 1 DAGs
[2024-06-13T14:58:20.005+0000] {logging_mixin.py:188} INFO - [2024-06-13T14:58:20.005+0000] {dag.py:3954} INFO - Setting next_dagrun for example_branch_operator to 2024-06-12 00:00:00+00:00, run_after=2024-06-13 00:00:00+00:00
[2024-06-13T14:58:20.013+0000] {processor.py:183} INFO - Processing /home/airflow/.local/lib/python3.12/site-packages/airflow/example_dags/example_branch_operator.py took 0.044 seconds
[2024-06-13T14:58:50.037+0000] {processor.py:161} INFO - Started process (PID=323) to work on /home/airflow/.local/lib/python3.12/site-packages/airflow/example_dags/example_branch_operator.py
[2024-06-13T14:58:50.038+0000] {processor.py:830} INFO - Processing file /home/airflow/.local/lib/python3.12/site-packages/airflow/example_dags/example_branch_operator.py for tasks to queue
[2024-06-13T14:58:50.039+0000] {logging_mixin.py:188} INFO - [2024-06-13T14:58:50.039+0000] {dagbag.py:545} INFO - Filling up the DagBag from /home/airflow/.local/lib/python3.12/site-packages/airflow/example_dags/example_branch_operator.py
[2024-06-13T14:58:50.048+0000] {processor.py:840} INFO - DAG(s) 'example_branch_operator' retrieved from /home/airflow/.local/lib/python3.12/site-packages/airflow/example_dags/example_branch_operator.py
[2024-06-13T14:58:50.062+0000] {logging_mixin.py:188} INFO - [2024-06-13T14:58:50.061+0000] {dag.py:3096} INFO - Sync 1 DAGs
[2024-06-13T14:58:50.074+0000] {logging_mixin.py:188} INFO - [2024-06-13T14:58:50.074+0000] {dag.py:3954} INFO - Setting next_dagrun for example_branch_operator to 2024-06-12 00:00:00+00:00, run_after=2024-06-13 00:00:00+00:00
[2024-06-13T14:58:50.084+0000] {processor.py:183} INFO - Processing /home/airflow/.local/lib/python3.12/site-packages/airflow/example_dags/example_branch_operator.py took 0.050 seconds
[2024-06-13T14:59:20.878+0000] {processor.py:161} INFO - Started process (PID=380) to work on /home/airflow/.local/lib/python3.12/site-packages/airflow/example_dags/example_branch_operator.py
[2024-06-13T14:59:20.879+0000] {processor.py:830} INFO - Processing file /home/airflow/.local/lib/python3.12/site-packages/airflow/example_dags/example_branch_operator.py for tasks to queue
[2024-06-13T14:59:20.880+0000] {logging_mixin.py:188} INFO - [2024-06-13T14:59:20.880+0000] {dagbag.py:545} INFO - Filling up the DagBag from /home/airflow/.local/lib/python3.12/site-packages/airflow/example_dags/example_branch_operator.py
[2024-06-13T14:59:20.889+0000] {processor.py:840} INFO - DAG(s) 'example_branch_operator' retrieved from /home/airflow/.local/lib/python3.12/site-packages/airflow/example_dags/example_branch_operator.py
[2024-06-13T14:59:20.903+0000] {logging_mixin.py:188} INFO - [2024-06-13T14:59:20.903+0000] {dag.py:3096} INFO - Sync 1 DAGs
[2024-06-13T14:59:20.914+0000] {logging_mixin.py:188} INFO - [2024-06-13T14:59:20.914+0000] {dag.py:3954} INFO - Setting next_dagrun for example_branch_operator to 2024-06-12 00:00:00+00:00, run_after=2024-06-13 00:00:00+00:00
[2024-06-13T14:59:20.923+0000] {processor.py:183} INFO - Processing /home/airflow/.local/lib/python3.12/site-packages/airflow/example_dags/example_branch_operator.py took 0.048 seconds
[2024-06-13T14:59:51.922+0000] {processor.py:161} INFO - Started process (PID=437) to work on /home/airflow/.local/lib/python3.12/site-packages/airflow/example_dags/example_branch_operator.py
[2024-06-13T14:59:51.923+0000] {processor.py:830} INFO - Processing file /home/airflow/.local/lib/python3.12/site-packages/airflow/example_dags/example_branch_operator.py for tasks to queue
[2024-06-13T14:59:51.924+0000] {logging_mixin.py:188} INFO - [2024-06-13T14:59:51.924+0000] {dagbag.py:545} INFO - Filling up the DagBag from /home/airflow/.local/lib/python3.12/site-packages/airflow/example_dags/example_branch_operator.py
[2024-06-13T14:59:51.932+0000] {processor.py:840} INFO - DAG(s) 'example_branch_operator' retrieved from /home/airflow/.local/lib/python3.12/site-packages/airflow/example_dags/example_branch_operator.py
[2024-06-13T14:59:51.946+0000] {logging_mixin.py:188} INFO - [2024-06-13T14:59:51.946+0000] {dag.py:3096} INFO - Sync 1 DAGs
[2024-06-13T14:59:51.957+0000] {logging_mixin.py:188} INFO - [2024-06-13T14:59:51.957+0000] {dag.py:3954} INFO - Setting next_dagrun for example_branch_operator to 2024-06-12 00:00:00+00:00, run_after=2024-06-13 00:00:00+00:00
[2024-06-13T14:59:51.965+0000] {processor.py:183} INFO - Processing /home/airflow/.local/lib/python3.12/site-packages/airflow/example_dags/example_branch_operator.py took 0.046 seconds
[2024-06-13T15:00:22.666+0000] {processor.py:161} INFO - Started process (PID=495) to work on /home/airflow/.local/lib/python3.12/site-packages/airflow/example_dags/example_branch_operator.py
[2024-06-13T15:00:22.666+0000] {processor.py:830} INFO - Processing file /home/airflow/.local/lib/python3.12/site-packages/airflow/example_dags/example_branch_operator.py for tasks to queue
[2024-06-13T15:00:22.667+0000] {logging_mixin.py:188} INFO - [2024-06-13T15:00:22.667+0000] {dagbag.py:545} INFO - Filling up the DagBag from /home/airflow/.local/lib/python3.12/site-packages/airflow/example_dags/example_branch_operator.py
[2024-06-13T15:00:22.675+0000] {processor.py:840} INFO - DAG(s) 'example_branch_operator' retrieved from /home/airflow/.local/lib/python3.12/site-packages/airflow/example_dags/example_branch_operator.py
[2024-06-13T15:00:22.687+0000] {logging_mixin.py:188} INFO - [2024-06-13T15:00:22.687+0000] {dag.py:3096} INFO - Sync 1 DAGs
[2024-06-13T15:00:22.697+0000] {logging_mixin.py:188} INFO - [2024-06-13T15:00:22.697+0000] {dag.py:3954} INFO - Setting next_dagrun for example_branch_operator to 2024-06-12 00:00:00+00:00, run_after=2024-06-13 00:00:00+00:00
[2024-06-13T15:00:22.705+0000] {processor.py:183} INFO - Processing /home/airflow/.local/lib/python3.12/site-packages/airflow/example_dags/example_branch_operator.py took 0.042 seconds
[2024-06-13T15:00:53.386+0000] {processor.py:161} INFO - Started process (PID=553) to work on /home/airflow/.local/lib/python3.12/site-packages/airflow/example_dags/example_branch_operator.py
[2024-06-13T15:00:53.387+0000] {processor.py:830} INFO - Processing file /home/airflow/.local/lib/python3.12/site-packages/airflow/example_dags/example_branch_operator.py for tasks to queue
[2024-06-13T15:00:53.388+0000] {logging_mixin.py:188} INFO - [2024-06-13T15:00:53.388+0000] {dagbag.py:545} INFO - Filling up the DagBag from /home/airflow/.local/lib/python3.12/site-packages/airflow/example_dags/example_branch_operator.py
[2024-06-13T15:00:53.396+0000] {processor.py:840} INFO - DAG(s) 'example_branch_operator' retrieved from /home/airflow/.local/lib/python3.12/site-packages/airflow/example_dags/example_branch_operator.py
[2024-06-13T15:00:53.410+0000] {logging_mixin.py:188} INFO - [2024-06-13T15:00:53.410+0000] {dag.py:3096} INFO - Sync 1 DAGs
[2024-06-13T15:00:53.421+0000] {logging_mixin.py:188} INFO - [2024-06-13T15:00:53.421+0000] {dag.py:3954} INFO - Setting next_dagrun for example_branch_operator to 2024-06-12 00:00:00+00:00, run_after=2024-06-13 00:00:00+00:00
[2024-06-13T15:00:53.429+0000] {processor.py:183} INFO - Processing /home/airflow/.local/lib/python3.12/site-packages/airflow/example_dags/example_branch_operator.py took 0.046 seconds
[2024-06-13T15:01:24.296+0000] {processor.py:161} INFO - Started process (PID=611) to work on /home/airflow/.local/lib/python3.12/site-packages/airflow/example_dags/example_branch_operator.py
[2024-06-13T15:01:24.296+0000] {processor.py:830} INFO - Processing file /home/airflow/.local/lib/python3.12/site-packages/airflow/example_dags/example_branch_operator.py for tasks to queue
[2024-06-13T15:01:24.297+0000] {logging_mixin.py:188} INFO - [2024-06-13T15:01:24.297+0000] {dagbag.py:545} INFO - Filling up the DagBag from /home/airflow/.local/lib/python3.12/site-packages/airflow/example_dags/example_branch_operator.py
[2024-06-13T15:01:24.307+0000] {processor.py:840} INFO - DAG(s) 'example_branch_operator' retrieved from /home/airflow/.local/lib/python3.12/site-packages/airflow/example_dags/example_branch_operator.py
[2024-06-13T15:01:24.322+0000] {logging_mixin.py:188} INFO - [2024-06-13T15:01:24.322+0000] {dag.py:3096} INFO - Sync 1 DAGs
[2024-06-13T15:01:24.333+0000] {logging_mixin.py:188} INFO - [2024-06-13T15:01:24.333+0000] {dag.py:3954} INFO - Setting next_dagrun for example_branch_operator to 2024-06-12 00:00:00+00:00, run_after=2024-06-13 00:00:00+00:00
[2024-06-13T15:01:24.344+0000] {processor.py:183} INFO - Processing /home/airflow/.local/lib/python3.12/site-packages/airflow/example_dags/example_branch_operator.py took 0.052 seconds
[2024-06-13T15:01:54.429+0000] {processor.py:161} INFO - Started process (PID=669) to work on /home/airflow/.local/lib/python3.12/site-packages/airflow/example_dags/example_branch_operator.py
[2024-06-13T15:01:54.429+0000] {processor.py:830} INFO - Processing file /home/airflow/.local/lib/python3.12/site-packages/airflow/example_dags/example_branch_operator.py for tasks to queue
[2024-06-13T15:01:54.430+0000] {logging_mixin.py:188} INFO - [2024-06-13T15:01:54.430+0000] {dagbag.py:545} INFO - Filling up the DagBag from /home/airflow/.local/lib/python3.12/site-packages/airflow/example_dags/example_branch_operator.py
[2024-06-13T15:01:54.438+0000] {processor.py:840} INFO - DAG(s) 'example_branch_operator' retrieved from /home/airflow/.local/lib/python3.12/site-packages/airflow/example_dags/example_branch_operator.py
[2024-06-13T15:01:54.451+0000] {logging_mixin.py:188} INFO - [2024-06-13T15:01:54.451+0000] {dag.py:3096} INFO - Sync 1 DAGs
[2024-06-13T15:01:54.461+0000] {logging_mixin.py:188} INFO - [2024-06-13T15:01:54.461+0000] {dag.py:3954} INFO - Setting next_dagrun for example_branch_operator to 2024-06-12 00:00:00+00:00, run_after=2024-06-13 00:00:00+00:00
[2024-06-13T15:01:54.471+0000] {processor.py:183} INFO - Processing /home/airflow/.local/lib/python3.12/site-packages/airflow/example_dags/example_branch_operator.py took 0.045 seconds
[2024-06-13T15:02:25.454+0000] {processor.py:161} INFO - Started process (PID=727) to work on /home/airflow/.local/lib/python3.12/site-packages/airflow/example_dags/example_branch_operator.py
[2024-06-13T15:02:25.455+0000] {processor.py:830} INFO - Processing file /home/airflow/.local/lib/python3.12/site-packages/airflow/example_dags/example_branch_operator.py for tasks to queue
[2024-06-13T15:02:25.456+0000] {logging_mixin.py:188} INFO - [2024-06-13T15:02:25.455+0000] {dagbag.py:545} INFO - Filling up the DagBag from /home/airflow/.local/lib/python3.12/site-packages/airflow/example_dags/example_branch_operator.py
[2024-06-13T15:02:25.463+0000] {processor.py:840} INFO - DAG(s) 'example_branch_operator' retrieved from /home/airflow/.local/lib/python3.12/site-packages/airflow/example_dags/example_branch_operator.py
[2024-06-13T15:02:25.476+0000] {logging_mixin.py:188} INFO - [2024-06-13T15:02:25.476+0000] {dag.py:3096} INFO - Sync 1 DAGs
[2024-06-13T15:02:25.486+0000] {logging_mixin.py:188} INFO - [2024-06-13T15:02:25.486+0000] {dag.py:3954} INFO - Setting next_dagrun for example_branch_operator to 2024-06-12 00:00:00+00:00, run_after=2024-06-13 00:00:00+00:00
[2024-06-13T15:02:25.494+0000] {processor.py:183} INFO - Processing /home/airflow/.local/lib/python3.12/site-packages/airflow/example_dags/example_branch_operator.py took 0.043 seconds
[2024-06-13T15:02:56.291+0000] {processor.py:161} INFO - Started process (PID=785) to work on /home/airflow/.local/lib/python3.12/site-packages/airflow/example_dags/example_branch_operator.py
[2024-06-13T15:02:56.291+0000] {processor.py:830} INFO - Processing file /home/airflow/.local/lib/python3.12/site-packages/airflow/example_dags/example_branch_operator.py for tasks to queue
[2024-06-13T15:02:56.292+0000] {logging_mixin.py:188} INFO - [2024-06-13T15:02:56.292+0000] {dagbag.py:545} INFO - Filling up the DagBag from /home/airflow/.local/lib/python3.12/site-packages/airflow/example_dags/example_branch_operator.py
[2024-06-13T15:02:56.300+0000] {processor.py:840} INFO - DAG(s) 'example_branch_operator' retrieved from /home/airflow/.local/lib/python3.12/site-packages/airflow/example_dags/example_branch_operator.py
[2024-06-13T15:02:56.313+0000] {logging_mixin.py:188} INFO - [2024-06-13T15:02:56.313+0000] {dag.py:3096} INFO - Sync 1 DAGs
[2024-06-13T15:02:56.322+0000] {logging_mixin.py:188} INFO - [2024-06-13T15:02:56.322+0000] {dag.py:3954} INFO - Setting next_dagrun for example_branch_operator to 2024-06-12 00:00:00+00:00, run_after=2024-06-13 00:00:00+00:00
[2024-06-13T15:02:56.330+0000] {processor.py:183} INFO - Processing /home/airflow/.local/lib/python3.12/site-packages/airflow/example_dags/example_branch_operator.py took 0.042 seconds
[2024-06-13T15:03:26.506+0000] {processor.py:161} INFO - Started process (PID=843) to work on /home/airflow/.local/lib/python3.12/site-packages/airflow/example_dags/example_branch_operator.py
[2024-06-13T15:03:26.506+0000] {processor.py:830} INFO - Processing file /home/airflow/.local/lib/python3.12/site-packages/airflow/example_dags/example_branch_operator.py for tasks to queue
[2024-06-13T15:03:26.507+0000] {logging_mixin.py:188} INFO - [2024-06-13T15:03:26.507+0000] {dagbag.py:545} INFO - Filling up the DagBag from /home/airflow/.local/lib/python3.12/site-packages/airflow/example_dags/example_branch_operator.py
[2024-06-13T15:03:26.515+0000] {processor.py:840} INFO - DAG(s) 'example_branch_operator' retrieved from /home/airflow/.local/lib/python3.12/site-packages/airflow/example_dags/example_branch_operator.py
[2024-06-13T15:03:26.528+0000] {logging_mixin.py:188} INFO - [2024-06-13T15:03:26.528+0000] {dag.py:3096} INFO - Sync 1 DAGs
[2024-06-13T15:03:26.538+0000] {logging_mixin.py:188} INFO - [2024-06-13T15:03:26.538+0000] {dag.py:3954} INFO - Setting next_dagrun for example_branch_operator to 2024-06-12 00:00:00+00:00, run_after=2024-06-13 00:00:00+00:00
[2024-06-13T15:03:26.545+0000] {processor.py:183} INFO - Processing /home/airflow/.local/lib/python3.12/site-packages/airflow/example_dags/example_branch_operator.py took 0.043 seconds
[2024-06-13T15:05:07.512+0000] {processor.py:161} INFO - Started process (PID=32) to work on /home/airflow/.local/lib/python3.12/site-packages/airflow/example_dags/example_branch_operator.py
[2024-06-13T15:05:07.514+0000] {processor.py:830} INFO - Processing file /home/airflow/.local/lib/python3.12/site-packages/airflow/example_dags/example_branch_operator.py for tasks to queue
[2024-06-13T15:05:07.517+0000] {logging_mixin.py:188} INFO - [2024-06-13T15:05:07.517+0000] {dagbag.py:545} INFO - Filling up the DagBag from /home/airflow/.local/lib/python3.12/site-packages/airflow/example_dags/example_branch_operator.py
[2024-06-13T15:05:07.557+0000] {processor.py:840} INFO - DAG(s) 'example_branch_operator' retrieved from /home/airflow/.local/lib/python3.12/site-packages/airflow/example_dags/example_branch_operator.py
[2024-06-13T15:05:07.572+0000] {logging_mixin.py:188} INFO - [2024-06-13T15:05:07.571+0000] {dag.py:3096} INFO - Sync 1 DAGs
[2024-06-13T15:05:07.595+0000] {logging_mixin.py:188} INFO - [2024-06-13T15:05:07.594+0000] {dag.py:3954} INFO - Setting next_dagrun for example_branch_operator to 2024-06-12 00:00:00+00:00, run_after=2024-06-13 00:00:00+00:00
[2024-06-13T15:05:07.631+0000] {processor.py:183} INFO - Processing /home/airflow/.local/lib/python3.12/site-packages/airflow/example_dags/example_branch_operator.py took 0.128 seconds
[2024-06-13T15:05:37.871+0000] {processor.py:161} INFO - Started process (PID=89) to work on /home/airflow/.local/lib/python3.12/site-packages/airflow/example_dags/example_branch_operator.py
[2024-06-13T15:05:37.872+0000] {processor.py:830} INFO - Processing file /home/airflow/.local/lib/python3.12/site-packages/airflow/example_dags/example_branch_operator.py for tasks to queue
[2024-06-13T15:05:37.873+0000] {logging_mixin.py:188} INFO - [2024-06-13T15:05:37.873+0000] {dagbag.py:545} INFO - Filling up the DagBag from /home/airflow/.local/lib/python3.12/site-packages/airflow/example_dags/example_branch_operator.py
[2024-06-13T15:05:37.883+0000] {processor.py:840} INFO - DAG(s) 'example_branch_operator' retrieved from /home/airflow/.local/lib/python3.12/site-packages/airflow/example_dags/example_branch_operator.py
[2024-06-13T15:05:37.929+0000] {logging_mixin.py:188} INFO - [2024-06-13T15:05:37.929+0000] {dag.py:3096} INFO - Sync 1 DAGs
[2024-06-13T15:05:37.938+0000] {logging_mixin.py:188} INFO - [2024-06-13T15:05:37.937+0000] {dag.py:3954} INFO - Setting next_dagrun for example_branch_operator to 2024-06-12 00:00:00+00:00, run_after=2024-06-13 00:00:00+00:00
[2024-06-13T15:05:37.946+0000] {processor.py:183} INFO - Processing /home/airflow/.local/lib/python3.12/site-packages/airflow/example_dags/example_branch_operator.py took 0.077 seconds
[2024-06-13T15:06:08.802+0000] {processor.py:161} INFO - Started process (PID=147) to work on /home/airflow/.local/lib/python3.12/site-packages/airflow/example_dags/example_branch_operator.py
[2024-06-13T15:06:08.803+0000] {processor.py:830} INFO - Processing file /home/airflow/.local/lib/python3.12/site-packages/airflow/example_dags/example_branch_operator.py for tasks to queue
[2024-06-13T15:06:08.804+0000] {logging_mixin.py:188} INFO - [2024-06-13T15:06:08.804+0000] {dagbag.py:545} INFO - Filling up the DagBag from /home/airflow/.local/lib/python3.12/site-packages/airflow/example_dags/example_branch_operator.py
[2024-06-13T15:06:08.814+0000] {processor.py:840} INFO - DAG(s) 'example_branch_operator' retrieved from /home/airflow/.local/lib/python3.12/site-packages/airflow/example_dags/example_branch_operator.py
[2024-06-13T15:06:08.827+0000] {logging_mixin.py:188} INFO - [2024-06-13T15:06:08.826+0000] {dag.py:3096} INFO - Sync 1 DAGs
[2024-06-13T15:06:08.836+0000] {logging_mixin.py:188} INFO - [2024-06-13T15:06:08.836+0000] {dag.py:3954} INFO - Setting next_dagrun for example_branch_operator to 2024-06-12 00:00:00+00:00, run_after=2024-06-13 00:00:00+00:00
[2024-06-13T15:06:08.844+0000] {processor.py:183} INFO - Processing /home/airflow/.local/lib/python3.12/site-packages/airflow/example_dags/example_branch_operator.py took 0.045 seconds
[2024-06-13T15:06:38.915+0000] {processor.py:161} INFO - Started process (PID=205) to work on /home/airflow/.local/lib/python3.12/site-packages/airflow/example_dags/example_branch_operator.py
[2024-06-13T15:06:38.916+0000] {processor.py:830} INFO - Processing file /home/airflow/.local/lib/python3.12/site-packages/airflow/example_dags/example_branch_operator.py for tasks to queue
[2024-06-13T15:06:38.917+0000] {logging_mixin.py:188} INFO - [2024-06-13T15:06:38.917+0000] {dagbag.py:545} INFO - Filling up the DagBag from /home/airflow/.local/lib/python3.12/site-packages/airflow/example_dags/example_branch_operator.py
[2024-06-13T15:06:38.930+0000] {processor.py:840} INFO - DAG(s) 'example_branch_operator' retrieved from /home/airflow/.local/lib/python3.12/site-packages/airflow/example_dags/example_branch_operator.py
[2024-06-13T15:06:38.946+0000] {logging_mixin.py:188} INFO - [2024-06-13T15:06:38.946+0000] {dag.py:3096} INFO - Sync 1 DAGs
[2024-06-13T15:06:38.960+0000] {logging_mixin.py:188} INFO - [2024-06-13T15:06:38.960+0000] {dag.py:3954} INFO - Setting next_dagrun for example_branch_operator to 2024-06-12 00:00:00+00:00, run_after=2024-06-13 00:00:00+00:00
[2024-06-13T15:06:38.968+0000] {processor.py:183} INFO - Processing /home/airflow/.local/lib/python3.12/site-packages/airflow/example_dags/example_branch_operator.py took 0.056 seconds
[2024-06-13T15:07:09.232+0000] {processor.py:161} INFO - Started process (PID=263) to work on /home/airflow/.local/lib/python3.12/site-packages/airflow/example_dags/example_branch_operator.py
[2024-06-13T15:07:09.233+0000] {processor.py:830} INFO - Processing file /home/airflow/.local/lib/python3.12/site-packages/airflow/example_dags/example_branch_operator.py for tasks to queue
[2024-06-13T15:07:09.234+0000] {logging_mixin.py:188} INFO - [2024-06-13T15:07:09.233+0000] {dagbag.py:545} INFO - Filling up the DagBag from /home/airflow/.local/lib/python3.12/site-packages/airflow/example_dags/example_branch_operator.py
[2024-06-13T15:07:09.241+0000] {processor.py:840} INFO - DAG(s) 'example_branch_operator' retrieved from /home/airflow/.local/lib/python3.12/site-packages/airflow/example_dags/example_branch_operator.py
[2024-06-13T15:07:09.254+0000] {logging_mixin.py:188} INFO - [2024-06-13T15:07:09.254+0000] {dag.py:3096} INFO - Sync 1 DAGs
[2024-06-13T15:07:09.264+0000] {logging_mixin.py:188} INFO - [2024-06-13T15:07:09.263+0000] {dag.py:3954} INFO - Setting next_dagrun for example_branch_operator to 2024-06-12 00:00:00+00:00, run_after=2024-06-13 00:00:00+00:00
[2024-06-13T15:07:09.272+0000] {processor.py:183} INFO - Processing /home/airflow/.local/lib/python3.12/site-packages/airflow/example_dags/example_branch_operator.py took 0.043 seconds
[2024-06-13T15:07:39.533+0000] {processor.py:161} INFO - Started process (PID=321) to work on /home/airflow/.local/lib/python3.12/site-packages/airflow/example_dags/example_branch_operator.py
[2024-06-13T15:07:39.534+0000] {processor.py:830} INFO - Processing file /home/airflow/.local/lib/python3.12/site-packages/airflow/example_dags/example_branch_operator.py for tasks to queue
[2024-06-13T15:07:39.535+0000] {logging_mixin.py:188} INFO - [2024-06-13T15:07:39.535+0000] {dagbag.py:545} INFO - Filling up the DagBag from /home/airflow/.local/lib/python3.12/site-packages/airflow/example_dags/example_branch_operator.py
[2024-06-13T15:07:39.544+0000] {processor.py:840} INFO - DAG(s) 'example_branch_operator' retrieved from /home/airflow/.local/lib/python3.12/site-packages/airflow/example_dags/example_branch_operator.py
[2024-06-13T15:07:39.556+0000] {logging_mixin.py:188} INFO - [2024-06-13T15:07:39.556+0000] {dag.py:3096} INFO - Sync 1 DAGs
[2024-06-13T15:07:39.565+0000] {logging_mixin.py:188} INFO - [2024-06-13T15:07:39.565+0000] {dag.py:3954} INFO - Setting next_dagrun for example_branch_operator to 2024-06-12 00:00:00+00:00, run_after=2024-06-13 00:00:00+00:00
[2024-06-13T15:07:39.574+0000] {processor.py:183} INFO - Processing /home/airflow/.local/lib/python3.12/site-packages/airflow/example_dags/example_branch_operator.py took 0.043 seconds
