[2024-06-13T14:56:29.166+0000] {processor.py:161} INFO - Started process (PID=73) to work on /home/airflow/.local/lib/python3.12/site-packages/airflow/example_dags/example_latest_only_with_trigger.py
[2024-06-13T14:56:29.172+0000] {processor.py:830} INFO - Processing file /home/airflow/.local/lib/python3.12/site-packages/airflow/example_dags/example_latest_only_with_trigger.py for tasks to queue
[2024-06-13T14:56:29.192+0000] {logging_mixin.py:188} INFO - [2024-06-13T14:56:29.190+0000] {dagbag.py:545} INFO - Filling up the DagBag from /home/airflow/.local/lib/python3.12/site-packages/airflow/example_dags/example_latest_only_with_trigger.py
[2024-06-13T14:56:29.221+0000] {processor.py:840} INFO - DAG(s) 'latest_only_with_trigger' retrieved from /home/airflow/.local/lib/python3.12/site-packages/airflow/example_dags/example_latest_only_with_trigger.py
[2024-06-13T14:56:29.485+0000] {logging_mixin.py:188} INFO - [2024-06-13T14:56:29.484+0000] {override.py:1829} INFO - Created Permission View: can read on DAG:latest_only_with_trigger
[2024-06-13T14:56:29.498+0000] {logging_mixin.py:188} INFO - [2024-06-13T14:56:29.498+0000] {override.py:1829} INFO - Created Permission View: can delete on DAG:latest_only_with_trigger
[2024-06-13T14:56:29.507+0000] {logging_mixin.py:188} INFO - [2024-06-13T14:56:29.506+0000] {override.py:1829} INFO - Created Permission View: can edit on DAG:latest_only_with_trigger
[2024-06-13T14:56:29.513+0000] {logging_mixin.py:188} INFO - [2024-06-13T14:56:29.512+0000] {dag.py:3096} INFO - Sync 1 DAGs
[2024-06-13T14:56:29.529+0000] {logging_mixin.py:188} INFO - [2024-06-13T14:56:29.529+0000] {dag.py:3118} INFO - Creating ORM DAG for latest_only_with_trigger
[2024-06-13T14:56:29.575+0000] {logging_mixin.py:188} INFO - [2024-06-13T14:56:29.574+0000] {dag.py:3954} INFO - Setting next_dagrun for latest_only_with_trigger to 2024-06-13 08:00:00+00:00, run_after=2024-06-13 12:00:00+00:00
[2024-06-13T14:56:29.596+0000] {processor.py:183} INFO - Processing /home/airflow/.local/lib/python3.12/site-packages/airflow/example_dags/example_latest_only_with_trigger.py took 0.446 seconds
[2024-06-13T14:57:00.073+0000] {processor.py:161} INFO - Started process (PID=131) to work on /home/airflow/.local/lib/python3.12/site-packages/airflow/example_dags/example_latest_only_with_trigger.py
[2024-06-13T14:57:00.077+0000] {processor.py:830} INFO - Processing file /home/airflow/.local/lib/python3.12/site-packages/airflow/example_dags/example_latest_only_with_trigger.py for tasks to queue
[2024-06-13T14:57:00.081+0000] {logging_mixin.py:188} INFO - [2024-06-13T14:57:00.081+0000] {dagbag.py:545} INFO - Filling up the DagBag from /home/airflow/.local/lib/python3.12/site-packages/airflow/example_dags/example_latest_only_with_trigger.py
[2024-06-13T14:57:00.088+0000] {processor.py:840} INFO - DAG(s) 'latest_only_with_trigger' retrieved from /home/airflow/.local/lib/python3.12/site-packages/airflow/example_dags/example_latest_only_with_trigger.py
[2024-06-13T14:57:00.121+0000] {logging_mixin.py:188} INFO - [2024-06-13T14:57:00.121+0000] {dag.py:3096} INFO - Sync 1 DAGs
[2024-06-13T14:57:00.194+0000] {logging_mixin.py:188} INFO - [2024-06-13T14:57:00.194+0000] {dag.py:3954} INFO - Setting next_dagrun for latest_only_with_trigger to 2024-06-13 08:00:00+00:00, run_after=2024-06-13 12:00:00+00:00
[2024-06-13T14:57:00.225+0000] {processor.py:183} INFO - Processing /home/airflow/.local/lib/python3.12/site-packages/airflow/example_dags/example_latest_only_with_trigger.py took 0.164 seconds
[2024-06-13T14:57:30.705+0000] {processor.py:161} INFO - Started process (PID=189) to work on /home/airflow/.local/lib/python3.12/site-packages/airflow/example_dags/example_latest_only_with_trigger.py
[2024-06-13T14:57:30.706+0000] {processor.py:830} INFO - Processing file /home/airflow/.local/lib/python3.12/site-packages/airflow/example_dags/example_latest_only_with_trigger.py for tasks to queue
[2024-06-13T14:57:30.708+0000] {logging_mixin.py:188} INFO - [2024-06-13T14:57:30.708+0000] {dagbag.py:545} INFO - Filling up the DagBag from /home/airflow/.local/lib/python3.12/site-packages/airflow/example_dags/example_latest_only_with_trigger.py
[2024-06-13T14:57:30.713+0000] {processor.py:840} INFO - DAG(s) 'latest_only_with_trigger' retrieved from /home/airflow/.local/lib/python3.12/site-packages/airflow/example_dags/example_latest_only_with_trigger.py
[2024-06-13T14:57:30.742+0000] {logging_mixin.py:188} INFO - [2024-06-13T14:57:30.742+0000] {dag.py:3096} INFO - Sync 1 DAGs
[2024-06-13T14:57:30.765+0000] {logging_mixin.py:188} INFO - [2024-06-13T14:57:30.765+0000] {dag.py:3954} INFO - Setting next_dagrun for latest_only_with_trigger to 2024-06-13 08:00:00+00:00, run_after=2024-06-13 12:00:00+00:00
[2024-06-13T14:57:30.788+0000] {processor.py:183} INFO - Processing /home/airflow/.local/lib/python3.12/site-packages/airflow/example_dags/example_latest_only_with_trigger.py took 0.087 seconds
[2024-06-13T14:58:00.900+0000] {processor.py:161} INFO - Started process (PID=247) to work on /home/airflow/.local/lib/python3.12/site-packages/airflow/example_dags/example_latest_only_with_trigger.py
[2024-06-13T14:58:00.902+0000] {processor.py:830} INFO - Processing file /home/airflow/.local/lib/python3.12/site-packages/airflow/example_dags/example_latest_only_with_trigger.py for tasks to queue
[2024-06-13T14:58:00.903+0000] {logging_mixin.py:188} INFO - [2024-06-13T14:58:00.903+0000] {dagbag.py:545} INFO - Filling up the DagBag from /home/airflow/.local/lib/python3.12/site-packages/airflow/example_dags/example_latest_only_with_trigger.py
[2024-06-13T14:58:00.908+0000] {processor.py:840} INFO - DAG(s) 'latest_only_with_trigger' retrieved from /home/airflow/.local/lib/python3.12/site-packages/airflow/example_dags/example_latest_only_with_trigger.py
[2024-06-13T14:58:00.921+0000] {logging_mixin.py:188} INFO - [2024-06-13T14:58:00.921+0000] {dag.py:3096} INFO - Sync 1 DAGs
[2024-06-13T14:58:00.933+0000] {logging_mixin.py:188} INFO - [2024-06-13T14:58:00.933+0000] {dag.py:3954} INFO - Setting next_dagrun for latest_only_with_trigger to 2024-06-13 08:00:00+00:00, run_after=2024-06-13 12:00:00+00:00
[2024-06-13T14:58:00.942+0000] {processor.py:183} INFO - Processing /home/airflow/.local/lib/python3.12/site-packages/airflow/example_dags/example_latest_only_with_trigger.py took 0.047 seconds
[2024-06-13T14:58:31.039+0000] {processor.py:161} INFO - Started process (PID=305) to work on /home/airflow/.local/lib/python3.12/site-packages/airflow/example_dags/example_latest_only_with_trigger.py
[2024-06-13T14:58:31.040+0000] {processor.py:830} INFO - Processing file /home/airflow/.local/lib/python3.12/site-packages/airflow/example_dags/example_latest_only_with_trigger.py for tasks to queue
[2024-06-13T14:58:31.044+0000] {logging_mixin.py:188} INFO - [2024-06-13T14:58:31.044+0000] {dagbag.py:545} INFO - Filling up the DagBag from /home/airflow/.local/lib/python3.12/site-packages/airflow/example_dags/example_latest_only_with_trigger.py
[2024-06-13T14:58:31.047+0000] {processor.py:840} INFO - DAG(s) 'latest_only_with_trigger' retrieved from /home/airflow/.local/lib/python3.12/site-packages/airflow/example_dags/example_latest_only_with_trigger.py
[2024-06-13T14:58:31.058+0000] {logging_mixin.py:188} INFO - [2024-06-13T14:58:31.058+0000] {dag.py:3096} INFO - Sync 1 DAGs
[2024-06-13T14:58:31.068+0000] {logging_mixin.py:188} INFO - [2024-06-13T14:58:31.068+0000] {dag.py:3954} INFO - Setting next_dagrun for latest_only_with_trigger to 2024-06-13 08:00:00+00:00, run_after=2024-06-13 12:00:00+00:00
[2024-06-13T14:58:31.076+0000] {processor.py:183} INFO - Processing /home/airflow/.local/lib/python3.12/site-packages/airflow/example_dags/example_latest_only_with_trigger.py took 0.041 seconds
[2024-06-13T14:59:01.207+0000] {processor.py:161} INFO - Started process (PID=364) to work on /home/airflow/.local/lib/python3.12/site-packages/airflow/example_dags/example_latest_only_with_trigger.py
[2024-06-13T14:59:01.208+0000] {processor.py:830} INFO - Processing file /home/airflow/.local/lib/python3.12/site-packages/airflow/example_dags/example_latest_only_with_trigger.py for tasks to queue
[2024-06-13T14:59:01.209+0000] {logging_mixin.py:188} INFO - [2024-06-13T14:59:01.209+0000] {dagbag.py:545} INFO - Filling up the DagBag from /home/airflow/.local/lib/python3.12/site-packages/airflow/example_dags/example_latest_only_with_trigger.py
[2024-06-13T14:59:01.212+0000] {processor.py:840} INFO - DAG(s) 'latest_only_with_trigger' retrieved from /home/airflow/.local/lib/python3.12/site-packages/airflow/example_dags/example_latest_only_with_trigger.py
[2024-06-13T14:59:01.222+0000] {logging_mixin.py:188} INFO - [2024-06-13T14:59:01.222+0000] {dag.py:3096} INFO - Sync 1 DAGs
[2024-06-13T14:59:01.232+0000] {logging_mixin.py:188} INFO - [2024-06-13T14:59:01.232+0000] {dag.py:3954} INFO - Setting next_dagrun for latest_only_with_trigger to 2024-06-13 08:00:00+00:00, run_after=2024-06-13 12:00:00+00:00
[2024-06-13T14:59:01.240+0000] {processor.py:183} INFO - Processing /home/airflow/.local/lib/python3.12/site-packages/airflow/example_dags/example_latest_only_with_trigger.py took 0.036 seconds
[2024-06-13T14:59:32.267+0000] {processor.py:161} INFO - Started process (PID=421) to work on /home/airflow/.local/lib/python3.12/site-packages/airflow/example_dags/example_latest_only_with_trigger.py
[2024-06-13T14:59:32.268+0000] {processor.py:830} INFO - Processing file /home/airflow/.local/lib/python3.12/site-packages/airflow/example_dags/example_latest_only_with_trigger.py for tasks to queue
[2024-06-13T14:59:32.269+0000] {logging_mixin.py:188} INFO - [2024-06-13T14:59:32.269+0000] {dagbag.py:545} INFO - Filling up the DagBag from /home/airflow/.local/lib/python3.12/site-packages/airflow/example_dags/example_latest_only_with_trigger.py
[2024-06-13T14:59:32.272+0000] {processor.py:840} INFO - DAG(s) 'latest_only_with_trigger' retrieved from /home/airflow/.local/lib/python3.12/site-packages/airflow/example_dags/example_latest_only_with_trigger.py
[2024-06-13T14:59:32.282+0000] {logging_mixin.py:188} INFO - [2024-06-13T14:59:32.282+0000] {dag.py:3096} INFO - Sync 1 DAGs
[2024-06-13T14:59:32.291+0000] {logging_mixin.py:188} INFO - [2024-06-13T14:59:32.291+0000] {dag.py:3954} INFO - Setting next_dagrun for latest_only_with_trigger to 2024-06-13 08:00:00+00:00, run_after=2024-06-13 12:00:00+00:00
[2024-06-13T14:59:32.299+0000] {processor.py:183} INFO - Processing /home/airflow/.local/lib/python3.12/site-packages/airflow/example_dags/example_latest_only_with_trigger.py took 0.035 seconds
[2024-06-13T15:00:03.024+0000] {processor.py:161} INFO - Started process (PID=479) to work on /home/airflow/.local/lib/python3.12/site-packages/airflow/example_dags/example_latest_only_with_trigger.py
[2024-06-13T15:00:03.024+0000] {processor.py:830} INFO - Processing file /home/airflow/.local/lib/python3.12/site-packages/airflow/example_dags/example_latest_only_with_trigger.py for tasks to queue
[2024-06-13T15:00:03.026+0000] {logging_mixin.py:188} INFO - [2024-06-13T15:00:03.025+0000] {dagbag.py:545} INFO - Filling up the DagBag from /home/airflow/.local/lib/python3.12/site-packages/airflow/example_dags/example_latest_only_with_trigger.py
[2024-06-13T15:00:03.029+0000] {processor.py:840} INFO - DAG(s) 'latest_only_with_trigger' retrieved from /home/airflow/.local/lib/python3.12/site-packages/airflow/example_dags/example_latest_only_with_trigger.py
[2024-06-13T15:00:03.040+0000] {logging_mixin.py:188} INFO - [2024-06-13T15:00:03.040+0000] {dag.py:3096} INFO - Sync 1 DAGs
[2024-06-13T15:00:03.052+0000] {logging_mixin.py:188} INFO - [2024-06-13T15:00:03.052+0000] {dag.py:3954} INFO - Setting next_dagrun for latest_only_with_trigger to 2024-06-13 08:00:00+00:00, run_after=2024-06-13 12:00:00+00:00
[2024-06-13T15:00:03.061+0000] {processor.py:183} INFO - Processing /home/airflow/.local/lib/python3.12/site-packages/airflow/example_dags/example_latest_only_with_trigger.py took 0.041 seconds
[2024-06-13T15:00:33.707+0000] {processor.py:161} INFO - Started process (PID=537) to work on /home/airflow/.local/lib/python3.12/site-packages/airflow/example_dags/example_latest_only_with_trigger.py
[2024-06-13T15:00:33.708+0000] {processor.py:830} INFO - Processing file /home/airflow/.local/lib/python3.12/site-packages/airflow/example_dags/example_latest_only_with_trigger.py for tasks to queue
[2024-06-13T15:00:33.709+0000] {logging_mixin.py:188} INFO - [2024-06-13T15:00:33.709+0000] {dagbag.py:545} INFO - Filling up the DagBag from /home/airflow/.local/lib/python3.12/site-packages/airflow/example_dags/example_latest_only_with_trigger.py
[2024-06-13T15:00:33.712+0000] {processor.py:840} INFO - DAG(s) 'latest_only_with_trigger' retrieved from /home/airflow/.local/lib/python3.12/site-packages/airflow/example_dags/example_latest_only_with_trigger.py
[2024-06-13T15:00:33.723+0000] {logging_mixin.py:188} INFO - [2024-06-13T15:00:33.722+0000] {dag.py:3096} INFO - Sync 1 DAGs
[2024-06-13T15:00:33.733+0000] {logging_mixin.py:188} INFO - [2024-06-13T15:00:33.733+0000] {dag.py:3954} INFO - Setting next_dagrun for latest_only_with_trigger to 2024-06-13 08:00:00+00:00, run_after=2024-06-13 12:00:00+00:00
[2024-06-13T15:00:33.740+0000] {processor.py:183} INFO - Processing /home/airflow/.local/lib/python3.12/site-packages/airflow/example_dags/example_latest_only_with_trigger.py took 0.037 seconds
[2024-06-13T15:01:04.478+0000] {processor.py:161} INFO - Started process (PID=595) to work on /home/airflow/.local/lib/python3.12/site-packages/airflow/example_dags/example_latest_only_with_trigger.py
[2024-06-13T15:01:04.478+0000] {processor.py:830} INFO - Processing file /home/airflow/.local/lib/python3.12/site-packages/airflow/example_dags/example_latest_only_with_trigger.py for tasks to queue
[2024-06-13T15:01:04.479+0000] {logging_mixin.py:188} INFO - [2024-06-13T15:01:04.479+0000] {dagbag.py:545} INFO - Filling up the DagBag from /home/airflow/.local/lib/python3.12/site-packages/airflow/example_dags/example_latest_only_with_trigger.py
[2024-06-13T15:01:04.483+0000] {processor.py:840} INFO - DAG(s) 'latest_only_with_trigger' retrieved from /home/airflow/.local/lib/python3.12/site-packages/airflow/example_dags/example_latest_only_with_trigger.py
[2024-06-13T15:01:04.498+0000] {logging_mixin.py:188} INFO - [2024-06-13T15:01:04.497+0000] {dag.py:3096} INFO - Sync 1 DAGs
[2024-06-13T15:01:04.509+0000] {logging_mixin.py:188} INFO - [2024-06-13T15:01:04.509+0000] {dag.py:3954} INFO - Setting next_dagrun for latest_only_with_trigger to 2024-06-13 08:00:00+00:00, run_after=2024-06-13 12:00:00+00:00
[2024-06-13T15:01:04.518+0000] {processor.py:183} INFO - Processing /home/airflow/.local/lib/python3.12/site-packages/airflow/example_dags/example_latest_only_with_trigger.py took 0.043 seconds
[2024-06-13T15:01:34.647+0000] {processor.py:161} INFO - Started process (PID=653) to work on /home/airflow/.local/lib/python3.12/site-packages/airflow/example_dags/example_latest_only_with_trigger.py
[2024-06-13T15:01:34.648+0000] {processor.py:830} INFO - Processing file /home/airflow/.local/lib/python3.12/site-packages/airflow/example_dags/example_latest_only_with_trigger.py for tasks to queue
[2024-06-13T15:01:34.649+0000] {logging_mixin.py:188} INFO - [2024-06-13T15:01:34.649+0000] {dagbag.py:545} INFO - Filling up the DagBag from /home/airflow/.local/lib/python3.12/site-packages/airflow/example_dags/example_latest_only_with_trigger.py
[2024-06-13T15:01:34.652+0000] {processor.py:840} INFO - DAG(s) 'latest_only_with_trigger' retrieved from /home/airflow/.local/lib/python3.12/site-packages/airflow/example_dags/example_latest_only_with_trigger.py
[2024-06-13T15:01:34.663+0000] {logging_mixin.py:188} INFO - [2024-06-13T15:01:34.662+0000] {dag.py:3096} INFO - Sync 1 DAGs
[2024-06-13T15:01:34.672+0000] {logging_mixin.py:188} INFO - [2024-06-13T15:01:34.672+0000] {dag.py:3954} INFO - Setting next_dagrun for latest_only_with_trigger to 2024-06-13 08:00:00+00:00, run_after=2024-06-13 12:00:00+00:00
[2024-06-13T15:01:34.680+0000] {processor.py:183} INFO - Processing /home/airflow/.local/lib/python3.12/site-packages/airflow/example_dags/example_latest_only_with_trigger.py took 0.037 seconds
[2024-06-13T15:02:04.752+0000] {processor.py:161} INFO - Started process (PID=711) to work on /home/airflow/.local/lib/python3.12/site-packages/airflow/example_dags/example_latest_only_with_trigger.py
[2024-06-13T15:02:04.753+0000] {processor.py:830} INFO - Processing file /home/airflow/.local/lib/python3.12/site-packages/airflow/example_dags/example_latest_only_with_trigger.py for tasks to queue
[2024-06-13T15:02:04.754+0000] {logging_mixin.py:188} INFO - [2024-06-13T15:02:04.754+0000] {dagbag.py:545} INFO - Filling up the DagBag from /home/airflow/.local/lib/python3.12/site-packages/airflow/example_dags/example_latest_only_with_trigger.py
[2024-06-13T15:02:04.757+0000] {processor.py:840} INFO - DAG(s) 'latest_only_with_trigger' retrieved from /home/airflow/.local/lib/python3.12/site-packages/airflow/example_dags/example_latest_only_with_trigger.py
[2024-06-13T15:02:04.768+0000] {logging_mixin.py:188} INFO - [2024-06-13T15:02:04.767+0000] {dag.py:3096} INFO - Sync 1 DAGs
[2024-06-13T15:02:04.778+0000] {logging_mixin.py:188} INFO - [2024-06-13T15:02:04.777+0000] {dag.py:3954} INFO - Setting next_dagrun for latest_only_with_trigger to 2024-06-13 08:00:00+00:00, run_after=2024-06-13 12:00:00+00:00
[2024-06-13T15:02:04.786+0000] {processor.py:183} INFO - Processing /home/airflow/.local/lib/python3.12/site-packages/airflow/example_dags/example_latest_only_with_trigger.py took 0.037 seconds
[2024-06-13T15:02:35.561+0000] {processor.py:161} INFO - Started process (PID=769) to work on /home/airflow/.local/lib/python3.12/site-packages/airflow/example_dags/example_latest_only_with_trigger.py
[2024-06-13T15:02:35.561+0000] {processor.py:830} INFO - Processing file /home/airflow/.local/lib/python3.12/site-packages/airflow/example_dags/example_latest_only_with_trigger.py for tasks to queue
[2024-06-13T15:02:35.562+0000] {logging_mixin.py:188} INFO - [2024-06-13T15:02:35.562+0000] {dagbag.py:545} INFO - Filling up the DagBag from /home/airflow/.local/lib/python3.12/site-packages/airflow/example_dags/example_latest_only_with_trigger.py
[2024-06-13T15:02:35.565+0000] {processor.py:840} INFO - DAG(s) 'latest_only_with_trigger' retrieved from /home/airflow/.local/lib/python3.12/site-packages/airflow/example_dags/example_latest_only_with_trigger.py
[2024-06-13T15:02:35.576+0000] {logging_mixin.py:188} INFO - [2024-06-13T15:02:35.576+0000] {dag.py:3096} INFO - Sync 1 DAGs
[2024-06-13T15:02:35.588+0000] {logging_mixin.py:188} INFO - [2024-06-13T15:02:35.587+0000] {dag.py:3954} INFO - Setting next_dagrun for latest_only_with_trigger to 2024-06-13 08:00:00+00:00, run_after=2024-06-13 12:00:00+00:00
[2024-06-13T15:02:35.596+0000] {processor.py:183} INFO - Processing /home/airflow/.local/lib/python3.12/site-packages/airflow/example_dags/example_latest_only_with_trigger.py took 0.038 seconds
[2024-06-13T15:03:05.820+0000] {processor.py:161} INFO - Started process (PID=827) to work on /home/airflow/.local/lib/python3.12/site-packages/airflow/example_dags/example_latest_only_with_trigger.py
[2024-06-13T15:03:05.821+0000] {processor.py:830} INFO - Processing file /home/airflow/.local/lib/python3.12/site-packages/airflow/example_dags/example_latest_only_with_trigger.py for tasks to queue
[2024-06-13T15:03:05.822+0000] {logging_mixin.py:188} INFO - [2024-06-13T15:03:05.822+0000] {dagbag.py:545} INFO - Filling up the DagBag from /home/airflow/.local/lib/python3.12/site-packages/airflow/example_dags/example_latest_only_with_trigger.py
[2024-06-13T15:03:05.825+0000] {processor.py:840} INFO - DAG(s) 'latest_only_with_trigger' retrieved from /home/airflow/.local/lib/python3.12/site-packages/airflow/example_dags/example_latest_only_with_trigger.py
[2024-06-13T15:03:05.836+0000] {logging_mixin.py:188} INFO - [2024-06-13T15:03:05.835+0000] {dag.py:3096} INFO - Sync 1 DAGs
[2024-06-13T15:03:05.846+0000] {logging_mixin.py:188} INFO - [2024-06-13T15:03:05.846+0000] {dag.py:3954} INFO - Setting next_dagrun for latest_only_with_trigger to 2024-06-13 08:00:00+00:00, run_after=2024-06-13 12:00:00+00:00
[2024-06-13T15:03:05.854+0000] {processor.py:183} INFO - Processing /home/airflow/.local/lib/python3.12/site-packages/airflow/example_dags/example_latest_only_with_trigger.py took 0.037 seconds
[2024-06-13T15:03:36.561+0000] {processor.py:161} INFO - Started process (PID=885) to work on /home/airflow/.local/lib/python3.12/site-packages/airflow/example_dags/example_latest_only_with_trigger.py
[2024-06-13T15:03:36.563+0000] {processor.py:830} INFO - Processing file /home/airflow/.local/lib/python3.12/site-packages/airflow/example_dags/example_latest_only_with_trigger.py for tasks to queue
[2024-06-13T15:03:36.566+0000] {logging_mixin.py:188} INFO - [2024-06-13T15:03:36.566+0000] {dagbag.py:545} INFO - Filling up the DagBag from /home/airflow/.local/lib/python3.12/site-packages/airflow/example_dags/example_latest_only_with_trigger.py
[2024-06-13T15:03:36.569+0000] {processor.py:840} INFO - DAG(s) 'latest_only_with_trigger' retrieved from /home/airflow/.local/lib/python3.12/site-packages/airflow/example_dags/example_latest_only_with_trigger.py
[2024-06-13T15:03:36.580+0000] {logging_mixin.py:188} INFO - [2024-06-13T15:03:36.580+0000] {dag.py:3096} INFO - Sync 1 DAGs
[2024-06-13T15:03:36.590+0000] {logging_mixin.py:188} INFO - [2024-06-13T15:03:36.590+0000] {dag.py:3954} INFO - Setting next_dagrun for latest_only_with_trigger to 2024-06-13 08:00:00+00:00, run_after=2024-06-13 12:00:00+00:00
[2024-06-13T15:03:36.598+0000] {processor.py:183} INFO - Processing /home/airflow/.local/lib/python3.12/site-packages/airflow/example_dags/example_latest_only_with_trigger.py took 0.040 seconds
[2024-06-13T15:05:09.908+0000] {processor.py:161} INFO - Started process (PID=66) to work on /home/airflow/.local/lib/python3.12/site-packages/airflow/example_dags/example_latest_only_with_trigger.py
[2024-06-13T15:05:09.909+0000] {processor.py:830} INFO - Processing file /home/airflow/.local/lib/python3.12/site-packages/airflow/example_dags/example_latest_only_with_trigger.py for tasks to queue
[2024-06-13T15:05:09.913+0000] {logging_mixin.py:188} INFO - [2024-06-13T15:05:09.913+0000] {dagbag.py:545} INFO - Filling up the DagBag from /home/airflow/.local/lib/python3.12/site-packages/airflow/example_dags/example_latest_only_with_trigger.py
[2024-06-13T15:05:09.918+0000] {processor.py:840} INFO - DAG(s) 'latest_only_with_trigger' retrieved from /home/airflow/.local/lib/python3.12/site-packages/airflow/example_dags/example_latest_only_with_trigger.py
[2024-06-13T15:05:09.929+0000] {logging_mixin.py:188} INFO - [2024-06-13T15:05:09.928+0000] {dag.py:3096} INFO - Sync 1 DAGs
[2024-06-13T15:05:09.955+0000] {logging_mixin.py:188} INFO - [2024-06-13T15:05:09.954+0000] {dag.py:3954} INFO - Setting next_dagrun for latest_only_with_trigger to 2024-06-13 08:00:00+00:00, run_after=2024-06-13 12:00:00+00:00
[2024-06-13T15:05:09.970+0000] {processor.py:183} INFO - Processing /home/airflow/.local/lib/python3.12/site-packages/airflow/example_dags/example_latest_only_with_trigger.py took 0.070 seconds
[2024-06-13T15:05:40.646+0000] {processor.py:161} INFO - Started process (PID=123) to work on /home/airflow/.local/lib/python3.12/site-packages/airflow/example_dags/example_latest_only_with_trigger.py
[2024-06-13T15:05:40.647+0000] {processor.py:830} INFO - Processing file /home/airflow/.local/lib/python3.12/site-packages/airflow/example_dags/example_latest_only_with_trigger.py for tasks to queue
[2024-06-13T15:05:40.648+0000] {logging_mixin.py:188} INFO - [2024-06-13T15:05:40.648+0000] {dagbag.py:545} INFO - Filling up the DagBag from /home/airflow/.local/lib/python3.12/site-packages/airflow/example_dags/example_latest_only_with_trigger.py
[2024-06-13T15:05:40.651+0000] {processor.py:840} INFO - DAG(s) 'latest_only_with_trigger' retrieved from /home/airflow/.local/lib/python3.12/site-packages/airflow/example_dags/example_latest_only_with_trigger.py
[2024-06-13T15:05:40.697+0000] {logging_mixin.py:188} INFO - [2024-06-13T15:05:40.696+0000] {dag.py:3096} INFO - Sync 1 DAGs
[2024-06-13T15:05:40.705+0000] {logging_mixin.py:188} INFO - [2024-06-13T15:05:40.705+0000] {dag.py:3954} INFO - Setting next_dagrun for latest_only_with_trigger to 2024-06-13 08:00:00+00:00, run_after=2024-06-13 12:00:00+00:00
[2024-06-13T15:05:40.714+0000] {processor.py:183} INFO - Processing /home/airflow/.local/lib/python3.12/site-packages/airflow/example_dags/example_latest_only_with_trigger.py took 0.071 seconds
[2024-06-13T15:06:11.707+0000] {processor.py:161} INFO - Started process (PID=181) to work on /home/airflow/.local/lib/python3.12/site-packages/airflow/example_dags/example_latest_only_with_trigger.py
[2024-06-13T15:06:11.708+0000] {processor.py:830} INFO - Processing file /home/airflow/.local/lib/python3.12/site-packages/airflow/example_dags/example_latest_only_with_trigger.py for tasks to queue
[2024-06-13T15:06:11.710+0000] {logging_mixin.py:188} INFO - [2024-06-13T15:06:11.710+0000] {dagbag.py:545} INFO - Filling up the DagBag from /home/airflow/.local/lib/python3.12/site-packages/airflow/example_dags/example_latest_only_with_trigger.py
[2024-06-13T15:06:11.714+0000] {processor.py:840} INFO - DAG(s) 'latest_only_with_trigger' retrieved from /home/airflow/.local/lib/python3.12/site-packages/airflow/example_dags/example_latest_only_with_trigger.py
[2024-06-13T15:06:11.727+0000] {logging_mixin.py:188} INFO - [2024-06-13T15:06:11.727+0000] {dag.py:3096} INFO - Sync 1 DAGs
[2024-06-13T15:06:11.739+0000] {logging_mixin.py:188} INFO - [2024-06-13T15:06:11.738+0000] {dag.py:3954} INFO - Setting next_dagrun for latest_only_with_trigger to 2024-06-13 08:00:00+00:00, run_after=2024-06-13 12:00:00+00:00
[2024-06-13T15:06:11.751+0000] {processor.py:183} INFO - Processing /home/airflow/.local/lib/python3.12/site-packages/airflow/example_dags/example_latest_only_with_trigger.py took 0.049 seconds
[2024-06-13T15:06:41.991+0000] {processor.py:161} INFO - Started process (PID=239) to work on /home/airflow/.local/lib/python3.12/site-packages/airflow/example_dags/example_latest_only_with_trigger.py
[2024-06-13T15:06:41.993+0000] {processor.py:830} INFO - Processing file /home/airflow/.local/lib/python3.12/site-packages/airflow/example_dags/example_latest_only_with_trigger.py for tasks to queue
[2024-06-13T15:06:41.995+0000] {logging_mixin.py:188} INFO - [2024-06-13T15:06:41.995+0000] {dagbag.py:545} INFO - Filling up the DagBag from /home/airflow/.local/lib/python3.12/site-packages/airflow/example_dags/example_latest_only_with_trigger.py
[2024-06-13T15:06:42.001+0000] {processor.py:840} INFO - DAG(s) 'latest_only_with_trigger' retrieved from /home/airflow/.local/lib/python3.12/site-packages/airflow/example_dags/example_latest_only_with_trigger.py
[2024-06-13T15:06:42.022+0000] {logging_mixin.py:188} INFO - [2024-06-13T15:06:42.022+0000] {dag.py:3096} INFO - Sync 1 DAGs
[2024-06-13T15:06:42.035+0000] {logging_mixin.py:188} INFO - [2024-06-13T15:06:42.035+0000] {dag.py:3954} INFO - Setting next_dagrun for latest_only_with_trigger to 2024-06-13 08:00:00+00:00, run_after=2024-06-13 12:00:00+00:00
[2024-06-13T15:06:42.045+0000] {processor.py:183} INFO - Processing /home/airflow/.local/lib/python3.12/site-packages/airflow/example_dags/example_latest_only_with_trigger.py took 0.064 seconds
[2024-06-13T15:07:12.168+0000] {processor.py:161} INFO - Started process (PID=297) to work on /home/airflow/.local/lib/python3.12/site-packages/airflow/example_dags/example_latest_only_with_trigger.py
[2024-06-13T15:07:12.171+0000] {processor.py:830} INFO - Processing file /home/airflow/.local/lib/python3.12/site-packages/airflow/example_dags/example_latest_only_with_trigger.py for tasks to queue
[2024-06-13T15:07:12.174+0000] {logging_mixin.py:188} INFO - [2024-06-13T15:07:12.173+0000] {dagbag.py:545} INFO - Filling up the DagBag from /home/airflow/.local/lib/python3.12/site-packages/airflow/example_dags/example_latest_only_with_trigger.py
[2024-06-13T15:07:12.181+0000] {processor.py:840} INFO - DAG(s) 'latest_only_with_trigger' retrieved from /home/airflow/.local/lib/python3.12/site-packages/airflow/example_dags/example_latest_only_with_trigger.py
[2024-06-13T15:07:12.204+0000] {logging_mixin.py:188} INFO - [2024-06-13T15:07:12.204+0000] {dag.py:3096} INFO - Sync 1 DAGs
[2024-06-13T15:07:12.219+0000] {logging_mixin.py:188} INFO - [2024-06-13T15:07:12.218+0000] {dag.py:3954} INFO - Setting next_dagrun for latest_only_with_trigger to 2024-06-13 08:00:00+00:00, run_after=2024-06-13 12:00:00+00:00
[2024-06-13T15:07:12.228+0000] {processor.py:183} INFO - Processing /home/airflow/.local/lib/python3.12/site-packages/airflow/example_dags/example_latest_only_with_trigger.py took 0.069 seconds
[2024-06-13T15:07:42.451+0000] {processor.py:161} INFO - Started process (PID=355) to work on /home/airflow/.local/lib/python3.12/site-packages/airflow/example_dags/example_latest_only_with_trigger.py
[2024-06-13T15:07:42.453+0000] {processor.py:830} INFO - Processing file /home/airflow/.local/lib/python3.12/site-packages/airflow/example_dags/example_latest_only_with_trigger.py for tasks to queue
[2024-06-13T15:07:42.455+0000] {logging_mixin.py:188} INFO - [2024-06-13T15:07:42.455+0000] {dagbag.py:545} INFO - Filling up the DagBag from /home/airflow/.local/lib/python3.12/site-packages/airflow/example_dags/example_latest_only_with_trigger.py
[2024-06-13T15:07:42.462+0000] {processor.py:840} INFO - DAG(s) 'latest_only_with_trigger' retrieved from /home/airflow/.local/lib/python3.12/site-packages/airflow/example_dags/example_latest_only_with_trigger.py
[2024-06-13T15:07:42.479+0000] {logging_mixin.py:188} INFO - [2024-06-13T15:07:42.479+0000] {dag.py:3096} INFO - Sync 1 DAGs
[2024-06-13T15:07:42.494+0000] {logging_mixin.py:188} INFO - [2024-06-13T15:07:42.494+0000] {dag.py:3954} INFO - Setting next_dagrun for latest_only_with_trigger to 2024-06-13 08:00:00+00:00, run_after=2024-06-13 12:00:00+00:00
[2024-06-13T15:07:42.503+0000] {processor.py:183} INFO - Processing /home/airflow/.local/lib/python3.12/site-packages/airflow/example_dags/example_latest_only_with_trigger.py took 0.061 seconds
