[2024-06-13T14:56:15.035+0000] {processor.py:161} INFO - Started process (PID=32) to work on /home/airflow/.local/lib/python3.12/site-packages/airflow/example_dags/example_subdag_operator.py
[2024-06-13T14:56:15.037+0000] {processor.py:830} INFO - Processing file /home/airflow/.local/lib/python3.12/site-packages/airflow/example_dags/example_subdag_operator.py for tasks to queue
[2024-06-13T14:56:15.044+0000] {logging_mixin.py:188} INFO - [2024-06-13T14:56:15.042+0000] {dagbag.py:545} INFO - Filling up the DagBag from /home/airflow/.local/lib/python3.12/site-packages/airflow/example_dags/example_subdag_operator.py
[2024-06-13T14:56:15.129+0000] {processor.py:840} INFO - DAG(s) 'example_subdag_operator.section-1', 'example_subdag_operator.section-2', 'example_subdag_operator' retrieved from /home/airflow/.local/lib/python3.12/site-packages/airflow/example_dags/example_subdag_operator.py
[2024-06-13T14:56:15.582+0000] {logging_mixin.py:188} INFO - [2024-06-13T14:56:15.580+0000] {override.py:1829} INFO - Created Permission View: can read on DAG:example_subdag_operator
[2024-06-13T14:56:15.607+0000] {logging_mixin.py:188} INFO - [2024-06-13T14:56:15.607+0000] {override.py:1829} INFO - Created Permission View: can delete on DAG:example_subdag_operator
[2024-06-13T14:56:15.615+0000] {logging_mixin.py:188} INFO - [2024-06-13T14:56:15.614+0000] {override.py:1829} INFO - Created Permission View: can edit on DAG:example_subdag_operator
[2024-06-13T14:56:15.617+0000] {logging_mixin.py:188} INFO - [2024-06-13T14:56:15.616+0000] {dag.py:3096} INFO - Sync 3 DAGs
[2024-06-13T14:56:15.632+0000] {logging_mixin.py:188} INFO - [2024-06-13T14:56:15.632+0000] {dag.py:3118} INFO - Creating ORM DAG for example_subdag_operator.section-1
[2024-06-13T14:56:15.634+0000] {logging_mixin.py:188} INFO - [2024-06-13T14:56:15.634+0000] {dag.py:3118} INFO - Creating ORM DAG for example_subdag_operator.section-2
[2024-06-13T14:56:15.635+0000] {logging_mixin.py:188} INFO - [2024-06-13T14:56:15.635+0000] {dag.py:3118} INFO - Creating ORM DAG for example_subdag_operator
[2024-06-13T14:56:15.645+0000] {logging_mixin.py:188} INFO - [2024-06-13T14:56:15.645+0000] {dag.py:3954} INFO - Setting next_dagrun for example_subdag_operator to 2022-01-01 00:00:00+00:00, run_after=2022-01-01 00:00:00+00:00
[2024-06-13T14:56:15.647+0000] {logging_mixin.py:188} INFO - [2024-06-13T14:56:15.647+0000] {dag.py:3954} INFO - Setting next_dagrun for example_subdag_operator.section-1 to None, run_after=None
[2024-06-13T14:56:15.649+0000] {logging_mixin.py:188} INFO - [2024-06-13T14:56:15.649+0000] {dag.py:3954} INFO - Setting next_dagrun for example_subdag_operator.section-2 to None, run_after=None
[2024-06-13T14:56:15.664+0000] {logging_mixin.py:188} INFO - [2024-06-13T14:56:15.664+0000] {dag.py:3096} INFO - Sync 2 DAGs
[2024-06-13T14:56:15.673+0000] {logging_mixin.py:188} INFO - [2024-06-13T14:56:15.672+0000] {dag.py:3954} INFO - Setting next_dagrun for example_subdag_operator.section-1 to None, run_after=None
[2024-06-13T14:56:15.676+0000] {logging_mixin.py:188} INFO - [2024-06-13T14:56:15.676+0000] {dag.py:3954} INFO - Setting next_dagrun for example_subdag_operator.section-2 to None, run_after=None
[2024-06-13T14:56:15.811+0000] {processor.py:183} INFO - Processing /home/airflow/.local/lib/python3.12/site-packages/airflow/example_dags/example_subdag_operator.py took 0.792 seconds
[2024-06-13T14:56:46.878+0000] {processor.py:161} INFO - Started process (PID=90) to work on /home/airflow/.local/lib/python3.12/site-packages/airflow/example_dags/example_subdag_operator.py
[2024-06-13T14:56:46.881+0000] {processor.py:830} INFO - Processing file /home/airflow/.local/lib/python3.12/site-packages/airflow/example_dags/example_subdag_operator.py for tasks to queue
[2024-06-13T14:56:46.883+0000] {logging_mixin.py:188} INFO - [2024-06-13T14:56:46.883+0000] {dagbag.py:545} INFO - Filling up the DagBag from /home/airflow/.local/lib/python3.12/site-packages/airflow/example_dags/example_subdag_operator.py
[2024-06-13T14:56:46.929+0000] {processor.py:840} INFO - DAG(s) 'example_subdag_operator.section-1', 'example_subdag_operator.section-2', 'example_subdag_operator' retrieved from /home/airflow/.local/lib/python3.12/site-packages/airflow/example_dags/example_subdag_operator.py
[2024-06-13T14:56:47.028+0000] {logging_mixin.py:188} INFO - [2024-06-13T14:56:47.028+0000] {dag.py:3096} INFO - Sync 3 DAGs
[2024-06-13T14:56:47.158+0000] {logging_mixin.py:188} INFO - [2024-06-13T14:56:47.158+0000] {dag.py:3954} INFO - Setting next_dagrun for example_subdag_operator to 2022-01-01 00:00:00+00:00, run_after=2022-01-01 00:00:00+00:00
[2024-06-13T14:56:47.160+0000] {logging_mixin.py:188} INFO - [2024-06-13T14:56:47.160+0000] {dag.py:3954} INFO - Setting next_dagrun for example_subdag_operator.section-1 to None, run_after=None
[2024-06-13T14:56:47.161+0000] {logging_mixin.py:188} INFO - [2024-06-13T14:56:47.161+0000] {dag.py:3954} INFO - Setting next_dagrun for example_subdag_operator.section-2 to None, run_after=None
[2024-06-13T14:56:47.165+0000] {logging_mixin.py:188} INFO - [2024-06-13T14:56:47.165+0000] {dag.py:3096} INFO - Sync 2 DAGs
[2024-06-13T14:56:47.174+0000] {logging_mixin.py:188} INFO - [2024-06-13T14:56:47.174+0000] {dag.py:3954} INFO - Setting next_dagrun for example_subdag_operator.section-1 to None, run_after=None
[2024-06-13T14:56:47.175+0000] {logging_mixin.py:188} INFO - [2024-06-13T14:56:47.175+0000] {dag.py:3954} INFO - Setting next_dagrun for example_subdag_operator.section-2 to None, run_after=None
[2024-06-13T14:56:47.189+0000] {processor.py:183} INFO - Processing /home/airflow/.local/lib/python3.12/site-packages/airflow/example_dags/example_subdag_operator.py took 0.324 seconds
[2024-06-13T14:57:18.432+0000] {processor.py:161} INFO - Started process (PID=148) to work on /home/airflow/.local/lib/python3.12/site-packages/airflow/example_dags/example_subdag_operator.py
[2024-06-13T14:57:18.441+0000] {processor.py:830} INFO - Processing file /home/airflow/.local/lib/python3.12/site-packages/airflow/example_dags/example_subdag_operator.py for tasks to queue
[2024-06-13T14:57:18.442+0000] {logging_mixin.py:188} INFO - [2024-06-13T14:57:18.442+0000] {dagbag.py:545} INFO - Filling up the DagBag from /home/airflow/.local/lib/python3.12/site-packages/airflow/example_dags/example_subdag_operator.py
[2024-06-13T14:57:18.482+0000] {processor.py:840} INFO - DAG(s) 'example_subdag_operator.section-1', 'example_subdag_operator.section-2', 'example_subdag_operator' retrieved from /home/airflow/.local/lib/python3.12/site-packages/airflow/example_dags/example_subdag_operator.py
[2024-06-13T14:57:18.496+0000] {logging_mixin.py:188} INFO - [2024-06-13T14:57:18.496+0000] {dag.py:3096} INFO - Sync 3 DAGs
[2024-06-13T14:57:18.510+0000] {logging_mixin.py:188} INFO - [2024-06-13T14:57:18.510+0000] {dag.py:3954} INFO - Setting next_dagrun for example_subdag_operator to 2022-01-01 00:00:00+00:00, run_after=2022-01-01 00:00:00+00:00
[2024-06-13T14:57:18.513+0000] {logging_mixin.py:188} INFO - [2024-06-13T14:57:18.513+0000] {dag.py:3954} INFO - Setting next_dagrun for example_subdag_operator.section-1 to None, run_after=None
[2024-06-13T14:57:18.513+0000] {logging_mixin.py:188} INFO - [2024-06-13T14:57:18.513+0000] {dag.py:3954} INFO - Setting next_dagrun for example_subdag_operator.section-2 to None, run_after=None
[2024-06-13T14:57:18.518+0000] {logging_mixin.py:188} INFO - [2024-06-13T14:57:18.517+0000] {dag.py:3096} INFO - Sync 2 DAGs
[2024-06-13T14:57:18.521+0000] {logging_mixin.py:188} INFO - [2024-06-13T14:57:18.521+0000] {dag.py:3954} INFO - Setting next_dagrun for example_subdag_operator.section-1 to None, run_after=None
[2024-06-13T14:57:18.521+0000] {logging_mixin.py:188} INFO - [2024-06-13T14:57:18.521+0000] {dag.py:3954} INFO - Setting next_dagrun for example_subdag_operator.section-2 to None, run_after=None
[2024-06-13T14:57:18.528+0000] {processor.py:183} INFO - Processing /home/airflow/.local/lib/python3.12/site-packages/airflow/example_dags/example_subdag_operator.py took 0.101 seconds
[2024-06-13T14:57:49.350+0000] {processor.py:161} INFO - Started process (PID=206) to work on /home/airflow/.local/lib/python3.12/site-packages/airflow/example_dags/example_subdag_operator.py
[2024-06-13T14:57:49.352+0000] {processor.py:830} INFO - Processing file /home/airflow/.local/lib/python3.12/site-packages/airflow/example_dags/example_subdag_operator.py for tasks to queue
[2024-06-13T14:57:49.354+0000] {logging_mixin.py:188} INFO - [2024-06-13T14:57:49.354+0000] {dagbag.py:545} INFO - Filling up the DagBag from /home/airflow/.local/lib/python3.12/site-packages/airflow/example_dags/example_subdag_operator.py
[2024-06-13T14:57:49.391+0000] {processor.py:840} INFO - DAG(s) 'example_subdag_operator.section-1', 'example_subdag_operator.section-2', 'example_subdag_operator' retrieved from /home/airflow/.local/lib/python3.12/site-packages/airflow/example_dags/example_subdag_operator.py
[2024-06-13T14:57:49.406+0000] {logging_mixin.py:188} INFO - [2024-06-13T14:57:49.406+0000] {dag.py:3096} INFO - Sync 3 DAGs
[2024-06-13T14:57:49.430+0000] {logging_mixin.py:188} INFO - [2024-06-13T14:57:49.430+0000] {dag.py:3954} INFO - Setting next_dagrun for example_subdag_operator to 2022-01-01 00:00:00+00:00, run_after=2022-01-01 00:00:00+00:00
[2024-06-13T14:57:49.435+0000] {logging_mixin.py:188} INFO - [2024-06-13T14:57:49.434+0000] {dag.py:3954} INFO - Setting next_dagrun for example_subdag_operator.section-1 to None, run_after=None
[2024-06-13T14:57:49.437+0000] {logging_mixin.py:188} INFO - [2024-06-13T14:57:49.437+0000] {dag.py:3954} INFO - Setting next_dagrun for example_subdag_operator.section-2 to None, run_after=None
[2024-06-13T14:57:49.453+0000] {logging_mixin.py:188} INFO - [2024-06-13T14:57:49.453+0000] {dag.py:3096} INFO - Sync 2 DAGs
[2024-06-13T14:57:49.465+0000] {logging_mixin.py:188} INFO - [2024-06-13T14:57:49.465+0000] {dag.py:3954} INFO - Setting next_dagrun for example_subdag_operator.section-1 to None, run_after=None
[2024-06-13T14:57:49.466+0000] {logging_mixin.py:188} INFO - [2024-06-13T14:57:49.465+0000] {dag.py:3954} INFO - Setting next_dagrun for example_subdag_operator.section-2 to None, run_after=None
[2024-06-13T14:57:49.479+0000] {processor.py:183} INFO - Processing /home/airflow/.local/lib/python3.12/site-packages/airflow/example_dags/example_subdag_operator.py took 0.140 seconds
[2024-06-13T14:58:19.920+0000] {processor.py:161} INFO - Started process (PID=264) to work on /home/airflow/.local/lib/python3.12/site-packages/airflow/example_dags/example_subdag_operator.py
[2024-06-13T14:58:19.920+0000] {processor.py:830} INFO - Processing file /home/airflow/.local/lib/python3.12/site-packages/airflow/example_dags/example_subdag_operator.py for tasks to queue
[2024-06-13T14:58:19.921+0000] {logging_mixin.py:188} INFO - [2024-06-13T14:58:19.921+0000] {dagbag.py:545} INFO - Filling up the DagBag from /home/airflow/.local/lib/python3.12/site-packages/airflow/example_dags/example_subdag_operator.py
[2024-06-13T14:58:19.932+0000] {processor.py:840} INFO - DAG(s) 'example_subdag_operator.section-1', 'example_subdag_operator.section-2', 'example_subdag_operator' retrieved from /home/airflow/.local/lib/python3.12/site-packages/airflow/example_dags/example_subdag_operator.py
[2024-06-13T14:58:19.939+0000] {logging_mixin.py:188} INFO - [2024-06-13T14:58:19.939+0000] {dag.py:3096} INFO - Sync 3 DAGs
[2024-06-13T14:58:19.948+0000] {logging_mixin.py:188} INFO - [2024-06-13T14:58:19.948+0000] {dag.py:3954} INFO - Setting next_dagrun for example_subdag_operator to 2022-01-01 00:00:00+00:00, run_after=2022-01-01 00:00:00+00:00
[2024-06-13T14:58:19.950+0000] {logging_mixin.py:188} INFO - [2024-06-13T14:58:19.950+0000] {dag.py:3954} INFO - Setting next_dagrun for example_subdag_operator.section-1 to None, run_after=None
[2024-06-13T14:58:19.950+0000] {logging_mixin.py:188} INFO - [2024-06-13T14:58:19.950+0000] {dag.py:3954} INFO - Setting next_dagrun for example_subdag_operator.section-2 to None, run_after=None
[2024-06-13T14:58:19.953+0000] {logging_mixin.py:188} INFO - [2024-06-13T14:58:19.953+0000] {dag.py:3096} INFO - Sync 2 DAGs
[2024-06-13T14:58:19.955+0000] {logging_mixin.py:188} INFO - [2024-06-13T14:58:19.955+0000] {dag.py:3954} INFO - Setting next_dagrun for example_subdag_operator.section-1 to None, run_after=None
[2024-06-13T14:58:19.956+0000] {logging_mixin.py:188} INFO - [2024-06-13T14:58:19.955+0000] {dag.py:3954} INFO - Setting next_dagrun for example_subdag_operator.section-2 to None, run_after=None
[2024-06-13T14:58:19.960+0000] {processor.py:183} INFO - Processing /home/airflow/.local/lib/python3.12/site-packages/airflow/example_dags/example_subdag_operator.py took 0.043 seconds
[2024-06-13T14:58:49.982+0000] {processor.py:161} INFO - Started process (PID=322) to work on /home/airflow/.local/lib/python3.12/site-packages/airflow/example_dags/example_subdag_operator.py
[2024-06-13T14:58:49.982+0000] {processor.py:830} INFO - Processing file /home/airflow/.local/lib/python3.12/site-packages/airflow/example_dags/example_subdag_operator.py for tasks to queue
[2024-06-13T14:58:49.983+0000] {logging_mixin.py:188} INFO - [2024-06-13T14:58:49.983+0000] {dagbag.py:545} INFO - Filling up the DagBag from /home/airflow/.local/lib/python3.12/site-packages/airflow/example_dags/example_subdag_operator.py
[2024-06-13T14:58:49.994+0000] {processor.py:840} INFO - DAG(s) 'example_subdag_operator.section-1', 'example_subdag_operator.section-2', 'example_subdag_operator' retrieved from /home/airflow/.local/lib/python3.12/site-packages/airflow/example_dags/example_subdag_operator.py
[2024-06-13T14:58:50.002+0000] {logging_mixin.py:188} INFO - [2024-06-13T14:58:50.002+0000] {dag.py:3096} INFO - Sync 3 DAGs
[2024-06-13T14:58:50.011+0000] {logging_mixin.py:188} INFO - [2024-06-13T14:58:50.011+0000] {dag.py:3954} INFO - Setting next_dagrun for example_subdag_operator to 2022-01-01 00:00:00+00:00, run_after=2022-01-01 00:00:00+00:00
[2024-06-13T14:58:50.013+0000] {logging_mixin.py:188} INFO - [2024-06-13T14:58:50.013+0000] {dag.py:3954} INFO - Setting next_dagrun for example_subdag_operator.section-1 to None, run_after=None
[2024-06-13T14:58:50.014+0000] {logging_mixin.py:188} INFO - [2024-06-13T14:58:50.014+0000] {dag.py:3954} INFO - Setting next_dagrun for example_subdag_operator.section-2 to None, run_after=None
[2024-06-13T14:58:50.017+0000] {logging_mixin.py:188} INFO - [2024-06-13T14:58:50.017+0000] {dag.py:3096} INFO - Sync 2 DAGs
[2024-06-13T14:58:50.019+0000] {logging_mixin.py:188} INFO - [2024-06-13T14:58:50.019+0000] {dag.py:3954} INFO - Setting next_dagrun for example_subdag_operator.section-1 to None, run_after=None
[2024-06-13T14:58:50.020+0000] {logging_mixin.py:188} INFO - [2024-06-13T14:58:50.020+0000] {dag.py:3954} INFO - Setting next_dagrun for example_subdag_operator.section-2 to None, run_after=None
[2024-06-13T14:58:50.024+0000] {processor.py:183} INFO - Processing /home/airflow/.local/lib/python3.12/site-packages/airflow/example_dags/example_subdag_operator.py took 0.045 seconds
[2024-06-13T14:59:20.875+0000] {processor.py:161} INFO - Started process (PID=379) to work on /home/airflow/.local/lib/python3.12/site-packages/airflow/example_dags/example_subdag_operator.py
[2024-06-13T14:59:20.876+0000] {processor.py:830} INFO - Processing file /home/airflow/.local/lib/python3.12/site-packages/airflow/example_dags/example_subdag_operator.py for tasks to queue
[2024-06-13T14:59:20.877+0000] {logging_mixin.py:188} INFO - [2024-06-13T14:59:20.877+0000] {dagbag.py:545} INFO - Filling up the DagBag from /home/airflow/.local/lib/python3.12/site-packages/airflow/example_dags/example_subdag_operator.py
[2024-06-13T14:59:20.889+0000] {processor.py:840} INFO - DAG(s) 'example_subdag_operator.section-1', 'example_subdag_operator.section-2', 'example_subdag_operator' retrieved from /home/airflow/.local/lib/python3.12/site-packages/airflow/example_dags/example_subdag_operator.py
[2024-06-13T14:59:20.897+0000] {logging_mixin.py:188} INFO - [2024-06-13T14:59:20.897+0000] {dag.py:3096} INFO - Sync 3 DAGs
[2024-06-13T14:59:20.908+0000] {logging_mixin.py:188} INFO - [2024-06-13T14:59:20.908+0000] {dag.py:3954} INFO - Setting next_dagrun for example_subdag_operator to 2022-01-01 00:00:00+00:00, run_after=2022-01-01 00:00:00+00:00
[2024-06-13T14:59:20.910+0000] {logging_mixin.py:188} INFO - [2024-06-13T14:59:20.910+0000] {dag.py:3954} INFO - Setting next_dagrun for example_subdag_operator.section-1 to None, run_after=None
[2024-06-13T14:59:20.911+0000] {logging_mixin.py:188} INFO - [2024-06-13T14:59:20.911+0000] {dag.py:3954} INFO - Setting next_dagrun for example_subdag_operator.section-2 to None, run_after=None
[2024-06-13T14:59:20.914+0000] {logging_mixin.py:188} INFO - [2024-06-13T14:59:20.914+0000] {dag.py:3096} INFO - Sync 2 DAGs
[2024-06-13T14:59:20.917+0000] {logging_mixin.py:188} INFO - [2024-06-13T14:59:20.917+0000] {dag.py:3954} INFO - Setting next_dagrun for example_subdag_operator.section-1 to None, run_after=None
[2024-06-13T14:59:20.918+0000] {logging_mixin.py:188} INFO - [2024-06-13T14:59:20.918+0000] {dag.py:3954} INFO - Setting next_dagrun for example_subdag_operator.section-2 to None, run_after=None
[2024-06-13T14:59:20.923+0000] {processor.py:183} INFO - Processing /home/airflow/.local/lib/python3.12/site-packages/airflow/example_dags/example_subdag_operator.py took 0.051 seconds
[2024-06-13T14:59:51.919+0000] {processor.py:161} INFO - Started process (PID=436) to work on /home/airflow/.local/lib/python3.12/site-packages/airflow/example_dags/example_subdag_operator.py
[2024-06-13T14:59:51.920+0000] {processor.py:830} INFO - Processing file /home/airflow/.local/lib/python3.12/site-packages/airflow/example_dags/example_subdag_operator.py for tasks to queue
[2024-06-13T14:59:51.921+0000] {logging_mixin.py:188} INFO - [2024-06-13T14:59:51.921+0000] {dagbag.py:545} INFO - Filling up the DagBag from /home/airflow/.local/lib/python3.12/site-packages/airflow/example_dags/example_subdag_operator.py
[2024-06-13T14:59:51.934+0000] {processor.py:840} INFO - DAG(s) 'example_subdag_operator.section-1', 'example_subdag_operator.section-2', 'example_subdag_operator' retrieved from /home/airflow/.local/lib/python3.12/site-packages/airflow/example_dags/example_subdag_operator.py
[2024-06-13T14:59:51.942+0000] {logging_mixin.py:188} INFO - [2024-06-13T14:59:51.942+0000] {dag.py:3096} INFO - Sync 3 DAGs
[2024-06-13T14:59:51.953+0000] {logging_mixin.py:188} INFO - [2024-06-13T14:59:51.953+0000] {dag.py:3954} INFO - Setting next_dagrun for example_subdag_operator to 2022-01-01 00:00:00+00:00, run_after=2022-01-01 00:00:00+00:00
[2024-06-13T14:59:51.955+0000] {logging_mixin.py:188} INFO - [2024-06-13T14:59:51.955+0000] {dag.py:3954} INFO - Setting next_dagrun for example_subdag_operator.section-1 to None, run_after=None
[2024-06-13T14:59:51.956+0000] {logging_mixin.py:188} INFO - [2024-06-13T14:59:51.955+0000] {dag.py:3954} INFO - Setting next_dagrun for example_subdag_operator.section-2 to None, run_after=None
[2024-06-13T14:59:51.959+0000] {logging_mixin.py:188} INFO - [2024-06-13T14:59:51.959+0000] {dag.py:3096} INFO - Sync 2 DAGs
[2024-06-13T14:59:51.962+0000] {logging_mixin.py:188} INFO - [2024-06-13T14:59:51.962+0000] {dag.py:3954} INFO - Setting next_dagrun for example_subdag_operator.section-1 to None, run_after=None
[2024-06-13T14:59:51.962+0000] {logging_mixin.py:188} INFO - [2024-06-13T14:59:51.962+0000] {dag.py:3954} INFO - Setting next_dagrun for example_subdag_operator.section-2 to None, run_after=None
[2024-06-13T14:59:51.967+0000] {processor.py:183} INFO - Processing /home/airflow/.local/lib/python3.12/site-packages/airflow/example_dags/example_subdag_operator.py took 0.051 seconds
[2024-06-13T15:00:22.663+0000] {processor.py:161} INFO - Started process (PID=494) to work on /home/airflow/.local/lib/python3.12/site-packages/airflow/example_dags/example_subdag_operator.py
[2024-06-13T15:00:22.664+0000] {processor.py:830} INFO - Processing file /home/airflow/.local/lib/python3.12/site-packages/airflow/example_dags/example_subdag_operator.py for tasks to queue
[2024-06-13T15:00:22.665+0000] {logging_mixin.py:188} INFO - [2024-06-13T15:00:22.664+0000] {dagbag.py:545} INFO - Filling up the DagBag from /home/airflow/.local/lib/python3.12/site-packages/airflow/example_dags/example_subdag_operator.py
[2024-06-13T15:00:22.676+0000] {processor.py:840} INFO - DAG(s) 'example_subdag_operator.section-1', 'example_subdag_operator.section-2', 'example_subdag_operator' retrieved from /home/airflow/.local/lib/python3.12/site-packages/airflow/example_dags/example_subdag_operator.py
[2024-06-13T15:00:22.683+0000] {logging_mixin.py:188} INFO - [2024-06-13T15:00:22.683+0000] {dag.py:3096} INFO - Sync 3 DAGs
[2024-06-13T15:00:22.694+0000] {logging_mixin.py:188} INFO - [2024-06-13T15:00:22.693+0000] {dag.py:3954} INFO - Setting next_dagrun for example_subdag_operator to 2022-01-01 00:00:00+00:00, run_after=2022-01-01 00:00:00+00:00
[2024-06-13T15:00:22.695+0000] {logging_mixin.py:188} INFO - [2024-06-13T15:00:22.695+0000] {dag.py:3954} INFO - Setting next_dagrun for example_subdag_operator.section-1 to None, run_after=None
[2024-06-13T15:00:22.696+0000] {logging_mixin.py:188} INFO - [2024-06-13T15:00:22.696+0000] {dag.py:3954} INFO - Setting next_dagrun for example_subdag_operator.section-2 to None, run_after=None
[2024-06-13T15:00:22.699+0000] {logging_mixin.py:188} INFO - [2024-06-13T15:00:22.699+0000] {dag.py:3096} INFO - Sync 2 DAGs
[2024-06-13T15:00:22.702+0000] {logging_mixin.py:188} INFO - [2024-06-13T15:00:22.702+0000] {dag.py:3954} INFO - Setting next_dagrun for example_subdag_operator.section-1 to None, run_after=None
[2024-06-13T15:00:22.702+0000] {logging_mixin.py:188} INFO - [2024-06-13T15:00:22.702+0000] {dag.py:3954} INFO - Setting next_dagrun for example_subdag_operator.section-2 to None, run_after=None
[2024-06-13T15:00:22.706+0000] {processor.py:183} INFO - Processing /home/airflow/.local/lib/python3.12/site-packages/airflow/example_dags/example_subdag_operator.py took 0.046 seconds
[2024-06-13T15:00:53.382+0000] {processor.py:161} INFO - Started process (PID=552) to work on /home/airflow/.local/lib/python3.12/site-packages/airflow/example_dags/example_subdag_operator.py
[2024-06-13T15:00:53.383+0000] {processor.py:830} INFO - Processing file /home/airflow/.local/lib/python3.12/site-packages/airflow/example_dags/example_subdag_operator.py for tasks to queue
[2024-06-13T15:00:53.384+0000] {logging_mixin.py:188} INFO - [2024-06-13T15:00:53.384+0000] {dagbag.py:545} INFO - Filling up the DagBag from /home/airflow/.local/lib/python3.12/site-packages/airflow/example_dags/example_subdag_operator.py
[2024-06-13T15:00:53.396+0000] {processor.py:840} INFO - DAG(s) 'example_subdag_operator.section-1', 'example_subdag_operator.section-2', 'example_subdag_operator' retrieved from /home/airflow/.local/lib/python3.12/site-packages/airflow/example_dags/example_subdag_operator.py
[2024-06-13T15:00:53.404+0000] {logging_mixin.py:188} INFO - [2024-06-13T15:00:53.404+0000] {dag.py:3096} INFO - Sync 3 DAGs
[2024-06-13T15:00:53.415+0000] {logging_mixin.py:188} INFO - [2024-06-13T15:00:53.415+0000] {dag.py:3954} INFO - Setting next_dagrun for example_subdag_operator to 2022-01-01 00:00:00+00:00, run_after=2022-01-01 00:00:00+00:00
[2024-06-13T15:00:53.417+0000] {logging_mixin.py:188} INFO - [2024-06-13T15:00:53.417+0000] {dag.py:3954} INFO - Setting next_dagrun for example_subdag_operator.section-1 to None, run_after=None
[2024-06-13T15:00:53.417+0000] {logging_mixin.py:188} INFO - [2024-06-13T15:00:53.417+0000] {dag.py:3954} INFO - Setting next_dagrun for example_subdag_operator.section-2 to None, run_after=None
[2024-06-13T15:00:53.421+0000] {logging_mixin.py:188} INFO - [2024-06-13T15:00:53.421+0000] {dag.py:3096} INFO - Sync 2 DAGs
[2024-06-13T15:00:53.424+0000] {logging_mixin.py:188} INFO - [2024-06-13T15:00:53.424+0000] {dag.py:3954} INFO - Setting next_dagrun for example_subdag_operator.section-1 to None, run_after=None
[2024-06-13T15:00:53.424+0000] {logging_mixin.py:188} INFO - [2024-06-13T15:00:53.424+0000] {dag.py:3954} INFO - Setting next_dagrun for example_subdag_operator.section-2 to None, run_after=None
[2024-06-13T15:00:53.429+0000] {processor.py:183} INFO - Processing /home/airflow/.local/lib/python3.12/site-packages/airflow/example_dags/example_subdag_operator.py took 0.050 seconds
[2024-06-13T15:01:24.233+0000] {processor.py:161} INFO - Started process (PID=610) to work on /home/airflow/.local/lib/python3.12/site-packages/airflow/example_dags/example_subdag_operator.py
[2024-06-13T15:01:24.234+0000] {processor.py:830} INFO - Processing file /home/airflow/.local/lib/python3.12/site-packages/airflow/example_dags/example_subdag_operator.py for tasks to queue
[2024-06-13T15:01:24.235+0000] {logging_mixin.py:188} INFO - [2024-06-13T15:01:24.235+0000] {dagbag.py:545} INFO - Filling up the DagBag from /home/airflow/.local/lib/python3.12/site-packages/airflow/example_dags/example_subdag_operator.py
[2024-06-13T15:01:24.250+0000] {processor.py:840} INFO - DAG(s) 'example_subdag_operator.section-1', 'example_subdag_operator.section-2', 'example_subdag_operator' retrieved from /home/airflow/.local/lib/python3.12/site-packages/airflow/example_dags/example_subdag_operator.py
[2024-06-13T15:01:24.260+0000] {logging_mixin.py:188} INFO - [2024-06-13T15:01:24.260+0000] {dag.py:3096} INFO - Sync 3 DAGs
[2024-06-13T15:01:24.270+0000] {logging_mixin.py:188} INFO - [2024-06-13T15:01:24.269+0000] {dag.py:3954} INFO - Setting next_dagrun for example_subdag_operator to 2022-01-01 00:00:00+00:00, run_after=2022-01-01 00:00:00+00:00
[2024-06-13T15:01:24.271+0000] {logging_mixin.py:188} INFO - [2024-06-13T15:01:24.271+0000] {dag.py:3954} INFO - Setting next_dagrun for example_subdag_operator.section-1 to None, run_after=None
[2024-06-13T15:01:24.272+0000] {logging_mixin.py:188} INFO - [2024-06-13T15:01:24.272+0000] {dag.py:3954} INFO - Setting next_dagrun for example_subdag_operator.section-2 to None, run_after=None
[2024-06-13T15:01:24.275+0000] {logging_mixin.py:188} INFO - [2024-06-13T15:01:24.275+0000] {dag.py:3096} INFO - Sync 2 DAGs
[2024-06-13T15:01:24.278+0000] {logging_mixin.py:188} INFO - [2024-06-13T15:01:24.278+0000] {dag.py:3954} INFO - Setting next_dagrun for example_subdag_operator.section-1 to None, run_after=None
[2024-06-13T15:01:24.278+0000] {logging_mixin.py:188} INFO - [2024-06-13T15:01:24.278+0000] {dag.py:3954} INFO - Setting next_dagrun for example_subdag_operator.section-2 to None, run_after=None
[2024-06-13T15:01:24.283+0000] {processor.py:183} INFO - Processing /home/airflow/.local/lib/python3.12/site-packages/airflow/example_dags/example_subdag_operator.py took 0.052 seconds
[2024-06-13T15:01:54.420+0000] {processor.py:161} INFO - Started process (PID=668) to work on /home/airflow/.local/lib/python3.12/site-packages/airflow/example_dags/example_subdag_operator.py
[2024-06-13T15:01:54.420+0000] {processor.py:830} INFO - Processing file /home/airflow/.local/lib/python3.12/site-packages/airflow/example_dags/example_subdag_operator.py for tasks to queue
[2024-06-13T15:01:54.421+0000] {logging_mixin.py:188} INFO - [2024-06-13T15:01:54.421+0000] {dagbag.py:545} INFO - Filling up the DagBag from /home/airflow/.local/lib/python3.12/site-packages/airflow/example_dags/example_subdag_operator.py
[2024-06-13T15:01:54.433+0000] {processor.py:840} INFO - DAG(s) 'example_subdag_operator.section-1', 'example_subdag_operator.section-2', 'example_subdag_operator' retrieved from /home/airflow/.local/lib/python3.12/site-packages/airflow/example_dags/example_subdag_operator.py
[2024-06-13T15:01:54.440+0000] {logging_mixin.py:188} INFO - [2024-06-13T15:01:54.440+0000] {dag.py:3096} INFO - Sync 3 DAGs
[2024-06-13T15:01:54.450+0000] {logging_mixin.py:188} INFO - [2024-06-13T15:01:54.450+0000] {dag.py:3954} INFO - Setting next_dagrun for example_subdag_operator to 2022-01-01 00:00:00+00:00, run_after=2022-01-01 00:00:00+00:00
[2024-06-13T15:01:54.452+0000] {logging_mixin.py:188} INFO - [2024-06-13T15:01:54.451+0000] {dag.py:3954} INFO - Setting next_dagrun for example_subdag_operator.section-1 to None, run_after=None
[2024-06-13T15:01:54.452+0000] {logging_mixin.py:188} INFO - [2024-06-13T15:01:54.452+0000] {dag.py:3954} INFO - Setting next_dagrun for example_subdag_operator.section-2 to None, run_after=None
[2024-06-13T15:01:54.455+0000] {logging_mixin.py:188} INFO - [2024-06-13T15:01:54.455+0000] {dag.py:3096} INFO - Sync 2 DAGs
[2024-06-13T15:01:54.457+0000] {logging_mixin.py:188} INFO - [2024-06-13T15:01:54.457+0000] {dag.py:3954} INFO - Setting next_dagrun for example_subdag_operator.section-1 to None, run_after=None
[2024-06-13T15:01:54.458+0000] {logging_mixin.py:188} INFO - [2024-06-13T15:01:54.458+0000] {dag.py:3954} INFO - Setting next_dagrun for example_subdag_operator.section-2 to None, run_after=None
[2024-06-13T15:01:54.462+0000] {processor.py:183} INFO - Processing /home/airflow/.local/lib/python3.12/site-packages/airflow/example_dags/example_subdag_operator.py took 0.045 seconds
[2024-06-13T15:02:25.451+0000] {processor.py:161} INFO - Started process (PID=726) to work on /home/airflow/.local/lib/python3.12/site-packages/airflow/example_dags/example_subdag_operator.py
[2024-06-13T15:02:25.452+0000] {processor.py:830} INFO - Processing file /home/airflow/.local/lib/python3.12/site-packages/airflow/example_dags/example_subdag_operator.py for tasks to queue
[2024-06-13T15:02:25.453+0000] {logging_mixin.py:188} INFO - [2024-06-13T15:02:25.452+0000] {dagbag.py:545} INFO - Filling up the DagBag from /home/airflow/.local/lib/python3.12/site-packages/airflow/example_dags/example_subdag_operator.py
[2024-06-13T15:02:25.464+0000] {processor.py:840} INFO - DAG(s) 'example_subdag_operator.section-1', 'example_subdag_operator.section-2', 'example_subdag_operator' retrieved from /home/airflow/.local/lib/python3.12/site-packages/airflow/example_dags/example_subdag_operator.py
[2024-06-13T15:02:25.471+0000] {logging_mixin.py:188} INFO - [2024-06-13T15:02:25.471+0000] {dag.py:3096} INFO - Sync 3 DAGs
[2024-06-13T15:02:25.481+0000] {logging_mixin.py:188} INFO - [2024-06-13T15:02:25.481+0000] {dag.py:3954} INFO - Setting next_dagrun for example_subdag_operator to 2022-01-01 00:00:00+00:00, run_after=2022-01-01 00:00:00+00:00
[2024-06-13T15:02:25.483+0000] {logging_mixin.py:188} INFO - [2024-06-13T15:02:25.483+0000] {dag.py:3954} INFO - Setting next_dagrun for example_subdag_operator.section-1 to None, run_after=None
[2024-06-13T15:02:25.483+0000] {logging_mixin.py:188} INFO - [2024-06-13T15:02:25.483+0000] {dag.py:3954} INFO - Setting next_dagrun for example_subdag_operator.section-2 to None, run_after=None
[2024-06-13T15:02:25.486+0000] {logging_mixin.py:188} INFO - [2024-06-13T15:02:25.486+0000] {dag.py:3096} INFO - Sync 2 DAGs
[2024-06-13T15:02:25.489+0000] {logging_mixin.py:188} INFO - [2024-06-13T15:02:25.489+0000] {dag.py:3954} INFO - Setting next_dagrun for example_subdag_operator.section-1 to None, run_after=None
[2024-06-13T15:02:25.489+0000] {logging_mixin.py:188} INFO - [2024-06-13T15:02:25.489+0000] {dag.py:3954} INFO - Setting next_dagrun for example_subdag_operator.section-2 to None, run_after=None
[2024-06-13T15:02:25.494+0000] {processor.py:183} INFO - Processing /home/airflow/.local/lib/python3.12/site-packages/airflow/example_dags/example_subdag_operator.py took 0.046 seconds
[2024-06-13T15:02:56.290+0000] {processor.py:161} INFO - Started process (PID=784) to work on /home/airflow/.local/lib/python3.12/site-packages/airflow/example_dags/example_subdag_operator.py
[2024-06-13T15:02:56.291+0000] {processor.py:830} INFO - Processing file /home/airflow/.local/lib/python3.12/site-packages/airflow/example_dags/example_subdag_operator.py for tasks to queue
[2024-06-13T15:02:56.292+0000] {logging_mixin.py:188} INFO - [2024-06-13T15:02:56.292+0000] {dagbag.py:545} INFO - Filling up the DagBag from /home/airflow/.local/lib/python3.12/site-packages/airflow/example_dags/example_subdag_operator.py
[2024-06-13T15:02:56.304+0000] {processor.py:840} INFO - DAG(s) 'example_subdag_operator.section-1', 'example_subdag_operator.section-2', 'example_subdag_operator' retrieved from /home/airflow/.local/lib/python3.12/site-packages/airflow/example_dags/example_subdag_operator.py
[2024-06-13T15:02:56.311+0000] {logging_mixin.py:188} INFO - [2024-06-13T15:02:56.311+0000] {dag.py:3096} INFO - Sync 3 DAGs
[2024-06-13T15:02:56.321+0000] {logging_mixin.py:188} INFO - [2024-06-13T15:02:56.321+0000] {dag.py:3954} INFO - Setting next_dagrun for example_subdag_operator to 2022-01-01 00:00:00+00:00, run_after=2022-01-01 00:00:00+00:00
[2024-06-13T15:02:56.322+0000] {logging_mixin.py:188} INFO - [2024-06-13T15:02:56.322+0000] {dag.py:3954} INFO - Setting next_dagrun for example_subdag_operator.section-1 to None, run_after=None
[2024-06-13T15:02:56.323+0000] {logging_mixin.py:188} INFO - [2024-06-13T15:02:56.323+0000] {dag.py:3954} INFO - Setting next_dagrun for example_subdag_operator.section-2 to None, run_after=None
[2024-06-13T15:02:56.326+0000] {logging_mixin.py:188} INFO - [2024-06-13T15:02:56.326+0000] {dag.py:3096} INFO - Sync 2 DAGs
[2024-06-13T15:02:56.329+0000] {logging_mixin.py:188} INFO - [2024-06-13T15:02:56.328+0000] {dag.py:3954} INFO - Setting next_dagrun for example_subdag_operator.section-1 to None, run_after=None
[2024-06-13T15:02:56.329+0000] {logging_mixin.py:188} INFO - [2024-06-13T15:02:56.329+0000] {dag.py:3954} INFO - Setting next_dagrun for example_subdag_operator.section-2 to None, run_after=None
[2024-06-13T15:02:56.333+0000] {processor.py:183} INFO - Processing /home/airflow/.local/lib/python3.12/site-packages/airflow/example_dags/example_subdag_operator.py took 0.046 seconds
[2024-06-13T15:03:26.503+0000] {processor.py:161} INFO - Started process (PID=842) to work on /home/airflow/.local/lib/python3.12/site-packages/airflow/example_dags/example_subdag_operator.py
[2024-06-13T15:03:26.503+0000] {processor.py:830} INFO - Processing file /home/airflow/.local/lib/python3.12/site-packages/airflow/example_dags/example_subdag_operator.py for tasks to queue
[2024-06-13T15:03:26.504+0000] {logging_mixin.py:188} INFO - [2024-06-13T15:03:26.504+0000] {dagbag.py:545} INFO - Filling up the DagBag from /home/airflow/.local/lib/python3.12/site-packages/airflow/example_dags/example_subdag_operator.py
[2024-06-13T15:03:26.516+0000] {processor.py:840} INFO - DAG(s) 'example_subdag_operator.section-1', 'example_subdag_operator.section-2', 'example_subdag_operator' retrieved from /home/airflow/.local/lib/python3.12/site-packages/airflow/example_dags/example_subdag_operator.py
[2024-06-13T15:03:26.524+0000] {logging_mixin.py:188} INFO - [2024-06-13T15:03:26.523+0000] {dag.py:3096} INFO - Sync 3 DAGs
[2024-06-13T15:03:26.533+0000] {logging_mixin.py:188} INFO - [2024-06-13T15:03:26.533+0000] {dag.py:3954} INFO - Setting next_dagrun for example_subdag_operator to 2022-01-01 00:00:00+00:00, run_after=2022-01-01 00:00:00+00:00
[2024-06-13T15:03:26.535+0000] {logging_mixin.py:188} INFO - [2024-06-13T15:03:26.535+0000] {dag.py:3954} INFO - Setting next_dagrun for example_subdag_operator.section-1 to None, run_after=None
[2024-06-13T15:03:26.536+0000] {logging_mixin.py:188} INFO - [2024-06-13T15:03:26.536+0000] {dag.py:3954} INFO - Setting next_dagrun for example_subdag_operator.section-2 to None, run_after=None
[2024-06-13T15:03:26.539+0000] {logging_mixin.py:188} INFO - [2024-06-13T15:03:26.539+0000] {dag.py:3096} INFO - Sync 2 DAGs
[2024-06-13T15:03:26.541+0000] {logging_mixin.py:188} INFO - [2024-06-13T15:03:26.541+0000] {dag.py:3954} INFO - Setting next_dagrun for example_subdag_operator.section-1 to None, run_after=None
[2024-06-13T15:03:26.541+0000] {logging_mixin.py:188} INFO - [2024-06-13T15:03:26.541+0000] {dag.py:3954} INFO - Setting next_dagrun for example_subdag_operator.section-2 to None, run_after=None
[2024-06-13T15:03:26.545+0000] {processor.py:183} INFO - Processing /home/airflow/.local/lib/python3.12/site-packages/airflow/example_dags/example_subdag_operator.py took 0.046 seconds
[2024-06-13T15:05:07.485+0000] {processor.py:161} INFO - Started process (PID=31) to work on /home/airflow/.local/lib/python3.12/site-packages/airflow/example_dags/example_subdag_operator.py
[2024-06-13T15:05:07.487+0000] {processor.py:830} INFO - Processing file /home/airflow/.local/lib/python3.12/site-packages/airflow/example_dags/example_subdag_operator.py for tasks to queue
[2024-06-13T15:05:07.490+0000] {logging_mixin.py:188} INFO - [2024-06-13T15:05:07.490+0000] {dagbag.py:545} INFO - Filling up the DagBag from /home/airflow/.local/lib/python3.12/site-packages/airflow/example_dags/example_subdag_operator.py
[2024-06-13T15:05:07.523+0000] {processor.py:840} INFO - DAG(s) 'example_subdag_operator.section-1', 'example_subdag_operator.section-2', 'example_subdag_operator' retrieved from /home/airflow/.local/lib/python3.12/site-packages/airflow/example_dags/example_subdag_operator.py
[2024-06-13T15:05:07.532+0000] {logging_mixin.py:188} INFO - [2024-06-13T15:05:07.531+0000] {dag.py:3096} INFO - Sync 3 DAGs
[2024-06-13T15:05:07.570+0000] {logging_mixin.py:188} INFO - [2024-06-13T15:05:07.569+0000] {dag.py:3954} INFO - Setting next_dagrun for example_subdag_operator to 2022-01-01 00:00:00+00:00, run_after=2022-01-01 00:00:00+00:00
[2024-06-13T15:05:07.573+0000] {logging_mixin.py:188} INFO - [2024-06-13T15:05:07.573+0000] {dag.py:3954} INFO - Setting next_dagrun for example_subdag_operator.section-1 to None, run_after=None
[2024-06-13T15:05:07.577+0000] {logging_mixin.py:188} INFO - [2024-06-13T15:05:07.576+0000] {dag.py:3954} INFO - Setting next_dagrun for example_subdag_operator.section-2 to None, run_after=None
[2024-06-13T15:05:07.585+0000] {logging_mixin.py:188} INFO - [2024-06-13T15:05:07.584+0000] {dag.py:3096} INFO - Sync 2 DAGs
[2024-06-13T15:05:07.589+0000] {logging_mixin.py:188} INFO - [2024-06-13T15:05:07.589+0000] {dag.py:3954} INFO - Setting next_dagrun for example_subdag_operator.section-1 to None, run_after=None
[2024-06-13T15:05:07.590+0000] {logging_mixin.py:188} INFO - [2024-06-13T15:05:07.590+0000] {dag.py:3954} INFO - Setting next_dagrun for example_subdag_operator.section-2 to None, run_after=None
[2024-06-13T15:05:07.607+0000] {processor.py:183} INFO - Processing /home/airflow/.local/lib/python3.12/site-packages/airflow/example_dags/example_subdag_operator.py took 0.128 seconds
[2024-06-13T15:05:37.865+0000] {processor.py:161} INFO - Started process (PID=88) to work on /home/airflow/.local/lib/python3.12/site-packages/airflow/example_dags/example_subdag_operator.py
[2024-06-13T15:05:37.866+0000] {processor.py:830} INFO - Processing file /home/airflow/.local/lib/python3.12/site-packages/airflow/example_dags/example_subdag_operator.py for tasks to queue
[2024-06-13T15:05:37.867+0000] {logging_mixin.py:188} INFO - [2024-06-13T15:05:37.867+0000] {dagbag.py:545} INFO - Filling up the DagBag from /home/airflow/.local/lib/python3.12/site-packages/airflow/example_dags/example_subdag_operator.py
[2024-06-13T15:05:37.879+0000] {processor.py:840} INFO - DAG(s) 'example_subdag_operator.section-1', 'example_subdag_operator.section-2', 'example_subdag_operator' retrieved from /home/airflow/.local/lib/python3.12/site-packages/airflow/example_dags/example_subdag_operator.py
[2024-06-13T15:05:37.923+0000] {logging_mixin.py:188} INFO - [2024-06-13T15:05:37.923+0000] {dag.py:3096} INFO - Sync 3 DAGs
[2024-06-13T15:05:37.932+0000] {logging_mixin.py:188} INFO - [2024-06-13T15:05:37.931+0000] {dag.py:3954} INFO - Setting next_dagrun for example_subdag_operator to 2022-01-01 00:00:00+00:00, run_after=2022-01-01 00:00:00+00:00
[2024-06-13T15:05:37.933+0000] {logging_mixin.py:188} INFO - [2024-06-13T15:05:37.933+0000] {dag.py:3954} INFO - Setting next_dagrun for example_subdag_operator.section-1 to None, run_after=None
[2024-06-13T15:05:37.933+0000] {logging_mixin.py:188} INFO - [2024-06-13T15:05:37.933+0000] {dag.py:3954} INFO - Setting next_dagrun for example_subdag_operator.section-2 to None, run_after=None
[2024-06-13T15:05:37.937+0000] {logging_mixin.py:188} INFO - [2024-06-13T15:05:37.937+0000] {dag.py:3096} INFO - Sync 2 DAGs
[2024-06-13T15:05:37.940+0000] {logging_mixin.py:188} INFO - [2024-06-13T15:05:37.940+0000] {dag.py:3954} INFO - Setting next_dagrun for example_subdag_operator.section-1 to None, run_after=None
[2024-06-13T15:05:37.940+0000] {logging_mixin.py:188} INFO - [2024-06-13T15:05:37.940+0000] {dag.py:3954} INFO - Setting next_dagrun for example_subdag_operator.section-2 to None, run_after=None
[2024-06-13T15:05:37.945+0000] {processor.py:183} INFO - Processing /home/airflow/.local/lib/python3.12/site-packages/airflow/example_dags/example_subdag_operator.py took 0.083 seconds
[2024-06-13T15:06:08.746+0000] {processor.py:161} INFO - Started process (PID=146) to work on /home/airflow/.local/lib/python3.12/site-packages/airflow/example_dags/example_subdag_operator.py
[2024-06-13T15:06:08.747+0000] {processor.py:830} INFO - Processing file /home/airflow/.local/lib/python3.12/site-packages/airflow/example_dags/example_subdag_operator.py for tasks to queue
[2024-06-13T15:06:08.748+0000] {logging_mixin.py:188} INFO - [2024-06-13T15:06:08.748+0000] {dagbag.py:545} INFO - Filling up the DagBag from /home/airflow/.local/lib/python3.12/site-packages/airflow/example_dags/example_subdag_operator.py
[2024-06-13T15:06:08.762+0000] {processor.py:840} INFO - DAG(s) 'example_subdag_operator.section-1', 'example_subdag_operator.section-2', 'example_subdag_operator' retrieved from /home/airflow/.local/lib/python3.12/site-packages/airflow/example_dags/example_subdag_operator.py
[2024-06-13T15:06:08.769+0000] {logging_mixin.py:188} INFO - [2024-06-13T15:06:08.769+0000] {dag.py:3096} INFO - Sync 3 DAGs
[2024-06-13T15:06:08.778+0000] {logging_mixin.py:188} INFO - [2024-06-13T15:06:08.778+0000] {dag.py:3954} INFO - Setting next_dagrun for example_subdag_operator to 2022-01-01 00:00:00+00:00, run_after=2022-01-01 00:00:00+00:00
[2024-06-13T15:06:08.780+0000] {logging_mixin.py:188} INFO - [2024-06-13T15:06:08.780+0000] {dag.py:3954} INFO - Setting next_dagrun for example_subdag_operator.section-1 to None, run_after=None
[2024-06-13T15:06:08.781+0000] {logging_mixin.py:188} INFO - [2024-06-13T15:06:08.781+0000] {dag.py:3954} INFO - Setting next_dagrun for example_subdag_operator.section-2 to None, run_after=None
[2024-06-13T15:06:08.783+0000] {logging_mixin.py:188} INFO - [2024-06-13T15:06:08.783+0000] {dag.py:3096} INFO - Sync 2 DAGs
[2024-06-13T15:06:08.786+0000] {logging_mixin.py:188} INFO - [2024-06-13T15:06:08.786+0000] {dag.py:3954} INFO - Setting next_dagrun for example_subdag_operator.section-1 to None, run_after=None
[2024-06-13T15:06:08.786+0000] {logging_mixin.py:188} INFO - [2024-06-13T15:06:08.786+0000] {dag.py:3954} INFO - Setting next_dagrun for example_subdag_operator.section-2 to None, run_after=None
[2024-06-13T15:06:08.790+0000] {processor.py:183} INFO - Processing /home/airflow/.local/lib/python3.12/site-packages/airflow/example_dags/example_subdag_operator.py took 0.049 seconds
[2024-06-13T15:06:38.912+0000] {processor.py:161} INFO - Started process (PID=204) to work on /home/airflow/.local/lib/python3.12/site-packages/airflow/example_dags/example_subdag_operator.py
[2024-06-13T15:06:38.913+0000] {processor.py:830} INFO - Processing file /home/airflow/.local/lib/python3.12/site-packages/airflow/example_dags/example_subdag_operator.py for tasks to queue
[2024-06-13T15:06:38.914+0000] {logging_mixin.py:188} INFO - [2024-06-13T15:06:38.914+0000] {dagbag.py:545} INFO - Filling up the DagBag from /home/airflow/.local/lib/python3.12/site-packages/airflow/example_dags/example_subdag_operator.py
[2024-06-13T15:06:38.930+0000] {processor.py:840} INFO - DAG(s) 'example_subdag_operator.section-1', 'example_subdag_operator.section-2', 'example_subdag_operator' retrieved from /home/airflow/.local/lib/python3.12/site-packages/airflow/example_dags/example_subdag_operator.py
[2024-06-13T15:06:38.940+0000] {logging_mixin.py:188} INFO - [2024-06-13T15:06:38.940+0000] {dag.py:3096} INFO - Sync 3 DAGs
[2024-06-13T15:06:38.954+0000] {logging_mixin.py:188} INFO - [2024-06-13T15:06:38.954+0000] {dag.py:3954} INFO - Setting next_dagrun for example_subdag_operator to 2022-01-01 00:00:00+00:00, run_after=2022-01-01 00:00:00+00:00
[2024-06-13T15:06:38.957+0000] {logging_mixin.py:188} INFO - [2024-06-13T15:06:38.957+0000] {dag.py:3954} INFO - Setting next_dagrun for example_subdag_operator.section-1 to None, run_after=None
[2024-06-13T15:06:38.958+0000] {logging_mixin.py:188} INFO - [2024-06-13T15:06:38.958+0000] {dag.py:3954} INFO - Setting next_dagrun for example_subdag_operator.section-2 to None, run_after=None
[2024-06-13T15:06:38.961+0000] {logging_mixin.py:188} INFO - [2024-06-13T15:06:38.961+0000] {dag.py:3096} INFO - Sync 2 DAGs
[2024-06-13T15:06:38.964+0000] {logging_mixin.py:188} INFO - [2024-06-13T15:06:38.964+0000] {dag.py:3954} INFO - Setting next_dagrun for example_subdag_operator.section-1 to None, run_after=None
[2024-06-13T15:06:38.964+0000] {logging_mixin.py:188} INFO - [2024-06-13T15:06:38.964+0000] {dag.py:3954} INFO - Setting next_dagrun for example_subdag_operator.section-2 to None, run_after=None
[2024-06-13T15:06:38.970+0000] {processor.py:183} INFO - Processing /home/airflow/.local/lib/python3.12/site-packages/airflow/example_dags/example_subdag_operator.py took 0.061 seconds
[2024-06-13T15:07:09.176+0000] {processor.py:161} INFO - Started process (PID=262) to work on /home/airflow/.local/lib/python3.12/site-packages/airflow/example_dags/example_subdag_operator.py
[2024-06-13T15:07:09.177+0000] {processor.py:830} INFO - Processing file /home/airflow/.local/lib/python3.12/site-packages/airflow/example_dags/example_subdag_operator.py for tasks to queue
[2024-06-13T15:07:09.178+0000] {logging_mixin.py:188} INFO - [2024-06-13T15:07:09.178+0000] {dagbag.py:545} INFO - Filling up the DagBag from /home/airflow/.local/lib/python3.12/site-packages/airflow/example_dags/example_subdag_operator.py
[2024-06-13T15:07:09.189+0000] {processor.py:840} INFO - DAG(s) 'example_subdag_operator.section-1', 'example_subdag_operator.section-2', 'example_subdag_operator' retrieved from /home/airflow/.local/lib/python3.12/site-packages/airflow/example_dags/example_subdag_operator.py
[2024-06-13T15:07:09.197+0000] {logging_mixin.py:188} INFO - [2024-06-13T15:07:09.197+0000] {dag.py:3096} INFO - Sync 3 DAGs
[2024-06-13T15:07:09.207+0000] {logging_mixin.py:188} INFO - [2024-06-13T15:07:09.207+0000] {dag.py:3954} INFO - Setting next_dagrun for example_subdag_operator to 2022-01-01 00:00:00+00:00, run_after=2022-01-01 00:00:00+00:00
[2024-06-13T15:07:09.208+0000] {logging_mixin.py:188} INFO - [2024-06-13T15:07:09.208+0000] {dag.py:3954} INFO - Setting next_dagrun for example_subdag_operator.section-1 to None, run_after=None
[2024-06-13T15:07:09.209+0000] {logging_mixin.py:188} INFO - [2024-06-13T15:07:09.209+0000] {dag.py:3954} INFO - Setting next_dagrun for example_subdag_operator.section-2 to None, run_after=None
[2024-06-13T15:07:09.212+0000] {logging_mixin.py:188} INFO - [2024-06-13T15:07:09.212+0000] {dag.py:3096} INFO - Sync 2 DAGs
[2024-06-13T15:07:09.214+0000] {logging_mixin.py:188} INFO - [2024-06-13T15:07:09.214+0000] {dag.py:3954} INFO - Setting next_dagrun for example_subdag_operator.section-1 to None, run_after=None
[2024-06-13T15:07:09.214+0000] {logging_mixin.py:188} INFO - [2024-06-13T15:07:09.214+0000] {dag.py:3954} INFO - Setting next_dagrun for example_subdag_operator.section-2 to None, run_after=None
[2024-06-13T15:07:09.219+0000] {processor.py:183} INFO - Processing /home/airflow/.local/lib/python3.12/site-packages/airflow/example_dags/example_subdag_operator.py took 0.045 seconds
[2024-06-13T15:07:39.483+0000] {processor.py:161} INFO - Started process (PID=320) to work on /home/airflow/.local/lib/python3.12/site-packages/airflow/example_dags/example_subdag_operator.py
[2024-06-13T15:07:39.483+0000] {processor.py:830} INFO - Processing file /home/airflow/.local/lib/python3.12/site-packages/airflow/example_dags/example_subdag_operator.py for tasks to queue
[2024-06-13T15:07:39.484+0000] {logging_mixin.py:188} INFO - [2024-06-13T15:07:39.484+0000] {dagbag.py:545} INFO - Filling up the DagBag from /home/airflow/.local/lib/python3.12/site-packages/airflow/example_dags/example_subdag_operator.py
[2024-06-13T15:07:39.495+0000] {processor.py:840} INFO - DAG(s) 'example_subdag_operator.section-1', 'example_subdag_operator.section-2', 'example_subdag_operator' retrieved from /home/airflow/.local/lib/python3.12/site-packages/airflow/example_dags/example_subdag_operator.py
[2024-06-13T15:07:39.502+0000] {logging_mixin.py:188} INFO - [2024-06-13T15:07:39.502+0000] {dag.py:3096} INFO - Sync 3 DAGs
[2024-06-13T15:07:39.511+0000] {logging_mixin.py:188} INFO - [2024-06-13T15:07:39.510+0000] {dag.py:3954} INFO - Setting next_dagrun for example_subdag_operator to 2022-01-01 00:00:00+00:00, run_after=2022-01-01 00:00:00+00:00
[2024-06-13T15:07:39.512+0000] {logging_mixin.py:188} INFO - [2024-06-13T15:07:39.512+0000] {dag.py:3954} INFO - Setting next_dagrun for example_subdag_operator.section-1 to None, run_after=None
[2024-06-13T15:07:39.513+0000] {logging_mixin.py:188} INFO - [2024-06-13T15:07:39.513+0000] {dag.py:3954} INFO - Setting next_dagrun for example_subdag_operator.section-2 to None, run_after=None
[2024-06-13T15:07:39.516+0000] {logging_mixin.py:188} INFO - [2024-06-13T15:07:39.516+0000] {dag.py:3096} INFO - Sync 2 DAGs
[2024-06-13T15:07:39.518+0000] {logging_mixin.py:188} INFO - [2024-06-13T15:07:39.518+0000] {dag.py:3954} INFO - Setting next_dagrun for example_subdag_operator.section-1 to None, run_after=None
[2024-06-13T15:07:39.518+0000] {logging_mixin.py:188} INFO - [2024-06-13T15:07:39.518+0000] {dag.py:3954} INFO - Setting next_dagrun for example_subdag_operator.section-2 to None, run_after=None
[2024-06-13T15:07:39.522+0000] {processor.py:183} INFO - Processing /home/airflow/.local/lib/python3.12/site-packages/airflow/example_dags/example_subdag_operator.py took 0.042 seconds
