[2024-06-13T14:56:17.999+0000] {processor.py:161} INFO - Started process (PID=39) to work on /home/airflow/.local/lib/python3.12/site-packages/airflow/example_dags/example_datasets.py
[2024-06-13T14:56:18.006+0000] {processor.py:830} INFO - Processing file /home/airflow/.local/lib/python3.12/site-packages/airflow/example_dags/example_datasets.py for tasks to queue
[2024-06-13T14:56:18.012+0000] {logging_mixin.py:188} INFO - [2024-06-13T14:56:18.011+0000] {dagbag.py:545} INFO - Filling up the DagBag from /home/airflow/.local/lib/python3.12/site-packages/airflow/example_dags/example_datasets.py
[2024-06-13T14:56:18.074+0000] {processor.py:840} INFO - DAG(s) 'dataset_consumes_1', 'consume_1_or_2_with_dataset_expressions', 'consume_1_or_both_2_and_3_with_dataset_expressions', 'dataset_consumes_1_never_scheduled', 'consume_1_and_2_with_dataset_expressions', 'dataset_produces_1', 'dataset_consumes_1_and_2', 'dataset_consumes_unknown_never_scheduled', 'conditional_dataset_and_time_based_timetable', 'dataset_produces_2' retrieved from /home/airflow/.local/lib/python3.12/site-packages/airflow/example_dags/example_datasets.py
[2024-06-13T14:56:18.565+0000] {logging_mixin.py:188} INFO - [2024-06-13T14:56:18.564+0000] {override.py:1829} INFO - Created Permission View: can read on DAG:dataset_consumes_1
[2024-06-13T14:56:18.574+0000] {logging_mixin.py:188} INFO - [2024-06-13T14:56:18.574+0000] {override.py:1829} INFO - Created Permission View: can delete on DAG:dataset_consumes_1
[2024-06-13T14:56:18.590+0000] {logging_mixin.py:188} INFO - [2024-06-13T14:56:18.589+0000] {override.py:1829} INFO - Created Permission View: can edit on DAG:dataset_consumes_1
[2024-06-13T14:56:18.608+0000] {logging_mixin.py:188} INFO - [2024-06-13T14:56:18.607+0000] {override.py:1829} INFO - Created Permission View: can read on DAG:consume_1_or_2_with_dataset_expressions
[2024-06-13T14:56:18.624+0000] {logging_mixin.py:188} INFO - [2024-06-13T14:56:18.624+0000] {override.py:1829} INFO - Created Permission View: can delete on DAG:consume_1_or_2_with_dataset_expressions
[2024-06-13T14:56:18.634+0000] {logging_mixin.py:188} INFO - [2024-06-13T14:56:18.634+0000] {override.py:1829} INFO - Created Permission View: can edit on DAG:consume_1_or_2_with_dataset_expressions
[2024-06-13T14:56:18.661+0000] {logging_mixin.py:188} INFO - [2024-06-13T14:56:18.661+0000] {override.py:1829} INFO - Created Permission View: can read on DAG:consume_1_or_both_2_and_3_with_dataset_expressions
[2024-06-13T14:56:18.667+0000] {logging_mixin.py:188} INFO - [2024-06-13T14:56:18.667+0000] {override.py:1829} INFO - Created Permission View: can delete on DAG:consume_1_or_both_2_and_3_with_dataset_expressions
[2024-06-13T14:56:18.676+0000] {logging_mixin.py:188} INFO - [2024-06-13T14:56:18.675+0000] {override.py:1829} INFO - Created Permission View: can edit on DAG:consume_1_or_both_2_and_3_with_dataset_expressions
[2024-06-13T14:56:18.693+0000] {logging_mixin.py:188} INFO - [2024-06-13T14:56:18.693+0000] {override.py:1829} INFO - Created Permission View: can read on DAG:dataset_consumes_1_never_scheduled
[2024-06-13T14:56:18.702+0000] {logging_mixin.py:188} INFO - [2024-06-13T14:56:18.702+0000] {override.py:1829} INFO - Created Permission View: can delete on DAG:dataset_consumes_1_never_scheduled
[2024-06-13T14:56:18.714+0000] {logging_mixin.py:188} INFO - [2024-06-13T14:56:18.714+0000] {override.py:1829} INFO - Created Permission View: can edit on DAG:dataset_consumes_1_never_scheduled
[2024-06-13T14:56:18.727+0000] {logging_mixin.py:188} INFO - [2024-06-13T14:56:18.727+0000] {override.py:1829} INFO - Created Permission View: can read on DAG:consume_1_and_2_with_dataset_expressions
[2024-06-13T14:56:18.733+0000] {logging_mixin.py:188} INFO - [2024-06-13T14:56:18.733+0000] {override.py:1829} INFO - Created Permission View: can delete on DAG:consume_1_and_2_with_dataset_expressions
[2024-06-13T14:56:18.740+0000] {logging_mixin.py:188} INFO - [2024-06-13T14:56:18.740+0000] {override.py:1829} INFO - Created Permission View: can edit on DAG:consume_1_and_2_with_dataset_expressions
[2024-06-13T14:56:18.750+0000] {logging_mixin.py:188} INFO - [2024-06-13T14:56:18.750+0000] {override.py:1829} INFO - Created Permission View: can read on DAG:dataset_produces_1
[2024-06-13T14:56:18.757+0000] {logging_mixin.py:188} INFO - [2024-06-13T14:56:18.757+0000] {override.py:1829} INFO - Created Permission View: can delete on DAG:dataset_produces_1
[2024-06-13T14:56:18.765+0000] {logging_mixin.py:188} INFO - [2024-06-13T14:56:18.765+0000] {override.py:1829} INFO - Created Permission View: can edit on DAG:dataset_produces_1
[2024-06-13T14:56:18.787+0000] {logging_mixin.py:188} INFO - [2024-06-13T14:56:18.787+0000] {override.py:1829} INFO - Created Permission View: can read on DAG:dataset_consumes_1_and_2
[2024-06-13T14:56:18.796+0000] {logging_mixin.py:188} INFO - [2024-06-13T14:56:18.795+0000] {override.py:1829} INFO - Created Permission View: can delete on DAG:dataset_consumes_1_and_2
[2024-06-13T14:56:18.848+0000] {logging_mixin.py:188} INFO - [2024-06-13T14:56:18.847+0000] {override.py:1829} INFO - Created Permission View: can edit on DAG:dataset_consumes_1_and_2
[2024-06-13T14:56:18.879+0000] {logging_mixin.py:188} INFO - [2024-06-13T14:56:18.879+0000] {override.py:1829} INFO - Created Permission View: can read on DAG:dataset_consumes_unknown_never_scheduled
[2024-06-13T14:56:18.893+0000] {logging_mixin.py:188} INFO - [2024-06-13T14:56:18.892+0000] {override.py:1829} INFO - Created Permission View: can delete on DAG:dataset_consumes_unknown_never_scheduled
[2024-06-13T14:56:18.902+0000] {logging_mixin.py:188} INFO - [2024-06-13T14:56:18.902+0000] {override.py:1829} INFO - Created Permission View: can edit on DAG:dataset_consumes_unknown_never_scheduled
[2024-06-13T14:56:18.917+0000] {logging_mixin.py:188} INFO - [2024-06-13T14:56:18.916+0000] {override.py:1829} INFO - Created Permission View: can read on DAG:conditional_dataset_and_time_based_timetable
[2024-06-13T14:56:18.925+0000] {logging_mixin.py:188} INFO - [2024-06-13T14:56:18.924+0000] {override.py:1829} INFO - Created Permission View: can delete on DAG:conditional_dataset_and_time_based_timetable
[2024-06-13T14:56:18.937+0000] {logging_mixin.py:188} INFO - [2024-06-13T14:56:18.936+0000] {override.py:1829} INFO - Created Permission View: can edit on DAG:conditional_dataset_and_time_based_timetable
[2024-06-13T14:56:18.965+0000] {logging_mixin.py:188} INFO - [2024-06-13T14:56:18.965+0000] {override.py:1829} INFO - Created Permission View: can read on DAG:dataset_produces_2
[2024-06-13T14:56:18.970+0000] {logging_mixin.py:188} INFO - [2024-06-13T14:56:18.970+0000] {override.py:1829} INFO - Created Permission View: can delete on DAG:dataset_produces_2
[2024-06-13T14:56:18.975+0000] {logging_mixin.py:188} INFO - [2024-06-13T14:56:18.975+0000] {override.py:1829} INFO - Created Permission View: can edit on DAG:dataset_produces_2
[2024-06-13T14:56:18.976+0000] {logging_mixin.py:188} INFO - [2024-06-13T14:56:18.976+0000] {dag.py:3096} INFO - Sync 10 DAGs
[2024-06-13T14:56:18.996+0000] {logging_mixin.py:188} INFO - [2024-06-13T14:56:18.996+0000] {dag.py:3118} INFO - Creating ORM DAG for dataset_consumes_unknown_never_scheduled
[2024-06-13T14:56:18.999+0000] {logging_mixin.py:188} INFO - [2024-06-13T14:56:18.999+0000] {dag.py:3118} INFO - Creating ORM DAG for conditional_dataset_and_time_based_timetable
[2024-06-13T14:56:19.001+0000] {logging_mixin.py:188} INFO - [2024-06-13T14:56:19.000+0000] {dag.py:3118} INFO - Creating ORM DAG for dataset_consumes_1
[2024-06-13T14:56:19.002+0000] {logging_mixin.py:188} INFO - [2024-06-13T14:56:19.001+0000] {dag.py:3118} INFO - Creating ORM DAG for consume_1_or_both_2_and_3_with_dataset_expressions
[2024-06-13T14:56:19.004+0000] {logging_mixin.py:188} INFO - [2024-06-13T14:56:19.004+0000] {dag.py:3118} INFO - Creating ORM DAG for dataset_produces_2
[2024-06-13T14:56:19.005+0000] {logging_mixin.py:188} INFO - [2024-06-13T14:56:19.005+0000] {dag.py:3118} INFO - Creating ORM DAG for dataset_consumes_1_and_2
[2024-06-13T14:56:19.006+0000] {logging_mixin.py:188} INFO - [2024-06-13T14:56:19.006+0000] {dag.py:3118} INFO - Creating ORM DAG for consume_1_or_2_with_dataset_expressions
[2024-06-13T14:56:19.007+0000] {logging_mixin.py:188} INFO - [2024-06-13T14:56:19.007+0000] {dag.py:3118} INFO - Creating ORM DAG for consume_1_and_2_with_dataset_expressions
[2024-06-13T14:56:19.008+0000] {logging_mixin.py:188} INFO - [2024-06-13T14:56:19.008+0000] {dag.py:3118} INFO - Creating ORM DAG for dataset_consumes_1_never_scheduled
[2024-06-13T14:56:19.011+0000] {logging_mixin.py:188} INFO - [2024-06-13T14:56:19.011+0000] {dag.py:3118} INFO - Creating ORM DAG for dataset_produces_1
[2024-06-13T14:56:19.029+0000] {logging_mixin.py:188} INFO - [2024-06-13T14:56:19.029+0000] {dag.py:3954} INFO - Setting next_dagrun for conditional_dataset_and_time_based_timetable to 2024-06-12 01:00:00+00:00, run_after=2024-06-12 01:00:00+00:00
[2024-06-13T14:56:19.032+0000] {logging_mixin.py:188} INFO - [2024-06-13T14:56:19.032+0000] {dag.py:3954} INFO - Setting next_dagrun for consume_1_and_2_with_dataset_expressions to None, run_after=None
[2024-06-13T14:56:19.036+0000] {logging_mixin.py:188} INFO - [2024-06-13T14:56:19.036+0000] {dag.py:3954} INFO - Setting next_dagrun for consume_1_or_2_with_dataset_expressions to None, run_after=None
[2024-06-13T14:56:19.038+0000] {logging_mixin.py:188} INFO - [2024-06-13T14:56:19.037+0000] {dag.py:3954} INFO - Setting next_dagrun for consume_1_or_both_2_and_3_with_dataset_expressions to None, run_after=None
[2024-06-13T14:56:19.039+0000] {logging_mixin.py:188} INFO - [2024-06-13T14:56:19.039+0000] {dag.py:3954} INFO - Setting next_dagrun for dataset_consumes_1 to None, run_after=None
[2024-06-13T14:56:19.041+0000] {logging_mixin.py:188} INFO - [2024-06-13T14:56:19.041+0000] {dag.py:3954} INFO - Setting next_dagrun for dataset_consumes_1_and_2 to None, run_after=None
[2024-06-13T14:56:19.042+0000] {logging_mixin.py:188} INFO - [2024-06-13T14:56:19.042+0000] {dag.py:3954} INFO - Setting next_dagrun for dataset_consumes_1_never_scheduled to None, run_after=None
[2024-06-13T14:56:19.044+0000] {logging_mixin.py:188} INFO - [2024-06-13T14:56:19.043+0000] {dag.py:3954} INFO - Setting next_dagrun for dataset_consumes_unknown_never_scheduled to None, run_after=None
[2024-06-13T14:56:19.046+0000] {logging_mixin.py:188} INFO - [2024-06-13T14:56:19.046+0000] {dag.py:3954} INFO - Setting next_dagrun for dataset_produces_1 to 2024-06-12 00:00:00+00:00, run_after=2024-06-13 00:00:00+00:00
[2024-06-13T14:56:19.048+0000] {logging_mixin.py:188} INFO - [2024-06-13T14:56:19.048+0000] {dag.py:3954} INFO - Setting next_dagrun for dataset_produces_2 to None, run_after=None
[2024-06-13T14:56:19.135+0000] {processor.py:183} INFO - Processing /home/airflow/.local/lib/python3.12/site-packages/airflow/example_dags/example_datasets.py took 1.170 seconds
[2024-06-13T14:56:49.453+0000] {processor.py:161} INFO - Started process (PID=97) to work on /home/airflow/.local/lib/python3.12/site-packages/airflow/example_dags/example_datasets.py
[2024-06-13T14:56:49.454+0000] {processor.py:830} INFO - Processing file /home/airflow/.local/lib/python3.12/site-packages/airflow/example_dags/example_datasets.py for tasks to queue
[2024-06-13T14:56:49.456+0000] {logging_mixin.py:188} INFO - [2024-06-13T14:56:49.456+0000] {dagbag.py:545} INFO - Filling up the DagBag from /home/airflow/.local/lib/python3.12/site-packages/airflow/example_dags/example_datasets.py
[2024-06-13T14:56:49.519+0000] {processor.py:840} INFO - DAG(s) 'dataset_consumes_1_and_2', 'dataset_consumes_1', 'consume_1_or_2_with_dataset_expressions', 'dataset_produces_1', 'consume_1_or_both_2_and_3_with_dataset_expressions', 'dataset_consumes_unknown_never_scheduled', 'dataset_produces_2', 'conditional_dataset_and_time_based_timetable', 'consume_1_and_2_with_dataset_expressions', 'dataset_consumes_1_never_scheduled' retrieved from /home/airflow/.local/lib/python3.12/site-packages/airflow/example_dags/example_datasets.py
[2024-06-13T14:56:49.571+0000] {logging_mixin.py:188} INFO - [2024-06-13T14:56:49.571+0000] {dag.py:3096} INFO - Sync 10 DAGs
[2024-06-13T14:56:49.586+0000] {logging_mixin.py:188} INFO - [2024-06-13T14:56:49.586+0000] {dag.py:3954} INFO - Setting next_dagrun for conditional_dataset_and_time_based_timetable to 2024-06-12 01:00:00+00:00, run_after=2024-06-12 01:00:00+00:00
[2024-06-13T14:56:49.588+0000] {logging_mixin.py:188} INFO - [2024-06-13T14:56:49.588+0000] {dag.py:3954} INFO - Setting next_dagrun for consume_1_and_2_with_dataset_expressions to None, run_after=None
[2024-06-13T14:56:49.589+0000] {logging_mixin.py:188} INFO - [2024-06-13T14:56:49.589+0000] {dag.py:3954} INFO - Setting next_dagrun for consume_1_or_2_with_dataset_expressions to None, run_after=None
[2024-06-13T14:56:49.589+0000] {logging_mixin.py:188} INFO - [2024-06-13T14:56:49.589+0000] {dag.py:3954} INFO - Setting next_dagrun for consume_1_or_both_2_and_3_with_dataset_expressions to None, run_after=None
[2024-06-13T14:56:49.590+0000] {logging_mixin.py:188} INFO - [2024-06-13T14:56:49.590+0000] {dag.py:3954} INFO - Setting next_dagrun for dataset_consumes_1 to None, run_after=None
[2024-06-13T14:56:49.591+0000] {logging_mixin.py:188} INFO - [2024-06-13T14:56:49.591+0000] {dag.py:3954} INFO - Setting next_dagrun for dataset_consumes_1_and_2 to None, run_after=None
[2024-06-13T14:56:49.592+0000] {logging_mixin.py:188} INFO - [2024-06-13T14:56:49.592+0000] {dag.py:3954} INFO - Setting next_dagrun for dataset_consumes_1_never_scheduled to None, run_after=None
[2024-06-13T14:56:49.592+0000] {logging_mixin.py:188} INFO - [2024-06-13T14:56:49.592+0000] {dag.py:3954} INFO - Setting next_dagrun for dataset_consumes_unknown_never_scheduled to None, run_after=None
[2024-06-13T14:56:49.593+0000] {logging_mixin.py:188} INFO - [2024-06-13T14:56:49.593+0000] {dag.py:3954} INFO - Setting next_dagrun for dataset_produces_1 to 2024-06-12 00:00:00+00:00, run_after=2024-06-13 00:00:00+00:00
[2024-06-13T14:56:49.594+0000] {logging_mixin.py:188} INFO - [2024-06-13T14:56:49.594+0000] {dag.py:3954} INFO - Setting next_dagrun for dataset_produces_2 to None, run_after=None
[2024-06-13T14:56:49.640+0000] {processor.py:183} INFO - Processing /home/airflow/.local/lib/python3.12/site-packages/airflow/example_dags/example_datasets.py took 0.192 seconds
[2024-06-13T14:57:20.172+0000] {processor.py:161} INFO - Started process (PID=155) to work on /home/airflow/.local/lib/python3.12/site-packages/airflow/example_dags/example_datasets.py
[2024-06-13T14:57:20.178+0000] {processor.py:830} INFO - Processing file /home/airflow/.local/lib/python3.12/site-packages/airflow/example_dags/example_datasets.py for tasks to queue
[2024-06-13T14:57:20.202+0000] {logging_mixin.py:188} INFO - [2024-06-13T14:57:20.201+0000] {dagbag.py:545} INFO - Filling up the DagBag from /home/airflow/.local/lib/python3.12/site-packages/airflow/example_dags/example_datasets.py
[2024-06-13T14:57:20.345+0000] {processor.py:840} INFO - DAG(s) 'dataset_consumes_1', 'dataset_produces_1', 'consume_1_or_2_with_dataset_expressions', 'consume_1_or_both_2_and_3_with_dataset_expressions', 'conditional_dataset_and_time_based_timetable', 'consume_1_and_2_with_dataset_expressions', 'dataset_consumes_unknown_never_scheduled', 'dataset_consumes_1_never_scheduled', 'dataset_produces_2', 'dataset_consumes_1_and_2' retrieved from /home/airflow/.local/lib/python3.12/site-packages/airflow/example_dags/example_datasets.py
[2024-06-13T14:57:20.401+0000] {logging_mixin.py:188} INFO - [2024-06-13T14:57:20.400+0000] {dag.py:3096} INFO - Sync 10 DAGs
[2024-06-13T14:57:20.417+0000] {logging_mixin.py:188} INFO - [2024-06-13T14:57:20.417+0000] {dag.py:3954} INFO - Setting next_dagrun for conditional_dataset_and_time_based_timetable to 2024-06-12 01:00:00+00:00, run_after=2024-06-12 01:00:00+00:00
[2024-06-13T14:57:20.420+0000] {logging_mixin.py:188} INFO - [2024-06-13T14:57:20.420+0000] {dag.py:3954} INFO - Setting next_dagrun for consume_1_and_2_with_dataset_expressions to None, run_after=None
[2024-06-13T14:57:20.420+0000] {logging_mixin.py:188} INFO - [2024-06-13T14:57:20.420+0000] {dag.py:3954} INFO - Setting next_dagrun for consume_1_or_2_with_dataset_expressions to None, run_after=None
[2024-06-13T14:57:20.421+0000] {logging_mixin.py:188} INFO - [2024-06-13T14:57:20.421+0000] {dag.py:3954} INFO - Setting next_dagrun for consume_1_or_both_2_and_3_with_dataset_expressions to None, run_after=None
[2024-06-13T14:57:20.422+0000] {logging_mixin.py:188} INFO - [2024-06-13T14:57:20.422+0000] {dag.py:3954} INFO - Setting next_dagrun for dataset_consumes_1 to None, run_after=None
[2024-06-13T14:57:20.422+0000] {logging_mixin.py:188} INFO - [2024-06-13T14:57:20.422+0000] {dag.py:3954} INFO - Setting next_dagrun for dataset_consumes_1_and_2 to None, run_after=None
[2024-06-13T14:57:20.423+0000] {logging_mixin.py:188} INFO - [2024-06-13T14:57:20.423+0000] {dag.py:3954} INFO - Setting next_dagrun for dataset_consumes_1_never_scheduled to None, run_after=None
[2024-06-13T14:57:20.423+0000] {logging_mixin.py:188} INFO - [2024-06-13T14:57:20.423+0000] {dag.py:3954} INFO - Setting next_dagrun for dataset_consumes_unknown_never_scheduled to None, run_after=None
[2024-06-13T14:57:20.424+0000] {logging_mixin.py:188} INFO - [2024-06-13T14:57:20.424+0000] {dag.py:3954} INFO - Setting next_dagrun for dataset_produces_1 to 2024-06-12 00:00:00+00:00, run_after=2024-06-13 00:00:00+00:00
[2024-06-13T14:57:20.425+0000] {logging_mixin.py:188} INFO - [2024-06-13T14:57:20.425+0000] {dag.py:3954} INFO - Setting next_dagrun for dataset_produces_2 to None, run_after=None
[2024-06-13T14:57:20.451+0000] {processor.py:183} INFO - Processing /home/airflow/.local/lib/python3.12/site-packages/airflow/example_dags/example_datasets.py took 0.291 seconds
[2024-06-13T14:57:51.097+0000] {processor.py:161} INFO - Started process (PID=213) to work on /home/airflow/.local/lib/python3.12/site-packages/airflow/example_dags/example_datasets.py
[2024-06-13T14:57:51.098+0000] {processor.py:830} INFO - Processing file /home/airflow/.local/lib/python3.12/site-packages/airflow/example_dags/example_datasets.py for tasks to queue
[2024-06-13T14:57:51.100+0000] {logging_mixin.py:188} INFO - [2024-06-13T14:57:51.100+0000] {dagbag.py:545} INFO - Filling up the DagBag from /home/airflow/.local/lib/python3.12/site-packages/airflow/example_dags/example_datasets.py
[2024-06-13T14:57:51.127+0000] {processor.py:840} INFO - DAG(s) 'dataset_consumes_1', 'dataset_consumes_unknown_never_scheduled', 'consume_1_and_2_with_dataset_expressions', 'dataset_consumes_1_and_2', 'dataset_produces_2', 'consume_1_or_2_with_dataset_expressions', 'dataset_consumes_1_never_scheduled', 'dataset_produces_1', 'conditional_dataset_and_time_based_timetable', 'consume_1_or_both_2_and_3_with_dataset_expressions' retrieved from /home/airflow/.local/lib/python3.12/site-packages/airflow/example_dags/example_datasets.py
[2024-06-13T14:57:51.177+0000] {logging_mixin.py:188} INFO - [2024-06-13T14:57:51.176+0000] {dag.py:3096} INFO - Sync 10 DAGs
[2024-06-13T14:57:51.204+0000] {logging_mixin.py:188} INFO - [2024-06-13T14:57:51.204+0000] {dag.py:3954} INFO - Setting next_dagrun for conditional_dataset_and_time_based_timetable to 2024-06-12 01:00:00+00:00, run_after=2024-06-12 01:00:00+00:00
[2024-06-13T14:57:51.207+0000] {logging_mixin.py:188} INFO - [2024-06-13T14:57:51.207+0000] {dag.py:3954} INFO - Setting next_dagrun for consume_1_and_2_with_dataset_expressions to None, run_after=None
[2024-06-13T14:57:51.208+0000] {logging_mixin.py:188} INFO - [2024-06-13T14:57:51.208+0000] {dag.py:3954} INFO - Setting next_dagrun for consume_1_or_2_with_dataset_expressions to None, run_after=None
[2024-06-13T14:57:51.208+0000] {logging_mixin.py:188} INFO - [2024-06-13T14:57:51.208+0000] {dag.py:3954} INFO - Setting next_dagrun for consume_1_or_both_2_and_3_with_dataset_expressions to None, run_after=None
[2024-06-13T14:57:51.209+0000] {logging_mixin.py:188} INFO - [2024-06-13T14:57:51.209+0000] {dag.py:3954} INFO - Setting next_dagrun for dataset_consumes_1 to None, run_after=None
[2024-06-13T14:57:51.210+0000] {logging_mixin.py:188} INFO - [2024-06-13T14:57:51.210+0000] {dag.py:3954} INFO - Setting next_dagrun for dataset_consumes_1_and_2 to None, run_after=None
[2024-06-13T14:57:51.210+0000] {logging_mixin.py:188} INFO - [2024-06-13T14:57:51.210+0000] {dag.py:3954} INFO - Setting next_dagrun for dataset_consumes_1_never_scheduled to None, run_after=None
[2024-06-13T14:57:51.211+0000] {logging_mixin.py:188} INFO - [2024-06-13T14:57:51.211+0000] {dag.py:3954} INFO - Setting next_dagrun for dataset_consumes_unknown_never_scheduled to None, run_after=None
[2024-06-13T14:57:51.213+0000] {logging_mixin.py:188} INFO - [2024-06-13T14:57:51.212+0000] {dag.py:3954} INFO - Setting next_dagrun for dataset_produces_1 to 2024-06-12 00:00:00+00:00, run_after=2024-06-13 00:00:00+00:00
[2024-06-13T14:57:51.213+0000] {logging_mixin.py:188} INFO - [2024-06-13T14:57:51.213+0000] {dag.py:3954} INFO - Setting next_dagrun for dataset_produces_2 to None, run_after=None
[2024-06-13T14:57:51.250+0000] {processor.py:183} INFO - Processing /home/airflow/.local/lib/python3.12/site-packages/airflow/example_dags/example_datasets.py took 0.159 seconds
[2024-06-13T14:58:22.178+0000] {processor.py:161} INFO - Started process (PID=271) to work on /home/airflow/.local/lib/python3.12/site-packages/airflow/example_dags/example_datasets.py
[2024-06-13T14:58:22.179+0000] {processor.py:830} INFO - Processing file /home/airflow/.local/lib/python3.12/site-packages/airflow/example_dags/example_datasets.py for tasks to queue
[2024-06-13T14:58:22.180+0000] {logging_mixin.py:188} INFO - [2024-06-13T14:58:22.180+0000] {dagbag.py:545} INFO - Filling up the DagBag from /home/airflow/.local/lib/python3.12/site-packages/airflow/example_dags/example_datasets.py
[2024-06-13T14:58:22.187+0000] {processor.py:840} INFO - DAG(s) 'consume_1_or_2_with_dataset_expressions', 'dataset_consumes_1', 'conditional_dataset_and_time_based_timetable', 'dataset_consumes_unknown_never_scheduled', 'dataset_produces_1', 'dataset_consumes_1_never_scheduled', 'consume_1_and_2_with_dataset_expressions', 'dataset_produces_2', 'consume_1_or_both_2_and_3_with_dataset_expressions', 'dataset_consumes_1_and_2' retrieved from /home/airflow/.local/lib/python3.12/site-packages/airflow/example_dags/example_datasets.py
[2024-06-13T14:58:22.208+0000] {logging_mixin.py:188} INFO - [2024-06-13T14:58:22.208+0000] {dag.py:3096} INFO - Sync 10 DAGs
[2024-06-13T14:58:22.219+0000] {logging_mixin.py:188} INFO - [2024-06-13T14:58:22.219+0000] {dag.py:3954} INFO - Setting next_dagrun for conditional_dataset_and_time_based_timetable to 2024-06-12 01:00:00+00:00, run_after=2024-06-12 01:00:00+00:00
[2024-06-13T14:58:22.221+0000] {logging_mixin.py:188} INFO - [2024-06-13T14:58:22.221+0000] {dag.py:3954} INFO - Setting next_dagrun for consume_1_and_2_with_dataset_expressions to None, run_after=None
[2024-06-13T14:58:22.222+0000] {logging_mixin.py:188} INFO - [2024-06-13T14:58:22.222+0000] {dag.py:3954} INFO - Setting next_dagrun for consume_1_or_2_with_dataset_expressions to None, run_after=None
[2024-06-13T14:58:22.222+0000] {logging_mixin.py:188} INFO - [2024-06-13T14:58:22.222+0000] {dag.py:3954} INFO - Setting next_dagrun for consume_1_or_both_2_and_3_with_dataset_expressions to None, run_after=None
[2024-06-13T14:58:22.223+0000] {logging_mixin.py:188} INFO - [2024-06-13T14:58:22.223+0000] {dag.py:3954} INFO - Setting next_dagrun for dataset_consumes_1 to None, run_after=None
[2024-06-13T14:58:22.224+0000] {logging_mixin.py:188} INFO - [2024-06-13T14:58:22.223+0000] {dag.py:3954} INFO - Setting next_dagrun for dataset_consumes_1_and_2 to None, run_after=None
[2024-06-13T14:58:22.224+0000] {logging_mixin.py:188} INFO - [2024-06-13T14:58:22.224+0000] {dag.py:3954} INFO - Setting next_dagrun for dataset_consumes_1_never_scheduled to None, run_after=None
[2024-06-13T14:58:22.225+0000] {logging_mixin.py:188} INFO - [2024-06-13T14:58:22.225+0000] {dag.py:3954} INFO - Setting next_dagrun for dataset_consumes_unknown_never_scheduled to None, run_after=None
[2024-06-13T14:58:22.226+0000] {logging_mixin.py:188} INFO - [2024-06-13T14:58:22.226+0000] {dag.py:3954} INFO - Setting next_dagrun for dataset_produces_1 to 2024-06-12 00:00:00+00:00, run_after=2024-06-13 00:00:00+00:00
[2024-06-13T14:58:22.226+0000] {logging_mixin.py:188} INFO - [2024-06-13T14:58:22.226+0000] {dag.py:3954} INFO - Setting next_dagrun for dataset_produces_2 to None, run_after=None
[2024-06-13T14:58:22.240+0000] {processor.py:183} INFO - Processing /home/airflow/.local/lib/python3.12/site-packages/airflow/example_dags/example_datasets.py took 0.065 seconds
[2024-06-13T14:58:53.264+0000] {processor.py:161} INFO - Started process (PID=329) to work on /home/airflow/.local/lib/python3.12/site-packages/airflow/example_dags/example_datasets.py
[2024-06-13T14:58:53.264+0000] {processor.py:830} INFO - Processing file /home/airflow/.local/lib/python3.12/site-packages/airflow/example_dags/example_datasets.py for tasks to queue
[2024-06-13T14:58:53.265+0000] {logging_mixin.py:188} INFO - [2024-06-13T14:58:53.265+0000] {dagbag.py:545} INFO - Filling up the DagBag from /home/airflow/.local/lib/python3.12/site-packages/airflow/example_dags/example_datasets.py
[2024-06-13T14:58:53.271+0000] {processor.py:840} INFO - DAG(s) 'dataset_produces_2', 'dataset_consumes_1_never_scheduled', 'dataset_produces_1', 'conditional_dataset_and_time_based_timetable', 'dataset_consumes_unknown_never_scheduled', 'consume_1_and_2_with_dataset_expressions', 'dataset_consumes_1_and_2', 'consume_1_or_both_2_and_3_with_dataset_expressions', 'dataset_consumes_1', 'consume_1_or_2_with_dataset_expressions' retrieved from /home/airflow/.local/lib/python3.12/site-packages/airflow/example_dags/example_datasets.py
[2024-06-13T14:58:53.290+0000] {logging_mixin.py:188} INFO - [2024-06-13T14:58:53.290+0000] {dag.py:3096} INFO - Sync 10 DAGs
[2024-06-13T14:58:53.300+0000] {logging_mixin.py:188} INFO - [2024-06-13T14:58:53.300+0000] {dag.py:3954} INFO - Setting next_dagrun for conditional_dataset_and_time_based_timetable to 2024-06-12 01:00:00+00:00, run_after=2024-06-12 01:00:00+00:00
[2024-06-13T14:58:53.302+0000] {logging_mixin.py:188} INFO - [2024-06-13T14:58:53.302+0000] {dag.py:3954} INFO - Setting next_dagrun for consume_1_and_2_with_dataset_expressions to None, run_after=None
[2024-06-13T14:58:53.302+0000] {logging_mixin.py:188} INFO - [2024-06-13T14:58:53.302+0000] {dag.py:3954} INFO - Setting next_dagrun for consume_1_or_2_with_dataset_expressions to None, run_after=None
[2024-06-13T14:58:53.303+0000] {logging_mixin.py:188} INFO - [2024-06-13T14:58:53.303+0000] {dag.py:3954} INFO - Setting next_dagrun for consume_1_or_both_2_and_3_with_dataset_expressions to None, run_after=None
[2024-06-13T14:58:53.304+0000] {logging_mixin.py:188} INFO - [2024-06-13T14:58:53.303+0000] {dag.py:3954} INFO - Setting next_dagrun for dataset_consumes_1 to None, run_after=None
[2024-06-13T14:58:53.304+0000] {logging_mixin.py:188} INFO - [2024-06-13T14:58:53.304+0000] {dag.py:3954} INFO - Setting next_dagrun for dataset_consumes_1_and_2 to None, run_after=None
[2024-06-13T14:58:53.305+0000] {logging_mixin.py:188} INFO - [2024-06-13T14:58:53.305+0000] {dag.py:3954} INFO - Setting next_dagrun for dataset_consumes_1_never_scheduled to None, run_after=None
[2024-06-13T14:58:53.305+0000] {logging_mixin.py:188} INFO - [2024-06-13T14:58:53.305+0000] {dag.py:3954} INFO - Setting next_dagrun for dataset_consumes_unknown_never_scheduled to None, run_after=None
[2024-06-13T14:58:53.306+0000] {logging_mixin.py:188} INFO - [2024-06-13T14:58:53.306+0000] {dag.py:3954} INFO - Setting next_dagrun for dataset_produces_1 to 2024-06-12 00:00:00+00:00, run_after=2024-06-13 00:00:00+00:00
[2024-06-13T14:58:53.307+0000] {logging_mixin.py:188} INFO - [2024-06-13T14:58:53.307+0000] {dag.py:3954} INFO - Setting next_dagrun for dataset_produces_2 to None, run_after=None
[2024-06-13T14:58:53.320+0000] {processor.py:183} INFO - Processing /home/airflow/.local/lib/python3.12/site-packages/airflow/example_dags/example_datasets.py took 0.059 seconds
[2024-06-13T14:59:23.394+0000] {processor.py:161} INFO - Started process (PID=388) to work on /home/airflow/.local/lib/python3.12/site-packages/airflow/example_dags/example_datasets.py
[2024-06-13T14:59:23.394+0000] {processor.py:830} INFO - Processing file /home/airflow/.local/lib/python3.12/site-packages/airflow/example_dags/example_datasets.py for tasks to queue
[2024-06-13T14:59:23.395+0000] {logging_mixin.py:188} INFO - [2024-06-13T14:59:23.395+0000] {dagbag.py:545} INFO - Filling up the DagBag from /home/airflow/.local/lib/python3.12/site-packages/airflow/example_dags/example_datasets.py
[2024-06-13T14:59:23.402+0000] {processor.py:840} INFO - DAG(s) 'dataset_produces_2', 'consume_1_and_2_with_dataset_expressions', 'dataset_consumes_1_never_scheduled', 'dataset_consumes_1_and_2', 'conditional_dataset_and_time_based_timetable', 'dataset_consumes_1', 'consume_1_or_both_2_and_3_with_dataset_expressions', 'dataset_consumes_unknown_never_scheduled', 'dataset_produces_1', 'consume_1_or_2_with_dataset_expressions' retrieved from /home/airflow/.local/lib/python3.12/site-packages/airflow/example_dags/example_datasets.py
[2024-06-13T14:59:23.423+0000] {logging_mixin.py:188} INFO - [2024-06-13T14:59:23.422+0000] {dag.py:3096} INFO - Sync 10 DAGs
[2024-06-13T14:59:23.433+0000] {logging_mixin.py:188} INFO - [2024-06-13T14:59:23.433+0000] {dag.py:3954} INFO - Setting next_dagrun for conditional_dataset_and_time_based_timetable to 2024-06-12 01:00:00+00:00, run_after=2024-06-12 01:00:00+00:00
[2024-06-13T14:59:23.436+0000] {logging_mixin.py:188} INFO - [2024-06-13T14:59:23.436+0000] {dag.py:3954} INFO - Setting next_dagrun for consume_1_and_2_with_dataset_expressions to None, run_after=None
[2024-06-13T14:59:23.437+0000] {logging_mixin.py:188} INFO - [2024-06-13T14:59:23.437+0000] {dag.py:3954} INFO - Setting next_dagrun for consume_1_or_2_with_dataset_expressions to None, run_after=None
[2024-06-13T14:59:23.437+0000] {logging_mixin.py:188} INFO - [2024-06-13T14:59:23.437+0000] {dag.py:3954} INFO - Setting next_dagrun for consume_1_or_both_2_and_3_with_dataset_expressions to None, run_after=None
[2024-06-13T14:59:23.438+0000] {logging_mixin.py:188} INFO - [2024-06-13T14:59:23.438+0000] {dag.py:3954} INFO - Setting next_dagrun for dataset_consumes_1 to None, run_after=None
[2024-06-13T14:59:23.438+0000] {logging_mixin.py:188} INFO - [2024-06-13T14:59:23.438+0000] {dag.py:3954} INFO - Setting next_dagrun for dataset_consumes_1_and_2 to None, run_after=None
[2024-06-13T14:59:23.439+0000] {logging_mixin.py:188} INFO - [2024-06-13T14:59:23.439+0000] {dag.py:3954} INFO - Setting next_dagrun for dataset_consumes_1_never_scheduled to None, run_after=None
[2024-06-13T14:59:23.439+0000] {logging_mixin.py:188} INFO - [2024-06-13T14:59:23.439+0000] {dag.py:3954} INFO - Setting next_dagrun for dataset_consumes_unknown_never_scheduled to None, run_after=None
[2024-06-13T14:59:23.440+0000] {logging_mixin.py:188} INFO - [2024-06-13T14:59:23.440+0000] {dag.py:3954} INFO - Setting next_dagrun for dataset_produces_1 to 2024-06-12 00:00:00+00:00, run_after=2024-06-13 00:00:00+00:00
[2024-06-13T14:59:23.441+0000] {logging_mixin.py:188} INFO - [2024-06-13T14:59:23.441+0000] {dag.py:3954} INFO - Setting next_dagrun for dataset_produces_2 to None, run_after=None
[2024-06-13T14:59:23.455+0000] {processor.py:183} INFO - Processing /home/airflow/.local/lib/python3.12/site-packages/airflow/example_dags/example_datasets.py took 0.064 seconds
[2024-06-13T14:59:54.170+0000] {processor.py:161} INFO - Started process (PID=445) to work on /home/airflow/.local/lib/python3.12/site-packages/airflow/example_dags/example_datasets.py
[2024-06-13T14:59:54.172+0000] {processor.py:830} INFO - Processing file /home/airflow/.local/lib/python3.12/site-packages/airflow/example_dags/example_datasets.py for tasks to queue
[2024-06-13T14:59:54.173+0000] {logging_mixin.py:188} INFO - [2024-06-13T14:59:54.173+0000] {dagbag.py:545} INFO - Filling up the DagBag from /home/airflow/.local/lib/python3.12/site-packages/airflow/example_dags/example_datasets.py
[2024-06-13T14:59:54.180+0000] {processor.py:840} INFO - DAG(s) 'dataset_produces_1', 'conditional_dataset_and_time_based_timetable', 'dataset_consumes_1', 'consume_1_and_2_with_dataset_expressions', 'dataset_consumes_1_never_scheduled', 'dataset_produces_2', 'consume_1_or_both_2_and_3_with_dataset_expressions', 'dataset_consumes_unknown_never_scheduled', 'dataset_consumes_1_and_2', 'consume_1_or_2_with_dataset_expressions' retrieved from /home/airflow/.local/lib/python3.12/site-packages/airflow/example_dags/example_datasets.py
[2024-06-13T14:59:54.201+0000] {logging_mixin.py:188} INFO - [2024-06-13T14:59:54.201+0000] {dag.py:3096} INFO - Sync 10 DAGs
[2024-06-13T14:59:54.212+0000] {logging_mixin.py:188} INFO - [2024-06-13T14:59:54.212+0000] {dag.py:3954} INFO - Setting next_dagrun for conditional_dataset_and_time_based_timetable to 2024-06-12 01:00:00+00:00, run_after=2024-06-12 01:00:00+00:00
[2024-06-13T14:59:54.217+0000] {logging_mixin.py:188} INFO - [2024-06-13T14:59:54.217+0000] {dag.py:3954} INFO - Setting next_dagrun for consume_1_and_2_with_dataset_expressions to None, run_after=None
[2024-06-13T14:59:54.217+0000] {logging_mixin.py:188} INFO - [2024-06-13T14:59:54.217+0000] {dag.py:3954} INFO - Setting next_dagrun for consume_1_or_2_with_dataset_expressions to None, run_after=None
[2024-06-13T14:59:54.218+0000] {logging_mixin.py:188} INFO - [2024-06-13T14:59:54.218+0000] {dag.py:3954} INFO - Setting next_dagrun for consume_1_or_both_2_and_3_with_dataset_expressions to None, run_after=None
[2024-06-13T14:59:54.219+0000] {logging_mixin.py:188} INFO - [2024-06-13T14:59:54.219+0000] {dag.py:3954} INFO - Setting next_dagrun for dataset_consumes_1 to None, run_after=None
[2024-06-13T14:59:54.219+0000] {logging_mixin.py:188} INFO - [2024-06-13T14:59:54.219+0000] {dag.py:3954} INFO - Setting next_dagrun for dataset_consumes_1_and_2 to None, run_after=None
[2024-06-13T14:59:54.220+0000] {logging_mixin.py:188} INFO - [2024-06-13T14:59:54.220+0000] {dag.py:3954} INFO - Setting next_dagrun for dataset_consumes_1_never_scheduled to None, run_after=None
[2024-06-13T14:59:54.220+0000] {logging_mixin.py:188} INFO - [2024-06-13T14:59:54.220+0000] {dag.py:3954} INFO - Setting next_dagrun for dataset_consumes_unknown_never_scheduled to None, run_after=None
[2024-06-13T14:59:54.221+0000] {logging_mixin.py:188} INFO - [2024-06-13T14:59:54.221+0000] {dag.py:3954} INFO - Setting next_dagrun for dataset_produces_1 to 2024-06-12 00:00:00+00:00, run_after=2024-06-13 00:00:00+00:00
[2024-06-13T14:59:54.222+0000] {logging_mixin.py:188} INFO - [2024-06-13T14:59:54.222+0000] {dag.py:3954} INFO - Setting next_dagrun for dataset_produces_2 to None, run_after=None
[2024-06-13T14:59:54.236+0000] {processor.py:183} INFO - Processing /home/airflow/.local/lib/python3.12/site-packages/airflow/example_dags/example_datasets.py took 0.069 seconds
[2024-06-13T15:00:24.873+0000] {processor.py:161} INFO - Started process (PID=503) to work on /home/airflow/.local/lib/python3.12/site-packages/airflow/example_dags/example_datasets.py
[2024-06-13T15:00:24.873+0000] {processor.py:830} INFO - Processing file /home/airflow/.local/lib/python3.12/site-packages/airflow/example_dags/example_datasets.py for tasks to queue
[2024-06-13T15:00:24.874+0000] {logging_mixin.py:188} INFO - [2024-06-13T15:00:24.874+0000] {dagbag.py:545} INFO - Filling up the DagBag from /home/airflow/.local/lib/python3.12/site-packages/airflow/example_dags/example_datasets.py
[2024-06-13T15:00:24.881+0000] {processor.py:840} INFO - DAG(s) 'dataset_produces_1', 'dataset_produces_2', 'conditional_dataset_and_time_based_timetable', 'dataset_consumes_1', 'dataset_consumes_1_and_2', 'dataset_consumes_unknown_never_scheduled', 'dataset_consumes_1_never_scheduled', 'consume_1_or_2_with_dataset_expressions', 'consume_1_and_2_with_dataset_expressions', 'consume_1_or_both_2_and_3_with_dataset_expressions' retrieved from /home/airflow/.local/lib/python3.12/site-packages/airflow/example_dags/example_datasets.py
[2024-06-13T15:00:24.903+0000] {logging_mixin.py:188} INFO - [2024-06-13T15:00:24.903+0000] {dag.py:3096} INFO - Sync 10 DAGs
[2024-06-13T15:00:24.914+0000] {logging_mixin.py:188} INFO - [2024-06-13T15:00:24.913+0000] {dag.py:3954} INFO - Setting next_dagrun for conditional_dataset_and_time_based_timetable to 2024-06-12 01:00:00+00:00, run_after=2024-06-12 01:00:00+00:00
[2024-06-13T15:00:24.916+0000] {logging_mixin.py:188} INFO - [2024-06-13T15:00:24.916+0000] {dag.py:3954} INFO - Setting next_dagrun for consume_1_and_2_with_dataset_expressions to None, run_after=None
[2024-06-13T15:00:24.917+0000] {logging_mixin.py:188} INFO - [2024-06-13T15:00:24.917+0000] {dag.py:3954} INFO - Setting next_dagrun for consume_1_or_2_with_dataset_expressions to None, run_after=None
[2024-06-13T15:00:24.918+0000] {logging_mixin.py:188} INFO - [2024-06-13T15:00:24.918+0000] {dag.py:3954} INFO - Setting next_dagrun for consume_1_or_both_2_and_3_with_dataset_expressions to None, run_after=None
[2024-06-13T15:00:24.919+0000] {logging_mixin.py:188} INFO - [2024-06-13T15:00:24.918+0000] {dag.py:3954} INFO - Setting next_dagrun for dataset_consumes_1 to None, run_after=None
[2024-06-13T15:00:24.922+0000] {logging_mixin.py:188} INFO - [2024-06-13T15:00:24.922+0000] {dag.py:3954} INFO - Setting next_dagrun for dataset_consumes_1_and_2 to None, run_after=None
[2024-06-13T15:00:24.922+0000] {logging_mixin.py:188} INFO - [2024-06-13T15:00:24.922+0000] {dag.py:3954} INFO - Setting next_dagrun for dataset_consumes_1_never_scheduled to None, run_after=None
[2024-06-13T15:00:24.923+0000] {logging_mixin.py:188} INFO - [2024-06-13T15:00:24.923+0000] {dag.py:3954} INFO - Setting next_dagrun for dataset_consumes_unknown_never_scheduled to None, run_after=None
[2024-06-13T15:00:24.924+0000] {logging_mixin.py:188} INFO - [2024-06-13T15:00:24.924+0000] {dag.py:3954} INFO - Setting next_dagrun for dataset_produces_1 to 2024-06-12 00:00:00+00:00, run_after=2024-06-13 00:00:00+00:00
[2024-06-13T15:00:24.925+0000] {logging_mixin.py:188} INFO - [2024-06-13T15:00:24.925+0000] {dag.py:3954} INFO - Setting next_dagrun for dataset_produces_2 to None, run_after=None
[2024-06-13T15:00:24.939+0000] {processor.py:183} INFO - Processing /home/airflow/.local/lib/python3.12/site-packages/airflow/example_dags/example_datasets.py took 0.070 seconds
[2024-06-13T15:00:55.614+0000] {processor.py:161} INFO - Started process (PID=561) to work on /home/airflow/.local/lib/python3.12/site-packages/airflow/example_dags/example_datasets.py
[2024-06-13T15:00:55.615+0000] {processor.py:830} INFO - Processing file /home/airflow/.local/lib/python3.12/site-packages/airflow/example_dags/example_datasets.py for tasks to queue
[2024-06-13T15:00:55.616+0000] {logging_mixin.py:188} INFO - [2024-06-13T15:00:55.616+0000] {dagbag.py:545} INFO - Filling up the DagBag from /home/airflow/.local/lib/python3.12/site-packages/airflow/example_dags/example_datasets.py
[2024-06-13T15:00:55.623+0000] {processor.py:840} INFO - DAG(s) 'dataset_consumes_unknown_never_scheduled', 'conditional_dataset_and_time_based_timetable', 'dataset_produces_2', 'dataset_consumes_1_never_scheduled', 'dataset_consumes_1', 'dataset_consumes_1_and_2', 'consume_1_and_2_with_dataset_expressions', 'dataset_produces_1', 'consume_1_or_both_2_and_3_with_dataset_expressions', 'consume_1_or_2_with_dataset_expressions' retrieved from /home/airflow/.local/lib/python3.12/site-packages/airflow/example_dags/example_datasets.py
[2024-06-13T15:00:55.645+0000] {logging_mixin.py:188} INFO - [2024-06-13T15:00:55.645+0000] {dag.py:3096} INFO - Sync 10 DAGs
[2024-06-13T15:00:55.657+0000] {logging_mixin.py:188} INFO - [2024-06-13T15:00:55.657+0000] {dag.py:3954} INFO - Setting next_dagrun for conditional_dataset_and_time_based_timetable to 2024-06-12 01:00:00+00:00, run_after=2024-06-12 01:00:00+00:00
[2024-06-13T15:00:55.659+0000] {logging_mixin.py:188} INFO - [2024-06-13T15:00:55.659+0000] {dag.py:3954} INFO - Setting next_dagrun for consume_1_and_2_with_dataset_expressions to None, run_after=None
[2024-06-13T15:00:55.660+0000] {logging_mixin.py:188} INFO - [2024-06-13T15:00:55.660+0000] {dag.py:3954} INFO - Setting next_dagrun for consume_1_or_2_with_dataset_expressions to None, run_after=None
[2024-06-13T15:00:55.661+0000] {logging_mixin.py:188} INFO - [2024-06-13T15:00:55.661+0000] {dag.py:3954} INFO - Setting next_dagrun for consume_1_or_both_2_and_3_with_dataset_expressions to None, run_after=None
[2024-06-13T15:00:55.661+0000] {logging_mixin.py:188} INFO - [2024-06-13T15:00:55.661+0000] {dag.py:3954} INFO - Setting next_dagrun for dataset_consumes_1 to None, run_after=None
[2024-06-13T15:00:55.662+0000] {logging_mixin.py:188} INFO - [2024-06-13T15:00:55.662+0000] {dag.py:3954} INFO - Setting next_dagrun for dataset_consumes_1_and_2 to None, run_after=None
[2024-06-13T15:00:55.663+0000] {logging_mixin.py:188} INFO - [2024-06-13T15:00:55.663+0000] {dag.py:3954} INFO - Setting next_dagrun for dataset_consumes_1_never_scheduled to None, run_after=None
[2024-06-13T15:00:55.664+0000] {logging_mixin.py:188} INFO - [2024-06-13T15:00:55.664+0000] {dag.py:3954} INFO - Setting next_dagrun for dataset_consumes_unknown_never_scheduled to None, run_after=None
[2024-06-13T15:00:55.665+0000] {logging_mixin.py:188} INFO - [2024-06-13T15:00:55.665+0000] {dag.py:3954} INFO - Setting next_dagrun for dataset_produces_1 to 2024-06-12 00:00:00+00:00, run_after=2024-06-13 00:00:00+00:00
[2024-06-13T15:00:55.666+0000] {logging_mixin.py:188} INFO - [2024-06-13T15:00:55.666+0000] {dag.py:3954} INFO - Setting next_dagrun for dataset_produces_2 to None, run_after=None
[2024-06-13T15:00:55.681+0000] {processor.py:183} INFO - Processing /home/airflow/.local/lib/python3.12/site-packages/airflow/example_dags/example_datasets.py took 0.070 seconds
[2024-06-13T15:01:25.775+0000] {processor.py:161} INFO - Started process (PID=619) to work on /home/airflow/.local/lib/python3.12/site-packages/airflow/example_dags/example_datasets.py
[2024-06-13T15:01:25.775+0000] {processor.py:830} INFO - Processing file /home/airflow/.local/lib/python3.12/site-packages/airflow/example_dags/example_datasets.py for tasks to queue
[2024-06-13T15:01:25.776+0000] {logging_mixin.py:188} INFO - [2024-06-13T15:01:25.776+0000] {dagbag.py:545} INFO - Filling up the DagBag from /home/airflow/.local/lib/python3.12/site-packages/airflow/example_dags/example_datasets.py
[2024-06-13T15:01:25.783+0000] {processor.py:840} INFO - DAG(s) 'dataset_produces_1', 'consume_1_and_2_with_dataset_expressions', 'dataset_consumes_unknown_never_scheduled', 'dataset_consumes_1', 'dataset_consumes_1_and_2', 'dataset_produces_2', 'dataset_consumes_1_never_scheduled', 'consume_1_or_both_2_and_3_with_dataset_expressions', 'conditional_dataset_and_time_based_timetable', 'consume_1_or_2_with_dataset_expressions' retrieved from /home/airflow/.local/lib/python3.12/site-packages/airflow/example_dags/example_datasets.py
[2024-06-13T15:01:25.804+0000] {logging_mixin.py:188} INFO - [2024-06-13T15:01:25.804+0000] {dag.py:3096} INFO - Sync 10 DAGs
[2024-06-13T15:01:25.816+0000] {logging_mixin.py:188} INFO - [2024-06-13T15:01:25.816+0000] {dag.py:3954} INFO - Setting next_dagrun for conditional_dataset_and_time_based_timetable to 2024-06-12 01:00:00+00:00, run_after=2024-06-12 01:00:00+00:00
[2024-06-13T15:01:25.818+0000] {logging_mixin.py:188} INFO - [2024-06-13T15:01:25.818+0000] {dag.py:3954} INFO - Setting next_dagrun for consume_1_and_2_with_dataset_expressions to None, run_after=None
[2024-06-13T15:01:25.819+0000] {logging_mixin.py:188} INFO - [2024-06-13T15:01:25.819+0000] {dag.py:3954} INFO - Setting next_dagrun for consume_1_or_2_with_dataset_expressions to None, run_after=None
[2024-06-13T15:01:25.820+0000] {logging_mixin.py:188} INFO - [2024-06-13T15:01:25.819+0000] {dag.py:3954} INFO - Setting next_dagrun for consume_1_or_both_2_and_3_with_dataset_expressions to None, run_after=None
[2024-06-13T15:01:25.820+0000] {logging_mixin.py:188} INFO - [2024-06-13T15:01:25.820+0000] {dag.py:3954} INFO - Setting next_dagrun for dataset_consumes_1 to None, run_after=None
[2024-06-13T15:01:25.821+0000] {logging_mixin.py:188} INFO - [2024-06-13T15:01:25.821+0000] {dag.py:3954} INFO - Setting next_dagrun for dataset_consumes_1_and_2 to None, run_after=None
[2024-06-13T15:01:25.821+0000] {logging_mixin.py:188} INFO - [2024-06-13T15:01:25.821+0000] {dag.py:3954} INFO - Setting next_dagrun for dataset_consumes_1_never_scheduled to None, run_after=None
[2024-06-13T15:01:25.822+0000] {logging_mixin.py:188} INFO - [2024-06-13T15:01:25.822+0000] {dag.py:3954} INFO - Setting next_dagrun for dataset_consumes_unknown_never_scheduled to None, run_after=None
[2024-06-13T15:01:25.823+0000] {logging_mixin.py:188} INFO - [2024-06-13T15:01:25.823+0000] {dag.py:3954} INFO - Setting next_dagrun for dataset_produces_1 to 2024-06-12 00:00:00+00:00, run_after=2024-06-13 00:00:00+00:00
[2024-06-13T15:01:25.824+0000] {logging_mixin.py:188} INFO - [2024-06-13T15:01:25.823+0000] {dag.py:3954} INFO - Setting next_dagrun for dataset_produces_2 to None, run_after=None
[2024-06-13T15:01:25.837+0000] {processor.py:183} INFO - Processing /home/airflow/.local/lib/python3.12/site-packages/airflow/example_dags/example_datasets.py took 0.065 seconds
[2024-06-13T15:01:55.853+0000] {processor.py:161} INFO - Started process (PID=677) to work on /home/airflow/.local/lib/python3.12/site-packages/airflow/example_dags/example_datasets.py
[2024-06-13T15:01:55.854+0000] {processor.py:830} INFO - Processing file /home/airflow/.local/lib/python3.12/site-packages/airflow/example_dags/example_datasets.py for tasks to queue
[2024-06-13T15:01:55.855+0000] {logging_mixin.py:188} INFO - [2024-06-13T15:01:55.855+0000] {dagbag.py:545} INFO - Filling up the DagBag from /home/airflow/.local/lib/python3.12/site-packages/airflow/example_dags/example_datasets.py
[2024-06-13T15:01:55.862+0000] {processor.py:840} INFO - DAG(s) 'dataset_consumes_unknown_never_scheduled', 'dataset_consumes_1', 'conditional_dataset_and_time_based_timetable', 'dataset_consumes_1_and_2', 'dataset_consumes_1_never_scheduled', 'consume_1_and_2_with_dataset_expressions', 'dataset_produces_1', 'consume_1_or_2_with_dataset_expressions', 'consume_1_or_both_2_and_3_with_dataset_expressions', 'dataset_produces_2' retrieved from /home/airflow/.local/lib/python3.12/site-packages/airflow/example_dags/example_datasets.py
[2024-06-13T15:01:55.883+0000] {logging_mixin.py:188} INFO - [2024-06-13T15:01:55.882+0000] {dag.py:3096} INFO - Sync 10 DAGs
[2024-06-13T15:01:55.895+0000] {logging_mixin.py:188} INFO - [2024-06-13T15:01:55.895+0000] {dag.py:3954} INFO - Setting next_dagrun for conditional_dataset_and_time_based_timetable to 2024-06-12 01:00:00+00:00, run_after=2024-06-12 01:00:00+00:00
[2024-06-13T15:01:55.897+0000] {logging_mixin.py:188} INFO - [2024-06-13T15:01:55.897+0000] {dag.py:3954} INFO - Setting next_dagrun for consume_1_and_2_with_dataset_expressions to None, run_after=None
[2024-06-13T15:01:55.898+0000] {logging_mixin.py:188} INFO - [2024-06-13T15:01:55.898+0000] {dag.py:3954} INFO - Setting next_dagrun for consume_1_or_2_with_dataset_expressions to None, run_after=None
[2024-06-13T15:01:55.899+0000] {logging_mixin.py:188} INFO - [2024-06-13T15:01:55.899+0000] {dag.py:3954} INFO - Setting next_dagrun for consume_1_or_both_2_and_3_with_dataset_expressions to None, run_after=None
[2024-06-13T15:01:55.899+0000] {logging_mixin.py:188} INFO - [2024-06-13T15:01:55.899+0000] {dag.py:3954} INFO - Setting next_dagrun for dataset_consumes_1 to None, run_after=None
[2024-06-13T15:01:55.900+0000] {logging_mixin.py:188} INFO - [2024-06-13T15:01:55.900+0000] {dag.py:3954} INFO - Setting next_dagrun for dataset_consumes_1_and_2 to None, run_after=None
[2024-06-13T15:01:55.901+0000] {logging_mixin.py:188} INFO - [2024-06-13T15:01:55.901+0000] {dag.py:3954} INFO - Setting next_dagrun for dataset_consumes_1_never_scheduled to None, run_after=None
[2024-06-13T15:01:55.901+0000] {logging_mixin.py:188} INFO - [2024-06-13T15:01:55.901+0000] {dag.py:3954} INFO - Setting next_dagrun for dataset_consumes_unknown_never_scheduled to None, run_after=None
[2024-06-13T15:01:55.902+0000] {logging_mixin.py:188} INFO - [2024-06-13T15:01:55.902+0000] {dag.py:3954} INFO - Setting next_dagrun for dataset_produces_1 to 2024-06-12 00:00:00+00:00, run_after=2024-06-13 00:00:00+00:00
[2024-06-13T15:01:55.903+0000] {logging_mixin.py:188} INFO - [2024-06-13T15:01:55.903+0000] {dag.py:3954} INFO - Setting next_dagrun for dataset_produces_2 to None, run_after=None
[2024-06-13T15:01:55.918+0000] {processor.py:183} INFO - Processing /home/airflow/.local/lib/python3.12/site-packages/airflow/example_dags/example_datasets.py took 0.068 seconds
[2024-06-13T15:02:26.650+0000] {processor.py:161} INFO - Started process (PID=733) to work on /home/airflow/.local/lib/python3.12/site-packages/airflow/example_dags/example_datasets.py
[2024-06-13T15:02:26.650+0000] {processor.py:830} INFO - Processing file /home/airflow/.local/lib/python3.12/site-packages/airflow/example_dags/example_datasets.py for tasks to queue
[2024-06-13T15:02:26.651+0000] {logging_mixin.py:188} INFO - [2024-06-13T15:02:26.651+0000] {dagbag.py:545} INFO - Filling up the DagBag from /home/airflow/.local/lib/python3.12/site-packages/airflow/example_dags/example_datasets.py
[2024-06-13T15:02:26.658+0000] {processor.py:840} INFO - DAG(s) 'consume_1_or_2_with_dataset_expressions', 'dataset_consumes_1_never_scheduled', 'dataset_produces_2', 'dataset_produces_1', 'conditional_dataset_and_time_based_timetable', 'dataset_consumes_1', 'consume_1_or_both_2_and_3_with_dataset_expressions', 'dataset_consumes_unknown_never_scheduled', 'dataset_consumes_1_and_2', 'consume_1_and_2_with_dataset_expressions' retrieved from /home/airflow/.local/lib/python3.12/site-packages/airflow/example_dags/example_datasets.py
[2024-06-13T15:02:26.684+0000] {logging_mixin.py:188} INFO - [2024-06-13T15:02:26.684+0000] {dag.py:3096} INFO - Sync 10 DAGs
[2024-06-13T15:02:26.697+0000] {logging_mixin.py:188} INFO - [2024-06-13T15:02:26.696+0000] {dag.py:3954} INFO - Setting next_dagrun for conditional_dataset_and_time_based_timetable to 2024-06-12 01:00:00+00:00, run_after=2024-06-12 01:00:00+00:00
[2024-06-13T15:02:26.700+0000] {logging_mixin.py:188} INFO - [2024-06-13T15:02:26.700+0000] {dag.py:3954} INFO - Setting next_dagrun for consume_1_and_2_with_dataset_expressions to None, run_after=None
[2024-06-13T15:02:26.701+0000] {logging_mixin.py:188} INFO - [2024-06-13T15:02:26.701+0000] {dag.py:3954} INFO - Setting next_dagrun for consume_1_or_2_with_dataset_expressions to None, run_after=None
[2024-06-13T15:02:26.701+0000] {logging_mixin.py:188} INFO - [2024-06-13T15:02:26.701+0000] {dag.py:3954} INFO - Setting next_dagrun for consume_1_or_both_2_and_3_with_dataset_expressions to None, run_after=None
[2024-06-13T15:02:26.702+0000] {logging_mixin.py:188} INFO - [2024-06-13T15:02:26.702+0000] {dag.py:3954} INFO - Setting next_dagrun for dataset_consumes_1 to None, run_after=None
[2024-06-13T15:02:26.702+0000] {logging_mixin.py:188} INFO - [2024-06-13T15:02:26.702+0000] {dag.py:3954} INFO - Setting next_dagrun for dataset_consumes_1_and_2 to None, run_after=None
[2024-06-13T15:02:26.703+0000] {logging_mixin.py:188} INFO - [2024-06-13T15:02:26.703+0000] {dag.py:3954} INFO - Setting next_dagrun for dataset_consumes_1_never_scheduled to None, run_after=None
[2024-06-13T15:02:26.704+0000] {logging_mixin.py:188} INFO - [2024-06-13T15:02:26.704+0000] {dag.py:3954} INFO - Setting next_dagrun for dataset_consumes_unknown_never_scheduled to None, run_after=None
[2024-06-13T15:02:26.705+0000] {logging_mixin.py:188} INFO - [2024-06-13T15:02:26.705+0000] {dag.py:3954} INFO - Setting next_dagrun for dataset_produces_1 to 2024-06-12 00:00:00+00:00, run_after=2024-06-13 00:00:00+00:00
[2024-06-13T15:02:26.706+0000] {logging_mixin.py:188} INFO - [2024-06-13T15:02:26.706+0000] {dag.py:3954} INFO - Setting next_dagrun for dataset_produces_2 to None, run_after=None
[2024-06-13T15:02:26.720+0000] {processor.py:183} INFO - Processing /home/airflow/.local/lib/python3.12/site-packages/airflow/example_dags/example_datasets.py took 0.074 seconds
[2024-06-13T15:02:57.494+0000] {processor.py:161} INFO - Started process (PID=791) to work on /home/airflow/.local/lib/python3.12/site-packages/airflow/example_dags/example_datasets.py
[2024-06-13T15:02:57.494+0000] {processor.py:830} INFO - Processing file /home/airflow/.local/lib/python3.12/site-packages/airflow/example_dags/example_datasets.py for tasks to queue
[2024-06-13T15:02:57.496+0000] {logging_mixin.py:188} INFO - [2024-06-13T15:02:57.495+0000] {dagbag.py:545} INFO - Filling up the DagBag from /home/airflow/.local/lib/python3.12/site-packages/airflow/example_dags/example_datasets.py
[2024-06-13T15:02:57.504+0000] {processor.py:840} INFO - DAG(s) 'dataset_consumes_unknown_never_scheduled', 'dataset_produces_2', 'dataset_consumes_1_and_2', 'dataset_consumes_1_never_scheduled', 'conditional_dataset_and_time_based_timetable', 'consume_1_or_2_with_dataset_expressions', 'dataset_consumes_1', 'dataset_produces_1', 'consume_1_and_2_with_dataset_expressions', 'consume_1_or_both_2_and_3_with_dataset_expressions' retrieved from /home/airflow/.local/lib/python3.12/site-packages/airflow/example_dags/example_datasets.py
[2024-06-13T15:02:57.533+0000] {logging_mixin.py:188} INFO - [2024-06-13T15:02:57.533+0000] {dag.py:3096} INFO - Sync 10 DAGs
[2024-06-13T15:02:57.545+0000] {logging_mixin.py:188} INFO - [2024-06-13T15:02:57.545+0000] {dag.py:3954} INFO - Setting next_dagrun for conditional_dataset_and_time_based_timetable to 2024-06-12 01:00:00+00:00, run_after=2024-06-12 01:00:00+00:00
[2024-06-13T15:02:57.548+0000] {logging_mixin.py:188} INFO - [2024-06-13T15:02:57.548+0000] {dag.py:3954} INFO - Setting next_dagrun for consume_1_and_2_with_dataset_expressions to None, run_after=None
[2024-06-13T15:02:57.548+0000] {logging_mixin.py:188} INFO - [2024-06-13T15:02:57.548+0000] {dag.py:3954} INFO - Setting next_dagrun for consume_1_or_2_with_dataset_expressions to None, run_after=None
[2024-06-13T15:02:57.549+0000] {logging_mixin.py:188} INFO - [2024-06-13T15:02:57.549+0000] {dag.py:3954} INFO - Setting next_dagrun for consume_1_or_both_2_and_3_with_dataset_expressions to None, run_after=None
[2024-06-13T15:02:57.549+0000] {logging_mixin.py:188} INFO - [2024-06-13T15:02:57.549+0000] {dag.py:3954} INFO - Setting next_dagrun for dataset_consumes_1 to None, run_after=None
[2024-06-13T15:02:57.550+0000] {logging_mixin.py:188} INFO - [2024-06-13T15:02:57.550+0000] {dag.py:3954} INFO - Setting next_dagrun for dataset_consumes_1_and_2 to None, run_after=None
[2024-06-13T15:02:57.550+0000] {logging_mixin.py:188} INFO - [2024-06-13T15:02:57.550+0000] {dag.py:3954} INFO - Setting next_dagrun for dataset_consumes_1_never_scheduled to None, run_after=None
[2024-06-13T15:02:57.551+0000] {logging_mixin.py:188} INFO - [2024-06-13T15:02:57.551+0000] {dag.py:3954} INFO - Setting next_dagrun for dataset_consumes_unknown_never_scheduled to None, run_after=None
[2024-06-13T15:02:57.552+0000] {logging_mixin.py:188} INFO - [2024-06-13T15:02:57.552+0000] {dag.py:3954} INFO - Setting next_dagrun for dataset_produces_1 to 2024-06-12 00:00:00+00:00, run_after=2024-06-13 00:00:00+00:00
[2024-06-13T15:02:57.552+0000] {logging_mixin.py:188} INFO - [2024-06-13T15:02:57.552+0000] {dag.py:3954} INFO - Setting next_dagrun for dataset_produces_2 to None, run_after=None
[2024-06-13T15:02:57.566+0000] {processor.py:183} INFO - Processing /home/airflow/.local/lib/python3.12/site-packages/airflow/example_dags/example_datasets.py took 0.076 seconds
[2024-06-13T15:03:27.702+0000] {processor.py:161} INFO - Started process (PID=849) to work on /home/airflow/.local/lib/python3.12/site-packages/airflow/example_dags/example_datasets.py
[2024-06-13T15:03:27.703+0000] {processor.py:830} INFO - Processing file /home/airflow/.local/lib/python3.12/site-packages/airflow/example_dags/example_datasets.py for tasks to queue
[2024-06-13T15:03:27.704+0000] {logging_mixin.py:188} INFO - [2024-06-13T15:03:27.704+0000] {dagbag.py:545} INFO - Filling up the DagBag from /home/airflow/.local/lib/python3.12/site-packages/airflow/example_dags/example_datasets.py
[2024-06-13T15:03:27.711+0000] {processor.py:840} INFO - DAG(s) 'dataset_consumes_1_never_scheduled', 'consume_1_or_both_2_and_3_with_dataset_expressions', 'dataset_consumes_1_and_2', 'dataset_produces_1', 'conditional_dataset_and_time_based_timetable', 'consume_1_and_2_with_dataset_expressions', 'consume_1_or_2_with_dataset_expressions', 'dataset_consumes_unknown_never_scheduled', 'dataset_consumes_1', 'dataset_produces_2' retrieved from /home/airflow/.local/lib/python3.12/site-packages/airflow/example_dags/example_datasets.py
[2024-06-13T15:03:27.731+0000] {logging_mixin.py:188} INFO - [2024-06-13T15:03:27.731+0000] {dag.py:3096} INFO - Sync 10 DAGs
[2024-06-13T15:03:27.742+0000] {logging_mixin.py:188} INFO - [2024-06-13T15:03:27.742+0000] {dag.py:3954} INFO - Setting next_dagrun for conditional_dataset_and_time_based_timetable to 2024-06-12 01:00:00+00:00, run_after=2024-06-12 01:00:00+00:00
[2024-06-13T15:03:27.744+0000] {logging_mixin.py:188} INFO - [2024-06-13T15:03:27.744+0000] {dag.py:3954} INFO - Setting next_dagrun for consume_1_and_2_with_dataset_expressions to None, run_after=None
[2024-06-13T15:03:27.745+0000] {logging_mixin.py:188} INFO - [2024-06-13T15:03:27.745+0000] {dag.py:3954} INFO - Setting next_dagrun for consume_1_or_2_with_dataset_expressions to None, run_after=None
[2024-06-13T15:03:27.745+0000] {logging_mixin.py:188} INFO - [2024-06-13T15:03:27.745+0000] {dag.py:3954} INFO - Setting next_dagrun for consume_1_or_both_2_and_3_with_dataset_expressions to None, run_after=None
[2024-06-13T15:03:27.746+0000] {logging_mixin.py:188} INFO - [2024-06-13T15:03:27.746+0000] {dag.py:3954} INFO - Setting next_dagrun for dataset_consumes_1 to None, run_after=None
[2024-06-13T15:03:27.746+0000] {logging_mixin.py:188} INFO - [2024-06-13T15:03:27.746+0000] {dag.py:3954} INFO - Setting next_dagrun for dataset_consumes_1_and_2 to None, run_after=None
[2024-06-13T15:03:27.747+0000] {logging_mixin.py:188} INFO - [2024-06-13T15:03:27.747+0000] {dag.py:3954} INFO - Setting next_dagrun for dataset_consumes_1_never_scheduled to None, run_after=None
[2024-06-13T15:03:27.747+0000] {logging_mixin.py:188} INFO - [2024-06-13T15:03:27.747+0000] {dag.py:3954} INFO - Setting next_dagrun for dataset_consumes_unknown_never_scheduled to None, run_after=None
[2024-06-13T15:03:27.748+0000] {logging_mixin.py:188} INFO - [2024-06-13T15:03:27.748+0000] {dag.py:3954} INFO - Setting next_dagrun for dataset_produces_1 to 2024-06-12 00:00:00+00:00, run_after=2024-06-13 00:00:00+00:00
[2024-06-13T15:03:27.749+0000] {logging_mixin.py:188} INFO - [2024-06-13T15:03:27.749+0000] {dag.py:3954} INFO - Setting next_dagrun for dataset_produces_2 to None, run_after=None
[2024-06-13T15:03:27.764+0000] {processor.py:183} INFO - Processing /home/airflow/.local/lib/python3.12/site-packages/airflow/example_dags/example_datasets.py took 0.066 seconds
[2024-06-13T15:05:07.953+0000] {processor.py:161} INFO - Started process (PID=38) to work on /home/airflow/.local/lib/python3.12/site-packages/airflow/example_dags/example_datasets.py
[2024-06-13T15:05:07.956+0000] {processor.py:830} INFO - Processing file /home/airflow/.local/lib/python3.12/site-packages/airflow/example_dags/example_datasets.py for tasks to queue
[2024-06-13T15:05:07.960+0000] {logging_mixin.py:188} INFO - [2024-06-13T15:05:07.960+0000] {dagbag.py:545} INFO - Filling up the DagBag from /home/airflow/.local/lib/python3.12/site-packages/airflow/example_dags/example_datasets.py
[2024-06-13T15:05:07.976+0000] {processor.py:840} INFO - DAG(s) 'dataset_produces_1', 'dataset_consumes_unknown_never_scheduled', 'conditional_dataset_and_time_based_timetable', 'consume_1_or_2_with_dataset_expressions', 'consume_1_or_both_2_and_3_with_dataset_expressions', 'dataset_consumes_1_never_scheduled', 'dataset_consumes_1', 'dataset_produces_2', 'dataset_consumes_1_and_2', 'consume_1_and_2_with_dataset_expressions' retrieved from /home/airflow/.local/lib/python3.12/site-packages/airflow/example_dags/example_datasets.py
[2024-06-13T15:05:07.994+0000] {logging_mixin.py:188} INFO - [2024-06-13T15:05:07.994+0000] {dag.py:3096} INFO - Sync 10 DAGs
[2024-06-13T15:05:08.020+0000] {logging_mixin.py:188} INFO - [2024-06-13T15:05:08.019+0000] {dag.py:3954} INFO - Setting next_dagrun for conditional_dataset_and_time_based_timetable to 2024-06-12 01:00:00+00:00, run_after=2024-06-12 01:00:00+00:00
[2024-06-13T15:05:08.024+0000] {logging_mixin.py:188} INFO - [2024-06-13T15:05:08.023+0000] {dag.py:3954} INFO - Setting next_dagrun for consume_1_and_2_with_dataset_expressions to None, run_after=None
[2024-06-13T15:05:08.026+0000] {logging_mixin.py:188} INFO - [2024-06-13T15:05:08.025+0000] {dag.py:3954} INFO - Setting next_dagrun for consume_1_or_2_with_dataset_expressions to None, run_after=None
[2024-06-13T15:05:08.028+0000] {logging_mixin.py:188} INFO - [2024-06-13T15:05:08.028+0000] {dag.py:3954} INFO - Setting next_dagrun for consume_1_or_both_2_and_3_with_dataset_expressions to None, run_after=None
[2024-06-13T15:05:08.033+0000] {logging_mixin.py:188} INFO - [2024-06-13T15:05:08.033+0000] {dag.py:3954} INFO - Setting next_dagrun for dataset_consumes_1 to None, run_after=None
[2024-06-13T15:05:08.038+0000] {logging_mixin.py:188} INFO - [2024-06-13T15:05:08.037+0000] {dag.py:3954} INFO - Setting next_dagrun for dataset_consumes_1_and_2 to None, run_after=None
[2024-06-13T15:05:08.043+0000] {logging_mixin.py:188} INFO - [2024-06-13T15:05:08.043+0000] {dag.py:3954} INFO - Setting next_dagrun for dataset_consumes_1_never_scheduled to None, run_after=None
[2024-06-13T15:05:08.047+0000] {logging_mixin.py:188} INFO - [2024-06-13T15:05:08.047+0000] {dag.py:3954} INFO - Setting next_dagrun for dataset_consumes_unknown_never_scheduled to None, run_after=None
[2024-06-13T15:05:08.051+0000] {logging_mixin.py:188} INFO - [2024-06-13T15:05:08.050+0000] {dag.py:3954} INFO - Setting next_dagrun for dataset_produces_1 to 2024-06-12 00:00:00+00:00, run_after=2024-06-13 00:00:00+00:00
[2024-06-13T15:05:08.052+0000] {logging_mixin.py:188} INFO - [2024-06-13T15:05:08.052+0000] {dag.py:3954} INFO - Setting next_dagrun for dataset_produces_2 to None, run_after=None
[2024-06-13T15:05:08.089+0000] {processor.py:183} INFO - Processing /home/airflow/.local/lib/python3.12/site-packages/airflow/example_dags/example_datasets.py took 0.147 seconds
[2024-06-13T15:05:38.175+0000] {processor.py:161} INFO - Started process (PID=95) to work on /home/airflow/.local/lib/python3.12/site-packages/airflow/example_dags/example_datasets.py
[2024-06-13T15:05:38.176+0000] {processor.py:830} INFO - Processing file /home/airflow/.local/lib/python3.12/site-packages/airflow/example_dags/example_datasets.py for tasks to queue
[2024-06-13T15:05:38.177+0000] {logging_mixin.py:188} INFO - [2024-06-13T15:05:38.177+0000] {dagbag.py:545} INFO - Filling up the DagBag from /home/airflow/.local/lib/python3.12/site-packages/airflow/example_dags/example_datasets.py
[2024-06-13T15:05:38.184+0000] {processor.py:840} INFO - DAG(s) 'dataset_consumes_1_and_2', 'dataset_consumes_1', 'dataset_consumes_unknown_never_scheduled', 'consume_1_and_2_with_dataset_expressions', 'dataset_produces_1', 'conditional_dataset_and_time_based_timetable', 'consume_1_or_both_2_and_3_with_dataset_expressions', 'consume_1_or_2_with_dataset_expressions', 'dataset_consumes_1_never_scheduled', 'dataset_produces_2' retrieved from /home/airflow/.local/lib/python3.12/site-packages/airflow/example_dags/example_datasets.py
[2024-06-13T15:05:38.264+0000] {logging_mixin.py:188} INFO - [2024-06-13T15:05:38.264+0000] {dag.py:3096} INFO - Sync 10 DAGs
[2024-06-13T15:05:38.273+0000] {logging_mixin.py:188} INFO - [2024-06-13T15:05:38.273+0000] {dag.py:3954} INFO - Setting next_dagrun for conditional_dataset_and_time_based_timetable to 2024-06-12 01:00:00+00:00, run_after=2024-06-12 01:00:00+00:00
[2024-06-13T15:05:38.274+0000] {logging_mixin.py:188} INFO - [2024-06-13T15:05:38.274+0000] {dag.py:3954} INFO - Setting next_dagrun for consume_1_and_2_with_dataset_expressions to None, run_after=None
[2024-06-13T15:05:38.275+0000] {logging_mixin.py:188} INFO - [2024-06-13T15:05:38.275+0000] {dag.py:3954} INFO - Setting next_dagrun for consume_1_or_2_with_dataset_expressions to None, run_after=None
[2024-06-13T15:05:38.275+0000] {logging_mixin.py:188} INFO - [2024-06-13T15:05:38.275+0000] {dag.py:3954} INFO - Setting next_dagrun for consume_1_or_both_2_and_3_with_dataset_expressions to None, run_after=None
[2024-06-13T15:05:38.276+0000] {logging_mixin.py:188} INFO - [2024-06-13T15:05:38.276+0000] {dag.py:3954} INFO - Setting next_dagrun for dataset_consumes_1 to None, run_after=None
[2024-06-13T15:05:38.276+0000] {logging_mixin.py:188} INFO - [2024-06-13T15:05:38.276+0000] {dag.py:3954} INFO - Setting next_dagrun for dataset_consumes_1_and_2 to None, run_after=None
[2024-06-13T15:05:38.277+0000] {logging_mixin.py:188} INFO - [2024-06-13T15:05:38.277+0000] {dag.py:3954} INFO - Setting next_dagrun for dataset_consumes_1_never_scheduled to None, run_after=None
[2024-06-13T15:05:38.277+0000] {logging_mixin.py:188} INFO - [2024-06-13T15:05:38.277+0000] {dag.py:3954} INFO - Setting next_dagrun for dataset_consumes_unknown_never_scheduled to None, run_after=None
[2024-06-13T15:05:38.278+0000] {logging_mixin.py:188} INFO - [2024-06-13T15:05:38.278+0000] {dag.py:3954} INFO - Setting next_dagrun for dataset_produces_1 to 2024-06-12 00:00:00+00:00, run_after=2024-06-13 00:00:00+00:00
[2024-06-13T15:05:38.279+0000] {logging_mixin.py:188} INFO - [2024-06-13T15:05:38.279+0000] {dag.py:3954} INFO - Setting next_dagrun for dataset_produces_2 to None, run_after=None
[2024-06-13T15:05:38.294+0000] {processor.py:183} INFO - Processing /home/airflow/.local/lib/python3.12/site-packages/airflow/example_dags/example_datasets.py took 0.121 seconds
[2024-06-13T15:06:08.940+0000] {processor.py:161} INFO - Started process (PID=153) to work on /home/airflow/.local/lib/python3.12/site-packages/airflow/example_dags/example_datasets.py
[2024-06-13T15:06:08.940+0000] {processor.py:830} INFO - Processing file /home/airflow/.local/lib/python3.12/site-packages/airflow/example_dags/example_datasets.py for tasks to queue
[2024-06-13T15:06:08.941+0000] {logging_mixin.py:188} INFO - [2024-06-13T15:06:08.941+0000] {dagbag.py:545} INFO - Filling up the DagBag from /home/airflow/.local/lib/python3.12/site-packages/airflow/example_dags/example_datasets.py
[2024-06-13T15:06:08.949+0000] {processor.py:840} INFO - DAG(s) 'dataset_produces_2', 'conditional_dataset_and_time_based_timetable', 'consume_1_or_2_with_dataset_expressions', 'dataset_consumes_1_never_scheduled', 'consume_1_and_2_with_dataset_expressions', 'dataset_consumes_1', 'consume_1_or_both_2_and_3_with_dataset_expressions', 'dataset_produces_1', 'dataset_consumes_1_and_2', 'dataset_consumes_unknown_never_scheduled' retrieved from /home/airflow/.local/lib/python3.12/site-packages/airflow/example_dags/example_datasets.py
[2024-06-13T15:06:08.970+0000] {logging_mixin.py:188} INFO - [2024-06-13T15:06:08.969+0000] {dag.py:3096} INFO - Sync 10 DAGs
[2024-06-13T15:06:08.982+0000] {logging_mixin.py:188} INFO - [2024-06-13T15:06:08.982+0000] {dag.py:3954} INFO - Setting next_dagrun for conditional_dataset_and_time_based_timetable to 2024-06-12 01:00:00+00:00, run_after=2024-06-12 01:00:00+00:00
[2024-06-13T15:06:08.984+0000] {logging_mixin.py:188} INFO - [2024-06-13T15:06:08.984+0000] {dag.py:3954} INFO - Setting next_dagrun for consume_1_and_2_with_dataset_expressions to None, run_after=None
[2024-06-13T15:06:08.985+0000] {logging_mixin.py:188} INFO - [2024-06-13T15:06:08.985+0000] {dag.py:3954} INFO - Setting next_dagrun for consume_1_or_2_with_dataset_expressions to None, run_after=None
[2024-06-13T15:06:08.985+0000] {logging_mixin.py:188} INFO - [2024-06-13T15:06:08.985+0000] {dag.py:3954} INFO - Setting next_dagrun for consume_1_or_both_2_and_3_with_dataset_expressions to None, run_after=None
[2024-06-13T15:06:08.986+0000] {logging_mixin.py:188} INFO - [2024-06-13T15:06:08.986+0000] {dag.py:3954} INFO - Setting next_dagrun for dataset_consumes_1 to None, run_after=None
[2024-06-13T15:06:08.986+0000] {logging_mixin.py:188} INFO - [2024-06-13T15:06:08.986+0000] {dag.py:3954} INFO - Setting next_dagrun for dataset_consumes_1_and_2 to None, run_after=None
[2024-06-13T15:06:08.987+0000] {logging_mixin.py:188} INFO - [2024-06-13T15:06:08.987+0000] {dag.py:3954} INFO - Setting next_dagrun for dataset_consumes_1_never_scheduled to None, run_after=None
[2024-06-13T15:06:08.987+0000] {logging_mixin.py:188} INFO - [2024-06-13T15:06:08.987+0000] {dag.py:3954} INFO - Setting next_dagrun for dataset_consumes_unknown_never_scheduled to None, run_after=None
[2024-06-13T15:06:08.988+0000] {logging_mixin.py:188} INFO - [2024-06-13T15:06:08.988+0000] {dag.py:3954} INFO - Setting next_dagrun for dataset_produces_1 to 2024-06-12 00:00:00+00:00, run_after=2024-06-13 00:00:00+00:00
[2024-06-13T15:06:08.989+0000] {logging_mixin.py:188} INFO - [2024-06-13T15:06:08.989+0000] {dag.py:3954} INFO - Setting next_dagrun for dataset_produces_2 to None, run_after=None
[2024-06-13T15:06:09.005+0000] {processor.py:183} INFO - Processing /home/airflow/.local/lib/python3.12/site-packages/airflow/example_dags/example_datasets.py took 0.069 seconds
[2024-06-13T15:06:39.194+0000] {processor.py:161} INFO - Started process (PID=211) to work on /home/airflow/.local/lib/python3.12/site-packages/airflow/example_dags/example_datasets.py
[2024-06-13T15:06:39.194+0000] {processor.py:830} INFO - Processing file /home/airflow/.local/lib/python3.12/site-packages/airflow/example_dags/example_datasets.py for tasks to queue
[2024-06-13T15:06:39.195+0000] {logging_mixin.py:188} INFO - [2024-06-13T15:06:39.195+0000] {dagbag.py:545} INFO - Filling up the DagBag from /home/airflow/.local/lib/python3.12/site-packages/airflow/example_dags/example_datasets.py
[2024-06-13T15:06:39.204+0000] {processor.py:840} INFO - DAG(s) 'dataset_consumes_1_never_scheduled', 'consume_1_or_2_with_dataset_expressions', 'consume_1_or_both_2_and_3_with_dataset_expressions', 'conditional_dataset_and_time_based_timetable', 'dataset_consumes_1_and_2', 'dataset_produces_1', 'dataset_produces_2', 'dataset_consumes_unknown_never_scheduled', 'dataset_consumes_1', 'consume_1_and_2_with_dataset_expressions' retrieved from /home/airflow/.local/lib/python3.12/site-packages/airflow/example_dags/example_datasets.py
[2024-06-13T15:06:39.225+0000] {logging_mixin.py:188} INFO - [2024-06-13T15:06:39.225+0000] {dag.py:3096} INFO - Sync 10 DAGs
[2024-06-13T15:06:39.237+0000] {logging_mixin.py:188} INFO - [2024-06-13T15:06:39.237+0000] {dag.py:3954} INFO - Setting next_dagrun for conditional_dataset_and_time_based_timetable to 2024-06-12 01:00:00+00:00, run_after=2024-06-12 01:00:00+00:00
[2024-06-13T15:06:39.239+0000] {logging_mixin.py:188} INFO - [2024-06-13T15:06:39.239+0000] {dag.py:3954} INFO - Setting next_dagrun for consume_1_and_2_with_dataset_expressions to None, run_after=None
[2024-06-13T15:06:39.239+0000] {logging_mixin.py:188} INFO - [2024-06-13T15:06:39.239+0000] {dag.py:3954} INFO - Setting next_dagrun for consume_1_or_2_with_dataset_expressions to None, run_after=None
[2024-06-13T15:06:39.245+0000] {logging_mixin.py:188} INFO - [2024-06-13T15:06:39.244+0000] {dag.py:3954} INFO - Setting next_dagrun for consume_1_or_both_2_and_3_with_dataset_expressions to None, run_after=None
[2024-06-13T15:06:39.245+0000] {logging_mixin.py:188} INFO - [2024-06-13T15:06:39.245+0000] {dag.py:3954} INFO - Setting next_dagrun for dataset_consumes_1 to None, run_after=None
[2024-06-13T15:06:39.246+0000] {logging_mixin.py:188} INFO - [2024-06-13T15:06:39.246+0000] {dag.py:3954} INFO - Setting next_dagrun for dataset_consumes_1_and_2 to None, run_after=None
[2024-06-13T15:06:39.246+0000] {logging_mixin.py:188} INFO - [2024-06-13T15:06:39.246+0000] {dag.py:3954} INFO - Setting next_dagrun for dataset_consumes_1_never_scheduled to None, run_after=None
[2024-06-13T15:06:39.247+0000] {logging_mixin.py:188} INFO - [2024-06-13T15:06:39.247+0000] {dag.py:3954} INFO - Setting next_dagrun for dataset_consumes_unknown_never_scheduled to None, run_after=None
[2024-06-13T15:06:39.248+0000] {logging_mixin.py:188} INFO - [2024-06-13T15:06:39.248+0000] {dag.py:3954} INFO - Setting next_dagrun for dataset_produces_1 to 2024-06-12 00:00:00+00:00, run_after=2024-06-13 00:00:00+00:00
[2024-06-13T15:06:39.248+0000] {logging_mixin.py:188} INFO - [2024-06-13T15:06:39.248+0000] {dag.py:3954} INFO - Setting next_dagrun for dataset_produces_2 to None, run_after=None
[2024-06-13T15:06:39.263+0000] {processor.py:183} INFO - Processing /home/airflow/.local/lib/python3.12/site-packages/airflow/example_dags/example_datasets.py took 0.073 seconds
[2024-06-13T15:07:09.364+0000] {processor.py:161} INFO - Started process (PID=269) to work on /home/airflow/.local/lib/python3.12/site-packages/airflow/example_dags/example_datasets.py
[2024-06-13T15:07:09.365+0000] {processor.py:830} INFO - Processing file /home/airflow/.local/lib/python3.12/site-packages/airflow/example_dags/example_datasets.py for tasks to queue
[2024-06-13T15:07:09.366+0000] {logging_mixin.py:188} INFO - [2024-06-13T15:07:09.366+0000] {dagbag.py:545} INFO - Filling up the DagBag from /home/airflow/.local/lib/python3.12/site-packages/airflow/example_dags/example_datasets.py
[2024-06-13T15:07:09.373+0000] {processor.py:840} INFO - DAG(s) 'dataset_produces_2', 'conditional_dataset_and_time_based_timetable', 'dataset_consumes_1_never_scheduled', 'consume_1_and_2_with_dataset_expressions', 'dataset_consumes_1_and_2', 'consume_1_or_2_with_dataset_expressions', 'dataset_produces_1', 'dataset_consumes_unknown_never_scheduled', 'consume_1_or_both_2_and_3_with_dataset_expressions', 'dataset_consumes_1' retrieved from /home/airflow/.local/lib/python3.12/site-packages/airflow/example_dags/example_datasets.py
[2024-06-13T15:07:09.393+0000] {logging_mixin.py:188} INFO - [2024-06-13T15:07:09.393+0000] {dag.py:3096} INFO - Sync 10 DAGs
[2024-06-13T15:07:09.404+0000] {logging_mixin.py:188} INFO - [2024-06-13T15:07:09.404+0000] {dag.py:3954} INFO - Setting next_dagrun for conditional_dataset_and_time_based_timetable to 2024-06-12 01:00:00+00:00, run_after=2024-06-12 01:00:00+00:00
[2024-06-13T15:07:09.406+0000] {logging_mixin.py:188} INFO - [2024-06-13T15:07:09.406+0000] {dag.py:3954} INFO - Setting next_dagrun for consume_1_and_2_with_dataset_expressions to None, run_after=None
[2024-06-13T15:07:09.407+0000] {logging_mixin.py:188} INFO - [2024-06-13T15:07:09.407+0000] {dag.py:3954} INFO - Setting next_dagrun for consume_1_or_2_with_dataset_expressions to None, run_after=None
[2024-06-13T15:07:09.408+0000] {logging_mixin.py:188} INFO - [2024-06-13T15:07:09.408+0000] {dag.py:3954} INFO - Setting next_dagrun for consume_1_or_both_2_and_3_with_dataset_expressions to None, run_after=None
[2024-06-13T15:07:09.408+0000] {logging_mixin.py:188} INFO - [2024-06-13T15:07:09.408+0000] {dag.py:3954} INFO - Setting next_dagrun for dataset_consumes_1 to None, run_after=None
[2024-06-13T15:07:09.409+0000] {logging_mixin.py:188} INFO - [2024-06-13T15:07:09.409+0000] {dag.py:3954} INFO - Setting next_dagrun for dataset_consumes_1_and_2 to None, run_after=None
[2024-06-13T15:07:09.409+0000] {logging_mixin.py:188} INFO - [2024-06-13T15:07:09.409+0000] {dag.py:3954} INFO - Setting next_dagrun for dataset_consumes_1_never_scheduled to None, run_after=None
[2024-06-13T15:07:09.410+0000] {logging_mixin.py:188} INFO - [2024-06-13T15:07:09.410+0000] {dag.py:3954} INFO - Setting next_dagrun for dataset_consumes_unknown_never_scheduled to None, run_after=None
[2024-06-13T15:07:09.411+0000] {logging_mixin.py:188} INFO - [2024-06-13T15:07:09.411+0000] {dag.py:3954} INFO - Setting next_dagrun for dataset_produces_1 to 2024-06-12 00:00:00+00:00, run_after=2024-06-13 00:00:00+00:00
[2024-06-13T15:07:09.412+0000] {logging_mixin.py:188} INFO - [2024-06-13T15:07:09.412+0000] {dag.py:3954} INFO - Setting next_dagrun for dataset_produces_2 to None, run_after=None
[2024-06-13T15:07:09.426+0000] {processor.py:183} INFO - Processing /home/airflow/.local/lib/python3.12/site-packages/airflow/example_dags/example_datasets.py took 0.065 seconds
[2024-06-13T15:07:39.671+0000] {processor.py:161} INFO - Started process (PID=327) to work on /home/airflow/.local/lib/python3.12/site-packages/airflow/example_dags/example_datasets.py
[2024-06-13T15:07:39.672+0000] {processor.py:830} INFO - Processing file /home/airflow/.local/lib/python3.12/site-packages/airflow/example_dags/example_datasets.py for tasks to queue
[2024-06-13T15:07:39.673+0000] {logging_mixin.py:188} INFO - [2024-06-13T15:07:39.673+0000] {dagbag.py:545} INFO - Filling up the DagBag from /home/airflow/.local/lib/python3.12/site-packages/airflow/example_dags/example_datasets.py
[2024-06-13T15:07:39.681+0000] {processor.py:840} INFO - DAG(s) 'consume_1_or_both_2_and_3_with_dataset_expressions', 'dataset_consumes_1', 'consume_1_or_2_with_dataset_expressions', 'dataset_consumes_unknown_never_scheduled', 'consume_1_and_2_with_dataset_expressions', 'conditional_dataset_and_time_based_timetable', 'dataset_produces_1', 'dataset_consumes_1_and_2', 'dataset_consumes_1_never_scheduled', 'dataset_produces_2' retrieved from /home/airflow/.local/lib/python3.12/site-packages/airflow/example_dags/example_datasets.py
[2024-06-13T15:07:39.702+0000] {logging_mixin.py:188} INFO - [2024-06-13T15:07:39.702+0000] {dag.py:3096} INFO - Sync 10 DAGs
[2024-06-13T15:07:39.712+0000] {logging_mixin.py:188} INFO - [2024-06-13T15:07:39.712+0000] {dag.py:3954} INFO - Setting next_dagrun for conditional_dataset_and_time_based_timetable to 2024-06-12 01:00:00+00:00, run_after=2024-06-12 01:00:00+00:00
[2024-06-13T15:07:39.714+0000] {logging_mixin.py:188} INFO - [2024-06-13T15:07:39.714+0000] {dag.py:3954} INFO - Setting next_dagrun for consume_1_and_2_with_dataset_expressions to None, run_after=None
[2024-06-13T15:07:39.715+0000] {logging_mixin.py:188} INFO - [2024-06-13T15:07:39.714+0000] {dag.py:3954} INFO - Setting next_dagrun for consume_1_or_2_with_dataset_expressions to None, run_after=None
[2024-06-13T15:07:39.715+0000] {logging_mixin.py:188} INFO - [2024-06-13T15:07:39.715+0000] {dag.py:3954} INFO - Setting next_dagrun for consume_1_or_both_2_and_3_with_dataset_expressions to None, run_after=None
[2024-06-13T15:07:39.716+0000] {logging_mixin.py:188} INFO - [2024-06-13T15:07:39.716+0000] {dag.py:3954} INFO - Setting next_dagrun for dataset_consumes_1 to None, run_after=None
[2024-06-13T15:07:39.716+0000] {logging_mixin.py:188} INFO - [2024-06-13T15:07:39.716+0000] {dag.py:3954} INFO - Setting next_dagrun for dataset_consumes_1_and_2 to None, run_after=None
[2024-06-13T15:07:39.717+0000] {logging_mixin.py:188} INFO - [2024-06-13T15:07:39.717+0000] {dag.py:3954} INFO - Setting next_dagrun for dataset_consumes_1_never_scheduled to None, run_after=None
[2024-06-13T15:07:39.717+0000] {logging_mixin.py:188} INFO - [2024-06-13T15:07:39.717+0000] {dag.py:3954} INFO - Setting next_dagrun for dataset_consumes_unknown_never_scheduled to None, run_after=None
[2024-06-13T15:07:39.718+0000] {logging_mixin.py:188} INFO - [2024-06-13T15:07:39.718+0000] {dag.py:3954} INFO - Setting next_dagrun for dataset_produces_1 to 2024-06-12 00:00:00+00:00, run_after=2024-06-13 00:00:00+00:00
[2024-06-13T15:07:39.719+0000] {logging_mixin.py:188} INFO - [2024-06-13T15:07:39.719+0000] {dag.py:3954} INFO - Setting next_dagrun for dataset_produces_2 to None, run_after=None
[2024-06-13T15:07:39.733+0000] {processor.py:183} INFO - Processing /home/airflow/.local/lib/python3.12/site-packages/airflow/example_dags/example_datasets.py took 0.065 seconds
