[2024-06-13T14:56:27.148+0000] {processor.py:161} INFO - Started process (PID=68) to work on /home/airflow/.local/lib/python3.12/site-packages/airflow/example_dags/example_display_name.py
[2024-06-13T14:56:27.149+0000] {processor.py:830} INFO - Processing file /home/airflow/.local/lib/python3.12/site-packages/airflow/example_dags/example_display_name.py for tasks to queue
[2024-06-13T14:56:27.152+0000] {logging_mixin.py:188} INFO - [2024-06-13T14:56:27.151+0000] {dagbag.py:545} INFO - Filling up the DagBag from /home/airflow/.local/lib/python3.12/site-packages/airflow/example_dags/example_display_name.py
[2024-06-13T14:56:27.159+0000] {processor.py:840} INFO - DAG(s) 'example_display_name' retrieved from /home/airflow/.local/lib/python3.12/site-packages/airflow/example_dags/example_display_name.py
[2024-06-13T14:56:27.455+0000] {logging_mixin.py:188} INFO - [2024-06-13T14:56:27.452+0000] {override.py:1829} INFO - Created Permission View: can read on DAG:example_display_name
[2024-06-13T14:56:27.476+0000] {logging_mixin.py:188} INFO - [2024-06-13T14:56:27.476+0000] {override.py:1829} INFO - Created Permission View: can delete on DAG:example_display_name
[2024-06-13T14:56:27.486+0000] {logging_mixin.py:188} INFO - [2024-06-13T14:56:27.485+0000] {override.py:1829} INFO - Created Permission View: can edit on DAG:example_display_name
[2024-06-13T14:56:27.487+0000] {logging_mixin.py:188} INFO - [2024-06-13T14:56:27.487+0000] {dag.py:3096} INFO - Sync 1 DAGs
[2024-06-13T14:56:27.512+0000] {logging_mixin.py:188} INFO - [2024-06-13T14:56:27.511+0000] {dag.py:3118} INFO - Creating ORM DAG for example_display_name
[2024-06-13T14:56:27.513+0000] {logging_mixin.py:188} INFO - [2024-06-13T14:56:27.513+0000] {dag.py:3954} INFO - Setting next_dagrun for example_display_name to None, run_after=None
[2024-06-13T14:56:27.546+0000] {processor.py:183} INFO - Processing /home/airflow/.local/lib/python3.12/site-packages/airflow/example_dags/example_display_name.py took 0.405 seconds
[2024-06-13T14:56:58.074+0000] {processor.py:161} INFO - Started process (PID=126) to work on /home/airflow/.local/lib/python3.12/site-packages/airflow/example_dags/example_display_name.py
[2024-06-13T14:56:58.076+0000] {processor.py:830} INFO - Processing file /home/airflow/.local/lib/python3.12/site-packages/airflow/example_dags/example_display_name.py for tasks to queue
[2024-06-13T14:56:58.078+0000] {logging_mixin.py:188} INFO - [2024-06-13T14:56:58.077+0000] {dagbag.py:545} INFO - Filling up the DagBag from /home/airflow/.local/lib/python3.12/site-packages/airflow/example_dags/example_display_name.py
[2024-06-13T14:56:58.277+0000] {processor.py:840} INFO - DAG(s) 'example_display_name' retrieved from /home/airflow/.local/lib/python3.12/site-packages/airflow/example_dags/example_display_name.py
[2024-06-13T14:56:58.371+0000] {logging_mixin.py:188} INFO - [2024-06-13T14:56:58.371+0000] {dag.py:3096} INFO - Sync 1 DAGs
[2024-06-13T14:56:58.381+0000] {logging_mixin.py:188} INFO - [2024-06-13T14:56:58.381+0000] {dag.py:3954} INFO - Setting next_dagrun for example_display_name to None, run_after=None
[2024-06-13T14:56:58.455+0000] {processor.py:183} INFO - Processing /home/airflow/.local/lib/python3.12/site-packages/airflow/example_dags/example_display_name.py took 0.385 seconds
[2024-06-13T14:57:29.193+0000] {processor.py:161} INFO - Started process (PID=184) to work on /home/airflow/.local/lib/python3.12/site-packages/airflow/example_dags/example_display_name.py
[2024-06-13T14:57:29.196+0000] {processor.py:830} INFO - Processing file /home/airflow/.local/lib/python3.12/site-packages/airflow/example_dags/example_display_name.py for tasks to queue
[2024-06-13T14:57:29.201+0000] {logging_mixin.py:188} INFO - [2024-06-13T14:57:29.200+0000] {dagbag.py:545} INFO - Filling up the DagBag from /home/airflow/.local/lib/python3.12/site-packages/airflow/example_dags/example_display_name.py
[2024-06-13T14:57:29.225+0000] {processor.py:840} INFO - DAG(s) 'example_display_name' retrieved from /home/airflow/.local/lib/python3.12/site-packages/airflow/example_dags/example_display_name.py
[2024-06-13T14:57:29.278+0000] {logging_mixin.py:188} INFO - [2024-06-13T14:57:29.277+0000] {dag.py:3096} INFO - Sync 1 DAGs
[2024-06-13T14:57:29.296+0000] {logging_mixin.py:188} INFO - [2024-06-13T14:57:29.296+0000] {dag.py:3954} INFO - Setting next_dagrun for example_display_name to None, run_after=None
[2024-06-13T14:57:29.354+0000] {processor.py:183} INFO - Processing /home/airflow/.local/lib/python3.12/site-packages/airflow/example_dags/example_display_name.py took 0.168 seconds
[2024-06-13T14:57:59.527+0000] {processor.py:161} INFO - Started process (PID=242) to work on /home/airflow/.local/lib/python3.12/site-packages/airflow/example_dags/example_display_name.py
[2024-06-13T14:57:59.528+0000] {processor.py:830} INFO - Processing file /home/airflow/.local/lib/python3.12/site-packages/airflow/example_dags/example_display_name.py for tasks to queue
[2024-06-13T14:57:59.531+0000] {logging_mixin.py:188} INFO - [2024-06-13T14:57:59.530+0000] {dagbag.py:545} INFO - Filling up the DagBag from /home/airflow/.local/lib/python3.12/site-packages/airflow/example_dags/example_display_name.py
[2024-06-13T14:57:59.537+0000] {processor.py:840} INFO - DAG(s) 'example_display_name' retrieved from /home/airflow/.local/lib/python3.12/site-packages/airflow/example_dags/example_display_name.py
[2024-06-13T14:57:59.561+0000] {logging_mixin.py:188} INFO - [2024-06-13T14:57:59.560+0000] {dag.py:3096} INFO - Sync 1 DAGs
[2024-06-13T14:57:59.570+0000] {logging_mixin.py:188} INFO - [2024-06-13T14:57:59.570+0000] {dag.py:3954} INFO - Setting next_dagrun for example_display_name to None, run_after=None
[2024-06-13T14:57:59.583+0000] {processor.py:183} INFO - Processing /home/airflow/.local/lib/python3.12/site-packages/airflow/example_dags/example_display_name.py took 0.069 seconds
[2024-06-13T14:58:29.880+0000] {processor.py:161} INFO - Started process (PID=300) to work on /home/airflow/.local/lib/python3.12/site-packages/airflow/example_dags/example_display_name.py
[2024-06-13T14:58:29.883+0000] {processor.py:830} INFO - Processing file /home/airflow/.local/lib/python3.12/site-packages/airflow/example_dags/example_display_name.py for tasks to queue
[2024-06-13T14:58:29.885+0000] {logging_mixin.py:188} INFO - [2024-06-13T14:58:29.885+0000] {dagbag.py:545} INFO - Filling up the DagBag from /home/airflow/.local/lib/python3.12/site-packages/airflow/example_dags/example_display_name.py
[2024-06-13T14:58:29.891+0000] {processor.py:840} INFO - DAG(s) 'example_display_name' retrieved from /home/airflow/.local/lib/python3.12/site-packages/airflow/example_dags/example_display_name.py
[2024-06-13T14:58:29.906+0000] {logging_mixin.py:188} INFO - [2024-06-13T14:58:29.906+0000] {dag.py:3096} INFO - Sync 1 DAGs
[2024-06-13T14:58:29.913+0000] {logging_mixin.py:188} INFO - [2024-06-13T14:58:29.913+0000] {dag.py:3954} INFO - Setting next_dagrun for example_display_name to None, run_after=None
[2024-06-13T14:58:29.923+0000] {processor.py:183} INFO - Processing /home/airflow/.local/lib/python3.12/site-packages/airflow/example_dags/example_display_name.py took 0.049 seconds
[2024-06-13T14:59:00.005+0000] {processor.py:161} INFO - Started process (PID=359) to work on /home/airflow/.local/lib/python3.12/site-packages/airflow/example_dags/example_display_name.py
[2024-06-13T14:59:00.006+0000] {processor.py:830} INFO - Processing file /home/airflow/.local/lib/python3.12/site-packages/airflow/example_dags/example_display_name.py for tasks to queue
[2024-06-13T14:59:00.008+0000] {logging_mixin.py:188} INFO - [2024-06-13T14:59:00.008+0000] {dagbag.py:545} INFO - Filling up the DagBag from /home/airflow/.local/lib/python3.12/site-packages/airflow/example_dags/example_display_name.py
[2024-06-13T14:59:00.014+0000] {processor.py:840} INFO - DAG(s) 'example_display_name' retrieved from /home/airflow/.local/lib/python3.12/site-packages/airflow/example_dags/example_display_name.py
[2024-06-13T14:59:00.033+0000] {logging_mixin.py:188} INFO - [2024-06-13T14:59:00.033+0000] {dag.py:3096} INFO - Sync 1 DAGs
[2024-06-13T14:59:00.042+0000] {logging_mixin.py:188} INFO - [2024-06-13T14:59:00.042+0000] {dag.py:3954} INFO - Setting next_dagrun for example_display_name to None, run_after=None
[2024-06-13T14:59:00.053+0000] {processor.py:183} INFO - Processing /home/airflow/.local/lib/python3.12/site-packages/airflow/example_dags/example_display_name.py took 0.055 seconds
[2024-06-13T14:59:30.065+0000] {processor.py:161} INFO - Started process (PID=416) to work on /home/airflow/.local/lib/python3.12/site-packages/airflow/example_dags/example_display_name.py
[2024-06-13T14:59:30.066+0000] {processor.py:830} INFO - Processing file /home/airflow/.local/lib/python3.12/site-packages/airflow/example_dags/example_display_name.py for tasks to queue
[2024-06-13T14:59:30.067+0000] {logging_mixin.py:188} INFO - [2024-06-13T14:59:30.067+0000] {dagbag.py:545} INFO - Filling up the DagBag from /home/airflow/.local/lib/python3.12/site-packages/airflow/example_dags/example_display_name.py
[2024-06-13T14:59:30.070+0000] {processor.py:840} INFO - DAG(s) 'example_display_name' retrieved from /home/airflow/.local/lib/python3.12/site-packages/airflow/example_dags/example_display_name.py
[2024-06-13T14:59:30.078+0000] {logging_mixin.py:188} INFO - [2024-06-13T14:59:30.078+0000] {dag.py:3096} INFO - Sync 1 DAGs
[2024-06-13T14:59:30.084+0000] {logging_mixin.py:188} INFO - [2024-06-13T14:59:30.084+0000] {dag.py:3954} INFO - Setting next_dagrun for example_display_name to None, run_after=None
[2024-06-13T14:59:30.092+0000] {processor.py:183} INFO - Processing /home/airflow/.local/lib/python3.12/site-packages/airflow/example_dags/example_display_name.py took 0.030 seconds
[2024-06-13T15:00:00.821+0000] {processor.py:161} INFO - Started process (PID=474) to work on /home/airflow/.local/lib/python3.12/site-packages/airflow/example_dags/example_display_name.py
[2024-06-13T15:00:00.821+0000] {processor.py:830} INFO - Processing file /home/airflow/.local/lib/python3.12/site-packages/airflow/example_dags/example_display_name.py for tasks to queue
[2024-06-13T15:00:00.822+0000] {logging_mixin.py:188} INFO - [2024-06-13T15:00:00.822+0000] {dagbag.py:545} INFO - Filling up the DagBag from /home/airflow/.local/lib/python3.12/site-packages/airflow/example_dags/example_display_name.py
[2024-06-13T15:00:00.825+0000] {processor.py:840} INFO - DAG(s) 'example_display_name' retrieved from /home/airflow/.local/lib/python3.12/site-packages/airflow/example_dags/example_display_name.py
[2024-06-13T15:00:00.834+0000] {logging_mixin.py:188} INFO - [2024-06-13T15:00:00.834+0000] {dag.py:3096} INFO - Sync 1 DAGs
[2024-06-13T15:00:00.839+0000] {logging_mixin.py:188} INFO - [2024-06-13T15:00:00.839+0000] {dag.py:3954} INFO - Setting next_dagrun for example_display_name to None, run_after=None
[2024-06-13T15:00:00.847+0000] {processor.py:183} INFO - Processing /home/airflow/.local/lib/python3.12/site-packages/airflow/example_dags/example_display_name.py took 0.029 seconds
[2024-06-13T15:00:31.561+0000] {processor.py:161} INFO - Started process (PID=532) to work on /home/airflow/.local/lib/python3.12/site-packages/airflow/example_dags/example_display_name.py
[2024-06-13T15:00:31.561+0000] {processor.py:830} INFO - Processing file /home/airflow/.local/lib/python3.12/site-packages/airflow/example_dags/example_display_name.py for tasks to queue
[2024-06-13T15:00:31.562+0000] {logging_mixin.py:188} INFO - [2024-06-13T15:00:31.562+0000] {dagbag.py:545} INFO - Filling up the DagBag from /home/airflow/.local/lib/python3.12/site-packages/airflow/example_dags/example_display_name.py
[2024-06-13T15:00:31.565+0000] {processor.py:840} INFO - DAG(s) 'example_display_name' retrieved from /home/airflow/.local/lib/python3.12/site-packages/airflow/example_dags/example_display_name.py
[2024-06-13T15:00:31.574+0000] {logging_mixin.py:188} INFO - [2024-06-13T15:00:31.574+0000] {dag.py:3096} INFO - Sync 1 DAGs
[2024-06-13T15:00:31.579+0000] {logging_mixin.py:188} INFO - [2024-06-13T15:00:31.579+0000] {dag.py:3954} INFO - Setting next_dagrun for example_display_name to None, run_after=None
[2024-06-13T15:00:31.587+0000] {processor.py:183} INFO - Processing /home/airflow/.local/lib/python3.12/site-packages/airflow/example_dags/example_display_name.py took 0.029 seconds
[2024-06-13T15:01:02.315+0000] {processor.py:161} INFO - Started process (PID=590) to work on /home/airflow/.local/lib/python3.12/site-packages/airflow/example_dags/example_display_name.py
[2024-06-13T15:01:02.315+0000] {processor.py:830} INFO - Processing file /home/airflow/.local/lib/python3.12/site-packages/airflow/example_dags/example_display_name.py for tasks to queue
[2024-06-13T15:01:02.316+0000] {logging_mixin.py:188} INFO - [2024-06-13T15:01:02.316+0000] {dagbag.py:545} INFO - Filling up the DagBag from /home/airflow/.local/lib/python3.12/site-packages/airflow/example_dags/example_display_name.py
[2024-06-13T15:01:02.319+0000] {processor.py:840} INFO - DAG(s) 'example_display_name' retrieved from /home/airflow/.local/lib/python3.12/site-packages/airflow/example_dags/example_display_name.py
[2024-06-13T15:01:02.328+0000] {logging_mixin.py:188} INFO - [2024-06-13T15:01:02.328+0000] {dag.py:3096} INFO - Sync 1 DAGs
[2024-06-13T15:01:02.334+0000] {logging_mixin.py:188} INFO - [2024-06-13T15:01:02.334+0000] {dag.py:3954} INFO - Setting next_dagrun for example_display_name to None, run_after=None
[2024-06-13T15:01:02.341+0000] {processor.py:183} INFO - Processing /home/airflow/.local/lib/python3.12/site-packages/airflow/example_dags/example_display_name.py took 0.029 seconds
[2024-06-13T15:01:32.450+0000] {processor.py:161} INFO - Started process (PID=648) to work on /home/airflow/.local/lib/python3.12/site-packages/airflow/example_dags/example_display_name.py
[2024-06-13T15:01:32.450+0000] {processor.py:830} INFO - Processing file /home/airflow/.local/lib/python3.12/site-packages/airflow/example_dags/example_display_name.py for tasks to queue
[2024-06-13T15:01:32.451+0000] {logging_mixin.py:188} INFO - [2024-06-13T15:01:32.451+0000] {dagbag.py:545} INFO - Filling up the DagBag from /home/airflow/.local/lib/python3.12/site-packages/airflow/example_dags/example_display_name.py
[2024-06-13T15:01:32.454+0000] {processor.py:840} INFO - DAG(s) 'example_display_name' retrieved from /home/airflow/.local/lib/python3.12/site-packages/airflow/example_dags/example_display_name.py
[2024-06-13T15:01:32.463+0000] {logging_mixin.py:188} INFO - [2024-06-13T15:01:32.463+0000] {dag.py:3096} INFO - Sync 1 DAGs
[2024-06-13T15:01:32.469+0000] {logging_mixin.py:188} INFO - [2024-06-13T15:01:32.469+0000] {dag.py:3954} INFO - Setting next_dagrun for example_display_name to None, run_after=None
[2024-06-13T15:01:32.476+0000] {processor.py:183} INFO - Processing /home/airflow/.local/lib/python3.12/site-packages/airflow/example_dags/example_display_name.py took 0.029 seconds
[2024-06-13T15:02:02.546+0000] {processor.py:161} INFO - Started process (PID=706) to work on /home/airflow/.local/lib/python3.12/site-packages/airflow/example_dags/example_display_name.py
[2024-06-13T15:02:02.547+0000] {processor.py:830} INFO - Processing file /home/airflow/.local/lib/python3.12/site-packages/airflow/example_dags/example_display_name.py for tasks to queue
[2024-06-13T15:02:02.548+0000] {logging_mixin.py:188} INFO - [2024-06-13T15:02:02.548+0000] {dagbag.py:545} INFO - Filling up the DagBag from /home/airflow/.local/lib/python3.12/site-packages/airflow/example_dags/example_display_name.py
[2024-06-13T15:02:02.551+0000] {processor.py:840} INFO - DAG(s) 'example_display_name' retrieved from /home/airflow/.local/lib/python3.12/site-packages/airflow/example_dags/example_display_name.py
[2024-06-13T15:02:02.560+0000] {logging_mixin.py:188} INFO - [2024-06-13T15:02:02.560+0000] {dag.py:3096} INFO - Sync 1 DAGs
[2024-06-13T15:02:02.565+0000] {logging_mixin.py:188} INFO - [2024-06-13T15:02:02.565+0000] {dag.py:3954} INFO - Setting next_dagrun for example_display_name to None, run_after=None
[2024-06-13T15:02:02.572+0000] {processor.py:183} INFO - Processing /home/airflow/.local/lib/python3.12/site-packages/airflow/example_dags/example_display_name.py took 0.029 seconds
[2024-06-13T15:02:33.362+0000] {processor.py:161} INFO - Started process (PID=764) to work on /home/airflow/.local/lib/python3.12/site-packages/airflow/example_dags/example_display_name.py
[2024-06-13T15:02:33.363+0000] {processor.py:830} INFO - Processing file /home/airflow/.local/lib/python3.12/site-packages/airflow/example_dags/example_display_name.py for tasks to queue
[2024-06-13T15:02:33.364+0000] {logging_mixin.py:188} INFO - [2024-06-13T15:02:33.363+0000] {dagbag.py:545} INFO - Filling up the DagBag from /home/airflow/.local/lib/python3.12/site-packages/airflow/example_dags/example_display_name.py
[2024-06-13T15:02:33.366+0000] {processor.py:840} INFO - DAG(s) 'example_display_name' retrieved from /home/airflow/.local/lib/python3.12/site-packages/airflow/example_dags/example_display_name.py
[2024-06-13T15:02:33.376+0000] {logging_mixin.py:188} INFO - [2024-06-13T15:02:33.376+0000] {dag.py:3096} INFO - Sync 1 DAGs
[2024-06-13T15:02:33.381+0000] {logging_mixin.py:188} INFO - [2024-06-13T15:02:33.381+0000] {dag.py:3954} INFO - Setting next_dagrun for example_display_name to None, run_after=None
[2024-06-13T15:02:33.390+0000] {processor.py:183} INFO - Processing /home/airflow/.local/lib/python3.12/site-packages/airflow/example_dags/example_display_name.py took 0.030 seconds
[2024-06-13T15:03:03.629+0000] {processor.py:161} INFO - Started process (PID=822) to work on /home/airflow/.local/lib/python3.12/site-packages/airflow/example_dags/example_display_name.py
[2024-06-13T15:03:03.629+0000] {processor.py:830} INFO - Processing file /home/airflow/.local/lib/python3.12/site-packages/airflow/example_dags/example_display_name.py for tasks to queue
[2024-06-13T15:03:03.630+0000] {logging_mixin.py:188} INFO - [2024-06-13T15:03:03.630+0000] {dagbag.py:545} INFO - Filling up the DagBag from /home/airflow/.local/lib/python3.12/site-packages/airflow/example_dags/example_display_name.py
[2024-06-13T15:03:03.633+0000] {processor.py:840} INFO - DAG(s) 'example_display_name' retrieved from /home/airflow/.local/lib/python3.12/site-packages/airflow/example_dags/example_display_name.py
[2024-06-13T15:03:03.642+0000] {logging_mixin.py:188} INFO - [2024-06-13T15:03:03.642+0000] {dag.py:3096} INFO - Sync 1 DAGs
[2024-06-13T15:03:03.648+0000] {logging_mixin.py:188} INFO - [2024-06-13T15:03:03.648+0000] {dag.py:3954} INFO - Setting next_dagrun for example_display_name to None, run_after=None
[2024-06-13T15:03:03.658+0000] {processor.py:183} INFO - Processing /home/airflow/.local/lib/python3.12/site-packages/airflow/example_dags/example_display_name.py took 0.032 seconds
[2024-06-13T15:03:34.352+0000] {processor.py:161} INFO - Started process (PID=880) to work on /home/airflow/.local/lib/python3.12/site-packages/airflow/example_dags/example_display_name.py
[2024-06-13T15:03:34.353+0000] {processor.py:830} INFO - Processing file /home/airflow/.local/lib/python3.12/site-packages/airflow/example_dags/example_display_name.py for tasks to queue
[2024-06-13T15:03:34.354+0000] {logging_mixin.py:188} INFO - [2024-06-13T15:03:34.354+0000] {dagbag.py:545} INFO - Filling up the DagBag from /home/airflow/.local/lib/python3.12/site-packages/airflow/example_dags/example_display_name.py
[2024-06-13T15:03:34.357+0000] {processor.py:840} INFO - DAG(s) 'example_display_name' retrieved from /home/airflow/.local/lib/python3.12/site-packages/airflow/example_dags/example_display_name.py
[2024-06-13T15:03:34.366+0000] {logging_mixin.py:188} INFO - [2024-06-13T15:03:34.366+0000] {dag.py:3096} INFO - Sync 1 DAGs
[2024-06-13T15:03:34.372+0000] {logging_mixin.py:188} INFO - [2024-06-13T15:03:34.372+0000] {dag.py:3954} INFO - Setting next_dagrun for example_display_name to None, run_after=None
[2024-06-13T15:03:34.380+0000] {processor.py:183} INFO - Processing /home/airflow/.local/lib/python3.12/site-packages/airflow/example_dags/example_display_name.py took 0.031 seconds
[2024-06-13T15:05:09.428+0000] {processor.py:161} INFO - Started process (PID=61) to work on /home/airflow/.local/lib/python3.12/site-packages/airflow/example_dags/example_display_name.py
[2024-06-13T15:05:09.429+0000] {processor.py:830} INFO - Processing file /home/airflow/.local/lib/python3.12/site-packages/airflow/example_dags/example_display_name.py for tasks to queue
[2024-06-13T15:05:09.431+0000] {logging_mixin.py:188} INFO - [2024-06-13T15:05:09.430+0000] {dagbag.py:545} INFO - Filling up the DagBag from /home/airflow/.local/lib/python3.12/site-packages/airflow/example_dags/example_display_name.py
[2024-06-13T15:05:09.438+0000] {processor.py:840} INFO - DAG(s) 'example_display_name' retrieved from /home/airflow/.local/lib/python3.12/site-packages/airflow/example_dags/example_display_name.py
[2024-06-13T15:05:09.470+0000] {logging_mixin.py:188} INFO - [2024-06-13T15:05:09.469+0000] {dag.py:3096} INFO - Sync 1 DAGs
[2024-06-13T15:05:09.488+0000] {logging_mixin.py:188} INFO - [2024-06-13T15:05:09.488+0000] {dag.py:3954} INFO - Setting next_dagrun for example_display_name to None, run_after=None
[2024-06-13T15:05:09.510+0000] {processor.py:183} INFO - Processing /home/airflow/.local/lib/python3.12/site-packages/airflow/example_dags/example_display_name.py took 0.086 seconds
[2024-06-13T15:05:40.357+0000] {processor.py:161} INFO - Started process (PID=118) to work on /home/airflow/.local/lib/python3.12/site-packages/airflow/example_dags/example_display_name.py
[2024-06-13T15:05:40.358+0000] {processor.py:830} INFO - Processing file /home/airflow/.local/lib/python3.12/site-packages/airflow/example_dags/example_display_name.py for tasks to queue
[2024-06-13T15:05:40.359+0000] {logging_mixin.py:188} INFO - [2024-06-13T15:05:40.358+0000] {dagbag.py:545} INFO - Filling up the DagBag from /home/airflow/.local/lib/python3.12/site-packages/airflow/example_dags/example_display_name.py
[2024-06-13T15:05:40.362+0000] {processor.py:840} INFO - DAG(s) 'example_display_name' retrieved from /home/airflow/.local/lib/python3.12/site-packages/airflow/example_dags/example_display_name.py
[2024-06-13T15:05:40.404+0000] {logging_mixin.py:188} INFO - [2024-06-13T15:05:40.404+0000] {dag.py:3096} INFO - Sync 1 DAGs
[2024-06-13T15:05:40.408+0000] {logging_mixin.py:188} INFO - [2024-06-13T15:05:40.408+0000] {dag.py:3954} INFO - Setting next_dagrun for example_display_name to None, run_after=None
[2024-06-13T15:05:40.416+0000] {processor.py:183} INFO - Processing /home/airflow/.local/lib/python3.12/site-packages/airflow/example_dags/example_display_name.py took 0.062 seconds
[2024-06-13T15:06:10.573+0000] {processor.py:161} INFO - Started process (PID=176) to work on /home/airflow/.local/lib/python3.12/site-packages/airflow/example_dags/example_display_name.py
[2024-06-13T15:06:10.574+0000] {processor.py:830} INFO - Processing file /home/airflow/.local/lib/python3.12/site-packages/airflow/example_dags/example_display_name.py for tasks to queue
[2024-06-13T15:06:10.575+0000] {logging_mixin.py:188} INFO - [2024-06-13T15:06:10.575+0000] {dagbag.py:545} INFO - Filling up the DagBag from /home/airflow/.local/lib/python3.12/site-packages/airflow/example_dags/example_display_name.py
[2024-06-13T15:06:10.578+0000] {processor.py:840} INFO - DAG(s) 'example_display_name' retrieved from /home/airflow/.local/lib/python3.12/site-packages/airflow/example_dags/example_display_name.py
[2024-06-13T15:06:10.587+0000] {logging_mixin.py:188} INFO - [2024-06-13T15:06:10.587+0000] {dag.py:3096} INFO - Sync 1 DAGs
[2024-06-13T15:06:10.592+0000] {logging_mixin.py:188} INFO - [2024-06-13T15:06:10.592+0000] {dag.py:3954} INFO - Setting next_dagrun for example_display_name to None, run_after=None
[2024-06-13T15:06:10.600+0000] {processor.py:183} INFO - Processing /home/airflow/.local/lib/python3.12/site-packages/airflow/example_dags/example_display_name.py took 0.030 seconds
[2024-06-13T15:06:40.825+0000] {processor.py:161} INFO - Started process (PID=234) to work on /home/airflow/.local/lib/python3.12/site-packages/airflow/example_dags/example_display_name.py
[2024-06-13T15:06:40.826+0000] {processor.py:830} INFO - Processing file /home/airflow/.local/lib/python3.12/site-packages/airflow/example_dags/example_display_name.py for tasks to queue
[2024-06-13T15:06:40.827+0000] {logging_mixin.py:188} INFO - [2024-06-13T15:06:40.827+0000] {dagbag.py:545} INFO - Filling up the DagBag from /home/airflow/.local/lib/python3.12/site-packages/airflow/example_dags/example_display_name.py
[2024-06-13T15:06:40.830+0000] {processor.py:840} INFO - DAG(s) 'example_display_name' retrieved from /home/airflow/.local/lib/python3.12/site-packages/airflow/example_dags/example_display_name.py
[2024-06-13T15:06:40.839+0000] {logging_mixin.py:188} INFO - [2024-06-13T15:06:40.839+0000] {dag.py:3096} INFO - Sync 1 DAGs
[2024-06-13T15:06:40.845+0000] {logging_mixin.py:188} INFO - [2024-06-13T15:06:40.844+0000] {dag.py:3954} INFO - Setting next_dagrun for example_display_name to None, run_after=None
[2024-06-13T15:06:40.853+0000] {processor.py:183} INFO - Processing /home/airflow/.local/lib/python3.12/site-packages/airflow/example_dags/example_display_name.py took 0.030 seconds
[2024-06-13T15:07:11.025+0000] {processor.py:161} INFO - Started process (PID=292) to work on /home/airflow/.local/lib/python3.12/site-packages/airflow/example_dags/example_display_name.py
[2024-06-13T15:07:11.026+0000] {processor.py:830} INFO - Processing file /home/airflow/.local/lib/python3.12/site-packages/airflow/example_dags/example_display_name.py for tasks to queue
[2024-06-13T15:07:11.027+0000] {logging_mixin.py:188} INFO - [2024-06-13T15:07:11.027+0000] {dagbag.py:545} INFO - Filling up the DagBag from /home/airflow/.local/lib/python3.12/site-packages/airflow/example_dags/example_display_name.py
[2024-06-13T15:07:11.030+0000] {processor.py:840} INFO - DAG(s) 'example_display_name' retrieved from /home/airflow/.local/lib/python3.12/site-packages/airflow/example_dags/example_display_name.py
[2024-06-13T15:07:11.039+0000] {logging_mixin.py:188} INFO - [2024-06-13T15:07:11.039+0000] {dag.py:3096} INFO - Sync 1 DAGs
[2024-06-13T15:07:11.044+0000] {logging_mixin.py:188} INFO - [2024-06-13T15:07:11.044+0000] {dag.py:3954} INFO - Setting next_dagrun for example_display_name to None, run_after=None
[2024-06-13T15:07:11.052+0000] {processor.py:183} INFO - Processing /home/airflow/.local/lib/python3.12/site-packages/airflow/example_dags/example_display_name.py took 0.030 seconds
[2024-06-13T15:07:41.295+0000] {processor.py:161} INFO - Started process (PID=350) to work on /home/airflow/.local/lib/python3.12/site-packages/airflow/example_dags/example_display_name.py
[2024-06-13T15:07:41.295+0000] {processor.py:830} INFO - Processing file /home/airflow/.local/lib/python3.12/site-packages/airflow/example_dags/example_display_name.py for tasks to queue
[2024-06-13T15:07:41.296+0000] {logging_mixin.py:188} INFO - [2024-06-13T15:07:41.296+0000] {dagbag.py:545} INFO - Filling up the DagBag from /home/airflow/.local/lib/python3.12/site-packages/airflow/example_dags/example_display_name.py
[2024-06-13T15:07:41.299+0000] {processor.py:840} INFO - DAG(s) 'example_display_name' retrieved from /home/airflow/.local/lib/python3.12/site-packages/airflow/example_dags/example_display_name.py
[2024-06-13T15:07:41.309+0000] {logging_mixin.py:188} INFO - [2024-06-13T15:07:41.309+0000] {dag.py:3096} INFO - Sync 1 DAGs
[2024-06-13T15:07:41.316+0000] {logging_mixin.py:188} INFO - [2024-06-13T15:07:41.316+0000] {dag.py:3954} INFO - Setting next_dagrun for example_display_name to None, run_after=None
[2024-06-13T15:07:41.325+0000] {processor.py:183} INFO - Processing /home/airflow/.local/lib/python3.12/site-packages/airflow/example_dags/example_display_name.py took 0.033 seconds
