[2024-06-13T14:56:28.251+0000] {processor.py:161} INFO - Started process (PID=71) to work on /home/airflow/.local/lib/python3.12/site-packages/airflow/example_dags/example_params_trigger_ui.py
[2024-06-13T14:56:28.253+0000] {processor.py:830} INFO - Processing file /home/airflow/.local/lib/python3.12/site-packages/airflow/example_dags/example_params_trigger_ui.py for tasks to queue
[2024-06-13T14:56:28.259+0000] {logging_mixin.py:188} INFO - [2024-06-13T14:56:28.258+0000] {dagbag.py:545} INFO - Filling up the DagBag from /home/airflow/.local/lib/python3.12/site-packages/airflow/example_dags/example_params_trigger_ui.py
[2024-06-13T14:56:28.341+0000] {processor.py:840} INFO - DAG(s) 'example_params_trigger_ui' retrieved from /home/airflow/.local/lib/python3.12/site-packages/airflow/example_dags/example_params_trigger_ui.py
[2024-06-13T14:56:28.938+0000] {logging_mixin.py:188} INFO - [2024-06-13T14:56:28.934+0000] {override.py:1829} INFO - Created Permission View: can read on DAG:example_params_trigger_ui
[2024-06-13T14:56:28.968+0000] {logging_mixin.py:188} INFO - [2024-06-13T14:56:28.967+0000] {override.py:1829} INFO - Created Permission View: can delete on DAG:example_params_trigger_ui
[2024-06-13T14:56:28.985+0000] {logging_mixin.py:188} INFO - [2024-06-13T14:56:28.985+0000] {override.py:1829} INFO - Created Permission View: can edit on DAG:example_params_trigger_ui
[2024-06-13T14:56:28.987+0000] {logging_mixin.py:188} INFO - [2024-06-13T14:56:28.987+0000] {dag.py:3096} INFO - Sync 1 DAGs
[2024-06-13T14:56:29.002+0000] {logging_mixin.py:188} INFO - [2024-06-13T14:56:29.001+0000] {dag.py:3118} INFO - Creating ORM DAG for example_params_trigger_ui
[2024-06-13T14:56:29.003+0000] {logging_mixin.py:188} INFO - [2024-06-13T14:56:29.003+0000] {dag.py:3954} INFO - Setting next_dagrun for example_params_trigger_ui to None, run_after=None
[2024-06-13T14:56:29.047+0000] {processor.py:183} INFO - Processing /home/airflow/.local/lib/python3.12/site-packages/airflow/example_dags/example_params_trigger_ui.py took 0.834 seconds
[2024-06-13T14:56:59.818+0000] {processor.py:161} INFO - Started process (PID=129) to work on /home/airflow/.local/lib/python3.12/site-packages/airflow/example_dags/example_params_trigger_ui.py
[2024-06-13T14:56:59.825+0000] {processor.py:830} INFO - Processing file /home/airflow/.local/lib/python3.12/site-packages/airflow/example_dags/example_params_trigger_ui.py for tasks to queue
[2024-06-13T14:56:59.831+0000] {logging_mixin.py:188} INFO - [2024-06-13T14:56:59.830+0000] {dagbag.py:545} INFO - Filling up the DagBag from /home/airflow/.local/lib/python3.12/site-packages/airflow/example_dags/example_params_trigger_ui.py
[2024-06-13T14:56:59.857+0000] {processor.py:840} INFO - DAG(s) 'example_params_trigger_ui' retrieved from /home/airflow/.local/lib/python3.12/site-packages/airflow/example_dags/example_params_trigger_ui.py
[2024-06-13T14:56:59.960+0000] {logging_mixin.py:188} INFO - [2024-06-13T14:56:59.960+0000] {dag.py:3096} INFO - Sync 1 DAGs
[2024-06-13T14:56:59.998+0000] {logging_mixin.py:188} INFO - [2024-06-13T14:56:59.997+0000] {dag.py:3954} INFO - Setting next_dagrun for example_params_trigger_ui to None, run_after=None
[2024-06-13T14:57:00.031+0000] {processor.py:183} INFO - Processing /home/airflow/.local/lib/python3.12/site-packages/airflow/example_dags/example_params_trigger_ui.py took 0.333 seconds
[2024-06-13T14:57:30.539+0000] {processor.py:161} INFO - Started process (PID=187) to work on /home/airflow/.local/lib/python3.12/site-packages/airflow/example_dags/example_params_trigger_ui.py
[2024-06-13T14:57:30.542+0000] {processor.py:830} INFO - Processing file /home/airflow/.local/lib/python3.12/site-packages/airflow/example_dags/example_params_trigger_ui.py for tasks to queue
[2024-06-13T14:57:30.547+0000] {logging_mixin.py:188} INFO - [2024-06-13T14:57:30.546+0000] {dagbag.py:545} INFO - Filling up the DagBag from /home/airflow/.local/lib/python3.12/site-packages/airflow/example_dags/example_params_trigger_ui.py
[2024-06-13T14:57:30.629+0000] {processor.py:840} INFO - DAG(s) 'example_params_trigger_ui' retrieved from /home/airflow/.local/lib/python3.12/site-packages/airflow/example_dags/example_params_trigger_ui.py
[2024-06-13T14:57:30.682+0000] {logging_mixin.py:188} INFO - [2024-06-13T14:57:30.682+0000] {dag.py:3096} INFO - Sync 1 DAGs
[2024-06-13T14:57:30.695+0000] {logging_mixin.py:188} INFO - [2024-06-13T14:57:30.695+0000] {dag.py:3954} INFO - Setting next_dagrun for example_params_trigger_ui to None, run_after=None
[2024-06-13T14:57:30.710+0000] {processor.py:183} INFO - Processing /home/airflow/.local/lib/python3.12/site-packages/airflow/example_dags/example_params_trigger_ui.py took 0.200 seconds
[2024-06-13T14:58:00.765+0000] {processor.py:161} INFO - Started process (PID=245) to work on /home/airflow/.local/lib/python3.12/site-packages/airflow/example_dags/example_params_trigger_ui.py
[2024-06-13T14:58:00.767+0000] {processor.py:830} INFO - Processing file /home/airflow/.local/lib/python3.12/site-packages/airflow/example_dags/example_params_trigger_ui.py for tasks to queue
[2024-06-13T14:58:00.768+0000] {logging_mixin.py:188} INFO - [2024-06-13T14:58:00.768+0000] {dagbag.py:545} INFO - Filling up the DagBag from /home/airflow/.local/lib/python3.12/site-packages/airflow/example_dags/example_params_trigger_ui.py
[2024-06-13T14:58:00.792+0000] {processor.py:840} INFO - DAG(s) 'example_params_trigger_ui' retrieved from /home/airflow/.local/lib/python3.12/site-packages/airflow/example_dags/example_params_trigger_ui.py
[2024-06-13T14:58:00.843+0000] {logging_mixin.py:188} INFO - [2024-06-13T14:58:00.843+0000] {dag.py:3096} INFO - Sync 1 DAGs
[2024-06-13T14:58:00.858+0000] {logging_mixin.py:188} INFO - [2024-06-13T14:58:00.857+0000] {dag.py:3954} INFO - Setting next_dagrun for example_params_trigger_ui to None, run_after=None
[2024-06-13T14:58:00.874+0000] {processor.py:183} INFO - Processing /home/airflow/.local/lib/python3.12/site-packages/airflow/example_dags/example_params_trigger_ui.py took 0.115 seconds
[2024-06-13T14:58:30.977+0000] {processor.py:161} INFO - Started process (PID=303) to work on /home/airflow/.local/lib/python3.12/site-packages/airflow/example_dags/example_params_trigger_ui.py
[2024-06-13T14:58:30.978+0000] {processor.py:830} INFO - Processing file /home/airflow/.local/lib/python3.12/site-packages/airflow/example_dags/example_params_trigger_ui.py for tasks to queue
[2024-06-13T14:58:30.981+0000] {logging_mixin.py:188} INFO - [2024-06-13T14:58:30.981+0000] {dagbag.py:545} INFO - Filling up the DagBag from /home/airflow/.local/lib/python3.12/site-packages/airflow/example_dags/example_params_trigger_ui.py
[2024-06-13T14:58:30.995+0000] {processor.py:840} INFO - DAG(s) 'example_params_trigger_ui' retrieved from /home/airflow/.local/lib/python3.12/site-packages/airflow/example_dags/example_params_trigger_ui.py
[2024-06-13T14:58:31.020+0000] {logging_mixin.py:188} INFO - [2024-06-13T14:58:31.020+0000] {dag.py:3096} INFO - Sync 1 DAGs
[2024-06-13T14:58:31.026+0000] {logging_mixin.py:188} INFO - [2024-06-13T14:58:31.026+0000] {dag.py:3954} INFO - Setting next_dagrun for example_params_trigger_ui to None, run_after=None
[2024-06-13T14:58:31.036+0000] {processor.py:183} INFO - Processing /home/airflow/.local/lib/python3.12/site-packages/airflow/example_dags/example_params_trigger_ui.py took 0.067 seconds
[2024-06-13T14:59:01.145+0000] {processor.py:161} INFO - Started process (PID=362) to work on /home/airflow/.local/lib/python3.12/site-packages/airflow/example_dags/example_params_trigger_ui.py
[2024-06-13T14:59:01.146+0000] {processor.py:830} INFO - Processing file /home/airflow/.local/lib/python3.12/site-packages/airflow/example_dags/example_params_trigger_ui.py for tasks to queue
[2024-06-13T14:59:01.149+0000] {logging_mixin.py:188} INFO - [2024-06-13T14:59:01.148+0000] {dagbag.py:545} INFO - Filling up the DagBag from /home/airflow/.local/lib/python3.12/site-packages/airflow/example_dags/example_params_trigger_ui.py
[2024-06-13T14:59:01.162+0000] {processor.py:840} INFO - DAG(s) 'example_params_trigger_ui' retrieved from /home/airflow/.local/lib/python3.12/site-packages/airflow/example_dags/example_params_trigger_ui.py
[2024-06-13T14:59:01.188+0000] {logging_mixin.py:188} INFO - [2024-06-13T14:59:01.188+0000] {dag.py:3096} INFO - Sync 1 DAGs
[2024-06-13T14:59:01.195+0000] {logging_mixin.py:188} INFO - [2024-06-13T14:59:01.195+0000] {dag.py:3954} INFO - Setting next_dagrun for example_params_trigger_ui to None, run_after=None
[2024-06-13T14:59:01.204+0000] {processor.py:183} INFO - Processing /home/airflow/.local/lib/python3.12/site-packages/airflow/example_dags/example_params_trigger_ui.py took 0.068 seconds
[2024-06-13T14:59:32.200+0000] {processor.py:161} INFO - Started process (PID=419) to work on /home/airflow/.local/lib/python3.12/site-packages/airflow/example_dags/example_params_trigger_ui.py
[2024-06-13T14:59:32.202+0000] {processor.py:830} INFO - Processing file /home/airflow/.local/lib/python3.12/site-packages/airflow/example_dags/example_params_trigger_ui.py for tasks to queue
[2024-06-13T14:59:32.204+0000] {logging_mixin.py:188} INFO - [2024-06-13T14:59:32.204+0000] {dagbag.py:545} INFO - Filling up the DagBag from /home/airflow/.local/lib/python3.12/site-packages/airflow/example_dags/example_params_trigger_ui.py
[2024-06-13T14:59:32.217+0000] {processor.py:840} INFO - DAG(s) 'example_params_trigger_ui' retrieved from /home/airflow/.local/lib/python3.12/site-packages/airflow/example_dags/example_params_trigger_ui.py
[2024-06-13T14:59:32.242+0000] {logging_mixin.py:188} INFO - [2024-06-13T14:59:32.242+0000] {dag.py:3096} INFO - Sync 1 DAGs
[2024-06-13T14:59:32.249+0000] {logging_mixin.py:188} INFO - [2024-06-13T14:59:32.249+0000] {dag.py:3954} INFO - Setting next_dagrun for example_params_trigger_ui to None, run_after=None
[2024-06-13T14:59:32.257+0000] {processor.py:183} INFO - Processing /home/airflow/.local/lib/python3.12/site-packages/airflow/example_dags/example_params_trigger_ui.py took 0.065 seconds
[2024-06-13T15:00:02.959+0000] {processor.py:161} INFO - Started process (PID=477) to work on /home/airflow/.local/lib/python3.12/site-packages/airflow/example_dags/example_params_trigger_ui.py
[2024-06-13T15:00:02.960+0000] {processor.py:830} INFO - Processing file /home/airflow/.local/lib/python3.12/site-packages/airflow/example_dags/example_params_trigger_ui.py for tasks to queue
[2024-06-13T15:00:02.962+0000] {logging_mixin.py:188} INFO - [2024-06-13T15:00:02.962+0000] {dagbag.py:545} INFO - Filling up the DagBag from /home/airflow/.local/lib/python3.12/site-packages/airflow/example_dags/example_params_trigger_ui.py
[2024-06-13T15:00:02.976+0000] {processor.py:840} INFO - DAG(s) 'example_params_trigger_ui' retrieved from /home/airflow/.local/lib/python3.12/site-packages/airflow/example_dags/example_params_trigger_ui.py
[2024-06-13T15:00:03.003+0000] {logging_mixin.py:188} INFO - [2024-06-13T15:00:03.002+0000] {dag.py:3096} INFO - Sync 1 DAGs
[2024-06-13T15:00:03.009+0000] {logging_mixin.py:188} INFO - [2024-06-13T15:00:03.009+0000] {dag.py:3954} INFO - Setting next_dagrun for example_params_trigger_ui to None, run_after=None
[2024-06-13T15:00:03.018+0000] {processor.py:183} INFO - Processing /home/airflow/.local/lib/python3.12/site-packages/airflow/example_dags/example_params_trigger_ui.py took 0.070 seconds
[2024-06-13T15:00:33.643+0000] {processor.py:161} INFO - Started process (PID=535) to work on /home/airflow/.local/lib/python3.12/site-packages/airflow/example_dags/example_params_trigger_ui.py
[2024-06-13T15:00:33.644+0000] {processor.py:830} INFO - Processing file /home/airflow/.local/lib/python3.12/site-packages/airflow/example_dags/example_params_trigger_ui.py for tasks to queue
[2024-06-13T15:00:33.646+0000] {logging_mixin.py:188} INFO - [2024-06-13T15:00:33.646+0000] {dagbag.py:545} INFO - Filling up the DagBag from /home/airflow/.local/lib/python3.12/site-packages/airflow/example_dags/example_params_trigger_ui.py
[2024-06-13T15:00:33.660+0000] {processor.py:840} INFO - DAG(s) 'example_params_trigger_ui' retrieved from /home/airflow/.local/lib/python3.12/site-packages/airflow/example_dags/example_params_trigger_ui.py
[2024-06-13T15:00:33.688+0000] {logging_mixin.py:188} INFO - [2024-06-13T15:00:33.688+0000] {dag.py:3096} INFO - Sync 1 DAGs
[2024-06-13T15:00:33.695+0000] {logging_mixin.py:188} INFO - [2024-06-13T15:00:33.695+0000] {dag.py:3954} INFO - Setting next_dagrun for example_params_trigger_ui to None, run_after=None
[2024-06-13T15:00:33.704+0000] {processor.py:183} INFO - Processing /home/airflow/.local/lib/python3.12/site-packages/airflow/example_dags/example_params_trigger_ui.py took 0.070 seconds
[2024-06-13T15:01:04.415+0000] {processor.py:161} INFO - Started process (PID=593) to work on /home/airflow/.local/lib/python3.12/site-packages/airflow/example_dags/example_params_trigger_ui.py
[2024-06-13T15:01:04.416+0000] {processor.py:830} INFO - Processing file /home/airflow/.local/lib/python3.12/site-packages/airflow/example_dags/example_params_trigger_ui.py for tasks to queue
[2024-06-13T15:01:04.419+0000] {logging_mixin.py:188} INFO - [2024-06-13T15:01:04.419+0000] {dagbag.py:545} INFO - Filling up the DagBag from /home/airflow/.local/lib/python3.12/site-packages/airflow/example_dags/example_params_trigger_ui.py
[2024-06-13T15:01:04.434+0000] {processor.py:840} INFO - DAG(s) 'example_params_trigger_ui' retrieved from /home/airflow/.local/lib/python3.12/site-packages/airflow/example_dags/example_params_trigger_ui.py
[2024-06-13T15:01:04.460+0000] {logging_mixin.py:188} INFO - [2024-06-13T15:01:04.460+0000] {dag.py:3096} INFO - Sync 1 DAGs
[2024-06-13T15:01:04.468+0000] {logging_mixin.py:188} INFO - [2024-06-13T15:01:04.468+0000] {dag.py:3954} INFO - Setting next_dagrun for example_params_trigger_ui to None, run_after=None
[2024-06-13T15:01:04.477+0000] {processor.py:183} INFO - Processing /home/airflow/.local/lib/python3.12/site-packages/airflow/example_dags/example_params_trigger_ui.py took 0.073 seconds
[2024-06-13T15:01:34.584+0000] {processor.py:161} INFO - Started process (PID=651) to work on /home/airflow/.local/lib/python3.12/site-packages/airflow/example_dags/example_params_trigger_ui.py
[2024-06-13T15:01:34.585+0000] {processor.py:830} INFO - Processing file /home/airflow/.local/lib/python3.12/site-packages/airflow/example_dags/example_params_trigger_ui.py for tasks to queue
[2024-06-13T15:01:34.587+0000] {logging_mixin.py:188} INFO - [2024-06-13T15:01:34.587+0000] {dagbag.py:545} INFO - Filling up the DagBag from /home/airflow/.local/lib/python3.12/site-packages/airflow/example_dags/example_params_trigger_ui.py
[2024-06-13T15:01:34.601+0000] {processor.py:840} INFO - DAG(s) 'example_params_trigger_ui' retrieved from /home/airflow/.local/lib/python3.12/site-packages/airflow/example_dags/example_params_trigger_ui.py
[2024-06-13T15:01:34.626+0000] {logging_mixin.py:188} INFO - [2024-06-13T15:01:34.626+0000] {dag.py:3096} INFO - Sync 1 DAGs
[2024-06-13T15:01:34.633+0000] {logging_mixin.py:188} INFO - [2024-06-13T15:01:34.633+0000] {dag.py:3954} INFO - Setting next_dagrun for example_params_trigger_ui to None, run_after=None
[2024-06-13T15:01:34.643+0000] {processor.py:183} INFO - Processing /home/airflow/.local/lib/python3.12/site-packages/airflow/example_dags/example_params_trigger_ui.py took 0.068 seconds
[2024-06-13T15:02:04.684+0000] {processor.py:161} INFO - Started process (PID=709) to work on /home/airflow/.local/lib/python3.12/site-packages/airflow/example_dags/example_params_trigger_ui.py
[2024-06-13T15:02:04.686+0000] {processor.py:830} INFO - Processing file /home/airflow/.local/lib/python3.12/site-packages/airflow/example_dags/example_params_trigger_ui.py for tasks to queue
[2024-06-13T15:02:04.689+0000] {logging_mixin.py:188} INFO - [2024-06-13T15:02:04.689+0000] {dagbag.py:545} INFO - Filling up the DagBag from /home/airflow/.local/lib/python3.12/site-packages/airflow/example_dags/example_params_trigger_ui.py
[2024-06-13T15:02:04.704+0000] {processor.py:840} INFO - DAG(s) 'example_params_trigger_ui' retrieved from /home/airflow/.local/lib/python3.12/site-packages/airflow/example_dags/example_params_trigger_ui.py
[2024-06-13T15:02:04.731+0000] {logging_mixin.py:188} INFO - [2024-06-13T15:02:04.731+0000] {dag.py:3096} INFO - Sync 1 DAGs
[2024-06-13T15:02:04.738+0000] {logging_mixin.py:188} INFO - [2024-06-13T15:02:04.738+0000] {dag.py:3954} INFO - Setting next_dagrun for example_params_trigger_ui to None, run_after=None
[2024-06-13T15:02:04.747+0000] {processor.py:183} INFO - Processing /home/airflow/.local/lib/python3.12/site-packages/airflow/example_dags/example_params_trigger_ui.py took 0.074 seconds
[2024-06-13T15:02:35.498+0000] {processor.py:161} INFO - Started process (PID=767) to work on /home/airflow/.local/lib/python3.12/site-packages/airflow/example_dags/example_params_trigger_ui.py
[2024-06-13T15:02:35.499+0000] {processor.py:830} INFO - Processing file /home/airflow/.local/lib/python3.12/site-packages/airflow/example_dags/example_params_trigger_ui.py for tasks to queue
[2024-06-13T15:02:35.502+0000] {logging_mixin.py:188} INFO - [2024-06-13T15:02:35.501+0000] {dagbag.py:545} INFO - Filling up the DagBag from /home/airflow/.local/lib/python3.12/site-packages/airflow/example_dags/example_params_trigger_ui.py
[2024-06-13T15:02:35.518+0000] {processor.py:840} INFO - DAG(s) 'example_params_trigger_ui' retrieved from /home/airflow/.local/lib/python3.12/site-packages/airflow/example_dags/example_params_trigger_ui.py
[2024-06-13T15:02:35.543+0000] {logging_mixin.py:188} INFO - [2024-06-13T15:02:35.543+0000] {dag.py:3096} INFO - Sync 1 DAGs
[2024-06-13T15:02:35.551+0000] {logging_mixin.py:188} INFO - [2024-06-13T15:02:35.550+0000] {dag.py:3954} INFO - Setting next_dagrun for example_params_trigger_ui to None, run_after=None
[2024-06-13T15:02:35.561+0000] {processor.py:183} INFO - Processing /home/airflow/.local/lib/python3.12/site-packages/airflow/example_dags/example_params_trigger_ui.py took 0.073 seconds
[2024-06-13T15:03:05.747+0000] {processor.py:161} INFO - Started process (PID=825) to work on /home/airflow/.local/lib/python3.12/site-packages/airflow/example_dags/example_params_trigger_ui.py
[2024-06-13T15:03:05.749+0000] {processor.py:830} INFO - Processing file /home/airflow/.local/lib/python3.12/site-packages/airflow/example_dags/example_params_trigger_ui.py for tasks to queue
[2024-06-13T15:03:05.752+0000] {logging_mixin.py:188} INFO - [2024-06-13T15:03:05.752+0000] {dagbag.py:545} INFO - Filling up the DagBag from /home/airflow/.local/lib/python3.12/site-packages/airflow/example_dags/example_params_trigger_ui.py
[2024-06-13T15:03:05.770+0000] {processor.py:840} INFO - DAG(s) 'example_params_trigger_ui' retrieved from /home/airflow/.local/lib/python3.12/site-packages/airflow/example_dags/example_params_trigger_ui.py
[2024-06-13T15:03:05.800+0000] {logging_mixin.py:188} INFO - [2024-06-13T15:03:05.800+0000] {dag.py:3096} INFO - Sync 1 DAGs
[2024-06-13T15:03:05.807+0000] {logging_mixin.py:188} INFO - [2024-06-13T15:03:05.807+0000] {dag.py:3954} INFO - Setting next_dagrun for example_params_trigger_ui to None, run_after=None
[2024-06-13T15:03:05.816+0000] {processor.py:183} INFO - Processing /home/airflow/.local/lib/python3.12/site-packages/airflow/example_dags/example_params_trigger_ui.py took 0.077 seconds
[2024-06-13T15:03:36.504+0000] {processor.py:161} INFO - Started process (PID=883) to work on /home/airflow/.local/lib/python3.12/site-packages/airflow/example_dags/example_params_trigger_ui.py
[2024-06-13T15:03:36.505+0000] {processor.py:830} INFO - Processing file /home/airflow/.local/lib/python3.12/site-packages/airflow/example_dags/example_params_trigger_ui.py for tasks to queue
[2024-06-13T15:03:36.507+0000] {logging_mixin.py:188} INFO - [2024-06-13T15:03:36.507+0000] {dagbag.py:545} INFO - Filling up the DagBag from /home/airflow/.local/lib/python3.12/site-packages/airflow/example_dags/example_params_trigger_ui.py
[2024-06-13T15:03:36.520+0000] {processor.py:840} INFO - DAG(s) 'example_params_trigger_ui' retrieved from /home/airflow/.local/lib/python3.12/site-packages/airflow/example_dags/example_params_trigger_ui.py
[2024-06-13T15:03:36.543+0000] {logging_mixin.py:188} INFO - [2024-06-13T15:03:36.543+0000] {dag.py:3096} INFO - Sync 1 DAGs
[2024-06-13T15:03:36.549+0000] {logging_mixin.py:188} INFO - [2024-06-13T15:03:36.549+0000] {dag.py:3954} INFO - Setting next_dagrun for example_params_trigger_ui to None, run_after=None
[2024-06-13T15:03:36.558+0000] {processor.py:183} INFO - Processing /home/airflow/.local/lib/python3.12/site-packages/airflow/example_dags/example_params_trigger_ui.py took 0.061 seconds
[2024-06-13T15:05:09.654+0000] {processor.py:161} INFO - Started process (PID=64) to work on /home/airflow/.local/lib/python3.12/site-packages/airflow/example_dags/example_params_trigger_ui.py
[2024-06-13T15:05:09.655+0000] {processor.py:830} INFO - Processing file /home/airflow/.local/lib/python3.12/site-packages/airflow/example_dags/example_params_trigger_ui.py for tasks to queue
[2024-06-13T15:05:09.659+0000] {logging_mixin.py:188} INFO - [2024-06-13T15:05:09.659+0000] {dagbag.py:545} INFO - Filling up the DagBag from /home/airflow/.local/lib/python3.12/site-packages/airflow/example_dags/example_params_trigger_ui.py
[2024-06-13T15:05:09.702+0000] {processor.py:840} INFO - DAG(s) 'example_params_trigger_ui' retrieved from /home/airflow/.local/lib/python3.12/site-packages/airflow/example_dags/example_params_trigger_ui.py
[2024-06-13T15:05:09.730+0000] {logging_mixin.py:188} INFO - [2024-06-13T15:05:09.729+0000] {dag.py:3096} INFO - Sync 1 DAGs
[2024-06-13T15:05:09.747+0000] {logging_mixin.py:188} INFO - [2024-06-13T15:05:09.747+0000] {dag.py:3954} INFO - Setting next_dagrun for example_params_trigger_ui to None, run_after=None
[2024-06-13T15:05:09.767+0000] {processor.py:183} INFO - Processing /home/airflow/.local/lib/python3.12/site-packages/airflow/example_dags/example_params_trigger_ui.py took 0.120 seconds
[2024-06-13T15:05:40.511+0000] {processor.py:161} INFO - Started process (PID=121) to work on /home/airflow/.local/lib/python3.12/site-packages/airflow/example_dags/example_params_trigger_ui.py
[2024-06-13T15:05:40.512+0000] {processor.py:830} INFO - Processing file /home/airflow/.local/lib/python3.12/site-packages/airflow/example_dags/example_params_trigger_ui.py for tasks to queue
[2024-06-13T15:05:40.514+0000] {logging_mixin.py:188} INFO - [2024-06-13T15:05:40.513+0000] {dagbag.py:545} INFO - Filling up the DagBag from /home/airflow/.local/lib/python3.12/site-packages/airflow/example_dags/example_params_trigger_ui.py
[2024-06-13T15:05:40.531+0000] {processor.py:840} INFO - DAG(s) 'example_params_trigger_ui' retrieved from /home/airflow/.local/lib/python3.12/site-packages/airflow/example_dags/example_params_trigger_ui.py
[2024-06-13T15:05:40.618+0000] {logging_mixin.py:188} INFO - [2024-06-13T15:05:40.618+0000] {dag.py:3096} INFO - Sync 1 DAGs
[2024-06-13T15:05:40.623+0000] {logging_mixin.py:188} INFO - [2024-06-13T15:05:40.623+0000] {dag.py:3954} INFO - Setting next_dagrun for example_params_trigger_ui to None, run_after=None
[2024-06-13T15:05:40.633+0000] {processor.py:183} INFO - Processing /home/airflow/.local/lib/python3.12/site-packages/airflow/example_dags/example_params_trigger_ui.py took 0.126 seconds
[2024-06-13T15:06:10.653+0000] {processor.py:161} INFO - Started process (PID=179) to work on /home/airflow/.local/lib/python3.12/site-packages/airflow/example_dags/example_params_trigger_ui.py
[2024-06-13T15:06:10.654+0000] {processor.py:830} INFO - Processing file /home/airflow/.local/lib/python3.12/site-packages/airflow/example_dags/example_params_trigger_ui.py for tasks to queue
[2024-06-13T15:06:10.655+0000] {logging_mixin.py:188} INFO - [2024-06-13T15:06:10.655+0000] {dagbag.py:545} INFO - Filling up the DagBag from /home/airflow/.local/lib/python3.12/site-packages/airflow/example_dags/example_params_trigger_ui.py
[2024-06-13T15:06:10.662+0000] {processor.py:840} INFO - DAG(s) 'example_params_trigger_ui' retrieved from /home/airflow/.local/lib/python3.12/site-packages/airflow/example_dags/example_params_trigger_ui.py
[2024-06-13T15:06:10.680+0000] {logging_mixin.py:188} INFO - [2024-06-13T15:06:10.679+0000] {dag.py:3096} INFO - Sync 1 DAGs
[2024-06-13T15:06:10.685+0000] {logging_mixin.py:188} INFO - [2024-06-13T15:06:10.685+0000] {dag.py:3954} INFO - Setting next_dagrun for example_params_trigger_ui to None, run_after=None
[2024-06-13T15:06:10.693+0000] {processor.py:183} INFO - Processing /home/airflow/.local/lib/python3.12/site-packages/airflow/example_dags/example_params_trigger_ui.py took 0.042 seconds
[2024-06-13T15:06:40.955+0000] {processor.py:161} INFO - Started process (PID=238) to work on /home/airflow/.local/lib/python3.12/site-packages/airflow/example_dags/example_params_trigger_ui.py
[2024-06-13T15:06:40.956+0000] {processor.py:830} INFO - Processing file /home/airflow/.local/lib/python3.12/site-packages/airflow/example_dags/example_params_trigger_ui.py for tasks to queue
[2024-06-13T15:06:40.957+0000] {logging_mixin.py:188} INFO - [2024-06-13T15:06:40.956+0000] {dagbag.py:545} INFO - Filling up the DagBag from /home/airflow/.local/lib/python3.12/site-packages/airflow/example_dags/example_params_trigger_ui.py
[2024-06-13T15:06:40.963+0000] {processor.py:840} INFO - DAG(s) 'example_params_trigger_ui' retrieved from /home/airflow/.local/lib/python3.12/site-packages/airflow/example_dags/example_params_trigger_ui.py
[2024-06-13T15:06:40.980+0000] {logging_mixin.py:188} INFO - [2024-06-13T15:06:40.980+0000] {dag.py:3096} INFO - Sync 1 DAGs
[2024-06-13T15:06:40.985+0000] {logging_mixin.py:188} INFO - [2024-06-13T15:06:40.985+0000] {dag.py:3954} INFO - Setting next_dagrun for example_params_trigger_ui to None, run_after=None
[2024-06-13T15:06:40.992+0000] {processor.py:183} INFO - Processing /home/airflow/.local/lib/python3.12/site-packages/airflow/example_dags/example_params_trigger_ui.py took 0.040 seconds
[2024-06-13T15:07:11.142+0000] {processor.py:161} INFO - Started process (PID=296) to work on /home/airflow/.local/lib/python3.12/site-packages/airflow/example_dags/example_params_trigger_ui.py
[2024-06-13T15:07:11.143+0000] {processor.py:830} INFO - Processing file /home/airflow/.local/lib/python3.12/site-packages/airflow/example_dags/example_params_trigger_ui.py for tasks to queue
[2024-06-13T15:07:11.143+0000] {logging_mixin.py:188} INFO - [2024-06-13T15:07:11.143+0000] {dagbag.py:545} INFO - Filling up the DagBag from /home/airflow/.local/lib/python3.12/site-packages/airflow/example_dags/example_params_trigger_ui.py
[2024-06-13T15:07:11.150+0000] {processor.py:840} INFO - DAG(s) 'example_params_trigger_ui' retrieved from /home/airflow/.local/lib/python3.12/site-packages/airflow/example_dags/example_params_trigger_ui.py
[2024-06-13T15:07:11.167+0000] {logging_mixin.py:188} INFO - [2024-06-13T15:07:11.167+0000] {dag.py:3096} INFO - Sync 1 DAGs
[2024-06-13T15:07:11.172+0000] {logging_mixin.py:188} INFO - [2024-06-13T15:07:11.172+0000] {dag.py:3954} INFO - Setting next_dagrun for example_params_trigger_ui to None, run_after=None
[2024-06-13T15:07:11.180+0000] {processor.py:183} INFO - Processing /home/airflow/.local/lib/python3.12/site-packages/airflow/example_dags/example_params_trigger_ui.py took 0.041 seconds
[2024-06-13T15:07:41.418+0000] {processor.py:161} INFO - Started process (PID=354) to work on /home/airflow/.local/lib/python3.12/site-packages/airflow/example_dags/example_params_trigger_ui.py
[2024-06-13T15:07:41.418+0000] {processor.py:830} INFO - Processing file /home/airflow/.local/lib/python3.12/site-packages/airflow/example_dags/example_params_trigger_ui.py for tasks to queue
[2024-06-13T15:07:41.419+0000] {logging_mixin.py:188} INFO - [2024-06-13T15:07:41.419+0000] {dagbag.py:545} INFO - Filling up the DagBag from /home/airflow/.local/lib/python3.12/site-packages/airflow/example_dags/example_params_trigger_ui.py
[2024-06-13T15:07:41.425+0000] {processor.py:840} INFO - DAG(s) 'example_params_trigger_ui' retrieved from /home/airflow/.local/lib/python3.12/site-packages/airflow/example_dags/example_params_trigger_ui.py
[2024-06-13T15:07:41.442+0000] {logging_mixin.py:188} INFO - [2024-06-13T15:07:41.442+0000] {dag.py:3096} INFO - Sync 1 DAGs
[2024-06-13T15:07:41.448+0000] {logging_mixin.py:188} INFO - [2024-06-13T15:07:41.448+0000] {dag.py:3954} INFO - Setting next_dagrun for example_params_trigger_ui to None, run_after=None
[2024-06-13T15:07:41.455+0000] {processor.py:183} INFO - Processing /home/airflow/.local/lib/python3.12/site-packages/airflow/example_dags/example_params_trigger_ui.py took 0.040 seconds
