[2024-06-13T14:56:30.533+0000] {processor.py:161} INFO - Started process (PID=77) to work on /home/airflow/.local/lib/python3.12/site-packages/airflow/example_dags/example_short_circuit_operator.py
[2024-06-13T14:56:30.539+0000] {processor.py:830} INFO - Processing file /home/airflow/.local/lib/python3.12/site-packages/airflow/example_dags/example_short_circuit_operator.py for tasks to queue
[2024-06-13T14:56:30.552+0000] {logging_mixin.py:188} INFO - [2024-06-13T14:56:30.551+0000] {dagbag.py:545} INFO - Filling up the DagBag from /home/airflow/.local/lib/python3.12/site-packages/airflow/example_dags/example_short_circuit_operator.py
[2024-06-13T14:56:30.569+0000] {processor.py:840} INFO - DAG(s) 'example_short_circuit_operator' retrieved from /home/airflow/.local/lib/python3.12/site-packages/airflow/example_dags/example_short_circuit_operator.py
[2024-06-13T14:56:30.850+0000] {logging_mixin.py:188} INFO - [2024-06-13T14:56:30.848+0000] {override.py:1829} INFO - Created Permission View: can read on DAG:example_short_circuit_operator
[2024-06-13T14:56:30.870+0000] {logging_mixin.py:188} INFO - [2024-06-13T14:56:30.869+0000] {override.py:1829} INFO - Created Permission View: can delete on DAG:example_short_circuit_operator
[2024-06-13T14:56:30.879+0000] {logging_mixin.py:188} INFO - [2024-06-13T14:56:30.878+0000] {override.py:1829} INFO - Created Permission View: can edit on DAG:example_short_circuit_operator
[2024-06-13T14:56:30.880+0000] {logging_mixin.py:188} INFO - [2024-06-13T14:56:30.880+0000] {dag.py:3096} INFO - Sync 1 DAGs
[2024-06-13T14:56:30.915+0000] {logging_mixin.py:188} INFO - [2024-06-13T14:56:30.914+0000] {dag.py:3118} INFO - Creating ORM DAG for example_short_circuit_operator
[2024-06-13T14:56:30.937+0000] {logging_mixin.py:188} INFO - [2024-06-13T14:56:30.936+0000] {dag.py:3954} INFO - Setting next_dagrun for example_short_circuit_operator to 2024-06-12 00:00:00+00:00, run_after=2024-06-13 00:00:00+00:00
[2024-06-13T14:56:30.960+0000] {processor.py:183} INFO - Processing /home/airflow/.local/lib/python3.12/site-packages/airflow/example_dags/example_short_circuit_operator.py took 0.471 seconds
[2024-06-13T14:57:01.524+0000] {processor.py:161} INFO - Started process (PID=135) to work on /home/airflow/.local/lib/python3.12/site-packages/airflow/example_dags/example_short_circuit_operator.py
[2024-06-13T14:57:01.533+0000] {processor.py:830} INFO - Processing file /home/airflow/.local/lib/python3.12/site-packages/airflow/example_dags/example_short_circuit_operator.py for tasks to queue
[2024-06-13T14:57:01.535+0000] {logging_mixin.py:188} INFO - [2024-06-13T14:57:01.534+0000] {dagbag.py:545} INFO - Filling up the DagBag from /home/airflow/.local/lib/python3.12/site-packages/airflow/example_dags/example_short_circuit_operator.py
[2024-06-13T14:57:01.545+0000] {processor.py:840} INFO - DAG(s) 'example_short_circuit_operator' retrieved from /home/airflow/.local/lib/python3.12/site-packages/airflow/example_dags/example_short_circuit_operator.py
[2024-06-13T14:57:01.601+0000] {logging_mixin.py:188} INFO - [2024-06-13T14:57:01.601+0000] {dag.py:3096} INFO - Sync 1 DAGs
[2024-06-13T14:57:01.632+0000] {logging_mixin.py:188} INFO - [2024-06-13T14:57:01.632+0000] {dag.py:3954} INFO - Setting next_dagrun for example_short_circuit_operator to 2024-06-12 00:00:00+00:00, run_after=2024-06-13 00:00:00+00:00
[2024-06-13T14:57:01.687+0000] {processor.py:183} INFO - Processing /home/airflow/.local/lib/python3.12/site-packages/airflow/example_dags/example_short_circuit_operator.py took 0.170 seconds
[2024-06-13T14:57:31.905+0000] {processor.py:161} INFO - Started process (PID=192) to work on /home/airflow/.local/lib/python3.12/site-packages/airflow/example_dags/example_short_circuit_operator.py
[2024-06-13T14:57:31.909+0000] {processor.py:830} INFO - Processing file /home/airflow/.local/lib/python3.12/site-packages/airflow/example_dags/example_short_circuit_operator.py for tasks to queue
[2024-06-13T14:57:31.927+0000] {logging_mixin.py:188} INFO - [2024-06-13T14:57:31.924+0000] {dagbag.py:545} INFO - Filling up the DagBag from /home/airflow/.local/lib/python3.12/site-packages/airflow/example_dags/example_short_circuit_operator.py
[2024-06-13T14:57:31.942+0000] {processor.py:840} INFO - DAG(s) 'example_short_circuit_operator' retrieved from /home/airflow/.local/lib/python3.12/site-packages/airflow/example_dags/example_short_circuit_operator.py
[2024-06-13T14:57:31.988+0000] {logging_mixin.py:188} INFO - [2024-06-13T14:57:31.988+0000] {dag.py:3096} INFO - Sync 1 DAGs
[2024-06-13T14:57:32.019+0000] {logging_mixin.py:188} INFO - [2024-06-13T14:57:32.019+0000] {dag.py:3954} INFO - Setting next_dagrun for example_short_circuit_operator to 2024-06-12 00:00:00+00:00, run_after=2024-06-13 00:00:00+00:00
[2024-06-13T14:57:32.065+0000] {processor.py:183} INFO - Processing /home/airflow/.local/lib/python3.12/site-packages/airflow/example_dags/example_short_circuit_operator.py took 0.186 seconds
[2024-06-13T14:58:03.121+0000] {processor.py:161} INFO - Started process (PID=251) to work on /home/airflow/.local/lib/python3.12/site-packages/airflow/example_dags/example_short_circuit_operator.py
[2024-06-13T14:58:03.122+0000] {processor.py:830} INFO - Processing file /home/airflow/.local/lib/python3.12/site-packages/airflow/example_dags/example_short_circuit_operator.py for tasks to queue
[2024-06-13T14:58:03.124+0000] {logging_mixin.py:188} INFO - [2024-06-13T14:58:03.123+0000] {dagbag.py:545} INFO - Filling up the DagBag from /home/airflow/.local/lib/python3.12/site-packages/airflow/example_dags/example_short_circuit_operator.py
[2024-06-13T14:58:03.129+0000] {processor.py:840} INFO - DAG(s) 'example_short_circuit_operator' retrieved from /home/airflow/.local/lib/python3.12/site-packages/airflow/example_dags/example_short_circuit_operator.py
[2024-06-13T14:58:03.146+0000] {logging_mixin.py:188} INFO - [2024-06-13T14:58:03.146+0000] {dag.py:3096} INFO - Sync 1 DAGs
[2024-06-13T14:58:03.161+0000] {logging_mixin.py:188} INFO - [2024-06-13T14:58:03.161+0000] {dag.py:3954} INFO - Setting next_dagrun for example_short_circuit_operator to 2024-06-12 00:00:00+00:00, run_after=2024-06-13 00:00:00+00:00
[2024-06-13T14:58:03.170+0000] {processor.py:183} INFO - Processing /home/airflow/.local/lib/python3.12/site-packages/airflow/example_dags/example_short_circuit_operator.py took 0.053 seconds
[2024-06-13T14:58:34.179+0000] {processor.py:161} INFO - Started process (PID=309) to work on /home/airflow/.local/lib/python3.12/site-packages/airflow/example_dags/example_short_circuit_operator.py
[2024-06-13T14:58:34.180+0000] {processor.py:830} INFO - Processing file /home/airflow/.local/lib/python3.12/site-packages/airflow/example_dags/example_short_circuit_operator.py for tasks to queue
[2024-06-13T14:58:34.181+0000] {logging_mixin.py:188} INFO - [2024-06-13T14:58:34.181+0000] {dagbag.py:545} INFO - Filling up the DagBag from /home/airflow/.local/lib/python3.12/site-packages/airflow/example_dags/example_short_circuit_operator.py
[2024-06-13T14:58:34.185+0000] {processor.py:840} INFO - DAG(s) 'example_short_circuit_operator' retrieved from /home/airflow/.local/lib/python3.12/site-packages/airflow/example_dags/example_short_circuit_operator.py
[2024-06-13T14:58:34.195+0000] {logging_mixin.py:188} INFO - [2024-06-13T14:58:34.195+0000] {dag.py:3096} INFO - Sync 1 DAGs
[2024-06-13T14:58:34.206+0000] {logging_mixin.py:188} INFO - [2024-06-13T14:58:34.206+0000] {dag.py:3954} INFO - Setting next_dagrun for example_short_circuit_operator to 2024-06-12 00:00:00+00:00, run_after=2024-06-13 00:00:00+00:00
[2024-06-13T14:58:34.215+0000] {processor.py:183} INFO - Processing /home/airflow/.local/lib/python3.12/site-packages/airflow/example_dags/example_short_circuit_operator.py took 0.039 seconds
[2024-06-13T14:59:04.384+0000] {processor.py:161} INFO - Started process (PID=368) to work on /home/airflow/.local/lib/python3.12/site-packages/airflow/example_dags/example_short_circuit_operator.py
[2024-06-13T14:59:04.384+0000] {processor.py:830} INFO - Processing file /home/airflow/.local/lib/python3.12/site-packages/airflow/example_dags/example_short_circuit_operator.py for tasks to queue
[2024-06-13T14:59:04.385+0000] {logging_mixin.py:188} INFO - [2024-06-13T14:59:04.385+0000] {dagbag.py:545} INFO - Filling up the DagBag from /home/airflow/.local/lib/python3.12/site-packages/airflow/example_dags/example_short_circuit_operator.py
[2024-06-13T14:59:04.389+0000] {processor.py:840} INFO - DAG(s) 'example_short_circuit_operator' retrieved from /home/airflow/.local/lib/python3.12/site-packages/airflow/example_dags/example_short_circuit_operator.py
[2024-06-13T14:59:04.401+0000] {logging_mixin.py:188} INFO - [2024-06-13T14:59:04.401+0000] {dag.py:3096} INFO - Sync 1 DAGs
[2024-06-13T14:59:04.414+0000] {logging_mixin.py:188} INFO - [2024-06-13T14:59:04.414+0000] {dag.py:3954} INFO - Setting next_dagrun for example_short_circuit_operator to 2024-06-12 00:00:00+00:00, run_after=2024-06-13 00:00:00+00:00
[2024-06-13T14:59:04.424+0000] {processor.py:183} INFO - Processing /home/airflow/.local/lib/python3.12/site-packages/airflow/example_dags/example_short_circuit_operator.py took 0.043 seconds
[2024-06-13T14:59:35.444+0000] {processor.py:161} INFO - Started process (PID=425) to work on /home/airflow/.local/lib/python3.12/site-packages/airflow/example_dags/example_short_circuit_operator.py
[2024-06-13T14:59:35.444+0000] {processor.py:830} INFO - Processing file /home/airflow/.local/lib/python3.12/site-packages/airflow/example_dags/example_short_circuit_operator.py for tasks to queue
[2024-06-13T14:59:35.445+0000] {logging_mixin.py:188} INFO - [2024-06-13T14:59:35.445+0000] {dagbag.py:545} INFO - Filling up the DagBag from /home/airflow/.local/lib/python3.12/site-packages/airflow/example_dags/example_short_circuit_operator.py
[2024-06-13T14:59:35.449+0000] {processor.py:840} INFO - DAG(s) 'example_short_circuit_operator' retrieved from /home/airflow/.local/lib/python3.12/site-packages/airflow/example_dags/example_short_circuit_operator.py
[2024-06-13T14:59:35.460+0000] {logging_mixin.py:188} INFO - [2024-06-13T14:59:35.460+0000] {dag.py:3096} INFO - Sync 1 DAGs
[2024-06-13T14:59:35.469+0000] {logging_mixin.py:188} INFO - [2024-06-13T14:59:35.469+0000] {dag.py:3954} INFO - Setting next_dagrun for example_short_circuit_operator to 2024-06-12 00:00:00+00:00, run_after=2024-06-13 00:00:00+00:00
[2024-06-13T14:59:35.477+0000] {processor.py:183} INFO - Processing /home/airflow/.local/lib/python3.12/site-packages/airflow/example_dags/example_short_circuit_operator.py took 0.037 seconds
[2024-06-13T15:00:06.165+0000] {processor.py:161} INFO - Started process (PID=483) to work on /home/airflow/.local/lib/python3.12/site-packages/airflow/example_dags/example_short_circuit_operator.py
[2024-06-13T15:00:06.166+0000] {processor.py:830} INFO - Processing file /home/airflow/.local/lib/python3.12/site-packages/airflow/example_dags/example_short_circuit_operator.py for tasks to queue
[2024-06-13T15:00:06.167+0000] {logging_mixin.py:188} INFO - [2024-06-13T15:00:06.167+0000] {dagbag.py:545} INFO - Filling up the DagBag from /home/airflow/.local/lib/python3.12/site-packages/airflow/example_dags/example_short_circuit_operator.py
[2024-06-13T15:00:06.171+0000] {processor.py:840} INFO - DAG(s) 'example_short_circuit_operator' retrieved from /home/airflow/.local/lib/python3.12/site-packages/airflow/example_dags/example_short_circuit_operator.py
[2024-06-13T15:00:06.182+0000] {logging_mixin.py:188} INFO - [2024-06-13T15:00:06.182+0000] {dag.py:3096} INFO - Sync 1 DAGs
[2024-06-13T15:00:06.192+0000] {logging_mixin.py:188} INFO - [2024-06-13T15:00:06.192+0000] {dag.py:3954} INFO - Setting next_dagrun for example_short_circuit_operator to 2024-06-12 00:00:00+00:00, run_after=2024-06-13 00:00:00+00:00
[2024-06-13T15:00:06.201+0000] {processor.py:183} INFO - Processing /home/airflow/.local/lib/python3.12/site-packages/airflow/example_dags/example_short_circuit_operator.py took 0.039 seconds
[2024-06-13T15:00:36.872+0000] {processor.py:161} INFO - Started process (PID=541) to work on /home/airflow/.local/lib/python3.12/site-packages/airflow/example_dags/example_short_circuit_operator.py
[2024-06-13T15:00:36.873+0000] {processor.py:830} INFO - Processing file /home/airflow/.local/lib/python3.12/site-packages/airflow/example_dags/example_short_circuit_operator.py for tasks to queue
[2024-06-13T15:00:36.874+0000] {logging_mixin.py:188} INFO - [2024-06-13T15:00:36.874+0000] {dagbag.py:545} INFO - Filling up the DagBag from /home/airflow/.local/lib/python3.12/site-packages/airflow/example_dags/example_short_circuit_operator.py
[2024-06-13T15:00:36.878+0000] {processor.py:840} INFO - DAG(s) 'example_short_circuit_operator' retrieved from /home/airflow/.local/lib/python3.12/site-packages/airflow/example_dags/example_short_circuit_operator.py
[2024-06-13T15:00:36.889+0000] {logging_mixin.py:188} INFO - [2024-06-13T15:00:36.889+0000] {dag.py:3096} INFO - Sync 1 DAGs
[2024-06-13T15:00:36.902+0000] {logging_mixin.py:188} INFO - [2024-06-13T15:00:36.902+0000] {dag.py:3954} INFO - Setting next_dagrun for example_short_circuit_operator to 2024-06-12 00:00:00+00:00, run_after=2024-06-13 00:00:00+00:00
[2024-06-13T15:00:36.913+0000] {processor.py:183} INFO - Processing /home/airflow/.local/lib/python3.12/site-packages/airflow/example_dags/example_short_circuit_operator.py took 0.044 seconds
[2024-06-13T15:01:07.673+0000] {processor.py:161} INFO - Started process (PID=599) to work on /home/airflow/.local/lib/python3.12/site-packages/airflow/example_dags/example_short_circuit_operator.py
[2024-06-13T15:01:07.674+0000] {processor.py:830} INFO - Processing file /home/airflow/.local/lib/python3.12/site-packages/airflow/example_dags/example_short_circuit_operator.py for tasks to queue
[2024-06-13T15:01:07.675+0000] {logging_mixin.py:188} INFO - [2024-06-13T15:01:07.675+0000] {dagbag.py:545} INFO - Filling up the DagBag from /home/airflow/.local/lib/python3.12/site-packages/airflow/example_dags/example_short_circuit_operator.py
[2024-06-13T15:01:07.679+0000] {processor.py:840} INFO - DAG(s) 'example_short_circuit_operator' retrieved from /home/airflow/.local/lib/python3.12/site-packages/airflow/example_dags/example_short_circuit_operator.py
[2024-06-13T15:01:07.690+0000] {logging_mixin.py:188} INFO - [2024-06-13T15:01:07.690+0000] {dag.py:3096} INFO - Sync 1 DAGs
[2024-06-13T15:01:07.702+0000] {logging_mixin.py:188} INFO - [2024-06-13T15:01:07.702+0000] {dag.py:3954} INFO - Setting next_dagrun for example_short_circuit_operator to 2024-06-12 00:00:00+00:00, run_after=2024-06-13 00:00:00+00:00
[2024-06-13T15:01:07.712+0000] {processor.py:183} INFO - Processing /home/airflow/.local/lib/python3.12/site-packages/airflow/example_dags/example_short_circuit_operator.py took 0.043 seconds
[2024-06-13T15:01:37.760+0000] {processor.py:161} INFO - Started process (PID=656) to work on /home/airflow/.local/lib/python3.12/site-packages/airflow/example_dags/example_short_circuit_operator.py
[2024-06-13T15:01:37.761+0000] {processor.py:830} INFO - Processing file /home/airflow/.local/lib/python3.12/site-packages/airflow/example_dags/example_short_circuit_operator.py for tasks to queue
[2024-06-13T15:01:37.764+0000] {logging_mixin.py:188} INFO - [2024-06-13T15:01:37.764+0000] {dagbag.py:545} INFO - Filling up the DagBag from /home/airflow/.local/lib/python3.12/site-packages/airflow/example_dags/example_short_circuit_operator.py
[2024-06-13T15:01:37.771+0000] {processor.py:840} INFO - DAG(s) 'example_short_circuit_operator' retrieved from /home/airflow/.local/lib/python3.12/site-packages/airflow/example_dags/example_short_circuit_operator.py
[2024-06-13T15:01:37.788+0000] {logging_mixin.py:188} INFO - [2024-06-13T15:01:37.788+0000] {dag.py:3096} INFO - Sync 1 DAGs
[2024-06-13T15:01:37.801+0000] {logging_mixin.py:188} INFO - [2024-06-13T15:01:37.801+0000] {dag.py:3954} INFO - Setting next_dagrun for example_short_circuit_operator to 2024-06-12 00:00:00+00:00, run_after=2024-06-13 00:00:00+00:00
[2024-06-13T15:01:37.809+0000] {processor.py:183} INFO - Processing /home/airflow/.local/lib/python3.12/site-packages/airflow/example_dags/example_short_circuit_operator.py took 0.056 seconds
[2024-06-13T15:02:07.869+0000] {processor.py:161} INFO - Started process (PID=714) to work on /home/airflow/.local/lib/python3.12/site-packages/airflow/example_dags/example_short_circuit_operator.py
[2024-06-13T15:02:07.870+0000] {processor.py:830} INFO - Processing file /home/airflow/.local/lib/python3.12/site-packages/airflow/example_dags/example_short_circuit_operator.py for tasks to queue
[2024-06-13T15:02:07.872+0000] {logging_mixin.py:188} INFO - [2024-06-13T15:02:07.872+0000] {dagbag.py:545} INFO - Filling up the DagBag from /home/airflow/.local/lib/python3.12/site-packages/airflow/example_dags/example_short_circuit_operator.py
[2024-06-13T15:02:07.879+0000] {processor.py:840} INFO - DAG(s) 'example_short_circuit_operator' retrieved from /home/airflow/.local/lib/python3.12/site-packages/airflow/example_dags/example_short_circuit_operator.py
[2024-06-13T15:02:07.896+0000] {logging_mixin.py:188} INFO - [2024-06-13T15:02:07.895+0000] {dag.py:3096} INFO - Sync 1 DAGs
[2024-06-13T15:02:07.908+0000] {logging_mixin.py:188} INFO - [2024-06-13T15:02:07.908+0000] {dag.py:3954} INFO - Setting next_dagrun for example_short_circuit_operator to 2024-06-12 00:00:00+00:00, run_after=2024-06-13 00:00:00+00:00
[2024-06-13T15:02:07.916+0000] {processor.py:183} INFO - Processing /home/airflow/.local/lib/python3.12/site-packages/airflow/example_dags/example_short_circuit_operator.py took 0.054 seconds
[2024-06-13T15:02:38.668+0000] {processor.py:161} INFO - Started process (PID=772) to work on /home/airflow/.local/lib/python3.12/site-packages/airflow/example_dags/example_short_circuit_operator.py
[2024-06-13T15:02:38.670+0000] {processor.py:830} INFO - Processing file /home/airflow/.local/lib/python3.12/site-packages/airflow/example_dags/example_short_circuit_operator.py for tasks to queue
[2024-06-13T15:02:38.673+0000] {logging_mixin.py:188} INFO - [2024-06-13T15:02:38.673+0000] {dagbag.py:545} INFO - Filling up the DagBag from /home/airflow/.local/lib/python3.12/site-packages/airflow/example_dags/example_short_circuit_operator.py
[2024-06-13T15:02:38.682+0000] {processor.py:840} INFO - DAG(s) 'example_short_circuit_operator' retrieved from /home/airflow/.local/lib/python3.12/site-packages/airflow/example_dags/example_short_circuit_operator.py
[2024-06-13T15:02:38.701+0000] {logging_mixin.py:188} INFO - [2024-06-13T15:02:38.701+0000] {dag.py:3096} INFO - Sync 1 DAGs
[2024-06-13T15:02:38.714+0000] {logging_mixin.py:188} INFO - [2024-06-13T15:02:38.714+0000] {dag.py:3954} INFO - Setting next_dagrun for example_short_circuit_operator to 2024-06-12 00:00:00+00:00, run_after=2024-06-13 00:00:00+00:00
[2024-06-13T15:02:38.724+0000] {processor.py:183} INFO - Processing /home/airflow/.local/lib/python3.12/site-packages/airflow/example_dags/example_short_circuit_operator.py took 0.064 seconds
[2024-06-13T15:03:08.934+0000] {processor.py:161} INFO - Started process (PID=830) to work on /home/airflow/.local/lib/python3.12/site-packages/airflow/example_dags/example_short_circuit_operator.py
[2024-06-13T15:03:08.935+0000] {processor.py:830} INFO - Processing file /home/airflow/.local/lib/python3.12/site-packages/airflow/example_dags/example_short_circuit_operator.py for tasks to queue
[2024-06-13T15:03:08.937+0000] {logging_mixin.py:188} INFO - [2024-06-13T15:03:08.937+0000] {dagbag.py:545} INFO - Filling up the DagBag from /home/airflow/.local/lib/python3.12/site-packages/airflow/example_dags/example_short_circuit_operator.py
[2024-06-13T15:03:08.943+0000] {processor.py:840} INFO - DAG(s) 'example_short_circuit_operator' retrieved from /home/airflow/.local/lib/python3.12/site-packages/airflow/example_dags/example_short_circuit_operator.py
[2024-06-13T15:03:08.960+0000] {logging_mixin.py:188} INFO - [2024-06-13T15:03:08.960+0000] {dag.py:3096} INFO - Sync 1 DAGs
[2024-06-13T15:03:08.973+0000] {logging_mixin.py:188} INFO - [2024-06-13T15:03:08.973+0000] {dag.py:3954} INFO - Setting next_dagrun for example_short_circuit_operator to 2024-06-12 00:00:00+00:00, run_after=2024-06-13 00:00:00+00:00
[2024-06-13T15:03:08.982+0000] {processor.py:183} INFO - Processing /home/airflow/.local/lib/python3.12/site-packages/airflow/example_dags/example_short_circuit_operator.py took 0.054 seconds
[2024-06-13T15:03:39.632+0000] {processor.py:161} INFO - Started process (PID=888) to work on /home/airflow/.local/lib/python3.12/site-packages/airflow/example_dags/example_short_circuit_operator.py
[2024-06-13T15:03:39.634+0000] {processor.py:830} INFO - Processing file /home/airflow/.local/lib/python3.12/site-packages/airflow/example_dags/example_short_circuit_operator.py for tasks to queue
[2024-06-13T15:03:39.635+0000] {logging_mixin.py:188} INFO - [2024-06-13T15:03:39.635+0000] {dagbag.py:545} INFO - Filling up the DagBag from /home/airflow/.local/lib/python3.12/site-packages/airflow/example_dags/example_short_circuit_operator.py
[2024-06-13T15:03:39.642+0000] {processor.py:840} INFO - DAG(s) 'example_short_circuit_operator' retrieved from /home/airflow/.local/lib/python3.12/site-packages/airflow/example_dags/example_short_circuit_operator.py
[2024-06-13T15:03:39.658+0000] {logging_mixin.py:188} INFO - [2024-06-13T15:03:39.658+0000] {dag.py:3096} INFO - Sync 1 DAGs
[2024-06-13T15:03:39.671+0000] {logging_mixin.py:188} INFO - [2024-06-13T15:03:39.671+0000] {dag.py:3954} INFO - Setting next_dagrun for example_short_circuit_operator to 2024-06-12 00:00:00+00:00, run_after=2024-06-13 00:00:00+00:00
[2024-06-13T15:03:39.680+0000] {processor.py:183} INFO - Processing /home/airflow/.local/lib/python3.12/site-packages/airflow/example_dags/example_short_circuit_operator.py took 0.054 seconds
[2024-06-13T15:05:10.084+0000] {processor.py:161} INFO - Started process (PID=70) to work on /home/airflow/.local/lib/python3.12/site-packages/airflow/example_dags/example_short_circuit_operator.py
[2024-06-13T15:05:10.085+0000] {processor.py:830} INFO - Processing file /home/airflow/.local/lib/python3.12/site-packages/airflow/example_dags/example_short_circuit_operator.py for tasks to queue
[2024-06-13T15:05:10.086+0000] {logging_mixin.py:188} INFO - [2024-06-13T15:05:10.086+0000] {dagbag.py:545} INFO - Filling up the DagBag from /home/airflow/.local/lib/python3.12/site-packages/airflow/example_dags/example_short_circuit_operator.py
[2024-06-13T15:05:10.090+0000] {processor.py:840} INFO - DAG(s) 'example_short_circuit_operator' retrieved from /home/airflow/.local/lib/python3.12/site-packages/airflow/example_dags/example_short_circuit_operator.py
[2024-06-13T15:05:10.097+0000] {logging_mixin.py:188} INFO - [2024-06-13T15:05:10.097+0000] {dag.py:3096} INFO - Sync 1 DAGs
[2024-06-13T15:05:10.111+0000] {logging_mixin.py:188} INFO - [2024-06-13T15:05:10.111+0000] {dag.py:3954} INFO - Setting next_dagrun for example_short_circuit_operator to 2024-06-12 00:00:00+00:00, run_after=2024-06-13 00:00:00+00:00
[2024-06-13T15:05:10.132+0000] {processor.py:183} INFO - Processing /home/airflow/.local/lib/python3.12/site-packages/airflow/example_dags/example_short_circuit_operator.py took 0.051 seconds
[2024-06-13T15:05:40.852+0000] {processor.py:161} INFO - Started process (PID=127) to work on /home/airflow/.local/lib/python3.12/site-packages/airflow/example_dags/example_short_circuit_operator.py
[2024-06-13T15:05:40.853+0000] {processor.py:830} INFO - Processing file /home/airflow/.local/lib/python3.12/site-packages/airflow/example_dags/example_short_circuit_operator.py for tasks to queue
[2024-06-13T15:05:40.854+0000] {logging_mixin.py:188} INFO - [2024-06-13T15:05:40.854+0000] {dagbag.py:545} INFO - Filling up the DagBag from /home/airflow/.local/lib/python3.12/site-packages/airflow/example_dags/example_short_circuit_operator.py
[2024-06-13T15:05:40.857+0000] {processor.py:840} INFO - DAG(s) 'example_short_circuit_operator' retrieved from /home/airflow/.local/lib/python3.12/site-packages/airflow/example_dags/example_short_circuit_operator.py
[2024-06-13T15:05:40.903+0000] {logging_mixin.py:188} INFO - [2024-06-13T15:05:40.903+0000] {dag.py:3096} INFO - Sync 1 DAGs
[2024-06-13T15:05:40.911+0000] {logging_mixin.py:188} INFO - [2024-06-13T15:05:40.911+0000] {dag.py:3954} INFO - Setting next_dagrun for example_short_circuit_operator to 2024-06-12 00:00:00+00:00, run_after=2024-06-13 00:00:00+00:00
[2024-06-13T15:05:40.919+0000] {processor.py:183} INFO - Processing /home/airflow/.local/lib/python3.12/site-packages/airflow/example_dags/example_short_circuit_operator.py took 0.069 seconds
[2024-06-13T15:06:12.047+0000] {processor.py:161} INFO - Started process (PID=185) to work on /home/airflow/.local/lib/python3.12/site-packages/airflow/example_dags/example_short_circuit_operator.py
[2024-06-13T15:06:12.049+0000] {processor.py:830} INFO - Processing file /home/airflow/.local/lib/python3.12/site-packages/airflow/example_dags/example_short_circuit_operator.py for tasks to queue
[2024-06-13T15:06:12.052+0000] {logging_mixin.py:188} INFO - [2024-06-13T15:06:12.051+0000] {dagbag.py:545} INFO - Filling up the DagBag from /home/airflow/.local/lib/python3.12/site-packages/airflow/example_dags/example_short_circuit_operator.py
[2024-06-13T15:06:12.059+0000] {processor.py:840} INFO - DAG(s) 'example_short_circuit_operator' retrieved from /home/airflow/.local/lib/python3.12/site-packages/airflow/example_dags/example_short_circuit_operator.py
[2024-06-13T15:06:12.077+0000] {logging_mixin.py:188} INFO - [2024-06-13T15:06:12.077+0000] {dag.py:3096} INFO - Sync 1 DAGs
[2024-06-13T15:06:12.098+0000] {logging_mixin.py:188} INFO - [2024-06-13T15:06:12.098+0000] {dag.py:3954} INFO - Setting next_dagrun for example_short_circuit_operator to 2024-06-12 00:00:00+00:00, run_after=2024-06-13 00:00:00+00:00
[2024-06-13T15:06:12.109+0000] {processor.py:183} INFO - Processing /home/airflow/.local/lib/python3.12/site-packages/airflow/example_dags/example_short_circuit_operator.py took 0.069 seconds
[2024-06-13T15:06:42.280+0000] {processor.py:161} INFO - Started process (PID=243) to work on /home/airflow/.local/lib/python3.12/site-packages/airflow/example_dags/example_short_circuit_operator.py
[2024-06-13T15:06:42.281+0000] {processor.py:830} INFO - Processing file /home/airflow/.local/lib/python3.12/site-packages/airflow/example_dags/example_short_circuit_operator.py for tasks to queue
[2024-06-13T15:06:42.282+0000] {logging_mixin.py:188} INFO - [2024-06-13T15:06:42.282+0000] {dagbag.py:545} INFO - Filling up the DagBag from /home/airflow/.local/lib/python3.12/site-packages/airflow/example_dags/example_short_circuit_operator.py
[2024-06-13T15:06:42.286+0000] {processor.py:840} INFO - DAG(s) 'example_short_circuit_operator' retrieved from /home/airflow/.local/lib/python3.12/site-packages/airflow/example_dags/example_short_circuit_operator.py
[2024-06-13T15:06:42.297+0000] {logging_mixin.py:188} INFO - [2024-06-13T15:06:42.297+0000] {dag.py:3096} INFO - Sync 1 DAGs
[2024-06-13T15:06:42.307+0000] {logging_mixin.py:188} INFO - [2024-06-13T15:06:42.307+0000] {dag.py:3954} INFO - Setting next_dagrun for example_short_circuit_operator to 2024-06-12 00:00:00+00:00, run_after=2024-06-13 00:00:00+00:00
[2024-06-13T15:06:42.314+0000] {processor.py:183} INFO - Processing /home/airflow/.local/lib/python3.12/site-packages/airflow/example_dags/example_short_circuit_operator.py took 0.038 seconds
[2024-06-13T15:07:12.450+0000] {processor.py:161} INFO - Started process (PID=301) to work on /home/airflow/.local/lib/python3.12/site-packages/airflow/example_dags/example_short_circuit_operator.py
[2024-06-13T15:07:12.451+0000] {processor.py:830} INFO - Processing file /home/airflow/.local/lib/python3.12/site-packages/airflow/example_dags/example_short_circuit_operator.py for tasks to queue
[2024-06-13T15:07:12.453+0000] {logging_mixin.py:188} INFO - [2024-06-13T15:07:12.452+0000] {dagbag.py:545} INFO - Filling up the DagBag from /home/airflow/.local/lib/python3.12/site-packages/airflow/example_dags/example_short_circuit_operator.py
[2024-06-13T15:07:12.457+0000] {processor.py:840} INFO - DAG(s) 'example_short_circuit_operator' retrieved from /home/airflow/.local/lib/python3.12/site-packages/airflow/example_dags/example_short_circuit_operator.py
[2024-06-13T15:07:12.471+0000] {logging_mixin.py:188} INFO - [2024-06-13T15:07:12.470+0000] {dag.py:3096} INFO - Sync 1 DAGs
[2024-06-13T15:07:12.483+0000] {logging_mixin.py:188} INFO - [2024-06-13T15:07:12.483+0000] {dag.py:3954} INFO - Setting next_dagrun for example_short_circuit_operator to 2024-06-12 00:00:00+00:00, run_after=2024-06-13 00:00:00+00:00
[2024-06-13T15:07:12.492+0000] {processor.py:183} INFO - Processing /home/airflow/.local/lib/python3.12/site-packages/airflow/example_dags/example_short_circuit_operator.py took 0.046 seconds
[2024-06-13T15:07:42.558+0000] {processor.py:161} INFO - Started process (PID=359) to work on /home/airflow/.local/lib/python3.12/site-packages/airflow/example_dags/example_short_circuit_operator.py
[2024-06-13T15:07:42.558+0000] {processor.py:830} INFO - Processing file /home/airflow/.local/lib/python3.12/site-packages/airflow/example_dags/example_short_circuit_operator.py for tasks to queue
[2024-06-13T15:07:42.559+0000] {logging_mixin.py:188} INFO - [2024-06-13T15:07:42.559+0000] {dagbag.py:545} INFO - Filling up the DagBag from /home/airflow/.local/lib/python3.12/site-packages/airflow/example_dags/example_short_circuit_operator.py
[2024-06-13T15:07:42.563+0000] {processor.py:840} INFO - DAG(s) 'example_short_circuit_operator' retrieved from /home/airflow/.local/lib/python3.12/site-packages/airflow/example_dags/example_short_circuit_operator.py
[2024-06-13T15:07:42.594+0000] {logging_mixin.py:188} INFO - [2024-06-13T15:07:42.594+0000] {dag.py:3096} INFO - Sync 1 DAGs
[2024-06-13T15:07:42.615+0000] {logging_mixin.py:188} INFO - [2024-06-13T15:07:42.615+0000] {dag.py:3954} INFO - Setting next_dagrun for example_short_circuit_operator to 2024-06-12 00:00:00+00:00, run_after=2024-06-13 00:00:00+00:00
[2024-06-13T15:07:42.633+0000] {processor.py:183} INFO - Processing /home/airflow/.local/lib/python3.12/site-packages/airflow/example_dags/example_short_circuit_operator.py took 0.078 seconds
