[2024-06-13T14:56:17.169+0000] {processor.py:161} INFO - Started process (PID=38) to work on /home/airflow/.local/lib/python3.12/site-packages/airflow/example_dags/example_setup_teardown.py
[2024-06-13T14:56:17.190+0000] {processor.py:830} INFO - Processing file /home/airflow/.local/lib/python3.12/site-packages/airflow/example_dags/example_setup_teardown.py for tasks to queue
[2024-06-13T14:56:17.194+0000] {logging_mixin.py:188} INFO - [2024-06-13T14:56:17.193+0000] {dagbag.py:545} INFO - Filling up the DagBag from /home/airflow/.local/lib/python3.12/site-packages/airflow/example_dags/example_setup_teardown.py
[2024-06-13T14:56:17.210+0000] {processor.py:840} INFO - DAG(s) 'example_setup_teardown' retrieved from /home/airflow/.local/lib/python3.12/site-packages/airflow/example_dags/example_setup_teardown.py
[2024-06-13T14:56:17.427+0000] {logging_mixin.py:188} INFO - [2024-06-13T14:56:17.426+0000] {override.py:1829} INFO - Created Permission View: can read on DAG:example_setup_teardown
[2024-06-13T14:56:17.477+0000] {logging_mixin.py:188} INFO - [2024-06-13T14:56:17.476+0000] {override.py:1829} INFO - Created Permission View: can delete on DAG:example_setup_teardown
[2024-06-13T14:56:17.509+0000] {logging_mixin.py:188} INFO - [2024-06-13T14:56:17.509+0000] {override.py:1829} INFO - Created Permission View: can edit on DAG:example_setup_teardown
[2024-06-13T14:56:17.512+0000] {logging_mixin.py:188} INFO - [2024-06-13T14:56:17.512+0000] {dag.py:3096} INFO - Sync 1 DAGs
[2024-06-13T14:56:17.540+0000] {logging_mixin.py:188} INFO - [2024-06-13T14:56:17.539+0000] {dag.py:3118} INFO - Creating ORM DAG for example_setup_teardown
[2024-06-13T14:56:17.567+0000] {logging_mixin.py:188} INFO - [2024-06-13T14:56:17.567+0000] {dag.py:3954} INFO - Setting next_dagrun for example_setup_teardown to 2024-06-12 00:00:00+00:00, run_after=2024-06-13 00:00:00+00:00
[2024-06-13T14:56:17.603+0000] {processor.py:183} INFO - Processing /home/airflow/.local/lib/python3.12/site-packages/airflow/example_dags/example_setup_teardown.py took 0.449 seconds
[2024-06-13T14:56:48.399+0000] {processor.py:161} INFO - Started process (PID=96) to work on /home/airflow/.local/lib/python3.12/site-packages/airflow/example_dags/example_setup_teardown.py
[2024-06-13T14:56:48.402+0000] {processor.py:830} INFO - Processing file /home/airflow/.local/lib/python3.12/site-packages/airflow/example_dags/example_setup_teardown.py for tasks to queue
[2024-06-13T14:56:48.404+0000] {logging_mixin.py:188} INFO - [2024-06-13T14:56:48.404+0000] {dagbag.py:545} INFO - Filling up the DagBag from /home/airflow/.local/lib/python3.12/site-packages/airflow/example_dags/example_setup_teardown.py
[2024-06-13T14:56:48.412+0000] {processor.py:840} INFO - DAG(s) 'example_setup_teardown' retrieved from /home/airflow/.local/lib/python3.12/site-packages/airflow/example_dags/example_setup_teardown.py
[2024-06-13T14:56:48.596+0000] {logging_mixin.py:188} INFO - [2024-06-13T14:56:48.596+0000] {dag.py:3096} INFO - Sync 1 DAGs
[2024-06-13T14:56:48.802+0000] {logging_mixin.py:188} INFO - [2024-06-13T14:56:48.801+0000] {dag.py:3954} INFO - Setting next_dagrun for example_setup_teardown to 2024-06-12 00:00:00+00:00, run_after=2024-06-13 00:00:00+00:00
[2024-06-13T14:56:49.403+0000] {processor.py:183} INFO - Processing /home/airflow/.local/lib/python3.12/site-packages/airflow/example_dags/example_setup_teardown.py took 1.012 seconds
[2024-06-13T14:57:19.766+0000] {processor.py:161} INFO - Started process (PID=154) to work on /home/airflow/.local/lib/python3.12/site-packages/airflow/example_dags/example_setup_teardown.py
[2024-06-13T14:57:19.772+0000] {processor.py:830} INFO - Processing file /home/airflow/.local/lib/python3.12/site-packages/airflow/example_dags/example_setup_teardown.py for tasks to queue
[2024-06-13T14:57:19.779+0000] {logging_mixin.py:188} INFO - [2024-06-13T14:57:19.777+0000] {dagbag.py:545} INFO - Filling up the DagBag from /home/airflow/.local/lib/python3.12/site-packages/airflow/example_dags/example_setup_teardown.py
[2024-06-13T14:57:19.815+0000] {processor.py:840} INFO - DAG(s) 'example_setup_teardown' retrieved from /home/airflow/.local/lib/python3.12/site-packages/airflow/example_dags/example_setup_teardown.py
[2024-06-13T14:57:19.881+0000] {logging_mixin.py:188} INFO - [2024-06-13T14:57:19.880+0000] {dag.py:3096} INFO - Sync 1 DAGs
[2024-06-13T14:57:19.940+0000] {logging_mixin.py:188} INFO - [2024-06-13T14:57:19.940+0000] {dag.py:3954} INFO - Setting next_dagrun for example_setup_teardown to 2024-06-12 00:00:00+00:00, run_after=2024-06-13 00:00:00+00:00
[2024-06-13T14:57:20.129+0000] {processor.py:183} INFO - Processing /home/airflow/.local/lib/python3.12/site-packages/airflow/example_dags/example_setup_teardown.py took 0.390 seconds
[2024-06-13T14:57:50.868+0000] {processor.py:161} INFO - Started process (PID=212) to work on /home/airflow/.local/lib/python3.12/site-packages/airflow/example_dags/example_setup_teardown.py
[2024-06-13T14:57:50.870+0000] {processor.py:830} INFO - Processing file /home/airflow/.local/lib/python3.12/site-packages/airflow/example_dags/example_setup_teardown.py for tasks to queue
[2024-06-13T14:57:50.873+0000] {logging_mixin.py:188} INFO - [2024-06-13T14:57:50.873+0000] {dagbag.py:545} INFO - Filling up the DagBag from /home/airflow/.local/lib/python3.12/site-packages/airflow/example_dags/example_setup_teardown.py
[2024-06-13T14:57:50.907+0000] {processor.py:840} INFO - DAG(s) 'example_setup_teardown' retrieved from /home/airflow/.local/lib/python3.12/site-packages/airflow/example_dags/example_setup_teardown.py
[2024-06-13T14:57:50.983+0000] {logging_mixin.py:188} INFO - [2024-06-13T14:57:50.981+0000] {dag.py:3096} INFO - Sync 1 DAGs
[2024-06-13T14:57:51.024+0000] {logging_mixin.py:188} INFO - [2024-06-13T14:57:51.023+0000] {dag.py:3954} INFO - Setting next_dagrun for example_setup_teardown to 2024-06-12 00:00:00+00:00, run_after=2024-06-13 00:00:00+00:00
[2024-06-13T14:57:51.070+0000] {processor.py:183} INFO - Processing /home/airflow/.local/lib/python3.12/site-packages/airflow/example_dags/example_setup_teardown.py took 0.212 seconds
[2024-06-13T14:58:22.124+0000] {processor.py:161} INFO - Started process (PID=270) to work on /home/airflow/.local/lib/python3.12/site-packages/airflow/example_dags/example_setup_teardown.py
[2024-06-13T14:58:22.125+0000] {processor.py:830} INFO - Processing file /home/airflow/.local/lib/python3.12/site-packages/airflow/example_dags/example_setup_teardown.py for tasks to queue
[2024-06-13T14:58:22.127+0000] {logging_mixin.py:188} INFO - [2024-06-13T14:58:22.127+0000] {dagbag.py:545} INFO - Filling up the DagBag from /home/airflow/.local/lib/python3.12/site-packages/airflow/example_dags/example_setup_teardown.py
[2024-06-13T14:58:22.135+0000] {processor.py:840} INFO - DAG(s) 'example_setup_teardown' retrieved from /home/airflow/.local/lib/python3.12/site-packages/airflow/example_dags/example_setup_teardown.py
[2024-06-13T14:58:22.149+0000] {logging_mixin.py:188} INFO - [2024-06-13T14:58:22.149+0000] {dag.py:3096} INFO - Sync 1 DAGs
[2024-06-13T14:58:22.162+0000] {logging_mixin.py:188} INFO - [2024-06-13T14:58:22.161+0000] {dag.py:3954} INFO - Setting next_dagrun for example_setup_teardown to 2024-06-12 00:00:00+00:00, run_after=2024-06-13 00:00:00+00:00
[2024-06-13T14:58:22.171+0000] {processor.py:183} INFO - Processing /home/airflow/.local/lib/python3.12/site-packages/airflow/example_dags/example_setup_teardown.py took 0.054 seconds
[2024-06-13T14:58:53.208+0000] {processor.py:161} INFO - Started process (PID=328) to work on /home/airflow/.local/lib/python3.12/site-packages/airflow/example_dags/example_setup_teardown.py
[2024-06-13T14:58:53.209+0000] {processor.py:830} INFO - Processing file /home/airflow/.local/lib/python3.12/site-packages/airflow/example_dags/example_setup_teardown.py for tasks to queue
[2024-06-13T14:58:53.211+0000] {logging_mixin.py:188} INFO - [2024-06-13T14:58:53.211+0000] {dagbag.py:545} INFO - Filling up the DagBag from /home/airflow/.local/lib/python3.12/site-packages/airflow/example_dags/example_setup_teardown.py
[2024-06-13T14:58:53.219+0000] {processor.py:840} INFO - DAG(s) 'example_setup_teardown' retrieved from /home/airflow/.local/lib/python3.12/site-packages/airflow/example_dags/example_setup_teardown.py
[2024-06-13T14:58:53.234+0000] {logging_mixin.py:188} INFO - [2024-06-13T14:58:53.234+0000] {dag.py:3096} INFO - Sync 1 DAGs
[2024-06-13T14:58:53.247+0000] {logging_mixin.py:188} INFO - [2024-06-13T14:58:53.247+0000] {dag.py:3954} INFO - Setting next_dagrun for example_setup_teardown to 2024-06-12 00:00:00+00:00, run_after=2024-06-13 00:00:00+00:00
[2024-06-13T14:58:53.256+0000] {processor.py:183} INFO - Processing /home/airflow/.local/lib/python3.12/site-packages/airflow/example_dags/example_setup_teardown.py took 0.055 seconds
[2024-06-13T14:59:23.338+0000] {processor.py:161} INFO - Started process (PID=387) to work on /home/airflow/.local/lib/python3.12/site-packages/airflow/example_dags/example_setup_teardown.py
[2024-06-13T14:59:23.339+0000] {processor.py:830} INFO - Processing file /home/airflow/.local/lib/python3.12/site-packages/airflow/example_dags/example_setup_teardown.py for tasks to queue
[2024-06-13T14:59:23.341+0000] {logging_mixin.py:188} INFO - [2024-06-13T14:59:23.340+0000] {dagbag.py:545} INFO - Filling up the DagBag from /home/airflow/.local/lib/python3.12/site-packages/airflow/example_dags/example_setup_teardown.py
[2024-06-13T14:59:23.347+0000] {processor.py:840} INFO - DAG(s) 'example_setup_teardown' retrieved from /home/airflow/.local/lib/python3.12/site-packages/airflow/example_dags/example_setup_teardown.py
[2024-06-13T14:59:23.363+0000] {logging_mixin.py:188} INFO - [2024-06-13T14:59:23.363+0000] {dag.py:3096} INFO - Sync 1 DAGs
[2024-06-13T14:59:23.376+0000] {logging_mixin.py:188} INFO - [2024-06-13T14:59:23.375+0000] {dag.py:3954} INFO - Setting next_dagrun for example_setup_teardown to 2024-06-12 00:00:00+00:00, run_after=2024-06-13 00:00:00+00:00
[2024-06-13T14:59:23.385+0000] {processor.py:183} INFO - Processing /home/airflow/.local/lib/python3.12/site-packages/airflow/example_dags/example_setup_teardown.py took 0.054 seconds
[2024-06-13T14:59:54.112+0000] {processor.py:161} INFO - Started process (PID=444) to work on /home/airflow/.local/lib/python3.12/site-packages/airflow/example_dags/example_setup_teardown.py
[2024-06-13T14:59:54.113+0000] {processor.py:830} INFO - Processing file /home/airflow/.local/lib/python3.12/site-packages/airflow/example_dags/example_setup_teardown.py for tasks to queue
[2024-06-13T14:59:54.115+0000] {logging_mixin.py:188} INFO - [2024-06-13T14:59:54.115+0000] {dagbag.py:545} INFO - Filling up the DagBag from /home/airflow/.local/lib/python3.12/site-packages/airflow/example_dags/example_setup_teardown.py
[2024-06-13T14:59:54.122+0000] {processor.py:840} INFO - DAG(s) 'example_setup_teardown' retrieved from /home/airflow/.local/lib/python3.12/site-packages/airflow/example_dags/example_setup_teardown.py
[2024-06-13T14:59:54.139+0000] {logging_mixin.py:188} INFO - [2024-06-13T14:59:54.139+0000] {dag.py:3096} INFO - Sync 1 DAGs
[2024-06-13T14:59:54.152+0000] {logging_mixin.py:188} INFO - [2024-06-13T14:59:54.152+0000] {dag.py:3954} INFO - Setting next_dagrun for example_setup_teardown to 2024-06-12 00:00:00+00:00, run_after=2024-06-13 00:00:00+00:00
[2024-06-13T14:59:54.162+0000] {processor.py:183} INFO - Processing /home/airflow/.local/lib/python3.12/site-packages/airflow/example_dags/example_setup_teardown.py took 0.058 seconds
[2024-06-13T15:00:24.828+0000] {processor.py:161} INFO - Started process (PID=502) to work on /home/airflow/.local/lib/python3.12/site-packages/airflow/example_dags/example_setup_teardown.py
[2024-06-13T15:00:24.831+0000] {processor.py:830} INFO - Processing file /home/airflow/.local/lib/python3.12/site-packages/airflow/example_dags/example_setup_teardown.py for tasks to queue
[2024-06-13T15:00:24.834+0000] {logging_mixin.py:188} INFO - [2024-06-13T15:00:24.834+0000] {dagbag.py:545} INFO - Filling up the DagBag from /home/airflow/.local/lib/python3.12/site-packages/airflow/example_dags/example_setup_teardown.py
[2024-06-13T15:00:24.839+0000] {processor.py:840} INFO - DAG(s) 'example_setup_teardown' retrieved from /home/airflow/.local/lib/python3.12/site-packages/airflow/example_dags/example_setup_teardown.py
[2024-06-13T15:00:24.850+0000] {logging_mixin.py:188} INFO - [2024-06-13T15:00:24.850+0000] {dag.py:3096} INFO - Sync 1 DAGs
[2024-06-13T15:00:24.862+0000] {logging_mixin.py:188} INFO - [2024-06-13T15:00:24.862+0000] {dag.py:3954} INFO - Setting next_dagrun for example_setup_teardown to 2024-06-12 00:00:00+00:00, run_after=2024-06-13 00:00:00+00:00
[2024-06-13T15:00:24.870+0000] {processor.py:183} INFO - Processing /home/airflow/.local/lib/python3.12/site-packages/airflow/example_dags/example_setup_teardown.py took 0.047 seconds
[2024-06-13T15:00:55.571+0000] {processor.py:161} INFO - Started process (PID=560) to work on /home/airflow/.local/lib/python3.12/site-packages/airflow/example_dags/example_setup_teardown.py
[2024-06-13T15:00:55.571+0000] {processor.py:830} INFO - Processing file /home/airflow/.local/lib/python3.12/site-packages/airflow/example_dags/example_setup_teardown.py for tasks to queue
[2024-06-13T15:00:55.573+0000] {logging_mixin.py:188} INFO - [2024-06-13T15:00:55.572+0000] {dagbag.py:545} INFO - Filling up the DagBag from /home/airflow/.local/lib/python3.12/site-packages/airflow/example_dags/example_setup_teardown.py
[2024-06-13T15:00:55.577+0000] {processor.py:840} INFO - DAG(s) 'example_setup_teardown' retrieved from /home/airflow/.local/lib/python3.12/site-packages/airflow/example_dags/example_setup_teardown.py
[2024-06-13T15:00:55.588+0000] {logging_mixin.py:188} INFO - [2024-06-13T15:00:55.587+0000] {dag.py:3096} INFO - Sync 1 DAGs
[2024-06-13T15:00:55.598+0000] {logging_mixin.py:188} INFO - [2024-06-13T15:00:55.598+0000] {dag.py:3954} INFO - Setting next_dagrun for example_setup_teardown to 2024-06-12 00:00:00+00:00, run_after=2024-06-13 00:00:00+00:00
[2024-06-13T15:00:55.607+0000] {processor.py:183} INFO - Processing /home/airflow/.local/lib/python3.12/site-packages/airflow/example_dags/example_setup_teardown.py took 0.040 seconds
[2024-06-13T15:01:25.726+0000] {processor.py:161} INFO - Started process (PID=618) to work on /home/airflow/.local/lib/python3.12/site-packages/airflow/example_dags/example_setup_teardown.py
[2024-06-13T15:01:25.727+0000] {processor.py:830} INFO - Processing file /home/airflow/.local/lib/python3.12/site-packages/airflow/example_dags/example_setup_teardown.py for tasks to queue
[2024-06-13T15:01:25.729+0000] {logging_mixin.py:188} INFO - [2024-06-13T15:01:25.728+0000] {dagbag.py:545} INFO - Filling up the DagBag from /home/airflow/.local/lib/python3.12/site-packages/airflow/example_dags/example_setup_teardown.py
[2024-06-13T15:01:25.734+0000] {processor.py:840} INFO - DAG(s) 'example_setup_teardown' retrieved from /home/airflow/.local/lib/python3.12/site-packages/airflow/example_dags/example_setup_teardown.py
[2024-06-13T15:01:25.747+0000] {logging_mixin.py:188} INFO - [2024-06-13T15:01:25.746+0000] {dag.py:3096} INFO - Sync 1 DAGs
[2024-06-13T15:01:25.758+0000] {logging_mixin.py:188} INFO - [2024-06-13T15:01:25.758+0000] {dag.py:3954} INFO - Setting next_dagrun for example_setup_teardown to 2024-06-12 00:00:00+00:00, run_after=2024-06-13 00:00:00+00:00
[2024-06-13T15:01:25.767+0000] {processor.py:183} INFO - Processing /home/airflow/.local/lib/python3.12/site-packages/airflow/example_dags/example_setup_teardown.py took 0.046 seconds
[2024-06-13T15:01:55.811+0000] {processor.py:161} INFO - Started process (PID=676) to work on /home/airflow/.local/lib/python3.12/site-packages/airflow/example_dags/example_setup_teardown.py
[2024-06-13T15:01:55.811+0000] {processor.py:830} INFO - Processing file /home/airflow/.local/lib/python3.12/site-packages/airflow/example_dags/example_setup_teardown.py for tasks to queue
[2024-06-13T15:01:55.813+0000] {logging_mixin.py:188} INFO - [2024-06-13T15:01:55.813+0000] {dagbag.py:545} INFO - Filling up the DagBag from /home/airflow/.local/lib/python3.12/site-packages/airflow/example_dags/example_setup_teardown.py
[2024-06-13T15:01:55.816+0000] {processor.py:840} INFO - DAG(s) 'example_setup_teardown' retrieved from /home/airflow/.local/lib/python3.12/site-packages/airflow/example_dags/example_setup_teardown.py
[2024-06-13T15:01:55.826+0000] {logging_mixin.py:188} INFO - [2024-06-13T15:01:55.826+0000] {dag.py:3096} INFO - Sync 1 DAGs
[2024-06-13T15:01:55.837+0000] {logging_mixin.py:188} INFO - [2024-06-13T15:01:55.837+0000] {dag.py:3954} INFO - Setting next_dagrun for example_setup_teardown to 2024-06-12 00:00:00+00:00, run_after=2024-06-13 00:00:00+00:00
[2024-06-13T15:01:55.846+0000] {processor.py:183} INFO - Processing /home/airflow/.local/lib/python3.12/site-packages/airflow/example_dags/example_setup_teardown.py took 0.038 seconds
[2024-06-13T15:02:26.596+0000] {processor.py:161} INFO - Started process (PID=732) to work on /home/airflow/.local/lib/python3.12/site-packages/airflow/example_dags/example_setup_teardown.py
[2024-06-13T15:02:26.597+0000] {processor.py:830} INFO - Processing file /home/airflow/.local/lib/python3.12/site-packages/airflow/example_dags/example_setup_teardown.py for tasks to queue
[2024-06-13T15:02:26.599+0000] {logging_mixin.py:188} INFO - [2024-06-13T15:02:26.598+0000] {dagbag.py:545} INFO - Filling up the DagBag from /home/airflow/.local/lib/python3.12/site-packages/airflow/example_dags/example_setup_teardown.py
[2024-06-13T15:02:26.605+0000] {processor.py:840} INFO - DAG(s) 'example_setup_teardown' retrieved from /home/airflow/.local/lib/python3.12/site-packages/airflow/example_dags/example_setup_teardown.py
[2024-06-13T15:02:26.621+0000] {logging_mixin.py:188} INFO - [2024-06-13T15:02:26.621+0000] {dag.py:3096} INFO - Sync 1 DAGs
[2024-06-13T15:02:26.633+0000] {logging_mixin.py:188} INFO - [2024-06-13T15:02:26.633+0000] {dag.py:3954} INFO - Setting next_dagrun for example_setup_teardown to 2024-06-12 00:00:00+00:00, run_after=2024-06-13 00:00:00+00:00
[2024-06-13T15:02:26.642+0000] {processor.py:183} INFO - Processing /home/airflow/.local/lib/python3.12/site-packages/airflow/example_dags/example_setup_teardown.py took 0.054 seconds
[2024-06-13T15:02:57.430+0000] {processor.py:161} INFO - Started process (PID=790) to work on /home/airflow/.local/lib/python3.12/site-packages/airflow/example_dags/example_setup_teardown.py
[2024-06-13T15:02:57.431+0000] {processor.py:830} INFO - Processing file /home/airflow/.local/lib/python3.12/site-packages/airflow/example_dags/example_setup_teardown.py for tasks to queue
[2024-06-13T15:02:57.433+0000] {logging_mixin.py:188} INFO - [2024-06-13T15:02:57.432+0000] {dagbag.py:545} INFO - Filling up the DagBag from /home/airflow/.local/lib/python3.12/site-packages/airflow/example_dags/example_setup_teardown.py
[2024-06-13T15:02:57.439+0000] {processor.py:840} INFO - DAG(s) 'example_setup_teardown' retrieved from /home/airflow/.local/lib/python3.12/site-packages/airflow/example_dags/example_setup_teardown.py
[2024-06-13T15:02:57.454+0000] {logging_mixin.py:188} INFO - [2024-06-13T15:02:57.453+0000] {dag.py:3096} INFO - Sync 1 DAGs
[2024-06-13T15:02:57.470+0000] {logging_mixin.py:188} INFO - [2024-06-13T15:02:57.470+0000] {dag.py:3954} INFO - Setting next_dagrun for example_setup_teardown to 2024-06-12 00:00:00+00:00, run_after=2024-06-13 00:00:00+00:00
[2024-06-13T15:02:57.481+0000] {processor.py:183} INFO - Processing /home/airflow/.local/lib/python3.12/site-packages/airflow/example_dags/example_setup_teardown.py took 0.058 seconds
[2024-06-13T15:03:27.639+0000] {processor.py:161} INFO - Started process (PID=848) to work on /home/airflow/.local/lib/python3.12/site-packages/airflow/example_dags/example_setup_teardown.py
[2024-06-13T15:03:27.641+0000] {processor.py:830} INFO - Processing file /home/airflow/.local/lib/python3.12/site-packages/airflow/example_dags/example_setup_teardown.py for tasks to queue
[2024-06-13T15:03:27.645+0000] {logging_mixin.py:188} INFO - [2024-06-13T15:03:27.644+0000] {dagbag.py:545} INFO - Filling up the DagBag from /home/airflow/.local/lib/python3.12/site-packages/airflow/example_dags/example_setup_teardown.py
[2024-06-13T15:03:27.652+0000] {processor.py:840} INFO - DAG(s) 'example_setup_teardown' retrieved from /home/airflow/.local/lib/python3.12/site-packages/airflow/example_dags/example_setup_teardown.py
[2024-06-13T15:03:27.670+0000] {logging_mixin.py:188} INFO - [2024-06-13T15:03:27.669+0000] {dag.py:3096} INFO - Sync 1 DAGs
[2024-06-13T15:03:27.682+0000] {logging_mixin.py:188} INFO - [2024-06-13T15:03:27.682+0000] {dag.py:3954} INFO - Setting next_dagrun for example_setup_teardown to 2024-06-12 00:00:00+00:00, run_after=2024-06-13 00:00:00+00:00
[2024-06-13T15:03:27.694+0000] {processor.py:183} INFO - Processing /home/airflow/.local/lib/python3.12/site-packages/airflow/example_dags/example_setup_teardown.py took 0.062 seconds
[2024-06-13T15:05:07.860+0000] {processor.py:161} INFO - Started process (PID=37) to work on /home/airflow/.local/lib/python3.12/site-packages/airflow/example_dags/example_setup_teardown.py
[2024-06-13T15:05:07.863+0000] {processor.py:830} INFO - Processing file /home/airflow/.local/lib/python3.12/site-packages/airflow/example_dags/example_setup_teardown.py for tasks to queue
[2024-06-13T15:05:07.867+0000] {logging_mixin.py:188} INFO - [2024-06-13T15:05:07.867+0000] {dagbag.py:545} INFO - Filling up the DagBag from /home/airflow/.local/lib/python3.12/site-packages/airflow/example_dags/example_setup_teardown.py
[2024-06-13T15:05:07.876+0000] {processor.py:840} INFO - DAG(s) 'example_setup_teardown' retrieved from /home/airflow/.local/lib/python3.12/site-packages/airflow/example_dags/example_setup_teardown.py
[2024-06-13T15:05:07.891+0000] {logging_mixin.py:188} INFO - [2024-06-13T15:05:07.891+0000] {dag.py:3096} INFO - Sync 1 DAGs
[2024-06-13T15:05:07.914+0000] {logging_mixin.py:188} INFO - [2024-06-13T15:05:07.914+0000] {dag.py:3954} INFO - Setting next_dagrun for example_setup_teardown to 2024-06-12 00:00:00+00:00, run_after=2024-06-13 00:00:00+00:00
[2024-06-13T15:05:07.935+0000] {processor.py:183} INFO - Processing /home/airflow/.local/lib/python3.12/site-packages/airflow/example_dags/example_setup_teardown.py took 0.096 seconds
[2024-06-13T15:05:38.106+0000] {processor.py:161} INFO - Started process (PID=94) to work on /home/airflow/.local/lib/python3.12/site-packages/airflow/example_dags/example_setup_teardown.py
[2024-06-13T15:05:38.106+0000] {processor.py:830} INFO - Processing file /home/airflow/.local/lib/python3.12/site-packages/airflow/example_dags/example_setup_teardown.py for tasks to queue
[2024-06-13T15:05:38.107+0000] {logging_mixin.py:188} INFO - [2024-06-13T15:05:38.107+0000] {dagbag.py:545} INFO - Filling up the DagBag from /home/airflow/.local/lib/python3.12/site-packages/airflow/example_dags/example_setup_teardown.py
[2024-06-13T15:05:38.110+0000] {processor.py:840} INFO - DAG(s) 'example_setup_teardown' retrieved from /home/airflow/.local/lib/python3.12/site-packages/airflow/example_dags/example_setup_teardown.py
[2024-06-13T15:05:38.152+0000] {logging_mixin.py:188} INFO - [2024-06-13T15:05:38.151+0000] {dag.py:3096} INFO - Sync 1 DAGs
[2024-06-13T15:05:38.160+0000] {logging_mixin.py:188} INFO - [2024-06-13T15:05:38.160+0000] {dag.py:3954} INFO - Setting next_dagrun for example_setup_teardown to 2024-06-12 00:00:00+00:00, run_after=2024-06-13 00:00:00+00:00
[2024-06-13T15:05:38.167+0000] {processor.py:183} INFO - Processing /home/airflow/.local/lib/python3.12/site-packages/airflow/example_dags/example_setup_teardown.py took 0.064 seconds
[2024-06-13T15:06:08.934+0000] {processor.py:161} INFO - Started process (PID=152) to work on /home/airflow/.local/lib/python3.12/site-packages/airflow/example_dags/example_setup_teardown.py
[2024-06-13T15:06:08.935+0000] {processor.py:830} INFO - Processing file /home/airflow/.local/lib/python3.12/site-packages/airflow/example_dags/example_setup_teardown.py for tasks to queue
[2024-06-13T15:06:08.936+0000] {logging_mixin.py:188} INFO - [2024-06-13T15:06:08.936+0000] {dagbag.py:545} INFO - Filling up the DagBag from /home/airflow/.local/lib/python3.12/site-packages/airflow/example_dags/example_setup_teardown.py
[2024-06-13T15:06:08.940+0000] {processor.py:840} INFO - DAG(s) 'example_setup_teardown' retrieved from /home/airflow/.local/lib/python3.12/site-packages/airflow/example_dags/example_setup_teardown.py
[2024-06-13T15:06:08.950+0000] {logging_mixin.py:188} INFO - [2024-06-13T15:06:08.950+0000] {dag.py:3096} INFO - Sync 1 DAGs
[2024-06-13T15:06:08.960+0000] {logging_mixin.py:188} INFO - [2024-06-13T15:06:08.960+0000] {dag.py:3954} INFO - Setting next_dagrun for example_setup_teardown to 2024-06-12 00:00:00+00:00, run_after=2024-06-13 00:00:00+00:00
[2024-06-13T15:06:08.968+0000] {processor.py:183} INFO - Processing /home/airflow/.local/lib/python3.12/site-packages/airflow/example_dags/example_setup_teardown.py took 0.036 seconds
[2024-06-13T15:06:39.144+0000] {processor.py:161} INFO - Started process (PID=210) to work on /home/airflow/.local/lib/python3.12/site-packages/airflow/example_dags/example_setup_teardown.py
[2024-06-13T15:06:39.145+0000] {processor.py:830} INFO - Processing file /home/airflow/.local/lib/python3.12/site-packages/airflow/example_dags/example_setup_teardown.py for tasks to queue
[2024-06-13T15:06:39.146+0000] {logging_mixin.py:188} INFO - [2024-06-13T15:06:39.146+0000] {dagbag.py:545} INFO - Filling up the DagBag from /home/airflow/.local/lib/python3.12/site-packages/airflow/example_dags/example_setup_teardown.py
[2024-06-13T15:06:39.149+0000] {processor.py:840} INFO - DAG(s) 'example_setup_teardown' retrieved from /home/airflow/.local/lib/python3.12/site-packages/airflow/example_dags/example_setup_teardown.py
[2024-06-13T15:06:39.160+0000] {logging_mixin.py:188} INFO - [2024-06-13T15:06:39.160+0000] {dag.py:3096} INFO - Sync 1 DAGs
[2024-06-13T15:06:39.170+0000] {logging_mixin.py:188} INFO - [2024-06-13T15:06:39.170+0000] {dag.py:3954} INFO - Setting next_dagrun for example_setup_teardown to 2024-06-12 00:00:00+00:00, run_after=2024-06-13 00:00:00+00:00
[2024-06-13T15:06:39.180+0000] {processor.py:183} INFO - Processing /home/airflow/.local/lib/python3.12/site-packages/airflow/example_dags/example_setup_teardown.py took 0.038 seconds
[2024-06-13T15:07:09.328+0000] {processor.py:161} INFO - Started process (PID=268) to work on /home/airflow/.local/lib/python3.12/site-packages/airflow/example_dags/example_setup_teardown.py
[2024-06-13T15:07:09.329+0000] {processor.py:830} INFO - Processing file /home/airflow/.local/lib/python3.12/site-packages/airflow/example_dags/example_setup_teardown.py for tasks to queue
[2024-06-13T15:07:09.330+0000] {logging_mixin.py:188} INFO - [2024-06-13T15:07:09.330+0000] {dagbag.py:545} INFO - Filling up the DagBag from /home/airflow/.local/lib/python3.12/site-packages/airflow/example_dags/example_setup_teardown.py
[2024-06-13T15:07:09.334+0000] {processor.py:840} INFO - DAG(s) 'example_setup_teardown' retrieved from /home/airflow/.local/lib/python3.12/site-packages/airflow/example_dags/example_setup_teardown.py
[2024-06-13T15:07:09.343+0000] {logging_mixin.py:188} INFO - [2024-06-13T15:07:09.343+0000] {dag.py:3096} INFO - Sync 1 DAGs
[2024-06-13T15:07:09.353+0000] {logging_mixin.py:188} INFO - [2024-06-13T15:07:09.353+0000] {dag.py:3954} INFO - Setting next_dagrun for example_setup_teardown to 2024-06-12 00:00:00+00:00, run_after=2024-06-13 00:00:00+00:00
[2024-06-13T15:07:09.362+0000] {processor.py:183} INFO - Processing /home/airflow/.local/lib/python3.12/site-packages/airflow/example_dags/example_setup_teardown.py took 0.037 seconds
[2024-06-13T15:07:39.630+0000] {processor.py:161} INFO - Started process (PID=326) to work on /home/airflow/.local/lib/python3.12/site-packages/airflow/example_dags/example_setup_teardown.py
[2024-06-13T15:07:39.631+0000] {processor.py:830} INFO - Processing file /home/airflow/.local/lib/python3.12/site-packages/airflow/example_dags/example_setup_teardown.py for tasks to queue
[2024-06-13T15:07:39.632+0000] {logging_mixin.py:188} INFO - [2024-06-13T15:07:39.631+0000] {dagbag.py:545} INFO - Filling up the DagBag from /home/airflow/.local/lib/python3.12/site-packages/airflow/example_dags/example_setup_teardown.py
[2024-06-13T15:07:39.639+0000] {processor.py:840} INFO - DAG(s) 'example_setup_teardown' retrieved from /home/airflow/.local/lib/python3.12/site-packages/airflow/example_dags/example_setup_teardown.py
[2024-06-13T15:07:39.653+0000] {logging_mixin.py:188} INFO - [2024-06-13T15:07:39.653+0000] {dag.py:3096} INFO - Sync 1 DAGs
[2024-06-13T15:07:39.664+0000] {logging_mixin.py:188} INFO - [2024-06-13T15:07:39.664+0000] {dag.py:3954} INFO - Setting next_dagrun for example_setup_teardown to 2024-06-12 00:00:00+00:00, run_after=2024-06-13 00:00:00+00:00
[2024-06-13T15:07:39.673+0000] {processor.py:183} INFO - Processing /home/airflow/.local/lib/python3.12/site-packages/airflow/example_dags/example_setup_teardown.py took 0.046 seconds
