[2024-06-13T14:56:31.659+0000] {processor.py:161} INFO - Started process (PID=81) to work on /home/airflow/.local/lib/python3.12/site-packages/airflow/example_dags/tutorial_dag.py
[2024-06-13T14:56:31.669+0000] {processor.py:830} INFO - Processing file /home/airflow/.local/lib/python3.12/site-packages/airflow/example_dags/tutorial_dag.py for tasks to queue
[2024-06-13T14:56:31.689+0000] {logging_mixin.py:188} INFO - [2024-06-13T14:56:31.687+0000] {dagbag.py:545} INFO - Filling up the DagBag from /home/airflow/.local/lib/python3.12/site-packages/airflow/example_dags/tutorial_dag.py
[2024-06-13T14:56:31.734+0000] {processor.py:840} INFO - DAG(s) 'tutorial_dag' retrieved from /home/airflow/.local/lib/python3.12/site-packages/airflow/example_dags/tutorial_dag.py
[2024-06-13T14:56:32.031+0000] {logging_mixin.py:188} INFO - [2024-06-13T14:56:32.025+0000] {override.py:1829} INFO - Created Permission View: can read on DAG:tutorial_dag
[2024-06-13T14:56:32.278+0000] {logging_mixin.py:188} INFO - [2024-06-13T14:56:32.273+0000] {override.py:1829} INFO - Created Permission View: can delete on DAG:tutorial_dag
[2024-06-13T14:56:32.300+0000] {logging_mixin.py:188} INFO - [2024-06-13T14:56:32.299+0000] {override.py:1829} INFO - Created Permission View: can edit on DAG:tutorial_dag
[2024-06-13T14:56:32.301+0000] {logging_mixin.py:188} INFO - [2024-06-13T14:56:32.301+0000] {dag.py:3096} INFO - Sync 1 DAGs
[2024-06-13T14:56:32.327+0000] {logging_mixin.py:188} INFO - [2024-06-13T14:56:32.326+0000] {dag.py:3118} INFO - Creating ORM DAG for tutorial_dag
[2024-06-13T14:56:32.333+0000] {logging_mixin.py:188} INFO - [2024-06-13T14:56:32.332+0000] {dag.py:3954} INFO - Setting next_dagrun for tutorial_dag to None, run_after=None
[2024-06-13T14:56:32.376+0000] {processor.py:183} INFO - Processing /home/airflow/.local/lib/python3.12/site-packages/airflow/example_dags/tutorial_dag.py took 0.743 seconds
[2024-06-13T14:57:03.063+0000] {processor.py:161} INFO - Started process (PID=139) to work on /home/airflow/.local/lib/python3.12/site-packages/airflow/example_dags/tutorial_dag.py
[2024-06-13T14:57:03.066+0000] {processor.py:830} INFO - Processing file /home/airflow/.local/lib/python3.12/site-packages/airflow/example_dags/tutorial_dag.py for tasks to queue
[2024-06-13T14:57:03.072+0000] {logging_mixin.py:188} INFO - [2024-06-13T14:57:03.071+0000] {dagbag.py:545} INFO - Filling up the DagBag from /home/airflow/.local/lib/python3.12/site-packages/airflow/example_dags/tutorial_dag.py
[2024-06-13T14:57:03.083+0000] {processor.py:840} INFO - DAG(s) 'tutorial_dag' retrieved from /home/airflow/.local/lib/python3.12/site-packages/airflow/example_dags/tutorial_dag.py
[2024-06-13T14:57:03.133+0000] {logging_mixin.py:188} INFO - [2024-06-13T14:57:03.132+0000] {dag.py:3096} INFO - Sync 1 DAGs
[2024-06-13T14:57:03.164+0000] {logging_mixin.py:188} INFO - [2024-06-13T14:57:03.163+0000] {dag.py:3954} INFO - Setting next_dagrun for tutorial_dag to None, run_after=None
[2024-06-13T14:57:03.193+0000] {processor.py:183} INFO - Processing /home/airflow/.local/lib/python3.12/site-packages/airflow/example_dags/tutorial_dag.py took 0.141 seconds
[2024-06-13T14:57:33.693+0000] {processor.py:161} INFO - Started process (PID=197) to work on /home/airflow/.local/lib/python3.12/site-packages/airflow/example_dags/tutorial_dag.py
[2024-06-13T14:57:33.695+0000] {processor.py:830} INFO - Processing file /home/airflow/.local/lib/python3.12/site-packages/airflow/example_dags/tutorial_dag.py for tasks to queue
[2024-06-13T14:57:33.698+0000] {logging_mixin.py:188} INFO - [2024-06-13T14:57:33.697+0000] {dagbag.py:545} INFO - Filling up the DagBag from /home/airflow/.local/lib/python3.12/site-packages/airflow/example_dags/tutorial_dag.py
[2024-06-13T14:57:33.721+0000] {processor.py:840} INFO - DAG(s) 'tutorial_dag' retrieved from /home/airflow/.local/lib/python3.12/site-packages/airflow/example_dags/tutorial_dag.py
[2024-06-13T14:57:33.813+0000] {logging_mixin.py:188} INFO - [2024-06-13T14:57:33.812+0000] {dag.py:3096} INFO - Sync 1 DAGs
[2024-06-13T14:57:33.831+0000] {logging_mixin.py:188} INFO - [2024-06-13T14:57:33.831+0000] {dag.py:3954} INFO - Setting next_dagrun for tutorial_dag to None, run_after=None
[2024-06-13T14:57:33.856+0000] {processor.py:183} INFO - Processing /home/airflow/.local/lib/python3.12/site-packages/airflow/example_dags/tutorial_dag.py took 0.174 seconds
[2024-06-13T14:58:04.373+0000] {processor.py:161} INFO - Started process (PID=255) to work on /home/airflow/.local/lib/python3.12/site-packages/airflow/example_dags/tutorial_dag.py
[2024-06-13T14:58:04.376+0000] {processor.py:830} INFO - Processing file /home/airflow/.local/lib/python3.12/site-packages/airflow/example_dags/tutorial_dag.py for tasks to queue
[2024-06-13T14:58:04.379+0000] {logging_mixin.py:188} INFO - [2024-06-13T14:58:04.379+0000] {dagbag.py:545} INFO - Filling up the DagBag from /home/airflow/.local/lib/python3.12/site-packages/airflow/example_dags/tutorial_dag.py
[2024-06-13T14:58:04.386+0000] {processor.py:840} INFO - DAG(s) 'tutorial_dag' retrieved from /home/airflow/.local/lib/python3.12/site-packages/airflow/example_dags/tutorial_dag.py
[2024-06-13T14:58:04.409+0000] {logging_mixin.py:188} INFO - [2024-06-13T14:58:04.409+0000] {dag.py:3096} INFO - Sync 1 DAGs
[2024-06-13T14:58:04.423+0000] {logging_mixin.py:188} INFO - [2024-06-13T14:58:04.423+0000] {dag.py:3954} INFO - Setting next_dagrun for tutorial_dag to None, run_after=None
[2024-06-13T14:58:04.436+0000] {processor.py:183} INFO - Processing /home/airflow/.local/lib/python3.12/site-packages/airflow/example_dags/tutorial_dag.py took 0.075 seconds
[2024-06-13T14:58:35.309+0000] {processor.py:161} INFO - Started process (PID=313) to work on /home/airflow/.local/lib/python3.12/site-packages/airflow/example_dags/tutorial_dag.py
[2024-06-13T14:58:35.310+0000] {processor.py:830} INFO - Processing file /home/airflow/.local/lib/python3.12/site-packages/airflow/example_dags/tutorial_dag.py for tasks to queue
[2024-06-13T14:58:35.312+0000] {logging_mixin.py:188} INFO - [2024-06-13T14:58:35.311+0000] {dagbag.py:545} INFO - Filling up the DagBag from /home/airflow/.local/lib/python3.12/site-packages/airflow/example_dags/tutorial_dag.py
[2024-06-13T14:58:35.315+0000] {processor.py:840} INFO - DAG(s) 'tutorial_dag' retrieved from /home/airflow/.local/lib/python3.12/site-packages/airflow/example_dags/tutorial_dag.py
[2024-06-13T14:58:35.331+0000] {logging_mixin.py:188} INFO - [2024-06-13T14:58:35.331+0000] {dag.py:3096} INFO - Sync 1 DAGs
[2024-06-13T14:58:35.340+0000] {logging_mixin.py:188} INFO - [2024-06-13T14:58:35.340+0000] {dag.py:3954} INFO - Setting next_dagrun for tutorial_dag to None, run_after=None
[2024-06-13T14:58:35.352+0000] {processor.py:183} INFO - Processing /home/airflow/.local/lib/python3.12/site-packages/airflow/example_dags/tutorial_dag.py took 0.046 seconds
[2024-06-13T14:59:05.531+0000] {processor.py:161} INFO - Started process (PID=372) to work on /home/airflow/.local/lib/python3.12/site-packages/airflow/example_dags/tutorial_dag.py
[2024-06-13T14:59:05.532+0000] {processor.py:830} INFO - Processing file /home/airflow/.local/lib/python3.12/site-packages/airflow/example_dags/tutorial_dag.py for tasks to queue
[2024-06-13T14:59:05.535+0000] {logging_mixin.py:188} INFO - [2024-06-13T14:59:05.534+0000] {dagbag.py:545} INFO - Filling up the DagBag from /home/airflow/.local/lib/python3.12/site-packages/airflow/example_dags/tutorial_dag.py
[2024-06-13T14:59:05.540+0000] {processor.py:840} INFO - DAG(s) 'tutorial_dag' retrieved from /home/airflow/.local/lib/python3.12/site-packages/airflow/example_dags/tutorial_dag.py
[2024-06-13T14:59:05.558+0000] {logging_mixin.py:188} INFO - [2024-06-13T14:59:05.558+0000] {dag.py:3096} INFO - Sync 1 DAGs
[2024-06-13T14:59:05.566+0000] {logging_mixin.py:188} INFO - [2024-06-13T14:59:05.566+0000] {dag.py:3954} INFO - Setting next_dagrun for tutorial_dag to None, run_after=None
[2024-06-13T14:59:05.576+0000] {processor.py:183} INFO - Processing /home/airflow/.local/lib/python3.12/site-packages/airflow/example_dags/tutorial_dag.py took 0.056 seconds
[2024-06-13T14:59:36.573+0000] {processor.py:161} INFO - Started process (PID=429) to work on /home/airflow/.local/lib/python3.12/site-packages/airflow/example_dags/tutorial_dag.py
[2024-06-13T14:59:36.574+0000] {processor.py:830} INFO - Processing file /home/airflow/.local/lib/python3.12/site-packages/airflow/example_dags/tutorial_dag.py for tasks to queue
[2024-06-13T14:59:36.576+0000] {logging_mixin.py:188} INFO - [2024-06-13T14:59:36.576+0000] {dagbag.py:545} INFO - Filling up the DagBag from /home/airflow/.local/lib/python3.12/site-packages/airflow/example_dags/tutorial_dag.py
[2024-06-13T14:59:36.581+0000] {processor.py:840} INFO - DAG(s) 'tutorial_dag' retrieved from /home/airflow/.local/lib/python3.12/site-packages/airflow/example_dags/tutorial_dag.py
[2024-06-13T14:59:36.597+0000] {logging_mixin.py:188} INFO - [2024-06-13T14:59:36.597+0000] {dag.py:3096} INFO - Sync 1 DAGs
[2024-06-13T14:59:36.605+0000] {logging_mixin.py:188} INFO - [2024-06-13T14:59:36.605+0000] {dag.py:3954} INFO - Setting next_dagrun for tutorial_dag to None, run_after=None
[2024-06-13T14:59:36.615+0000] {processor.py:183} INFO - Processing /home/airflow/.local/lib/python3.12/site-packages/airflow/example_dags/tutorial_dag.py took 0.048 seconds
[2024-06-13T15:00:07.300+0000] {processor.py:161} INFO - Started process (PID=487) to work on /home/airflow/.local/lib/python3.12/site-packages/airflow/example_dags/tutorial_dag.py
[2024-06-13T15:00:07.301+0000] {processor.py:830} INFO - Processing file /home/airflow/.local/lib/python3.12/site-packages/airflow/example_dags/tutorial_dag.py for tasks to queue
[2024-06-13T15:00:07.304+0000] {logging_mixin.py:188} INFO - [2024-06-13T15:00:07.303+0000] {dagbag.py:545} INFO - Filling up the DagBag from /home/airflow/.local/lib/python3.12/site-packages/airflow/example_dags/tutorial_dag.py
[2024-06-13T15:00:07.309+0000] {processor.py:840} INFO - DAG(s) 'tutorial_dag' retrieved from /home/airflow/.local/lib/python3.12/site-packages/airflow/example_dags/tutorial_dag.py
[2024-06-13T15:00:07.324+0000] {logging_mixin.py:188} INFO - [2024-06-13T15:00:07.324+0000] {dag.py:3096} INFO - Sync 1 DAGs
[2024-06-13T15:00:07.332+0000] {logging_mixin.py:188} INFO - [2024-06-13T15:00:07.332+0000] {dag.py:3954} INFO - Setting next_dagrun for tutorial_dag to None, run_after=None
[2024-06-13T15:00:07.343+0000] {processor.py:183} INFO - Processing /home/airflow/.local/lib/python3.12/site-packages/airflow/example_dags/tutorial_dag.py took 0.049 seconds
[2024-06-13T15:00:38.015+0000] {processor.py:161} INFO - Started process (PID=545) to work on /home/airflow/.local/lib/python3.12/site-packages/airflow/example_dags/tutorial_dag.py
[2024-06-13T15:00:38.016+0000] {processor.py:830} INFO - Processing file /home/airflow/.local/lib/python3.12/site-packages/airflow/example_dags/tutorial_dag.py for tasks to queue
[2024-06-13T15:00:38.018+0000] {logging_mixin.py:188} INFO - [2024-06-13T15:00:38.018+0000] {dagbag.py:545} INFO - Filling up the DagBag from /home/airflow/.local/lib/python3.12/site-packages/airflow/example_dags/tutorial_dag.py
[2024-06-13T15:00:38.023+0000] {processor.py:840} INFO - DAG(s) 'tutorial_dag' retrieved from /home/airflow/.local/lib/python3.12/site-packages/airflow/example_dags/tutorial_dag.py
[2024-06-13T15:00:38.038+0000] {logging_mixin.py:188} INFO - [2024-06-13T15:00:38.038+0000] {dag.py:3096} INFO - Sync 1 DAGs
[2024-06-13T15:00:38.046+0000] {logging_mixin.py:188} INFO - [2024-06-13T15:00:38.046+0000] {dag.py:3954} INFO - Setting next_dagrun for tutorial_dag to None, run_after=None
[2024-06-13T15:00:38.055+0000] {processor.py:183} INFO - Processing /home/airflow/.local/lib/python3.12/site-packages/airflow/example_dags/tutorial_dag.py took 0.047 seconds
[2024-06-13T15:01:08.810+0000] {processor.py:161} INFO - Started process (PID=603) to work on /home/airflow/.local/lib/python3.12/site-packages/airflow/example_dags/tutorial_dag.py
[2024-06-13T15:01:08.811+0000] {processor.py:830} INFO - Processing file /home/airflow/.local/lib/python3.12/site-packages/airflow/example_dags/tutorial_dag.py for tasks to queue
[2024-06-13T15:01:08.813+0000] {logging_mixin.py:188} INFO - [2024-06-13T15:01:08.813+0000] {dagbag.py:545} INFO - Filling up the DagBag from /home/airflow/.local/lib/python3.12/site-packages/airflow/example_dags/tutorial_dag.py
[2024-06-13T15:01:08.818+0000] {processor.py:840} INFO - DAG(s) 'tutorial_dag' retrieved from /home/airflow/.local/lib/python3.12/site-packages/airflow/example_dags/tutorial_dag.py
[2024-06-13T15:01:08.834+0000] {logging_mixin.py:188} INFO - [2024-06-13T15:01:08.834+0000] {dag.py:3096} INFO - Sync 1 DAGs
[2024-06-13T15:01:08.842+0000] {logging_mixin.py:188} INFO - [2024-06-13T15:01:08.842+0000] {dag.py:3954} INFO - Setting next_dagrun for tutorial_dag to None, run_after=None
[2024-06-13T15:01:08.853+0000] {processor.py:183} INFO - Processing /home/airflow/.local/lib/python3.12/site-packages/airflow/example_dags/tutorial_dag.py took 0.049 seconds
[2024-06-13T15:01:39.016+0000] {processor.py:161} INFO - Started process (PID=661) to work on /home/airflow/.local/lib/python3.12/site-packages/airflow/example_dags/tutorial_dag.py
[2024-06-13T15:01:39.017+0000] {processor.py:830} INFO - Processing file /home/airflow/.local/lib/python3.12/site-packages/airflow/example_dags/tutorial_dag.py for tasks to queue
[2024-06-13T15:01:39.019+0000] {logging_mixin.py:188} INFO - [2024-06-13T15:01:39.019+0000] {dagbag.py:545} INFO - Filling up the DagBag from /home/airflow/.local/lib/python3.12/site-packages/airflow/example_dags/tutorial_dag.py
[2024-06-13T15:01:39.024+0000] {processor.py:840} INFO - DAG(s) 'tutorial_dag' retrieved from /home/airflow/.local/lib/python3.12/site-packages/airflow/example_dags/tutorial_dag.py
[2024-06-13T15:01:39.039+0000] {logging_mixin.py:188} INFO - [2024-06-13T15:01:39.039+0000] {dag.py:3096} INFO - Sync 1 DAGs
[2024-06-13T15:01:39.047+0000] {logging_mixin.py:188} INFO - [2024-06-13T15:01:39.047+0000] {dag.py:3954} INFO - Setting next_dagrun for tutorial_dag to None, run_after=None
[2024-06-13T15:01:39.057+0000] {processor.py:183} INFO - Processing /home/airflow/.local/lib/python3.12/site-packages/airflow/example_dags/tutorial_dag.py took 0.048 seconds
[2024-06-13T15:02:10.063+0000] {processor.py:161} INFO - Started process (PID=719) to work on /home/airflow/.local/lib/python3.12/site-packages/airflow/example_dags/tutorial_dag.py
[2024-06-13T15:02:10.064+0000] {processor.py:830} INFO - Processing file /home/airflow/.local/lib/python3.12/site-packages/airflow/example_dags/tutorial_dag.py for tasks to queue
[2024-06-13T15:02:10.066+0000] {logging_mixin.py:188} INFO - [2024-06-13T15:02:10.066+0000] {dagbag.py:545} INFO - Filling up the DagBag from /home/airflow/.local/lib/python3.12/site-packages/airflow/example_dags/tutorial_dag.py
[2024-06-13T15:02:10.071+0000] {processor.py:840} INFO - DAG(s) 'tutorial_dag' retrieved from /home/airflow/.local/lib/python3.12/site-packages/airflow/example_dags/tutorial_dag.py
[2024-06-13T15:02:10.086+0000] {logging_mixin.py:188} INFO - [2024-06-13T15:02:10.086+0000] {dag.py:3096} INFO - Sync 1 DAGs
[2024-06-13T15:02:10.094+0000] {logging_mixin.py:188} INFO - [2024-06-13T15:02:10.094+0000] {dag.py:3954} INFO - Setting next_dagrun for tutorial_dag to None, run_after=None
[2024-06-13T15:02:10.104+0000] {processor.py:183} INFO - Processing /home/airflow/.local/lib/python3.12/site-packages/airflow/example_dags/tutorial_dag.py took 0.048 seconds
[2024-06-13T15:02:40.872+0000] {processor.py:161} INFO - Started process (PID=777) to work on /home/airflow/.local/lib/python3.12/site-packages/airflow/example_dags/tutorial_dag.py
[2024-06-13T15:02:40.873+0000] {processor.py:830} INFO - Processing file /home/airflow/.local/lib/python3.12/site-packages/airflow/example_dags/tutorial_dag.py for tasks to queue
[2024-06-13T15:02:40.875+0000] {logging_mixin.py:188} INFO - [2024-06-13T15:02:40.875+0000] {dagbag.py:545} INFO - Filling up the DagBag from /home/airflow/.local/lib/python3.12/site-packages/airflow/example_dags/tutorial_dag.py
[2024-06-13T15:02:40.881+0000] {processor.py:840} INFO - DAG(s) 'tutorial_dag' retrieved from /home/airflow/.local/lib/python3.12/site-packages/airflow/example_dags/tutorial_dag.py
[2024-06-13T15:02:40.898+0000] {logging_mixin.py:188} INFO - [2024-06-13T15:02:40.898+0000] {dag.py:3096} INFO - Sync 1 DAGs
[2024-06-13T15:02:40.909+0000] {logging_mixin.py:188} INFO - [2024-06-13T15:02:40.908+0000] {dag.py:3954} INFO - Setting next_dagrun for tutorial_dag to None, run_after=None
[2024-06-13T15:02:40.921+0000] {processor.py:183} INFO - Processing /home/airflow/.local/lib/python3.12/site-packages/airflow/example_dags/tutorial_dag.py took 0.055 seconds
[2024-06-13T15:03:11.138+0000] {processor.py:161} INFO - Started process (PID=835) to work on /home/airflow/.local/lib/python3.12/site-packages/airflow/example_dags/tutorial_dag.py
[2024-06-13T15:03:11.139+0000] {processor.py:830} INFO - Processing file /home/airflow/.local/lib/python3.12/site-packages/airflow/example_dags/tutorial_dag.py for tasks to queue
[2024-06-13T15:03:11.141+0000] {logging_mixin.py:188} INFO - [2024-06-13T15:03:11.141+0000] {dagbag.py:545} INFO - Filling up the DagBag from /home/airflow/.local/lib/python3.12/site-packages/airflow/example_dags/tutorial_dag.py
[2024-06-13T15:03:11.146+0000] {processor.py:840} INFO - DAG(s) 'tutorial_dag' retrieved from /home/airflow/.local/lib/python3.12/site-packages/airflow/example_dags/tutorial_dag.py
[2024-06-13T15:03:11.162+0000] {logging_mixin.py:188} INFO - [2024-06-13T15:03:11.162+0000] {dag.py:3096} INFO - Sync 1 DAGs
[2024-06-13T15:03:11.171+0000] {logging_mixin.py:188} INFO - [2024-06-13T15:03:11.171+0000] {dag.py:3954} INFO - Setting next_dagrun for tutorial_dag to None, run_after=None
[2024-06-13T15:03:11.180+0000] {processor.py:183} INFO - Processing /home/airflow/.local/lib/python3.12/site-packages/airflow/example_dags/tutorial_dag.py took 0.049 seconds
[2024-06-13T15:03:41.890+0000] {processor.py:161} INFO - Started process (PID=893) to work on /home/airflow/.local/lib/python3.12/site-packages/airflow/example_dags/tutorial_dag.py
[2024-06-13T15:03:41.892+0000] {processor.py:830} INFO - Processing file /home/airflow/.local/lib/python3.12/site-packages/airflow/example_dags/tutorial_dag.py for tasks to queue
[2024-06-13T15:03:41.899+0000] {logging_mixin.py:188} INFO - [2024-06-13T15:03:41.898+0000] {dagbag.py:545} INFO - Filling up the DagBag from /home/airflow/.local/lib/python3.12/site-packages/airflow/example_dags/tutorial_dag.py
[2024-06-13T15:03:41.906+0000] {processor.py:840} INFO - DAG(s) 'tutorial_dag' retrieved from /home/airflow/.local/lib/python3.12/site-packages/airflow/example_dags/tutorial_dag.py
[2024-06-13T15:03:41.920+0000] {logging_mixin.py:188} INFO - [2024-06-13T15:03:41.920+0000] {dag.py:3096} INFO - Sync 1 DAGs
[2024-06-13T15:03:41.927+0000] {logging_mixin.py:188} INFO - [2024-06-13T15:03:41.927+0000] {dag.py:3954} INFO - Setting next_dagrun for tutorial_dag to None, run_after=None
[2024-06-13T15:03:41.937+0000] {processor.py:183} INFO - Processing /home/airflow/.local/lib/python3.12/site-packages/airflow/example_dags/tutorial_dag.py took 0.069 seconds
[2024-06-13T15:05:10.201+0000] {processor.py:161} INFO - Started process (PID=74) to work on /home/airflow/.local/lib/python3.12/site-packages/airflow/example_dags/tutorial_dag.py
[2024-06-13T15:05:10.202+0000] {processor.py:830} INFO - Processing file /home/airflow/.local/lib/python3.12/site-packages/airflow/example_dags/tutorial_dag.py for tasks to queue
[2024-06-13T15:05:10.203+0000] {logging_mixin.py:188} INFO - [2024-06-13T15:05:10.203+0000] {dagbag.py:545} INFO - Filling up the DagBag from /home/airflow/.local/lib/python3.12/site-packages/airflow/example_dags/tutorial_dag.py
[2024-06-13T15:05:10.206+0000] {processor.py:840} INFO - DAG(s) 'tutorial_dag' retrieved from /home/airflow/.local/lib/python3.12/site-packages/airflow/example_dags/tutorial_dag.py
[2024-06-13T15:05:10.220+0000] {logging_mixin.py:188} INFO - [2024-06-13T15:05:10.219+0000] {dag.py:3096} INFO - Sync 1 DAGs
[2024-06-13T15:05:10.233+0000] {logging_mixin.py:188} INFO - [2024-06-13T15:05:10.233+0000] {dag.py:3954} INFO - Setting next_dagrun for tutorial_dag to None, run_after=None
[2024-06-13T15:05:10.245+0000] {processor.py:183} INFO - Processing /home/airflow/.local/lib/python3.12/site-packages/airflow/example_dags/tutorial_dag.py took 0.047 seconds
[2024-06-13T15:05:41.017+0000] {processor.py:161} INFO - Started process (PID=131) to work on /home/airflow/.local/lib/python3.12/site-packages/airflow/example_dags/tutorial_dag.py
[2024-06-13T15:05:41.018+0000] {processor.py:830} INFO - Processing file /home/airflow/.local/lib/python3.12/site-packages/airflow/example_dags/tutorial_dag.py for tasks to queue
[2024-06-13T15:05:41.019+0000] {logging_mixin.py:188} INFO - [2024-06-13T15:05:41.019+0000] {dagbag.py:545} INFO - Filling up the DagBag from /home/airflow/.local/lib/python3.12/site-packages/airflow/example_dags/tutorial_dag.py
[2024-06-13T15:05:41.022+0000] {processor.py:840} INFO - DAG(s) 'tutorial_dag' retrieved from /home/airflow/.local/lib/python3.12/site-packages/airflow/example_dags/tutorial_dag.py
[2024-06-13T15:05:41.070+0000] {logging_mixin.py:188} INFO - [2024-06-13T15:05:41.070+0000] {dag.py:3096} INFO - Sync 1 DAGs
[2024-06-13T15:05:41.076+0000] {logging_mixin.py:188} INFO - [2024-06-13T15:05:41.076+0000] {dag.py:3954} INFO - Setting next_dagrun for tutorial_dag to None, run_after=None
[2024-06-13T15:05:41.085+0000] {processor.py:183} INFO - Processing /home/airflow/.local/lib/python3.12/site-packages/airflow/example_dags/tutorial_dag.py took 0.070 seconds
[2024-06-13T15:06:12.189+0000] {processor.py:161} INFO - Started process (PID=189) to work on /home/airflow/.local/lib/python3.12/site-packages/airflow/example_dags/tutorial_dag.py
[2024-06-13T15:06:12.190+0000] {processor.py:830} INFO - Processing file /home/airflow/.local/lib/python3.12/site-packages/airflow/example_dags/tutorial_dag.py for tasks to queue
[2024-06-13T15:06:12.191+0000] {logging_mixin.py:188} INFO - [2024-06-13T15:06:12.191+0000] {dagbag.py:545} INFO - Filling up the DagBag from /home/airflow/.local/lib/python3.12/site-packages/airflow/example_dags/tutorial_dag.py
[2024-06-13T15:06:12.194+0000] {processor.py:840} INFO - DAG(s) 'tutorial_dag' retrieved from /home/airflow/.local/lib/python3.12/site-packages/airflow/example_dags/tutorial_dag.py
[2024-06-13T15:06:12.205+0000] {logging_mixin.py:188} INFO - [2024-06-13T15:06:12.204+0000] {dag.py:3096} INFO - Sync 1 DAGs
[2024-06-13T15:06:12.217+0000] {logging_mixin.py:188} INFO - [2024-06-13T15:06:12.217+0000] {dag.py:3954} INFO - Setting next_dagrun for tutorial_dag to None, run_after=None
[2024-06-13T15:06:12.233+0000] {processor.py:183} INFO - Processing /home/airflow/.local/lib/python3.12/site-packages/airflow/example_dags/tutorial_dag.py took 0.046 seconds
[2024-06-13T15:06:42.373+0000] {processor.py:161} INFO - Started process (PID=247) to work on /home/airflow/.local/lib/python3.12/site-packages/airflow/example_dags/tutorial_dag.py
[2024-06-13T15:06:42.373+0000] {processor.py:830} INFO - Processing file /home/airflow/.local/lib/python3.12/site-packages/airflow/example_dags/tutorial_dag.py for tasks to queue
[2024-06-13T15:06:42.374+0000] {logging_mixin.py:188} INFO - [2024-06-13T15:06:42.374+0000] {dagbag.py:545} INFO - Filling up the DagBag from /home/airflow/.local/lib/python3.12/site-packages/airflow/example_dags/tutorial_dag.py
[2024-06-13T15:06:42.377+0000] {processor.py:840} INFO - DAG(s) 'tutorial_dag' retrieved from /home/airflow/.local/lib/python3.12/site-packages/airflow/example_dags/tutorial_dag.py
[2024-06-13T15:06:42.386+0000] {logging_mixin.py:188} INFO - [2024-06-13T15:06:42.386+0000] {dag.py:3096} INFO - Sync 1 DAGs
[2024-06-13T15:06:42.391+0000] {logging_mixin.py:188} INFO - [2024-06-13T15:06:42.391+0000] {dag.py:3954} INFO - Setting next_dagrun for tutorial_dag to None, run_after=None
[2024-06-13T15:06:42.399+0000] {processor.py:183} INFO - Processing /home/airflow/.local/lib/python3.12/site-packages/airflow/example_dags/tutorial_dag.py took 0.029 seconds
[2024-06-13T15:07:12.556+0000] {processor.py:161} INFO - Started process (PID=305) to work on /home/airflow/.local/lib/python3.12/site-packages/airflow/example_dags/tutorial_dag.py
[2024-06-13T15:07:12.557+0000] {processor.py:830} INFO - Processing file /home/airflow/.local/lib/python3.12/site-packages/airflow/example_dags/tutorial_dag.py for tasks to queue
[2024-06-13T15:07:12.559+0000] {logging_mixin.py:188} INFO - [2024-06-13T15:07:12.559+0000] {dagbag.py:545} INFO - Filling up the DagBag from /home/airflow/.local/lib/python3.12/site-packages/airflow/example_dags/tutorial_dag.py
[2024-06-13T15:07:12.562+0000] {processor.py:840} INFO - DAG(s) 'tutorial_dag' retrieved from /home/airflow/.local/lib/python3.12/site-packages/airflow/example_dags/tutorial_dag.py
[2024-06-13T15:07:12.572+0000] {logging_mixin.py:188} INFO - [2024-06-13T15:07:12.572+0000] {dag.py:3096} INFO - Sync 1 DAGs
[2024-06-13T15:07:12.580+0000] {logging_mixin.py:188} INFO - [2024-06-13T15:07:12.580+0000] {dag.py:3954} INFO - Setting next_dagrun for tutorial_dag to None, run_after=None
[2024-06-13T15:07:12.589+0000] {processor.py:183} INFO - Processing /home/airflow/.local/lib/python3.12/site-packages/airflow/example_dags/tutorial_dag.py took 0.037 seconds
[2024-06-13T15:07:42.742+0000] {processor.py:161} INFO - Started process (PID=363) to work on /home/airflow/.local/lib/python3.12/site-packages/airflow/example_dags/tutorial_dag.py
[2024-06-13T15:07:42.742+0000] {processor.py:830} INFO - Processing file /home/airflow/.local/lib/python3.12/site-packages/airflow/example_dags/tutorial_dag.py for tasks to queue
[2024-06-13T15:07:42.743+0000] {logging_mixin.py:188} INFO - [2024-06-13T15:07:42.743+0000] {dagbag.py:545} INFO - Filling up the DagBag from /home/airflow/.local/lib/python3.12/site-packages/airflow/example_dags/tutorial_dag.py
[2024-06-13T15:07:42.746+0000] {processor.py:840} INFO - DAG(s) 'tutorial_dag' retrieved from /home/airflow/.local/lib/python3.12/site-packages/airflow/example_dags/tutorial_dag.py
[2024-06-13T15:07:42.755+0000] {logging_mixin.py:188} INFO - [2024-06-13T15:07:42.755+0000] {dag.py:3096} INFO - Sync 1 DAGs
[2024-06-13T15:07:42.760+0000] {logging_mixin.py:188} INFO - [2024-06-13T15:07:42.760+0000] {dag.py:3954} INFO - Setting next_dagrun for tutorial_dag to None, run_after=None
[2024-06-13T15:07:42.768+0000] {processor.py:183} INFO - Processing /home/airflow/.local/lib/python3.12/site-packages/airflow/example_dags/tutorial_dag.py took 0.029 seconds
