[2024-06-13T14:56:19.593+0000] {processor.py:161} INFO - Started process (PID=45) to work on /home/airflow/.local/lib/python3.12/site-packages/airflow/example_dags/tutorial.py
[2024-06-13T14:56:19.596+0000] {processor.py:830} INFO - Processing file /home/airflow/.local/lib/python3.12/site-packages/airflow/example_dags/tutorial.py for tasks to queue
[2024-06-13T14:56:19.600+0000] {logging_mixin.py:188} INFO - [2024-06-13T14:56:19.599+0000] {dagbag.py:545} INFO - Filling up the DagBag from /home/airflow/.local/lib/python3.12/site-packages/airflow/example_dags/tutorial.py
[2024-06-13T14:56:19.618+0000] {processor.py:840} INFO - DAG(s) 'tutorial' retrieved from /home/airflow/.local/lib/python3.12/site-packages/airflow/example_dags/tutorial.py
[2024-06-13T14:56:20.222+0000] {logging_mixin.py:188} INFO - [2024-06-13T14:56:20.220+0000] {override.py:1829} INFO - Created Permission View: can read on DAG:tutorial
[2024-06-13T14:56:20.235+0000] {logging_mixin.py:188} INFO - [2024-06-13T14:56:20.235+0000] {override.py:1829} INFO - Created Permission View: can delete on DAG:tutorial
[2024-06-13T14:56:20.288+0000] {logging_mixin.py:188} INFO - [2024-06-13T14:56:20.287+0000] {override.py:1829} INFO - Created Permission View: can edit on DAG:tutorial
[2024-06-13T14:56:20.490+0000] {logging_mixin.py:188} INFO - [2024-06-13T14:56:20.489+0000] {dag.py:3096} INFO - Sync 1 DAGs
[2024-06-13T14:56:20.549+0000] {logging_mixin.py:188} INFO - [2024-06-13T14:56:20.549+0000] {dag.py:3118} INFO - Creating ORM DAG for tutorial
[2024-06-13T14:56:20.568+0000] {logging_mixin.py:188} INFO - [2024-06-13T14:56:20.568+0000] {dag.py:3954} INFO - Setting next_dagrun for tutorial to 2024-06-12 00:00:00+00:00, run_after=2024-06-13 00:00:00+00:00
[2024-06-13T14:56:20.612+0000] {processor.py:183} INFO - Processing /home/airflow/.local/lib/python3.12/site-packages/airflow/example_dags/tutorial.py took 1.025 seconds
[2024-06-13T14:56:51.339+0000] {processor.py:161} INFO - Started process (PID=103) to work on /home/airflow/.local/lib/python3.12/site-packages/airflow/example_dags/tutorial.py
[2024-06-13T14:56:51.342+0000] {processor.py:830} INFO - Processing file /home/airflow/.local/lib/python3.12/site-packages/airflow/example_dags/tutorial.py for tasks to queue
[2024-06-13T14:56:51.344+0000] {logging_mixin.py:188} INFO - [2024-06-13T14:56:51.344+0000] {dagbag.py:545} INFO - Filling up the DagBag from /home/airflow/.local/lib/python3.12/site-packages/airflow/example_dags/tutorial.py
[2024-06-13T14:56:51.358+0000] {processor.py:840} INFO - DAG(s) 'tutorial' retrieved from /home/airflow/.local/lib/python3.12/site-packages/airflow/example_dags/tutorial.py
[2024-06-13T14:56:51.382+0000] {logging_mixin.py:188} INFO - [2024-06-13T14:56:51.381+0000] {dag.py:3096} INFO - Sync 1 DAGs
[2024-06-13T14:56:51.415+0000] {logging_mixin.py:188} INFO - [2024-06-13T14:56:51.415+0000] {dag.py:3954} INFO - Setting next_dagrun for tutorial to 2024-06-12 00:00:00+00:00, run_after=2024-06-13 00:00:00+00:00
[2024-06-13T14:56:51.471+0000] {processor.py:183} INFO - Processing /home/airflow/.local/lib/python3.12/site-packages/airflow/example_dags/tutorial.py took 0.140 seconds
[2024-06-13T14:57:21.787+0000] {processor.py:161} INFO - Started process (PID=161) to work on /home/airflow/.local/lib/python3.12/site-packages/airflow/example_dags/tutorial.py
[2024-06-13T14:57:21.795+0000] {processor.py:830} INFO - Processing file /home/airflow/.local/lib/python3.12/site-packages/airflow/example_dags/tutorial.py for tasks to queue
[2024-06-13T14:57:21.798+0000] {logging_mixin.py:188} INFO - [2024-06-13T14:57:21.798+0000] {dagbag.py:545} INFO - Filling up the DagBag from /home/airflow/.local/lib/python3.12/site-packages/airflow/example_dags/tutorial.py
[2024-06-13T14:57:21.837+0000] {processor.py:840} INFO - DAG(s) 'tutorial' retrieved from /home/airflow/.local/lib/python3.12/site-packages/airflow/example_dags/tutorial.py
[2024-06-13T14:57:21.909+0000] {logging_mixin.py:188} INFO - [2024-06-13T14:57:21.909+0000] {dag.py:3096} INFO - Sync 1 DAGs
[2024-06-13T14:57:22.120+0000] {logging_mixin.py:188} INFO - [2024-06-13T14:57:22.120+0000] {dag.py:3954} INFO - Setting next_dagrun for tutorial to 2024-06-12 00:00:00+00:00, run_after=2024-06-13 00:00:00+00:00
[2024-06-13T14:57:22.182+0000] {processor.py:183} INFO - Processing /home/airflow/.local/lib/python3.12/site-packages/airflow/example_dags/tutorial.py took 0.415 seconds
[2024-06-13T14:57:52.547+0000] {processor.py:161} INFO - Started process (PID=219) to work on /home/airflow/.local/lib/python3.12/site-packages/airflow/example_dags/tutorial.py
[2024-06-13T14:57:52.549+0000] {processor.py:830} INFO - Processing file /home/airflow/.local/lib/python3.12/site-packages/airflow/example_dags/tutorial.py for tasks to queue
[2024-06-13T14:57:52.553+0000] {logging_mixin.py:188} INFO - [2024-06-13T14:57:52.552+0000] {dagbag.py:545} INFO - Filling up the DagBag from /home/airflow/.local/lib/python3.12/site-packages/airflow/example_dags/tutorial.py
[2024-06-13T14:57:52.565+0000] {processor.py:840} INFO - DAG(s) 'tutorial' retrieved from /home/airflow/.local/lib/python3.12/site-packages/airflow/example_dags/tutorial.py
[2024-06-13T14:57:52.608+0000] {logging_mixin.py:188} INFO - [2024-06-13T14:57:52.608+0000] {dag.py:3096} INFO - Sync 1 DAGs
[2024-06-13T14:57:52.631+0000] {logging_mixin.py:188} INFO - [2024-06-13T14:57:52.631+0000] {dag.py:3954} INFO - Setting next_dagrun for tutorial to 2024-06-12 00:00:00+00:00, run_after=2024-06-13 00:00:00+00:00
[2024-06-13T14:57:52.647+0000] {processor.py:183} INFO - Processing /home/airflow/.local/lib/python3.12/site-packages/airflow/example_dags/tutorial.py took 0.109 seconds
[2024-06-13T14:58:23.341+0000] {processor.py:161} INFO - Started process (PID=277) to work on /home/airflow/.local/lib/python3.12/site-packages/airflow/example_dags/tutorial.py
[2024-06-13T14:58:23.342+0000] {processor.py:830} INFO - Processing file /home/airflow/.local/lib/python3.12/site-packages/airflow/example_dags/tutorial.py for tasks to queue
[2024-06-13T14:58:23.344+0000] {logging_mixin.py:188} INFO - [2024-06-13T14:58:23.344+0000] {dagbag.py:545} INFO - Filling up the DagBag from /home/airflow/.local/lib/python3.12/site-packages/airflow/example_dags/tutorial.py
[2024-06-13T14:58:23.351+0000] {processor.py:840} INFO - DAG(s) 'tutorial' retrieved from /home/airflow/.local/lib/python3.12/site-packages/airflow/example_dags/tutorial.py
[2024-06-13T14:58:23.370+0000] {logging_mixin.py:188} INFO - [2024-06-13T14:58:23.370+0000] {dag.py:3096} INFO - Sync 1 DAGs
[2024-06-13T14:58:23.382+0000] {logging_mixin.py:188} INFO - [2024-06-13T14:58:23.382+0000] {dag.py:3954} INFO - Setting next_dagrun for tutorial to 2024-06-12 00:00:00+00:00, run_after=2024-06-13 00:00:00+00:00
[2024-06-13T14:58:23.395+0000] {processor.py:183} INFO - Processing /home/airflow/.local/lib/python3.12/site-packages/airflow/example_dags/tutorial.py took 0.061 seconds
[2024-06-13T14:58:53.469+0000] {processor.py:161} INFO - Started process (PID=335) to work on /home/airflow/.local/lib/python3.12/site-packages/airflow/example_dags/tutorial.py
[2024-06-13T14:58:53.470+0000] {processor.py:830} INFO - Processing file /home/airflow/.local/lib/python3.12/site-packages/airflow/example_dags/tutorial.py for tasks to queue
[2024-06-13T14:58:53.471+0000] {logging_mixin.py:188} INFO - [2024-06-13T14:58:53.470+0000] {dagbag.py:545} INFO - Filling up the DagBag from /home/airflow/.local/lib/python3.12/site-packages/airflow/example_dags/tutorial.py
[2024-06-13T14:58:53.474+0000] {processor.py:840} INFO - DAG(s) 'tutorial' retrieved from /home/airflow/.local/lib/python3.12/site-packages/airflow/example_dags/tutorial.py
[2024-06-13T14:58:53.483+0000] {logging_mixin.py:188} INFO - [2024-06-13T14:58:53.483+0000] {dag.py:3096} INFO - Sync 1 DAGs
[2024-06-13T14:58:53.493+0000] {logging_mixin.py:188} INFO - [2024-06-13T14:58:53.493+0000] {dag.py:3954} INFO - Setting next_dagrun for tutorial to 2024-06-12 00:00:00+00:00, run_after=2024-06-13 00:00:00+00:00
[2024-06-13T14:58:53.501+0000] {processor.py:183} INFO - Processing /home/airflow/.local/lib/python3.12/site-packages/airflow/example_dags/tutorial.py took 0.034 seconds
[2024-06-13T14:59:23.516+0000] {processor.py:161} INFO - Started process (PID=393) to work on /home/airflow/.local/lib/python3.12/site-packages/airflow/example_dags/tutorial.py
[2024-06-13T14:59:23.516+0000] {processor.py:830} INFO - Processing file /home/airflow/.local/lib/python3.12/site-packages/airflow/example_dags/tutorial.py for tasks to queue
[2024-06-13T14:59:23.517+0000] {logging_mixin.py:188} INFO - [2024-06-13T14:59:23.517+0000] {dagbag.py:545} INFO - Filling up the DagBag from /home/airflow/.local/lib/python3.12/site-packages/airflow/example_dags/tutorial.py
[2024-06-13T14:59:23.520+0000] {processor.py:840} INFO - DAG(s) 'tutorial' retrieved from /home/airflow/.local/lib/python3.12/site-packages/airflow/example_dags/tutorial.py
[2024-06-13T14:59:23.530+0000] {logging_mixin.py:188} INFO - [2024-06-13T14:59:23.530+0000] {dag.py:3096} INFO - Sync 1 DAGs
[2024-06-13T14:59:23.540+0000] {logging_mixin.py:188} INFO - [2024-06-13T14:59:23.540+0000] {dag.py:3954} INFO - Setting next_dagrun for tutorial to 2024-06-12 00:00:00+00:00, run_after=2024-06-13 00:00:00+00:00
[2024-06-13T14:59:23.549+0000] {processor.py:183} INFO - Processing /home/airflow/.local/lib/python3.12/site-packages/airflow/example_dags/tutorial.py took 0.036 seconds
[2024-06-13T14:59:54.325+0000] {processor.py:161} INFO - Started process (PID=451) to work on /home/airflow/.local/lib/python3.12/site-packages/airflow/example_dags/tutorial.py
[2024-06-13T14:59:54.326+0000] {processor.py:830} INFO - Processing file /home/airflow/.local/lib/python3.12/site-packages/airflow/example_dags/tutorial.py for tasks to queue
[2024-06-13T14:59:54.327+0000] {logging_mixin.py:188} INFO - [2024-06-13T14:59:54.327+0000] {dagbag.py:545} INFO - Filling up the DagBag from /home/airflow/.local/lib/python3.12/site-packages/airflow/example_dags/tutorial.py
[2024-06-13T14:59:54.330+0000] {processor.py:840} INFO - DAG(s) 'tutorial' retrieved from /home/airflow/.local/lib/python3.12/site-packages/airflow/example_dags/tutorial.py
[2024-06-13T14:59:54.340+0000] {logging_mixin.py:188} INFO - [2024-06-13T14:59:54.340+0000] {dag.py:3096} INFO - Sync 1 DAGs
[2024-06-13T14:59:54.350+0000] {logging_mixin.py:188} INFO - [2024-06-13T14:59:54.350+0000] {dag.py:3954} INFO - Setting next_dagrun for tutorial to 2024-06-12 00:00:00+00:00, run_after=2024-06-13 00:00:00+00:00
[2024-06-13T14:59:54.359+0000] {processor.py:183} INFO - Processing /home/airflow/.local/lib/python3.12/site-packages/airflow/example_dags/tutorial.py took 0.036 seconds
[2024-06-13T15:00:25.028+0000] {processor.py:161} INFO - Started process (PID=509) to work on /home/airflow/.local/lib/python3.12/site-packages/airflow/example_dags/tutorial.py
[2024-06-13T15:00:25.028+0000] {processor.py:830} INFO - Processing file /home/airflow/.local/lib/python3.12/site-packages/airflow/example_dags/tutorial.py for tasks to queue
[2024-06-13T15:00:25.029+0000] {logging_mixin.py:188} INFO - [2024-06-13T15:00:25.029+0000] {dagbag.py:545} INFO - Filling up the DagBag from /home/airflow/.local/lib/python3.12/site-packages/airflow/example_dags/tutorial.py
[2024-06-13T15:00:25.032+0000] {processor.py:840} INFO - DAG(s) 'tutorial' retrieved from /home/airflow/.local/lib/python3.12/site-packages/airflow/example_dags/tutorial.py
[2024-06-13T15:00:25.042+0000] {logging_mixin.py:188} INFO - [2024-06-13T15:00:25.042+0000] {dag.py:3096} INFO - Sync 1 DAGs
[2024-06-13T15:00:25.052+0000] {logging_mixin.py:188} INFO - [2024-06-13T15:00:25.052+0000] {dag.py:3954} INFO - Setting next_dagrun for tutorial to 2024-06-12 00:00:00+00:00, run_after=2024-06-13 00:00:00+00:00
[2024-06-13T15:00:25.061+0000] {processor.py:183} INFO - Processing /home/airflow/.local/lib/python3.12/site-packages/airflow/example_dags/tutorial.py took 0.036 seconds
[2024-06-13T15:00:55.787+0000] {processor.py:161} INFO - Started process (PID=567) to work on /home/airflow/.local/lib/python3.12/site-packages/airflow/example_dags/tutorial.py
[2024-06-13T15:00:55.788+0000] {processor.py:830} INFO - Processing file /home/airflow/.local/lib/python3.12/site-packages/airflow/example_dags/tutorial.py for tasks to queue
[2024-06-13T15:00:55.789+0000] {logging_mixin.py:188} INFO - [2024-06-13T15:00:55.789+0000] {dagbag.py:545} INFO - Filling up the DagBag from /home/airflow/.local/lib/python3.12/site-packages/airflow/example_dags/tutorial.py
[2024-06-13T15:00:55.792+0000] {processor.py:840} INFO - DAG(s) 'tutorial' retrieved from /home/airflow/.local/lib/python3.12/site-packages/airflow/example_dags/tutorial.py
[2024-06-13T15:00:55.803+0000] {logging_mixin.py:188} INFO - [2024-06-13T15:00:55.802+0000] {dag.py:3096} INFO - Sync 1 DAGs
[2024-06-13T15:00:55.814+0000] {logging_mixin.py:188} INFO - [2024-06-13T15:00:55.813+0000] {dag.py:3954} INFO - Setting next_dagrun for tutorial to 2024-06-12 00:00:00+00:00, run_after=2024-06-13 00:00:00+00:00
[2024-06-13T15:00:55.822+0000] {processor.py:183} INFO - Processing /home/airflow/.local/lib/python3.12/site-packages/airflow/example_dags/tutorial.py took 0.038 seconds
[2024-06-13T15:01:25.928+0000] {processor.py:161} INFO - Started process (PID=625) to work on /home/airflow/.local/lib/python3.12/site-packages/airflow/example_dags/tutorial.py
[2024-06-13T15:01:25.929+0000] {processor.py:830} INFO - Processing file /home/airflow/.local/lib/python3.12/site-packages/airflow/example_dags/tutorial.py for tasks to queue
[2024-06-13T15:01:25.930+0000] {logging_mixin.py:188} INFO - [2024-06-13T15:01:25.930+0000] {dagbag.py:545} INFO - Filling up the DagBag from /home/airflow/.local/lib/python3.12/site-packages/airflow/example_dags/tutorial.py
[2024-06-13T15:01:25.933+0000] {processor.py:840} INFO - DAG(s) 'tutorial' retrieved from /home/airflow/.local/lib/python3.12/site-packages/airflow/example_dags/tutorial.py
[2024-06-13T15:01:25.943+0000] {logging_mixin.py:188} INFO - [2024-06-13T15:01:25.942+0000] {dag.py:3096} INFO - Sync 1 DAGs
[2024-06-13T15:01:25.953+0000] {logging_mixin.py:188} INFO - [2024-06-13T15:01:25.953+0000] {dag.py:3954} INFO - Setting next_dagrun for tutorial to 2024-06-12 00:00:00+00:00, run_after=2024-06-13 00:00:00+00:00
[2024-06-13T15:01:25.961+0000] {processor.py:183} INFO - Processing /home/airflow/.local/lib/python3.12/site-packages/airflow/example_dags/tutorial.py took 0.036 seconds
[2024-06-13T15:01:56.015+0000] {processor.py:161} INFO - Started process (PID=683) to work on /home/airflow/.local/lib/python3.12/site-packages/airflow/example_dags/tutorial.py
[2024-06-13T15:01:56.016+0000] {processor.py:830} INFO - Processing file /home/airflow/.local/lib/python3.12/site-packages/airflow/example_dags/tutorial.py for tasks to queue
[2024-06-13T15:01:56.017+0000] {logging_mixin.py:188} INFO - [2024-06-13T15:01:56.017+0000] {dagbag.py:545} INFO - Filling up the DagBag from /home/airflow/.local/lib/python3.12/site-packages/airflow/example_dags/tutorial.py
[2024-06-13T15:01:56.020+0000] {processor.py:840} INFO - DAG(s) 'tutorial' retrieved from /home/airflow/.local/lib/python3.12/site-packages/airflow/example_dags/tutorial.py
[2024-06-13T15:01:56.031+0000] {logging_mixin.py:188} INFO - [2024-06-13T15:01:56.031+0000] {dag.py:3096} INFO - Sync 1 DAGs
[2024-06-13T15:01:56.042+0000] {logging_mixin.py:188} INFO - [2024-06-13T15:01:56.042+0000] {dag.py:3954} INFO - Setting next_dagrun for tutorial to 2024-06-12 00:00:00+00:00, run_after=2024-06-13 00:00:00+00:00
[2024-06-13T15:01:56.051+0000] {processor.py:183} INFO - Processing /home/airflow/.local/lib/python3.12/site-packages/airflow/example_dags/tutorial.py took 0.039 seconds
[2024-06-13T15:02:26.820+0000] {processor.py:161} INFO - Started process (PID=739) to work on /home/airflow/.local/lib/python3.12/site-packages/airflow/example_dags/tutorial.py
[2024-06-13T15:02:26.821+0000] {processor.py:830} INFO - Processing file /home/airflow/.local/lib/python3.12/site-packages/airflow/example_dags/tutorial.py for tasks to queue
[2024-06-13T15:02:26.822+0000] {logging_mixin.py:188} INFO - [2024-06-13T15:02:26.822+0000] {dagbag.py:545} INFO - Filling up the DagBag from /home/airflow/.local/lib/python3.12/site-packages/airflow/example_dags/tutorial.py
[2024-06-13T15:02:26.825+0000] {processor.py:840} INFO - DAG(s) 'tutorial' retrieved from /home/airflow/.local/lib/python3.12/site-packages/airflow/example_dags/tutorial.py
[2024-06-13T15:02:26.836+0000] {logging_mixin.py:188} INFO - [2024-06-13T15:02:26.836+0000] {dag.py:3096} INFO - Sync 1 DAGs
[2024-06-13T15:02:26.848+0000] {logging_mixin.py:188} INFO - [2024-06-13T15:02:26.848+0000] {dag.py:3954} INFO - Setting next_dagrun for tutorial to 2024-06-12 00:00:00+00:00, run_after=2024-06-13 00:00:00+00:00
[2024-06-13T15:02:26.857+0000] {processor.py:183} INFO - Processing /home/airflow/.local/lib/python3.12/site-packages/airflow/example_dags/tutorial.py took 0.040 seconds
[2024-06-13T15:02:57.721+0000] {processor.py:161} INFO - Started process (PID=797) to work on /home/airflow/.local/lib/python3.12/site-packages/airflow/example_dags/tutorial.py
[2024-06-13T15:02:57.721+0000] {processor.py:830} INFO - Processing file /home/airflow/.local/lib/python3.12/site-packages/airflow/example_dags/tutorial.py for tasks to queue
[2024-06-13T15:02:57.722+0000] {logging_mixin.py:188} INFO - [2024-06-13T15:02:57.722+0000] {dagbag.py:545} INFO - Filling up the DagBag from /home/airflow/.local/lib/python3.12/site-packages/airflow/example_dags/tutorial.py
[2024-06-13T15:02:57.726+0000] {processor.py:840} INFO - DAG(s) 'tutorial' retrieved from /home/airflow/.local/lib/python3.12/site-packages/airflow/example_dags/tutorial.py
[2024-06-13T15:02:57.736+0000] {logging_mixin.py:188} INFO - [2024-06-13T15:02:57.736+0000] {dag.py:3096} INFO - Sync 1 DAGs
[2024-06-13T15:02:57.747+0000] {logging_mixin.py:188} INFO - [2024-06-13T15:02:57.747+0000] {dag.py:3954} INFO - Setting next_dagrun for tutorial to 2024-06-12 00:00:00+00:00, run_after=2024-06-13 00:00:00+00:00
[2024-06-13T15:02:57.757+0000] {processor.py:183} INFO - Processing /home/airflow/.local/lib/python3.12/site-packages/airflow/example_dags/tutorial.py took 0.040 seconds
[2024-06-13T15:03:27.857+0000] {processor.py:161} INFO - Started process (PID=855) to work on /home/airflow/.local/lib/python3.12/site-packages/airflow/example_dags/tutorial.py
[2024-06-13T15:03:27.858+0000] {processor.py:830} INFO - Processing file /home/airflow/.local/lib/python3.12/site-packages/airflow/example_dags/tutorial.py for tasks to queue
[2024-06-13T15:03:27.859+0000] {logging_mixin.py:188} INFO - [2024-06-13T15:03:27.859+0000] {dagbag.py:545} INFO - Filling up the DagBag from /home/airflow/.local/lib/python3.12/site-packages/airflow/example_dags/tutorial.py
[2024-06-13T15:03:27.862+0000] {processor.py:840} INFO - DAG(s) 'tutorial' retrieved from /home/airflow/.local/lib/python3.12/site-packages/airflow/example_dags/tutorial.py
[2024-06-13T15:03:27.872+0000] {logging_mixin.py:188} INFO - [2024-06-13T15:03:27.872+0000] {dag.py:3096} INFO - Sync 1 DAGs
[2024-06-13T15:03:27.882+0000] {logging_mixin.py:188} INFO - [2024-06-13T15:03:27.882+0000] {dag.py:3954} INFO - Setting next_dagrun for tutorial to 2024-06-12 00:00:00+00:00, run_after=2024-06-13 00:00:00+00:00
[2024-06-13T15:03:27.891+0000] {processor.py:183} INFO - Processing /home/airflow/.local/lib/python3.12/site-packages/airflow/example_dags/tutorial.py took 0.037 seconds
[2024-06-13T15:05:08.313+0000] {processor.py:161} INFO - Started process (PID=44) to work on /home/airflow/.local/lib/python3.12/site-packages/airflow/example_dags/tutorial.py
[2024-06-13T15:05:08.314+0000] {processor.py:830} INFO - Processing file /home/airflow/.local/lib/python3.12/site-packages/airflow/example_dags/tutorial.py for tasks to queue
[2024-06-13T15:05:08.315+0000] {logging_mixin.py:188} INFO - [2024-06-13T15:05:08.315+0000] {dagbag.py:545} INFO - Filling up the DagBag from /home/airflow/.local/lib/python3.12/site-packages/airflow/example_dags/tutorial.py
[2024-06-13T15:05:08.320+0000] {processor.py:840} INFO - DAG(s) 'tutorial' retrieved from /home/airflow/.local/lib/python3.12/site-packages/airflow/example_dags/tutorial.py
[2024-06-13T15:05:08.330+0000] {logging_mixin.py:188} INFO - [2024-06-13T15:05:08.330+0000] {dag.py:3096} INFO - Sync 1 DAGs
[2024-06-13T15:05:08.346+0000] {logging_mixin.py:188} INFO - [2024-06-13T15:05:08.345+0000] {dag.py:3954} INFO - Setting next_dagrun for tutorial to 2024-06-12 00:00:00+00:00, run_after=2024-06-13 00:00:00+00:00
[2024-06-13T15:05:08.364+0000] {processor.py:183} INFO - Processing /home/airflow/.local/lib/python3.12/site-packages/airflow/example_dags/tutorial.py took 0.056 seconds
[2024-06-13T15:05:38.543+0000] {processor.py:161} INFO - Started process (PID=101) to work on /home/airflow/.local/lib/python3.12/site-packages/airflow/example_dags/tutorial.py
[2024-06-13T15:05:38.544+0000] {processor.py:830} INFO - Processing file /home/airflow/.local/lib/python3.12/site-packages/airflow/example_dags/tutorial.py for tasks to queue
[2024-06-13T15:05:38.545+0000] {logging_mixin.py:188} INFO - [2024-06-13T15:05:38.545+0000] {dagbag.py:545} INFO - Filling up the DagBag from /home/airflow/.local/lib/python3.12/site-packages/airflow/example_dags/tutorial.py
[2024-06-13T15:05:38.548+0000] {processor.py:840} INFO - DAG(s) 'tutorial' retrieved from /home/airflow/.local/lib/python3.12/site-packages/airflow/example_dags/tutorial.py
[2024-06-13T15:05:38.588+0000] {logging_mixin.py:188} INFO - [2024-06-13T15:05:38.588+0000] {dag.py:3096} INFO - Sync 1 DAGs
[2024-06-13T15:05:38.596+0000] {logging_mixin.py:188} INFO - [2024-06-13T15:05:38.596+0000] {dag.py:3954} INFO - Setting next_dagrun for tutorial to 2024-06-12 00:00:00+00:00, run_after=2024-06-13 00:00:00+00:00
[2024-06-13T15:05:38.603+0000] {processor.py:183} INFO - Processing /home/airflow/.local/lib/python3.12/site-packages/airflow/example_dags/tutorial.py took 0.062 seconds
[2024-06-13T15:06:09.123+0000] {processor.py:161} INFO - Started process (PID=159) to work on /home/airflow/.local/lib/python3.12/site-packages/airflow/example_dags/tutorial.py
[2024-06-13T15:06:09.124+0000] {processor.py:830} INFO - Processing file /home/airflow/.local/lib/python3.12/site-packages/airflow/example_dags/tutorial.py for tasks to queue
[2024-06-13T15:06:09.125+0000] {logging_mixin.py:188} INFO - [2024-06-13T15:06:09.124+0000] {dagbag.py:545} INFO - Filling up the DagBag from /home/airflow/.local/lib/python3.12/site-packages/airflow/example_dags/tutorial.py
[2024-06-13T15:06:09.128+0000] {processor.py:840} INFO - DAG(s) 'tutorial' retrieved from /home/airflow/.local/lib/python3.12/site-packages/airflow/example_dags/tutorial.py
[2024-06-13T15:06:09.137+0000] {logging_mixin.py:188} INFO - [2024-06-13T15:06:09.137+0000] {dag.py:3096} INFO - Sync 1 DAGs
[2024-06-13T15:06:09.147+0000] {logging_mixin.py:188} INFO - [2024-06-13T15:06:09.147+0000] {dag.py:3954} INFO - Setting next_dagrun for tutorial to 2024-06-12 00:00:00+00:00, run_after=2024-06-13 00:00:00+00:00
[2024-06-13T15:06:09.155+0000] {processor.py:183} INFO - Processing /home/airflow/.local/lib/python3.12/site-packages/airflow/example_dags/tutorial.py took 0.035 seconds
[2024-06-13T15:06:39.354+0000] {processor.py:161} INFO - Started process (PID=217) to work on /home/airflow/.local/lib/python3.12/site-packages/airflow/example_dags/tutorial.py
[2024-06-13T15:06:39.355+0000] {processor.py:830} INFO - Processing file /home/airflow/.local/lib/python3.12/site-packages/airflow/example_dags/tutorial.py for tasks to queue
[2024-06-13T15:06:39.356+0000] {logging_mixin.py:188} INFO - [2024-06-13T15:06:39.356+0000] {dagbag.py:545} INFO - Filling up the DagBag from /home/airflow/.local/lib/python3.12/site-packages/airflow/example_dags/tutorial.py
[2024-06-13T15:06:39.360+0000] {processor.py:840} INFO - DAG(s) 'tutorial' retrieved from /home/airflow/.local/lib/python3.12/site-packages/airflow/example_dags/tutorial.py
[2024-06-13T15:06:39.369+0000] {logging_mixin.py:188} INFO - [2024-06-13T15:06:39.369+0000] {dag.py:3096} INFO - Sync 1 DAGs
[2024-06-13T15:06:39.379+0000] {logging_mixin.py:188} INFO - [2024-06-13T15:06:39.379+0000] {dag.py:3954} INFO - Setting next_dagrun for tutorial to 2024-06-12 00:00:00+00:00, run_after=2024-06-13 00:00:00+00:00
[2024-06-13T15:06:39.388+0000] {processor.py:183} INFO - Processing /home/airflow/.local/lib/python3.12/site-packages/airflow/example_dags/tutorial.py took 0.038 seconds
[2024-06-13T15:07:09.538+0000] {processor.py:161} INFO - Started process (PID=275) to work on /home/airflow/.local/lib/python3.12/site-packages/airflow/example_dags/tutorial.py
[2024-06-13T15:07:09.539+0000] {processor.py:830} INFO - Processing file /home/airflow/.local/lib/python3.12/site-packages/airflow/example_dags/tutorial.py for tasks to queue
[2024-06-13T15:07:09.540+0000] {logging_mixin.py:188} INFO - [2024-06-13T15:07:09.540+0000] {dagbag.py:545} INFO - Filling up the DagBag from /home/airflow/.local/lib/python3.12/site-packages/airflow/example_dags/tutorial.py
[2024-06-13T15:07:09.543+0000] {processor.py:840} INFO - DAG(s) 'tutorial' retrieved from /home/airflow/.local/lib/python3.12/site-packages/airflow/example_dags/tutorial.py
[2024-06-13T15:07:09.553+0000] {logging_mixin.py:188} INFO - [2024-06-13T15:07:09.552+0000] {dag.py:3096} INFO - Sync 1 DAGs
[2024-06-13T15:07:09.563+0000] {logging_mixin.py:188} INFO - [2024-06-13T15:07:09.563+0000] {dag.py:3954} INFO - Setting next_dagrun for tutorial to 2024-06-12 00:00:00+00:00, run_after=2024-06-13 00:00:00+00:00
[2024-06-13T15:07:09.572+0000] {processor.py:183} INFO - Processing /home/airflow/.local/lib/python3.12/site-packages/airflow/example_dags/tutorial.py took 0.037 seconds
[2024-06-13T15:07:39.832+0000] {processor.py:161} INFO - Started process (PID=333) to work on /home/airflow/.local/lib/python3.12/site-packages/airflow/example_dags/tutorial.py
[2024-06-13T15:07:39.833+0000] {processor.py:830} INFO - Processing file /home/airflow/.local/lib/python3.12/site-packages/airflow/example_dags/tutorial.py for tasks to queue
[2024-06-13T15:07:39.834+0000] {logging_mixin.py:188} INFO - [2024-06-13T15:07:39.834+0000] {dagbag.py:545} INFO - Filling up the DagBag from /home/airflow/.local/lib/python3.12/site-packages/airflow/example_dags/tutorial.py
[2024-06-13T15:07:39.839+0000] {processor.py:840} INFO - DAG(s) 'tutorial' retrieved from /home/airflow/.local/lib/python3.12/site-packages/airflow/example_dags/tutorial.py
[2024-06-13T15:07:39.853+0000] {logging_mixin.py:188} INFO - [2024-06-13T15:07:39.853+0000] {dag.py:3096} INFO - Sync 1 DAGs
[2024-06-13T15:07:39.867+0000] {logging_mixin.py:188} INFO - [2024-06-13T15:07:39.867+0000] {dag.py:3954} INFO - Setting next_dagrun for tutorial to 2024-06-12 00:00:00+00:00, run_after=2024-06-13 00:00:00+00:00
[2024-06-13T15:07:39.877+0000] {processor.py:183} INFO - Processing /home/airflow/.local/lib/python3.12/site-packages/airflow/example_dags/tutorial.py took 0.049 seconds
