[2024-06-13T14:56:25.090+0000] {processor.py:161} INFO - Started process (PID=62) to work on /home/airflow/.local/lib/python3.12/site-packages/airflow/example_dags/tutorial_taskflow_api_virtualenv.py
[2024-06-13T14:56:25.094+0000] {processor.py:830} INFO - Processing file /home/airflow/.local/lib/python3.12/site-packages/airflow/example_dags/tutorial_taskflow_api_virtualenv.py for tasks to queue
[2024-06-13T14:56:25.104+0000] {logging_mixin.py:188} INFO - [2024-06-13T14:56:25.102+0000] {dagbag.py:545} INFO - Filling up the DagBag from /home/airflow/.local/lib/python3.12/site-packages/airflow/example_dags/tutorial_taskflow_api_virtualenv.py
[2024-06-13T14:56:25.170+0000] {processor.py:840} INFO - DAG(s) 'tutorial_taskflow_api_virtualenv' retrieved from /home/airflow/.local/lib/python3.12/site-packages/airflow/example_dags/tutorial_taskflow_api_virtualenv.py
[2024-06-13T14:56:25.294+0000] {logging_mixin.py:188} INFO - [2024-06-13T14:56:25.293+0000] {override.py:1829} INFO - Created Permission View: can read on DAG:tutorial_taskflow_api_virtualenv
[2024-06-13T14:56:25.307+0000] {logging_mixin.py:188} INFO - [2024-06-13T14:56:25.307+0000] {override.py:1829} INFO - Created Permission View: can delete on DAG:tutorial_taskflow_api_virtualenv
[2024-06-13T14:56:25.315+0000] {logging_mixin.py:188} INFO - [2024-06-13T14:56:25.315+0000] {override.py:1829} INFO - Created Permission View: can edit on DAG:tutorial_taskflow_api_virtualenv
[2024-06-13T14:56:25.317+0000] {logging_mixin.py:188} INFO - [2024-06-13T14:56:25.317+0000] {dag.py:3096} INFO - Sync 1 DAGs
[2024-06-13T14:56:25.354+0000] {logging_mixin.py:188} INFO - [2024-06-13T14:56:25.353+0000] {dag.py:3118} INFO - Creating ORM DAG for tutorial_taskflow_api_virtualenv
[2024-06-13T14:56:25.355+0000] {logging_mixin.py:188} INFO - [2024-06-13T14:56:25.355+0000] {dag.py:3954} INFO - Setting next_dagrun for tutorial_taskflow_api_virtualenv to None, run_after=None
[2024-06-13T14:56:25.390+0000] {processor.py:183} INFO - Processing /home/airflow/.local/lib/python3.12/site-packages/airflow/example_dags/tutorial_taskflow_api_virtualenv.py took 0.305 seconds
[2024-06-13T14:56:56.618+0000] {processor.py:161} INFO - Started process (PID=120) to work on /home/airflow/.local/lib/python3.12/site-packages/airflow/example_dags/tutorial_taskflow_api_virtualenv.py
[2024-06-13T14:56:56.624+0000] {processor.py:830} INFO - Processing file /home/airflow/.local/lib/python3.12/site-packages/airflow/example_dags/tutorial_taskflow_api_virtualenv.py for tasks to queue
[2024-06-13T14:56:56.625+0000] {logging_mixin.py:188} INFO - [2024-06-13T14:56:56.625+0000] {dagbag.py:545} INFO - Filling up the DagBag from /home/airflow/.local/lib/python3.12/site-packages/airflow/example_dags/tutorial_taskflow_api_virtualenv.py
[2024-06-13T14:56:56.706+0000] {processor.py:840} INFO - DAG(s) 'tutorial_taskflow_api_virtualenv' retrieved from /home/airflow/.local/lib/python3.12/site-packages/airflow/example_dags/tutorial_taskflow_api_virtualenv.py
[2024-06-13T14:56:56.731+0000] {logging_mixin.py:188} INFO - [2024-06-13T14:56:56.731+0000] {dag.py:3096} INFO - Sync 1 DAGs
[2024-06-13T14:56:56.825+0000] {logging_mixin.py:188} INFO - [2024-06-13T14:56:56.825+0000] {dag.py:3954} INFO - Setting next_dagrun for tutorial_taskflow_api_virtualenv to None, run_after=None
[2024-06-13T14:56:56.840+0000] {processor.py:183} INFO - Processing /home/airflow/.local/lib/python3.12/site-packages/airflow/example_dags/tutorial_taskflow_api_virtualenv.py took 0.225 seconds
[2024-06-13T14:57:27.932+0000] {processor.py:161} INFO - Started process (PID=178) to work on /home/airflow/.local/lib/python3.12/site-packages/airflow/example_dags/tutorial_taskflow_api_virtualenv.py
[2024-06-13T14:57:27.933+0000] {processor.py:830} INFO - Processing file /home/airflow/.local/lib/python3.12/site-packages/airflow/example_dags/tutorial_taskflow_api_virtualenv.py for tasks to queue
[2024-06-13T14:57:27.936+0000] {logging_mixin.py:188} INFO - [2024-06-13T14:57:27.936+0000] {dagbag.py:545} INFO - Filling up the DagBag from /home/airflow/.local/lib/python3.12/site-packages/airflow/example_dags/tutorial_taskflow_api_virtualenv.py
[2024-06-13T14:57:27.952+0000] {processor.py:840} INFO - DAG(s) 'tutorial_taskflow_api_virtualenv' retrieved from /home/airflow/.local/lib/python3.12/site-packages/airflow/example_dags/tutorial_taskflow_api_virtualenv.py
[2024-06-13T14:57:27.972+0000] {logging_mixin.py:188} INFO - [2024-06-13T14:57:27.972+0000] {dag.py:3096} INFO - Sync 1 DAGs
[2024-06-13T14:57:27.986+0000] {logging_mixin.py:188} INFO - [2024-06-13T14:57:27.985+0000] {dag.py:3954} INFO - Setting next_dagrun for tutorial_taskflow_api_virtualenv to None, run_after=None
[2024-06-13T14:57:28.019+0000] {processor.py:183} INFO - Processing /home/airflow/.local/lib/python3.12/site-packages/airflow/example_dags/tutorial_taskflow_api_virtualenv.py took 0.098 seconds
[2024-06-13T14:57:58.165+0000] {processor.py:161} INFO - Started process (PID=236) to work on /home/airflow/.local/lib/python3.12/site-packages/airflow/example_dags/tutorial_taskflow_api_virtualenv.py
[2024-06-13T14:57:58.167+0000] {processor.py:830} INFO - Processing file /home/airflow/.local/lib/python3.12/site-packages/airflow/example_dags/tutorial_taskflow_api_virtualenv.py for tasks to queue
[2024-06-13T14:57:58.229+0000] {logging_mixin.py:188} INFO - [2024-06-13T14:57:58.228+0000] {dagbag.py:545} INFO - Filling up the DagBag from /home/airflow/.local/lib/python3.12/site-packages/airflow/example_dags/tutorial_taskflow_api_virtualenv.py
[2024-06-13T14:57:58.270+0000] {processor.py:840} INFO - DAG(s) 'tutorial_taskflow_api_virtualenv' retrieved from /home/airflow/.local/lib/python3.12/site-packages/airflow/example_dags/tutorial_taskflow_api_virtualenv.py
[2024-06-13T14:57:58.295+0000] {logging_mixin.py:188} INFO - [2024-06-13T14:57:58.294+0000] {dag.py:3096} INFO - Sync 1 DAGs
[2024-06-13T14:57:58.308+0000] {logging_mixin.py:188} INFO - [2024-06-13T14:57:58.308+0000] {dag.py:3954} INFO - Setting next_dagrun for tutorial_taskflow_api_virtualenv to None, run_after=None
[2024-06-13T14:57:58.340+0000] {processor.py:183} INFO - Processing /home/airflow/.local/lib/python3.12/site-packages/airflow/example_dags/tutorial_taskflow_api_virtualenv.py took 0.187 seconds
[2024-06-13T14:58:28.713+0000] {processor.py:161} INFO - Started process (PID=294) to work on /home/airflow/.local/lib/python3.12/site-packages/airflow/example_dags/tutorial_taskflow_api_virtualenv.py
[2024-06-13T14:58:28.713+0000] {processor.py:830} INFO - Processing file /home/airflow/.local/lib/python3.12/site-packages/airflow/example_dags/tutorial_taskflow_api_virtualenv.py for tasks to queue
[2024-06-13T14:58:28.715+0000] {logging_mixin.py:188} INFO - [2024-06-13T14:58:28.714+0000] {dagbag.py:545} INFO - Filling up the DagBag from /home/airflow/.local/lib/python3.12/site-packages/airflow/example_dags/tutorial_taskflow_api_virtualenv.py
[2024-06-13T14:58:28.720+0000] {processor.py:840} INFO - DAG(s) 'tutorial_taskflow_api_virtualenv' retrieved from /home/airflow/.local/lib/python3.12/site-packages/airflow/example_dags/tutorial_taskflow_api_virtualenv.py
[2024-06-13T14:58:28.728+0000] {logging_mixin.py:188} INFO - [2024-06-13T14:58:28.728+0000] {dag.py:3096} INFO - Sync 1 DAGs
[2024-06-13T14:58:28.734+0000] {logging_mixin.py:188} INFO - [2024-06-13T14:58:28.734+0000] {dag.py:3954} INFO - Setting next_dagrun for tutorial_taskflow_api_virtualenv to None, run_after=None
[2024-06-13T14:58:28.742+0000] {processor.py:183} INFO - Processing /home/airflow/.local/lib/python3.12/site-packages/airflow/example_dags/tutorial_taskflow_api_virtualenv.py took 0.032 seconds
[2024-06-13T14:58:58.872+0000] {processor.py:161} INFO - Started process (PID=353) to work on /home/airflow/.local/lib/python3.12/site-packages/airflow/example_dags/tutorial_taskflow_api_virtualenv.py
[2024-06-13T14:58:58.872+0000] {processor.py:830} INFO - Processing file /home/airflow/.local/lib/python3.12/site-packages/airflow/example_dags/tutorial_taskflow_api_virtualenv.py for tasks to queue
[2024-06-13T14:58:58.873+0000] {logging_mixin.py:188} INFO - [2024-06-13T14:58:58.873+0000] {dagbag.py:545} INFO - Filling up the DagBag from /home/airflow/.local/lib/python3.12/site-packages/airflow/example_dags/tutorial_taskflow_api_virtualenv.py
[2024-06-13T14:58:58.879+0000] {processor.py:840} INFO - DAG(s) 'tutorial_taskflow_api_virtualenv' retrieved from /home/airflow/.local/lib/python3.12/site-packages/airflow/example_dags/tutorial_taskflow_api_virtualenv.py
[2024-06-13T14:58:58.888+0000] {logging_mixin.py:188} INFO - [2024-06-13T14:58:58.888+0000] {dag.py:3096} INFO - Sync 1 DAGs
[2024-06-13T14:58:58.894+0000] {logging_mixin.py:188} INFO - [2024-06-13T14:58:58.894+0000] {dag.py:3954} INFO - Setting next_dagrun for tutorial_taskflow_api_virtualenv to None, run_after=None
[2024-06-13T14:58:58.902+0000] {processor.py:183} INFO - Processing /home/airflow/.local/lib/python3.12/site-packages/airflow/example_dags/tutorial_taskflow_api_virtualenv.py took 0.033 seconds
[2024-06-13T14:59:29.935+0000] {processor.py:161} INFO - Started process (PID=410) to work on /home/airflow/.local/lib/python3.12/site-packages/airflow/example_dags/tutorial_taskflow_api_virtualenv.py
[2024-06-13T14:59:29.936+0000] {processor.py:830} INFO - Processing file /home/airflow/.local/lib/python3.12/site-packages/airflow/example_dags/tutorial_taskflow_api_virtualenv.py for tasks to queue
[2024-06-13T14:59:29.937+0000] {logging_mixin.py:188} INFO - [2024-06-13T14:59:29.937+0000] {dagbag.py:545} INFO - Filling up the DagBag from /home/airflow/.local/lib/python3.12/site-packages/airflow/example_dags/tutorial_taskflow_api_virtualenv.py
[2024-06-13T14:59:29.942+0000] {processor.py:840} INFO - DAG(s) 'tutorial_taskflow_api_virtualenv' retrieved from /home/airflow/.local/lib/python3.12/site-packages/airflow/example_dags/tutorial_taskflow_api_virtualenv.py
[2024-06-13T14:59:29.952+0000] {logging_mixin.py:188} INFO - [2024-06-13T14:59:29.952+0000] {dag.py:3096} INFO - Sync 1 DAGs
[2024-06-13T14:59:29.958+0000] {logging_mixin.py:188} INFO - [2024-06-13T14:59:29.958+0000] {dag.py:3954} INFO - Setting next_dagrun for tutorial_taskflow_api_virtualenv to None, run_after=None
[2024-06-13T14:59:29.966+0000] {processor.py:183} INFO - Processing /home/airflow/.local/lib/python3.12/site-packages/airflow/example_dags/tutorial_taskflow_api_virtualenv.py took 0.034 seconds
[2024-06-13T15:00:00.690+0000] {processor.py:161} INFO - Started process (PID=468) to work on /home/airflow/.local/lib/python3.12/site-packages/airflow/example_dags/tutorial_taskflow_api_virtualenv.py
[2024-06-13T15:00:00.690+0000] {processor.py:830} INFO - Processing file /home/airflow/.local/lib/python3.12/site-packages/airflow/example_dags/tutorial_taskflow_api_virtualenv.py for tasks to queue
[2024-06-13T15:00:00.691+0000] {logging_mixin.py:188} INFO - [2024-06-13T15:00:00.691+0000] {dagbag.py:545} INFO - Filling up the DagBag from /home/airflow/.local/lib/python3.12/site-packages/airflow/example_dags/tutorial_taskflow_api_virtualenv.py
[2024-06-13T15:00:00.697+0000] {processor.py:840} INFO - DAG(s) 'tutorial_taskflow_api_virtualenv' retrieved from /home/airflow/.local/lib/python3.12/site-packages/airflow/example_dags/tutorial_taskflow_api_virtualenv.py
[2024-06-13T15:00:00.706+0000] {logging_mixin.py:188} INFO - [2024-06-13T15:00:00.706+0000] {dag.py:3096} INFO - Sync 1 DAGs
[2024-06-13T15:00:00.712+0000] {logging_mixin.py:188} INFO - [2024-06-13T15:00:00.712+0000] {dag.py:3954} INFO - Setting next_dagrun for tutorial_taskflow_api_virtualenv to None, run_after=None
[2024-06-13T15:00:00.720+0000] {processor.py:183} INFO - Processing /home/airflow/.local/lib/python3.12/site-packages/airflow/example_dags/tutorial_taskflow_api_virtualenv.py took 0.033 seconds
[2024-06-13T15:00:31.430+0000] {processor.py:161} INFO - Started process (PID=526) to work on /home/airflow/.local/lib/python3.12/site-packages/airflow/example_dags/tutorial_taskflow_api_virtualenv.py
[2024-06-13T15:00:31.430+0000] {processor.py:830} INFO - Processing file /home/airflow/.local/lib/python3.12/site-packages/airflow/example_dags/tutorial_taskflow_api_virtualenv.py for tasks to queue
[2024-06-13T15:00:31.431+0000] {logging_mixin.py:188} INFO - [2024-06-13T15:00:31.431+0000] {dagbag.py:545} INFO - Filling up the DagBag from /home/airflow/.local/lib/python3.12/site-packages/airflow/example_dags/tutorial_taskflow_api_virtualenv.py
[2024-06-13T15:00:31.437+0000] {processor.py:840} INFO - DAG(s) 'tutorial_taskflow_api_virtualenv' retrieved from /home/airflow/.local/lib/python3.12/site-packages/airflow/example_dags/tutorial_taskflow_api_virtualenv.py
[2024-06-13T15:00:31.447+0000] {logging_mixin.py:188} INFO - [2024-06-13T15:00:31.446+0000] {dag.py:3096} INFO - Sync 1 DAGs
[2024-06-13T15:00:31.452+0000] {logging_mixin.py:188} INFO - [2024-06-13T15:00:31.452+0000] {dag.py:3954} INFO - Setting next_dagrun for tutorial_taskflow_api_virtualenv to None, run_after=None
[2024-06-13T15:00:31.460+0000] {processor.py:183} INFO - Processing /home/airflow/.local/lib/python3.12/site-packages/airflow/example_dags/tutorial_taskflow_api_virtualenv.py took 0.034 seconds
[2024-06-13T15:01:02.144+0000] {processor.py:161} INFO - Started process (PID=584) to work on /home/airflow/.local/lib/python3.12/site-packages/airflow/example_dags/tutorial_taskflow_api_virtualenv.py
[2024-06-13T15:01:02.145+0000] {processor.py:830} INFO - Processing file /home/airflow/.local/lib/python3.12/site-packages/airflow/example_dags/tutorial_taskflow_api_virtualenv.py for tasks to queue
[2024-06-13T15:01:02.146+0000] {logging_mixin.py:188} INFO - [2024-06-13T15:01:02.146+0000] {dagbag.py:545} INFO - Filling up the DagBag from /home/airflow/.local/lib/python3.12/site-packages/airflow/example_dags/tutorial_taskflow_api_virtualenv.py
[2024-06-13T15:01:02.151+0000] {processor.py:840} INFO - DAG(s) 'tutorial_taskflow_api_virtualenv' retrieved from /home/airflow/.local/lib/python3.12/site-packages/airflow/example_dags/tutorial_taskflow_api_virtualenv.py
[2024-06-13T15:01:02.161+0000] {logging_mixin.py:188} INFO - [2024-06-13T15:01:02.161+0000] {dag.py:3096} INFO - Sync 1 DAGs
[2024-06-13T15:01:02.167+0000] {logging_mixin.py:188} INFO - [2024-06-13T15:01:02.167+0000] {dag.py:3954} INFO - Setting next_dagrun for tutorial_taskflow_api_virtualenv to None, run_after=None
[2024-06-13T15:01:02.174+0000] {processor.py:183} INFO - Processing /home/airflow/.local/lib/python3.12/site-packages/airflow/example_dags/tutorial_taskflow_api_virtualenv.py took 0.033 seconds
[2024-06-13T15:01:32.319+0000] {processor.py:161} INFO - Started process (PID=642) to work on /home/airflow/.local/lib/python3.12/site-packages/airflow/example_dags/tutorial_taskflow_api_virtualenv.py
[2024-06-13T15:01:32.319+0000] {processor.py:830} INFO - Processing file /home/airflow/.local/lib/python3.12/site-packages/airflow/example_dags/tutorial_taskflow_api_virtualenv.py for tasks to queue
[2024-06-13T15:01:32.320+0000] {logging_mixin.py:188} INFO - [2024-06-13T15:01:32.320+0000] {dagbag.py:545} INFO - Filling up the DagBag from /home/airflow/.local/lib/python3.12/site-packages/airflow/example_dags/tutorial_taskflow_api_virtualenv.py
[2024-06-13T15:01:32.326+0000] {processor.py:840} INFO - DAG(s) 'tutorial_taskflow_api_virtualenv' retrieved from /home/airflow/.local/lib/python3.12/site-packages/airflow/example_dags/tutorial_taskflow_api_virtualenv.py
[2024-06-13T15:01:32.335+0000] {logging_mixin.py:188} INFO - [2024-06-13T15:01:32.335+0000] {dag.py:3096} INFO - Sync 1 DAGs
[2024-06-13T15:01:32.341+0000] {logging_mixin.py:188} INFO - [2024-06-13T15:01:32.341+0000] {dag.py:3954} INFO - Setting next_dagrun for tutorial_taskflow_api_virtualenv to None, run_after=None
[2024-06-13T15:01:32.349+0000] {processor.py:183} INFO - Processing /home/airflow/.local/lib/python3.12/site-packages/airflow/example_dags/tutorial_taskflow_api_virtualenv.py took 0.033 seconds
[2024-06-13T15:02:02.414+0000] {processor.py:161} INFO - Started process (PID=700) to work on /home/airflow/.local/lib/python3.12/site-packages/airflow/example_dags/tutorial_taskflow_api_virtualenv.py
[2024-06-13T15:02:02.414+0000] {processor.py:830} INFO - Processing file /home/airflow/.local/lib/python3.12/site-packages/airflow/example_dags/tutorial_taskflow_api_virtualenv.py for tasks to queue
[2024-06-13T15:02:02.415+0000] {logging_mixin.py:188} INFO - [2024-06-13T15:02:02.415+0000] {dagbag.py:545} INFO - Filling up the DagBag from /home/airflow/.local/lib/python3.12/site-packages/airflow/example_dags/tutorial_taskflow_api_virtualenv.py
[2024-06-13T15:02:02.421+0000] {processor.py:840} INFO - DAG(s) 'tutorial_taskflow_api_virtualenv' retrieved from /home/airflow/.local/lib/python3.12/site-packages/airflow/example_dags/tutorial_taskflow_api_virtualenv.py
[2024-06-13T15:02:02.431+0000] {logging_mixin.py:188} INFO - [2024-06-13T15:02:02.431+0000] {dag.py:3096} INFO - Sync 1 DAGs
[2024-06-13T15:02:02.437+0000] {logging_mixin.py:188} INFO - [2024-06-13T15:02:02.436+0000] {dag.py:3954} INFO - Setting next_dagrun for tutorial_taskflow_api_virtualenv to None, run_after=None
[2024-06-13T15:02:02.445+0000] {processor.py:183} INFO - Processing /home/airflow/.local/lib/python3.12/site-packages/airflow/example_dags/tutorial_taskflow_api_virtualenv.py took 0.034 seconds
[2024-06-13T15:02:33.233+0000] {processor.py:161} INFO - Started process (PID=758) to work on /home/airflow/.local/lib/python3.12/site-packages/airflow/example_dags/tutorial_taskflow_api_virtualenv.py
[2024-06-13T15:02:33.233+0000] {processor.py:830} INFO - Processing file /home/airflow/.local/lib/python3.12/site-packages/airflow/example_dags/tutorial_taskflow_api_virtualenv.py for tasks to queue
[2024-06-13T15:02:33.234+0000] {logging_mixin.py:188} INFO - [2024-06-13T15:02:33.234+0000] {dagbag.py:545} INFO - Filling up the DagBag from /home/airflow/.local/lib/python3.12/site-packages/airflow/example_dags/tutorial_taskflow_api_virtualenv.py
[2024-06-13T15:02:33.240+0000] {processor.py:840} INFO - DAG(s) 'tutorial_taskflow_api_virtualenv' retrieved from /home/airflow/.local/lib/python3.12/site-packages/airflow/example_dags/tutorial_taskflow_api_virtualenv.py
[2024-06-13T15:02:33.249+0000] {logging_mixin.py:188} INFO - [2024-06-13T15:02:33.249+0000] {dag.py:3096} INFO - Sync 1 DAGs
[2024-06-13T15:02:33.254+0000] {logging_mixin.py:188} INFO - [2024-06-13T15:02:33.254+0000] {dag.py:3954} INFO - Setting next_dagrun for tutorial_taskflow_api_virtualenv to None, run_after=None
[2024-06-13T15:02:33.262+0000] {processor.py:183} INFO - Processing /home/airflow/.local/lib/python3.12/site-packages/airflow/example_dags/tutorial_taskflow_api_virtualenv.py took 0.032 seconds
[2024-06-13T15:03:03.492+0000] {processor.py:161} INFO - Started process (PID=816) to work on /home/airflow/.local/lib/python3.12/site-packages/airflow/example_dags/tutorial_taskflow_api_virtualenv.py
[2024-06-13T15:03:03.493+0000] {processor.py:830} INFO - Processing file /home/airflow/.local/lib/python3.12/site-packages/airflow/example_dags/tutorial_taskflow_api_virtualenv.py for tasks to queue
[2024-06-13T15:03:03.494+0000] {logging_mixin.py:188} INFO - [2024-06-13T15:03:03.494+0000] {dagbag.py:545} INFO - Filling up the DagBag from /home/airflow/.local/lib/python3.12/site-packages/airflow/example_dags/tutorial_taskflow_api_virtualenv.py
[2024-06-13T15:03:03.500+0000] {processor.py:840} INFO - DAG(s) 'tutorial_taskflow_api_virtualenv' retrieved from /home/airflow/.local/lib/python3.12/site-packages/airflow/example_dags/tutorial_taskflow_api_virtualenv.py
[2024-06-13T15:03:03.509+0000] {logging_mixin.py:188} INFO - [2024-06-13T15:03:03.509+0000] {dag.py:3096} INFO - Sync 1 DAGs
[2024-06-13T15:03:03.515+0000] {logging_mixin.py:188} INFO - [2024-06-13T15:03:03.515+0000] {dag.py:3954} INFO - Setting next_dagrun for tutorial_taskflow_api_virtualenv to None, run_after=None
[2024-06-13T15:03:03.524+0000] {processor.py:183} INFO - Processing /home/airflow/.local/lib/python3.12/site-packages/airflow/example_dags/tutorial_taskflow_api_virtualenv.py took 0.035 seconds
[2024-06-13T15:03:34.212+0000] {processor.py:161} INFO - Started process (PID=874) to work on /home/airflow/.local/lib/python3.12/site-packages/airflow/example_dags/tutorial_taskflow_api_virtualenv.py
[2024-06-13T15:03:34.212+0000] {processor.py:830} INFO - Processing file /home/airflow/.local/lib/python3.12/site-packages/airflow/example_dags/tutorial_taskflow_api_virtualenv.py for tasks to queue
[2024-06-13T15:03:34.213+0000] {logging_mixin.py:188} INFO - [2024-06-13T15:03:34.213+0000] {dagbag.py:545} INFO - Filling up the DagBag from /home/airflow/.local/lib/python3.12/site-packages/airflow/example_dags/tutorial_taskflow_api_virtualenv.py
[2024-06-13T15:03:34.219+0000] {processor.py:840} INFO - DAG(s) 'tutorial_taskflow_api_virtualenv' retrieved from /home/airflow/.local/lib/python3.12/site-packages/airflow/example_dags/tutorial_taskflow_api_virtualenv.py
[2024-06-13T15:03:34.228+0000] {logging_mixin.py:188} INFO - [2024-06-13T15:03:34.228+0000] {dag.py:3096} INFO - Sync 1 DAGs
[2024-06-13T15:03:34.234+0000] {logging_mixin.py:188} INFO - [2024-06-13T15:03:34.233+0000] {dag.py:3954} INFO - Setting next_dagrun for tutorial_taskflow_api_virtualenv to None, run_after=None
[2024-06-13T15:03:34.242+0000] {processor.py:183} INFO - Processing /home/airflow/.local/lib/python3.12/site-packages/airflow/example_dags/tutorial_taskflow_api_virtualenv.py took 0.033 seconds
[2024-06-13T15:05:08.851+0000] {processor.py:161} INFO - Started process (PID=55) to work on /home/airflow/.local/lib/python3.12/site-packages/airflow/example_dags/tutorial_taskflow_api_virtualenv.py
[2024-06-13T15:05:08.853+0000] {processor.py:830} INFO - Processing file /home/airflow/.local/lib/python3.12/site-packages/airflow/example_dags/tutorial_taskflow_api_virtualenv.py for tasks to queue
[2024-06-13T15:05:08.856+0000] {logging_mixin.py:188} INFO - [2024-06-13T15:05:08.855+0000] {dagbag.py:545} INFO - Filling up the DagBag from /home/airflow/.local/lib/python3.12/site-packages/airflow/example_dags/tutorial_taskflow_api_virtualenv.py
[2024-06-13T15:05:08.869+0000] {processor.py:840} INFO - DAG(s) 'tutorial_taskflow_api_virtualenv' retrieved from /home/airflow/.local/lib/python3.12/site-packages/airflow/example_dags/tutorial_taskflow_api_virtualenv.py
[2024-06-13T15:05:08.884+0000] {logging_mixin.py:188} INFO - [2024-06-13T15:05:08.884+0000] {dag.py:3096} INFO - Sync 1 DAGs
[2024-06-13T15:05:08.902+0000] {logging_mixin.py:188} INFO - [2024-06-13T15:05:08.901+0000] {dag.py:3954} INFO - Setting next_dagrun for tutorial_taskflow_api_virtualenv to None, run_after=None
[2024-06-13T15:05:08.926+0000] {processor.py:183} INFO - Processing /home/airflow/.local/lib/python3.12/site-packages/airflow/example_dags/tutorial_taskflow_api_virtualenv.py took 0.087 seconds
[2024-06-13T15:05:39.013+0000] {processor.py:161} INFO - Started process (PID=112) to work on /home/airflow/.local/lib/python3.12/site-packages/airflow/example_dags/tutorial_taskflow_api_virtualenv.py
[2024-06-13T15:05:39.014+0000] {processor.py:830} INFO - Processing file /home/airflow/.local/lib/python3.12/site-packages/airflow/example_dags/tutorial_taskflow_api_virtualenv.py for tasks to queue
[2024-06-13T15:05:39.014+0000] {logging_mixin.py:188} INFO - [2024-06-13T15:05:39.014+0000] {dagbag.py:545} INFO - Filling up the DagBag from /home/airflow/.local/lib/python3.12/site-packages/airflow/example_dags/tutorial_taskflow_api_virtualenv.py
[2024-06-13T15:05:39.020+0000] {processor.py:840} INFO - DAG(s) 'tutorial_taskflow_api_virtualenv' retrieved from /home/airflow/.local/lib/python3.12/site-packages/airflow/example_dags/tutorial_taskflow_api_virtualenv.py
[2024-06-13T15:05:39.061+0000] {logging_mixin.py:188} INFO - [2024-06-13T15:05:39.061+0000] {dag.py:3096} INFO - Sync 1 DAGs
[2024-06-13T15:05:39.066+0000] {logging_mixin.py:188} INFO - [2024-06-13T15:05:39.066+0000] {dag.py:3954} INFO - Setting next_dagrun for tutorial_taskflow_api_virtualenv to None, run_after=None
[2024-06-13T15:05:39.074+0000] {processor.py:183} INFO - Processing /home/airflow/.local/lib/python3.12/site-packages/airflow/example_dags/tutorial_taskflow_api_virtualenv.py took 0.064 seconds
[2024-06-13T15:06:09.407+0000] {processor.py:161} INFO - Started process (PID=170) to work on /home/airflow/.local/lib/python3.12/site-packages/airflow/example_dags/tutorial_taskflow_api_virtualenv.py
[2024-06-13T15:06:09.408+0000] {processor.py:830} INFO - Processing file /home/airflow/.local/lib/python3.12/site-packages/airflow/example_dags/tutorial_taskflow_api_virtualenv.py for tasks to queue
[2024-06-13T15:06:09.409+0000] {logging_mixin.py:188} INFO - [2024-06-13T15:06:09.409+0000] {dagbag.py:545} INFO - Filling up the DagBag from /home/airflow/.local/lib/python3.12/site-packages/airflow/example_dags/tutorial_taskflow_api_virtualenv.py
[2024-06-13T15:06:09.414+0000] {processor.py:840} INFO - DAG(s) 'tutorial_taskflow_api_virtualenv' retrieved from /home/airflow/.local/lib/python3.12/site-packages/airflow/example_dags/tutorial_taskflow_api_virtualenv.py
[2024-06-13T15:06:09.423+0000] {logging_mixin.py:188} INFO - [2024-06-13T15:06:09.423+0000] {dag.py:3096} INFO - Sync 1 DAGs
[2024-06-13T15:06:09.428+0000] {logging_mixin.py:188} INFO - [2024-06-13T15:06:09.428+0000] {dag.py:3954} INFO - Setting next_dagrun for tutorial_taskflow_api_virtualenv to None, run_after=None
[2024-06-13T15:06:09.435+0000] {processor.py:183} INFO - Processing /home/airflow/.local/lib/python3.12/site-packages/airflow/example_dags/tutorial_taskflow_api_virtualenv.py took 0.030 seconds
[2024-06-13T15:06:39.652+0000] {processor.py:161} INFO - Started process (PID=228) to work on /home/airflow/.local/lib/python3.12/site-packages/airflow/example_dags/tutorial_taskflow_api_virtualenv.py
[2024-06-13T15:06:39.653+0000] {processor.py:830} INFO - Processing file /home/airflow/.local/lib/python3.12/site-packages/airflow/example_dags/tutorial_taskflow_api_virtualenv.py for tasks to queue
[2024-06-13T15:06:39.654+0000] {logging_mixin.py:188} INFO - [2024-06-13T15:06:39.654+0000] {dagbag.py:545} INFO - Filling up the DagBag from /home/airflow/.local/lib/python3.12/site-packages/airflow/example_dags/tutorial_taskflow_api_virtualenv.py
[2024-06-13T15:06:39.659+0000] {processor.py:840} INFO - DAG(s) 'tutorial_taskflow_api_virtualenv' retrieved from /home/airflow/.local/lib/python3.12/site-packages/airflow/example_dags/tutorial_taskflow_api_virtualenv.py
[2024-06-13T15:06:39.670+0000] {logging_mixin.py:188} INFO - [2024-06-13T15:06:39.669+0000] {dag.py:3096} INFO - Sync 1 DAGs
[2024-06-13T15:06:39.676+0000] {logging_mixin.py:188} INFO - [2024-06-13T15:06:39.676+0000] {dag.py:3954} INFO - Setting next_dagrun for tutorial_taskflow_api_virtualenv to None, run_after=None
[2024-06-13T15:06:39.683+0000] {processor.py:183} INFO - Processing /home/airflow/.local/lib/python3.12/site-packages/airflow/example_dags/tutorial_taskflow_api_virtualenv.py took 0.035 seconds
[2024-06-13T15:07:09.804+0000] {processor.py:161} INFO - Started process (PID=286) to work on /home/airflow/.local/lib/python3.12/site-packages/airflow/example_dags/tutorial_taskflow_api_virtualenv.py
[2024-06-13T15:07:09.805+0000] {processor.py:830} INFO - Processing file /home/airflow/.local/lib/python3.12/site-packages/airflow/example_dags/tutorial_taskflow_api_virtualenv.py for tasks to queue
[2024-06-13T15:07:09.806+0000] {logging_mixin.py:188} INFO - [2024-06-13T15:07:09.805+0000] {dagbag.py:545} INFO - Filling up the DagBag from /home/airflow/.local/lib/python3.12/site-packages/airflow/example_dags/tutorial_taskflow_api_virtualenv.py
[2024-06-13T15:07:09.811+0000] {processor.py:840} INFO - DAG(s) 'tutorial_taskflow_api_virtualenv' retrieved from /home/airflow/.local/lib/python3.12/site-packages/airflow/example_dags/tutorial_taskflow_api_virtualenv.py
[2024-06-13T15:07:09.820+0000] {logging_mixin.py:188} INFO - [2024-06-13T15:07:09.820+0000] {dag.py:3096} INFO - Sync 1 DAGs
[2024-06-13T15:07:09.826+0000] {logging_mixin.py:188} INFO - [2024-06-13T15:07:09.826+0000] {dag.py:3954} INFO - Setting next_dagrun for tutorial_taskflow_api_virtualenv to None, run_after=None
[2024-06-13T15:07:09.834+0000] {processor.py:183} INFO - Processing /home/airflow/.local/lib/python3.12/site-packages/airflow/example_dags/tutorial_taskflow_api_virtualenv.py took 0.032 seconds
[2024-06-13T15:07:40.089+0000] {processor.py:161} INFO - Started process (PID=344) to work on /home/airflow/.local/lib/python3.12/site-packages/airflow/example_dags/tutorial_taskflow_api_virtualenv.py
[2024-06-13T15:07:40.090+0000] {processor.py:830} INFO - Processing file /home/airflow/.local/lib/python3.12/site-packages/airflow/example_dags/tutorial_taskflow_api_virtualenv.py for tasks to queue
[2024-06-13T15:07:40.091+0000] {logging_mixin.py:188} INFO - [2024-06-13T15:07:40.091+0000] {dagbag.py:545} INFO - Filling up the DagBag from /home/airflow/.local/lib/python3.12/site-packages/airflow/example_dags/tutorial_taskflow_api_virtualenv.py
[2024-06-13T15:07:40.096+0000] {processor.py:840} INFO - DAG(s) 'tutorial_taskflow_api_virtualenv' retrieved from /home/airflow/.local/lib/python3.12/site-packages/airflow/example_dags/tutorial_taskflow_api_virtualenv.py
[2024-06-13T15:07:40.107+0000] {logging_mixin.py:188} INFO - [2024-06-13T15:07:40.107+0000] {dag.py:3096} INFO - Sync 1 DAGs
[2024-06-13T15:07:40.113+0000] {logging_mixin.py:188} INFO - [2024-06-13T15:07:40.113+0000] {dag.py:3954} INFO - Setting next_dagrun for tutorial_taskflow_api_virtualenv to None, run_after=None
[2024-06-13T15:07:40.122+0000] {processor.py:183} INFO - Processing /home/airflow/.local/lib/python3.12/site-packages/airflow/example_dags/tutorial_taskflow_api_virtualenv.py took 0.035 seconds
